<?xml version="1.0" encoding="UTF-8" ?>
<testsuite tests="1" failures="1" name="TestRunner" time="70.269" errors="0" skipped="0">
  <properties>
    <property name="java.runtime.name" value="Java(TM) SE Runtime Environment"/>
    <property name="java.vm.version" value="17.0.1+12-LTS-39"/>
    <property name="sun.boot.library.path" value="/Library/Java/JavaVirtualMachines/jdk-17.0.1.jdk/Contents/Home/lib"/>
    <property name="maven.multiModuleProjectDirectory" value="/Users/busraozdemir/Documents/popcornApiAutomation"/>
    <property name="java.vm.vendor" value="Oracle Corporation"/>
    <property name="java.vendor.url" value="https://java.oracle.com/"/>
    <property name="guice.disable.misplaced.annotation.check" value="true"/>
    <property name="path.separator" value=":"/>
    <property name="java.vm.name" value="Java HotSpot(TM) 64-Bit Server VM"/>
    <property name="user.country" value="TR"/>
    <property name="sun.java.launcher" value="SUN_STANDARD"/>
    <property name="java.vm.specification.name" value="Java Virtual Machine Specification"/>
    <property name="user.dir" value="/Users/busraozdemir/Documents/popcornApiAutomation"/>
    <property name="java.vm.compressedOopsMode" value="Zero based"/>
    <property name="java.runtime.version" value="17.0.1+12-LTS-39"/>
    <property name="os.arch" value="x86_64"/>
    <property name="java.io.tmpdir" value="/var/folders/3m/wgqsnlts0j72yp4h0chjfbnw0000gn/T/"/>
    <property name="line.separator" value="
"/>
    <property name="java.vm.specification.vendor" value="Oracle Corporation"/>
    <property name="os.name" value="Mac OS X"/>
    <property name="classworlds.conf" value="/opt/homebrew/Cellar/maven/3.8.4/libexec/bin/m2.conf"/>
    <property name="sun.jnu.encoding" value="UTF-8"/>
    <property name="java.library.path" value="/Users/busraozdemir/Library/Java/Extensions:/Library/Java/Extensions:/Network/Library/Java/Extensions:/System/Library/Java/Extensions:/usr/lib/java:."/>
    <property name="maven.conf" value="/opt/homebrew/Cellar/maven/3.8.4/libexec/conf"/>
    <property name="jdk.debug" value="release"/>
    <property name="java.class.version" value="61.0"/>
    <property name="java.specification.name" value="Java Platform API Specification"/>
    <property name="sun.management.compiler" value="HotSpot 64-Bit Tiered Compilers"/>
    <property name="os.version" value="12.0.1"/>
    <property name="library.jansi.path" value="/opt/homebrew/Cellar/maven/3.8.4/libexec/lib/jansi-native"/>
    <property name="http.nonProxyHosts" value="local|*.local|169.254/16|*.169.254/16"/>
    <property name="user.home" value="/Users/busraozdemir"/>
    <property name="user.timezone" value="Europe/Istanbul"/>
    <property name="file.encoding" value="UTF-8"/>
    <property name="java.specification.version" value="17"/>
    <property name="user.name" value="busraozdemir"/>
    <property name="java.class.path" value="/opt/homebrew/Cellar/maven/3.8.4/libexec/boot/plexus-classworlds-2.6.0.jar"/>
    <property name="java.vm.specification.version" value="17"/>
    <property name="sun.arch.data.model" value="64"/>
    <property name="sun.java.command" value="org.codehaus.plexus.classworlds.launcher.Launcher clean verify"/>
    <property name="java.home" value="/Library/Java/JavaVirtualMachines/jdk-17.0.1.jdk/Contents/Home"/>
    <property name="user.language" value="en"/>
    <property name="java.specification.vendor" value="Oracle Corporation"/>
    <property name="java.vm.info" value="mixed mode, sharing"/>
    <property name="java.version" value="17.0.1"/>
    <property name="native.encoding" value="UTF-8"/>
    <property name="java.vendor" value="Oracle Corporation"/>
    <property name="sun.stderr.encoding" value="UTF-8"/>
    <property name="maven.home" value="/opt/homebrew/Cellar/maven/3.8.4/libexec"/>
    <property name="file.separator" value="/"/>
    <property name="java.version.date" value="2021-10-19"/>
    <property name="java.vendor.url.bug" value="https://bugreport.java.com/bugreport/"/>
    <property name="sun.io.unicode.encoding" value="UnicodeBig"/>
    <property name="sun.cpu.endian" value="little"/>
    <property name="sun.stdout.encoding" value="UTF-8"/>
    <property name="socksNonProxyHosts" value="local|*.local|169.254/16|*.169.254/16"/>
    <property name="ftp.nonProxyHosts" value="local|*.local|169.254/16|*.169.254/16"/>
  </properties>
  <testcase classname="TestRunner" name="testParallel" time="70.269">
    <failure message="match failed: CONTAINS
  $ | actual does not contain expected (STRING:STRING)
  &apos;Unexpected character encountered while parsing value: {. Path &apos;fullName&apos;, line 1, position 13.&apos;
  &apos;Email.NotValid&apos;

classpath:features/userApi/customer/customer_create.feature:101
match failed: CONTAINS
  $ | actual does not contain expected (STRING:STRING)
  &apos;Unexpected character encountered while parsing value: {. Path &apos;fullName&apos;, line 1, position 13.&apos;
  &apos;Phone.AlreadyUsed&apos;

classpath:features/userApi/customer/customer_create.feature:101
match failed: CONTAINS
  $ | actual does not contain expected (STRING:STRING)
  &apos;Unexpected character encountered while parsing value: {. Path &apos;fullName&apos;, line 1, position 13.&apos;
  &apos;Phone.AlreadyUsed&apos;

classpath:features/userApi/customer/customer_create.feature:101
match failed: CONTAINS
  $ | actual does not contain expected (STRING:STRING)
  &apos;Unexpected character encountered while parsing value: {. Path &apos;fullName&apos;, line 1, position 13.&apos;
  &apos;Email.NotValid&apos;

classpath:features/userApi/customer/customer_create.feature:101
match failed: CONTAINS
  $ | actual does not contain expected (STRING:STRING)
  &apos;Unexpected character encountered while parsing value: {. Path &apos;fullName&apos;, line 1, position 13.&apos;
  &apos;Error converting value&apos;

classpath:features/userApi/customer/customer_create.feature:101
match failed: CONTAINS
  $ | actual does not contain expected (STRING:STRING)
  &apos;Unexpected character encountered while parsing value: {. Path &apos;fullName&apos;, line 1, position 13.&apos;
  &apos;Error converting value&apos;

classpath:features/userApi/customer/customer_create.feature:101" type="java.lang.AssertionError">java.lang.AssertionError: match failed: CONTAINS
  $ | actual does not contain expected (STRING:STRING)
  &apos;Unexpected character encountered while parsing value: {. Path &apos;fullName&apos;, line 1, position 13.&apos;
  &apos;Email.NotValid&apos;

classpath:features/userApi/customer/customer_create.feature:101
match failed: CONTAINS
  $ | actual does not contain expected (STRING:STRING)
  &apos;Unexpected character encountered while parsing value: {. Path &apos;fullName&apos;, line 1, position 13.&apos;
  &apos;Phone.AlreadyUsed&apos;

classpath:features/userApi/customer/customer_create.feature:101
match failed: CONTAINS
  $ | actual does not contain expected (STRING:STRING)
  &apos;Unexpected character encountered while parsing value: {. Path &apos;fullName&apos;, line 1, position 13.&apos;
  &apos;Phone.AlreadyUsed&apos;

classpath:features/userApi/customer/customer_create.feature:101
match failed: CONTAINS
  $ | actual does not contain expected (STRING:STRING)
  &apos;Unexpected character encountered while parsing value: {. Path &apos;fullName&apos;, line 1, position 13.&apos;
  &apos;Email.NotValid&apos;

classpath:features/userApi/customer/customer_create.feature:101
match failed: CONTAINS
  $ | actual does not contain expected (STRING:STRING)
  &apos;Unexpected character encountered while parsing value: {. Path &apos;fullName&apos;, line 1, position 13.&apos;
  &apos;Error converting value&apos;

classpath:features/userApi/customer/customer_create.feature:101
match failed: CONTAINS
  $ | actual does not contain expected (STRING:STRING)
  &apos;Unexpected character encountered while parsing value: {. Path &apos;fullName&apos;, line 1, position 13.&apos;
  &apos;Error converting value&apos;

classpath:features/userApi/customer/customer_create.feature:101
	at org.junit.Assert.fail(Assert.java:88)
	at org.junit.Assert.assertTrue(Assert.java:41)
	at TestRunner.testParallel(TestRunner.java:24)
	at java.base/jdk.internal.reflect.NativeMethodAccessorImpl.invoke0(Native Method)
	at java.base/jdk.internal.reflect.NativeMethodAccessorImpl.invoke(NativeMethodAccessorImpl.java:77)
	at java.base/jdk.internal.reflect.DelegatingMethodAccessorImpl.invoke(DelegatingMethodAccessorImpl.java:43)
	at java.base/java.lang.reflect.Method.invoke(Method.java:568)
	at org.junit.runners.model.FrameworkMethod$1.runReflectiveCall(FrameworkMethod.java:50)
	at org.junit.internal.runners.model.ReflectiveCallable.run(ReflectiveCallable.java:12)
	at org.junit.runners.model.FrameworkMethod.invokeExplosively(FrameworkMethod.java:47)
	at org.junit.internal.runners.statements.InvokeMethod.evaluate(InvokeMethod.java:17)
	at org.junit.runners.ParentRunner.runLeaf(ParentRunner.java:325)
	at org.junit.runners.BlockJUnit4ClassRunner.runChild(BlockJUnit4ClassRunner.java:78)
	at org.junit.runners.BlockJUnit4ClassRunner.runChild(BlockJUnit4ClassRunner.java:57)
	at org.junit.runners.ParentRunner$3.run(ParentRunner.java:290)
	at org.junit.runners.ParentRunner$1.schedule(ParentRunner.java:71)
	at org.junit.runners.ParentRunner.runChildren(ParentRunner.java:288)
	at org.junit.runners.ParentRunner.access$000(ParentRunner.java:58)
	at org.junit.runners.ParentRunner$2.evaluate(ParentRunner.java:268)
	at org.junit.runners.ParentRunner.run(ParentRunner.java:363)
	at org.apache.maven.surefire.junit4.JUnit4Provider.execute(JUnit4Provider.java:252)
	at org.apache.maven.surefire.junit4.JUnit4Provider.executeTestSet(JUnit4Provider.java:141)
	at org.apache.maven.surefire.junit4.JUnit4Provider.invoke(JUnit4Provider.java:112)
	at java.base/jdk.internal.reflect.NativeMethodAccessorImpl.invoke0(Native Method)
	at java.base/jdk.internal.reflect.NativeMethodAccessorImpl.invoke(NativeMethodAccessorImpl.java:77)
	at java.base/jdk.internal.reflect.DelegatingMethodAccessorImpl.invoke(DelegatingMethodAccessorImpl.java:43)
	at java.base/java.lang.reflect.Method.invoke(Method.java:568)
	at org.apache.maven.surefire.util.ReflectionUtils.invokeMethodWithArray(ReflectionUtils.java:189)
	at org.apache.maven.surefire.booter.ProviderFactory$ProviderProxy.invoke(ProviderFactory.java:165)
	at org.apache.maven.surefire.booter.ProviderFactory.invokeProvider(ProviderFactory.java:85)
	at org.apache.maven.surefire.booter.ForkedBooter.runSuitesInProcess(ForkedBooter.java:115)
	at org.apache.maven.surefire.booter.ForkedBooter.main(ForkedBooter.java:75)
</failure>
    <system-out>15:25:20.095 [main] INFO  com.intuit.karate.Runner - karate.env is: &apos;popcorn&apos;
15:25:22.900 [pool-1-thread-1] INFO  com.intuit.karate - Environment variable is : popcorn 
15:25:22.900 [pool-1-thread-3] INFO  com.intuit.karate - Environment variable is : popcorn 
15:25:22.900 [pool-1-thread-5] INFO  com.intuit.karate - Environment variable is : popcorn 
15:25:22.900 [pool-1-thread-4] INFO  com.intuit.karate - Environment variable is : popcorn 
15:25:22.900 [pool-1-thread-2] INFO  com.intuit.karate - Environment variable is : popcorn 
15:25:22.920 [pool-1-thread-2] INFO  com.intuit.karate - &gt;&gt; lock acquired, begin callSingle: classpath:features/userApi/customer/customer_login_authentication.feature
15:25:26.458 [pool-1-thread-2] INFO  com.intuit.karate - &lt;&lt; lock released, cached callSingle: classpath:features/userApi/customer/customer_login_authentication.feature
15:25:26.459 [pool-1-thread-4] WARN  com.intuit.karate - this thread waited 3537 milliseconds for callSingle lock: classpath:features/userApi/customer/customer_login_authentication.feature
15:25:26.460 [pool-1-thread-3] WARN  com.intuit.karate - this thread waited 3538 milliseconds for callSingle lock: classpath:features/userApi/customer/customer_login_authentication.feature
15:25:26.460 [pool-1-thread-5] WARN  com.intuit.karate - this thread waited 3539 milliseconds for callSingle lock: classpath:features/userApi/customer/customer_login_authentication.feature
15:25:26.460 [pool-1-thread-1] WARN  com.intuit.karate - this thread waited 3540 milliseconds for callSingle lock: classpath:features/userApi/customer/customer_login_authentication.feature
15:25:28.136 [pool-1-thread-2] INFO  com.intuit.karate - [print] {
  &quot;visible&quot;: true,
  &quot;action&quot;: &quot;default&quot;,
  &quot;messages&quot;: [
    &quot;Error converting value \&quot;123\&quot; to type &apos;System.Guid&apos;. Path &apos;id&apos;, line 1, position 11.&quot;
  ],
  &quot;validations&quot;: {
    &quot;id&quot;: [
      &quot;Error converting value \&quot;123\&quot; to type &apos;System.Guid&apos;. Path &apos;id&apos;, line 1, position 11.&quot;
    ]
  },
  &quot;type&quot;: &quot;validation&quot;,
  &quot;title&quot;: null,
  &quot;message&quot;: &quot;Error converting value \&quot;123\&quot; to type &apos;System.Guid&apos;. Path &apos;id&apos;, line 1, position 11.&quot;,
  &quot;typeCode&quot;: 400
}
 
15:25:28.179 [pool-1-thread-2] INFO  com.intuit.karate - Environment variable is : popcorn 
15:25:28.975 [pool-1-thread-3] INFO  com.intuit.karate - [print] {
  &quot;visible&quot;: true,
  &quot;action&quot;: &quot;default&quot;,
  &quot;messages&quot;: [
    &quot;Outside of service area!&quot;
  ],
  &quot;validations&quot;: {
    &quot;longitude&quot;: [
      &quot;Outside of service area!&quot;
    ]
  },
  &quot;type&quot;: &quot;validation&quot;,
  &quot;title&quot;: null,
  &quot;message&quot;: &quot;Outside of service area!&quot;,
  &quot;typeCode&quot;: 400
}
 
15:25:29.001 [pool-1-thread-3] INFO  com.intuit.karate - Environment variable is : popcorn 
15:25:29.072 [pool-1-thread-4] INFO  com.intuit.karate - [print] {
  &quot;visible&quot;: true,
  &quot;action&quot;: &quot;default&quot;,
  &quot;messages&quot;: [
    &quot;Outside of service area!&quot;
  ],
  &quot;validations&quot;: {
    &quot;longitude&quot;: [
      &quot;Outside of service area!&quot;
    ]
  },
  &quot;type&quot;: &quot;validation&quot;,
  &quot;title&quot;: null,
  &quot;message&quot;: &quot;Outside of service area!&quot;,
  &quot;typeCode&quot;: 400
}
 
15:25:29.086 [pool-1-thread-4] INFO  com.intuit.karate - Environment variable is : popcorn 
15:25:29.127 [pool-1-thread-1] INFO  com.intuit.karate - [print] {
  &quot;titleType&quot;: 10,
  &quot;streetAddress&quot;: &quot;280 Mornigside Dr, San Francisco&quot;,
  &quot;latitude&quot;: 37.7296159,
  &quot;additionalInfo&quot;: &quot;string&quot;,
  &quot;isSelectedShippingAddress&quot;: false,
  &quot;id&quot;: &quot;bc7ec2e5-a2e7-453b-8c16-33e7f87645f6&quot;,
  &quot;title&quot;: &quot;string&quot;,
  &quot;type&quot;: 1,
  &quot;longitude&quot;: -122.4936448
}
 
15:25:29.172 [pool-1-thread-1] INFO  com.intuit.karate - Environment variable is : popcorn 
15:25:29.213 [pool-1-thread-5] INFO  com.intuit.karate - [print] {
  &quot;visible&quot;: true,
  &quot;action&quot;: &quot;default&quot;,
  &quot;messages&quot;: [
    &quot;be.user.length&quot;
  ],
  &quot;validations&quot;: {
    &quot;streetAddress&quot;: [
      &quot;be.user.length&quot;
    ]
  },
  &quot;type&quot;: &quot;validation&quot;,
  &quot;title&quot;: null,
  &quot;message&quot;: &quot;be.user.length&quot;,
  &quot;typeCode&quot;: 400
}
 
15:25:29.220 [pool-1-thread-5] INFO  com.intuit.karate - Environment variable is : popcorn 
15:25:29.512 [pool-1-thread-2] INFO  com.intuit.karate - [print] {
  &quot;visible&quot;: true,
  &quot;action&quot;: &quot;default&quot;,
  &quot;messages&quot;: [
    &quot;Could not convert string to double: a. Path &apos;latitude&apos;, line 1, position 202.&quot;
  ],
  &quot;validations&quot;: {
    &quot;latitude&quot;: [
      &quot;Could not convert string to double: a. Path &apos;latitude&apos;, line 1, position 202.&quot;
    ]
  },
  &quot;type&quot;: &quot;validation&quot;,
  &quot;title&quot;: null,
  &quot;message&quot;: &quot;Could not convert string to double: a. Path &apos;latitude&apos;, line 1, position 202.&quot;,
  &quot;typeCode&quot;: 400
}
 
15:25:29.527 [pool-1-thread-2] INFO  com.intuit.karate - Environment variable is : popcorn 
15:25:29.562 [pool-1-thread-2] INFO  c.intuit.karate.core.FeatureRuntime - scenario called at line: 11 by tag: @getAddressId
15:25:29.983 [pool-1-thread-4] INFO  com.intuit.karate - [print] {
  &quot;visible&quot;: true,
  &quot;action&quot;: &quot;default&quot;,
  &quot;messages&quot;: [
    &quot;Error converting value \&quot;\&quot; to type &apos;System.Guid&apos;. Path &apos;id&apos;, line 1, position 8.&quot;
  ],
  &quot;validations&quot;: {
    &quot;id&quot;: [
      &quot;Error converting value \&quot;\&quot; to type &apos;System.Guid&apos;. Path &apos;id&apos;, line 1, position 8.&quot;
    ]
  },
  &quot;type&quot;: &quot;validation&quot;,
  &quot;title&quot;: null,
  &quot;message&quot;: &quot;Error converting value \&quot;\&quot; to type &apos;System.Guid&apos;. Path &apos;id&apos;, line 1, position 8.&quot;,
  &quot;typeCode&quot;: 400
}
 
15:25:29.998 [pool-1-thread-4] INFO  com.intuit.karate - Environment variable is : popcorn 
15:25:30.011 [pool-1-thread-4] INFO  c.intuit.karate.core.FeatureRuntime - scenario called at line: 11 by tag: @getAddressId
15:25:30.573 [pool-1-thread-1] INFO  com.intuit.karate - [print] {
  &quot;visible&quot;: true,
  &quot;action&quot;: &quot;default&quot;,
  &quot;messages&quot;: [
    &quot;Error converting value {null} to type &apos;System.Double&apos;. Path &apos;longitude&apos;, line 1, position 177.&quot;
  ],
  &quot;validations&quot;: {
    &quot;longitude&quot;: [
      &quot;Error converting value {null} to type &apos;System.Double&apos;. Path &apos;longitude&apos;, line 1, position 177.&quot;
    ]
  },
  &quot;type&quot;: &quot;validation&quot;,
  &quot;title&quot;: null,
  &quot;message&quot;: &quot;Error converting value {null} to type &apos;System.Double&apos;. Path &apos;longitude&apos;, line 1, position 177.&quot;,
  &quot;typeCode&quot;: 400
}
 
15:25:30.573 [pool-1-thread-3] INFO  com.intuit.karate - [print] {
  &quot;visible&quot;: true,
  &quot;action&quot;: &quot;default&quot;,
  &quot;messages&quot;: [
    &quot;Could not convert string to double: a. Path &apos;longitude&apos;, line 1, position 178.&quot;
  ],
  &quot;validations&quot;: {
    &quot;longitude&quot;: [
      &quot;Could not convert string to double: a. Path &apos;longitude&apos;, line 1, position 178.&quot;
    ]
  },
  &quot;type&quot;: &quot;validation&quot;,
  &quot;title&quot;: null,
  &quot;message&quot;: &quot;Could not convert string to double: a. Path &apos;longitude&apos;, line 1, position 178.&quot;,
  &quot;typeCode&quot;: 400
}
 
15:25:30.605 [pool-1-thread-1] INFO  com.intuit.karate - Environment variable is : popcorn 
15:25:30.605 [pool-1-thread-3] INFO  com.intuit.karate - Environment variable is : popcorn 
15:25:30.621 [pool-1-thread-3] INFO  c.intuit.karate.core.FeatureRuntime - scenario called at line: 11 by tag: @getAddressInfo
15:25:30.623 [pool-1-thread-1] INFO  c.intuit.karate.core.FeatureRuntime - scenario called at line: 11 by tag: @getAddressId
15:25:30.647 [pool-1-thread-3] INFO  c.intuit.karate.core.FeatureRuntime - scenario called at line: 11 by tag: @getAddressId
15:25:31.119 [pool-1-thread-2] INFO  com.intuit.karate - [print] {
  &quot;titleType&quot;: 10,
  &quot;streetAddress&quot;: &quot;280 Mornigside Dr, San Francisco&quot;,
  &quot;latitude&quot;: 37.7296159,
  &quot;additionalInfo&quot;: &quot;string&quot;,
  &quot;isSelectedShippingAddress&quot;: false,
  &quot;id&quot;: &quot;bc7ec2e5-a2e7-453b-8c16-33e7f87645f6&quot;,
  &quot;title&quot;: &quot;string&quot;,
  &quot;type&quot;: 1,
  &quot;longitude&quot;: -122.4936448
}
 
15:25:31.286 [pool-1-thread-5] INFO  com.intuit.karate - [print] {
  &quot;visible&quot;: true,
  &quot;action&quot;: &quot;default&quot;,
  &quot;messages&quot;: [
    &quot;Please fill the required fields.&quot;,
    &quot;be.user.length&quot;
  ],
  &quot;validations&quot;: {
    &quot;streetAddress&quot;: [
      &quot;Please fill the required fields.&quot;,
      &quot;be.user.length&quot;
    ]
  },
  &quot;type&quot;: &quot;validation&quot;,
  &quot;title&quot;: null,
  &quot;message&quot;: &quot;Please fill the required fields.&quot;,
  &quot;typeCode&quot;: 400
}
 
15:25:31.301 [pool-1-thread-5] INFO  com.intuit.karate - Environment variable is : popcorn 
15:25:31.318 [pool-1-thread-5] INFO  c.intuit.karate.core.FeatureRuntime - scenario called at line: 11 by tag: @getAddressInfo
15:25:31.333 [pool-1-thread-5] INFO  c.intuit.karate.core.FeatureRuntime - scenario called at line: 11 by tag: @getAddressId
15:25:32.048 [pool-1-thread-4] INFO  com.intuit.karate - [print] {
  &quot;titleType&quot;: 10,
  &quot;streetAddress&quot;: &quot;280 Mornigside Dr, San Francisco&quot;,
  &quot;latitude&quot;: 37.7296159,
  &quot;additionalInfo&quot;: &quot;string&quot;,
  &quot;isSelectedShippingAddress&quot;: false,
  &quot;id&quot;: &quot;bc7ec2e5-a2e7-453b-8c16-33e7f87645f6&quot;,
  &quot;title&quot;: &quot;string&quot;,
  &quot;type&quot;: 1,
  &quot;longitude&quot;: -122.4936448
}
 
---------------------------------------------------------
feature: classpath:features/userApi/address/customer_address_create.feature
scenarios: 10 | passed: 10 | failed:  0 | time: 18.7877
---------------------------------------------------------

15:25:32.838 [pool-2-thread-1] INFO  com.intuit.karate.Suite - &lt;&lt;pass&gt;&gt; feature 1 of 33 (32 remaining) classpath:features/userApi/address/customer_address_create.feature
15:25:34.508 [pool-1-thread-3] INFO  com.intuit.karate - [print] {
  &quot;titleType&quot;: 10,
  &quot;streetAddress&quot;: &quot;280 Mornigside Dr, San Francisco&quot;,
  &quot;latitude&quot;: 37.7296159,
  &quot;additionalInfo&quot;: &quot;string&quot;,
  &quot;isSelectedShippingAddress&quot;: false,
  &quot;id&quot;: &quot;bc7ec2e5-a2e7-453b-8c16-33e7f87645f6&quot;,
  &quot;title&quot;: &quot;string&quot;,
  &quot;type&quot;: 1,
  &quot;longitude&quot;: -122.4936448
}
 
15:25:34.508 [pool-1-thread-1] INFO  com.intuit.karate - [print] {
  &quot;titleType&quot;: 10,
  &quot;streetAddress&quot;: &quot;280 Mornigside Dr, San Francisco&quot;,
  &quot;latitude&quot;: 37.7296159,
  &quot;additionalInfo&quot;: &quot;string&quot;,
  &quot;isSelectedShippingAddress&quot;: false,
  &quot;id&quot;: &quot;bc7ec2e5-a2e7-453b-8c16-33e7f87645f6&quot;,
  &quot;title&quot;: &quot;string&quot;,
  &quot;type&quot;: 1,
  &quot;longitude&quot;: -122.4936448
}
 
15:25:35.124 [pool-1-thread-2] INFO  com.intuit.karate - [print] Customer Address List Response --&gt;  {
  &quot;page&quot;: {
    &quot;pageNumber&quot;: 0,
    &quot;pageSize&quot;: 0,
    &quot;hasNext&quot;: false,
    &quot;totalCount&quot;: 2
  },
  &quot;items&quot;: [
    {
      &quot;titleType&quot;: 10,
      &quot;streetAddress&quot;: &quot;688 Geary St, San Francisco&quot;,
      &quot;latitude&quot;: 37.78660022692915,
      &quot;additionalInfo&quot;: null,
      &quot;isSelectedShippingAddress&quot;: false,
      &quot;id&quot;: &quot;7c78f10a-71a6-4258-8a36-e09807053172&quot;,
      &quot;title&quot;: &quot;Home&quot;,
      &quot;type&quot;: 1,
      &quot;longitude&quot;: -122.41467263549566
    },
    {
      &quot;titleType&quot;: 10,
      &quot;streetAddress&quot;: &quot;335 Leavenworth St, San Francisco, CA 94102, United States&quot;,
      &quot;latitude&quot;: 37.7839295,
      &quot;additionalInfo&quot;: &quot;string&quot;,
      &quot;isSelectedShippingAddress&quot;: false,
      &quot;id&quot;: &quot;bc7ec2e5-a2e7-453b-8c16-33e7f87645f6&quot;,
      &quot;title&quot;: &quot;string&quot;,
      &quot;type&quot;: 1,
      &quot;longitude&quot;: -122.4174298
    }
  ]
}
 
15:25:35.178 [pool-1-thread-2] INFO  com.intuit.karate - Environment variable is : popcorn 
15:25:35.203 [pool-1-thread-2] INFO  c.intuit.karate.core.FeatureRuntime - scenario called at line: 11 by tag: @getAddressId
15:25:35.430 [pool-1-thread-3] INFO  com.intuit.karate - [print] Customer Address List Response --&gt;  {
  &quot;page&quot;: {
    &quot;pageNumber&quot;: 0,
    &quot;pageSize&quot;: 0,
    &quot;hasNext&quot;: false,
    &quot;totalCount&quot;: 2
  },
  &quot;items&quot;: [
    {
      &quot;titleType&quot;: 10,
      &quot;streetAddress&quot;: &quot;688 Geary St, San Francisco&quot;,
      &quot;latitude&quot;: 37.78660022692915,
      &quot;additionalInfo&quot;: null,
      &quot;isSelectedShippingAddress&quot;: false,
      &quot;id&quot;: &quot;7c78f10a-71a6-4258-8a36-e09807053172&quot;,
      &quot;title&quot;: &quot;Home&quot;,
      &quot;type&quot;: 1,
      &quot;longitude&quot;: -122.41467263549566
    },
    {
      &quot;titleType&quot;: 10,
      &quot;streetAddress&quot;: &quot;335 Leavenworth St, San Francisco, CA 94102, United States&quot;,
      &quot;latitude&quot;: 37.7839295,
      &quot;additionalInfo&quot;: &quot;string&quot;,
      &quot;isSelectedShippingAddress&quot;: false,
      &quot;id&quot;: &quot;bc7ec2e5-a2e7-453b-8c16-33e7f87645f6&quot;,
      &quot;title&quot;: &quot;string&quot;,
      &quot;type&quot;: 1,
      &quot;longitude&quot;: -122.4174298
    }
  ]
}
 
15:25:35.434 [pool-1-thread-1] INFO  com.intuit.karate - [print] response --&gt;  {
  &quot;page&quot;: {
    &quot;pageNumber&quot;: 0,
    &quot;pageSize&quot;: 0,
    &quot;hasNext&quot;: false,
    &quot;totalCount&quot;: 2
  },
  &quot;items&quot;: [
    {
      &quot;titleType&quot;: 10,
      &quot;streetAddress&quot;: &quot;688 Geary St, San Francisco&quot;,
      &quot;latitude&quot;: 37.78660022692915,
      &quot;additionalInfo&quot;: null,
      &quot;isSelectedShippingAddress&quot;: false,
      &quot;id&quot;: &quot;7c78f10a-71a6-4258-8a36-e09807053172&quot;,
      &quot;title&quot;: &quot;Home&quot;,
      &quot;type&quot;: 1,
      &quot;longitude&quot;: -122.41467263549566
    },
    {
      &quot;titleType&quot;: 10,
      &quot;streetAddress&quot;: &quot;335 Leavenworth St, San Francisco, CA 94102, United States&quot;,
      &quot;latitude&quot;: 37.7839295,
      &quot;additionalInfo&quot;: &quot;string&quot;,
      &quot;isSelectedShippingAddress&quot;: false,
      &quot;id&quot;: &quot;bc7ec2e5-a2e7-453b-8c16-33e7f87645f6&quot;,
      &quot;title&quot;: &quot;string&quot;,
      &quot;type&quot;: 1,
      &quot;longitude&quot;: -122.4174298
    }
  ]
}
 
15:25:35.459 [pool-1-thread-1] INFO  com.intuit.karate - Environment variable is : popcorn 
15:25:35.495 [pool-1-thread-4] INFO  com.intuit.karate - Environment variable is : popcorn 
15:25:35.503 [pool-1-thread-4] INFO  c.intuit.karate.core.FeatureRuntime - scenario called at line: 11 by tag: @getAddressId
15:25:35.577 [pool-1-thread-5] INFO  com.intuit.karate - [print] {
  &quot;titleType&quot;: 10,
  &quot;streetAddress&quot;: &quot;280 Mornigside Dr, San Francisco&quot;,
  &quot;latitude&quot;: 37.7296159,
  &quot;additionalInfo&quot;: &quot;string&quot;,
  &quot;isSelectedShippingAddress&quot;: false,
  &quot;id&quot;: &quot;bc7ec2e5-a2e7-453b-8c16-33e7f87645f6&quot;,
  &quot;title&quot;: &quot;string&quot;,
  &quot;type&quot;: 1,
  &quot;longitude&quot;: -122.4936448
}
 
---------------------------------------------------------
feature: classpath:features/userApi/address/customer_address_list.feature
scenarios:  3 | passed:  3 | failed:  0 | time: 15.9081
---------------------------------------------------------

15:25:36.018 [pool-2-thread-1] INFO  com.intuit.karate.Suite - &lt;&lt;pass&gt;&gt; feature 2 of 33 (31 remaining) classpath:features/userApi/address/customer_address_list.feature
15:25:36.061 [pool-1-thread-2] INFO  com.intuit.karate - [print] {
  &quot;titleType&quot;: 10,
  &quot;streetAddress&quot;: &quot;280 Mornigside Dr, San Francisco&quot;,
  &quot;latitude&quot;: 37.7296159,
  &quot;additionalInfo&quot;: &quot;string&quot;,
  &quot;isSelectedShippingAddress&quot;: false,
  &quot;id&quot;: &quot;bc7ec2e5-a2e7-453b-8c16-33e7f87645f6&quot;,
  &quot;title&quot;: &quot;string&quot;,
  &quot;type&quot;: 1,
  &quot;longitude&quot;: -122.4936448
}
 
15:25:36.084 [pool-1-thread-3] INFO  com.intuit.karate - Environment variable is : popcorn 
15:25:36.091 [pool-1-thread-3] INFO  c.intuit.karate.core.FeatureRuntime - scenario called at line: 11 by tag: @markSelectedAddress
15:25:36.098 [pool-1-thread-3] INFO  c.intuit.karate.core.FeatureRuntime - scenario called at line: 11 by tag: @getAddressInfo
15:25:36.104 [pool-1-thread-3] INFO  c.intuit.karate.core.FeatureRuntime - scenario called at line: 11 by tag: @getAddressId
15:25:36.692 [pool-1-thread-2] INFO  com.intuit.karate - [print] Customer Get Address For Order Response --&gt; {
  &quot;lastName&quot;: null,
  &quot;identifier&quot;: null,
  &quot;titleType&quot;: 10,
  &quot;country&quot;: {
    &quot;name&quot;: &quot;USA&quot;,
    &quot;id&quot;: &quot;81a2f978-226e-46e5-87b1-950e67b7f550&quot;
  },
  &quot;stateId&quot;: &quot;2e129561-3cf3-4b14-a601-54a8bf06950e&quot;,
  &quot;postalCode&quot;: null,
  &quot;latitude&quot;: 37.7839295,
  &quot;county&quot;: {
    &quot;name&quot;: &quot;San Francisco&quot;,
    &quot;id&quot;: &quot;526b7254-9192-4fbb-a225-9ba4297a0599&quot;
  },
  &quot;taxNumber&quot;: null,
  &quot;title&quot;: &quot;string&quot;,
  &quot;type&quot;: 1,
  &quot;countryId&quot;: &quot;81a2f978-226e-46e5-87b1-950e67b7f550&quot;,
  &quot;corporateName&quot;: null,
  &quot;firstName&quot;: null,
  &quot;streetAddress&quot;: &quot;335 Leavenworth St, San Francisco, CA 94102, United States&quot;,
  &quot;phone&quot;: null,
  &quot;countyId&quot;: &quot;526b7254-9192-4fbb-a225-9ba4297a0599&quot;,
  &quot;additionalInfo&quot;: &quot;string&quot;,
  &quot;taxOffice&quot;: null,
  &quot;state&quot;: {
    &quot;name&quot;: &quot;California&quot;,
    &quot;id&quot;: &quot;2e129561-3cf3-4b14-a601-54a8bf06950e&quot;
  },
  &quot;email&quot;: null,
  &quot;longitude&quot;: -122.4174298
}
 
15:25:36.713 [pool-1-thread-2] INFO  com.intuit.karate - Environment variable is : popcorn 
15:25:36.727 [pool-1-thread-2] INFO  c.intuit.karate.core.FeatureRuntime - scenario called at line: 11 by tag: @markSelectedAddress
15:25:36.740 [pool-1-thread-2] INFO  c.intuit.karate.core.FeatureRuntime - scenario called at line: 11 by tag: @getAddressInfo
15:25:36.746 [pool-1-thread-2] INFO  c.intuit.karate.core.FeatureRuntime - scenario called at line: 11 by tag: @getAddressId
15:25:36.869 [pool-1-thread-3] INFO  com.intuit.karate - [print] {
  &quot;titleType&quot;: 10,
  &quot;streetAddress&quot;: &quot;280 Mornigside Dr, San Francisco&quot;,
  &quot;latitude&quot;: 37.7296159,
  &quot;additionalInfo&quot;: &quot;string&quot;,
  &quot;isSelectedShippingAddress&quot;: false,
  &quot;id&quot;: &quot;bc7ec2e5-a2e7-453b-8c16-33e7f87645f6&quot;,
  &quot;title&quot;: &quot;string&quot;,
  &quot;type&quot;: 1,
  &quot;longitude&quot;: -122.4936448
}
 
15:25:36.963 [pool-1-thread-1] INFO  com.intuit.karate - [print] cacheStatus --&gt; DYNAMIC 
15:25:36.970 [pool-1-thread-1] INFO  com.intuit.karate - Environment variable is : popcorn 
15:25:37.054 [pool-1-thread-5] INFO  com.intuit.karate - [print] Customer Address List Response --&gt;  {
  &quot;page&quot;: {
    &quot;pageNumber&quot;: 0,
    &quot;pageSize&quot;: 0,
    &quot;hasNext&quot;: false,
    &quot;totalCount&quot;: 2
  },
  &quot;items&quot;: [
    {
      &quot;titleType&quot;: 10,
      &quot;streetAddress&quot;: &quot;688 Geary St, San Francisco&quot;,
      &quot;latitude&quot;: 37.78660022692915,
      &quot;additionalInfo&quot;: null,
      &quot;isSelectedShippingAddress&quot;: false,
      &quot;id&quot;: &quot;7c78f10a-71a6-4258-8a36-e09807053172&quot;,
      &quot;title&quot;: &quot;Home&quot;,
      &quot;type&quot;: 1,
      &quot;longitude&quot;: -122.41467263549566
    },
    {
      &quot;titleType&quot;: 10,
      &quot;streetAddress&quot;: &quot;335 Leavenworth St, San Francisco, CA 94102, United States&quot;,
      &quot;latitude&quot;: 37.7839295,
      &quot;additionalInfo&quot;: &quot;string&quot;,
      &quot;isSelectedShippingAddress&quot;: false,
      &quot;id&quot;: &quot;bc7ec2e5-a2e7-453b-8c16-33e7f87645f6&quot;,
      &quot;title&quot;: &quot;string&quot;,
      &quot;type&quot;: 1,
      &quot;longitude&quot;: -122.4174298
    }
  ]
}
 
15:25:37.282 [pool-1-thread-4] INFO  com.intuit.karate - [print] {
  &quot;titleType&quot;: 10,
  &quot;streetAddress&quot;: &quot;280 Mornigside Dr, San Francisco&quot;,
  &quot;latitude&quot;: 37.7296159,
  &quot;additionalInfo&quot;: &quot;string&quot;,
  &quot;isSelectedShippingAddress&quot;: false,
  &quot;id&quot;: &quot;bc7ec2e5-a2e7-453b-8c16-33e7f87645f6&quot;,
  &quot;title&quot;: &quot;string&quot;,
  &quot;type&quot;: 1,
  &quot;longitude&quot;: -122.4936448
}
 
15:25:37.563 [pool-1-thread-3] INFO  com.intuit.karate - [print] Customer Address List Response --&gt;  {
  &quot;page&quot;: {
    &quot;pageNumber&quot;: 0,
    &quot;pageSize&quot;: 0,
    &quot;hasNext&quot;: false,
    &quot;totalCount&quot;: 2
  },
  &quot;items&quot;: [
    {
      &quot;titleType&quot;: 10,
      &quot;streetAddress&quot;: &quot;688 Geary St, San Francisco&quot;,
      &quot;latitude&quot;: 37.78660022692915,
      &quot;additionalInfo&quot;: null,
      &quot;isSelectedShippingAddress&quot;: false,
      &quot;id&quot;: &quot;7c78f10a-71a6-4258-8a36-e09807053172&quot;,
      &quot;title&quot;: &quot;Home&quot;,
      &quot;type&quot;: 1,
      &quot;longitude&quot;: -122.41467263549566
    },
    {
      &quot;titleType&quot;: 10,
      &quot;streetAddress&quot;: &quot;335 Leavenworth St, San Francisco, CA 94102, United States&quot;,
      &quot;latitude&quot;: 37.7839295,
      &quot;additionalInfo&quot;: &quot;string&quot;,
      &quot;isSelectedShippingAddress&quot;: false,
      &quot;id&quot;: &quot;bc7ec2e5-a2e7-453b-8c16-33e7f87645f6&quot;,
      &quot;title&quot;: &quot;string&quot;,
      &quot;type&quot;: 1,
      &quot;longitude&quot;: -122.4174298
    }
  ]
}
 
15:25:37.651 [pool-1-thread-1] INFO  com.intuit.karate - [print] response --&gt;  [
  {
    &quot;isDefault&quot;: true,
    &quot;color&quot;: null,
    &quot;name&quot;: &quot;be.user.enums.addresstype.unknown&quot;,
    &quot;displayOrder&quot;: 0,
    &quot;id&quot;: 0,
    &quot;enumName&quot;: &quot;Unknown&quot;,
    &quot;shortName&quot;: null
  },
  {
    &quot;isDefault&quot;: false,
    &quot;color&quot;: null,
    &quot;name&quot;: &quot;be.user.enums.addresstype.delivery&quot;,
    &quot;displayOrder&quot;: 0,
    &quot;id&quot;: 1,
    &quot;enumName&quot;: &quot;Delivery&quot;,
    &quot;shortName&quot;: null
  },
  {
    &quot;isDefault&quot;: false,
    &quot;color&quot;: null,
    &quot;name&quot;: &quot;be.user.enums.addresstype.residence&quot;,
    &quot;displayOrder&quot;: 0,
    &quot;id&quot;: 2,
    &quot;enumName&quot;: &quot;Residence&quot;,
    &quot;shortName&quot;: null
  }
]
 
15:25:37.674 [pool-1-thread-1] INFO  com.intuit.karate - Environment variable is : popcorn 
15:25:37.746 [pool-1-thread-2] INFO  com.intuit.karate - [print] {
  &quot;titleType&quot;: 10,
  &quot;streetAddress&quot;: &quot;280 Mornigside Dr, San Francisco&quot;,
  &quot;latitude&quot;: 37.7296159,
  &quot;additionalInfo&quot;: &quot;string&quot;,
  &quot;isSelectedShippingAddress&quot;: false,
  &quot;id&quot;: &quot;bc7ec2e5-a2e7-453b-8c16-33e7f87645f6&quot;,
  &quot;title&quot;: &quot;string&quot;,
  &quot;type&quot;: 1,
  &quot;longitude&quot;: -122.4936448
}
 
15:25:37.759 [pool-1-thread-5] INFO  com.intuit.karate - [print] response --&gt;  {
  &quot;visible&quot;: true,
  &quot;action&quot;: &quot;default&quot;,
  &quot;messages&quot;: [
    &quot;User Authorization Error&quot;
  ],
  &quot;type&quot;: &quot;authorization&quot;,
  &quot;title&quot;: null,
  &quot;message&quot;: &quot;User Authorization Error&quot;,
  &quot;typeCode&quot;: 401
}
 
15:25:37.775 [pool-1-thread-5] INFO  com.intuit.karate - Environment variable is : popcorn 
15:25:37.974 [pool-1-thread-4] INFO  com.intuit.karate - Environment variable is : popcorn 
---------------------------------------------------------
feature: classpath:features/userApi/address/customer_address_mark_selected.feature
scenarios:  2 | passed:  2 | failed:  0 | time: 11.9172
---------------------------------------------------------

15:25:38.049 [pool-2-thread-1] INFO  com.intuit.karate.Suite - &lt;&lt;pass&gt;&gt; feature 3 of 33 (30 remaining) classpath:features/userApi/address/customer_address_mark_selected.feature
---------------------------------------------------------
feature: classpath:features/userApi/address/customer_get_address_for_order.feature
scenarios:  3 | passed:  3 | failed:  0 | time: 5.4821
---------------------------------------------------------

15:25:38.397 [pool-2-thread-1] INFO  com.intuit.karate.Suite - &lt;&lt;pass&gt;&gt; feature 4 of 33 (29 remaining) classpath:features/userApi/address/customer_get_address_for_order.feature
15:25:38.574 [pool-1-thread-2] INFO  com.intuit.karate - [print] Customer Address List Response --&gt;  {
  &quot;page&quot;: {
    &quot;pageNumber&quot;: 0,
    &quot;pageSize&quot;: 0,
    &quot;hasNext&quot;: false,
    &quot;totalCount&quot;: 2
  },
  &quot;items&quot;: [
    {
      &quot;titleType&quot;: 10,
      &quot;streetAddress&quot;: &quot;688 Geary St, San Francisco&quot;,
      &quot;latitude&quot;: 37.78660022692915,
      &quot;additionalInfo&quot;: null,
      &quot;isSelectedShippingAddress&quot;: true,
      &quot;id&quot;: &quot;7c78f10a-71a6-4258-8a36-e09807053172&quot;,
      &quot;title&quot;: &quot;Home&quot;,
      &quot;type&quot;: 1,
      &quot;longitude&quot;: -122.41467263549566
    },
    {
      &quot;titleType&quot;: 10,
      &quot;streetAddress&quot;: &quot;335 Leavenworth St, San Francisco, CA 94102, United States&quot;,
      &quot;latitude&quot;: 37.7839295,
      &quot;additionalInfo&quot;: &quot;string&quot;,
      &quot;isSelectedShippingAddress&quot;: false,
      &quot;id&quot;: &quot;bc7ec2e5-a2e7-453b-8c16-33e7f87645f6&quot;,
      &quot;title&quot;: &quot;string&quot;,
      &quot;type&quot;: 1,
      &quot;longitude&quot;: -122.4174298
    }
  ]
}
 
15:25:38.660 [pool-1-thread-5] INFO  com.intuit.karate - [print] response --&gt;  [
  {
    &quot;isDefault&quot;: true,
    &quot;color&quot;: null,
    &quot;name&quot;: &quot;be.user.enums.riderstatus.active&quot;,
    &quot;displayOrder&quot;: 0,
    &quot;id&quot;: 1,
    &quot;enumName&quot;: &quot;Active&quot;,
    &quot;shortName&quot;: null
  },
  {
    &quot;isDefault&quot;: false,
    &quot;color&quot;: null,
    &quot;name&quot;: &quot;be.user.enums.riderstatus.inactive&quot;,
    &quot;displayOrder&quot;: 0,
    &quot;id&quot;: 2,
    &quot;enumName&quot;: &quot;Inactive&quot;,
    &quot;shortName&quot;: null
  }
]
 
15:25:38.686 [pool-1-thread-5] INFO  com.intuit.karate - Environment variable is : popcorn 
15:25:38.855 [pool-1-thread-1] INFO  com.intuit.karate - [print] response --&gt;  [
  {
    &quot;isDefault&quot;: true,
    &quot;color&quot;: null,
    &quot;name&quot;: null,
    &quot;displayOrder&quot;: 0,
    &quot;id&quot;: 0,
    &quot;enumName&quot;: &quot;Unknown&quot;,
    &quot;shortName&quot;: null
  },
  {
    &quot;isDefault&quot;: false,
    &quot;color&quot;: null,
    &quot;name&quot;: null,
    &quot;displayOrder&quot;: 0,
    &quot;id&quot;: 10,
    &quot;enumName&quot;: &quot;Image&quot;,
    &quot;shortName&quot;: null
  },
  {
    &quot;isDefault&quot;: false,
    &quot;color&quot;: null,
    &quot;name&quot;: null,
    &quot;displayOrder&quot;: 0,
    &quot;id&quot;: 20,
    &quot;enumName&quot;: &quot;Video&quot;,
    &quot;shortName&quot;: null
  },
  {
    &quot;isDefault&quot;: false,
    &quot;color&quot;: null,
    &quot;name&quot;: null,
    &quot;displayOrder&quot;: 0,
    &quot;id&quot;: 30,
    &quot;enumName&quot;: &quot;Audio&quot;,
    &quot;shortName&quot;: null
  }
]
 
15:25:38.870 [pool-1-thread-1] INFO  com.intuit.karate - Environment variable is : popcorn 
15:25:39.351 [pool-1-thread-3] INFO  com.intuit.karate - [print] customer get selected address response  --&gt;  {
  &quot;titleType&quot;: 10,
  &quot;eta&quot;: 27,
  &quot;streetAddress&quot;: &quot;688 Geary St, San Francisco&quot;,
  &quot;latitude&quot;: 37.78660022692915,
  &quot;additionalInfo&quot;: null,
  &quot;id&quot;: &quot;7c78f10a-71a6-4258-8a36-e09807053172&quot;,
  &quot;title&quot;: &quot;Home&quot;,
  &quot;type&quot;: 1,
  &quot;longitude&quot;: -122.41467263549566
}
 
15:25:39.377 [pool-1-thread-3] INFO  c.intuit.karate.core.FeatureRuntime - scenario called at line: 11 by tag: @getAddressInfo
15:25:39.389 [pool-1-thread-3] INFO  c.intuit.karate.core.FeatureRuntime - scenario called at line: 11 by tag: @getAddressId
15:25:39.697 [pool-1-thread-5] INFO  com.intuit.karate - [print] response --&gt;  [
  {
    &quot;isDefault&quot;: true,
    &quot;color&quot;: null,
    &quot;name&quot;: &quot;Home&quot;,
    &quot;displayOrder&quot;: 0,
    &quot;id&quot;: 10,
    &quot;enumName&quot;: &quot;Home&quot;,
    &quot;shortName&quot;: null
  },
  {
    &quot;isDefault&quot;: false,
    &quot;color&quot;: null,
    &quot;name&quot;: &quot;Work&quot;,
    &quot;displayOrder&quot;: 0,
    &quot;id&quot;: 20,
    &quot;enumName&quot;: &quot;Work&quot;,
    &quot;shortName&quot;: null
  },
  {
    &quot;isDefault&quot;: false,
    &quot;color&quot;: null,
    &quot;name&quot;: &quot;Other&quot;,
    &quot;displayOrder&quot;: 0,
    &quot;id&quot;: 30,
    &quot;enumName&quot;: &quot;Other&quot;,
    &quot;shortName&quot;: null
  }
]
 
15:25:39.712 [pool-1-thread-5] INFO  com.intuit.karate - Environment variable is : popcorn 
15:25:39.874 [pool-1-thread-1] INFO  com.intuit.karate - [print] response --&gt;  [
  {
    &quot;isDefault&quot;: true,
    &quot;color&quot;: null,
    &quot;name&quot;: &quot;be.user.enums.userstatus.active&quot;,
    &quot;displayOrder&quot;: 0,
    &quot;id&quot;: 1,
    &quot;enumName&quot;: &quot;Active&quot;,
    &quot;shortName&quot;: null
  },
  {
    &quot;isDefault&quot;: false,
    &quot;color&quot;: null,
    &quot;name&quot;: &quot;be.user.enums.userstatus.passive&quot;,
    &quot;displayOrder&quot;: 1,
    &quot;id&quot;: 0,
    &quot;enumName&quot;: &quot;Passive&quot;,
    &quot;shortName&quot;: null
  },
  {
    &quot;isDefault&quot;: false,
    &quot;color&quot;: null,
    &quot;name&quot;: &quot;be.user.enums.userstatus.blocked&quot;,
    &quot;displayOrder&quot;: 2,
    &quot;id&quot;: 2,
    &quot;enumName&quot;: &quot;Blocked&quot;,
    &quot;shortName&quot;: null
  },
  {
    &quot;isDefault&quot;: false,
    &quot;color&quot;: null,
    &quot;name&quot;: &quot;be.user.enums.userstatus.notverified&quot;,
    &quot;displayOrder&quot;: 3,
    &quot;id&quot;: 3,
    &quot;enumName&quot;: &quot;NotVerified&quot;,
    &quot;shortName&quot;: null
  }
]
 
15:25:39.891 [pool-1-thread-1] INFO  com.intuit.karate - Environment variable is : popcorn 
15:25:39.965 [pool-1-thread-4] INFO  com.intuit.karate - [print] response --&gt;  [
  {
    &quot;isDefault&quot;: false,
    &quot;color&quot;: null,
    &quot;name&quot;: &quot;Passive&quot;,
    &quot;displayOrder&quot;: 0,
    &quot;id&quot;: 0,
    &quot;enumName&quot;: &quot;UnPublished&quot;,
    &quot;shortName&quot;: null
  },
  {
    &quot;isDefault&quot;: false,
    &quot;color&quot;: null,
    &quot;name&quot;: &quot;Active&quot;,
    &quot;displayOrder&quot;: 0,
    &quot;id&quot;: 1,
    &quot;enumName&quot;: &quot;Published&quot;,
    &quot;shortName&quot;: null
  },
  {
    &quot;isDefault&quot;: true,
    &quot;color&quot;: null,
    &quot;name&quot;: &quot;Archived&quot;,
    &quot;displayOrder&quot;: 0,
    &quot;id&quot;: 2,
    &quot;enumName&quot;: &quot;Junk&quot;,
    &quot;shortName&quot;: null
  }
]
 
15:25:40.015 [pool-1-thread-4] INFO  com.intuit.karate - Environment variable is : popcorn 
15:25:40.343 [pool-1-thread-3] INFO  com.intuit.karate - [print] {
  &quot;titleType&quot;: 10,
  &quot;streetAddress&quot;: &quot;280 Mornigside Dr, San Francisco&quot;,
  &quot;latitude&quot;: 37.7296159,
  &quot;additionalInfo&quot;: &quot;string&quot;,
  &quot;isSelectedShippingAddress&quot;: false,
  &quot;id&quot;: &quot;bc7ec2e5-a2e7-453b-8c16-33e7f87645f6&quot;,
  &quot;title&quot;: &quot;string&quot;,
  &quot;type&quot;: 1,
  &quot;longitude&quot;: -122.4936448
}
 
15:25:40.416 [pool-1-thread-2] INFO  com.intuit.karate - [print] customer get selected address response  --&gt;  {
  &quot;visible&quot;: true,
  &quot;action&quot;: &quot;default&quot;,
  &quot;messages&quot;: [
    &quot;User Authorization Error&quot;
  ],
  &quot;type&quot;: &quot;authorization&quot;,
  &quot;title&quot;: null,
  &quot;message&quot;: &quot;User Authorization Error&quot;,
  &quot;typeCode&quot;: 401
}
 
15:25:40.429 [pool-1-thread-2] INFO  com.intuit.karate - Environment variable is : popcorn 
15:25:40.973 [pool-1-thread-4] INFO  com.intuit.karate - [print] customer create with wrong data response --&gt; {
  &quot;visible&quot;: true,
  &quot;action&quot;: &quot;default&quot;,
  &quot;messages&quot;: [
    &quot;Unexpected character encountered while parsing value: {. Path &apos;fullName&apos;, line 1, position 13.&quot;,
    &quot;Unexpected character encountered while parsing value: }. Path &apos;fullName&apos;, line 1, position 13.&quot;
  ],
  &quot;validations&quot;: {
    &quot;fullName&quot;: [
      &quot;Unexpected character encountered while parsing value: {. Path &apos;fullName&apos;, line 1, position 13.&quot;,
      &quot;Unexpected character encountered while parsing value: }. Path &apos;fullName&apos;, line 1, position 13.&quot;
    ]
  },
  &quot;type&quot;: &quot;validation&quot;,
  &quot;title&quot;: null,
  &quot;message&quot;: &quot;Unexpected character encountered while parsing value: {. Path &apos;fullName&apos;, line 1, position 13.&quot;,
  &quot;typeCode&quot;: 400
}
 
15:25:40.973 [pool-1-thread-1] INFO  com.intuit.karate - [print] customer create without authorization response --&gt; {
  &quot;visible&quot;: true,
  &quot;action&quot;: &quot;default&quot;,
  &quot;messages&quot;: [
    &quot;User Authorization Error&quot;
  ],
  &quot;type&quot;: &quot;authorization&quot;,
  &quot;title&quot;: null,
  &quot;message&quot;: &quot;User Authorization Error&quot;,
  &quot;typeCode&quot;: 401
}
 
15:25:40.986 [pool-1-thread-4] ERROR com.intuit.karate - classpath:features/userApi/customer/customer_create.feature:101
Then match response.message contains &apos;Email.NotValid&apos;
match failed: CONTAINS
  $ | actual does not contain expected (STRING:STRING)
  &apos;Unexpected character encountered while parsing value: {. Path &apos;fullName&apos;, line 1, position 13.&apos;
  &apos;Email.NotValid&apos;

classpath:features/userApi/customer/customer_create.feature:101
15:25:40.992 [pool-1-thread-4] INFO  com.intuit.karate - Environment variable is : popcorn 
15:25:40.993 [pool-1-thread-1] INFO  com.intuit.karate - Environment variable is : popcorn 
15:25:41.144 [pool-1-thread-5] INFO  com.intuit.karate - [print] customer create response --&gt; {
  &quot;lastName&quot;: &quot;Kemmer V&quot;,
  &quot;deliveryAddresses&quot;: [
  ],
  &quot;imagePath&quot;: null,
  &quot;roles&quot;: [
  ],
  &quot;lastOrderDate&quot;: null,
  &quot;registerType&quot;: 0,
  &quot;phoneCountry&quot;: {
    &quot;name&quot;: &quot;Russian Federation&quot;,
    &quot;id&quot;: &quot;59c4edba-f347-45b3-a5c9-aed7ac852ff8&quot;
  },
  &quot;customerStatus&quot;: 0,
  &quot;riderId&quot;: null,
  &quot;password&quot;: null,
  &quot;passwordConfirm&quot;: null,
  &quot;imageFile&quot;: null,
  &quot;referralCode&quot;: null,
  &quot;imageUrl&quot;: null,
  &quot;customerId&quot;: null,
  &quot;id&quot;: &quot;aa1bbcdc-0138-4557-8ab0-c026281463d1&quot;,
  &quot;nationalSecurityNumber&quot;: null,
  &quot;email&quot;: &quot;5n61muo@grr.la&quot;,
  &quot;isBlockedCodeCampaign&quot;: false,
  &quot;fullName&quot;: &quot;Ludivina Kemmer V&quot;,
  &quot;employeeId&quot;: null,
  &quot;userId&quot;: &quot;0dc016e6-8e9b-4f20-933a-8e45cb1576c9&quot;,
  &quot;lastActiveAt&quot;: &quot;0001-01-01T00:00:00.000Z&quot;,
  &quot;firstName&quot;: &quot;Ludivina&quot;,
  &quot;phoneNumber&quot;: &quot;6732736259&quot;,
  &quot;roleIds&quot;: null,
  &quot;statusText&quot;: &quot;Active&quot;,
  &quot;orders&quot;: null,
  &quot;lastActiveIp&quot;: null,
  &quot;residenceAddress&quot;: null,
  &quot;status&quot;: 1
}
 
15:25:41.169 [pool-1-thread-5] INFO  com.intuit.karate - Environment variable is : popcorn 
15:25:41.304 [pool-1-thread-2] INFO  com.intuit.karate - [print] customer create with wrong data response --&gt; {
  &quot;visible&quot;: true,
  &quot;action&quot;: &quot;default&quot;,
  &quot;messages&quot;: [
    &quot;Unexpected character encountered while parsing value: {. Path &apos;fullName&apos;, line 1, position 13.&quot;,
    &quot;Unexpected character encountered while parsing value: }. Path &apos;fullName&apos;, line 1, position 13.&quot;
  ],
  &quot;validations&quot;: {
    &quot;fullName&quot;: [
      &quot;Unexpected character encountered while parsing value: {. Path &apos;fullName&apos;, line 1, position 13.&quot;,
      &quot;Unexpected character encountered while parsing value: }. Path &apos;fullName&apos;, line 1, position 13.&quot;
    ]
  },
  &quot;type&quot;: &quot;validation&quot;,
  &quot;title&quot;: null,
  &quot;message&quot;: &quot;Unexpected character encountered while parsing value: {. Path &apos;fullName&apos;, line 1, position 13.&quot;,
  &quot;typeCode&quot;: 400
}
 
15:25:41.312 [pool-1-thread-3] INFO  com.intuit.karate - [print] Customer Address List Response --&gt;  {
  &quot;page&quot;: {
    &quot;pageNumber&quot;: 0,
    &quot;pageSize&quot;: 0,
    &quot;hasNext&quot;: false,
    &quot;totalCount&quot;: 2
  },
  &quot;items&quot;: [
    {
      &quot;titleType&quot;: 10,
      &quot;streetAddress&quot;: &quot;688 Geary St, San Francisco&quot;,
      &quot;latitude&quot;: 37.78660022692915,
      &quot;additionalInfo&quot;: null,
      &quot;isSelectedShippingAddress&quot;: false,
      &quot;id&quot;: &quot;7c78f10a-71a6-4258-8a36-e09807053172&quot;,
      &quot;title&quot;: &quot;Home&quot;,
      &quot;type&quot;: 1,
      &quot;longitude&quot;: -122.41467263549566
    },
    {
      &quot;titleType&quot;: 10,
      &quot;streetAddress&quot;: &quot;335 Leavenworth St, San Francisco, CA 94102, United States&quot;,
      &quot;latitude&quot;: 37.7839295,
      &quot;additionalInfo&quot;: &quot;string&quot;,
      &quot;isSelectedShippingAddress&quot;: false,
      &quot;id&quot;: &quot;bc7ec2e5-a2e7-453b-8c16-33e7f87645f6&quot;,
      &quot;title&quot;: &quot;string&quot;,
      &quot;type&quot;: 1,
      &quot;longitude&quot;: -122.4174298
    }
  ]
}
 
15:25:41.313 [pool-1-thread-2] ERROR com.intuit.karate - classpath:features/userApi/customer/customer_create.feature:101
Then match response.message contains &apos;Phone.AlreadyUsed&apos;
match failed: CONTAINS
  $ | actual does not contain expected (STRING:STRING)
  &apos;Unexpected character encountered while parsing value: {. Path &apos;fullName&apos;, line 1, position 13.&apos;
  &apos;Phone.AlreadyUsed&apos;

classpath:features/userApi/customer/customer_create.feature:101
15:25:41.320 [pool-1-thread-2] INFO  com.intuit.karate - Environment variable is : popcorn 
15:25:41.332 [pool-1-thread-3] INFO  com.intuit.karate - Environment variable is : popcorn 
15:25:41.341 [pool-1-thread-3] INFO  c.intuit.karate.core.FeatureRuntime - scenario called at line: 15 by tag: @customerInfo
---------------------------------------------------------
feature: classpath:features/userApi/address/customer_get_selected_address.feature
scenarios:  2 | passed:  2 | failed:  0 | time: 8.9375
---------------------------------------------------------

15:25:41.725 [pool-2-thread-1] INFO  com.intuit.karate.Suite - &lt;&lt;pass&gt;&gt; feature 5 of 33 (28 remaining) classpath:features/userApi/address/customer_get_selected_address.feature
---------------------------------------------------------
feature: classpath:features/userApi/common/address_type_list.feature
scenarios:  1 | passed:  1 | failed:  0 | time: 0.6947
---------------------------------------------------------

15:25:41.808 [pool-2-thread-1] INFO  com.intuit.karate.Suite - &lt;&lt;pass&gt;&gt; feature 6 of 33 (27 remaining) classpath:features/userApi/common/address_type_list.feature
---------------------------------------------------------
feature: classpath:features/userApi/common/file_type_list.feature
scenarios:  1 | passed:  1 | failed:  0 | time: 1.1841
---------------------------------------------------------

15:25:41.839 [pool-2-thread-1] INFO  com.intuit.karate.Suite - &lt;&lt;pass&gt;&gt; feature 7 of 33 (26 remaining) classpath:features/userApi/common/file_type_list.feature
15:25:41.861 [pool-1-thread-4] INFO  com.intuit.karate - [print] customer create with wrong data response --&gt; {
  &quot;visible&quot;: true,
  &quot;action&quot;: &quot;default&quot;,
  &quot;messages&quot;: [
    &quot;Unexpected character encountered while parsing value: {. Path &apos;fullName&apos;, line 1, position 13.&quot;,
    &quot;Unexpected character encountered while parsing value: }. Path &apos;fullName&apos;, line 1, position 13.&quot;
  ],
  &quot;validations&quot;: {
    &quot;fullName&quot;: [
      &quot;Unexpected character encountered while parsing value: {. Path &apos;fullName&apos;, line 1, position 13.&quot;,
      &quot;Unexpected character encountered while parsing value: }. Path &apos;fullName&apos;, line 1, position 13.&quot;
    ]
  },
  &quot;type&quot;: &quot;validation&quot;,
  &quot;title&quot;: null,
  &quot;message&quot;: &quot;Unexpected character encountered while parsing value: {. Path &apos;fullName&apos;, line 1, position 13.&quot;,
  &quot;typeCode&quot;: 400
}
 
15:25:41.861 [pool-1-thread-1] INFO  com.intuit.karate - [print] customer create with wrong data response --&gt; {
  &quot;visible&quot;: true,
  &quot;action&quot;: &quot;default&quot;,
  &quot;messages&quot;: [
    &quot;Unexpected character encountered while parsing value: {. Path &apos;fullName&apos;, line 1, position 13.&quot;,
    &quot;Unexpected character encountered while parsing value: }. Path &apos;fullName&apos;, line 1, position 13.&quot;
  ],
  &quot;validations&quot;: {
    &quot;fullName&quot;: [
      &quot;Unexpected character encountered while parsing value: {. Path &apos;fullName&apos;, line 1, position 13.&quot;,
      &quot;Unexpected character encountered while parsing value: }. Path &apos;fullName&apos;, line 1, position 13.&quot;
    ]
  },
  &quot;type&quot;: &quot;validation&quot;,
  &quot;title&quot;: null,
  &quot;message&quot;: &quot;Unexpected character encountered while parsing value: {. Path &apos;fullName&apos;, line 1, position 13.&quot;,
  &quot;typeCode&quot;: 400
}
 
15:25:41.869 [pool-1-thread-4] ERROR com.intuit.karate - classpath:features/userApi/customer/customer_create.feature:101
Then match response.message contains &apos;Email.NotValid&apos;
match failed: CONTAINS
  $ | actual does not contain expected (STRING:STRING)
  &apos;Unexpected character encountered while parsing value: {. Path &apos;fullName&apos;, line 1, position 13.&apos;
  &apos;Email.NotValid&apos;

classpath:features/userApi/customer/customer_create.feature:101
15:25:41.869 [pool-1-thread-1] ERROR com.intuit.karate - classpath:features/userApi/customer/customer_create.feature:101
Then match response.message contains &apos;Phone.AlreadyUsed&apos;
match failed: CONTAINS
  $ | actual does not contain expected (STRING:STRING)
  &apos;Unexpected character encountered while parsing value: {. Path &apos;fullName&apos;, line 1, position 13.&apos;
  &apos;Phone.AlreadyUsed&apos;

classpath:features/userApi/customer/customer_create.feature:101
15:25:41.871 [pool-1-thread-5] INFO  com.intuit.karate - [print] customer create with wrong data response --&gt; {
  &quot;visible&quot;: true,
  &quot;action&quot;: &quot;default&quot;,
  &quot;messages&quot;: [
    &quot;Unexpected character encountered while parsing value: {. Path &apos;fullName&apos;, line 1, position 13.&quot;,
    &quot;Unexpected character encountered while parsing value: }. Path &apos;fullName&apos;, line 1, position 13.&quot;
  ],
  &quot;validations&quot;: {
    &quot;fullName&quot;: [
      &quot;Unexpected character encountered while parsing value: {. Path &apos;fullName&apos;, line 1, position 13.&quot;,
      &quot;Unexpected character encountered while parsing value: }. Path &apos;fullName&apos;, line 1, position 13.&quot;
    ]
  },
  &quot;type&quot;: &quot;validation&quot;,
  &quot;title&quot;: null,
  &quot;message&quot;: &quot;Unexpected character encountered while parsing value: {. Path &apos;fullName&apos;, line 1, position 13.&quot;,
  &quot;typeCode&quot;: 400
}
 
15:25:41.875 [pool-1-thread-1] INFO  com.intuit.karate - Environment variable is : popcorn 
15:25:41.876 [pool-1-thread-5] ERROR com.intuit.karate - classpath:features/userApi/customer/customer_create.feature:101
Then match response.message contains &apos;Error converting value&apos;
match failed: CONTAINS
  $ | actual does not contain expected (STRING:STRING)
  &apos;Unexpected character encountered while parsing value: {. Path &apos;fullName&apos;, line 1, position 13.&apos;
  &apos;Error converting value&apos;

classpath:features/userApi/customer/customer_create.feature:101
15:25:41.876 [pool-1-thread-4] INFO  com.intuit.karate - Environment variable is : popcorn 
15:25:41.890 [pool-1-thread-5] INFO  com.intuit.karate - Environment variable is : popcorn 
15:25:41.898 [pool-1-thread-1] INFO  c.intuit.karate.core.FeatureRuntime - scenario called at line: 15 by tag: @customerInfo
15:25:41.898 [pool-1-thread-4] INFO  c.intuit.karate.core.FeatureRuntime - scenario called at line: 15 by tag: @customerInfo
15:25:41.903 [pool-1-thread-5] INFO  c.intuit.karate.core.FeatureRuntime - scenario called at line: 15 by tag: @customerInfo
---------------------------------------------------------
feature: classpath:features/userApi/common/rider_status_list.feature
scenarios:  1 | passed:  1 | failed:  0 | time: 0.8916
---------------------------------------------------------

15:25:41.930 [pool-2-thread-1] INFO  com.intuit.karate.Suite - &lt;&lt;pass&gt;&gt; feature 8 of 33 (25 remaining) classpath:features/userApi/common/rider_status_list.feature
---------------------------------------------------------
feature: classpath:features/userApi/common/status_list.feature
scenarios:  1 | passed:  1 | failed:  0 | time: 2.0254
---------------------------------------------------------

15:25:41.995 [pool-2-thread-1] INFO  com.intuit.karate.Suite - &lt;&lt;pass&gt;&gt; feature 9 of 33 (24 remaining) classpath:features/userApi/common/status_list.feature
---------------------------------------------------------
feature: classpath:features/userApi/common/title_type_list.feature
scenarios:  1 | passed:  1 | failed:  0 | time: 1.0101
---------------------------------------------------------

15:25:42.032 [pool-2-thread-1] INFO  com.intuit.karate.Suite - &lt;&lt;pass&gt;&gt; feature 10 of 33 (23 remaining) classpath:features/userApi/common/title_type_list.feature
---------------------------------------------------------
feature: classpath:features/userApi/common/user_status_list.feature
scenarios:  1 | passed:  1 | failed:  0 | time: 1.0141
---------------------------------------------------------

15:25:42.069 [pool-2-thread-1] INFO  com.intuit.karate.Suite - &lt;&lt;pass&gt;&gt; feature 11 of 33 (22 remaining) classpath:features/userApi/common/user_status_list.feature
15:25:42.080 [pool-1-thread-2] INFO  com.intuit.karate - [print] customer create with wrong data response --&gt; {
  &quot;visible&quot;: true,
  &quot;action&quot;: &quot;default&quot;,
  &quot;messages&quot;: [
    &quot;Unexpected character encountered while parsing value: {. Path &apos;fullName&apos;, line 1, position 13.&quot;,
    &quot;Unexpected character encountered while parsing value: }. Path &apos;fullName&apos;, line 1, position 13.&quot;
  ],
  &quot;validations&quot;: {
    &quot;fullName&quot;: [
      &quot;Unexpected character encountered while parsing value: {. Path &apos;fullName&apos;, line 1, position 13.&quot;,
      &quot;Unexpected character encountered while parsing value: }. Path &apos;fullName&apos;, line 1, position 13.&quot;
    ]
  },
  &quot;type&quot;: &quot;validation&quot;,
  &quot;title&quot;: null,
  &quot;message&quot;: &quot;Unexpected character encountered while parsing value: {. Path &apos;fullName&apos;, line 1, position 13.&quot;,
  &quot;typeCode&quot;: 400
}
 
15:25:42.084 [pool-1-thread-2] ERROR com.intuit.karate - classpath:features/userApi/customer/customer_create.feature:101
Then match response.message contains &apos;Error converting value&apos;
match failed: CONTAINS
  $ | actual does not contain expected (STRING:STRING)
  &apos;Unexpected character encountered while parsing value: {. Path &apos;fullName&apos;, line 1, position 13.&apos;
  &apos;Error converting value&apos;

classpath:features/userApi/customer/customer_create.feature:101
15:25:42.096 [pool-1-thread-2] INFO  com.intuit.karate - Environment variable is : popcorn 
15:25:42.107 [pool-1-thread-2] INFO  c.intuit.karate.core.FeatureRuntime - scenario called at line: 15 by tag: @customerInfo
---------------------------------------------------------
feature: classpath:features/userApi/customer/customer_create.feature
scenarios:  8 | passed:  2 | failed:  6 | time: 7.5820
---------------------------------------------------------

15:25:42.200 [pool-2-thread-1] INFO  com.intuit.karate.Suite - &lt;&lt;fail&gt;&gt; feature 12 of 33 (21 remaining) classpath:features/userApi/customer/customer_create.feature
15:25:42.418 [pool-1-thread-3] INFO  com.intuit.karate - [print] customer create response --&gt; {
  &quot;lastName&quot;: &quot;Langworth&quot;,
  &quot;deliveryAddresses&quot;: [
  ],
  &quot;imagePath&quot;: null,
  &quot;roles&quot;: [
  ],
  &quot;lastOrderDate&quot;: null,
  &quot;registerType&quot;: 0,
  &quot;phoneCountry&quot;: {
    &quot;name&quot;: &quot;Russian Federation&quot;,
    &quot;id&quot;: &quot;59c4edba-f347-45b3-a5c9-aed7ac852ff8&quot;
  },
  &quot;customerStatus&quot;: 0,
  &quot;riderId&quot;: null,
  &quot;password&quot;: null,
  &quot;passwordConfirm&quot;: null,
  &quot;imageFile&quot;: null,
  &quot;referralCode&quot;: null,
  &quot;imageUrl&quot;: null,
  &quot;customerId&quot;: null,
  &quot;id&quot;: &quot;61b5cc9a-fc86-4546-b15b-af865c86e3dd&quot;,
  &quot;nationalSecurityNumber&quot;: null,
  &quot;email&quot;: &quot;tunz1yw@grr.la&quot;,
  &quot;isBlockedCodeCampaign&quot;: false,
  &quot;fullName&quot;: &quot;Olive Langworth&quot;,
  &quot;employeeId&quot;: null,
  &quot;userId&quot;: &quot;fc2f750e-0615-496e-b054-a2f5f64547c7&quot;,
  &quot;lastActiveAt&quot;: &quot;0001-01-01T00:00:00.000Z&quot;,
  &quot;firstName&quot;: &quot;Olive&quot;,
  &quot;phoneNumber&quot;: &quot;3683560810&quot;,
  &quot;roleIds&quot;: null,
  &quot;statusText&quot;: &quot;Active&quot;,
  &quot;orders&quot;: null,
  &quot;lastActiveIp&quot;: null,
  &quot;residenceAddress&quot;: null,
  &quot;status&quot;: 1
}
 
15:25:42.813 [pool-1-thread-1] INFO  com.intuit.karate - [print] customer create response --&gt; {
  &quot;lastName&quot;: &quot;Hessel&quot;,
  &quot;deliveryAddresses&quot;: [
  ],
  &quot;imagePath&quot;: null,
  &quot;roles&quot;: [
  ],
  &quot;lastOrderDate&quot;: null,
  &quot;registerType&quot;: 0,
  &quot;phoneCountry&quot;: {
    &quot;name&quot;: &quot;Russian Federation&quot;,
    &quot;id&quot;: &quot;59c4edba-f347-45b3-a5c9-aed7ac852ff8&quot;
  },
  &quot;customerStatus&quot;: 0,
  &quot;riderId&quot;: null,
  &quot;password&quot;: null,
  &quot;passwordConfirm&quot;: null,
  &quot;imageFile&quot;: null,
  &quot;referralCode&quot;: null,
  &quot;imageUrl&quot;: null,
  &quot;customerId&quot;: null,
  &quot;id&quot;: &quot;f11bff8b-62bc-4978-bea8-e080ff7a6945&quot;,
  &quot;nationalSecurityNumber&quot;: null,
  &quot;email&quot;: &quot;yaehjph@grr.la&quot;,
  &quot;isBlockedCodeCampaign&quot;: false,
  &quot;fullName&quot;: &quot;Jared Hessel&quot;,
  &quot;employeeId&quot;: null,
  &quot;userId&quot;: &quot;57833738-c83f-4a90-a094-0d4831a252f0&quot;,
  &quot;lastActiveAt&quot;: &quot;0001-01-01T00:00:00.000Z&quot;,
  &quot;firstName&quot;: &quot;Jared&quot;,
  &quot;phoneNumber&quot;: &quot;5796017786&quot;,
  &quot;roleIds&quot;: null,
  &quot;statusText&quot;: &quot;Active&quot;,
  &quot;orders&quot;: null,
  &quot;lastActiveIp&quot;: null,
  &quot;residenceAddress&quot;: null,
  &quot;status&quot;: 1
}
 
15:25:43.424 [pool-1-thread-1] INFO  com.intuit.karate - [print] customer edit fail scenario response --&gt; {
  &quot;visible&quot;: true,
  &quot;action&quot;: &quot;default&quot;,
  &quot;messages&quot;: [
    &quot;Error converting value \&quot;\&quot; to type &apos;System.Guid&apos;. Path &apos;id&apos;, line 1, position 8.&quot;
  ],
  &quot;validations&quot;: {
    &quot;id&quot;: [
      &quot;Error converting value \&quot;\&quot; to type &apos;System.Guid&apos;. Path &apos;id&apos;, line 1, position 8.&quot;
    ]
  },
  &quot;type&quot;: &quot;validation&quot;,
  &quot;title&quot;: null,
  &quot;message&quot;: &quot;Error converting value \&quot;\&quot; to type &apos;System.Guid&apos;. Path &apos;id&apos;, line 1, position 8.&quot;,
  &quot;typeCode&quot;: 400
}
 
15:25:43.434 [pool-1-thread-1] INFO  com.intuit.karate - Environment variable is : popcorn 
15:25:43.453 [pool-1-thread-1] INFO  c.intuit.karate.core.FeatureRuntime - scenario called at line: 15 by tag: @customerInfo
15:25:44.564 [pool-1-thread-1] INFO  com.intuit.karate - [print] customer create response --&gt; {
  &quot;lastName&quot;: &quot;Cartwright&quot;,
  &quot;deliveryAddresses&quot;: [
  ],
  &quot;imagePath&quot;: null,
  &quot;roles&quot;: [
  ],
  &quot;lastOrderDate&quot;: null,
  &quot;registerType&quot;: 0,
  &quot;phoneCountry&quot;: {
    &quot;name&quot;: &quot;Russian Federation&quot;,
    &quot;id&quot;: &quot;59c4edba-f347-45b3-a5c9-aed7ac852ff8&quot;
  },
  &quot;customerStatus&quot;: 0,
  &quot;riderId&quot;: null,
  &quot;password&quot;: null,
  &quot;passwordConfirm&quot;: null,
  &quot;imageFile&quot;: null,
  &quot;referralCode&quot;: null,
  &quot;imageUrl&quot;: null,
  &quot;customerId&quot;: null,
  &quot;id&quot;: &quot;9cfd0ff2-d1e6-4ba3-aab0-1c9682578c13&quot;,
  &quot;nationalSecurityNumber&quot;: null,
  &quot;email&quot;: &quot;ho9ikft@grr.la&quot;,
  &quot;isBlockedCodeCampaign&quot;: false,
  &quot;fullName&quot;: &quot;Damien Cartwright&quot;,
  &quot;employeeId&quot;: null,
  &quot;userId&quot;: &quot;6bd9140b-180d-4150-9ee7-bad9b4eacb4d&quot;,
  &quot;lastActiveAt&quot;: &quot;0001-01-01T00:00:00.000Z&quot;,
  &quot;firstName&quot;: &quot;Damien&quot;,
  &quot;phoneNumber&quot;: &quot;9323471445&quot;,
  &quot;roleIds&quot;: null,
  &quot;statusText&quot;: &quot;Active&quot;,
  &quot;orders&quot;: null,
  &quot;lastActiveIp&quot;: null,
  &quot;residenceAddress&quot;: null,
  &quot;status&quot;: 1
}
 
15:25:46.708 [pool-1-thread-5] INFO  com.intuit.karate - [print] customer create response --&gt; {
  &quot;lastName&quot;: &quot;Turner&quot;,
  &quot;deliveryAddresses&quot;: [
  ],
  &quot;imagePath&quot;: null,
  &quot;roles&quot;: [
  ],
  &quot;lastOrderDate&quot;: null,
  &quot;registerType&quot;: 0,
  &quot;phoneCountry&quot;: {
    &quot;name&quot;: &quot;Russian Federation&quot;,
    &quot;id&quot;: &quot;59c4edba-f347-45b3-a5c9-aed7ac852ff8&quot;
  },
  &quot;customerStatus&quot;: 0,
  &quot;riderId&quot;: null,
  &quot;password&quot;: null,
  &quot;passwordConfirm&quot;: null,
  &quot;imageFile&quot;: null,
  &quot;referralCode&quot;: null,
  &quot;imageUrl&quot;: null,
  &quot;customerId&quot;: null,
  &quot;id&quot;: &quot;ab9d90a8-a5ec-41d5-a00f-fb97a3c94abb&quot;,
  &quot;nationalSecurityNumber&quot;: null,
  &quot;email&quot;: &quot;kpjtrih@grr.la&quot;,
  &quot;isBlockedCodeCampaign&quot;: false,
  &quot;fullName&quot;: &quot;Katheleen Turner&quot;,
  &quot;employeeId&quot;: null,
  &quot;userId&quot;: &quot;3401f197-073f-4f08-b3d9-a581b97d7a09&quot;,
  &quot;lastActiveAt&quot;: &quot;0001-01-01T00:00:00.000Z&quot;,
  &quot;firstName&quot;: &quot;Katheleen&quot;,
  &quot;phoneNumber&quot;: &quot;1846958996&quot;,
  &quot;roleIds&quot;: null,
  &quot;statusText&quot;: &quot;Active&quot;,
  &quot;orders&quot;: null,
  &quot;lastActiveIp&quot;: null,
  &quot;residenceAddress&quot;: null,
  &quot;status&quot;: 1
}
 
15:25:46.708 [pool-1-thread-4] INFO  com.intuit.karate - [print] customer create response --&gt; {
  &quot;lastName&quot;: &quot;Renner&quot;,
  &quot;deliveryAddresses&quot;: [
  ],
  &quot;imagePath&quot;: null,
  &quot;roles&quot;: [
  ],
  &quot;lastOrderDate&quot;: null,
  &quot;registerType&quot;: 0,
  &quot;phoneCountry&quot;: {
    &quot;name&quot;: &quot;Russian Federation&quot;,
    &quot;id&quot;: &quot;59c4edba-f347-45b3-a5c9-aed7ac852ff8&quot;
  },
  &quot;customerStatus&quot;: 0,
  &quot;riderId&quot;: null,
  &quot;password&quot;: null,
  &quot;passwordConfirm&quot;: null,
  &quot;imageFile&quot;: null,
  &quot;referralCode&quot;: null,
  &quot;imageUrl&quot;: null,
  &quot;customerId&quot;: null,
  &quot;id&quot;: &quot;cd0f6f36-cceb-4a03-bef2-f562626aa4bf&quot;,
  &quot;nationalSecurityNumber&quot;: null,
  &quot;email&quot;: &quot;pgiu8cx@grr.la&quot;,
  &quot;isBlockedCodeCampaign&quot;: false,
  &quot;fullName&quot;: &quot;Raelene Renner&quot;,
  &quot;employeeId&quot;: null,
  &quot;userId&quot;: &quot;e80136e2-b18e-4481-ac25-f25568474fd3&quot;,
  &quot;lastActiveAt&quot;: &quot;0001-01-01T00:00:00.000Z&quot;,
  &quot;firstName&quot;: &quot;Raelene&quot;,
  &quot;phoneNumber&quot;: &quot;0237238696&quot;,
  &quot;roleIds&quot;: null,
  &quot;statusText&quot;: &quot;Active&quot;,
  &quot;orders&quot;: null,
  &quot;lastActiveIp&quot;: null,
  &quot;residenceAddress&quot;: null,
  &quot;status&quot;: 1
}
 
15:25:46.764 [pool-1-thread-2] INFO  com.intuit.karate - [print] customer create response --&gt; {
  &quot;lastName&quot;: &quot;Raynor&quot;,
  &quot;deliveryAddresses&quot;: [
  ],
  &quot;imagePath&quot;: null,
  &quot;roles&quot;: [
  ],
  &quot;lastOrderDate&quot;: null,
  &quot;registerType&quot;: 0,
  &quot;phoneCountry&quot;: {
    &quot;name&quot;: &quot;Russian Federation&quot;,
    &quot;id&quot;: &quot;59c4edba-f347-45b3-a5c9-aed7ac852ff8&quot;
  },
  &quot;customerStatus&quot;: 0,
  &quot;riderId&quot;: null,
  &quot;password&quot;: null,
  &quot;passwordConfirm&quot;: null,
  &quot;imageFile&quot;: null,
  &quot;referralCode&quot;: null,
  &quot;imageUrl&quot;: null,
  &quot;customerId&quot;: null,
  &quot;id&quot;: &quot;c3f25bcf-4fa9-4b22-95fe-677380d6e55a&quot;,
  &quot;nationalSecurityNumber&quot;: null,
  &quot;email&quot;: &quot;da5y2tc@grr.la&quot;,
  &quot;isBlockedCodeCampaign&quot;: false,
  &quot;fullName&quot;: &quot;Rene Raynor&quot;,
  &quot;employeeId&quot;: null,
  &quot;userId&quot;: &quot;1fa73dd6-4c2f-4fa6-bd3b-aa0d69a33be3&quot;,
  &quot;lastActiveAt&quot;: &quot;0001-01-01T00:00:00.000Z&quot;,
  &quot;firstName&quot;: &quot;Rene&quot;,
  &quot;phoneNumber&quot;: &quot;8820390624&quot;,
  &quot;roleIds&quot;: null,
  &quot;statusText&quot;: &quot;Active&quot;,
  &quot;orders&quot;: null,
  &quot;lastActiveIp&quot;: null,
  &quot;residenceAddress&quot;: null,
  &quot;status&quot;: 1
}
 
15:25:46.875 [pool-1-thread-1] INFO  com.intuit.karate - [print] customer edit fail scenario response --&gt; {
  &quot;visible&quot;: true,
  &quot;action&quot;: &quot;default&quot;,
  &quot;messages&quot;: [
    &quot;Required&quot;,
    &quot;be.user.length&quot;,
    &quot;Same Phone Number cannot be used for more than one user.&quot;
  ],
  &quot;validations&quot;: {
    &quot;phoneNumber&quot;: [
      &quot;Required&quot;,
      &quot;be.user.length&quot;
    ],
    &quot;phoneCountryId&quot;: [
      &quot;Same Phone Number cannot be used for more than one user.&quot;
    ]
  },
  &quot;type&quot;: &quot;validation&quot;,
  &quot;title&quot;: null,
  &quot;message&quot;: &quot;Required&quot;,
  &quot;typeCode&quot;: 400
}
 
15:25:46.914 [pool-1-thread-1] INFO  com.intuit.karate - Environment variable is : popcorn 
15:25:46.937 [pool-1-thread-1] INFO  c.intuit.karate.core.FeatureRuntime - scenario called at line: 15 by tag: @customerInfo
15:25:47.181 [pool-1-thread-3] INFO  com.intuit.karate - [print] customer edit response --&gt; {
  &quot;lastName&quot;: &quot;deneme1234&quot;,
  &quot;deliveryAddresses&quot;: [
  ],
  &quot;imagePath&quot;: null,
  &quot;roles&quot;: [
  ],
  &quot;lastOrderDate&quot;: null,
  &quot;registerType&quot;: 0,
  &quot;phoneCountry&quot;: {
    &quot;name&quot;: &quot;Russian Federation&quot;,
    &quot;id&quot;: &quot;59c4edba-f347-45b3-a5c9-aed7ac852ff8&quot;
  },
  &quot;customerStatus&quot;: 0,
  &quot;riderId&quot;: null,
  &quot;password&quot;: null,
  &quot;passwordConfirm&quot;: null,
  &quot;imageFile&quot;: null,
  &quot;referralCode&quot;: null,
  &quot;imageUrl&quot;: null,
  &quot;customerId&quot;: null,
  &quot;id&quot;: &quot;61b5cc9a-fc86-4546-b15b-af865c86e3dd&quot;,
  &quot;nationalSecurityNumber&quot;: null,
  &quot;email&quot;: &quot;vrgsyge@grr.la&quot;,
  &quot;isBlockedCodeCampaign&quot;: false,
  &quot;fullName&quot;: &quot;tes123 deneme1234&quot;,
  &quot;employeeId&quot;: null,
  &quot;userId&quot;: &quot;fc2f750e-0615-496e-b054-a2f5f64547c7&quot;,
  &quot;lastActiveAt&quot;: &quot;0001-01-01T00:00:00.000Z&quot;,
  &quot;firstName&quot;: &quot;tes123&quot;,
  &quot;phoneNumber&quot;: &quot;0842120593&quot;,
  &quot;roleIds&quot;: null,
  &quot;statusText&quot;: &quot;Passive&quot;,
  &quot;orders&quot;: null,
  &quot;lastActiveIp&quot;: null,
  &quot;residenceAddress&quot;: null,
  &quot;status&quot;: 0
}
 
15:25:47.224 [pool-1-thread-3] INFO  com.intuit.karate - Environment variable is : popcorn 
15:25:47.249 [pool-1-thread-3] INFO  c.intuit.karate.core.FeatureRuntime - scenario called at line: 15 by tag: @customerInfo
15:25:48.046 [pool-1-thread-5] INFO  com.intuit.karate - [print] customer edit fail scenario response --&gt; {
  &quot;visible&quot;: true,
  &quot;action&quot;: &quot;default&quot;,
  &quot;messages&quot;: [
    &quot;Error converting value \&quot;\&quot; to type &apos;System.Guid&apos;. Path &apos;phoneCountryId&apos;, line 1, position 92.&quot;
  ],
  &quot;validations&quot;: {
    &quot;phoneCountryId&quot;: [
      &quot;Error converting value \&quot;\&quot; to type &apos;System.Guid&apos;. Path &apos;phoneCountryId&apos;, line 1, position 92.&quot;
    ]
  },
  &quot;type&quot;: &quot;validation&quot;,
  &quot;title&quot;: null,
  &quot;message&quot;: &quot;Error converting value \&quot;\&quot; to type &apos;System.Guid&apos;. Path &apos;phoneCountryId&apos;, line 1, position 92.&quot;,
  &quot;typeCode&quot;: 400
}
 
15:25:48.058 [pool-1-thread-5] INFO  com.intuit.karate - Environment variable is : popcorn 
15:25:48.066 [pool-1-thread-5] INFO  c.intuit.karate.core.FeatureRuntime - scenario called at line: 15 by tag: @customerInfo
15:25:48.979 [pool-1-thread-4] INFO  com.intuit.karate - [print] customer edit without authorization response --&gt; {
  &quot;visible&quot;: true,
  &quot;action&quot;: &quot;default&quot;,
  &quot;messages&quot;: [
    &quot;User Authorization Error&quot;
  ],
  &quot;type&quot;: &quot;authorization&quot;,
  &quot;title&quot;: null,
  &quot;message&quot;: &quot;User Authorization Error&quot;,
  &quot;typeCode&quot;: 401
}
 
15:25:48.987 [pool-1-thread-4] INFO  com.intuit.karate - Environment variable is : popcorn 
15:25:48.992 [pool-1-thread-4] INFO  c.intuit.karate.core.FeatureRuntime - scenario called at line: 15 by tag: @customerInfo
15:25:49.023 [pool-1-thread-2] INFO  com.intuit.karate - [print] customer edit fail scenario response --&gt; {
  &quot;visible&quot;: true,
  &quot;action&quot;: &quot;default&quot;,
  &quot;messages&quot;: [
    &quot;Email.NotValid&quot;,
    &quot;be.user.length&quot;
  ],
  &quot;validations&quot;: {
    &quot;email&quot;: [
      &quot;Email.NotValid&quot;,
      &quot;be.user.length&quot;
    ]
  },
  &quot;type&quot;: &quot;validation&quot;,
  &quot;title&quot;: null,
  &quot;message&quot;: &quot;Email.NotValid&quot;,
  &quot;typeCode&quot;: 400
}
 
15:25:49.034 [pool-1-thread-2] INFO  com.intuit.karate - Environment variable is : popcorn 
15:25:49.042 [pool-1-thread-2] INFO  c.intuit.karate.core.FeatureRuntime - scenario called at line: 15 by tag: @customerInfo
15:25:50.202 [pool-1-thread-1] INFO  com.intuit.karate - [print] customer create response --&gt; {
  &quot;lastName&quot;: &quot;Luana Jakubowski&quot;,
  &quot;deliveryAddresses&quot;: [
  ],
  &quot;imagePath&quot;: null,
  &quot;roles&quot;: [
  ],
  &quot;lastOrderDate&quot;: null,
  &quot;registerType&quot;: 0,
  &quot;phoneCountry&quot;: {
    &quot;name&quot;: &quot;Russian Federation&quot;,
    &quot;id&quot;: &quot;59c4edba-f347-45b3-a5c9-aed7ac852ff8&quot;
  },
  &quot;customerStatus&quot;: 0,
  &quot;riderId&quot;: null,
  &quot;password&quot;: null,
  &quot;passwordConfirm&quot;: null,
  &quot;imageFile&quot;: null,
  &quot;referralCode&quot;: null,
  &quot;imageUrl&quot;: null,
  &quot;customerId&quot;: null,
  &quot;id&quot;: &quot;c1d9c7f9-3f33-4288-9d17-a17892acfaf7&quot;,
  &quot;nationalSecurityNumber&quot;: null,
  &quot;email&quot;: &quot;hexf2mt@grr.la&quot;,
  &quot;isBlockedCodeCampaign&quot;: false,
  &quot;fullName&quot;: &quot;Dr. Luana Jakubowski&quot;,
  &quot;employeeId&quot;: null,
  &quot;userId&quot;: &quot;0f79d6bb-6c5e-4c05-8d43-7a2d5aecd0da&quot;,
  &quot;lastActiveAt&quot;: &quot;0001-01-01T00:00:00.000Z&quot;,
  &quot;firstName&quot;: &quot;Dr.&quot;,
  &quot;phoneNumber&quot;: &quot;5324348808&quot;,
  &quot;roleIds&quot;: null,
  &quot;statusText&quot;: &quot;Active&quot;,
  &quot;orders&quot;: null,
  &quot;lastActiveIp&quot;: null,
  &quot;residenceAddress&quot;: null,
  &quot;status&quot;: 1
}
 
15:25:50.373 [pool-1-thread-3] INFO  com.intuit.karate - [print] customer create response --&gt; {
  &quot;lastName&quot;: &quot;Hilpert&quot;,
  &quot;deliveryAddresses&quot;: [
  ],
  &quot;imagePath&quot;: null,
  &quot;roles&quot;: [
  ],
  &quot;lastOrderDate&quot;: null,
  &quot;registerType&quot;: 0,
  &quot;phoneCountry&quot;: {
    &quot;name&quot;: &quot;Russian Federation&quot;,
    &quot;id&quot;: &quot;59c4edba-f347-45b3-a5c9-aed7ac852ff8&quot;
  },
  &quot;customerStatus&quot;: 0,
  &quot;riderId&quot;: null,
  &quot;password&quot;: null,
  &quot;passwordConfirm&quot;: null,
  &quot;imageFile&quot;: null,
  &quot;referralCode&quot;: null,
  &quot;imageUrl&quot;: null,
  &quot;customerId&quot;: null,
  &quot;id&quot;: &quot;c6668482-3678-42a0-9215-6e394f580b27&quot;,
  &quot;nationalSecurityNumber&quot;: null,
  &quot;email&quot;: &quot;mmjsuvx@grr.la&quot;,
  &quot;isBlockedCodeCampaign&quot;: false,
  &quot;fullName&quot;: &quot;Jessi Hilpert&quot;,
  &quot;employeeId&quot;: null,
  &quot;userId&quot;: &quot;5e3e4011-4470-433b-89eb-458cc249b54a&quot;,
  &quot;lastActiveAt&quot;: &quot;0001-01-01T00:00:00.000Z&quot;,
  &quot;firstName&quot;: &quot;Jessi&quot;,
  &quot;phoneNumber&quot;: &quot;3536353946&quot;,
  &quot;roleIds&quot;: null,
  &quot;statusText&quot;: &quot;Active&quot;,
  &quot;orders&quot;: null,
  &quot;lastActiveIp&quot;: null,
  &quot;residenceAddress&quot;: null,
  &quot;status&quot;: 1
}
 
15:25:50.671 [pool-1-thread-5] INFO  com.intuit.karate - [print] customer create response --&gt; {
  &quot;lastName&quot;: &quot;Johnson&quot;,
  &quot;deliveryAddresses&quot;: [
  ],
  &quot;imagePath&quot;: null,
  &quot;roles&quot;: [
  ],
  &quot;lastOrderDate&quot;: null,
  &quot;registerType&quot;: 0,
  &quot;phoneCountry&quot;: {
    &quot;name&quot;: &quot;Russian Federation&quot;,
    &quot;id&quot;: &quot;59c4edba-f347-45b3-a5c9-aed7ac852ff8&quot;
  },
  &quot;customerStatus&quot;: 0,
  &quot;riderId&quot;: null,
  &quot;password&quot;: null,
  &quot;passwordConfirm&quot;: null,
  &quot;imageFile&quot;: null,
  &quot;referralCode&quot;: null,
  &quot;imageUrl&quot;: null,
  &quot;customerId&quot;: null,
  &quot;id&quot;: &quot;b76cd4be-de07-4949-aae7-260ea3a1d062&quot;,
  &quot;nationalSecurityNumber&quot;: null,
  &quot;email&quot;: &quot;nstbhm8@grr.la&quot;,
  &quot;isBlockedCodeCampaign&quot;: false,
  &quot;fullName&quot;: &quot;Herma Johnson&quot;,
  &quot;employeeId&quot;: null,
  &quot;userId&quot;: &quot;4dd9013e-58f4-4cf9-886d-6cb78b38d380&quot;,
  &quot;lastActiveAt&quot;: &quot;0001-01-01T00:00:00.000Z&quot;,
  &quot;firstName&quot;: &quot;Herma&quot;,
  &quot;phoneNumber&quot;: &quot;5773466691&quot;,
  &quot;roleIds&quot;: null,
  &quot;statusText&quot;: &quot;Active&quot;,
  &quot;orders&quot;: null,
  &quot;lastActiveIp&quot;: null,
  &quot;residenceAddress&quot;: null,
  &quot;status&quot;: 1
}
 
15:25:51.184 [pool-1-thread-2] INFO  com.intuit.karate - [print] customer create response --&gt; {
  &quot;lastName&quot;: &quot;Wiza&quot;,
  &quot;deliveryAddresses&quot;: [
  ],
  &quot;imagePath&quot;: null,
  &quot;roles&quot;: [
  ],
  &quot;lastOrderDate&quot;: null,
  &quot;registerType&quot;: 0,
  &quot;phoneCountry&quot;: {
    &quot;name&quot;: &quot;Russian Federation&quot;,
    &quot;id&quot;: &quot;59c4edba-f347-45b3-a5c9-aed7ac852ff8&quot;
  },
  &quot;customerStatus&quot;: 0,
  &quot;riderId&quot;: null,
  &quot;password&quot;: null,
  &quot;passwordConfirm&quot;: null,
  &quot;imageFile&quot;: null,
  &quot;referralCode&quot;: null,
  &quot;imageUrl&quot;: null,
  &quot;customerId&quot;: null,
  &quot;id&quot;: &quot;a7f41ef1-304e-440a-a677-165191f7ef82&quot;,
  &quot;nationalSecurityNumber&quot;: null,
  &quot;email&quot;: &quot;bzrapoj@grr.la&quot;,
  &quot;isBlockedCodeCampaign&quot;: false,
  &quot;fullName&quot;: &quot;Herschel Wiza&quot;,
  &quot;employeeId&quot;: null,
  &quot;userId&quot;: &quot;a76222e6-4bde-4fef-af23-9d11e7e2b6a0&quot;,
  &quot;lastActiveAt&quot;: &quot;0001-01-01T00:00:00.000Z&quot;,
  &quot;firstName&quot;: &quot;Herschel&quot;,
  &quot;phoneNumber&quot;: &quot;7850031622&quot;,
  &quot;roleIds&quot;: null,
  &quot;statusText&quot;: &quot;Active&quot;,
  &quot;orders&quot;: null,
  &quot;lastActiveIp&quot;: null,
  &quot;residenceAddress&quot;: null,
  &quot;status&quot;: 1
}
 
15:25:51.229 [pool-1-thread-4] INFO  com.intuit.karate - [print] customer create response --&gt; {
  &quot;lastName&quot;: &quot;Mayert&quot;,
  &quot;deliveryAddresses&quot;: [
  ],
  &quot;imagePath&quot;: null,
  &quot;roles&quot;: [
  ],
  &quot;lastOrderDate&quot;: null,
  &quot;registerType&quot;: 0,
  &quot;phoneCountry&quot;: {
    &quot;name&quot;: &quot;Russian Federation&quot;,
    &quot;id&quot;: &quot;59c4edba-f347-45b3-a5c9-aed7ac852ff8&quot;
  },
  &quot;customerStatus&quot;: 0,
  &quot;riderId&quot;: null,
  &quot;password&quot;: null,
  &quot;passwordConfirm&quot;: null,
  &quot;imageFile&quot;: null,
  &quot;referralCode&quot;: null,
  &quot;imageUrl&quot;: null,
  &quot;customerId&quot;: null,
  &quot;id&quot;: &quot;81700a8c-18cb-49c4-bf7b-1bfdc3c0c6f7&quot;,
  &quot;nationalSecurityNumber&quot;: null,
  &quot;email&quot;: &quot;5pjnakf@grr.la&quot;,
  &quot;isBlockedCodeCampaign&quot;: false,
  &quot;fullName&quot;: &quot;Verena Mayert&quot;,
  &quot;employeeId&quot;: null,
  &quot;userId&quot;: &quot;8d3f40ea-bddb-4c8b-a12e-88c00cdbaae9&quot;,
  &quot;lastActiveAt&quot;: &quot;0001-01-01T00:00:00.000Z&quot;,
  &quot;firstName&quot;: &quot;Verena&quot;,
  &quot;phoneNumber&quot;: &quot;4748616287&quot;,
  &quot;roleIds&quot;: null,
  &quot;statusText&quot;: &quot;Active&quot;,
  &quot;orders&quot;: null,
  &quot;lastActiveIp&quot;: null,
  &quot;residenceAddress&quot;: null,
  &quot;status&quot;: 1
}
 
15:25:51.334 [pool-1-thread-1] INFO  com.intuit.karate - [print] customer edit fail scenario response --&gt; {
  &quot;visible&quot;: true,
  &quot;action&quot;: &quot;default&quot;,
  &quot;messages&quot;: [
    &quot;Error converting value \&quot;wrong\&quot; to type &apos;System.Guid&apos;. Path &apos;id&apos;, line 1, position 13.&quot;
  ],
  &quot;validations&quot;: {
    &quot;id&quot;: [
      &quot;Error converting value \&quot;wrong\&quot; to type &apos;System.Guid&apos;. Path &apos;id&apos;, line 1, position 13.&quot;
    ]
  },
  &quot;type&quot;: &quot;validation&quot;,
  &quot;title&quot;: null,
  &quot;message&quot;: &quot;Error converting value \&quot;wrong\&quot; to type &apos;System.Guid&apos;. Path &apos;id&apos;, line 1, position 13.&quot;,
  &quot;typeCode&quot;: 400
}
 
15:25:51.342 [pool-1-thread-1] INFO  com.intuit.karate - Environment variable is : popcorn 
15:25:51.480 [pool-1-thread-3] INFO  com.intuit.karate - [print] customer edit fail scenario response --&gt; {
  &quot;visible&quot;: true,
  &quot;action&quot;: &quot;default&quot;,
  &quot;messages&quot;: [
    &quot;Email.NotValid&quot;
  ],
  &quot;validations&quot;: {
    &quot;email&quot;: [
      &quot;Email.NotValid&quot;
    ]
  },
  &quot;type&quot;: &quot;validation&quot;,
  &quot;title&quot;: null,
  &quot;message&quot;: &quot;Email.NotValid&quot;,
  &quot;typeCode&quot;: 400
}
 
15:25:51.486 [pool-1-thread-3] INFO  com.intuit.karate - Environment variable is : popcorn 
15:25:52.211 [pool-1-thread-3] INFO  com.intuit.karate - [print] response --&gt;  {
  &quot;visible&quot;: true,
  &quot;action&quot;: &quot;default&quot;,
  &quot;messages&quot;: [
    &quot;User Authorization Error&quot;
  ],
  &quot;type&quot;: &quot;authorization&quot;,
  &quot;title&quot;: null,
  &quot;message&quot;: &quot;User Authorization Error&quot;,
  &quot;typeCode&quot;: 401
}
 
15:25:52.215 [pool-1-thread-3] INFO  com.intuit.karate - Environment variable is : popcorn 
15:25:52.363 [pool-1-thread-5] INFO  com.intuit.karate - [print] customer edit fail scenario response --&gt; {
  &quot;visible&quot;: true,
  &quot;action&quot;: &quot;default&quot;,
  &quot;messages&quot;: [
    &quot;Error converting value \&quot;wrong\&quot; to type &apos;System.Guid&apos;. Path &apos;phoneCountryId&apos;, line 1, position 97.&quot;
  ],
  &quot;validations&quot;: {
    &quot;phoneCountryId&quot;: [
      &quot;Error converting value \&quot;wrong\&quot; to type &apos;System.Guid&apos;. Path &apos;phoneCountryId&apos;, line 1, position 97.&quot;
    ]
  },
  &quot;type&quot;: &quot;validation&quot;,
  &quot;title&quot;: null,
  &quot;message&quot;: &quot;Error converting value \&quot;wrong\&quot; to type &apos;System.Guid&apos;. Path &apos;phoneCountryId&apos;, line 1, position 97.&quot;,
  &quot;typeCode&quot;: 400
}
 
15:25:52.364 [pool-1-thread-4] INFO  com.intuit.karate - [print] customer find response --&gt;  {
  &quot;lastName&quot;: &quot;Mayert&quot;,
  &quot;deliveryAddresses&quot;: [
  ],
  &quot;imagePath&quot;: null,
  &quot;roles&quot;: [
  ],
  &quot;lastOrderDate&quot;: null,
  &quot;registerType&quot;: 0,
  &quot;phoneCountry&quot;: {
    &quot;name&quot;: &quot;Russian Federation&quot;,
    &quot;id&quot;: &quot;59c4edba-f347-45b3-a5c9-aed7ac852ff8&quot;
  },
  &quot;customerStatus&quot;: 1,
  &quot;riderId&quot;: null,
  &quot;password&quot;: &quot;D328D517E09060D1AAD34F3FB12D82AB8E9A15D81032638698758ADD385A9454&quot;,
  &quot;passwordConfirm&quot;: null,
  &quot;imageFile&quot;: null,
  &quot;referralCode&quot;: null,
  &quot;imageUrl&quot;: null,
  &quot;customerId&quot;: &quot;81700a8c-18cb-49c4-bf7b-1bfdc3c0c6f7&quot;,
  &quot;id&quot;: &quot;8d3f40ea-bddb-4c8b-a12e-88c00cdbaae9&quot;,
  &quot;nationalSecurityNumber&quot;: null,
  &quot;email&quot;: &quot;5pjnakf@grr.la&quot;,
  &quot;isBlockedCodeCampaign&quot;: false,
  &quot;fullName&quot;: &quot;Verena Mayert&quot;,
  &quot;employeeId&quot;: null,
  &quot;userId&quot;: &quot;8d3f40ea-bddb-4c8b-a12e-88c00cdbaae9&quot;,
  &quot;lastActiveAt&quot;: &quot;0001-01-01T00:00:00.000Z&quot;,
  &quot;firstName&quot;: &quot;Verena&quot;,
  &quot;phoneNumber&quot;: &quot;4748616287&quot;,
  &quot;roleIds&quot;: null,
  &quot;statusText&quot;: &quot;Active&quot;,
  &quot;orders&quot;: null,
  &quot;lastActiveIp&quot;: null,
  &quot;residenceAddress&quot;: null,
  &quot;status&quot;: 1
}
 
15:25:52.367 [pool-1-thread-5] INFO  com.intuit.karate - Environment variable is : popcorn 
15:25:52.388 [pool-1-thread-2] INFO  com.intuit.karate - [print] customer find without authorization response --&gt;  {
  &quot;visible&quot;: true,
  &quot;action&quot;: &quot;default&quot;,
  &quot;messages&quot;: [
    &quot;User Authorization Error&quot;
  ],
  &quot;type&quot;: &quot;authorization&quot;,
  &quot;title&quot;: null,
  &quot;message&quot;: &quot;User Authorization Error&quot;,
  &quot;typeCode&quot;: 401
}
 
15:25:52.389 [pool-1-thread-4] INFO  com.intuit.karate - Environment variable is : popcorn 
15:25:52.393 [pool-1-thread-2] INFO  com.intuit.karate - Environment variable is : popcorn 
---------------------------------------------------------
feature: classpath:features/userApi/customer/customer_edit.feature
scenarios:  9 | passed:  9 | failed:  0 | time: 43.9969
---------------------------------------------------------

15:25:52.851 [pool-2-thread-1] INFO  com.intuit.karate.Suite - &lt;&lt;pass&gt;&gt; feature 13 of 33 (20 remaining) classpath:features/userApi/customer/customer_edit.feature
15:25:52.861 [pool-1-thread-3] INFO  com.intuit.karate - [print] push notification setting by user response --&gt; [
  {
    &quot;userExternalId&quot;: &quot;729e2ca4-b5c2-4a38-88e8-f8f3914b9846&quot;,
    &quot;userId&quot;: &quot;68b59900-5e5d-4c83-b4bf-9206344af7d8&quot;,
    &quot;deliveryPushAllowed&quot;: false
  }
]
 
15:25:52.870 [pool-1-thread-3] INFO  com.intuit.karate - Environment variable is : popcorn 
---------------------------------------------------------
feature: classpath:features/userApi/customer/customer_find.feature
scenarios:  2 | passed:  2 | failed:  0 | time: 6.7347
---------------------------------------------------------

15:25:52.986 [pool-2-thread-1] INFO  com.intuit.karate.Suite - &lt;&lt;pass&gt;&gt; feature 14 of 33 (19 remaining) classpath:features/userApi/customer/customer_find.feature
15:25:53.115 [pool-1-thread-4] INFO  com.intuit.karate - [print] response --&gt;  &quot;68b59900-5e5d-4c83-b4bf-9206344af7d8&quot; 
15:25:53.144 [pool-1-thread-4] INFO  com.intuit.karate - Environment variable is : popcorn 
15:25:53.178 [pool-1-thread-5] INFO  com.intuit.karate - Environment variable is : popcorn 
15:25:53.278 [pool-1-thread-2] INFO  com.intuit.karate - Environment variable is : popcorn 
15:25:53.852 [pool-1-thread-1] INFO  com.intuit.karate - [print] get notification settings response --&gt;  {
  &quot;campaignEmailAllowed&quot;: false,
  &quot;deliveryEmailAllowed&quot;: false,
  &quot;campaignPushAllowed&quot;: true,
  &quot;campaignSmsAllowed&quot;: false,
  &quot;deliverySmsAllowed&quot;: true,
  &quot;deliveryPushAllowed&quot;: false
}
 
15:25:53.862 [pool-1-thread-1] INFO  com.intuit.karate - Environment variable is : popcorn 
---------------------------------------------------------
feature: classpath:features/userApi/customer/customer_get_notification_settings.feature
scenarios:  2 | passed:  2 | failed:  0 | time: 3.2371
---------------------------------------------------------

15:25:53.904 [pool-2-thread-1] INFO  com.intuit.karate.Suite - &lt;&lt;pass&gt;&gt; feature 15 of 33 (18 remaining) classpath:features/userApi/customer/customer_get_notification_settings.feature
---------------------------------------------------------
feature: classpath:features/userApi/customer/customer_get_push_notification_setting_by_users.feature
scenarios:  2 | passed:  2 | failed:  0 | time: 1.4531
---------------------------------------------------------

15:25:53.932 [pool-2-thread-1] INFO  com.intuit.karate.Suite - &lt;&lt;pass&gt;&gt; feature 16 of 33 (17 remaining) classpath:features/userApi/customer/customer_get_push_notification_setting_by_users.feature
---------------------------------------------------------
feature: classpath:features/userApi/customer/customer_get_userid_by_referralcode.feature
scenarios:  2 | passed:  2 | failed:  0 | time: 1.6235
---------------------------------------------------------

15:25:53.957 [pool-2-thread-1] INFO  com.intuit.karate.Suite - &lt;&lt;pass&gt;&gt; feature 17 of 33 (16 remaining) classpath:features/userApi/customer/customer_get_userid_by_referralcode.feature
15:25:54.271 [pool-1-thread-3] INFO  com.intuit.karate - [print] customer list response --&gt;  {
  &quot;page&quot;: {
    &quot;pageNumber&quot;: 0,
    &quot;pageSize&quot;: 0,
    &quot;hasNext&quot;: false,
    &quot;totalCount&quot;: 2
  },
  &quot;items&quot;: [
    {
      &quot;lastName&quot;: &quot;&quot;,
      &quot;imagePath&quot;: null,
      &quot;roles&quot;: [
      ],
      &quot;orderCount&quot;: 0,
      &quot;fullName&quot;: &quot;teasdst&quot;,
      &quot;title&quot;: null,
      &quot;firstName&quot;: &quot;teasdst&quot;,
      &quot;createdAt&quot;: &quot;2021-12-20T21:43:31.986Z&quot;,
      &quot;phoneNumber&quot;: &quot;123123123112323&quot;,
      &quot;roleIds&quot;: null,
      &quot;imageUrl&quot;: null,
      &quot;statusText&quot;: &quot;Blocked&quot;,
      &quot;referralCode&quot;: null,
      &quot;statusName&quot;: &quot;be.user.enums.userstatus.blocked&quot;,
      &quot;phoneCountryId&quot;: &quot;a82b2d38-c995-4339-b436-43cabf8d3651&quot;,
      &quot;id&quot;: &quot;8e470473-c1c6-45bb-b4a1-b57867090a0e&quot;,
      &quot;email&quot;: &quot;test@testetasdet.com&quot;,
      &quot;status&quot;: 2,
      &quot;updatedAt&quot;: &quot;2021-12-20T22:09:47.240Z&quot;
    },
    {
      &quot;lastName&quot;: null,
      &quot;imagePath&quot;: null,
      &quot;roles&quot;: [
      ],
      &quot;orderCount&quot;: 0,
      &quot;fullName&quot;: null,
      &quot;title&quot;: null,
      &quot;firstName&quot;: null,
      &quot;createdAt&quot;: &quot;2021-10-28T10:37:47.070Z&quot;,
      &quot;phoneNumber&quot;: &quot;55555&quot;,
      &quot;roleIds&quot;: null,
      &quot;imageUrl&quot;: null,
      &quot;statusText&quot;: &quot;Blocked&quot;,
      &quot;referralCode&quot;: null,
      &quot;statusName&quot;: &quot;be.user.enums.userstatus.blocked&quot;,
      &quot;phoneCountryId&quot;: &quot;81a2f978-226e-46e5-87b1-950e67b7f550&quot;,
      &quot;id&quot;: &quot;55715d27-1aa5-49f0-8739-6f299af9b6fe&quot;,
      &quot;email&quot;: &quot;cakmamail@cakma.com&quot;,
      &quot;status&quot;: 2,
      &quot;updatedAt&quot;: &quot;2021-10-28T10:37:47.070Z&quot;
    }
  ]
}
 
15:25:54.295 [pool-1-thread-3] INFO  com.intuit.karate - Environment variable is : popcorn 
15:25:54.528 [pool-1-thread-5] INFO  com.intuit.karate - [print] {
  &quot;visible&quot;: true,
  &quot;action&quot;: &quot;default&quot;,
  &quot;messages&quot;: [
    &quot;UnAuthorized&quot;
  ],
  &quot;type&quot;: &quot;authorization&quot;,
  &quot;title&quot;: null,
  &quot;message&quot;: &quot;UnAuthorized&quot;,
  &quot;typeCode&quot;: 401
}
 
15:25:54.546 [pool-1-thread-5] INFO  com.intuit.karate - Environment variable is : popcorn 
15:25:54.606 [pool-1-thread-2] INFO  com.intuit.karate - [print] {
  &quot;visible&quot;: true,
  &quot;action&quot;: &quot;default&quot;,
  &quot;messages&quot;: [
    &quot;UnAuthorized&quot;
  ],
  &quot;type&quot;: &quot;authorization&quot;,
  &quot;title&quot;: null,
  &quot;message&quot;: &quot;UnAuthorized&quot;,
  &quot;typeCode&quot;: 401
}
 
15:25:54.611 [pool-1-thread-2] INFO  com.intuit.karate - Environment variable is : popcorn 
15:25:54.848 [pool-1-thread-4] INFO  com.intuit.karate - [print] customer list without authorization response --&gt;  {
  &quot;visible&quot;: true,
  &quot;action&quot;: &quot;default&quot;,
  &quot;messages&quot;: [
    &quot;User Authorization Error&quot;
  ],
  &quot;type&quot;: &quot;authorization&quot;,
  &quot;title&quot;: null,
  &quot;message&quot;: &quot;User Authorization Error&quot;,
  &quot;typeCode&quot;: 401
}
 
15:25:54.859 [pool-1-thread-4] INFO  com.intuit.karate - Environment variable is : popcorn 
---------------------------------------------------------
feature: classpath:features/userApi/customer/customer_list.feature
scenarios:  2 | passed:  2 | failed:  0 | time: 3.1102
---------------------------------------------------------

15:25:54.909 [pool-2-thread-1] INFO  com.intuit.karate.Suite - &lt;&lt;pass&gt;&gt; feature 18 of 33 (15 remaining) classpath:features/userApi/customer/customer_list.feature
15:25:55.210 [pool-1-thread-1] INFO  com.intuit.karate - [print] {
  &quot;visible&quot;: true,
  &quot;action&quot;: &quot;default&quot;,
  &quot;messages&quot;: [
    &quot;UnAuthorized&quot;
  ],
  &quot;type&quot;: &quot;authorization&quot;,
  &quot;title&quot;: null,
  &quot;message&quot;: &quot;UnAuthorized&quot;,
  &quot;typeCode&quot;: 401
}
 
15:25:55.224 [pool-1-thread-1] INFO  com.intuit.karate - Environment variable is : popcorn 
15:25:55.232 [pool-1-thread-1] INFO  c.intuit.karate.core.FeatureRuntime - scenario called at line: 14 by tag: @loginWithPhoneValue
15:25:55.557 [pool-1-thread-3] INFO  com.intuit.karate - [print] {
  &quot;visible&quot;: true,
  &quot;action&quot;: &quot;default&quot;,
  &quot;messages&quot;: [
    &quot;UnAuthorized&quot;
  ],
  &quot;type&quot;: &quot;authorization&quot;,
  &quot;title&quot;: null,
  &quot;message&quot;: &quot;UnAuthorized&quot;,
  &quot;typeCode&quot;: 401
}
 
15:25:55.562 [pool-1-thread-3] INFO  com.intuit.karate - Environment variable is : popcorn 
15:25:55.564 [pool-1-thread-3] INFO  c.intuit.karate.core.FeatureRuntime - scenario called at line: 14 by tag: @loginWithPhoneValue
15:25:55.714 [pool-1-thread-5] INFO  com.intuit.karate - [print] {
  &quot;visible&quot;: true,
  &quot;action&quot;: &quot;default&quot;,
  &quot;messages&quot;: [
    &quot;UnAuthorized&quot;
  ],
  &quot;type&quot;: &quot;authorization&quot;,
  &quot;title&quot;: null,
  &quot;message&quot;: &quot;UnAuthorized&quot;,
  &quot;typeCode&quot;: 401
}
 
15:25:55.718 [pool-1-thread-5] INFO  com.intuit.karate - Environment variable is : popcorn 
15:25:55.722 [pool-1-thread-5] INFO  c.intuit.karate.core.FeatureRuntime - scenario called at line: 14 by tag: @loginWithPhoneValue
15:25:55.821 [pool-1-thread-2] INFO  com.intuit.karate - [print] {
  &quot;expiresIn&quot;: 3.15359999939091E7,
  &quot;accessToken&quot;: &quot;eyJhbGciOiJIUzUxMiIsInR5cCI6IkpXVCJ9.eyJuYW1laWQiOiJidXNyYW96ZG1yLjgwMUBnbWFpbC5jb20iLCJuYW1lIjoiYnVzIGJ1cyAiLCJVc2VyVHlwZSI6IkN1c3RvbWVyIiwiTmFtZSI6ImJ1cyBidXMgIiwiRW1haWwiOiJidXNyYW96ZG1yLjgwMUBnbWFpbC5jb20iLCJVc2VySWQiOiI2OGI1OTkwMC01ZTVkLTRjODMtYjRiZi05MjA2MzQ0YWY3ZDgiLCJuYmYiOjE2NDI1OTUxNTUsImV4cCI6MTY3NDEzMTE1NSwiaWF0IjoxNjQyNTk1MTU1LCJpc3MiOiJodHRwczovL3BvcGNvcm52YW4uY29tLyIsImF1ZCI6Imh0dHBzOi8vcG9wY29ybnZhbi5jb20vIn0.gyO0DG5MbAc2kmdKhdqTVY6gzfg6S1kXgwJpvn4k870YveNwkp6lRh8B7PDeKSqfqi-UhJcY0l8q1CRX7PJ9HQ&quot;,
  &quot;user&quot;: {
    &quot;imagePath&quot;: null,
    &quot;isBlockedCodeCampaign&quot;: false,
    &quot;languageId&quot;: null,
    &quot;orderCount&quot;: 1,
    &quot;fullName&quot;: &quot;bus bus &quot;,
    &quot;languageCode&quot;: null,
    &quot;userId&quot;: &quot;68b59900-5e5d-4c83-b4bf-9206344af7d8&quot;,
    &quot;languageName&quot;: null,
    &quot;phoneAreaCode&quot;: &quot;+1&quot;,
    &quot;phoneNumber&quot;: &quot;5541394803&quot;,
    &quot;externalUserId&quot;: &quot;729e2ca4-b5c2-4a38-88e8-f8f3914b9846&quot;,
    &quot;selectedAddress&quot;: null,
    &quot;referralCode&quot;: &quot;F7DZRR6T9K&quot;,
    &quot;imageUrl&quot;: null,
    &quot;customerId&quot;: &quot;bc7ec2e5-a2e7-453b-8c16-33e7f87645f6&quot;,
    &quot;phoneCountryId&quot;: &quot;81a2f978-226e-46e5-87b1-950e67b7f550&quot;,
    &quot;email&quot;: &quot;busraozdmr.801@gmail.com&quot;
  },
  &quot;refreshToken&quot;: &quot;z++A8YZC6VwPdRtsrlwvcn2Bcqy9xKrqakG2KBsSNd7ElGq657Dw0/T0s0k=&quot;
}
 
15:25:55.828 [pool-1-thread-2] INFO  com.intuit.karate - Environment variable is : popcorn 
15:25:55.830 [pool-1-thread-2] INFO  c.intuit.karate.core.FeatureRuntime - scenario called at line: 14 by tag: @loginWithPhoneValue
---------------------------------------------------------
feature: classpath:features/userApi/customer/customer_login.feature
scenarios:  6 | passed:  6 | failed:  0 | time: 7.6700
---------------------------------------------------------

15:25:55.906 [pool-2-thread-1] INFO  com.intuit.karate.Suite - &lt;&lt;pass&gt;&gt; feature 19 of 33 (14 remaining) classpath:features/userApi/customer/customer_login.feature
15:25:56.898 [pool-1-thread-3] INFO  com.intuit.karate - [print] Customer Register response --&gt;  {
  &quot;visible&quot;: true,
  &quot;action&quot;: &quot;default&quot;,
  &quot;messages&quot;: [
    &quot;OtpVerification&quot;
  ],
  &quot;type&quot;: &quot;otpverification&quot;,
  &quot;title&quot;: null,
  &quot;message&quot;: &quot;OtpVerification&quot;,
  &quot;typeCode&quot;: 203
}
 
15:25:56.989 [pool-1-thread-4] INFO  com.intuit.karate - Environment variable is : popcorn 
15:25:56.995 [pool-1-thread-4] INFO  c.intuit.karate.core.FeatureRuntime - scenario called at line: 14 by tag: @loginWithPhoneValue
---------------------------------------------------------
feature: classpath:features/userApi/customer/customer_login_authentication.feature
scenarios:  1 | passed:  1 | failed:  0 | time: 2.1191
---------------------------------------------------------

15:25:57.027 [pool-2-thread-1] INFO  com.intuit.karate.Suite - &lt;&lt;pass&gt;&gt; feature 20 of 33 (13 remaining) classpath:features/userApi/customer/customer_login_authentication.feature
15:25:57.946 [pool-1-thread-3] INFO  com.intuit.karate - [print] response login with phone--&gt;  {
  &quot;visible&quot;: true,
  &quot;action&quot;: &quot;default&quot;,
  &quot;messages&quot;: [
    &quot;Error converting value \&quot;123\&quot; to type &apos;System.Guid&apos;. Path &apos;phoneCountryId&apos;, line 1, position 23.&quot;
  ],
  &quot;validations&quot;: {
    &quot;phoneCountryId&quot;: [
      &quot;Error converting value \&quot;123\&quot; to type &apos;System.Guid&apos;. Path &apos;phoneCountryId&apos;, line 1, position 23.&quot;
    ]
  },
  &quot;type&quot;: &quot;validation&quot;,
  &quot;title&quot;: null,
  &quot;message&quot;: &quot;Error converting value \&quot;123\&quot; to type &apos;System.Guid&apos;. Path &apos;phoneCountryId&apos;, line 1, position 23.&quot;,
  &quot;typeCode&quot;: 400
}
 
15:25:57.957 [pool-1-thread-3] INFO  com.intuit.karate - Environment variable is : popcorn 
15:25:57.968 [pool-1-thread-3] INFO  c.intuit.karate.core.FeatureRuntime - scenario called at line: 14 by tag: @loginWithPhoneValue
15:26:00.308 [pool-1-thread-1] INFO  com.intuit.karate - [print] Customer Register response --&gt;  {
  &quot;visible&quot;: true,
  &quot;action&quot;: &quot;default&quot;,
  &quot;messages&quot;: [
    &quot;OtpVerification&quot;
  ],
  &quot;type&quot;: &quot;otpverification&quot;,
  &quot;title&quot;: null,
  &quot;message&quot;: &quot;OtpVerification&quot;,
  &quot;typeCode&quot;: 203
}
 
15:26:00.881 [pool-1-thread-5] INFO  com.intuit.karate - [print] Customer Register response --&gt;  {
  &quot;visible&quot;: true,
  &quot;action&quot;: &quot;default&quot;,
  &quot;messages&quot;: [
    &quot;OtpVerification&quot;
  ],
  &quot;type&quot;: &quot;otpverification&quot;,
  &quot;title&quot;: null,
  &quot;message&quot;: &quot;OtpVerification&quot;,
  &quot;typeCode&quot;: 203
}
 
15:26:01.080 [pool-1-thread-2] INFO  com.intuit.karate - [print] Customer Register response --&gt;  {
  &quot;visible&quot;: true,
  &quot;action&quot;: &quot;default&quot;,
  &quot;messages&quot;: [
    &quot;OtpVerification&quot;
  ],
  &quot;type&quot;: &quot;otpverification&quot;,
  &quot;title&quot;: null,
  &quot;message&quot;: &quot;OtpVerification&quot;,
  &quot;typeCode&quot;: 203
}
 
15:26:01.188 [pool-1-thread-3] INFO  com.intuit.karate - [print] Customer Register response --&gt;  {
  &quot;visible&quot;: true,
  &quot;action&quot;: &quot;default&quot;,
  &quot;messages&quot;: [
    &quot;OtpVerification&quot;
  ],
  &quot;type&quot;: &quot;otpverification&quot;,
  &quot;title&quot;: null,
  &quot;message&quot;: &quot;OtpVerification&quot;,
  &quot;typeCode&quot;: 203
}
 
15:26:01.188 [pool-1-thread-4] INFO  com.intuit.karate - [print] Customer Register response --&gt;  {
  &quot;visible&quot;: true,
  &quot;action&quot;: &quot;default&quot;,
  &quot;messages&quot;: [
    &quot;OtpVerification&quot;
  ],
  &quot;type&quot;: &quot;otpverification&quot;,
  &quot;title&quot;: null,
  &quot;message&quot;: &quot;OtpVerification&quot;,
  &quot;typeCode&quot;: 203
}
 
15:26:01.572 [pool-1-thread-5] INFO  com.intuit.karate - [print] response login with phone--&gt;  {
  &quot;visible&quot;: true,
  &quot;action&quot;: &quot;default&quot;,
  &quot;messages&quot;: [
    &quot;Error converting value \&quot;\&quot; to type &apos;System.Guid&apos;. Path &apos;phoneCountryId&apos;, line 1, position 20.&quot;
  ],
  &quot;validations&quot;: {
    &quot;phoneCountryId&quot;: [
      &quot;Error converting value \&quot;\&quot; to type &apos;System.Guid&apos;. Path &apos;phoneCountryId&apos;, line 1, position 20.&quot;
    ]
  },
  &quot;type&quot;: &quot;validation&quot;,
  &quot;title&quot;: null,
  &quot;message&quot;: &quot;Error converting value \&quot;\&quot; to type &apos;System.Guid&apos;. Path &apos;phoneCountryId&apos;, line 1, position 20.&quot;,
  &quot;typeCode&quot;: 400
}
 
15:26:01.584 [pool-1-thread-5] INFO  com.intuit.karate - Environment variable is : popcorn 
15:26:01.783 [pool-1-thread-1] INFO  com.intuit.karate - [print] response login with phone--&gt;  {
  &quot;visible&quot;: true,
  &quot;action&quot;: &quot;default&quot;,
  &quot;messages&quot;: [
    &quot;OtpVerification&quot;
  ],
  &quot;type&quot;: &quot;otpverification&quot;,
  &quot;title&quot;: null,
  &quot;message&quot;: &quot;OtpVerification&quot;,
  &quot;typeCode&quot;: 203
}
 
15:26:01.796 [pool-1-thread-1] INFO  com.intuit.karate - Environment variable is : popcorn 
15:26:02.184 [pool-1-thread-3] INFO  com.intuit.karate - [print] response login with phone--&gt;  {
  &quot;visible&quot;: true,
  &quot;action&quot;: &quot;default&quot;,
  &quot;messages&quot;: [
    &quot;be.user.length&quot;,
    &quot;This user does not exist. Please Sign up.&quot;
  ],
  &quot;validations&quot;: {
    &quot;phoneNumber&quot;: [
      &quot;be.user.length&quot;,
      &quot;This user does not exist. Please Sign up.&quot;
    ]
  },
  &quot;type&quot;: &quot;validation&quot;,
  &quot;title&quot;: null,
  &quot;message&quot;: &quot;be.user.length&quot;,
  &quot;typeCode&quot;: 400
}
 
15:26:02.184 [pool-1-thread-2] INFO  com.intuit.karate - [print] response login with phone--&gt;  {
  &quot;visible&quot;: true,
  &quot;action&quot;: &quot;default&quot;,
  &quot;messages&quot;: [
    &quot;This user does not exist. Please Sign up.&quot;
  ],
  &quot;validations&quot;: {
    &quot;phoneNumber&quot;: [
      &quot;This user does not exist. Please Sign up.&quot;
    ]
  },
  &quot;type&quot;: &quot;validation&quot;,
  &quot;title&quot;: null,
  &quot;message&quot;: &quot;This user does not exist. Please Sign up.&quot;,
  &quot;typeCode&quot;: 400
}
 
15:26:02.191 [pool-1-thread-3] INFO  com.intuit.karate - Environment variable is : popcorn 
15:26:02.192 [pool-1-thread-2] INFO  com.intuit.karate - Environment variable is : popcorn 
15:26:02.766 [pool-1-thread-1] INFO  com.intuit.karate - [print] response --&gt;  {
  &quot;visible&quot;: true,
  &quot;action&quot;: &quot;default&quot;,
  &quot;messages&quot;: [
    &quot;be.user.length&quot;
  ],
  &quot;validations&quot;: {
    &quot;password&quot;: [
      &quot;be.user.length&quot;
    ]
  },
  &quot;type&quot;: &quot;validation&quot;,
  &quot;title&quot;: null,
  &quot;message&quot;: &quot;be.user.length&quot;,
  &quot;typeCode&quot;: 400
}
 
15:26:02.776 [pool-1-thread-1] INFO  com.intuit.karate - Environment variable is : popcorn 
15:26:02.899 [pool-1-thread-5] INFO  com.intuit.karate - [print] Customer Register response --&gt;  {
  &quot;visible&quot;: true,
  &quot;action&quot;: &quot;default&quot;,
  &quot;messages&quot;: [
    &quot;OtpVerification&quot;
  ],
  &quot;type&quot;: &quot;otpverification&quot;,
  &quot;title&quot;: null,
  &quot;message&quot;: &quot;OtpVerification&quot;,
  &quot;typeCode&quot;: 203
}
 
15:26:02.901 [pool-1-thread-4] INFO  com.intuit.karate - [print] response login with phone--&gt;  {
  &quot;visible&quot;: true,
  &quot;action&quot;: &quot;default&quot;,
  &quot;messages&quot;: [
    &quot;This user does not exist. Please Sign up.&quot;
  ],
  &quot;validations&quot;: {
    &quot;phoneNumber&quot;: [
      &quot;This user does not exist. Please Sign up.&quot;
    ]
  },
  &quot;type&quot;: &quot;validation&quot;,
  &quot;title&quot;: null,
  &quot;message&quot;: &quot;This user does not exist. Please Sign up.&quot;,
  &quot;typeCode&quot;: 400
}
 
15:26:02.917 [pool-1-thread-5] INFO  com.intuit.karate - Environment variable is : popcorn 
15:26:02.917 [pool-1-thread-4] INFO  com.intuit.karate - Environment variable is : popcorn 
---------------------------------------------------------
feature: classpath:features/userApi/customer/customer_login_with_phone.feature
scenarios:  6 | passed:  6 | failed:  0 | time: 31.2812
---------------------------------------------------------

15:26:03.047 [pool-2-thread-1] INFO  com.intuit.karate.Suite - &lt;&lt;pass&gt;&gt; feature 21 of 33 (12 remaining) classpath:features/userApi/customer/customer_login_with_phone.feature
15:26:03.296 [pool-1-thread-2] INFO  com.intuit.karate - [print] response --&gt;  {
  &quot;visible&quot;: true,
  &quot;action&quot;: &quot;default&quot;,
  &quot;messages&quot;: [
    &quot;Error converting value \&quot;\&quot; to type &apos;System.Guid&apos;. Path &apos;phoneCountryId&apos;, line 1, position 68.&quot;
  ],
  &quot;validations&quot;: {
    &quot;phoneCountryId&quot;: [
      &quot;Error converting value \&quot;\&quot; to type &apos;System.Guid&apos;. Path &apos;phoneCountryId&apos;, line 1, position 68.&quot;
    ]
  },
  &quot;type&quot;: &quot;validation&quot;,
  &quot;title&quot;: null,
  &quot;message&quot;: &quot;Error converting value \&quot;\&quot; to type &apos;System.Guid&apos;. Path &apos;phoneCountryId&apos;, line 1, position 68.&quot;,
  &quot;typeCode&quot;: 400
}
 
15:26:03.313 [pool-1-thread-2] INFO  com.intuit.karate - Environment variable is : popcorn 
15:26:03.512 [pool-1-thread-3] INFO  com.intuit.karate - [print] response --&gt;  {
  &quot;visible&quot;: true,
  &quot;action&quot;: &quot;default&quot;,
  &quot;messages&quot;: [
    &quot;Please fill the required fields.&quot;,
    &quot;be.user.length&quot;
  ],
  &quot;validations&quot;: {
    &quot;password&quot;: [
      &quot;Please fill the required fields.&quot;,
      &quot;be.user.length&quot;
    ]
  },
  &quot;type&quot;: &quot;validation&quot;,
  &quot;title&quot;: null,
  &quot;message&quot;: &quot;Please fill the required fields.&quot;,
  &quot;typeCode&quot;: 400
}
 
15:26:03.519 [pool-1-thread-3] INFO  com.intuit.karate - Environment variable is : popcorn 
15:26:03.699 [pool-1-thread-1] INFO  com.intuit.karate - [print] response --&gt;  {
  &quot;visible&quot;: true,
  &quot;action&quot;: &quot;default&quot;,
  &quot;messages&quot;: [
    &quot;Error converting value \&quot;wrongdata\&quot; to type &apos;System.Guid&apos;. Path &apos;phoneCountryId&apos;, line 1, position 77.&quot;
  ],
  &quot;validations&quot;: {
    &quot;phoneCountryId&quot;: [
      &quot;Error converting value \&quot;wrongdata\&quot; to type &apos;System.Guid&apos;. Path &apos;phoneCountryId&apos;, line 1, position 77.&quot;
    ]
  },
  &quot;type&quot;: &quot;validation&quot;,
  &quot;title&quot;: null,
  &quot;message&quot;: &quot;Error converting value \&quot;wrongdata\&quot; to type &apos;System.Guid&apos;. Path &apos;phoneCountryId&apos;, line 1, position 77.&quot;,
  &quot;typeCode&quot;: 400
}
 
15:26:03.704 [pool-1-thread-1] INFO  com.intuit.karate - Environment variable is : popcorn 
15:26:03.712 [pool-1-thread-1] INFO  c.intuit.karate.core.FeatureRuntime - scenario called at line: 14 by tag: @loginWithPhoneValue
15:26:03.864 [pool-1-thread-5] INFO  com.intuit.karate - [print] response --&gt;  {
  &quot;visible&quot;: true,
  &quot;action&quot;: &quot;default&quot;,
  &quot;messages&quot;: [
    &quot;This email is not valid.&quot;
  ],
  &quot;validations&quot;: {
    &quot;email&quot;: [
      &quot;This email is not valid.&quot;
    ]
  },
  &quot;type&quot;: &quot;validation&quot;,
  &quot;title&quot;: null,
  &quot;message&quot;: &quot;This email is not valid.&quot;,
  &quot;typeCode&quot;: 400
}
 
15:26:03.868 [pool-1-thread-5] INFO  com.intuit.karate - Environment variable is : popcorn 
15:26:03.876 [pool-1-thread-5] INFO  c.intuit.karate.core.FeatureRuntime - scenario called at line: 14 by tag: @loginWithPhoneValue
15:26:03.989 [pool-1-thread-4] INFO  com.intuit.karate - [print] response --&gt;  {
  &quot;visible&quot;: true,
  &quot;action&quot;: &quot;default&quot;,
  &quot;messages&quot;: [
    &quot;OtpVerification&quot;
  ],
  &quot;type&quot;: &quot;otpverification&quot;,
  &quot;title&quot;: null,
  &quot;message&quot;: &quot;OtpVerification&quot;,
  &quot;typeCode&quot;: 203
}
 
15:26:04.003 [pool-1-thread-4] INFO  com.intuit.karate - Environment variable is : popcorn 
15:26:04.011 [pool-1-thread-4] INFO  c.intuit.karate.core.FeatureRuntime - scenario called at line: 14 by tag: @loginWithPhoneValue
15:26:04.054 [pool-1-thread-2] INFO  com.intuit.karate - [print] update notification settings response --&gt;  {
  &quot;campaignEmailAllowed&quot;: false,
  &quot;deliveryEmailAllowed&quot;: false,
  &quot;campaignPushAllowed&quot;: true,
  &quot;campaignSmsAllowed&quot;: false,
  &quot;deliverySmsAllowed&quot;: true,
  &quot;deliveryPushAllowed&quot;: false
}
 
15:26:04.057 [pool-1-thread-2] INFO  com.intuit.karate - Environment variable is : popcorn 
15:26:04.063 [pool-1-thread-2] INFO  c.intuit.karate.core.FeatureRuntime - scenario called at line: 14 by tag: @loginWithPhoneValue
---------------------------------------------------------
feature: classpath:features/userApi/customer/customer_register.feature
scenarios:  7 | passed:  7 | failed:  0 | time: 7.6551
---------------------------------------------------------

15:26:04.087 [pool-2-thread-1] INFO  com.intuit.karate.Suite - &lt;&lt;pass&gt;&gt; feature 22 of 33 (11 remaining) classpath:features/userApi/customer/customer_register.feature
15:26:04.224 [pool-1-thread-3] INFO  com.intuit.karate - Environment variable is : popcorn 
15:26:04.230 [pool-1-thread-3] INFO  c.intuit.karate.core.FeatureRuntime - scenario called at line: 14 by tag: @loginWithPhoneValue
---------------------------------------------------------
feature: classpath:features/userApi/customer/customer_update_notification_settings.feature
scenarios:  2 | passed:  2 | failed:  0 | time: 1.4418
---------------------------------------------------------

15:26:04.258 [pool-2-thread-1] INFO  com.intuit.karate.Suite - &lt;&lt;pass&gt;&gt; feature 23 of 33 (10 remaining) classpath:features/userApi/customer/customer_update_notification_settings.feature
15:26:04.798 [pool-1-thread-1] INFO  com.intuit.karate - [print] Customer Register response --&gt;  {
  &quot;visible&quot;: true,
  &quot;action&quot;: &quot;default&quot;,
  &quot;messages&quot;: [
    &quot;OtpVerification&quot;
  ],
  &quot;type&quot;: &quot;otpverification&quot;,
  &quot;title&quot;: null,
  &quot;message&quot;: &quot;OtpVerification&quot;,
  &quot;typeCode&quot;: 203
}
 
15:26:04.966 [pool-1-thread-5] INFO  com.intuit.karate - [print] Customer Register response --&gt;  {
  &quot;visible&quot;: true,
  &quot;action&quot;: &quot;default&quot;,
  &quot;messages&quot;: [
    &quot;OtpVerification&quot;
  ],
  &quot;type&quot;: &quot;otpverification&quot;,
  &quot;title&quot;: null,
  &quot;message&quot;: &quot;OtpVerification&quot;,
  &quot;typeCode&quot;: 203
}
 
15:26:05.078 [pool-1-thread-2] INFO  com.intuit.karate - [print] Customer Register response --&gt;  {
  &quot;visible&quot;: true,
  &quot;action&quot;: &quot;default&quot;,
  &quot;messages&quot;: [
    &quot;OtpVerification&quot;
  ],
  &quot;type&quot;: &quot;otpverification&quot;,
  &quot;title&quot;: null,
  &quot;message&quot;: &quot;OtpVerification&quot;,
  &quot;typeCode&quot;: 203
}
 
15:26:05.366 [pool-1-thread-4] INFO  com.intuit.karate - [print] Customer Register response --&gt;  {
  &quot;visible&quot;: true,
  &quot;action&quot;: &quot;default&quot;,
  &quot;messages&quot;: [
    &quot;OtpVerification&quot;
  ],
  &quot;type&quot;: &quot;otpverification&quot;,
  &quot;title&quot;: null,
  &quot;message&quot;: &quot;OtpVerification&quot;,
  &quot;typeCode&quot;: 203
}
 
15:26:05.452 [pool-1-thread-3] INFO  com.intuit.karate - [print] Customer Register response --&gt;  {
  &quot;visible&quot;: true,
  &quot;action&quot;: &quot;default&quot;,
  &quot;messages&quot;: [
    &quot;OtpVerification&quot;
  ],
  &quot;type&quot;: &quot;otpverification&quot;,
  &quot;title&quot;: null,
  &quot;message&quot;: &quot;OtpVerification&quot;,
  &quot;typeCode&quot;: 203
}
 
15:26:06.161 [pool-1-thread-2] INFO  com.intuit.karate - [print] {
  &quot;visible&quot;: true,
  &quot;action&quot;: &quot;default&quot;,
  &quot;messages&quot;: [
    &quot;UnAuthorized&quot;
  ],
  &quot;type&quot;: &quot;authorization&quot;,
  &quot;title&quot;: null,
  &quot;message&quot;: &quot;UnAuthorized&quot;,
  &quot;typeCode&quot;: 401
}
 
15:26:06.162 [pool-1-thread-5] INFO  com.intuit.karate - [print] {
  &quot;visible&quot;: true,
  &quot;action&quot;: &quot;default&quot;,
  &quot;messages&quot;: [
    &quot;UnAuthorized&quot;
  ],
  &quot;type&quot;: &quot;authorization&quot;,
  &quot;title&quot;: null,
  &quot;message&quot;: &quot;UnAuthorized&quot;,
  &quot;typeCode&quot;: 401
}
 
15:26:06.168 [pool-1-thread-5] INFO  com.intuit.karate - Environment variable is : popcorn 
15:26:06.168 [pool-1-thread-2] INFO  com.intuit.karate - Environment variable is : popcorn 
15:26:06.175 [pool-1-thread-5] INFO  c.intuit.karate.core.FeatureRuntime - scenario called at line: 14 by tag: @loginWithPhoneValue
15:26:06.175 [pool-1-thread-2] INFO  c.intuit.karate.core.FeatureRuntime - scenario called at line: 14 by tag: @loginWithPhoneValue
15:26:06.499 [pool-1-thread-4] INFO  com.intuit.karate - [print] {
  &quot;visible&quot;: true,
  &quot;action&quot;: &quot;default&quot;,
  &quot;messages&quot;: [
    &quot;UnAuthorized&quot;
  ],
  &quot;type&quot;: &quot;authorization&quot;,
  &quot;title&quot;: null,
  &quot;message&quot;: &quot;UnAuthorized&quot;,
  &quot;typeCode&quot;: 401
}
 
15:26:06.499 [pool-1-thread-1] INFO  com.intuit.karate - [print] customer validate otp response --&gt; {
  &quot;expiresIn&quot;: 3.15359999947206E7,
  &quot;accessToken&quot;: &quot;eyJhbGciOiJIUzUxMiIsInR5cCI6IkpXVCJ9.eyJuYW1laWQiOiJoeXdhZGRjQGdyci5sYSIsIm5hbWUiOiJsaXQ2Zm9iIiwiVXNlclR5cGUiOiJDdXN0b21lciIsIk5hbWUiOiJsaXQ2Zm9iIiwiRW1haWwiOiJoeXdhZGRjQGdyci5sYSIsIlVzZXJJZCI6ImE2M2I4NTIzLTU1ZTEtNGE0OS04OGYyLTExMzBlOGM3NzcyYSIsIm5iZiI6MTY0MjU5NTE2NiwiZXhwIjoxNjc0MTMxMTY2LCJpYXQiOjE2NDI1OTUxNjYsImlzcyI6Imh0dHBzOi8vcG9wY29ybnZhbi5jb20vIiwiYXVkIjoiaHR0cHM6Ly9wb3Bjb3JudmFuLmNvbS8ifQ.ZcBuX6_zZVuKjrCV2JiEp1nWPjTO82a38pw_a1tbFNfrmovgnAs0uEnN0lVgHX4wRv5Fh_kZWfxPU__ao9CUlQ&quot;,
  &quot;user&quot;: {
    &quot;imagePath&quot;: null,
    &quot;isBlockedCodeCampaign&quot;: false,
    &quot;languageId&quot;: null,
    &quot;orderCount&quot;: 0,
    &quot;fullName&quot;: &quot;lit6fob&quot;,
    &quot;languageCode&quot;: null,
    &quot;userId&quot;: &quot;a63b8523-55e1-4a49-88f2-1130e8c7772a&quot;,
    &quot;languageName&quot;: null,
    &quot;phoneAreaCode&quot;: &quot;+1&quot;,
    &quot;phoneNumber&quot;: &quot;6384475366&quot;,
    &quot;externalUserId&quot;: &quot;57b2a3fa-69aa-4362-88c4-c50c09945d0f&quot;,
    &quot;selectedAddress&quot;: null,
    &quot;referralCode&quot;: &quot;3FYV68Q8BR&quot;,
    &quot;imageUrl&quot;: null,
    &quot;customerId&quot;: &quot;38c5d228-5649-49be-b5c7-83657b06f983&quot;,
    &quot;phoneCountryId&quot;: &quot;81a2f978-226e-46e5-87b1-950e67b7f550&quot;,
    &quot;email&quot;: &quot;hywaddc@grr.la&quot;
  },
  &quot;refreshToken&quot;: &quot;RbAF6zkAnzWKPE6IE/JjFc08c5QAV0veWiUi88wqqtdRz2bsFUvEPgu9QdY=&quot;
}
 
15:26:06.505 [pool-1-thread-4] INFO  com.intuit.karate - Environment variable is : popcorn 
15:26:06.506 [pool-1-thread-1] INFO  com.intuit.karate - Environment variable is : popcorn 
15:26:06.827 [pool-1-thread-3] INFO  com.intuit.karate - [print] {
  &quot;visible&quot;: true,
  &quot;action&quot;: &quot;default&quot;,
  &quot;messages&quot;: [
    &quot;UnAuthorized&quot;
  ],
  &quot;type&quot;: &quot;authorization&quot;,
  &quot;title&quot;: null,
  &quot;message&quot;: &quot;UnAuthorized&quot;,
  &quot;typeCode&quot;: 401
}
 
15:26:06.833 [pool-1-thread-3] INFO  com.intuit.karate - Environment variable is : popcorn 
15:26:08.223 [pool-1-thread-2] INFO  com.intuit.karate - [print] Customer Register response --&gt;  {
  &quot;visible&quot;: true,
  &quot;action&quot;: &quot;default&quot;,
  &quot;messages&quot;: [
    &quot;OtpVerification&quot;
  ],
  &quot;type&quot;: &quot;otpverification&quot;,
  &quot;title&quot;: null,
  &quot;message&quot;: &quot;OtpVerification&quot;,
  &quot;typeCode&quot;: 203
}
 
15:26:08.229 [pool-1-thread-5] INFO  com.intuit.karate - [print] Customer Register response --&gt;  {
  &quot;visible&quot;: true,
  &quot;action&quot;: &quot;default&quot;,
  &quot;messages&quot;: [
    &quot;OtpVerification&quot;
  ],
  &quot;type&quot;: &quot;otpverification&quot;,
  &quot;title&quot;: null,
  &quot;message&quot;: &quot;OtpVerification&quot;,
  &quot;typeCode&quot;: 203
}
 
15:26:08.379 [pool-1-thread-4] INFO  com.intuit.karate - [print] customer validate token response --&gt;  {
  &quot;user&quot;: {
    &quot;imagePath&quot;: null,
    &quot;isBlockedCodeCampaign&quot;: false,
    &quot;languageId&quot;: null,
    &quot;orderCount&quot;: 1,
    &quot;fullName&quot;: &quot;bus bus &quot;,
    &quot;languageCode&quot;: null,
    &quot;userId&quot;: &quot;68b59900-5e5d-4c83-b4bf-9206344af7d8&quot;,
    &quot;languageName&quot;: null,
    &quot;phoneAreaCode&quot;: &quot;+1&quot;,
    &quot;phoneNumber&quot;: &quot;5541394803&quot;,
    &quot;externalUserId&quot;: &quot;729e2ca4-b5c2-4a38-88e8-f8f3914b9846&quot;,
    &quot;selectedAddress&quot;: null,
    &quot;referralCode&quot;: &quot;F7DZRR6T9K&quot;,
    &quot;imageUrl&quot;: null,
    &quot;customerId&quot;: &quot;bc7ec2e5-a2e7-453b-8c16-33e7f87645f6&quot;,
    &quot;phoneCountryId&quot;: &quot;81a2f978-226e-46e5-87b1-950e67b7f550&quot;,
    &quot;email&quot;: &quot;busraozdmr.801@gmail.com&quot;
  }
}
 
15:26:08.386 [pool-1-thread-4] INFO  com.intuit.karate - Environment variable is : popcorn 
15:26:08.427 [pool-1-thread-1] INFO  com.intuit.karate - [print] {
  &quot;visible&quot;: true,
  &quot;action&quot;: &quot;default&quot;,
  &quot;messages&quot;: [
    &quot;User Authorization Error&quot;
  ],
  &quot;type&quot;: &quot;authorization&quot;,
  &quot;title&quot;: null,
  &quot;message&quot;: &quot;User Authorization Error&quot;,
  &quot;typeCode&quot;: 401
}
 
15:26:08.438 [pool-1-thread-1] INFO  com.intuit.karate - Environment variable is : popcorn 
15:26:08.968 [pool-1-thread-5] INFO  com.intuit.karate - [print] {
  &quot;visible&quot;: true,
  &quot;action&quot;: &quot;default&quot;,
  &quot;messages&quot;: [
    &quot;Value cannot be null. (Parameter &apos;request&apos;)&quot;
  ],
  &quot;type&quot;: &quot;error&quot;,
  &quot;title&quot;: null,
  &quot;message&quot;: &quot;Value cannot be null. (Parameter &apos;request&apos;)&quot;,
  &quot;typeCode&quot;: 500
}
 
15:26:08.968 [pool-1-thread-2] INFO  com.intuit.karate - [print] {
  &quot;visible&quot;: true,
  &quot;action&quot;: &quot;default&quot;,
  &quot;messages&quot;: [
    &quot;UnAuthorized&quot;
  ],
  &quot;type&quot;: &quot;authorization&quot;,
  &quot;title&quot;: null,
  &quot;message&quot;: &quot;UnAuthorized&quot;,
  &quot;typeCode&quot;: 401
}
 
15:26:08.976 [pool-1-thread-5] INFO  com.intuit.karate - Environment variable is : popcorn 
15:26:08.976 [pool-1-thread-2] INFO  com.intuit.karate - Environment variable is : popcorn 
---------------------------------------------------------
feature: classpath:features/userApi/customer/customer_validate_otp.feature
scenarios:  7 | passed:  7 | failed:  0 | time: 17.8744
---------------------------------------------------------

15:26:09.312 [pool-2-thread-1] INFO  com.intuit.karate.Suite - &lt;&lt;pass&gt;&gt; feature 24 of 33 (9 remaining) classpath:features/userApi/customer/customer_validate_otp.feature
---------------------------------------------------------
feature: classpath:features/userApi/customer/customer_validate_token.feature
scenarios:  2 | passed:  2 | failed:  0 | time: 3.7955
---------------------------------------------------------

15:26:09.394 [pool-2-thread-1] INFO  com.intuit.karate.Suite - &lt;&lt;pass&gt;&gt; feature 25 of 33 (8 remaining) classpath:features/userApi/customer/customer_validate_token.feature
15:26:09.594 [pool-1-thread-1] INFO  com.intuit.karate - [print] employee create fail response --&gt; {
  &quot;visible&quot;: true,
  &quot;action&quot;: &quot;default&quot;,
  &quot;messages&quot;: [
    &quot;This email is not valid.&quot;,
    &quot;be.user.length&quot;
  ],
  &quot;validations&quot;: {
    &quot;email&quot;: [
      &quot;This email is not valid.&quot;,
      &quot;be.user.length&quot;
    ]
  },
  &quot;type&quot;: &quot;validation&quot;,
  &quot;title&quot;: null,
  &quot;message&quot;: &quot;This email is not valid.&quot;,
  &quot;typeCode&quot;: 400
}
 
15:26:09.593 [pool-1-thread-4] INFO  com.intuit.karate - [print] employee create without authorization response --&gt; {
  &quot;visible&quot;: true,
  &quot;action&quot;: &quot;default&quot;,
  &quot;messages&quot;: [
    &quot;User Authorization Error&quot;
  ],
  &quot;type&quot;: &quot;authorization&quot;,
  &quot;title&quot;: null,
  &quot;message&quot;: &quot;User Authorization Error&quot;,
  &quot;typeCode&quot;: 401
}
 
15:26:09.611 [pool-1-thread-1] INFO  com.intuit.karate - Environment variable is : popcorn 
15:26:09.611 [pool-1-thread-4] INFO  com.intuit.karate - Environment variable is : popcorn 
15:26:09.693 [pool-1-thread-3] INFO  com.intuit.karate - [print] employee create response --&gt; {
  &quot;lastName&quot;: &quot;jhvbiuy&quot;,
  &quot;imagePath&quot;: null,
  &quot;roles&quot;: [
    {
      &quot;name&quot;: &quot;Super Admin&quot;,
      &quot;displayOrder&quot;: 0,
      &quot;description&quot;: null,
      &quot;colorCode&quot;: null,
      &quot;id&quot;: &quot;4f1058c6-0985-4139-8302-b50df344c339&quot;
    }
  ],
  &quot;fullName&quot;: &quot;jhvbiuy jhvbiuy&quot;,
  &quot;employeeId&quot;: null,
  &quot;title&quot;: &quot;jhvbiuy&quot;,
  &quot;userId&quot;: &quot;9cbc46d4-6bc9-401d-ac32-883eacd37bd0&quot;,
  &quot;phoneCountry&quot;: {
    &quot;name&quot;: &quot;Austria&quot;,
    &quot;id&quot;: &quot;a82b2d38-c995-4339-b436-43cabf8d3651&quot;
  },
  &quot;firstName&quot;: &quot;jhvbiuy&quot;,
  &quot;riderId&quot;: null,
  &quot;password&quot;: null,
  &quot;phoneNumber&quot;: &quot;9511567536&quot;,
  &quot;roleIds&quot;: [
    &quot;4f1058c6-0985-4139-8302-b50df344c339&quot;
  ],
  &quot;passwordConfirm&quot;: null,
  &quot;imageFile&quot;: null,
  &quot;statusText&quot;: &quot;Active&quot;,
  &quot;imageUrl&quot;: null,
  &quot;customerId&quot;: null,
  &quot;id&quot;: &quot;e360383a-8d0b-4610-95a6-684787907786&quot;,
  &quot;nationalSecurityNumber&quot;: null,
  &quot;residenceAddress&quot;: null,
  &quot;email&quot;: &quot;0t9tlow@grr.la&quot;,
  &quot;status&quot;: 1
}
 
15:26:09.701 [pool-1-thread-3] INFO  com.intuit.karate - Environment variable is : popcorn 
15:26:10.055 [pool-1-thread-2] INFO  com.intuit.karate - [print] employee create fail response --&gt; {
  &quot;visible&quot;: true,
  &quot;action&quot;: &quot;default&quot;,
  &quot;messages&quot;: [
    &quot;Error converting value \&quot;\&quot; to type &apos;System.Guid&apos;. Path &apos;roleIds[0]&apos;, line 1, position 100.&quot;
  ],
  &quot;validations&quot;: {
    &quot;roleIds[0]&quot;: [
      &quot;Error converting value \&quot;\&quot; to type &apos;System.Guid&apos;. Path &apos;roleIds[0]&apos;, line 1, position 100.&quot;
    ]
  },
  &quot;type&quot;: &quot;validation&quot;,
  &quot;title&quot;: null,
  &quot;message&quot;: &quot;Error converting value \&quot;\&quot; to type &apos;System.Guid&apos;. Path &apos;roleIds[0]&apos;, line 1, position 100.&quot;,
  &quot;typeCode&quot;: 400
}
 
15:26:10.055 [pool-1-thread-5] INFO  com.intuit.karate - [print] employee create fail response --&gt; {
  &quot;visible&quot;: true,
  &quot;action&quot;: &quot;default&quot;,
  &quot;messages&quot;: [
    &quot;Error converting value \&quot;\&quot; to type &apos;System.Guid&apos;. Path &apos;phoneCountryId&apos;, line 1, position 157.&quot;
  ],
  &quot;validations&quot;: {
    &quot;phoneCountryId&quot;: [
      &quot;Error converting value \&quot;\&quot; to type &apos;System.Guid&apos;. Path &apos;phoneCountryId&apos;, line 1, position 157.&quot;
    ]
  },
  &quot;type&quot;: &quot;validation&quot;,
  &quot;title&quot;: null,
  &quot;message&quot;: &quot;Error converting value \&quot;\&quot; to type &apos;System.Guid&apos;. Path &apos;phoneCountryId&apos;, line 1, position 157.&quot;,
  &quot;typeCode&quot;: 400
}
 
15:26:10.067 [pool-1-thread-2] INFO  com.intuit.karate - Environment variable is : popcorn 
15:26:10.067 [pool-1-thread-5] INFO  com.intuit.karate - Environment variable is : popcorn 
15:26:10.766 [pool-1-thread-2] INFO  com.intuit.karate - [print] employee create fail response --&gt; {
  &quot;visible&quot;: true,
  &quot;action&quot;: &quot;default&quot;,
  &quot;messages&quot;: [
    &quot;Error converting value \&quot;111\&quot; to type &apos;System.Guid&apos;. Path &apos;roleIds[0]&apos;, line 1, position 103.&quot;
  ],
  &quot;validations&quot;: {
    &quot;roleIds[0]&quot;: [
      &quot;Error converting value \&quot;111\&quot; to type &apos;System.Guid&apos;. Path &apos;roleIds[0]&apos;, line 1, position 103.&quot;
    ]
  },
  &quot;type&quot;: &quot;validation&quot;,
  &quot;title&quot;: null,
  &quot;message&quot;: &quot;Error converting value \&quot;111\&quot; to type &apos;System.Guid&apos;. Path &apos;roleIds[0]&apos;, line 1, position 103.&quot;,
  &quot;typeCode&quot;: 400
}
 
15:26:10.769 [pool-1-thread-2] INFO  com.intuit.karate - Environment variable is : popcorn 
15:26:10.796 [pool-1-thread-2] INFO  c.intuit.karate.core.FeatureRuntime - scenario called at line: 14 by tag: @employeeInfo
15:26:10.946 [pool-1-thread-3] INFO  com.intuit.karate - [print] employee create fail response --&gt; {
  &quot;visible&quot;: true,
  &quot;action&quot;: &quot;default&quot;,
  &quot;messages&quot;: [
    &quot;be.user.phone.alreadyused&quot;
  ],
  &quot;validations&quot;: {
    &quot;phoneNumber&quot;: [
      &quot;be.user.phone.alreadyused&quot;
    ]
  },
  &quot;type&quot;: &quot;validation&quot;,
  &quot;title&quot;: null,
  &quot;message&quot;: &quot;be.user.phone.alreadyused&quot;,
  &quot;typeCode&quot;: 400
}
 
15:26:10.952 [pool-1-thread-3] INFO  com.intuit.karate - Environment variable is : popcorn 
15:26:10.957 [pool-1-thread-3] INFO  c.intuit.karate.core.FeatureRuntime - scenario called at line: 14 by tag: @employeeInfo
15:26:11.190 [pool-1-thread-5] INFO  com.intuit.karate - [print] employee create fail response --&gt; {
  &quot;visible&quot;: true,
  &quot;action&quot;: &quot;default&quot;,
  &quot;messages&quot;: [
    &quot;This email is not valid.&quot;
  ],
  &quot;validations&quot;: {
    &quot;email&quot;: [
      &quot;This email is not valid.&quot;
    ]
  },
  &quot;type&quot;: &quot;validation&quot;,
  &quot;title&quot;: null,
  &quot;message&quot;: &quot;This email is not valid.&quot;,
  &quot;typeCode&quot;: 400
}
 
15:26:11.197 [pool-1-thread-5] INFO  com.intuit.karate - Environment variable is : popcorn 
15:26:11.210 [pool-1-thread-5] INFO  c.intuit.karate.core.FeatureRuntime - scenario called at line: 14 by tag: @employeeInfo
15:26:11.356 [pool-1-thread-1] INFO  com.intuit.karate - [print] employee create fail response --&gt; {
  &quot;visible&quot;: true,
  &quot;action&quot;: &quot;default&quot;,
  &quot;messages&quot;: [
    &quot;be.user.phone.alreadyused&quot;,
    &quot;Please fill the required fields.&quot;,
    &quot;be.user.length&quot;
  ],
  &quot;validations&quot;: {
    &quot;phoneNumber&quot;: [
      &quot;be.user.phone.alreadyused&quot;,
      &quot;Please fill the required fields.&quot;,
      &quot;be.user.length&quot;
    ]
  },
  &quot;type&quot;: &quot;validation&quot;,
  &quot;title&quot;: null,
  &quot;message&quot;: &quot;be.user.phone.alreadyused&quot;,
  &quot;typeCode&quot;: 400
}
 
15:26:11.360 [pool-1-thread-1] INFO  com.intuit.karate - Environment variable is : popcorn 
15:26:11.368 [pool-1-thread-1] INFO  c.intuit.karate.core.FeatureRuntime - scenario called at line: 14 by tag: @employeeInfo
15:26:11.628 [pool-1-thread-4] INFO  com.intuit.karate - [print] employee create fail response --&gt; {
  &quot;visible&quot;: true,
  &quot;action&quot;: &quot;default&quot;,
  &quot;messages&quot;: [
    &quot;This email has already been used.&quot;
  ],
  &quot;type&quot;: &quot;warning&quot;,
  &quot;title&quot;: null,
  &quot;message&quot;: &quot;This email has already been used.&quot;,
  &quot;typeCode&quot;: 418
}
 
15:26:11.632 [pool-1-thread-4] INFO  com.intuit.karate - Environment variable is : popcorn 
15:26:11.639 [pool-1-thread-4] INFO  c.intuit.karate.core.FeatureRuntime - scenario called at line: 14 by tag: @employeeInfo
---------------------------------------------------------
feature: classpath:features/userApi/employee/employee_create.feature
scenarios: 10 | passed: 10 | failed:  0 | time: 14.2067
---------------------------------------------------------

15:26:11.774 [pool-2-thread-1] INFO  com.intuit.karate.Suite - &lt;&lt;pass&gt;&gt; feature 26 of 33 (7 remaining) classpath:features/userApi/employee/employee_create.feature
15:26:12.554 [pool-1-thread-2] INFO  com.intuit.karate - [print] employee create response --&gt; {
  &quot;lastName&quot;: &quot;8s9dsby&quot;,
  &quot;imagePath&quot;: null,
  &quot;roles&quot;: [
    {
      &quot;name&quot;: &quot;Super Admin&quot;,
      &quot;displayOrder&quot;: 0,
      &quot;description&quot;: null,
      &quot;colorCode&quot;: null,
      &quot;id&quot;: &quot;4f1058c6-0985-4139-8302-b50df344c339&quot;
    }
  ],
  &quot;fullName&quot;: &quot;8s9dsby 8s9dsby&quot;,
  &quot;employeeId&quot;: null,
  &quot;title&quot;: &quot;8s9dsby&quot;,
  &quot;userId&quot;: &quot;6c0642a3-f4a1-4a62-a5c7-f1ba5e6cded8&quot;,
  &quot;phoneCountry&quot;: {
    &quot;name&quot;: &quot;Austria&quot;,
    &quot;id&quot;: &quot;a82b2d38-c995-4339-b436-43cabf8d3651&quot;
  },
  &quot;firstName&quot;: &quot;8s9dsby&quot;,
  &quot;riderId&quot;: null,
  &quot;password&quot;: null,
  &quot;phoneNumber&quot;: &quot;4330817487&quot;,
  &quot;roleIds&quot;: [
    &quot;4f1058c6-0985-4139-8302-b50df344c339&quot;
  ],
  &quot;passwordConfirm&quot;: null,
  &quot;imageFile&quot;: null,
  &quot;statusText&quot;: &quot;Active&quot;,
  &quot;imageUrl&quot;: null,
  &quot;customerId&quot;: null,
  &quot;id&quot;: &quot;6511b4c3-e15c-4166-aba7-5779925d9c8a&quot;,
  &quot;nationalSecurityNumber&quot;: null,
  &quot;residenceAddress&quot;: null,
  &quot;email&quot;: &quot;tnsamyj@grr.la&quot;,
  &quot;status&quot;: 1
}
 
15:26:13.043 [pool-1-thread-3] INFO  com.intuit.karate - [print] employee create response --&gt; {
  &quot;lastName&quot;: &quot;6kywh3b&quot;,
  &quot;imagePath&quot;: null,
  &quot;roles&quot;: [
    {
      &quot;name&quot;: &quot;Super Admin&quot;,
      &quot;displayOrder&quot;: 0,
      &quot;description&quot;: null,
      &quot;colorCode&quot;: null,
      &quot;id&quot;: &quot;4f1058c6-0985-4139-8302-b50df344c339&quot;
    }
  ],
  &quot;fullName&quot;: &quot;6kywh3b 6kywh3b&quot;,
  &quot;employeeId&quot;: null,
  &quot;title&quot;: &quot;6kywh3b&quot;,
  &quot;userId&quot;: &quot;a4a1600f-89f0-49ed-9d9f-fc0dd36ea062&quot;,
  &quot;phoneCountry&quot;: {
    &quot;name&quot;: &quot;Austria&quot;,
    &quot;id&quot;: &quot;a82b2d38-c995-4339-b436-43cabf8d3651&quot;
  },
  &quot;firstName&quot;: &quot;6kywh3b&quot;,
  &quot;riderId&quot;: null,
  &quot;password&quot;: null,
  &quot;phoneNumber&quot;: &quot;3662147312&quot;,
  &quot;roleIds&quot;: [
    &quot;4f1058c6-0985-4139-8302-b50df344c339&quot;
  ],
  &quot;passwordConfirm&quot;: null,
  &quot;imageFile&quot;: null,
  &quot;statusText&quot;: &quot;Active&quot;,
  &quot;imageUrl&quot;: null,
  &quot;customerId&quot;: null,
  &quot;id&quot;: &quot;bd77c09d-ebb1-449f-91b9-dd74c3cedc59&quot;,
  &quot;nationalSecurityNumber&quot;: null,
  &quot;residenceAddress&quot;: null,
  &quot;email&quot;: &quot;smvqga6@grr.la&quot;,
  &quot;status&quot;: 1
}
 
15:26:13.225 [pool-1-thread-1] INFO  com.intuit.karate - [print] employee create response --&gt; {
  &quot;lastName&quot;: &quot;2l7sqld&quot;,
  &quot;imagePath&quot;: null,
  &quot;roles&quot;: [
    {
      &quot;name&quot;: &quot;Super Admin&quot;,
      &quot;displayOrder&quot;: 0,
      &quot;description&quot;: null,
      &quot;colorCode&quot;: null,
      &quot;id&quot;: &quot;4f1058c6-0985-4139-8302-b50df344c339&quot;
    }
  ],
  &quot;fullName&quot;: &quot;2l7sqld 2l7sqld&quot;,
  &quot;employeeId&quot;: null,
  &quot;title&quot;: &quot;2l7sqld&quot;,
  &quot;userId&quot;: &quot;816df7db-b8ca-4b3b-8afc-d83ffd1561f7&quot;,
  &quot;phoneCountry&quot;: {
    &quot;name&quot;: &quot;Austria&quot;,
    &quot;id&quot;: &quot;a82b2d38-c995-4339-b436-43cabf8d3651&quot;
  },
  &quot;firstName&quot;: &quot;2l7sqld&quot;,
  &quot;riderId&quot;: null,
  &quot;password&quot;: null,
  &quot;phoneNumber&quot;: &quot;3377389991&quot;,
  &quot;roleIds&quot;: [
    &quot;4f1058c6-0985-4139-8302-b50df344c339&quot;
  ],
  &quot;passwordConfirm&quot;: null,
  &quot;imageFile&quot;: null,
  &quot;statusText&quot;: &quot;Active&quot;,
  &quot;imageUrl&quot;: null,
  &quot;customerId&quot;: null,
  &quot;id&quot;: &quot;6bf485b7-98d2-49db-86dd-6b5afb8f3803&quot;,
  &quot;nationalSecurityNumber&quot;: null,
  &quot;residenceAddress&quot;: null,
  &quot;email&quot;: &quot;yvzf2s7@grr.la&quot;,
  &quot;status&quot;: 1
}
 
15:26:13.240 [pool-1-thread-5] INFO  com.intuit.karate - [print] employee create response --&gt; {
  &quot;lastName&quot;: &quot;i6g5d0v&quot;,
  &quot;imagePath&quot;: null,
  &quot;roles&quot;: [
    {
      &quot;name&quot;: &quot;Super Admin&quot;,
      &quot;displayOrder&quot;: 0,
      &quot;description&quot;: null,
      &quot;colorCode&quot;: null,
      &quot;id&quot;: &quot;4f1058c6-0985-4139-8302-b50df344c339&quot;
    }
  ],
  &quot;fullName&quot;: &quot;i6g5d0v i6g5d0v&quot;,
  &quot;employeeId&quot;: null,
  &quot;title&quot;: &quot;i6g5d0v&quot;,
  &quot;userId&quot;: &quot;5409d9db-91db-425d-a4a4-22347f3911f0&quot;,
  &quot;phoneCountry&quot;: {
    &quot;name&quot;: &quot;Austria&quot;,
    &quot;id&quot;: &quot;a82b2d38-c995-4339-b436-43cabf8d3651&quot;
  },
  &quot;firstName&quot;: &quot;i6g5d0v&quot;,
  &quot;riderId&quot;: null,
  &quot;password&quot;: null,
  &quot;phoneNumber&quot;: &quot;7365340501&quot;,
  &quot;roleIds&quot;: [
    &quot;4f1058c6-0985-4139-8302-b50df344c339&quot;
  ],
  &quot;passwordConfirm&quot;: null,
  &quot;imageFile&quot;: null,
  &quot;statusText&quot;: &quot;Active&quot;,
  &quot;imageUrl&quot;: null,
  &quot;customerId&quot;: null,
  &quot;id&quot;: &quot;88040102-db50-4b33-995f-8d639a871525&quot;,
  &quot;nationalSecurityNumber&quot;: null,
  &quot;residenceAddress&quot;: null,
  &quot;email&quot;: &quot;prwmt46@grr.la&quot;,
  &quot;status&quot;: 1
}
 
15:26:13.360 [pool-1-thread-4] INFO  com.intuit.karate - [print] employee create response --&gt; {
  &quot;lastName&quot;: &quot;gtjr0wz&quot;,
  &quot;imagePath&quot;: null,
  &quot;roles&quot;: [
    {
      &quot;name&quot;: &quot;Super Admin&quot;,
      &quot;displayOrder&quot;: 0,
      &quot;description&quot;: null,
      &quot;colorCode&quot;: null,
      &quot;id&quot;: &quot;4f1058c6-0985-4139-8302-b50df344c339&quot;
    }
  ],
  &quot;fullName&quot;: &quot;gtjr0wz gtjr0wz&quot;,
  &quot;employeeId&quot;: null,
  &quot;title&quot;: &quot;gtjr0wz&quot;,
  &quot;userId&quot;: &quot;8f9c0f67-5427-4e12-bee4-fb6c80cc142a&quot;,
  &quot;phoneCountry&quot;: {
    &quot;name&quot;: &quot;Austria&quot;,
    &quot;id&quot;: &quot;a82b2d38-c995-4339-b436-43cabf8d3651&quot;
  },
  &quot;firstName&quot;: &quot;gtjr0wz&quot;,
  &quot;riderId&quot;: null,
  &quot;password&quot;: null,
  &quot;phoneNumber&quot;: &quot;1331180660&quot;,
  &quot;roleIds&quot;: [
    &quot;4f1058c6-0985-4139-8302-b50df344c339&quot;
  ],
  &quot;passwordConfirm&quot;: null,
  &quot;imageFile&quot;: null,
  &quot;statusText&quot;: &quot;Active&quot;,
  &quot;imageUrl&quot;: null,
  &quot;customerId&quot;: null,
  &quot;id&quot;: &quot;17ea5f31-1004-4162-8015-237a6642c116&quot;,
  &quot;nationalSecurityNumber&quot;: null,
  &quot;residenceAddress&quot;: null,
  &quot;email&quot;: &quot;v5bd0bu@grr.la&quot;,
  &quot;status&quot;: 1
}
 
15:26:13.598 [pool-1-thread-2] INFO  com.intuit.karate - [print] employee edit response --&gt; {
  &quot;lastName&quot;: &quot;djydnqs&quot;,
  &quot;imagePath&quot;: null,
  &quot;roles&quot;: [
    {
      &quot;name&quot;: &quot;Super Admin&quot;,
      &quot;displayOrder&quot;: 0,
      &quot;description&quot;: null,
      &quot;colorCode&quot;: null,
      &quot;id&quot;: &quot;4f1058c6-0985-4139-8302-b50df344c339&quot;
    }
  ],
  &quot;fullName&quot;: &quot;djydnqs djydnqs&quot;,
  &quot;employeeId&quot;: null,
  &quot;title&quot;: &quot;djydnqs&quot;,
  &quot;userId&quot;: &quot;6c0642a3-f4a1-4a62-a5c7-f1ba5e6cded8&quot;,
  &quot;phoneCountry&quot;: {
    &quot;name&quot;: &quot;Austria&quot;,
    &quot;id&quot;: &quot;a82b2d38-c995-4339-b436-43cabf8d3651&quot;
  },
  &quot;firstName&quot;: &quot;djydnqs&quot;,
  &quot;riderId&quot;: null,
  &quot;password&quot;: null,
  &quot;phoneNumber&quot;: &quot;2060710824&quot;,
  &quot;roleIds&quot;: [
    &quot;4f1058c6-0985-4139-8302-b50df344c339&quot;
  ],
  &quot;passwordConfirm&quot;: null,
  &quot;imageFile&quot;: null,
  &quot;statusText&quot;: &quot;Active&quot;,
  &quot;imageUrl&quot;: null,
  &quot;customerId&quot;: null,
  &quot;id&quot;: &quot;6511b4c3-e15c-4166-aba7-5779925d9c8a&quot;,
  &quot;nationalSecurityNumber&quot;: null,
  &quot;residenceAddress&quot;: null,
  &quot;email&quot;: &quot;xxcimqg@grr.la&quot;,
  &quot;status&quot;: 1
}
 
15:26:13.608 [pool-1-thread-2] INFO  com.intuit.karate - Environment variable is : popcorn 
15:26:13.615 [pool-1-thread-2] INFO  c.intuit.karate.core.FeatureRuntime - scenario called at line: 14 by tag: @employeeInfo
15:26:13.952 [pool-1-thread-3] INFO  com.intuit.karate - [print] employee edit without authorization response --&gt; {
  &quot;visible&quot;: true,
  &quot;action&quot;: &quot;default&quot;,
  &quot;messages&quot;: [
    &quot;User Authorization Error&quot;
  ],
  &quot;type&quot;: &quot;authorization&quot;,
  &quot;title&quot;: null,
  &quot;message&quot;: &quot;User Authorization Error&quot;,
  &quot;typeCode&quot;: 401
}
 
15:26:13.955 [pool-1-thread-3] INFO  com.intuit.karate - Environment variable is : popcorn 
15:26:13.959 [pool-1-thread-3] INFO  c.intuit.karate.core.FeatureRuntime - scenario called at line: 14 by tag: @employeeInfo
15:26:14.073 [pool-1-thread-1] INFO  com.intuit.karate - [print] employee edit fail scenario response --&gt; {
  &quot;visible&quot;: true,
  &quot;action&quot;: &quot;default&quot;,
  &quot;messages&quot;: [
    &quot;Error converting value \&quot;\&quot; to type &apos;System.Guid&apos;. Path &apos;roleIds[0]&apos;, line 1, position 144.&quot;
  ],
  &quot;validations&quot;: {
    &quot;roleIds[0]&quot;: [
      &quot;Error converting value \&quot;\&quot; to type &apos;System.Guid&apos;. Path &apos;roleIds[0]&apos;, line 1, position 144.&quot;
    ]
  },
  &quot;type&quot;: &quot;validation&quot;,
  &quot;title&quot;: null,
  &quot;message&quot;: &quot;Error converting value \&quot;\&quot; to type &apos;System.Guid&apos;. Path &apos;roleIds[0]&apos;, line 1, position 144.&quot;,
  &quot;typeCode&quot;: 400
}
 
15:26:14.076 [pool-1-thread-1] INFO  com.intuit.karate - Environment variable is : popcorn 
15:26:14.080 [pool-1-thread-1] INFO  c.intuit.karate.core.FeatureRuntime - scenario called at line: 14 by tag: @employeeInfo
15:26:14.438 [pool-1-thread-4] INFO  com.intuit.karate - [print] employee edit fail scenario response --&gt; {
  &quot;visible&quot;: true,
  &quot;action&quot;: &quot;default&quot;,
  &quot;messages&quot;: [
    &quot;Error converting value \&quot;\&quot; to type &apos;System.Guid&apos;. Path &apos;phoneCountryId&apos;, line 1, position 201.&quot;
  ],
  &quot;validations&quot;: {
    &quot;phoneCountryId&quot;: [
      &quot;Error converting value \&quot;\&quot; to type &apos;System.Guid&apos;. Path &apos;phoneCountryId&apos;, line 1, position 201.&quot;
    ]
  },
  &quot;type&quot;: &quot;validation&quot;,
  &quot;title&quot;: null,
  &quot;message&quot;: &quot;Error converting value \&quot;\&quot; to type &apos;System.Guid&apos;. Path &apos;phoneCountryId&apos;, line 1, position 201.&quot;,
  &quot;typeCode&quot;: 400
}
 
15:26:14.443 [pool-1-thread-4] INFO  com.intuit.karate - Environment variable is : popcorn 
15:26:14.447 [pool-1-thread-4] INFO  c.intuit.karate.core.FeatureRuntime - scenario called at line: 14 by tag: @employeeInfo
15:26:14.474 [pool-1-thread-5] INFO  com.intuit.karate - [print] employee edit fail scenario response --&gt; {
  &quot;visible&quot;: true,
  &quot;action&quot;: &quot;default&quot;,
  &quot;messages&quot;: [
    &quot;Email.NotValid&quot;,
    &quot;be.user.length&quot;
  ],
  &quot;validations&quot;: {
    &quot;email&quot;: [
      &quot;Email.NotValid&quot;,
      &quot;be.user.length&quot;
    ]
  },
  &quot;type&quot;: &quot;validation&quot;,
  &quot;title&quot;: null,
  &quot;message&quot;: &quot;Email.NotValid&quot;,
  &quot;typeCode&quot;: 400
}
 
15:26:14.480 [pool-1-thread-5] INFO  com.intuit.karate - Environment variable is : popcorn 
15:26:14.485 [pool-1-thread-5] INFO  c.intuit.karate.core.FeatureRuntime - scenario called at line: 14 by tag: @employeeInfo
15:26:15.234 [pool-1-thread-3] INFO  com.intuit.karate - [print] employee create response --&gt; {
  &quot;lastName&quot;: &quot;qcrispv&quot;,
  &quot;imagePath&quot;: null,
  &quot;roles&quot;: [
    {
      &quot;name&quot;: &quot;Super Admin&quot;,
      &quot;displayOrder&quot;: 0,
      &quot;description&quot;: null,
      &quot;colorCode&quot;: null,
      &quot;id&quot;: &quot;4f1058c6-0985-4139-8302-b50df344c339&quot;
    }
  ],
  &quot;fullName&quot;: &quot;qcrispv qcrispv&quot;,
  &quot;employeeId&quot;: null,
  &quot;title&quot;: &quot;qcrispv&quot;,
  &quot;userId&quot;: &quot;ff72f5dc-05bb-456b-b891-82e39d9f136a&quot;,
  &quot;phoneCountry&quot;: {
    &quot;name&quot;: &quot;Austria&quot;,
    &quot;id&quot;: &quot;a82b2d38-c995-4339-b436-43cabf8d3651&quot;
  },
  &quot;firstName&quot;: &quot;qcrispv&quot;,
  &quot;riderId&quot;: null,
  &quot;password&quot;: null,
  &quot;phoneNumber&quot;: &quot;8530866000&quot;,
  &quot;roleIds&quot;: [
    &quot;4f1058c6-0985-4139-8302-b50df344c339&quot;
  ],
  &quot;passwordConfirm&quot;: null,
  &quot;imageFile&quot;: null,
  &quot;statusText&quot;: &quot;Active&quot;,
  &quot;imageUrl&quot;: null,
  &quot;customerId&quot;: null,
  &quot;id&quot;: &quot;75a4687b-385c-46f2-ae25-7b707b76e8d7&quot;,
  &quot;nationalSecurityNumber&quot;: null,
  &quot;residenceAddress&quot;: null,
  &quot;email&quot;: &quot;vegmd3v@grr.la&quot;,
  &quot;status&quot;: 1
}
 
15:26:15.349 [pool-1-thread-2] INFO  com.intuit.karate - [print] employee create response --&gt; {
  &quot;lastName&quot;: &quot;ka8bsh4&quot;,
  &quot;imagePath&quot;: null,
  &quot;roles&quot;: [
    {
      &quot;name&quot;: &quot;Super Admin&quot;,
      &quot;displayOrder&quot;: 0,
      &quot;description&quot;: null,
      &quot;colorCode&quot;: null,
      &quot;id&quot;: &quot;4f1058c6-0985-4139-8302-b50df344c339&quot;
    }
  ],
  &quot;fullName&quot;: &quot;ka8bsh4 ka8bsh4&quot;,
  &quot;employeeId&quot;: null,
  &quot;title&quot;: &quot;ka8bsh4&quot;,
  &quot;userId&quot;: &quot;c49d1096-c83a-4b4f-8059-74d4262ebb2e&quot;,
  &quot;phoneCountry&quot;: {
    &quot;name&quot;: &quot;Austria&quot;,
    &quot;id&quot;: &quot;a82b2d38-c995-4339-b436-43cabf8d3651&quot;
  },
  &quot;firstName&quot;: &quot;ka8bsh4&quot;,
  &quot;riderId&quot;: null,
  &quot;password&quot;: null,
  &quot;phoneNumber&quot;: &quot;5365623868&quot;,
  &quot;roleIds&quot;: [
    &quot;4f1058c6-0985-4139-8302-b50df344c339&quot;
  ],
  &quot;passwordConfirm&quot;: null,
  &quot;imageFile&quot;: null,
  &quot;statusText&quot;: &quot;Active&quot;,
  &quot;imageUrl&quot;: null,
  &quot;customerId&quot;: null,
  &quot;id&quot;: &quot;730dc13b-afef-4422-a9c5-a198c40bf8fd&quot;,
  &quot;nationalSecurityNumber&quot;: null,
  &quot;residenceAddress&quot;: null,
  &quot;email&quot;: &quot;wnvibyi@grr.la&quot;,
  &quot;status&quot;: 1
}
 
15:26:15.874 [pool-1-thread-3] INFO  com.intuit.karate - [print] employee edit fail scenario response --&gt; {
  &quot;visible&quot;: true,
  &quot;action&quot;: &quot;default&quot;,
  &quot;messages&quot;: [
    &quot;Error converting value \&quot;\&quot; to type &apos;System.Guid&apos;. Path &apos;id&apos;, line 1, position 8.&quot;
  ],
  &quot;validations&quot;: {
    &quot;id&quot;: [
      &quot;Error converting value \&quot;\&quot; to type &apos;System.Guid&apos;. Path &apos;id&apos;, line 1, position 8.&quot;
    ]
  },
  &quot;type&quot;: &quot;validation&quot;,
  &quot;title&quot;: null,
  &quot;message&quot;: &quot;Error converting value \&quot;\&quot; to type &apos;System.Guid&apos;. Path &apos;id&apos;, line 1, position 8.&quot;,
  &quot;typeCode&quot;: 400
}
 
15:26:15.878 [pool-1-thread-3] INFO  com.intuit.karate - Environment variable is : popcorn 
15:26:15.880 [pool-1-thread-3] INFO  c.intuit.karate.core.FeatureRuntime - scenario called at line: 14 by tag: @employeeInfo
15:26:16.068 [pool-1-thread-1] INFO  com.intuit.karate - [print] employee create response --&gt; {
  &quot;lastName&quot;: &quot;aze8rnx&quot;,
  &quot;imagePath&quot;: null,
  &quot;roles&quot;: [
    {
      &quot;name&quot;: &quot;Super Admin&quot;,
      &quot;displayOrder&quot;: 0,
      &quot;description&quot;: null,
      &quot;colorCode&quot;: null,
      &quot;id&quot;: &quot;4f1058c6-0985-4139-8302-b50df344c339&quot;
    }
  ],
  &quot;fullName&quot;: &quot;aze8rnx aze8rnx&quot;,
  &quot;employeeId&quot;: null,
  &quot;title&quot;: &quot;aze8rnx&quot;,
  &quot;userId&quot;: &quot;727eb53f-1a22-4d8a-9991-506e45543bf7&quot;,
  &quot;phoneCountry&quot;: {
    &quot;name&quot;: &quot;Austria&quot;,
    &quot;id&quot;: &quot;a82b2d38-c995-4339-b436-43cabf8d3651&quot;
  },
  &quot;firstName&quot;: &quot;aze8rnx&quot;,
  &quot;riderId&quot;: null,
  &quot;password&quot;: null,
  &quot;phoneNumber&quot;: &quot;7015737831&quot;,
  &quot;roleIds&quot;: [
    &quot;4f1058c6-0985-4139-8302-b50df344c339&quot;
  ],
  &quot;passwordConfirm&quot;: null,
  &quot;imageFile&quot;: null,
  &quot;statusText&quot;: &quot;Active&quot;,
  &quot;imageUrl&quot;: null,
  &quot;customerId&quot;: null,
  &quot;id&quot;: &quot;8dd288b8-64aa-4bbc-b1d2-8154666bcf5d&quot;,
  &quot;nationalSecurityNumber&quot;: null,
  &quot;residenceAddress&quot;: null,
  &quot;email&quot;: &quot;afooh5v@grr.la&quot;,
  &quot;status&quot;: 1
}
 
15:26:16.293 [pool-1-thread-5] INFO  com.intuit.karate - [print] employee create response --&gt; {
  &quot;lastName&quot;: &quot;8d1uz4u&quot;,
  &quot;imagePath&quot;: null,
  &quot;roles&quot;: [
    {
      &quot;name&quot;: &quot;Super Admin&quot;,
      &quot;displayOrder&quot;: 0,
      &quot;description&quot;: null,
      &quot;colorCode&quot;: null,
      &quot;id&quot;: &quot;4f1058c6-0985-4139-8302-b50df344c339&quot;
    }
  ],
  &quot;fullName&quot;: &quot;8d1uz4u 8d1uz4u&quot;,
  &quot;employeeId&quot;: null,
  &quot;title&quot;: &quot;8d1uz4u&quot;,
  &quot;userId&quot;: &quot;5cb46656-02d1-4a5d-a6a8-8268dc96b854&quot;,
  &quot;phoneCountry&quot;: {
    &quot;name&quot;: &quot;Austria&quot;,
    &quot;id&quot;: &quot;a82b2d38-c995-4339-b436-43cabf8d3651&quot;
  },
  &quot;firstName&quot;: &quot;8d1uz4u&quot;,
  &quot;riderId&quot;: null,
  &quot;password&quot;: null,
  &quot;phoneNumber&quot;: &quot;1718345565&quot;,
  &quot;roleIds&quot;: [
    &quot;4f1058c6-0985-4139-8302-b50df344c339&quot;
  ],
  &quot;passwordConfirm&quot;: null,
  &quot;imageFile&quot;: null,
  &quot;statusText&quot;: &quot;Active&quot;,
  &quot;imageUrl&quot;: null,
  &quot;customerId&quot;: null,
  &quot;id&quot;: &quot;dd96605b-19e9-4f17-9041-c8a6cc889752&quot;,
  &quot;nationalSecurityNumber&quot;: null,
  &quot;residenceAddress&quot;: null,
  &quot;email&quot;: &quot;uok9cqj@grr.la&quot;,
  &quot;status&quot;: 1
}
 
15:26:16.325 [pool-1-thread-2] INFO  com.intuit.karate - [print] employee edit fail scenario response --&gt; {
  &quot;visible&quot;: true,
  &quot;action&quot;: &quot;default&quot;,
  &quot;messages&quot;: [
    &quot;Required&quot;,
    &quot;be.user.length&quot;
  ],
  &quot;validations&quot;: {
    &quot;phoneNumber&quot;: [
      &quot;Required&quot;,
      &quot;be.user.length&quot;
    ]
  },
  &quot;type&quot;: &quot;validation&quot;,
  &quot;title&quot;: null,
  &quot;message&quot;: &quot;Required&quot;,
  &quot;typeCode&quot;: 400
}
 
15:26:16.329 [pool-1-thread-2] INFO  com.intuit.karate - Environment variable is : popcorn 
15:26:16.361 [pool-1-thread-4] INFO  com.intuit.karate - [print] employee create response --&gt; {
  &quot;lastName&quot;: &quot;tinunjv&quot;,
  &quot;imagePath&quot;: null,
  &quot;roles&quot;: [
    {
      &quot;name&quot;: &quot;Super Admin&quot;,
      &quot;displayOrder&quot;: 0,
      &quot;description&quot;: null,
      &quot;colorCode&quot;: null,
      &quot;id&quot;: &quot;4f1058c6-0985-4139-8302-b50df344c339&quot;
    }
  ],
  &quot;fullName&quot;: &quot;tinunjv tinunjv&quot;,
  &quot;employeeId&quot;: null,
  &quot;title&quot;: &quot;tinunjv&quot;,
  &quot;userId&quot;: &quot;8e50df1f-a823-4bc1-a08f-19228c35ee9f&quot;,
  &quot;phoneCountry&quot;: {
    &quot;name&quot;: &quot;Austria&quot;,
    &quot;id&quot;: &quot;a82b2d38-c995-4339-b436-43cabf8d3651&quot;
  },
  &quot;firstName&quot;: &quot;tinunjv&quot;,
  &quot;riderId&quot;: null,
  &quot;password&quot;: null,
  &quot;phoneNumber&quot;: &quot;7163616959&quot;,
  &quot;roleIds&quot;: [
    &quot;4f1058c6-0985-4139-8302-b50df344c339&quot;
  ],
  &quot;passwordConfirm&quot;: null,
  &quot;imageFile&quot;: null,
  &quot;statusText&quot;: &quot;Active&quot;,
  &quot;imageUrl&quot;: null,
  &quot;customerId&quot;: null,
  &quot;id&quot;: &quot;fe19e2fd-105f-4161-b30f-357801ab5d23&quot;,
  &quot;nationalSecurityNumber&quot;: null,
  &quot;residenceAddress&quot;: null,
  &quot;email&quot;: &quot;3rrnsdx@grr.la&quot;,
  &quot;status&quot;: 1
}
 
15:26:17.210 [pool-1-thread-1] INFO  com.intuit.karate - [print] employee edit fail scenario response --&gt; {
  &quot;visible&quot;: true,
  &quot;action&quot;: &quot;default&quot;,
  &quot;messages&quot;: [
    &quot;Error converting value \&quot;wrong\&quot; to type &apos;System.Guid&apos;. Path &apos;id&apos;, line 1, position 13.&quot;
  ],
  &quot;validations&quot;: {
    &quot;id&quot;: [
      &quot;Error converting value \&quot;wrong\&quot; to type &apos;System.Guid&apos;. Path &apos;id&apos;, line 1, position 13.&quot;
    ]
  },
  &quot;type&quot;: &quot;validation&quot;,
  &quot;title&quot;: null,
  &quot;message&quot;: &quot;Error converting value \&quot;wrong\&quot; to type &apos;System.Guid&apos;. Path &apos;id&apos;, line 1, position 13.&quot;,
  &quot;typeCode&quot;: 400
}
 
15:26:17.220 [pool-1-thread-1] INFO  com.intuit.karate - Environment variable is : popcorn 
15:26:17.224 [pool-1-thread-1] INFO  c.intuit.karate.core.FeatureRuntime - scenario called at line: 14 by tag: @employeeInfo
15:26:17.396 [pool-1-thread-3] INFO  com.intuit.karate - [print] employee create response --&gt; {
  &quot;lastName&quot;: &quot;rojmrpk&quot;,
  &quot;imagePath&quot;: null,
  &quot;roles&quot;: [
    {
      &quot;name&quot;: &quot;Super Admin&quot;,
      &quot;displayOrder&quot;: 0,
      &quot;description&quot;: null,
      &quot;colorCode&quot;: null,
      &quot;id&quot;: &quot;4f1058c6-0985-4139-8302-b50df344c339&quot;
    }
  ],
  &quot;fullName&quot;: &quot;rojmrpk rojmrpk&quot;,
  &quot;employeeId&quot;: null,
  &quot;title&quot;: &quot;rojmrpk&quot;,
  &quot;userId&quot;: &quot;5a090320-7936-4a23-9244-18f3d67bd258&quot;,
  &quot;phoneCountry&quot;: {
    &quot;name&quot;: &quot;Austria&quot;,
    &quot;id&quot;: &quot;a82b2d38-c995-4339-b436-43cabf8d3651&quot;
  },
  &quot;firstName&quot;: &quot;rojmrpk&quot;,
  &quot;riderId&quot;: null,
  &quot;password&quot;: null,
  &quot;phoneNumber&quot;: &quot;2350734108&quot;,
  &quot;roleIds&quot;: [
    &quot;4f1058c6-0985-4139-8302-b50df344c339&quot;
  ],
  &quot;passwordConfirm&quot;: null,
  &quot;imageFile&quot;: null,
  &quot;statusText&quot;: &quot;Active&quot;,
  &quot;imageUrl&quot;: null,
  &quot;customerId&quot;: null,
  &quot;id&quot;: &quot;d08a0647-e6c2-41f6-acea-f5951ce77a7a&quot;,
  &quot;nationalSecurityNumber&quot;: null,
  &quot;residenceAddress&quot;: null,
  &quot;email&quot;: &quot;jgb6bdo@grr.la&quot;,
  &quot;status&quot;: 1
}
 
15:26:17.784 [pool-1-thread-2] INFO  com.intuit.karate - Environment variable is : popcorn 
15:26:17.789 [pool-1-thread-2] INFO  c.intuit.karate.core.FeatureRuntime - scenario called at line: 14 by tag: @employeeInfo
15:26:17.872 [pool-1-thread-4] INFO  com.intuit.karate - [print] employee edit fail scenario response --&gt; {
  &quot;visible&quot;: true,
  &quot;action&quot;: &quot;default&quot;,
  &quot;messages&quot;: [
    &quot;Email.NotValid&quot;
  ],
  &quot;validations&quot;: {
    &quot;email&quot;: [
      &quot;Email.NotValid&quot;
    ]
  },
  &quot;type&quot;: &quot;validation&quot;,
  &quot;title&quot;: null,
  &quot;message&quot;: &quot;Email.NotValid&quot;,
  &quot;typeCode&quot;: 400
}
 
15:26:17.879 [pool-1-thread-4] INFO  com.intuit.karate - Environment variable is : popcorn 
---------------------------------------------------------
feature: classpath:features/userApi/employee/employee_edit.feature
scenarios:  9 | passed:  9 | failed:  0 | time: 25.8091
---------------------------------------------------------

15:26:18.202 [pool-2-thread-1] INFO  com.intuit.karate.Suite - &lt;&lt;pass&gt;&gt; feature 27 of 33 (6 remaining) classpath:features/userApi/employee/employee_edit.feature
15:26:18.286 [pool-1-thread-3] INFO  com.intuit.karate - [print] employee find without authorization response --&gt;  {
  &quot;visible&quot;: true,
  &quot;action&quot;: &quot;default&quot;,
  &quot;messages&quot;: [
    &quot;User Authorization Error&quot;
  ],
  &quot;type&quot;: &quot;authorization&quot;,
  &quot;title&quot;: null,
  &quot;message&quot;: &quot;User Authorization Error&quot;,
  &quot;typeCode&quot;: 401
}
 
15:26:18.291 [pool-1-thread-3] INFO  com.intuit.karate - Environment variable is : popcorn 
15:26:18.294 [pool-1-thread-3] INFO  c.intuit.karate.core.FeatureRuntime - scenario called at line: 14 by tag: @employeeInfo
15:26:18.362 [pool-1-thread-5] INFO  com.intuit.karate - [print] employee find response --&gt;  {
  &quot;lastName&quot;: &quot;8d1uz4u&quot;,
  &quot;imagePath&quot;: null,
  &quot;roles&quot;: [
    {
      &quot;name&quot;: &quot;Super Admin&quot;,
      &quot;displayOrder&quot;: 0,
      &quot;description&quot;: null,
      &quot;colorCode&quot;: null,
      &quot;id&quot;: &quot;4f1058c6-0985-4139-8302-b50df344c339&quot;
    }
  ],
  &quot;fullName&quot;: &quot;8d1uz4u 8d1uz4u&quot;,
  &quot;employeeId&quot;: null,
  &quot;title&quot;: &quot;8d1uz4u&quot;,
  &quot;userId&quot;: &quot;5cb46656-02d1-4a5d-a6a8-8268dc96b854&quot;,
  &quot;phoneCountry&quot;: {
    &quot;name&quot;: &quot;Austria&quot;,
    &quot;id&quot;: &quot;a82b2d38-c995-4339-b436-43cabf8d3651&quot;
  },
  &quot;firstName&quot;: &quot;8d1uz4u&quot;,
  &quot;riderId&quot;: null,
  &quot;password&quot;: null,
  &quot;phoneNumber&quot;: &quot;1718345565&quot;,
  &quot;roleIds&quot;: [
    &quot;4f1058c6-0985-4139-8302-b50df344c339&quot;
  ],
  &quot;passwordConfirm&quot;: null,
  &quot;imageFile&quot;: null,
  &quot;statusText&quot;: &quot;Active&quot;,
  &quot;imageUrl&quot;: null,
  &quot;customerId&quot;: null,
  &quot;id&quot;: &quot;dd96605b-19e9-4f17-9041-c8a6cc889752&quot;,
  &quot;nationalSecurityNumber&quot;: null,
  &quot;residenceAddress&quot;: null,
  &quot;email&quot;: &quot;uok9cqj@grr.la&quot;,
  &quot;status&quot;: 1
}
 
15:26:18.373 [pool-1-thread-5] INFO  com.intuit.karate - Environment variable is : popcorn 
---------------------------------------------------------
feature: classpath:features/userApi/employee/employee_find.feature
scenarios:  3 | passed:  3 | failed:  0 | time: 7.7399
---------------------------------------------------------

15:26:18.460 [pool-2-thread-1] INFO  com.intuit.karate.Suite - &lt;&lt;pass&gt;&gt; feature 28 of 33 (5 remaining) classpath:features/userApi/employee/employee_find.feature
15:26:18.790 [pool-1-thread-1] INFO  com.intuit.karate - [print] employee create response --&gt; {
  &quot;lastName&quot;: &quot;uu0scz5&quot;,
  &quot;imagePath&quot;: null,
  &quot;roles&quot;: [
    {
      &quot;name&quot;: &quot;Super Admin&quot;,
      &quot;displayOrder&quot;: 0,
      &quot;description&quot;: null,
      &quot;colorCode&quot;: null,
      &quot;id&quot;: &quot;4f1058c6-0985-4139-8302-b50df344c339&quot;
    }
  ],
  &quot;fullName&quot;: &quot;uu0scz5 uu0scz5&quot;,
  &quot;employeeId&quot;: null,
  &quot;title&quot;: &quot;uu0scz5&quot;,
  &quot;userId&quot;: &quot;160f392b-8188-4b29-b232-60c5fa4029be&quot;,
  &quot;phoneCountry&quot;: {
    &quot;name&quot;: &quot;Austria&quot;,
    &quot;id&quot;: &quot;a82b2d38-c995-4339-b436-43cabf8d3651&quot;
  },
  &quot;firstName&quot;: &quot;uu0scz5&quot;,
  &quot;riderId&quot;: null,
  &quot;password&quot;: null,
  &quot;phoneNumber&quot;: &quot;8600261030&quot;,
  &quot;roleIds&quot;: [
    &quot;4f1058c6-0985-4139-8302-b50df344c339&quot;
  ],
  &quot;passwordConfirm&quot;: null,
  &quot;imageFile&quot;: null,
  &quot;statusText&quot;: &quot;Active&quot;,
  &quot;imageUrl&quot;: null,
  &quot;customerId&quot;: null,
  &quot;id&quot;: &quot;9302b388-5737-455d-a0c9-7f66a261a42a&quot;,
  &quot;nationalSecurityNumber&quot;: null,
  &quot;residenceAddress&quot;: null,
  &quot;email&quot;: &quot;s3l9qpq@grr.la&quot;,
  &quot;status&quot;: 1
}
 
15:26:18.794 [pool-1-thread-4] INFO  com.intuit.karate - [print] employee list search with wrong email response --&gt;  {
  &quot;page&quot;: {
    &quot;pageNumber&quot;: 0,
    &quot;pageSize&quot;: 0,
    &quot;hasNext&quot;: false,
    &quot;totalCount&quot;: 0
  },
  &quot;items&quot;: [
  ]
}
 
15:26:18.798 [pool-1-thread-4] INFO  com.intuit.karate - Environment variable is : popcorn 
15:26:18.802 [pool-1-thread-4] INFO  c.intuit.karate.core.FeatureRuntime - scenario called at line: 14 by tag: @employeeInfo
15:26:19.256 [pool-1-thread-5] INFO  com.intuit.karate - [print] employee list search with wrong phone number response --&gt;  {
  &quot;page&quot;: {
    &quot;pageNumber&quot;: 0,
    &quot;pageSize&quot;: 0,
    &quot;hasNext&quot;: false,
    &quot;totalCount&quot;: 0
  },
  &quot;items&quot;: [
  ]
}
 
15:26:19.262 [pool-1-thread-5] INFO  com.intuit.karate - Environment variable is : popcorn 
15:26:19.806 [pool-1-thread-2] INFO  com.intuit.karate - [print] employee create response --&gt; {
  &quot;lastName&quot;: &quot;l3ic8h1&quot;,
  &quot;imagePath&quot;: null,
  &quot;roles&quot;: [
    {
      &quot;name&quot;: &quot;Super Admin&quot;,
      &quot;displayOrder&quot;: 0,
      &quot;description&quot;: null,
      &quot;colorCode&quot;: null,
      &quot;id&quot;: &quot;4f1058c6-0985-4139-8302-b50df344c339&quot;
    }
  ],
  &quot;fullName&quot;: &quot;l3ic8h1 l3ic8h1&quot;,
  &quot;employeeId&quot;: null,
  &quot;title&quot;: &quot;l3ic8h1&quot;,
  &quot;userId&quot;: &quot;afd58016-8cfc-4a4e-9eba-24ec38454e1d&quot;,
  &quot;phoneCountry&quot;: {
    &quot;name&quot;: &quot;Austria&quot;,
    &quot;id&quot;: &quot;a82b2d38-c995-4339-b436-43cabf8d3651&quot;
  },
  &quot;firstName&quot;: &quot;l3ic8h1&quot;,
  &quot;riderId&quot;: null,
  &quot;password&quot;: null,
  &quot;phoneNumber&quot;: &quot;9549308585&quot;,
  &quot;roleIds&quot;: [
    &quot;4f1058c6-0985-4139-8302-b50df344c339&quot;
  ],
  &quot;passwordConfirm&quot;: null,
  &quot;imageFile&quot;: null,
  &quot;statusText&quot;: &quot;Active&quot;,
  &quot;imageUrl&quot;: null,
  &quot;customerId&quot;: null,
  &quot;id&quot;: &quot;a9d03b89-05fc-42e4-87c0-ca4a5cafa581&quot;,
  &quot;nationalSecurityNumber&quot;: null,
  &quot;residenceAddress&quot;: null,
  &quot;email&quot;: &quot;rq5dcpg@grr.la&quot;,
  &quot;status&quot;: 1
}
 
15:26:19.860 [pool-1-thread-1] INFO  com.intuit.karate - [print] employee list search with email response --&gt;  {
  &quot;page&quot;: {
    &quot;pageNumber&quot;: 0,
    &quot;pageSize&quot;: 0,
    &quot;hasNext&quot;: false,
    &quot;totalCount&quot;: 1
  },
  &quot;items&quot;: [
    {
      &quot;lastName&quot;: &quot;uu0scz5&quot;,
      &quot;imagePath&quot;: null,
      &quot;roles&quot;: [
        {
          &quot;name&quot;: &quot;Super Admin&quot;,
          &quot;displayOrder&quot;: 0,
          &quot;description&quot;: null,
          &quot;colorCode&quot;: null,
          &quot;id&quot;: &quot;4f1058c6-0985-4139-8302-b50df344c339&quot;
        }
      ],
      &quot;orderCount&quot;: 0,
      &quot;fullName&quot;: &quot;uu0scz5 uu0scz5&quot;,
      &quot;title&quot;: &quot;uu0scz5&quot;,
      &quot;firstName&quot;: &quot;uu0scz5&quot;,
      &quot;createdAt&quot;: &quot;2022-01-19T12:26:18.294Z&quot;,
      &quot;phoneNumber&quot;: null,
      &quot;roleIds&quot;: [
        &quot;4f1058c6-0985-4139-8302-b50df344c339&quot;
      ],
      &quot;imageUrl&quot;: null,
      &quot;statusText&quot;: &quot;Passive&quot;,
      &quot;referralCode&quot;: null,
      &quot;statusName&quot;: &quot;be.user.enums.userstatus.passive&quot;,
      &quot;phoneCountryId&quot;: &quot;00000000-0000-0000-0000-000000000000&quot;,
      &quot;id&quot;: &quot;9302b388-5737-455d-a0c9-7f66a261a42a&quot;,
      &quot;email&quot;: &quot;s3l9qpq@grr.la&quot;,
      &quot;status&quot;: 0,
      &quot;updatedAt&quot;: &quot;2022-01-19T12:26:18.294Z&quot;
    }
  ]
}
 
15:26:19.867 [pool-1-thread-1] INFO  com.intuit.karate - Environment variable is : popcorn 
15:26:20.052 [pool-1-thread-3] INFO  com.intuit.karate - [print] employee create response --&gt; {
  &quot;lastName&quot;: &quot;zx0wfvu&quot;,
  &quot;imagePath&quot;: null,
  &quot;roles&quot;: [
    {
      &quot;name&quot;: &quot;Super Admin&quot;,
      &quot;displayOrder&quot;: 0,
      &quot;description&quot;: null,
      &quot;colorCode&quot;: null,
      &quot;id&quot;: &quot;4f1058c6-0985-4139-8302-b50df344c339&quot;
    }
  ],
  &quot;fullName&quot;: &quot;zx0wfvu zx0wfvu&quot;,
  &quot;employeeId&quot;: null,
  &quot;title&quot;: &quot;zx0wfvu&quot;,
  &quot;userId&quot;: &quot;96aeeffe-5aaa-49d4-b8d0-cbce09ef06e9&quot;,
  &quot;phoneCountry&quot;: {
    &quot;name&quot;: &quot;Austria&quot;,
    &quot;id&quot;: &quot;a82b2d38-c995-4339-b436-43cabf8d3651&quot;
  },
  &quot;firstName&quot;: &quot;zx0wfvu&quot;,
  &quot;riderId&quot;: null,
  &quot;password&quot;: null,
  &quot;phoneNumber&quot;: &quot;1393453666&quot;,
  &quot;roleIds&quot;: [
    &quot;4f1058c6-0985-4139-8302-b50df344c339&quot;
  ],
  &quot;passwordConfirm&quot;: null,
  &quot;imageFile&quot;: null,
  &quot;statusText&quot;: &quot;Active&quot;,
  &quot;imageUrl&quot;: null,
  &quot;customerId&quot;: null,
  &quot;id&quot;: &quot;3b4df989-53fd-4383-a692-06498b095caa&quot;,
  &quot;nationalSecurityNumber&quot;: null,
  &quot;residenceAddress&quot;: null,
  &quot;email&quot;: &quot;ujsobwf@grr.la&quot;,
  &quot;status&quot;: 1
}
 
15:26:20.166 [pool-1-thread-4] INFO  com.intuit.karate - [print] employee create response --&gt; {
  &quot;lastName&quot;: &quot;wljq0fh&quot;,
  &quot;imagePath&quot;: null,
  &quot;roles&quot;: [
    {
      &quot;name&quot;: &quot;Super Admin&quot;,
      &quot;displayOrder&quot;: 0,
      &quot;description&quot;: null,
      &quot;colorCode&quot;: null,
      &quot;id&quot;: &quot;4f1058c6-0985-4139-8302-b50df344c339&quot;
    }
  ],
  &quot;fullName&quot;: &quot;wljq0fh wljq0fh&quot;,
  &quot;employeeId&quot;: null,
  &quot;title&quot;: &quot;wljq0fh&quot;,
  &quot;userId&quot;: &quot;0f7f7ae8-614b-435d-883e-dc33f4ca836c&quot;,
  &quot;phoneCountry&quot;: {
    &quot;name&quot;: &quot;Austria&quot;,
    &quot;id&quot;: &quot;a82b2d38-c995-4339-b436-43cabf8d3651&quot;
  },
  &quot;firstName&quot;: &quot;wljq0fh&quot;,
  &quot;riderId&quot;: null,
  &quot;password&quot;: null,
  &quot;phoneNumber&quot;: &quot;0422354746&quot;,
  &quot;roleIds&quot;: [
    &quot;4f1058c6-0985-4139-8302-b50df344c339&quot;
  ],
  &quot;passwordConfirm&quot;: null,
  &quot;imageFile&quot;: null,
  &quot;statusText&quot;: &quot;Active&quot;,
  &quot;imageUrl&quot;: null,
  &quot;customerId&quot;: null,
  &quot;id&quot;: &quot;f7af3ba9-6452-4a19-9bdb-4f4387c9df1a&quot;,
  &quot;nationalSecurityNumber&quot;: null,
  &quot;residenceAddress&quot;: null,
  &quot;email&quot;: &quot;fl4jw8h@grr.la&quot;,
  &quot;status&quot;: 1
}
 
15:26:20.186 [pool-1-thread-5] INFO  com.intuit.karate - [print] employee list search with wrong full name response --&gt;  {
  &quot;page&quot;: {
    &quot;pageNumber&quot;: 0,
    &quot;pageSize&quot;: 0,
    &quot;hasNext&quot;: false,
    &quot;totalCount&quot;: 0
  },
  &quot;items&quot;: [
  ]
}
 
15:26:20.198 [pool-1-thread-5] INFO  com.intuit.karate - Environment variable is : popcorn 
15:26:20.507 [pool-1-thread-2] INFO  com.intuit.karate - [print] employee list search without authorization response --&gt;  {
  &quot;visible&quot;: true,
  &quot;action&quot;: &quot;default&quot;,
  &quot;messages&quot;: [
    &quot;User Authorization Error&quot;
  ],
  &quot;type&quot;: &quot;authorization&quot;,
  &quot;title&quot;: null,
  &quot;message&quot;: &quot;User Authorization Error&quot;,
  &quot;typeCode&quot;: 401
}
 
15:26:20.520 [pool-1-thread-2] INFO  com.intuit.karate - Environment variable is : popcorn 
15:26:20.952 [pool-1-thread-3] INFO  com.intuit.karate - [print] employee list search with phone number response --&gt;  {
  &quot;page&quot;: {
    &quot;pageNumber&quot;: 0,
    &quot;pageSize&quot;: 0,
    &quot;hasNext&quot;: false,
    &quot;totalCount&quot;: 1
  },
  &quot;items&quot;: [
    {
      &quot;lastName&quot;: &quot;zx0wfvu&quot;,
      &quot;imagePath&quot;: null,
      &quot;roles&quot;: [
        {
          &quot;name&quot;: &quot;Super Admin&quot;,
          &quot;displayOrder&quot;: 0,
          &quot;description&quot;: null,
          &quot;colorCode&quot;: null,
          &quot;id&quot;: &quot;4f1058c6-0985-4139-8302-b50df344c339&quot;
        }
      ],
      &quot;orderCount&quot;: 0,
      &quot;fullName&quot;: &quot;zx0wfvu zx0wfvu&quot;,
      &quot;title&quot;: &quot;zx0wfvu&quot;,
      &quot;firstName&quot;: &quot;zx0wfvu&quot;,
      &quot;createdAt&quot;: &quot;2022-01-19T12:26:19.573Z&quot;,
      &quot;phoneNumber&quot;: null,
      &quot;roleIds&quot;: [
        &quot;4f1058c6-0985-4139-8302-b50df344c339&quot;
      ],
      &quot;imageUrl&quot;: null,
      &quot;statusText&quot;: &quot;Passive&quot;,
      &quot;referralCode&quot;: null,
      &quot;statusName&quot;: &quot;be.user.enums.userstatus.passive&quot;,
      &quot;phoneCountryId&quot;: &quot;00000000-0000-0000-0000-000000000000&quot;,
      &quot;id&quot;: &quot;3b4df989-53fd-4383-a692-06498b095caa&quot;,
      &quot;email&quot;: &quot;ujsobwf@grr.la&quot;,
      &quot;status&quot;: 0,
      &quot;updatedAt&quot;: &quot;2022-01-19T12:26:19.573Z&quot;
    }
  ]
}
 
15:26:20.973 [pool-1-thread-3] INFO  com.intuit.karate - Environment variable is : popcorn 
15:26:21.044 [pool-1-thread-4] INFO  com.intuit.karate - [print] employee list search with full name response --&gt;  {
  &quot;page&quot;: {
    &quot;pageNumber&quot;: 0,
    &quot;pageSize&quot;: 0,
    &quot;hasNext&quot;: false,
    &quot;totalCount&quot;: 1
  },
  &quot;items&quot;: [
    {
      &quot;lastName&quot;: &quot;wljq0fh&quot;,
      &quot;imagePath&quot;: null,
      &quot;roles&quot;: [
        {
          &quot;name&quot;: &quot;Super Admin&quot;,
          &quot;displayOrder&quot;: 0,
          &quot;description&quot;: null,
          &quot;colorCode&quot;: null,
          &quot;id&quot;: &quot;4f1058c6-0985-4139-8302-b50df344c339&quot;
        }
      ],
      &quot;orderCount&quot;: 0,
      &quot;fullName&quot;: &quot;wljq0fh wljq0fh&quot;,
      &quot;title&quot;: &quot;wljq0fh&quot;,
      &quot;firstName&quot;: &quot;wljq0fh&quot;,
      &quot;createdAt&quot;: &quot;2022-01-19T12:26:19.871Z&quot;,
      &quot;phoneNumber&quot;: null,
      &quot;roleIds&quot;: [
        &quot;4f1058c6-0985-4139-8302-b50df344c339&quot;
      ],
      &quot;imageUrl&quot;: null,
      &quot;statusText&quot;: &quot;Passive&quot;,
      &quot;referralCode&quot;: null,
      &quot;statusName&quot;: &quot;be.user.enums.userstatus.passive&quot;,
      &quot;phoneCountryId&quot;: &quot;00000000-0000-0000-0000-000000000000&quot;,
      &quot;id&quot;: &quot;f7af3ba9-6452-4a19-9bdb-4f4387c9df1a&quot;,
      &quot;email&quot;: &quot;fl4jw8h@grr.la&quot;,
      &quot;status&quot;: 0,
      &quot;updatedAt&quot;: &quot;2022-01-19T12:26:19.871Z&quot;
    }
  ]
}
 
15:26:21.050 [pool-1-thread-4] INFO  com.intuit.karate - Environment variable is : popcorn 
15:26:21.143 [pool-1-thread-5] INFO  com.intuit.karate - [print] employee login with wrong scenario response --&gt; {
  &quot;visible&quot;: true,
  &quot;action&quot;: &quot;default&quot;,
  &quot;messages&quot;: [
    &quot;UnAuthorized&quot;
  ],
  &quot;type&quot;: &quot;authorization&quot;,
  &quot;title&quot;: null,
  &quot;message&quot;: &quot;UnAuthorized&quot;,
  &quot;typeCode&quot;: 401
}
 
15:26:21.152 [pool-1-thread-5] INFO  com.intuit.karate - Environment variable is : popcorn 
15:26:21.212 [pool-1-thread-1] INFO  com.intuit.karate - [print] employee login response --&gt; {
  &quot;expiresIn&quot;: 3.15359999949738E7,
  &quot;accessToken&quot;: &quot;eyJhbGciOiJIUzUxMiIsInR5cCI6IkpXVCJ9.eyJuYW1laWQiOiJidXNyYUBwb3Bjb3JudmFuLmNvbSIsIm5hbWUiOiJiw7zFn3JhIGLDvMWfcmEiLCJVc2VyVHlwZSI6IkVtcGxveWVlIiwiTmFtZSI6ImLDvMWfcmEgYsO8xZ9yYSIsIkVtYWlsIjoiYnVzcmFAcG9wY29ybnZhbi5jb20iLCJVc2VySWQiOiIzYzA1ZjhjMS1iMmMzLTQ0NjUtYjRlNS03NmE1ZThlNzkzYTgiLCJuYmYiOjE2NDI1OTUxODAsImV4cCI6MTY3NDEzMTE4MCwiaWF0IjoxNjQyNTk1MTgwLCJpc3MiOiJodHRwczovL3BvcGNvcm52YW4uY29tLyIsImF1ZCI6Imh0dHBzOi8vcG9wY29ybnZhbi5jb20vIn0.X41W-4EP84GEYrlI9x403AeREbBKMpCkeTGSDDAw6aRW7YaQxzkKoic08vYolDkt5wus2WnKN-Vag5oW2lDKdA&quot;,
  &quot;user&quot;: {
    &quot;imagePath&quot;: null,
    &quot;roles&quot;: [
      {
        &quot;name&quot;: &quot;Super Admin&quot;,
        &quot;displayOrder&quot;: 0,
        &quot;description&quot;: null,
        &quot;colorCode&quot;: null,
        &quot;id&quot;: &quot;4f1058c6-0985-4139-8302-b50df344c339&quot;
      }
    ],
    &quot;languageId&quot;: null,
    &quot;fullName&quot;: &quot;büşra büşra&quot;,
    &quot;employeeId&quot;: &quot;25010a8b-17db-438c-983d-a97e68c569b1&quot;,
    &quot;languageCode&quot;: null,
    &quot;userId&quot;: &quot;3c05f8c1-b2c3-4465-b4e5-76a5e8e793a8&quot;,
    &quot;languageName&quot;: null,
    &quot;phoneAreaCode&quot;: &quot;+373&quot;,
    &quot;phoneNumber&quot;: &quot;6667788&quot;,
    &quot;externalUserId&quot;: &quot;00000000-0000-0000-0000-000000000000&quot;,
    &quot;permissions&quot;: [
      {
        &quot;routePath&quot;: &quot;overview&quot;,
        &quot;iconName&quot;: &quot;overviewSVG&quot;,
        &quot;controllerName&quot;: &quot;Admin&quot;,
        &quot;name&quot;: &quot;Overview&quot;,
        &quot;displayOrder&quot;: 100,
        &quot;description&quot;: null,
        &quot;id&quot;: &quot;f3ef6d44-bdda-9acc-2131-8885bd8e368b&quot;,
        &quot;isMenu&quot;: false,
        &quot;key&quot;: &quot;Admin.Overview&quot;,
        &quot;parentId&quot;: null,
        &quot;unAuthorizedProps&quot;: {
          &quot;visible&quot;: false,
          &quot;disabled&quot;: false
        },
        &quot;actionName&quot;: &quot;Overview&quot;
      },
      {
        &quot;routePath&quot;: null,
        &quot;iconName&quot;: null,
        &quot;controllerName&quot;: &quot;Pusher&quot;,
        &quot;name&quot;: &quot;Pusher Auth&quot;,
        &quot;displayOrder&quot;: 0,
        &quot;description&quot;: null,
        &quot;id&quot;: &quot;d3abc4d5-0841-435b-b27e-c1f8ff8f4d9f&quot;,
        &quot;isMenu&quot;: false,
        &quot;key&quot;: &quot;Pusher.Auth&quot;,
        &quot;parentId&quot;: null,
        &quot;unAuthorizedProps&quot;: {
          &quot;visible&quot;: false,
          &quot;disabled&quot;: false
        },
        &quot;actionName&quot;: &quot;Auth&quot;
      },
      {
        &quot;routePath&quot;: null,
        &quot;iconName&quot;: null,
        &quot;controllerName&quot;: &quot;ServiceArea&quot;,
        &quot;name&quot;: &quot;ServiceArea Find&quot;,
        &quot;displayOrder&quot;: 0,
        &quot;description&quot;: null,
        &quot;id&quot;: &quot;941ff53e-a0e7-4a97-9f21-5a071749fdcf&quot;,
        &quot;isMenu&quot;: false,
        &quot;key&quot;: &quot;ServiceArea.Find&quot;,
        &quot;parentId&quot;: &quot;6510260c-2670-4f71-96ed-8f12986fb9cf&quot;,
        &quot;unAuthorizedProps&quot;: {
          &quot;visible&quot;: false,
          &quot;disabled&quot;: false
        },
        &quot;actionName&quot;: &quot;Find&quot;
      },
      {
        &quot;routePath&quot;: null,
        &quot;iconName&quot;: null,
        &quot;controllerName&quot;: &quot;CouponCode&quot;,
        &quot;name&quot;: &quot;CouponCode&quot;,
        &quot;displayOrder&quot;: 0,
        &quot;description&quot;: null,
        &quot;id&quot;: &quot;a1ea1d92-37b1-41ec-b4cf-24f205e13ced&quot;,
        &quot;isMenu&quot;: false,
        &quot;key&quot;: &quot;CouponCode.Edit&quot;,
        &quot;parentId&quot;: &quot;5aaef586-e311-4265-a241-6eb9758d6541&quot;,
        &quot;unAuthorizedProps&quot;: {
          &quot;visible&quot;: false,
          &quot;disabled&quot;: false
        },
        &quot;actionName&quot;: &quot;Edit&quot;
      },
      {
        &quot;routePath&quot;: &quot;customers&quot;,
        &quot;iconName&quot;: &quot;customerSVG&quot;,
        &quot;controllerName&quot;: &quot;Customer&quot;,
        &quot;name&quot;: &quot;Customer&quot;,
        &quot;displayOrder&quot;: 610,
        &quot;description&quot;: null,
        &quot;id&quot;: &quot;07b60a01-5846-422c-b1c6-1c7a382dbd0e&quot;,
        &quot;isMenu&quot;: true,
        &quot;key&quot;: &quot;Customer.Index&quot;,
        &quot;parentId&quot;: &quot;8b04f24a-f777-5455-9d4b-5d32257d3d62&quot;,
        &quot;unAuthorizedProps&quot;: {
          &quot;visible&quot;: false,
          &quot;disabled&quot;: false
        },
        &quot;actionName&quot;: &quot;Index&quot;
      },
      {
        &quot;routePath&quot;: null,
        &quot;iconName&quot;: null,
        &quot;controllerName&quot;: &quot;ServiceArea&quot;,
        &quot;name&quot;: &quot;ServiceArea List&quot;,
        &quot;displayOrder&quot;: 0,
        &quot;description&quot;: null,
        &quot;id&quot;: &quot;d059ba5c-c4a9-44ee-89cb-167400d65355&quot;,
        &quot;isMenu&quot;: false,
        &quot;key&quot;: &quot;ServiceArea.List&quot;,
        &quot;parentId&quot;: &quot;6510260c-2670-4f71-96ed-8f12986fb9cf&quot;,
        &quot;unAuthorizedProps&quot;: {
          &quot;visible&quot;: false,
          &quot;disabled&quot;: false
        },
        &quot;actionName&quot;: &quot;List&quot;
      },
      {
        &quot;routePath&quot;: null,
        &quot;iconName&quot;: &quot;managementSVG&quot;,
        &quot;controllerName&quot;: &quot;Product&quot;,
        &quot;name&quot;: &quot;Product / Support&quot;,
        &quot;displayOrder&quot;: 999,
        &quot;description&quot;: null,
        &quot;id&quot;: &quot;5b7cb896-ff20-4798-8468-df6c7f3be073&quot;,
        &quot;isMenu&quot;: true,
        &quot;key&quot;: &quot;Product.Main&quot;,
        &quot;parentId&quot;: null,
        &quot;unAuthorizedProps&quot;: {
          &quot;visible&quot;: false,
          &quot;disabled&quot;: false
        },
        &quot;actionName&quot;: &quot;Main&quot;
      },
      {
        &quot;routePath&quot;: null,
        &quot;iconName&quot;: null,
        &quot;controllerName&quot;: &quot;Address&quot;,
        &quot;name&quot;: &quot;Address List&quot;,
        &quot;displayOrder&quot;: 0,
        &quot;description&quot;: null,
        &quot;id&quot;: &quot;6cf101e1-86c2-4b4b-b308-33a8c9e2fd19&quot;,
        &quot;isMenu&quot;: false,
        &quot;key&quot;: &quot;Address.List&quot;,
        &quot;parentId&quot;: &quot;c3c514ef-1964-4c94-b13a-8bdd83a5b1cb&quot;,
        &quot;unAuthorizedProps&quot;: {
          &quot;visible&quot;: false,
          &quot;disabled&quot;: false
        },
        &quot;actionName&quot;: &quot;List&quot;
      },
      {
        &quot;routePath&quot;: null,
        &quot;iconName&quot;: null,
        &quot;controllerName&quot;: &quot;LocaleResource&quot;,
        &quot;name&quot;: &quot;LocaleResource Delete&quot;,
        &quot;displayOrder&quot;: 0,
        &quot;description&quot;: null,
        &quot;id&quot;: &quot;62103116-c035-44d5-aa5d-577df0b20041&quot;,
        &quot;isMenu&quot;: false,
        &quot;key&quot;: &quot;LocaleResource.Delete&quot;,
        &quot;parentId&quot;: &quot;4c1a6c0d-765c-444a-b7c8-49e99f61d47b&quot;,
        &quot;unAuthorizedProps&quot;: {
          &quot;visible&quot;: false,
          &quot;disabled&quot;: false
        },
        &quot;actionName&quot;: &quot;Delete&quot;
      },
      {
        &quot;routePath&quot;: null,
        &quot;iconName&quot;: null,
        &quot;controllerName&quot;: &quot;Address&quot;,
        &quot;name&quot;: &quot;Address Create&quot;,
        &quot;displayOrder&quot;: 0,
        &quot;description&quot;: null,
        &quot;id&quot;: &quot;ba0b5525-39db-4928-8a6a-a3c450b1d747&quot;,
        &quot;isMenu&quot;: false,
        &quot;key&quot;: &quot;Address.Create&quot;,
        &quot;parentId&quot;: &quot;c3c514ef-1964-4c94-b13a-8bdd83a5b1cb&quot;,
        &quot;unAuthorizedProps&quot;: {
          &quot;visible&quot;: false,
          &quot;disabled&quot;: false
        },
        &quot;actionName&quot;: &quot;Create&quot;
      },
      {
        &quot;routePath&quot;: null,
        &quot;iconName&quot;: &quot;ExportForFilter&quot;,
        &quot;controllerName&quot;: &quot;Product&quot;,
        &quot;name&quot;: &quot;Product ExportFinaleReplenishmentReport&quot;,
        &quot;displayOrder&quot;: 0,
        &quot;description&quot;: null,
        &quot;id&quot;: &quot;557a9551-e3b6-4022-8c65-8fefe6bc8b76&quot;,
        &quot;isMenu&quot;: false,
        &quot;key&quot;: &quot;Product.ExportFinaleReplenishmentReport&quot;,
        &quot;parentId&quot;: &quot;1858607f-58c2-4c69-8078-f2756c5ca81e&quot;,
        &quot;unAuthorizedProps&quot;: {
          &quot;visible&quot;: false,
          &quot;disabled&quot;: false
        },
        &quot;actionName&quot;: &quot;ExportFinaleReplenishmentReport&quot;
      },
      {
        &quot;routePath&quot;: null,
        &quot;iconName&quot;: null,
        &quot;controllerName&quot;: &quot;Setting&quot;,
        &quot;name&quot;: &quot;Setting Delete&quot;,
        &quot;displayOrder&quot;: 0,
        &quot;description&quot;: null,
        &quot;id&quot;: &quot;f22745ab-c49b-4b6a-8a72-58e25565418e&quot;,
        &quot;isMenu&quot;: false,
        &quot;key&quot;: &quot;Setting.Delete&quot;,
        &quot;parentId&quot;: &quot;ccc7592a-301d-4d63-aa26-09e92194ca01&quot;,
        &quot;unAuthorizedProps&quot;: {
          &quot;visible&quot;: false,
          &quot;disabled&quot;: false
        },
        &quot;actionName&quot;: &quot;Delete&quot;
      },
      {
        &quot;routePath&quot;: null,
        &quot;iconName&quot;: null,
        &quot;controllerName&quot;: &quot;Setting&quot;,
        &quot;name&quot;: &quot;Setting Edit&quot;,
        &quot;displayOrder&quot;: 0,
        &quot;description&quot;: null,
        &quot;id&quot;: &quot;368d96d0-f0f8-4a6a-a02a-10f3dc4d6813&quot;,
        &quot;isMenu&quot;: false,
        &quot;key&quot;: &quot;Setting.Edit&quot;,
        &quot;parentId&quot;: &quot;ccc7592a-301d-4d63-aa26-09e92194ca01&quot;,
        &quot;unAuthorizedProps&quot;: {
          &quot;visible&quot;: false,
          &quot;disabled&quot;: false
        },
        &quot;actionName&quot;: &quot;Edit&quot;
      },
      {
        &quot;routePath&quot;: null,
        &quot;iconName&quot;: null,
        &quot;controllerName&quot;: &quot;Warehouse&quot;,
        &quot;name&quot;: &quot;Warehouse ListWarehouseStock&quot;,
        &quot;displayOrder&quot;: 0,
        &quot;description&quot;: null,
        &quot;id&quot;: &quot;10961a78-a6c9-47aa-865a-b4d9aaab89bf&quot;,
        &quot;isMenu&quot;: false,
        &quot;key&quot;: &quot;Warehouse.ListWarehouseStock&quot;,
        &quot;parentId&quot;: &quot;7a99d565-0e98-95af-19bd-814011ea2417&quot;,
        &quot;unAuthorizedProps&quot;: {
          &quot;visible&quot;: false,
          &quot;disabled&quot;: false
        },
        &quot;actionName&quot;: &quot;ListWarehouseStock&quot;
      },
      {
        &quot;routePath&quot;: null,
        &quot;iconName&quot;: &quot;blackListSVG&quot;,
        &quot;controllerName&quot;: &quot;BlackList&quot;,
        &quot;name&quot;: &quot;Black List Create&quot;,
        &quot;displayOrder&quot;: 0,
        &quot;description&quot;: null,
        &quot;id&quot;: &quot;70d6b8cb-7f48-4cd4-a796-cad4e227ccd5&quot;,
        &quot;isMenu&quot;: false,
        &quot;key&quot;: &quot;BlackList.Create&quot;,
        &quot;parentId&quot;: &quot;d273c43d-77c8-4b88-8d35-9ec20a90bd11&quot;,
        &quot;unAuthorizedProps&quot;: {
          &quot;visible&quot;: false,
          &quot;disabled&quot;: false
        },
        &quot;actionName&quot;: &quot;Create&quot;
      },
      {
        &quot;routePath&quot;: null,
        &quot;iconName&quot;: &quot;a&quot;,
        &quot;controllerName&quot;: &quot;Customer&quot;,
        &quot;name&quot;: &quot;Customer UpdateBlockedCodeCampaign&quot;,
        &quot;displayOrder&quot;: 0,
        &quot;description&quot;: null,
        &quot;id&quot;: &quot;e3d996d8-5b07-4015-825c-c87c12952def&quot;,
        &quot;isMenu&quot;: false,
        &quot;key&quot;: &quot;Customer.UpdateBlockedCodeCampaign&quot;,
        &quot;parentId&quot;: null,
        &quot;unAuthorizedProps&quot;: {
          &quot;visible&quot;: false,
          &quot;disabled&quot;: false
        },
        &quot;actionName&quot;: &quot;UpdateBlockedCodeCampaign&quot;
      },
      {
        &quot;routePath&quot;: null,
        &quot;iconName&quot;: null,
        &quot;controllerName&quot;: &quot;Warehouse&quot;,
        &quot;name&quot;: &quot;Warehouse ExportWarehouseStock&quot;,
        &quot;displayOrder&quot;: 0,
        &quot;description&quot;: null,
        &quot;id&quot;: &quot;c9b0c169-56cc-4793-a43d-7d18a47ae863&quot;,
        &quot;isMenu&quot;: false,
        &quot;key&quot;: &quot;Warehouse.ExportWarehouseStock&quot;,
        &quot;parentId&quot;: &quot;7a99d565-0e98-95af-19bd-814011ea2417&quot;,
        &quot;unAuthorizedProps&quot;: {
          &quot;visible&quot;: false,
          &quot;disabled&quot;: false
        },
        &quot;actionName&quot;: &quot;ExportWarehouseStock&quot;
      },
      {
        &quot;routePath&quot;: null,
        &quot;iconName&quot;: &quot;SuitableWarehousesForOrder&quot;,
        &quot;controllerName&quot;: &quot;Order&quot;,
        &quot;name&quot;: &quot;Order SuitableWarehousesForOrder&quot;,
        &quot;displayOrder&quot;: 0,
        &quot;description&quot;: null,
        &quot;id&quot;: &quot;2188f2ef-08fb-4757-b6a6-d734b8d72eea&quot;,
        &quot;isMenu&quot;: false,
        &quot;key&quot;: &quot;Order.SuitableWarehousesForOrder&quot;,
        &quot;parentId&quot;: &quot;872b9f8c-c48d-dfeb-de32-1be0c3c38dbb&quot;,
        &quot;unAuthorizedProps&quot;: {
          &quot;visible&quot;: false,
          &quot;disabled&quot;: false
        },
        &quot;actionName&quot;: &quot;SuitableWarehousesForOrder&quot;
      },
      {
        &quot;routePath&quot;: &quot;products&quot;,
        &quot;iconName&quot;: &quot;productSVG&quot;,
        &quot;controllerName&quot;: &quot;Product&quot;,
        &quot;name&quot;: &quot;Product&quot;,
        &quot;displayOrder&quot;: 390,
        &quot;description&quot;: null,
        &quot;id&quot;: &quot;1858607f-58c2-4c69-8078-f2756c5ca81e&quot;,
        &quot;isMenu&quot;: true,
        &quot;key&quot;: &quot;Product.Index&quot;,
        &quot;parentId&quot;: &quot;8b40e125-ffeb-4cf1-ba4b-0ac72aac09d9&quot;,
        &quot;unAuthorizedProps&quot;: {
          &quot;visible&quot;: false,
          &quot;disabled&quot;: false
        },
        &quot;actionName&quot;: &quot;Index&quot;
      },
      {
        &quot;routePath&quot;: null,
        &quot;iconName&quot;: &quot;blackListSVG&quot;,
        &quot;controllerName&quot;: &quot;BlackList&quot;,
        &quot;name&quot;: &quot;Black List Edit&quot;,
        &quot;displayOrder&quot;: 0,
        &quot;description&quot;: null,
        &quot;id&quot;: &quot;8935ed07-0379-4235-99d4-2188e923639a&quot;,
        &quot;isMenu&quot;: false,
        &quot;key&quot;: &quot;BlackList.Edit&quot;,
        &quot;parentId&quot;: &quot;d273c43d-77c8-4b88-8d35-9ec20a90bd11&quot;,
        &quot;unAuthorizedProps&quot;: {
          &quot;visible&quot;: false,
          &quot;disabled&quot;: false
        },
        &quot;actionName&quot;: &quot;Edit&quot;
      },
      {
        &quot;routePath&quot;: null,
        &quot;iconName&quot;: null,
        &quot;controllerName&quot;: &quot;Rider&quot;,
        &quot;name&quot;: &quot;Rider Find&quot;,
        &quot;displayOrder&quot;: 0,
        &quot;description&quot;: null,
        &quot;id&quot;: &quot;438a4584-500a-47a2-810f-012e4743a389&quot;,
        &quot;isMenu&quot;: false,
        &quot;key&quot;: &quot;Rider.Find&quot;,
        &quot;parentId&quot;: &quot;1b716d9c-2bf6-4a16-9bd1-2214d14b6cc7&quot;,
        &quot;unAuthorizedProps&quot;: {
          &quot;visible&quot;: false,
          &quot;disabled&quot;: false
        },
        &quot;actionName&quot;: &quot;Find&quot;
      },
      {
        &quot;routePath&quot;: null,
        &quot;iconName&quot;: null,
        &quot;controllerName&quot;: &quot;Rider&quot;,
        &quot;name&quot;: &quot;Rider List&quot;,
        &quot;displayOrder&quot;: 0,
        &quot;description&quot;: null,
        &quot;id&quot;: &quot;94789829-bd1b-44a3-ae1a-2c4ecf20e3b3&quot;,
        &quot;isMenu&quot;: false,
        &quot;key&quot;: &quot;Rider.List&quot;,
        &quot;parentId&quot;: &quot;1b716d9c-2bf6-4a16-9bd1-2214d14b6cc7&quot;,
        &quot;unAuthorizedProps&quot;: {
          &quot;visible&quot;: false,
          &quot;disabled&quot;: false
        },
        &quot;actionName&quot;: &quot;List&quot;
      },
      {
        &quot;routePath&quot;: null,
        &quot;iconName&quot;: null,
        &quot;controllerName&quot;: &quot;CouponCode&quot;,
        &quot;name&quot;: &quot;CouponCode&quot;,
        &quot;displayOrder&quot;: 0,
        &quot;description&quot;: null,
        &quot;id&quot;: &quot;82a51ef5-f9a9-4a9d-9bc4-241cda2df051&quot;,
        &quot;isMenu&quot;: false,
        &quot;key&quot;: &quot;CouponCode.Create&quot;,
        &quot;parentId&quot;: &quot;5aaef586-e311-4265-a241-6eb9758d6541&quot;,
        &quot;unAuthorizedProps&quot;: {
          &quot;visible&quot;: false,
          &quot;disabled&quot;: false
        },
        &quot;actionName&quot;: &quot;Create&quot;
      },
      {
        &quot;routePath&quot;: null,
        &quot;iconName&quot;: null,
        &quot;controllerName&quot;: &quot;Warehouse&quot;,
        &quot;name&quot;: &quot;Warehouse Create&quot;,
        &quot;displayOrder&quot;: 0,
        &quot;description&quot;: null,
        &quot;id&quot;: &quot;26bd14df-9135-4f4d-8468-6c439e8a737f&quot;,
        &quot;isMenu&quot;: false,
        &quot;key&quot;: &quot;Warehouse.Create&quot;,
        &quot;parentId&quot;: &quot;7a99d565-0e98-95af-19bd-814011ea2417&quot;,
        &quot;unAuthorizedProps&quot;: {
          &quot;visible&quot;: false,
          &quot;disabled&quot;: false
        },
        &quot;actionName&quot;: &quot;Create&quot;
      },
      {
        &quot;routePath&quot;: null,
        &quot;iconName&quot;: null,
        &quot;controllerName&quot;: &quot;CouponCode&quot;,
        &quot;name&quot;: &quot;Find Coupon Code By User Id&quot;,
        &quot;displayOrder&quot;: 0,
        &quot;description&quot;: null,
        &quot;id&quot;: &quot;75b2daf0-42e8-4ad7-b6a4-811d06d87c74&quot;,
        &quot;isMenu&quot;: false,
        &quot;key&quot;: &quot;CouponCode.FindByUserId&quot;,
        &quot;parentId&quot;: &quot;5aaef586-e311-4265-a241-6eb9758d6541&quot;,
        &quot;unAuthorizedProps&quot;: {
          &quot;visible&quot;: false,
          &quot;disabled&quot;: false
        },
        &quot;actionName&quot;: &quot;FindByUserId&quot;
      },
      {
        &quot;routePath&quot;: null,
        &quot;iconName&quot;: null,
        &quot;controllerName&quot;: &quot;Language&quot;,
        &quot;name&quot;: &quot;Language Index&quot;,
        &quot;displayOrder&quot;: 0,
        &quot;description&quot;: null,
        &quot;id&quot;: &quot;7d117917-ff5a-448f-ae1c-71b123ffabc0&quot;,
        &quot;isMenu&quot;: false,
        &quot;key&quot;: &quot;Language.Index&quot;,
        &quot;parentId&quot;: null,
        &quot;unAuthorizedProps&quot;: {
          &quot;visible&quot;: false,
          &quot;disabled&quot;: false
        },
        &quot;actionName&quot;: &quot;Index&quot;
      },
      {
        &quot;routePath&quot;: null,
        &quot;iconName&quot;: null,
        &quot;controllerName&quot;: &quot;Campaign&quot;,
        &quot;name&quot;: &quot;Campaign Find&quot;,
        &quot;displayOrder&quot;: 0,
        &quot;description&quot;: null,
        &quot;id&quot;: &quot;00b581e0-ec91-4feb-a7e7-f1b9101ad482&quot;,
        &quot;isMenu&quot;: false,
        &quot;key&quot;: &quot;Campaign.Find&quot;,
        &quot;parentId&quot;: &quot;fd2f794b-65fb-4da6-9bdb-835c466e4321&quot;,
        &quot;unAuthorizedProps&quot;: {
          &quot;visible&quot;: false,
          &quot;disabled&quot;: false
        },
        &quot;actionName&quot;: &quot;Find&quot;
      },
      {
        &quot;routePath&quot;: null,
        &quot;iconName&quot;: null,
        &quot;controllerName&quot;: &quot;Setting&quot;,
        &quot;name&quot;: &quot;Setting List&quot;,
        &quot;displayOrder&quot;: 0,
        &quot;description&quot;: null,
        &quot;id&quot;: &quot;9f68e0f0-57dc-4148-bd76-fb8c2a970786&quot;,
        &quot;isMenu&quot;: false,
        &quot;key&quot;: &quot;Setting.List&quot;,
        &quot;parentId&quot;: &quot;ccc7592a-301d-4d63-aa26-09e92194ca01&quot;,
        &quot;unAuthorizedProps&quot;: {
          &quot;visible&quot;: false,
          &quot;disabled&quot;: false
        },
        &quot;actionName&quot;: &quot;List&quot;
      },
      {
        &quot;routePath&quot;: null,
        &quot;iconName&quot;: null,
        &quot;controllerName&quot;: &quot;ServiceArea&quot;,
        &quot;name&quot;: &quot;ServiceArea UpdateGeoJson&quot;,
        &quot;displayOrder&quot;: 0,
        &quot;description&quot;: null,
        &quot;id&quot;: &quot;02e62924-50d4-4bc5-9403-2254969f04c0&quot;,
        &quot;isMenu&quot;: false,
        &quot;key&quot;: &quot;ServiceArea.UpdateGeoJson&quot;,
        &quot;parentId&quot;: &quot;6510260c-2670-4f71-96ed-8f12986fb9cf&quot;,
        &quot;unAuthorizedProps&quot;: {
          &quot;visible&quot;: false,
          &quot;disabled&quot;: false
        },
        &quot;actionName&quot;: &quot;UpdateGeoJson&quot;
      },
      {
        &quot;routePath&quot;: null,
        &quot;iconName&quot;: null,
        &quot;controllerName&quot;: &quot;Order&quot;,
        &quot;name&quot;: &quot;Order DeleteOrderItemCheck&quot;,
        &quot;displayOrder&quot;: 0,
        &quot;description&quot;: null,
        &quot;id&quot;: &quot;e07b0bce-91e5-4399-857b-936f93c302dd&quot;,
        &quot;isMenu&quot;: false,
        &quot;key&quot;: &quot;Order.DeleteOrderItemCheck&quot;,
        &quot;parentId&quot;: &quot;872b9f8c-c48d-dfeb-de32-1be0c3c38dbb&quot;,
        &quot;unAuthorizedProps&quot;: {
          &quot;visible&quot;: false,
          &quot;disabled&quot;: false
        },
        &quot;actionName&quot;: &quot;DeleteOrderItemCheck&quot;
      },
      {
        &quot;routePath&quot;: &quot;warehouses&quot;,
        &quot;iconName&quot;: &quot;warehousesSVG&quot;,
        &quot;controllerName&quot;: &quot;Warehouse&quot;,
        &quot;name&quot;: &quot;Warehouses&quot;,
        &quot;displayOrder&quot;: 500,
        &quot;description&quot;: null,
        &quot;id&quot;: &quot;7a99d565-0e98-95af-19bd-814011ea2417&quot;,
        &quot;isMenu&quot;: true,
        &quot;key&quot;: &quot;Warehouse.Index&quot;,
        &quot;parentId&quot;: null,
        &quot;unAuthorizedProps&quot;: {
          &quot;visible&quot;: false,
          &quot;disabled&quot;: false
        },
        &quot;actionName&quot;: &quot;Index&quot;
      },
      {
        &quot;routePath&quot;: null,
        &quot;iconName&quot;: null,
        &quot;controllerName&quot;: &quot;Category&quot;,
        &quot;name&quot;: &quot;Category Create&quot;,
        &quot;displayOrder&quot;: 0,
        &quot;description&quot;: null,
        &quot;id&quot;: &quot;ec3b6666-e8bf-4426-bb0a-6c46f175b9da&quot;,
        &quot;isMenu&quot;: false,
        &quot;key&quot;: &quot;Category.Create&quot;,
        &quot;parentId&quot;: &quot;9bbddb67-d7f2-44d3-8d09-6bd04f8b6f79&quot;,
        &quot;unAuthorizedProps&quot;: {
          &quot;visible&quot;: false,
          &quot;disabled&quot;: false
        },
        &quot;actionName&quot;: &quot;Create&quot;
      },
      {
        &quot;routePath&quot;: null,
        &quot;iconName&quot;: null,
        &quot;controllerName&quot;: &quot;Campaign&quot;,
        &quot;name&quot;: &quot;Campaign ListForFilter&quot;,
        &quot;displayOrder&quot;: 0,
        &quot;description&quot;: null,
        &quot;id&quot;: &quot;d4f0750c-5811-4863-9808-a95b2ab92af4&quot;,
        &quot;isMenu&quot;: false,
        &quot;key&quot;: &quot;Campaign.ListForFilter&quot;,
        &quot;parentId&quot;: &quot;fd2f794b-65fb-4da6-9bdb-835c466e4321&quot;,
        &quot;unAuthorizedProps&quot;: {
          &quot;visible&quot;: false,
          &quot;disabled&quot;: false
        },
        &quot;actionName&quot;: &quot;ListForFilter&quot;
      },
      {
        &quot;routePath&quot;: null,
        &quot;iconName&quot;: null,
        &quot;controllerName&quot;: &quot;Country&quot;,
        &quot;name&quot;: &quot;Country Find&quot;,
        &quot;displayOrder&quot;: 0,
        &quot;description&quot;: null,
        &quot;id&quot;: &quot;869a6e82-0d19-4ae8-a655-99db08529c33&quot;,
        &quot;isMenu&quot;: false,
        &quot;key&quot;: &quot;Country.Find&quot;,
        &quot;parentId&quot;: &quot;9c15db73-badc-4894-ab1b-d8261bac91c2&quot;,
        &quot;unAuthorizedProps&quot;: {
          &quot;visible&quot;: false,
          &quot;disabled&quot;: false
        },
        &quot;actionName&quot;: &quot;Find&quot;
      },
      {
        &quot;routePath&quot;: null,
        &quot;iconName&quot;: null,
        &quot;controllerName&quot;: &quot;SubRegion&quot;,
        &quot;name&quot;: &quot;SubRegion List&quot;,
        &quot;displayOrder&quot;: 0,
        &quot;description&quot;: null,
        &quot;id&quot;: &quot;75d1a3dc-c6ed-4c21-952e-54972310aeb7&quot;,
        &quot;isMenu&quot;: false,
        &quot;key&quot;: &quot;SubRegion.List&quot;,
        &quot;parentId&quot;: &quot;5016a026-6957-41ab-8cda-9bd37afe0841&quot;,
        &quot;unAuthorizedProps&quot;: {
          &quot;visible&quot;: false,
          &quot;disabled&quot;: false
        },
        &quot;actionName&quot;: &quot;List&quot;
      },
      {
        &quot;routePath&quot;: null,
        &quot;iconName&quot;: null,
        &quot;controllerName&quot;: &quot;Rider&quot;,
        &quot;name&quot;: &quot;Rider Edit&quot;,
        &quot;displayOrder&quot;: 0,
        &quot;description&quot;: null,
        &quot;id&quot;: &quot;8277937b-eb57-49db-b4e2-b71ca38abd9c&quot;,
        &quot;isMenu&quot;: false,
        &quot;key&quot;: &quot;Rider.Edit&quot;,
        &quot;parentId&quot;: &quot;1b716d9c-2bf6-4a16-9bd1-2214d14b6cc7&quot;,
        &quot;unAuthorizedProps&quot;: {
          &quot;visible&quot;: false,
          &quot;disabled&quot;: false
        },
        &quot;actionName&quot;: &quot;Edit&quot;
      },
      {
        &quot;routePath&quot;: null,
        &quot;iconName&quot;: null,
        &quot;controllerName&quot;: &quot;Setting&quot;,
        &quot;name&quot;: &quot;Setting Create&quot;,
        &quot;displayOrder&quot;: 0,
        &quot;description&quot;: null,
        &quot;id&quot;: &quot;238383c9-3a34-4c8a-b2a2-85f813a6f40a&quot;,
        &quot;isMenu&quot;: false,
        &quot;key&quot;: &quot;Setting.Create&quot;,
        &quot;parentId&quot;: &quot;ccc7592a-301d-4d63-aa26-09e92194ca01&quot;,
        &quot;unAuthorizedProps&quot;: {
          &quot;visible&quot;: false,
          &quot;disabled&quot;: false
        },
        &quot;actionName&quot;: &quot;Create&quot;
      },
      {
        &quot;routePath&quot;: null,
        &quot;iconName&quot;: null,
        &quot;controllerName&quot;: &quot;CouponCode&quot;,
        &quot;name&quot;: &quot;CouponCode&quot;,
        &quot;displayOrder&quot;: 0,
        &quot;description&quot;: null,
        &quot;id&quot;: &quot;d28ce774-c331-4733-b98f-c83f04e8c752&quot;,
        &quot;isMenu&quot;: false,
        &quot;key&quot;: &quot;CouponCode.Delete&quot;,
        &quot;parentId&quot;: &quot;5aaef586-e311-4265-a241-6eb9758d6541&quot;,
        &quot;unAuthorizedProps&quot;: {
          &quot;visible&quot;: false,
          &quot;disabled&quot;: false
        },
        &quot;actionName&quot;: &quot;Delete&quot;
      },
      {
        &quot;routePath&quot;: null,
        &quot;iconName&quot;: null,
        &quot;controllerName&quot;: &quot;Permission&quot;,
        &quot;name&quot;: &quot;Permission Create&quot;,
        &quot;displayOrder&quot;: 0,
        &quot;description&quot;: null,
        &quot;id&quot;: &quot;a1a303e1-73f3-40d4-b748-a725546f5ea8&quot;,
        &quot;isMenu&quot;: false,
        &quot;key&quot;: &quot;Permission.Create&quot;,
        &quot;parentId&quot;: &quot;213aad81-551b-49f7-9d15-f11f5b9e7e88&quot;,
        &quot;unAuthorizedProps&quot;: {
          &quot;visible&quot;: false,
          &quot;disabled&quot;: false
        },
        &quot;actionName&quot;: &quot;Create&quot;
      },
      {
        &quot;routePath&quot;: null,
        &quot;iconName&quot;: null,
        &quot;controllerName&quot;: &quot;Language&quot;,
        &quot;name&quot;: &quot;Language Delete&quot;,
        &quot;displayOrder&quot;: 0,
        &quot;description&quot;: null,
        &quot;id&quot;: &quot;16b92a62-28f2-4a62-b810-9d341253ffef&quot;,
        &quot;isMenu&quot;: false,
        &quot;key&quot;: &quot;Language.Delete&quot;,
        &quot;parentId&quot;: &quot;7d117917-ff5a-448f-ae1c-71b123ffabc0&quot;,
        &quot;unAuthorizedProps&quot;: {
          &quot;visible&quot;: false,
          &quot;disabled&quot;: false
        },
        &quot;actionName&quot;: &quot;Delete&quot;
      },
      {
        &quot;routePath&quot;: null,
        &quot;iconName&quot;: null,
        &quot;controllerName&quot;: &quot;Order&quot;,
        &quot;name&quot;: &quot;Order Find&quot;,
        &quot;displayOrder&quot;: 0,
        &quot;description&quot;: null,
        &quot;id&quot;: &quot;28593029-bc36-4e20-86b9-c1703b181edd&quot;,
        &quot;isMenu&quot;: false,
        &quot;key&quot;: &quot;Order.Find&quot;,
        &quot;parentId&quot;: &quot;872b9f8c-c48d-dfeb-de32-1be0c3c38dbb&quot;,
        &quot;unAuthorizedProps&quot;: {
          &quot;visible&quot;: false,
          &quot;disabled&quot;: false
        },
        &quot;actionName&quot;: &quot;Find&quot;
      },
      {
        &quot;routePath&quot;: null,
        &quot;iconName&quot;: null,
        &quot;controllerName&quot;: &quot;SubRegion&quot;,
        &quot;name&quot;: &quot;SubRegion Create&quot;,
        &quot;displayOrder&quot;: 0,
        &quot;description&quot;: null,
        &quot;id&quot;: &quot;5645a151-6053-4f7b-ab7b-d8503cbb1aba&quot;,
        &quot;isMenu&quot;: false,
        &quot;key&quot;: &quot;SubRegion.Create&quot;,
        &quot;parentId&quot;: &quot;5016a026-6957-41ab-8cda-9bd37afe0841&quot;,
        &quot;unAuthorizedProps&quot;: {
          &quot;visible&quot;: false,
          &quot;disabled&quot;: false
        },
        &quot;actionName&quot;: &quot;Create&quot;
      },
      {
        &quot;routePath&quot;: &quot;dashboards&quot;,
        &quot;iconName&quot;: &quot;dashboardSVG&quot;,
        &quot;controllerName&quot;: &quot;Dashboard&quot;,
        &quot;name&quot;: &quot;Analytics&quot;,
        &quot;displayOrder&quot;: 300,
        &quot;description&quot;: null,
        &quot;id&quot;: &quot;0b0fd9e8-2ae5-40f8-9373-deafc8c5770d&quot;,
        &quot;isMenu&quot;: true,
        &quot;key&quot;: &quot;Dashboard.Index&quot;,
        &quot;parentId&quot;: null,
        &quot;unAuthorizedProps&quot;: {
          &quot;visible&quot;: false,
          &quot;disabled&quot;: false
        },
        &quot;actionName&quot;: &quot;Index&quot;
      },
      {
        &quot;routePath&quot;: null,
        &quot;iconName&quot;: null,
        &quot;controllerName&quot;: &quot;ServiceArea&quot;,
        &quot;name&quot;: &quot;ServiceArea Edit&quot;,
        &quot;displayOrder&quot;: 0,
        &quot;description&quot;: null,
        &quot;id&quot;: &quot;dccac413-6147-41f2-a093-0f85c770405a&quot;,
        &quot;isMenu&quot;: false,
        &quot;key&quot;: &quot;ServiceArea.Edit&quot;,
        &quot;parentId&quot;: &quot;6510260c-2670-4f71-96ed-8f12986fb9cf&quot;,
        &quot;unAuthorizedProps&quot;: {
          &quot;visible&quot;: false,
          &quot;disabled&quot;: false
        },
        &quot;actionName&quot;: &quot;Edit&quot;
      },
      {
        &quot;routePath&quot;: null,
        &quot;iconName&quot;: null,
        &quot;controllerName&quot;: &quot;Employee&quot;,
        &quot;name&quot;: &quot;Employee Create&quot;,
        &quot;displayOrder&quot;: 0,
        &quot;description&quot;: null,
        &quot;id&quot;: &quot;c5270ce8-af43-4c0c-aae3-461b204b6154&quot;,
        &quot;isMenu&quot;: false,
        &quot;key&quot;: &quot;Employee.Create&quot;,
        &quot;parentId&quot;: &quot;e4a8e904-698e-4596-92c3-b40206b19179&quot;,
        &quot;unAuthorizedProps&quot;: {
          &quot;visible&quot;: false,
          &quot;disabled&quot;: false
        },
        &quot;actionName&quot;: &quot;Create&quot;
      },
      {
        &quot;routePath&quot;: null,
        &quot;iconName&quot;: null,
        &quot;controllerName&quot;: &quot;Order&quot;,
        &quot;name&quot;: &quot;Order List&quot;,
        &quot;displayOrder&quot;: 0,
        &quot;description&quot;: null,
        &quot;id&quot;: &quot;5644a0fc-aab8-4a88-9bcc-a71f29a6bb49&quot;,
        &quot;isMenu&quot;: false,
        &quot;key&quot;: &quot;Order.List&quot;,
        &quot;parentId&quot;: &quot;872b9f8c-c48d-dfeb-de32-1be0c3c38dbb&quot;,
        &quot;unAuthorizedProps&quot;: {
          &quot;visible&quot;: false,
          &quot;disabled&quot;: false
        },
        &quot;actionName&quot;: &quot;List&quot;
      },
      {
        &quot;routePath&quot;: null,
        &quot;iconName&quot;: null,
        &quot;controllerName&quot;: &quot;Language&quot;,
        &quot;name&quot;: &quot;Language Find&quot;,
        &quot;displayOrder&quot;: 0,
        &quot;description&quot;: null,
        &quot;id&quot;: &quot;ac47e514-e60f-466f-a16c-401a478bbce7&quot;,
        &quot;isMenu&quot;: false,
        &quot;key&quot;: &quot;Language.Find&quot;,
        &quot;parentId&quot;: &quot;7d117917-ff5a-448f-ae1c-71b123ffabc0&quot;,
        &quot;unAuthorizedProps&quot;: {
          &quot;visible&quot;: false,
          &quot;disabled&quot;: false
        },
        &quot;actionName&quot;: &quot;Find&quot;
      },
      {
        &quot;routePath&quot;: null,
        &quot;iconName&quot;: null,
        &quot;controllerName&quot;: &quot;Employee&quot;,
        &quot;name&quot;: &quot;Employee List&quot;,
        &quot;displayOrder&quot;: 0,
        &quot;description&quot;: null,
        &quot;id&quot;: &quot;85b2a11c-84bd-40bf-87b5-226546bb7272&quot;,
        &quot;isMenu&quot;: false,
        &quot;key&quot;: &quot;Employee.List&quot;,
        &quot;parentId&quot;: &quot;e4a8e904-698e-4596-92c3-b40206b19179&quot;,
        &quot;unAuthorizedProps&quot;: {
          &quot;visible&quot;: false,
          &quot;disabled&quot;: false
        },
        &quot;actionName&quot;: &quot;List&quot;
      },
      {
        &quot;routePath&quot;: null,
        &quot;iconName&quot;: null,
        &quot;controllerName&quot;: &quot;Country&quot;,
        &quot;name&quot;: &quot;Country Delete&quot;,
        &quot;displayOrder&quot;: 0,
        &quot;description&quot;: null,
        &quot;id&quot;: &quot;6107f9a1-4fbe-46fc-82eb-55acf38ead7d&quot;,
        &quot;isMenu&quot;: false,
        &quot;key&quot;: &quot;Country.Delete&quot;,
        &quot;parentId&quot;: &quot;9c15db73-badc-4894-ab1b-d8261bac91c2&quot;,
        &quot;unAuthorizedProps&quot;: {
          &quot;visible&quot;: false,
          &quot;disabled&quot;: false
        },
        &quot;actionName&quot;: &quot;Delete&quot;
      },
      {
        &quot;routePath&quot;: null,
        &quot;iconName&quot;: null,
        &quot;controllerName&quot;: &quot;Category&quot;,
        &quot;name&quot;: &quot;Category ListForFilter&quot;,
        &quot;displayOrder&quot;: 0,
        &quot;description&quot;: null,
        &quot;id&quot;: &quot;f057072d-c8d8-4140-880a-ad2a61df8381&quot;,
        &quot;isMenu&quot;: false,
        &quot;key&quot;: &quot;Category.ListForFilter&quot;,
        &quot;parentId&quot;: &quot;9bbddb67-d7f2-44d3-8d09-6bd04f8b6f79&quot;,
        &quot;unAuthorizedProps&quot;: {
          &quot;visible&quot;: false,
          &quot;disabled&quot;: false
        },
        &quot;actionName&quot;: &quot;ListForFilter&quot;
      },
      {
        &quot;routePath&quot;: &quot;categories&quot;,
        &quot;iconName&quot;: &quot;categorySVG&quot;,
        &quot;controllerName&quot;: &quot;Category&quot;,
        &quot;name&quot;: &quot;Categories&quot;,
        &quot;displayOrder&quot;: 400,
        &quot;description&quot;: null,
        &quot;id&quot;: &quot;501d66f1-cdeb-4f10-85d2-6e00d60e36c9&quot;,
        &quot;isMenu&quot;: true,
        &quot;key&quot;: &quot;Category.Index&quot;,
        &quot;parentId&quot;: &quot;8b40e125-ffeb-4cf1-ba4b-0ac72aac09d9&quot;,
        &quot;unAuthorizedProps&quot;: {
          &quot;visible&quot;: false,
          &quot;disabled&quot;: false
        },
        &quot;actionName&quot;: &quot;Index&quot;
      },
      {
        &quot;routePath&quot;: null,
        &quot;iconName&quot;: null,
        &quot;controllerName&quot;: &quot;ZipCode&quot;,
        &quot;name&quot;: &quot;ZipCode Edit&quot;,
        &quot;displayOrder&quot;: 0,
        &quot;description&quot;: null,
        &quot;id&quot;: &quot;a5fdf875-fb0a-456a-bd3d-8428d97760af&quot;,
        &quot;isMenu&quot;: false,
        &quot;key&quot;: &quot;ZipCode.Edit&quot;,
        &quot;parentId&quot;: &quot;8aa34e38-533b-4ab7-bad7-0eaa7b5dec9c&quot;,
        &quot;unAuthorizedProps&quot;: {
          &quot;visible&quot;: false,
          &quot;disabled&quot;: false
        },
        &quot;actionName&quot;: &quot;Edit&quot;
      },
      {
        &quot;routePath&quot;: null,
        &quot;iconName&quot;: null,
        &quot;controllerName&quot;: &quot;Order&quot;,
        &quot;name&quot;: &quot;Order FindOrdersByUserId&quot;,
        &quot;displayOrder&quot;: 0,
        &quot;description&quot;: null,
        &quot;id&quot;: &quot;68d99af4-6abe-48d5-9ef2-c1cdb594e356&quot;,
        &quot;isMenu&quot;: false,
        &quot;key&quot;: &quot;Order.FindOrdersByUserId&quot;,
        &quot;parentId&quot;: &quot;872b9f8c-c48d-dfeb-de32-1be0c3c38dbb&quot;,
        &quot;unAuthorizedProps&quot;: {
          &quot;visible&quot;: false,
          &quot;disabled&quot;: false
        },
        &quot;actionName&quot;: &quot;FindOrdersByUserId&quot;
      },
      {
        &quot;routePath&quot;: null,
        &quot;iconName&quot;: null,
        &quot;controllerName&quot;: &quot;Address&quot;,
        &quot;name&quot;: &quot;Address Index&quot;,
        &quot;displayOrder&quot;: 0,
        &quot;description&quot;: null,
        &quot;id&quot;: &quot;c3c514ef-1964-4c94-b13a-8bdd83a5b1cb&quot;,
        &quot;isMenu&quot;: false,
        &quot;key&quot;: &quot;Address.Index&quot;,
        &quot;parentId&quot;: null,
        &quot;unAuthorizedProps&quot;: {
          &quot;visible&quot;: false,
          &quot;disabled&quot;: false
        },
        &quot;actionName&quot;: &quot;Index&quot;
      },
      {
        &quot;routePath&quot;: null,
        &quot;iconName&quot;: null,
        &quot;controllerName&quot;: &quot;State&quot;,
        &quot;name&quot;: &quot;State Find&quot;,
        &quot;displayOrder&quot;: 0,
        &quot;description&quot;: null,
        &quot;id&quot;: &quot;749873e1-e852-4fc8-ab64-f1da0b433957&quot;,
        &quot;isMenu&quot;: false,
        &quot;key&quot;: &quot;State.Find&quot;,
        &quot;parentId&quot;: &quot;4842baa6-3b5e-40d1-ba2c-aa896962f8a7&quot;,
        &quot;unAuthorizedProps&quot;: {
          &quot;visible&quot;: false,
          &quot;disabled&quot;: false
        },
        &quot;actionName&quot;: &quot;Find&quot;
      },
      {
        &quot;routePath&quot;: null,
        &quot;iconName&quot;: null,
        &quot;controllerName&quot;: &quot;Order&quot;,
        &quot;name&quot;: &quot;Order Edit&quot;,
        &quot;displayOrder&quot;: 0,
        &quot;description&quot;: null,
        &quot;id&quot;: &quot;9ae4817f-4442-47af-a281-0b3c0d40862e&quot;,
        &quot;isMenu&quot;: false,
        &quot;key&quot;: &quot;Order.Edit&quot;,
        &quot;parentId&quot;: &quot;872b9f8c-c48d-dfeb-de32-1be0c3c38dbb&quot;,
        &quot;unAuthorizedProps&quot;: {
          &quot;visible&quot;: false,
          &quot;disabled&quot;: false
        },
        &quot;actionName&quot;: &quot;Edit&quot;
      },
      {
        &quot;routePath&quot;: null,
        &quot;iconName&quot;: null,
        &quot;controllerName&quot;: &quot;Customer&quot;,
        &quot;name&quot;: &quot;Customer RemoteSearchForCustomer&quot;,
        &quot;displayOrder&quot;: 0,
        &quot;description&quot;: null,
        &quot;id&quot;: &quot;6c5194cb-40ed-4c65-81e7-b8588de65998&quot;,
        &quot;isMenu&quot;: false,
        &quot;key&quot;: &quot;Customer.RemoteSearchForCustomer&quot;,
        &quot;parentId&quot;: &quot;07b60a01-5846-422c-b1c6-1c7a382dbd0e&quot;,
        &quot;unAuthorizedProps&quot;: {
          &quot;visible&quot;: false,
          &quot;disabled&quot;: false
        },
        &quot;actionName&quot;: &quot;RemoteSearchForCustomer&quot;
      },
      {
        &quot;routePath&quot;: null,
        &quot;iconName&quot;: null,
        &quot;controllerName&quot;: &quot;Campaign&quot;,
        &quot;name&quot;: &quot;Campaign Upload Picture&quot;,
        &quot;displayOrder&quot;: 0,
        &quot;description&quot;: null,
        &quot;id&quot;: &quot;939d1f32-170d-4457-ba5b-9e7963a1f44d&quot;,
        &quot;isMenu&quot;: false,
        &quot;key&quot;: &quot;Campaign.UploadCampaignPicture&quot;,
        &quot;parentId&quot;: &quot;fd2f794b-65fb-4da6-9bdb-835c466e4321&quot;,
        &quot;unAuthorizedProps&quot;: {
          &quot;visible&quot;: false,
          &quot;disabled&quot;: false
        },
        &quot;actionName&quot;: &quot;UploadCampaignPicture&quot;
      },
      {
        &quot;routePath&quot;: null,
        &quot;iconName&quot;: null,
        &quot;controllerName&quot;: &quot;Permission&quot;,
        &quot;name&quot;: &quot;Permission Edit&quot;,
        &quot;displayOrder&quot;: 0,
        &quot;description&quot;: null,
        &quot;id&quot;: &quot;fac3a453-994e-43cc-876d-e9c0edc059aa&quot;,
        &quot;isMenu&quot;: false,
        &quot;key&quot;: &quot;Permission.Edit&quot;,
        &quot;parentId&quot;: &quot;213aad81-551b-49f7-9d15-f11f5b9e7e88&quot;,
        &quot;unAuthorizedProps&quot;: {
          &quot;visible&quot;: false,
          &quot;disabled&quot;: false
        },
        &quot;actionName&quot;: &quot;Edit&quot;
      },
      {
        &quot;routePath&quot;: null,
        &quot;iconName&quot;: null,
        &quot;controllerName&quot;: &quot;SubRegion&quot;,
        &quot;name&quot;: &quot;SubRegion Find&quot;,
        &quot;displayOrder&quot;: 0,
        &quot;description&quot;: null,
        &quot;id&quot;: &quot;c04774f1-327c-4343-b9bb-35aa8cf11007&quot;,
        &quot;isMenu&quot;: false,
        &quot;key&quot;: &quot;SubRegion.Find&quot;,
        &quot;parentId&quot;: &quot;5016a026-6957-41ab-8cda-9bd37afe0841&quot;,
        &quot;unAuthorizedProps&quot;: {
          &quot;visible&quot;: false,
          &quot;disabled&quot;: false
        },
        &quot;actionName&quot;: &quot;Find&quot;
      },
      {
        &quot;routePath&quot;: &quot;resources&quot;,
        &quot;iconName&quot;: &quot;resourceSVG&quot;,
        &quot;controllerName&quot;: &quot;LocaleResource&quot;,
        &quot;name&quot;: &quot;Resource&quot;,
        &quot;displayOrder&quot;: 910,
        &quot;description&quot;: null,
        &quot;id&quot;: &quot;4c1a6c0d-765c-444a-b7c8-49e99f61d47b&quot;,
        &quot;isMenu&quot;: true,
        &quot;key&quot;: &quot;LocaleResource.Index&quot;,
        &quot;parentId&quot;: &quot;8f4ea0ae-2382-4769-8584-5f2f2b1520c8&quot;,
        &quot;unAuthorizedProps&quot;: {
          &quot;visible&quot;: false,
          &quot;disabled&quot;: false
        },
        &quot;actionName&quot;: &quot;Index&quot;
      },
      {
        &quot;routePath&quot;: null,
        &quot;iconName&quot;: &quot;blackListSVG&quot;,
        &quot;controllerName&quot;: &quot;BlackList&quot;,
        &quot;name&quot;: &quot;Black List List&quot;,
        &quot;displayOrder&quot;: 0,
        &quot;description&quot;: null,
        &quot;id&quot;: &quot;96f6bf8e-c5b2-46ee-ade0-f00025140813&quot;,
        &quot;isMenu&quot;: false,
        &quot;key&quot;: &quot;BlackList.List&quot;,
        &quot;parentId&quot;: &quot;d273c43d-77c8-4b88-8d35-9ec20a90bd11&quot;,
        &quot;unAuthorizedProps&quot;: {
          &quot;visible&quot;: false,
          &quot;disabled&quot;: false
        },
        &quot;actionName&quot;: &quot;List&quot;
      },
      {
        &quot;routePath&quot;: null,
        &quot;iconName&quot;: null,
        &quot;controllerName&quot;: &quot;County&quot;,
        &quot;name&quot;: &quot;County List&quot;,
        &quot;displayOrder&quot;: 0,
        &quot;description&quot;: null,
        &quot;id&quot;: &quot;b585755d-7f4f-43b0-8d1e-f2d807abcec4&quot;,
        &quot;isMenu&quot;: false,
        &quot;key&quot;: &quot;County.List&quot;,
        &quot;parentId&quot;: &quot;28a7ee86-bfd8-408f-97d3-82a96e1cbcc6&quot;,
        &quot;unAuthorizedProps&quot;: {
          &quot;visible&quot;: false,
          &quot;disabled&quot;: false
        },
        &quot;actionName&quot;: &quot;List&quot;
      },
      {
        &quot;routePath&quot;: null,
        &quot;iconName&quot;: null,
        &quot;controllerName&quot;: &quot;LocaleResource&quot;,
        &quot;name&quot;: &quot;LocaleResource Find&quot;,
        &quot;displayOrder&quot;: 0,
        &quot;description&quot;: null,
        &quot;id&quot;: &quot;8a3bd0e4-9a78-449b-bf34-61a097848b9b&quot;,
        &quot;isMenu&quot;: false,
        &quot;key&quot;: &quot;LocaleResource.Find&quot;,
        &quot;parentId&quot;: &quot;4c1a6c0d-765c-444a-b7c8-49e99f61d47b&quot;,
        &quot;unAuthorizedProps&quot;: {
          &quot;visible&quot;: false,
          &quot;disabled&quot;: false
        },
        &quot;actionName&quot;: &quot;Find&quot;
      },
      {
        &quot;routePath&quot;: null,
        &quot;iconName&quot;: null,
        &quot;controllerName&quot;: &quot;ServiceArea&quot;,
        &quot;name&quot;: &quot;ServiceArea Delete&quot;,
        &quot;displayOrder&quot;: 0,
        &quot;description&quot;: null,
        &quot;id&quot;: &quot;aa63520c-b6b3-4475-8516-d9ed4e71ae82&quot;,
        &quot;isMenu&quot;: false,
        &quot;key&quot;: &quot;ServiceArea.Delete&quot;,
        &quot;parentId&quot;: &quot;6510260c-2670-4f71-96ed-8f12986fb9cf&quot;,
        &quot;unAuthorizedProps&quot;: {
          &quot;visible&quot;: false,
          &quot;disabled&quot;: false
        },
        &quot;actionName&quot;: &quot;Delete&quot;
      },
      {
        &quot;routePath&quot;: null,
        &quot;iconName&quot;: null,
        &quot;controllerName&quot;: &quot;Permission&quot;,
        &quot;name&quot;: &quot;Permission Delete&quot;,
        &quot;displayOrder&quot;: 0,
        &quot;description&quot;: null,
        &quot;id&quot;: &quot;acdf48fe-e099-4a8c-a80c-75a3bfe58940&quot;,
        &quot;isMenu&quot;: false,
        &quot;key&quot;: &quot;Permission.Delete&quot;,
        &quot;parentId&quot;: &quot;213aad81-551b-49f7-9d15-f11f5b9e7e88&quot;,
        &quot;unAuthorizedProps&quot;: {
          &quot;visible&quot;: false,
          &quot;disabled&quot;: false
        },
        &quot;actionName&quot;: &quot;Delete&quot;
      },
      {
        &quot;routePath&quot;: &quot;tech-support&quot;,
        &quot;iconName&quot;: &quot;supportSVG&quot;,
        &quot;controllerName&quot;: &quot;Tech&quot;,
        &quot;name&quot;: &quot;Tech Support&quot;,
        &quot;displayOrder&quot;: 1000,
        &quot;description&quot;: null,
        &quot;id&quot;: &quot;7c8e8441-579f-4552-a9f8-b6d5a9f1df3c&quot;,
        &quot;isMenu&quot;: true,
        &quot;key&quot;: &quot;Tech.Support&quot;,
        &quot;parentId&quot;: &quot;5b7cb896-ff20-4798-8468-df6c7f3be073&quot;,
        &quot;unAuthorizedProps&quot;: {
          &quot;visible&quot;: false,
          &quot;disabled&quot;: false
        },
        &quot;actionName&quot;: &quot;Support&quot;
      },
      {
        &quot;routePath&quot;: null,
        &quot;iconName&quot;: null,
        &quot;controllerName&quot;: &quot;Region&quot;,
        &quot;name&quot;: &quot;Region Find&quot;,
        &quot;displayOrder&quot;: 0,
        &quot;description&quot;: null,
        &quot;id&quot;: &quot;373140df-79dd-4adc-b233-0d8f50f44dda&quot;,
        &quot;isMenu&quot;: false,
        &quot;key&quot;: &quot;Region.Find&quot;,
        &quot;parentId&quot;: &quot;636ed702-38d2-4f20-967d-54564a31315f&quot;,
        &quot;unAuthorizedProps&quot;: {
          &quot;visible&quot;: false,
          &quot;disabled&quot;: false
        },
        &quot;actionName&quot;: &quot;Find&quot;
      },
      {
        &quot;routePath&quot;: null,
        &quot;iconName&quot;: null,
        &quot;controllerName&quot;: &quot;County&quot;,
        &quot;name&quot;: &quot;County Delete&quot;,
        &quot;displayOrder&quot;: 0,
        &quot;description&quot;: null,
        &quot;id&quot;: &quot;b359ba12-bf6f-4788-9f9a-c8fd1798258b&quot;,
        &quot;isMenu&quot;: false,
        &quot;key&quot;: &quot;County.Delete&quot;,
        &quot;parentId&quot;: &quot;28a7ee86-bfd8-408f-97d3-82a96e1cbcc6&quot;,
        &quot;unAuthorizedProps&quot;: {
          &quot;visible&quot;: false,
          &quot;disabled&quot;: false
        },
        &quot;actionName&quot;: &quot;Delete&quot;
      },
      {
        &quot;routePath&quot;: null,
        &quot;iconName&quot;: null,
        &quot;controllerName&quot;: &quot;LocaleResource&quot;,
        &quot;name&quot;: &quot;LocaleResource Edit&quot;,
        &quot;displayOrder&quot;: 0,
        &quot;description&quot;: null,
        &quot;id&quot;: &quot;577e23af-d37c-4a77-bb18-40d89a3f6d66&quot;,
        &quot;isMenu&quot;: false,
        &quot;key&quot;: &quot;LocaleResource.Edit&quot;,
        &quot;parentId&quot;: &quot;4c1a6c0d-765c-444a-b7c8-49e99f61d47b&quot;,
        &quot;unAuthorizedProps&quot;: {
          &quot;visible&quot;: false,
          &quot;disabled&quot;: false
        },
        &quot;actionName&quot;: &quot;Edit&quot;
      },
      {
        &quot;routePath&quot;: &quot;map&quot;,
        &quot;iconName&quot;: &quot;mapSVG&quot;,
        &quot;controllerName&quot;: &quot;Admin&quot;,
        &quot;name&quot;: &quot;Map&quot;,
        &quot;displayOrder&quot;: 200,
        &quot;description&quot;: null,
        &quot;id&quot;: &quot;65e94cad-f24a-7d0e-3a21-de1a1e5e8765&quot;,
        &quot;isMenu&quot;: false,
        &quot;key&quot;: &quot;Admin.Map&quot;,
        &quot;parentId&quot;: null,
        &quot;unAuthorizedProps&quot;: {
          &quot;visible&quot;: false,
          &quot;disabled&quot;: false
        },
        &quot;actionName&quot;: &quot;Map&quot;
      },
      {
        &quot;routePath&quot;: null,
        &quot;iconName&quot;: null,
        &quot;controllerName&quot;: &quot;LocaleResource&quot;,
        &quot;name&quot;: &quot;LocaleResource Export&quot;,
        &quot;displayOrder&quot;: 0,
        &quot;description&quot;: null,
        &quot;id&quot;: &quot;cc2a0054-37f4-4f72-80cd-56e918590d0c&quot;,
        &quot;isMenu&quot;: false,
        &quot;key&quot;: &quot;LocaleResource.Export&quot;,
        &quot;parentId&quot;: &quot;4c1a6c0d-765c-444a-b7c8-49e99f61d47b&quot;,
        &quot;unAuthorizedProps&quot;: {
          &quot;visible&quot;: false,
          &quot;disabled&quot;: false
        },
        &quot;actionName&quot;: &quot;Export&quot;
      },
      {
        &quot;routePath&quot;: null,
        &quot;iconName&quot;: &quot;RemoteSearchForProductName&quot;,
        &quot;controllerName&quot;: &quot;Product&quot;,
        &quot;name&quot;: &quot;Product RemoteSearchForProductName&quot;,
        &quot;displayOrder&quot;: 0,
        &quot;description&quot;: null,
        &quot;id&quot;: &quot;5f84cdde-5800-48ce-b690-86628a41f98c&quot;,
        &quot;isMenu&quot;: false,
        &quot;key&quot;: &quot;Product.RemoteSearchForProductName&quot;,
        &quot;parentId&quot;: &quot;1858607f-58c2-4c69-8078-f2756c5ca81e&quot;,
        &quot;unAuthorizedProps&quot;: {
          &quot;visible&quot;: false,
          &quot;disabled&quot;: false
        },
        &quot;actionName&quot;: &quot;RemoteSearchForProductName&quot;
      },
      {
        &quot;routePath&quot;: &quot;&quot;,
        &quot;iconName&quot;: &quot;usersSVG&quot;,
        &quot;controllerName&quot;: &quot;User&quot;,
        &quot;name&quot;: &quot;Users&quot;,
        &quot;displayOrder&quot;: 600,
        &quot;description&quot;: null,
        &quot;id&quot;: &quot;8b04f24a-f777-5455-9d4b-5d32257d3d62&quot;,
        &quot;isMenu&quot;: true,
        &quot;key&quot;: &quot;User.Index&quot;,
        &quot;parentId&quot;: null,
        &quot;unAuthorizedProps&quot;: {
          &quot;visible&quot;: false,
          &quot;disabled&quot;: false
        },
        &quot;actionName&quot;: &quot;Index&quot;
      },
      {
        &quot;routePath&quot;: &quot;productmanagement&quot;,
        &quot;iconName&quot;: &quot;productSVG&quot;,
        &quot;controllerName&quot;: &quot;Product&quot;,
        &quot;name&quot;: &quot;Feature Ideation&quot;,
        &quot;displayOrder&quot;: 999,
        &quot;description&quot;: null,
        &quot;id&quot;: &quot;0d5f6f26-1114-4503-95da-fff6063915b6&quot;,
        &quot;isMenu&quot;: true,
        &quot;key&quot;: &quot;Product.Management&quot;,
        &quot;parentId&quot;: &quot;5b7cb896-ff20-4798-8468-df6c7f3be073&quot;,
        &quot;unAuthorizedProps&quot;: {
          &quot;visible&quot;: false,
          &quot;disabled&quot;: false
        },
        &quot;actionName&quot;: &quot;Management&quot;
      },
      {
        &quot;routePath&quot;: null,
        &quot;iconName&quot;: null,
        &quot;controllerName&quot;: &quot;Category&quot;,
        &quot;name&quot;: &quot;Category GetCategoryByParent&quot;,
        &quot;displayOrder&quot;: 0,
        &quot;description&quot;: null,
        &quot;id&quot;: &quot;5d731e1f-4111-4737-a729-9d476ac966a5&quot;,
        &quot;isMenu&quot;: false,
        &quot;key&quot;: &quot;Category.GetCategoryByParent&quot;,
        &quot;parentId&quot;: &quot;9bbddb67-d7f2-44d3-8d09-6bd04f8b6f79&quot;,
        &quot;unAuthorizedProps&quot;: {
          &quot;visible&quot;: false,
          &quot;disabled&quot;: false
        },
        &quot;actionName&quot;: &quot;GetCategoryByParent&quot;
      },
      {
        &quot;routePath&quot;: null,
        &quot;iconName&quot;: null,
        &quot;controllerName&quot;: &quot;Customer&quot;,
        &quot;name&quot;: &quot;Customer List&quot;,
        &quot;displayOrder&quot;: 0,
        &quot;description&quot;: null,
        &quot;id&quot;: &quot;bbe76549-965a-45b4-9680-86bac515fc1b&quot;,
        &quot;isMenu&quot;: false,
        &quot;key&quot;: &quot;Customer.List&quot;,
        &quot;parentId&quot;: &quot;07b60a01-5846-422c-b1c6-1c7a382dbd0e&quot;,
        &quot;unAuthorizedProps&quot;: {
          &quot;visible&quot;: false,
          &quot;disabled&quot;: false
        },
        &quot;actionName&quot;: &quot;List&quot;
      },
      {
        &quot;routePath&quot;: &quot;settings&quot;,
        &quot;iconName&quot;: &quot;settingsSVG&quot;,
        &quot;controllerName&quot;: &quot;Setting&quot;,
        &quot;name&quot;: &quot;Settings&quot;,
        &quot;displayOrder&quot;: 1000,
        &quot;description&quot;: null,
        &quot;id&quot;: &quot;ccc7592a-301d-4d63-aa26-09e92194ca01&quot;,
        &quot;isMenu&quot;: true,
        &quot;key&quot;: &quot;Setting.Index&quot;,
        &quot;parentId&quot;: null,
        &quot;unAuthorizedProps&quot;: {
          &quot;visible&quot;: false,
          &quot;disabled&quot;: false
        },
        &quot;actionName&quot;: &quot;Index&quot;
      },
      {
        &quot;routePath&quot;: null,
        &quot;iconName&quot;: null,
        &quot;controllerName&quot;: &quot;LocaleResource&quot;,
        &quot;name&quot;: &quot;LocaleResource Index&quot;,
        &quot;displayOrder&quot;: 0,
        &quot;description&quot;: &quot;LocaleResource Index &quot;,
        &quot;id&quot;: &quot;b88d0e35-5b99-4daf-9c2f-ff36aab9197e&quot;,
        &quot;isMenu&quot;: false,
        &quot;key&quot;: &quot;LocaleResource.Index&quot;,
        &quot;parentId&quot;: &quot;4c1a6c0d-765c-444a-b7c8-49e99f61d47b&quot;,
        &quot;unAuthorizedProps&quot;: {
          &quot;visible&quot;: false,
          &quot;disabled&quot;: false
        },
        &quot;actionName&quot;: &quot;Index&quot;
      },
      {
        &quot;routePath&quot;: null,
        &quot;iconName&quot;: null,
        &quot;controllerName&quot;: &quot;Warehouse&quot;,
        &quot;name&quot;: &quot;Warehouse EditWarehouseState&quot;,
        &quot;displayOrder&quot;: 0,
        &quot;description&quot;: null,
        &quot;id&quot;: &quot;fb7d3fd3-e816-4921-98ae-178c750b951a&quot;,
        &quot;isMenu&quot;: false,
        &quot;key&quot;: &quot;Warehouse.EditWarehouseState&quot;,
        &quot;parentId&quot;: &quot;7a99d565-0e98-95af-19bd-814011ea2417&quot;,
        &quot;unAuthorizedProps&quot;: {
          &quot;visible&quot;: false,
          &quot;disabled&quot;: false
        },
        &quot;actionName&quot;: &quot;EditWarehouseState&quot;
      },
      {
        &quot;routePath&quot;: &quot;vehicles&quot;,
        &quot;iconName&quot;: &quot;vehicleSVG&quot;,
        &quot;controllerName&quot;: &quot;Vehicle&quot;,
        &quot;name&quot;: &quot;Vehicles&quot;,
        &quot;displayOrder&quot;: 900,
        &quot;description&quot;: null,
        &quot;id&quot;: &quot;27436094-fc09-48ea-ae79-8ea2b4517866&quot;,
        &quot;isMenu&quot;: false,
        &quot;key&quot;: &quot;Vehicle.Index&quot;,
        &quot;parentId&quot;: null,
        &quot;unAuthorizedProps&quot;: {
          &quot;visible&quot;: false,
          &quot;disabled&quot;: false
        },
        &quot;actionName&quot;: &quot;Index&quot;
      },
      {
        &quot;routePath&quot;: null,
        &quot;iconName&quot;: null,
        &quot;controllerName&quot;: &quot;Warehouse&quot;,
        &quot;name&quot;: &quot;Warehouse List&quot;,
        &quot;displayOrder&quot;: 0,
        &quot;description&quot;: null,
        &quot;id&quot;: &quot;ac3e564a-4cc4-453d-8938-2563ef62921f&quot;,
        &quot;isMenu&quot;: false,
        &quot;key&quot;: &quot;Warehouse.List&quot;,
        &quot;parentId&quot;: &quot;7a99d565-0e98-95af-19bd-814011ea2417&quot;,
        &quot;unAuthorizedProps&quot;: {
          &quot;visible&quot;: false,
          &quot;disabled&quot;: false
        },
        &quot;actionName&quot;: &quot;List&quot;
      },
      {
        &quot;routePath&quot;: null,
        &quot;iconName&quot;: null,
        &quot;controllerName&quot;: &quot;CouponCode&quot;,
        &quot;name&quot;: &quot;CouponCode&quot;,
        &quot;displayOrder&quot;: 0,
        &quot;description&quot;: null,
        &quot;id&quot;: &quot;5aaef586-e311-4265-a241-6eb9758d6541&quot;,
        &quot;isMenu&quot;: false,
        &quot;key&quot;: &quot;CouponCode.ListForFilter&quot;,
        &quot;parentId&quot;: null,
        &quot;unAuthorizedProps&quot;: {
          &quot;visible&quot;: false,
          &quot;disabled&quot;: false
        },
        &quot;actionName&quot;: &quot;ListForFilter&quot;
      },
      {
        &quot;routePath&quot;: null,
        &quot;iconName&quot;: null,
        &quot;controllerName&quot;: &quot;State&quot;,
        &quot;name&quot;: &quot;State Edit&quot;,
        &quot;displayOrder&quot;: 0,
        &quot;description&quot;: null,
        &quot;id&quot;: &quot;581b4c8a-cce8-447b-98b5-1f29f9aae457&quot;,
        &quot;isMenu&quot;: false,
        &quot;key&quot;: &quot;State.Edit&quot;,
        &quot;parentId&quot;: &quot;4842baa6-3b5e-40d1-ba2c-aa896962f8a7&quot;,
        &quot;unAuthorizedProps&quot;: {
          &quot;visible&quot;: false,
          &quot;disabled&quot;: false
        },
        &quot;actionName&quot;: &quot;Edit&quot;
      },
      {
        &quot;routePath&quot;: null,
        &quot;iconName&quot;: null,
        &quot;controllerName&quot;: &quot;Country&quot;,
        &quot;name&quot;: &quot;Country Edit&quot;,
        &quot;displayOrder&quot;: 0,
        &quot;description&quot;: null,
        &quot;id&quot;: &quot;117355ed-1004-4b13-beb3-2ee0056892f1&quot;,
        &quot;isMenu&quot;: false,
        &quot;key&quot;: &quot;Country.Edit&quot;,
        &quot;parentId&quot;: &quot;9c15db73-badc-4894-ab1b-d8261bac91c2&quot;,
        &quot;unAuthorizedProps&quot;: {
          &quot;visible&quot;: false,
          &quot;disabled&quot;: false
        },
        &quot;actionName&quot;: &quot;Edit&quot;
      },
      {
        &quot;routePath&quot;: &quot;geo-areas&quot;,
        &quot;iconName&quot;: &quot;geo-areasSVG&quot;,
        &quot;controllerName&quot;: &quot;GeoArea&quot;,
        &quot;name&quot;: &quot;Geo Areas&quot;,
        &quot;displayOrder&quot;: 400,
        &quot;description&quot;: null,
        &quot;id&quot;: &quot;596bb8e1-9705-be47-b70e-e0cb48edc078&quot;,
        &quot;isMenu&quot;: true,
        &quot;key&quot;: &quot;GeoArea.Index&quot;,
        &quot;parentId&quot;: null,
        &quot;unAuthorizedProps&quot;: {
          &quot;visible&quot;: false,
          &quot;disabled&quot;: false
        },
        &quot;actionName&quot;: &quot;Index&quot;
      },
      {
        &quot;routePath&quot;: null,
        &quot;iconName&quot;: null,
        &quot;controllerName&quot;: &quot;Role&quot;,
        &quot;name&quot;: &quot;Role List&quot;,
        &quot;displayOrder&quot;: 0,
        &quot;description&quot;: null,
        &quot;id&quot;: &quot;ed6b7f77-7b07-4fdd-b4eb-5dc72ed21a53&quot;,
        &quot;isMenu&quot;: false,
        &quot;key&quot;: &quot;Role.List&quot;,
        &quot;parentId&quot;: &quot;e98d2f21-52f8-41cb-9b3f-fe979b5f0578&quot;,
        &quot;unAuthorizedProps&quot;: {
          &quot;visible&quot;: false,
          &quot;disabled&quot;: false
        },
        &quot;actionName&quot;: &quot;List&quot;
      },
      {
        &quot;routePath&quot;: null,
        &quot;iconName&quot;: null,
        &quot;controllerName&quot;: &quot;Warehouse&quot;,
        &quot;name&quot;: &quot;Warehouse ListBasic&quot;,
        &quot;displayOrder&quot;: 0,
        &quot;description&quot;: null,
        &quot;id&quot;: &quot;3cd0e960-08c5-488e-82bf-e81eb0481924&quot;,
        &quot;isMenu&quot;: false,
        &quot;key&quot;: &quot;Warehouse.ListBasic&quot;,
        &quot;parentId&quot;: &quot;7a99d565-0e98-95af-19bd-814011ea2417&quot;,
        &quot;unAuthorizedProps&quot;: {
          &quot;visible&quot;: false,
          &quot;disabled&quot;: false
        },
        &quot;actionName&quot;: &quot;ListBasic&quot;
      },
      {
        &quot;routePath&quot;: null,
        &quot;iconName&quot;: null,
        &quot;controllerName&quot;: &quot;Address&quot;,
        &quot;name&quot;: &quot;Address Edit&quot;,
        &quot;displayOrder&quot;: 0,
        &quot;description&quot;: null,
        &quot;id&quot;: &quot;3e821719-5809-4a64-979f-9f373f2510d4&quot;,
        &quot;isMenu&quot;: false,
        &quot;key&quot;: &quot;Address.Edit&quot;,
        &quot;parentId&quot;: &quot;c3c514ef-1964-4c94-b13a-8bdd83a5b1cb&quot;,
        &quot;unAuthorizedProps&quot;: {
          &quot;visible&quot;: false,
          &quot;disabled&quot;: false
        },
        &quot;actionName&quot;: &quot;Edit&quot;
      },
      {
        &quot;routePath&quot;: null,
        &quot;iconName&quot;: null,
        &quot;controllerName&quot;: &quot;ServiceArea&quot;,
        &quot;name&quot;: &quot;ServiceArea Create&quot;,
        &quot;displayOrder&quot;: 0,
        &quot;description&quot;: null,
        &quot;id&quot;: &quot;20738cab-a928-4c12-9a39-29eeaf60713a&quot;,
        &quot;isMenu&quot;: false,
        &quot;key&quot;: &quot;ServiceArea.Create&quot;,
        &quot;parentId&quot;: &quot;6510260c-2670-4f71-96ed-8f12986fb9cf&quot;,
        &quot;unAuthorizedProps&quot;: {
          &quot;visible&quot;: false,
          &quot;disabled&quot;: false
        },
        &quot;actionName&quot;: &quot;Create&quot;
      },
      {
        &quot;routePath&quot;: null,
        &quot;iconName&quot;: null,
        &quot;controllerName&quot;: &quot;Setting&quot;,
        &quot;name&quot;: &quot;Setting Find&quot;,
        &quot;displayOrder&quot;: 0,
        &quot;description&quot;: null,
        &quot;id&quot;: &quot;e57a84a5-6d3e-4513-82cd-1ec64740178b&quot;,
        &quot;isMenu&quot;: false,
        &quot;key&quot;: &quot;Setting.Find&quot;,
        &quot;parentId&quot;: &quot;ccc7592a-301d-4d63-aa26-09e92194ca01&quot;,
        &quot;unAuthorizedProps&quot;: {
          &quot;visible&quot;: false,
          &quot;disabled&quot;: false
        },
        &quot;actionName&quot;: &quot;Find&quot;
      },
      {
        &quot;routePath&quot;: null,
        &quot;iconName&quot;: null,
        &quot;controllerName&quot;: &quot;SubRegion&quot;,
        &quot;name&quot;: &quot;SubRegion Edit&quot;,
        &quot;displayOrder&quot;: 0,
        &quot;description&quot;: null,
        &quot;id&quot;: &quot;befec01d-311a-4d58-8875-390d7c5143ab&quot;,
        &quot;isMenu&quot;: false,
        &quot;key&quot;: &quot;SubRegion.Edit&quot;,
        &quot;parentId&quot;: &quot;5016a026-6957-41ab-8cda-9bd37afe0841&quot;,
        &quot;unAuthorizedProps&quot;: {
          &quot;visible&quot;: false,
          &quot;disabled&quot;: false
        },
        &quot;actionName&quot;: &quot;Edit&quot;
      },
      {
        &quot;routePath&quot;: null,
        &quot;iconName&quot;: null,
        &quot;controllerName&quot;: &quot;State&quot;,
        &quot;name&quot;: &quot;State Create&quot;,
        &quot;displayOrder&quot;: 0,
        &quot;description&quot;: null,
        &quot;id&quot;: &quot;88690c06-a8b6-4e95-a176-3963af2d2b79&quot;,
        &quot;isMenu&quot;: false,
        &quot;key&quot;: &quot;State.Create&quot;,
        &quot;parentId&quot;: &quot;4842baa6-3b5e-40d1-ba2c-aa896962f8a7&quot;,
        &quot;unAuthorizedProps&quot;: {
          &quot;visible&quot;: false,
          &quot;disabled&quot;: false
        },
        &quot;actionName&quot;: &quot;Create&quot;
      },
      {
        &quot;routePath&quot;: null,
        &quot;iconName&quot;: null,
        &quot;controllerName&quot;: &quot;LocaleResource&quot;,
        &quot;name&quot;: &quot;LocaleResource Import&quot;,
        &quot;displayOrder&quot;: 0,
        &quot;description&quot;: null,
        &quot;id&quot;: &quot;a0f85551-79e4-4fd8-b9dc-7b4e0bd3f3d9&quot;,
        &quot;isMenu&quot;: false,
        &quot;key&quot;: &quot;LocaleResource.Import&quot;,
        &quot;parentId&quot;: &quot;4c1a6c0d-765c-444a-b7c8-49e99f61d47b&quot;,
        &quot;unAuthorizedProps&quot;: {
          &quot;visible&quot;: false,
          &quot;disabled&quot;: false
        },
        &quot;actionName&quot;: &quot;Import&quot;
      },
      {
        &quot;routePath&quot;: null,
        &quot;iconName&quot;: null,
        &quot;controllerName&quot;: &quot;Country&quot;,
        &quot;name&quot;: &quot;Country Create&quot;,
        &quot;displayOrder&quot;: 0,
        &quot;description&quot;: null,
        &quot;id&quot;: &quot;b4e4f143-cdff-4839-a5db-7379c79b2cc1&quot;,
        &quot;isMenu&quot;: false,
        &quot;key&quot;: &quot;Country.Create&quot;,
        &quot;parentId&quot;: &quot;9c15db73-badc-4894-ab1b-d8261bac91c2&quot;,
        &quot;unAuthorizedProps&quot;: {
          &quot;visible&quot;: false,
          &quot;disabled&quot;: false
        },
        &quot;actionName&quot;: &quot;Create&quot;
      },
      {
        &quot;routePath&quot;: null,
        &quot;iconName&quot;: null,
        &quot;controllerName&quot;: &quot;Warehouse&quot;,
        &quot;name&quot;: &quot;Warehouse Delete&quot;,
        &quot;displayOrder&quot;: 0,
        &quot;description&quot;: null,
        &quot;id&quot;: &quot;dbc3a8dd-ea84-4a11-bbfe-02a476211462&quot;,
        &quot;isMenu&quot;: false,
        &quot;key&quot;: &quot;Warehouse.Delete&quot;,
        &quot;parentId&quot;: &quot;7a99d565-0e98-95af-19bd-814011ea2417&quot;,
        &quot;unAuthorizedProps&quot;: {
          &quot;visible&quot;: false,
          &quot;disabled&quot;: false
        },
        &quot;actionName&quot;: &quot;Delete&quot;
      },
      {
        &quot;routePath&quot;: &quot;blacklist&quot;,
        &quot;iconName&quot;: &quot;blackListSVG&quot;,
        &quot;controllerName&quot;: &quot;BlackList&quot;,
        &quot;name&quot;: &quot;Black List&quot;,
        &quot;displayOrder&quot;: 0,
        &quot;description&quot;: null,
        &quot;id&quot;: &quot;d273c43d-77c8-4b88-8d35-9ec20a90bd11&quot;,
        &quot;isMenu&quot;: false,
        &quot;key&quot;: &quot;BlackList.Index&quot;,
        &quot;parentId&quot;: &quot;8b04f24a-f777-5455-9d4b-5d32257d3d62&quot;,
        &quot;unAuthorizedProps&quot;: {
          &quot;visible&quot;: false,
          &quot;disabled&quot;: false
        },
        &quot;actionName&quot;: &quot;Index&quot;
      },
      {
        &quot;routePath&quot;: null,
        &quot;iconName&quot;: &quot;control&quot;,
        &quot;controllerName&quot;: &quot;DriverApp&quot;,
        &quot;name&quot;: &quot;Control&quot;,
        &quot;displayOrder&quot;: 0,
        &quot;description&quot;: &quot;&quot;,
        &quot;id&quot;: &quot;ac0083c7-bd11-4d5a-88bd-5fdfd029d71d&quot;,
        &quot;isMenu&quot;: true,
        &quot;key&quot;: &quot;DriverApp.Control&quot;,
        &quot;parentId&quot;: &quot;673cefc5-8638-47b5-9440-8f3fa459f0b1&quot;,
        &quot;unAuthorizedProps&quot;: {
          &quot;visible&quot;: false,
          &quot;disabled&quot;: false
        },
        &quot;actionName&quot;: &quot;Control&quot;
      },
      {
        &quot;routePath&quot;: null,
        &quot;iconName&quot;: null,
        &quot;controllerName&quot;: &quot;Permission&quot;,
        &quot;name&quot;: &quot;Permission Tree&quot;,
        &quot;displayOrder&quot;: 0,
        &quot;description&quot;: null,
        &quot;id&quot;: &quot;31bf9d11-e13f-483c-835e-c0507f1c001b&quot;,
        &quot;isMenu&quot;: false,
        &quot;key&quot;: &quot;Permission.PermissionTree&quot;,
        &quot;parentId&quot;: &quot;213aad81-551b-49f7-9d15-f11f5b9e7e88&quot;,
        &quot;unAuthorizedProps&quot;: {
          &quot;visible&quot;: false,
          &quot;disabled&quot;: false
        },
        &quot;actionName&quot;: &quot;PermissionTree&quot;
      },
      {
        &quot;routePath&quot;: &quot;dashboards&quot;,
        &quot;iconName&quot;: &quot;dashboardSVG&quot;,
        &quot;controllerName&quot;: &quot;Dashboard&quot;,
        &quot;name&quot;: &quot;Analytics&quot;,
        &quot;displayOrder&quot;: 300,
        &quot;description&quot;: &quot;Analytics&quot;,
        &quot;id&quot;: &quot;9160e49e-2340-41fd-aee7-f00fb79cca35&quot;,
        &quot;isMenu&quot;: false,
        &quot;key&quot;: &quot;Dashboard.GetDashboardIframe&quot;,
        &quot;parentId&quot;: null,
        &quot;unAuthorizedProps&quot;: {
          &quot;visible&quot;: false,
          &quot;disabled&quot;: false
        },
        &quot;actionName&quot;: &quot;GetDashboardIframe&quot;
      },
      {
        &quot;routePath&quot;: null,
        &quot;iconName&quot;: null,
        &quot;controllerName&quot;: &quot;Customer&quot;,
        &quot;name&quot;: &quot;Customer Find&quot;,
        &quot;displayOrder&quot;: 0,
        &quot;description&quot;: null,
        &quot;id&quot;: &quot;7e69895f-a4fe-470b-9dbd-3902631c5978&quot;,
        &quot;isMenu&quot;: false,
        &quot;key&quot;: &quot;Customer.Find&quot;,
        &quot;parentId&quot;: &quot;07b60a01-5846-422c-b1c6-1c7a382dbd0e&quot;,
        &quot;unAuthorizedProps&quot;: {
          &quot;visible&quot;: false,
          &quot;disabled&quot;: false
        },
        &quot;actionName&quot;: &quot;Find&quot;
      },
      {
        &quot;routePath&quot;: null,
        &quot;iconName&quot;: null,
        &quot;controllerName&quot;: &quot;Order&quot;,
        &quot;name&quot;: &quot;Order List&quot;,
        &quot;displayOrder&quot;: 0,
        &quot;description&quot;: null,
        &quot;id&quot;: &quot;68267f89-edc4-4c6b-a72b-06381cf0e532&quot;,
        &quot;isMenu&quot;: false,
        &quot;key&quot;: &quot;Order.List&quot;,
        &quot;parentId&quot;: &quot;872b9f8c-c48d-dfeb-de32-1be0c3c38dbb&quot;,
        &quot;unAuthorizedProps&quot;: {
          &quot;visible&quot;: false,
          &quot;disabled&quot;: false
        },
        &quot;actionName&quot;: &quot;List&quot;
      },
      {
        &quot;routePath&quot;: &quot;&quot;,
        &quot;iconName&quot;: &quot;ordersSVG&quot;,
        &quot;controllerName&quot;: &quot;Order&quot;,
        &quot;name&quot;: &quot;Orders&quot;,
        &quot;displayOrder&quot;: 100,
        &quot;description&quot;: null,
        &quot;id&quot;: &quot;872b9f8c-c48d-dfeb-de32-1be0c3c38dbb&quot;,
        &quot;isMenu&quot;: true,
        &quot;key&quot;: &quot;Order.Index&quot;,
        &quot;parentId&quot;: null,
        &quot;unAuthorizedProps&quot;: {
          &quot;visible&quot;: false,
          &quot;disabled&quot;: false
        },
        &quot;actionName&quot;: &quot;Index&quot;
      },
      {
        &quot;routePath&quot;: null,
        &quot;iconName&quot;: null,
        &quot;controllerName&quot;: &quot;Order&quot;,
        &quot;name&quot;: &quot;Order ReportOrderItem&quot;,
        &quot;displayOrder&quot;: 0,
        &quot;description&quot;: null,
        &quot;id&quot;: &quot;fc541f93-e00d-4204-bc10-21a8c66281d9&quot;,
        &quot;isMenu&quot;: false,
        &quot;key&quot;: &quot;Order.ReportOrderItem&quot;,
        &quot;parentId&quot;: &quot;872b9f8c-c48d-dfeb-de32-1be0c3c38dbb&quot;,
        &quot;unAuthorizedProps&quot;: {
          &quot;visible&quot;: false,
          &quot;disabled&quot;: false
        },
        &quot;actionName&quot;: &quot;ReportOrderItem&quot;
      },
      {
        &quot;routePath&quot;: null,
        &quot;iconName&quot;: null,
        &quot;controllerName&quot;: &quot;Country&quot;,
        &quot;name&quot;: &quot;Country List&quot;,
        &quot;displayOrder&quot;: 0,
        &quot;description&quot;: null,
        &quot;id&quot;: &quot;965f2723-9852-432a-8811-6d549e75b51c&quot;,
        &quot;isMenu&quot;: false,
        &quot;key&quot;: &quot;Country.List&quot;,
        &quot;parentId&quot;: &quot;9c15db73-badc-4894-ab1b-d8261bac91c2&quot;,
        &quot;unAuthorizedProps&quot;: {
          &quot;visible&quot;: false,
          &quot;disabled&quot;: false
        },
        &quot;actionName&quot;: &quot;List&quot;
      },
      {
        &quot;routePath&quot;: &quot;employees&quot;,
        &quot;iconName&quot;: &quot;employeeSVG&quot;,
        &quot;controllerName&quot;: &quot;Employee&quot;,
        &quot;name&quot;: &quot;Employee&quot;,
        &quot;displayOrder&quot;: 630,
        &quot;description&quot;: null,
        &quot;id&quot;: &quot;e4a8e904-698e-4596-92c3-b40206b19179&quot;,
        &quot;isMenu&quot;: true,
        &quot;key&quot;: &quot;Employee.Index&quot;,
        &quot;parentId&quot;: &quot;8b04f24a-f777-5455-9d4b-5d32257d3d62&quot;,
        &quot;unAuthorizedProps&quot;: {
          &quot;visible&quot;: false,
          &quot;disabled&quot;: false
        },
        &quot;actionName&quot;: &quot;Index&quot;
      },
      {
        &quot;routePath&quot;: null,
        &quot;iconName&quot;: &quot;ListForFilter&quot;,
        &quot;controllerName&quot;: &quot;Product&quot;,
        &quot;name&quot;: &quot;Product ListForFilter&quot;,
        &quot;displayOrder&quot;: 0,
        &quot;description&quot;: null,
        &quot;id&quot;: &quot;3e7badfa-60f6-46f4-ab65-60c10cf0158c&quot;,
        &quot;isMenu&quot;: false,
        &quot;key&quot;: &quot;Product.ListForFilter&quot;,
        &quot;parentId&quot;: null,
        &quot;unAuthorizedProps&quot;: {
          &quot;visible&quot;: false,
          &quot;disabled&quot;: false
        },
        &quot;actionName&quot;: &quot;ListForFilter&quot;
      },
      {
        &quot;routePath&quot;: null,
        &quot;iconName&quot;: null,
        &quot;controllerName&quot;: &quot;MessageTemplate&quot;,
        &quot;name&quot;: &quot;Message Template List&quot;,
        &quot;displayOrder&quot;: 0,
        &quot;description&quot;: null,
        &quot;id&quot;: &quot;f8b8770e-d3de-4fb9-8785-c6a52f0a3f2a&quot;,
        &quot;isMenu&quot;: false,
        &quot;key&quot;: &quot;MessageTemplate.List&quot;,
        &quot;parentId&quot;: &quot;570b7634-2234-498f-939b-440805527121&quot;,
        &quot;unAuthorizedProps&quot;: {
          &quot;visible&quot;: false,
          &quot;disabled&quot;: false
        },
        &quot;actionName&quot;: &quot;List&quot;
      },
      {
        &quot;routePath&quot;: null,
        &quot;iconName&quot;: null,
        &quot;controllerName&quot;: &quot;Warehouse&quot;,
        &quot;name&quot;: &quot;Warehouse UpdateWarehouseExpectedQuantity&quot;,
        &quot;displayOrder&quot;: 0,
        &quot;description&quot;: null,
        &quot;id&quot;: &quot;cbe00097-f735-4207-bd4d-a2be0ea5dfd3&quot;,
        &quot;isMenu&quot;: false,
        &quot;key&quot;: &quot;Warehouse.UpdateWarehouseExpectedQuantity&quot;,
        &quot;parentId&quot;: &quot;7a99d565-0e98-95af-19bd-814011ea2417&quot;,
        &quot;unAuthorizedProps&quot;: {
          &quot;visible&quot;: false,
          &quot;disabled&quot;: false
        },
        &quot;actionName&quot;: &quot;UpdateWarehouseExpectedQuantity&quot;
      },
      {
        &quot;routePath&quot;: null,
        &quot;iconName&quot;: &quot;RemoteSearchForCampaignName&quot;,
        &quot;controllerName&quot;: &quot;Campaign&quot;,
        &quot;name&quot;: &quot;Campaign RemoteSearchForCampaignName&quot;,
        &quot;displayOrder&quot;: 0,
        &quot;description&quot;: null,
        &quot;id&quot;: &quot;1b2371cf-283a-412c-9305-3f8d91cd2cf3&quot;,
        &quot;isMenu&quot;: false,
        &quot;key&quot;: &quot;Campaign.RemoteSearchForCampaignName&quot;,
        &quot;parentId&quot;: &quot;fd2f794b-65fb-4da6-9bdb-835c466e4321&quot;,
        &quot;unAuthorizedProps&quot;: {
          &quot;visible&quot;: false,
          &quot;disabled&quot;: false
        },
        &quot;actionName&quot;: &quot;RemoteSearchForCampaignName&quot;
      },
      {
        &quot;routePath&quot;: null,
        &quot;iconName&quot;: null,
        &quot;controllerName&quot;: &quot;Permission&quot;,
        &quot;name&quot;: &quot;Permission Find&quot;,
        &quot;displayOrder&quot;: 0,
        &quot;description&quot;: null,
        &quot;id&quot;: &quot;b8acd1fb-bb0c-49b0-9fe2-22574379a94d&quot;,
        &quot;isMenu&quot;: false,
        &quot;key&quot;: &quot;Permission.Find&quot;,
        &quot;parentId&quot;: &quot;213aad81-551b-49f7-9d15-f11f5b9e7e88&quot;,
        &quot;unAuthorizedProps&quot;: {
          &quot;visible&quot;: false,
          &quot;disabled&quot;: false
        },
        &quot;actionName&quot;: &quot;Find&quot;
      },
      {
        &quot;routePath&quot;: null,
        &quot;iconName&quot;: null,
        &quot;controllerName&quot;: &quot;Banner&quot;,
        &quot;name&quot;: &quot;Banner Create&quot;,
        &quot;displayOrder&quot;: 0,
        &quot;description&quot;: null,
        &quot;id&quot;: &quot;ad417e90-0acf-4d46-a875-a4b641cedbde&quot;,
        &quot;isMenu&quot;: false,
        &quot;key&quot;: &quot;Banner.Create&quot;,
        &quot;parentId&quot;: &quot;d01dd410-27ab-4ca2-ad2e-06ed18197543&quot;,
        &quot;unAuthorizedProps&quot;: {
          &quot;visible&quot;: false,
          &quot;disabled&quot;: false
        },
        &quot;actionName&quot;: &quot;Create&quot;
      },
      {
        &quot;routePath&quot;: null,
        &quot;iconName&quot;: null,
        &quot;controllerName&quot;: &quot;Banner&quot;,
        &quot;name&quot;: &quot;Banner Edit&quot;,
        &quot;displayOrder&quot;: 0,
        &quot;description&quot;: null,
        &quot;id&quot;: &quot;b638b6e5-7d89-4ab4-9a4e-fe8b0df52e36&quot;,
        &quot;isMenu&quot;: false,
        &quot;key&quot;: &quot;Banner.Edit&quot;,
        &quot;parentId&quot;: &quot;d01dd410-27ab-4ca2-ad2e-06ed18197543&quot;,
        &quot;unAuthorizedProps&quot;: {
          &quot;visible&quot;: false,
          &quot;disabled&quot;: false
        },
        &quot;actionName&quot;: &quot;Edit&quot;
      },
      {
        &quot;routePath&quot;: null,
        &quot;iconName&quot;: null,
        &quot;controllerName&quot;: &quot;Category&quot;,
        &quot;name&quot;: &quot;Category Edit&quot;,
        &quot;displayOrder&quot;: 0,
        &quot;description&quot;: null,
        &quot;id&quot;: &quot;0aaf230e-5f92-4e49-b3c7-c20c9df44c82&quot;,
        &quot;isMenu&quot;: false,
        &quot;key&quot;: &quot;Category.Edit&quot;,
        &quot;parentId&quot;: &quot;9bbddb67-d7f2-44d3-8d09-6bd04f8b6f79&quot;,
        &quot;unAuthorizedProps&quot;: {
          &quot;visible&quot;: false,
          &quot;disabled&quot;: false
        },
        &quot;actionName&quot;: &quot;Edit&quot;
      },
      {
        &quot;routePath&quot;: null,
        &quot;iconName&quot;: null,
        &quot;controllerName&quot;: &quot;ZipCode&quot;,
        &quot;name&quot;: &quot;ZipCode Delete&quot;,
        &quot;displayOrder&quot;: 0,
        &quot;description&quot;: null,
        &quot;id&quot;: &quot;deba5d66-42eb-43d0-8ee0-6d15f3c4b34c&quot;,
        &quot;isMenu&quot;: false,
        &quot;key&quot;: &quot;ZipCode.Delete&quot;,
        &quot;parentId&quot;: &quot;8aa34e38-533b-4ab7-bad7-0eaa7b5dec9c&quot;,
        &quot;unAuthorizedProps&quot;: {
          &quot;visible&quot;: false,
          &quot;disabled&quot;: false
        },
        &quot;actionName&quot;: &quot;Delete&quot;
      },
      {
        &quot;routePath&quot;: null,
        &quot;iconName&quot;: null,
        &quot;controllerName&quot;: &quot;Rider&quot;,
        &quot;name&quot;: &quot;Rider Create&quot;,
        &quot;displayOrder&quot;: 0,
        &quot;description&quot;: null,
        &quot;id&quot;: &quot;84e2ed51-0787-4e21-b0cc-78397324e38f&quot;,
        &quot;isMenu&quot;: false,
        &quot;key&quot;: &quot;Rider.Create&quot;,
        &quot;parentId&quot;: &quot;1b716d9c-2bf6-4a16-9bd1-2214d14b6cc7&quot;,
        &quot;unAuthorizedProps&quot;: {
          &quot;visible&quot;: false,
          &quot;disabled&quot;: false
        },
        &quot;actionName&quot;: &quot;Create&quot;
      },
      {
        &quot;routePath&quot;: null,
        &quot;iconName&quot;: null,
        &quot;controllerName&quot;: &quot;Employee&quot;,
        &quot;name&quot;: &quot;Employee Delete&quot;,
        &quot;displayOrder&quot;: 0,
        &quot;description&quot;: null,
        &quot;id&quot;: &quot;b6a62bb2-7083-4534-91af-146ca008cb31&quot;,
        &quot;isMenu&quot;: false,
        &quot;key&quot;: &quot;Employee.Delete&quot;,
        &quot;parentId&quot;: &quot;e4a8e904-698e-4596-92c3-b40206b19179&quot;,
        &quot;unAuthorizedProps&quot;: {
          &quot;visible&quot;: false,
          &quot;disabled&quot;: false
        },
        &quot;actionName&quot;: &quot;Delete&quot;
      },
      {
        &quot;routePath&quot;: &quot;active-orders&quot;,
        &quot;iconName&quot;: &quot;activeOrderSVG&quot;,
        &quot;controllerName&quot;: &quot;Order&quot;,
        &quot;name&quot;: &quot;Active Orders&quot;,
        &quot;displayOrder&quot;: 120,
        &quot;description&quot;: null,
        &quot;id&quot;: &quot;960eff6d-a581-4a4e-991b-a0b5c9881f14&quot;,
        &quot;isMenu&quot;: true,
        &quot;key&quot;: &quot;Order.Active&quot;,
        &quot;parentId&quot;: &quot;872b9f8c-c48d-dfeb-de32-1be0c3c38dbb&quot;,
        &quot;unAuthorizedProps&quot;: {
          &quot;visible&quot;: false,
          &quot;disabled&quot;: false
        },
        &quot;actionName&quot;: &quot;Active&quot;
      },
      {
        &quot;routePath&quot;: null,
        &quot;iconName&quot;: null,
        &quot;controllerName&quot;: &quot;MessageTemplate&quot;,
        &quot;name&quot;: &quot;Message Template Edit&quot;,
        &quot;displayOrder&quot;: 0,
        &quot;description&quot;: null,
        &quot;id&quot;: &quot;3cf8a343-ba23-4210-9f73-884eb309a3b4&quot;,
        &quot;isMenu&quot;: false,
        &quot;key&quot;: &quot;MessageTemplate.Edit&quot;,
        &quot;parentId&quot;: &quot;570b7634-2234-498f-939b-440805527121&quot;,
        &quot;unAuthorizedProps&quot;: {
          &quot;visible&quot;: false,
          &quot;disabled&quot;: false
        },
        &quot;actionName&quot;: &quot;Edit&quot;
      },
      {
        &quot;routePath&quot;: null,
        &quot;iconName&quot;: null,
        &quot;controllerName&quot;: &quot;MessageTemplate&quot;,
        &quot;name&quot;: &quot;Message Template Delete&quot;,
        &quot;displayOrder&quot;: 0,
        &quot;description&quot;: null,
        &quot;id&quot;: &quot;6829e619-f27c-415b-abf5-653573cb4ed5&quot;,
        &quot;isMenu&quot;: false,
        &quot;key&quot;: &quot;MessageTemplate.Delete&quot;,
        &quot;parentId&quot;: &quot;570b7634-2234-498f-939b-440805527121&quot;,
        &quot;unAuthorizedProps&quot;: {
          &quot;visible&quot;: false,
          &quot;disabled&quot;: false
        },
        &quot;actionName&quot;: &quot;Delete&quot;
      },
      {
        &quot;routePath&quot;: null,
        &quot;iconName&quot;: null,
        &quot;controllerName&quot;: &quot;Role&quot;,
        &quot;name&quot;: &quot;Role Create&quot;,
        &quot;displayOrder&quot;: 0,
        &quot;description&quot;: null,
        &quot;id&quot;: &quot;b29c939f-9d31-4a77-ab10-43b6363c9ca7&quot;,
        &quot;isMenu&quot;: false,
        &quot;key&quot;: &quot;Role.Create&quot;,
        &quot;parentId&quot;: &quot;e98d2f21-52f8-41cb-9b3f-fe979b5f0578&quot;,
        &quot;unAuthorizedProps&quot;: {
          &quot;visible&quot;: false,
          &quot;disabled&quot;: false
        },
        &quot;actionName&quot;: &quot;Create&quot;
      },
      {
        &quot;routePath&quot;: null,
        &quot;iconName&quot;: null,
        &quot;controllerName&quot;: &quot;County&quot;,
        &quot;name&quot;: &quot;County Create&quot;,
        &quot;displayOrder&quot;: 0,
        &quot;description&quot;: null,
        &quot;id&quot;: &quot;b0718fbd-a486-4f05-9804-82c5e474efb7&quot;,
        &quot;isMenu&quot;: false,
        &quot;key&quot;: &quot;County.Create&quot;,
        &quot;parentId&quot;: &quot;28a7ee86-bfd8-408f-97d3-82a96e1cbcc6&quot;,
        &quot;unAuthorizedProps&quot;: {
          &quot;visible&quot;: false,
          &quot;disabled&quot;: false
        },
        &quot;actionName&quot;: &quot;Create&quot;
      },
      {
        &quot;routePath&quot;: null,
        &quot;iconName&quot;: null,
        &quot;controllerName&quot;: &quot;Language&quot;,
        &quot;name&quot;: &quot;Language Edit&quot;,
        &quot;displayOrder&quot;: 0,
        &quot;description&quot;: null,
        &quot;id&quot;: &quot;765464f2-8b9f-4234-ac07-063e06f3e9f2&quot;,
        &quot;isMenu&quot;: false,
        &quot;key&quot;: &quot;Language.Edit&quot;,
        &quot;parentId&quot;: &quot;7d117917-ff5a-448f-ae1c-71b123ffabc0&quot;,
        &quot;unAuthorizedProps&quot;: {
          &quot;visible&quot;: false,
          &quot;disabled&quot;: false
        },
        &quot;actionName&quot;: &quot;Edit&quot;
      },
      {
        &quot;routePath&quot;: null,
        &quot;iconName&quot;: null,
        &quot;controllerName&quot;: &quot;ServiceArea&quot;,
        &quot;name&quot;: &quot;ServiceArea UpdateStatus&quot;,
        &quot;displayOrder&quot;: 0,
        &quot;description&quot;: null,
        &quot;id&quot;: &quot;13514276-84ab-43d6-8542-5f166acb9b80&quot;,
        &quot;isMenu&quot;: false,
        &quot;key&quot;: &quot;ServiceArea.UpdateStatus&quot;,
        &quot;parentId&quot;: &quot;6510260c-2670-4f71-96ed-8f12986fb9cf&quot;,
        &quot;unAuthorizedProps&quot;: {
          &quot;visible&quot;: false,
          &quot;disabled&quot;: false
        },
        &quot;actionName&quot;: &quot;UpdateStatus&quot;
      },
      {
        &quot;routePath&quot;: null,
        &quot;iconName&quot;: null,
        &quot;controllerName&quot;: &quot;Language&quot;,
        &quot;name&quot;: &quot;Language Create&quot;,
        &quot;displayOrder&quot;: 0,
        &quot;description&quot;: null,
        &quot;id&quot;: &quot;70055253-2953-481a-ad68-308069f59188&quot;,
        &quot;isMenu&quot;: false,
        &quot;key&quot;: &quot;Language.Create&quot;,
        &quot;parentId&quot;: &quot;7d117917-ff5a-448f-ae1c-71b123ffabc0&quot;,
        &quot;unAuthorizedProps&quot;: {
          &quot;visible&quot;: false,
          &quot;disabled&quot;: false
        },
        &quot;actionName&quot;: &quot;Create&quot;
      },
      {
        &quot;routePath&quot;: null,
        &quot;iconName&quot;: null,
        &quot;controllerName&quot;: &quot;Banner&quot;,
        &quot;name&quot;: &quot;Banner List&quot;,
        &quot;displayOrder&quot;: 0,
        &quot;description&quot;: null,
        &quot;id&quot;: &quot;2af1fb3b-36bf-4379-b7a6-03f3e68742b2&quot;,
        &quot;isMenu&quot;: false,
        &quot;key&quot;: &quot;Banner.List&quot;,
        &quot;parentId&quot;: &quot;d01dd410-27ab-4ca2-ad2e-06ed18197543&quot;,
        &quot;unAuthorizedProps&quot;: {
          &quot;visible&quot;: false,
          &quot;disabled&quot;: false
        },
        &quot;actionName&quot;: &quot;List&quot;
      },
      {
        &quot;routePath&quot;: null,
        &quot;iconName&quot;: &quot;orders&quot;,
        &quot;controllerName&quot;: &quot;DriverApp&quot;,
        &quot;name&quot;: &quot;Orders&quot;,
        &quot;displayOrder&quot;: 0,
        &quot;description&quot;: &quot;&quot;,
        &quot;id&quot;: &quot;6fa1df30-c04b-4bef-a1d1-a67c2748e0b4&quot;,
        &quot;isMenu&quot;: true,
        &quot;key&quot;: &quot;DriverApp.Orders&quot;,
        &quot;parentId&quot;: &quot;673cefc5-8638-47b5-9440-8f3fa459f0b1&quot;,
        &quot;unAuthorizedProps&quot;: {
          &quot;visible&quot;: false,
          &quot;disabled&quot;: false
        },
        &quot;actionName&quot;: &quot;Orders&quot;
      },
      {
        &quot;routePath&quot;: null,
        &quot;iconName&quot;: &quot;blackListSVG&quot;,
        &quot;controllerName&quot;: &quot;BlackList&quot;,
        &quot;name&quot;: &quot;Black List Find&quot;,
        &quot;displayOrder&quot;: 0,
        &quot;description&quot;: null,
        &quot;id&quot;: &quot;e8a2ad2f-7dad-41a3-9696-6adefc308eb8&quot;,
        &quot;isMenu&quot;: false,
        &quot;key&quot;: &quot;BlackList.Find&quot;,
        &quot;parentId&quot;: &quot;d273c43d-77c8-4b88-8d35-9ec20a90bd11&quot;,
        &quot;unAuthorizedProps&quot;: {
          &quot;visible&quot;: false,
          &quot;disabled&quot;: false
        },
        &quot;actionName&quot;: &quot;Find&quot;
      },
      {
        &quot;routePath&quot;: null,
        &quot;iconName&quot;: &quot;ExportForFilter&quot;,
        &quot;controllerName&quot;: &quot;Product&quot;,
        &quot;name&quot;: &quot;Product ExportForFilter&quot;,
        &quot;displayOrder&quot;: 0,
        &quot;description&quot;: null,
        &quot;id&quot;: &quot;c6781e0f-f938-4907-8dc5-a17d241a8148&quot;,
        &quot;isMenu&quot;: false,
        &quot;key&quot;: &quot;Product.ExportForFilter&quot;,
        &quot;parentId&quot;: &quot;1858607f-58c2-4c69-8078-f2756c5ca81e&quot;,
        &quot;unAuthorizedProps&quot;: {
          &quot;visible&quot;: false,
          &quot;disabled&quot;: false
        },
        &quot;actionName&quot;: &quot;ExportForFilter&quot;
      },
      {
        &quot;routePath&quot;: null,
        &quot;iconName&quot;: &quot;auditSVG&quot;,
        &quot;controllerName&quot;: &quot;Audit&quot;,
        &quot;name&quot;: &quot;Audit ListForFilter&quot;,
        &quot;displayOrder&quot;: 100000,
        &quot;description&quot;: null,
        &quot;id&quot;: &quot;6db73bbc-1114-4e80-a30d-424386ffd8f5&quot;,
        &quot;isMenu&quot;: false,
        &quot;key&quot;: &quot;Audit.ListForFilter&quot;,
        &quot;parentId&quot;: &quot;76070de9-f4f5-4096-aa99-2d2bac586b44&quot;,
        &quot;unAuthorizedProps&quot;: {
          &quot;visible&quot;: false,
          &quot;disabled&quot;: false
        },
        &quot;actionName&quot;: &quot;ListForFilter&quot;
      },
      {
        &quot;routePath&quot;: null,
        &quot;iconName&quot;: null,
        &quot;controllerName&quot;: &quot;County&quot;,
        &quot;name&quot;: &quot;County Find&quot;,
        &quot;displayOrder&quot;: 0,
        &quot;description&quot;: null,
        &quot;id&quot;: &quot;d82e0244-f728-4651-b0dc-37ee070aacef&quot;,
        &quot;isMenu&quot;: false,
        &quot;key&quot;: &quot;County.Find&quot;,
        &quot;parentId&quot;: &quot;28a7ee86-bfd8-408f-97d3-82a96e1cbcc6&quot;,
        &quot;unAuthorizedProps&quot;: {
          &quot;visible&quot;: false,
          &quot;disabled&quot;: false
        },
        &quot;actionName&quot;: &quot;Find&quot;
      },
      {
        &quot;routePath&quot;: null,
        &quot;iconName&quot;: null,
        &quot;controllerName&quot;: &quot;Customer&quot;,
        &quot;name&quot;: &quot;Customer Delete&quot;,
        &quot;displayOrder&quot;: 0,
        &quot;description&quot;: null,
        &quot;id&quot;: &quot;f347f3bc-6802-4ec4-82ef-220e0032ab69&quot;,
        &quot;isMenu&quot;: false,
        &quot;key&quot;: &quot;Customer.Delete&quot;,
        &quot;parentId&quot;: &quot;07b60a01-5846-422c-b1c6-1c7a382dbd0e&quot;,
        &quot;unAuthorizedProps&quot;: {
          &quot;visible&quot;: false,
          &quot;disabled&quot;: false
        },
        &quot;actionName&quot;: &quot;Delete&quot;
      },
      {
        &quot;routePath&quot;: null,
        &quot;iconName&quot;: null,
        &quot;controllerName&quot;: &quot;Warehouse&quot;,
        &quot;name&quot;: &quot;Warehouse Edit&quot;,
        &quot;displayOrder&quot;: 0,
        &quot;description&quot;: null,
        &quot;id&quot;: &quot;8897a642-3ebb-4ed8-a71f-8dbe303509f6&quot;,
        &quot;isMenu&quot;: false,
        &quot;key&quot;: &quot;Warehouse.Edit&quot;,
        &quot;parentId&quot;: &quot;7a99d565-0e98-95af-19bd-814011ea2417&quot;,
        &quot;unAuthorizedProps&quot;: {
          &quot;visible&quot;: false,
          &quot;disabled&quot;: false
        },
        &quot;actionName&quot;: &quot;Edit&quot;
      },
      {
        &quot;routePath&quot;: null,
        &quot;iconName&quot;: null,
        &quot;controllerName&quot;: &quot;MessageTemplate&quot;,
        &quot;name&quot;: &quot;Message Template Create&quot;,
        &quot;displayOrder&quot;: 0,
        &quot;description&quot;: null,
        &quot;id&quot;: &quot;87fde03a-f96f-4317-a8e2-0b2790460da2&quot;,
        &quot;isMenu&quot;: false,
        &quot;key&quot;: &quot;MessageTemplate.Create&quot;,
        &quot;parentId&quot;: &quot;570b7634-2234-498f-939b-440805527121&quot;,
        &quot;unAuthorizedProps&quot;: {
          &quot;visible&quot;: false,
          &quot;disabled&quot;: false
        },
        &quot;actionName&quot;: &quot;Create&quot;
      },
      {
        &quot;routePath&quot;: null,
        &quot;iconName&quot;: null,
        &quot;controllerName&quot;: &quot;ServiceArea&quot;,
        &quot;name&quot;: &quot;ServiceArea Import&quot;,
        &quot;displayOrder&quot;: 0,
        &quot;description&quot;: null,
        &quot;id&quot;: &quot;6652b5a5-e837-4941-9c9c-e6cc2ae53745&quot;,
        &quot;isMenu&quot;: false,
        &quot;key&quot;: &quot;ServiceArea.Import&quot;,
        &quot;parentId&quot;: &quot;6510260c-2670-4f71-96ed-8f12986fb9cf&quot;,
        &quot;unAuthorizedProps&quot;: {
          &quot;visible&quot;: false,
          &quot;disabled&quot;: false
        },
        &quot;actionName&quot;: &quot;Import&quot;
      },
      {
        &quot;routePath&quot;: null,
        &quot;iconName&quot;: null,
        &quot;controllerName&quot;: &quot;LocaleResource&quot;,
        &quot;name&quot;: &quot;LocaleResource Create&quot;,
        &quot;displayOrder&quot;: 0,
        &quot;description&quot;: null,
        &quot;id&quot;: &quot;46f8f313-95b6-4848-9004-c69ec2dc12f4&quot;,
        &quot;isMenu&quot;: false,
        &quot;key&quot;: &quot;LocaleResource.Create&quot;,
        &quot;parentId&quot;: &quot;4c1a6c0d-765c-444a-b7c8-49e99f61d47b&quot;,
        &quot;unAuthorizedProps&quot;: {
          &quot;visible&quot;: false,
          &quot;disabled&quot;: false
        },
        &quot;actionName&quot;: &quot;Create&quot;
      },
      {
        &quot;routePath&quot;: null,
        &quot;iconName&quot;: null,
        &quot;controllerName&quot;: &quot;Customer&quot;,
        &quot;name&quot;: &quot;Customer Create&quot;,
        &quot;displayOrder&quot;: 0,
        &quot;description&quot;: null,
        &quot;id&quot;: &quot;d6fdfd07-b0f1-44ef-898b-22906287c3ef&quot;,
        &quot;isMenu&quot;: false,
        &quot;key&quot;: &quot;Customer.Create&quot;,
        &quot;parentId&quot;: &quot;07b60a01-5846-422c-b1c6-1c7a382dbd0e&quot;,
        &quot;unAuthorizedProps&quot;: {
          &quot;visible&quot;: false,
          &quot;disabled&quot;: false
        },
        &quot;actionName&quot;: &quot;Create&quot;
      },
      {
        &quot;routePath&quot;: null,
        &quot;iconName&quot;: null,
        &quot;controllerName&quot;: &quot;Banner&quot;,
        &quot;name&quot;: &quot;Banner Update Display Order&quot;,
        &quot;displayOrder&quot;: 0,
        &quot;description&quot;: null,
        &quot;id&quot;: &quot;a578fd4b-564e-4d88-87d1-aabbb183a21a&quot;,
        &quot;isMenu&quot;: false,
        &quot;key&quot;: &quot;Banner.UpdateBannerDisplayOrder&quot;,
        &quot;parentId&quot;: &quot;d01dd410-27ab-4ca2-ad2e-06ed18197543&quot;,
        &quot;unAuthorizedProps&quot;: {
          &quot;visible&quot;: false,
          &quot;disabled&quot;: false
        },
        &quot;actionName&quot;: &quot;UpdateBannerDisplayOrder&quot;
      },
      {
        &quot;routePath&quot;: null,
        &quot;iconName&quot;: null,
        &quot;controllerName&quot;: &quot;Address&quot;,
        &quot;name&quot;: &quot;Address Find&quot;,
        &quot;displayOrder&quot;: 0,
        &quot;description&quot;: null,
        &quot;id&quot;: &quot;69cd17c7-88f0-435d-9e1c-e3a178d79e21&quot;,
        &quot;isMenu&quot;: false,
        &quot;key&quot;: &quot;Address.Find&quot;,
        &quot;parentId&quot;: &quot;c3c514ef-1964-4c94-b13a-8bdd83a5b1cb&quot;,
        &quot;unAuthorizedProps&quot;: {
          &quot;visible&quot;: false,
          &quot;disabled&quot;: false
        },
        &quot;actionName&quot;: &quot;Find&quot;
      },
      {
        &quot;routePath&quot;: null,
        &quot;iconName&quot;: &quot;driverApp&quot;,
        &quot;controllerName&quot;: &quot;DriverApp&quot;,
        &quot;name&quot;: &quot;Driver Permissions&quot;,
        &quot;displayOrder&quot;: 0,
        &quot;description&quot;: null,
        &quot;id&quot;: &quot;673cefc5-8638-47b5-9440-8f3fa459f0b1&quot;,
        &quot;isMenu&quot;: false,
        &quot;key&quot;: &quot;DriverApp.Index&quot;,
        &quot;parentId&quot;: null,
        &quot;unAuthorizedProps&quot;: {
          &quot;visible&quot;: false,
          &quot;disabled&quot;: false
        },
        &quot;actionName&quot;: &quot;Index&quot;
      },
      {
        &quot;routePath&quot;: null,
        &quot;iconName&quot;: &quot;RemoteSearchForLocation&quot;,
        &quot;controllerName&quot;: &quot;Product&quot;,
        &quot;name&quot;: &quot;Product RemoteSearchForLocation&quot;,
        &quot;displayOrder&quot;: 0,
        &quot;description&quot;: null,
        &quot;id&quot;: &quot;9c90fc94-df36-4459-9a3b-c01d1f4f2211&quot;,
        &quot;isMenu&quot;: false,
        &quot;key&quot;: &quot;Product.RemoteSearchForLocation&quot;,
        &quot;parentId&quot;: &quot;1858607f-58c2-4c69-8078-f2756c5ca81e&quot;,
        &quot;unAuthorizedProps&quot;: {
          &quot;visible&quot;: false,
          &quot;disabled&quot;: false
        },
        &quot;actionName&quot;: &quot;RemoteSearchForLocation&quot;
      },
      {
        &quot;routePath&quot;: null,
        &quot;iconName&quot;: null,
        &quot;controllerName&quot;: &quot;Order&quot;,
        &quot;name&quot;: &quot;Order Cancel&quot;,
        &quot;displayOrder&quot;: 0,
        &quot;description&quot;: null,
        &quot;id&quot;: &quot;f92b5f11-f8e9-4754-85e0-f5d8666c620f&quot;,
        &quot;isMenu&quot;: false,
        &quot;key&quot;: &quot;Order.Cancel&quot;,
        &quot;parentId&quot;: &quot;872b9f8c-c48d-dfeb-de32-1be0c3c38dbb&quot;,
        &quot;unAuthorizedProps&quot;: {
          &quot;visible&quot;: false,
          &quot;disabled&quot;: false
        },
        &quot;actionName&quot;: &quot;Cancel&quot;
      },
      {
        &quot;routePath&quot;: null,
        &quot;iconName&quot;: null,
        &quot;controllerName&quot;: &quot;Category&quot;,
        &quot;name&quot;: &quot;Category UploadImage&quot;,
        &quot;displayOrder&quot;: 0,
        &quot;description&quot;: null,
        &quot;id&quot;: &quot;ae860d95-cc13-4b86-a535-202aa716c973&quot;,
        &quot;isMenu&quot;: false,
        &quot;key&quot;: &quot;Category.UploadImage&quot;,
        &quot;parentId&quot;: &quot;9bbddb67-d7f2-44d3-8d09-6bd04f8b6f79&quot;,
        &quot;unAuthorizedProps&quot;: {
          &quot;visible&quot;: false,
          &quot;disabled&quot;: false
        },
        &quot;actionName&quot;: &quot;UploadImage&quot;
      },
      {
        &quot;routePath&quot;: null,
        &quot;iconName&quot;: null,
        &quot;controllerName&quot;: &quot;Warehouse&quot;,
        &quot;name&quot;: &quot;Warehouse UpdateWarehouseQuantity&quot;,
        &quot;displayOrder&quot;: 0,
        &quot;description&quot;: null,
        &quot;id&quot;: &quot;95ea9fb5-2548-4bf4-bcad-937757b47ea9&quot;,
        &quot;isMenu&quot;: false,
        &quot;key&quot;: &quot;Warehouse.UpdateWarehouseQuantity&quot;,
        &quot;parentId&quot;: &quot;7a99d565-0e98-95af-19bd-814011ea2417&quot;,
        &quot;unAuthorizedProps&quot;: {
          &quot;visible&quot;: false,
          &quot;disabled&quot;: false
        },
        &quot;actionName&quot;: &quot;UpdateWarehouseQuantity&quot;
      },
      {
        &quot;routePath&quot;: null,
        &quot;iconName&quot;: null,
        &quot;controllerName&quot;: &quot;Warehouse&quot;,
        &quot;name&quot;: &quot;Warehouse Find&quot;,
        &quot;displayOrder&quot;: 0,
        &quot;description&quot;: null,
        &quot;id&quot;: &quot;15cd689d-00ad-40d4-9b1d-7a231ecb323e&quot;,
        &quot;isMenu&quot;: false,
        &quot;key&quot;: &quot;Warehouse.Find&quot;,
        &quot;parentId&quot;: &quot;7a99d565-0e98-95af-19bd-814011ea2417&quot;,
        &quot;unAuthorizedProps&quot;: {
          &quot;visible&quot;: false,
          &quot;disabled&quot;: false
        },
        &quot;actionName&quot;: &quot;Find&quot;
      },
      {
        &quot;routePath&quot;: &quot;inventory&quot;,
        &quot;iconName&quot;: &quot;inventorySVG&quot;,
        &quot;controllerName&quot;: &quot;Inventory&quot;,
        &quot;name&quot;: &quot;Inventory&quot;,
        &quot;displayOrder&quot;: 400,
        &quot;description&quot;: null,
        &quot;id&quot;: &quot;40fdcf04-65b5-4fc0-8e17-ddd1f84b1b0a&quot;,
        &quot;isMenu&quot;: true,
        &quot;key&quot;: &quot;Inventory.Index&quot;,
        &quot;parentId&quot;: null,
        &quot;unAuthorizedProps&quot;: {
          &quot;visible&quot;: false,
          &quot;disabled&quot;: false
        },
        &quot;actionName&quot;: &quot;Index&quot;
      },
      {
        &quot;routePath&quot;: null,
        &quot;iconName&quot;: null,
        &quot;controllerName&quot;: &quot;Customer&quot;,
        &quot;name&quot;: &quot;Customer ListForCouponCode&quot;,
        &quot;displayOrder&quot;: 0,
        &quot;description&quot;: null,
        &quot;id&quot;: &quot;9ace28d6-ab7f-4459-a605-232a0b6d2a77&quot;,
        &quot;isMenu&quot;: false,
        &quot;key&quot;: &quot;Customer.ListForCouponCode&quot;,
        &quot;parentId&quot;: &quot;07b60a01-5846-422c-b1c6-1c7a382dbd0e&quot;,
        &quot;unAuthorizedProps&quot;: {
          &quot;visible&quot;: false,
          &quot;disabled&quot;: false
        },
        &quot;actionName&quot;: &quot;ListForCouponCode&quot;
      },
      {
        &quot;routePath&quot;: null,
        &quot;iconName&quot;: null,
        &quot;controllerName&quot;: &quot;Campaign&quot;,
        &quot;name&quot;: &quot;Campaign Delete&quot;,
        &quot;displayOrder&quot;: 0,
        &quot;description&quot;: null,
        &quot;id&quot;: &quot;fd0189db-b2a0-4e72-ae4f-bfc608a105cc&quot;,
        &quot;isMenu&quot;: false,
        &quot;key&quot;: &quot;Campaign.Delete&quot;,
        &quot;parentId&quot;: &quot;fd2f794b-65fb-4da6-9bdb-835c466e4321&quot;,
        &quot;unAuthorizedProps&quot;: {
          &quot;visible&quot;: false,
          &quot;disabled&quot;: false
        },
        &quot;actionName&quot;: &quot;Delete&quot;
      },
      {
        &quot;routePath&quot;: null,
        &quot;iconName&quot;: &quot;Edit&quot;,
        &quot;controllerName&quot;: &quot;Product&quot;,
        &quot;name&quot;: &quot;Product Edit&quot;,
        &quot;displayOrder&quot;: 0,
        &quot;description&quot;: null,
        &quot;id&quot;: &quot;14e27911-45ec-4d84-8519-6c780671a1d4&quot;,
        &quot;isMenu&quot;: false,
        &quot;key&quot;: &quot;Product.Edit&quot;,
        &quot;parentId&quot;: &quot;1858607f-58c2-4c69-8078-f2756c5ca81e&quot;,
        &quot;unAuthorizedProps&quot;: {
          &quot;visible&quot;: false,
          &quot;disabled&quot;: false
        },
        &quot;actionName&quot;: &quot;Edit&quot;
      },
      {
        &quot;routePath&quot;: null,
        &quot;iconName&quot;: &quot;categorySVG&quot;,
        &quot;controllerName&quot;: &quot;Catalog&quot;,
        &quot;name&quot;: &quot;Catalog&quot;,
        &quot;displayOrder&quot;: 300,
        &quot;description&quot;: null,
        &quot;id&quot;: &quot;8b40e125-ffeb-4cf1-ba4b-0ac72aac09d9&quot;,
        &quot;isMenu&quot;: true,
        &quot;key&quot;: &quot;Catalog.Index&quot;,
        &quot;parentId&quot;: null,
        &quot;unAuthorizedProps&quot;: {
          &quot;visible&quot;: false,
          &quot;disabled&quot;: false
        },
        &quot;actionName&quot;: &quot;Index&quot;
      },
      {
        &quot;routePath&quot;: null,
        &quot;iconName&quot;: null,
        &quot;controllerName&quot;: &quot;Rider&quot;,
        &quot;name&quot;: &quot;List Warehouse&quot;,
        &quot;displayOrder&quot;: 0,
        &quot;description&quot;: null,
        &quot;id&quot;: &quot;b3974f99-cfc1-4eea-a71d-cb2d63fbe23b&quot;,
        &quot;isMenu&quot;: false,
        &quot;key&quot;: &quot;Rider.ListWarehouse&quot;,
        &quot;parentId&quot;: &quot;1b716d9c-2bf6-4a16-9bd1-2214d14b6cc7&quot;,
        &quot;unAuthorizedProps&quot;: {
          &quot;visible&quot;: false,
          &quot;disabled&quot;: false
        },
        &quot;actionName&quot;: &quot;ListWarehouse&quot;
      },
      {
        &quot;routePath&quot;: null,
        &quot;iconName&quot;: null,
        &quot;controllerName&quot;: &quot;ZipCode&quot;,
        &quot;name&quot;: &quot;ZipCode Find&quot;,
        &quot;displayOrder&quot;: 0,
        &quot;description&quot;: null,
        &quot;id&quot;: &quot;6ce0a1fe-663d-4167-9095-41ead097b95d&quot;,
        &quot;isMenu&quot;: false,
        &quot;key&quot;: &quot;ZipCode.Find&quot;,
        &quot;parentId&quot;: &quot;8aa34e38-533b-4ab7-bad7-0eaa7b5dec9c&quot;,
        &quot;unAuthorizedProps&quot;: {
          &quot;visible&quot;: false,
          &quot;disabled&quot;: false
        },
        &quot;actionName&quot;: &quot;Find&quot;
      },
      {
        &quot;routePath&quot;: null,
        &quot;iconName&quot;: null,
        &quot;controllerName&quot;: &quot;Country&quot;,
        &quot;name&quot;: &quot;Country Index&quot;,
        &quot;displayOrder&quot;: 0,
        &quot;description&quot;: null,
        &quot;id&quot;: &quot;9c15db73-badc-4894-ab1b-d8261bac91c2&quot;,
        &quot;isMenu&quot;: false,
        &quot;key&quot;: &quot;Country.Index&quot;,
        &quot;parentId&quot;: null,
        &quot;unAuthorizedProps&quot;: {
          &quot;visible&quot;: false,
          &quot;disabled&quot;: false
        },
        &quot;actionName&quot;: &quot;Index&quot;
      },
      {
        &quot;routePath&quot;: &quot;campaigns&quot;,
        &quot;iconName&quot;: &quot;campaignSVG&quot;,
        &quot;controllerName&quot;: &quot;Campaign&quot;,
        &quot;name&quot;: &quot;Campaigns&quot;,
        &quot;displayOrder&quot;: 200,
        &quot;description&quot;: null,
        &quot;id&quot;: &quot;fd2f794b-65fb-4da6-9bdb-835c466e4321&quot;,
        &quot;isMenu&quot;: true,
        &quot;key&quot;: &quot;Campaign.Index&quot;,
        &quot;parentId&quot;: null,
        &quot;unAuthorizedProps&quot;: {
          &quot;visible&quot;: false,
          &quot;disabled&quot;: false
        },
        &quot;actionName&quot;: &quot;Index&quot;
      },
      {
        &quot;routePath&quot;: &quot;&quot;,
        &quot;iconName&quot;: &quot;resourcesSVG&quot;,
        &quot;controllerName&quot;: &quot;Resource&quot;,
        &quot;name&quot;: &quot;Resources&quot;,
        &quot;displayOrder&quot;: 900,
        &quot;description&quot;: null,
        &quot;id&quot;: &quot;8f4ea0ae-2382-4769-8584-5f2f2b1520c8&quot;,
        &quot;isMenu&quot;: true,
        &quot;key&quot;: &quot;Resource.Index&quot;,
        &quot;parentId&quot;: null,
        &quot;unAuthorizedProps&quot;: {
          &quot;visible&quot;: false,
          &quot;disabled&quot;: false
        },
        &quot;actionName&quot;: &quot;Index&quot;
      },
      {
        &quot;routePath&quot;: null,
        &quot;iconName&quot;: null,
        &quot;controllerName&quot;: &quot;State&quot;,
        &quot;name&quot;: &quot;State Index&quot;,
        &quot;displayOrder&quot;: 0,
        &quot;description&quot;: null,
        &quot;id&quot;: &quot;4842baa6-3b5e-40d1-ba2c-aa896962f8a7&quot;,
        &quot;isMenu&quot;: false,
        &quot;key&quot;: &quot;State.Index&quot;,
        &quot;parentId&quot;: null,
        &quot;unAuthorizedProps&quot;: {
          &quot;visible&quot;: false,
          &quot;disabled&quot;: false
        },
        &quot;actionName&quot;: &quot;Index&quot;
      },
      {
        &quot;routePath&quot;: null,
        &quot;iconName&quot;: null,
        &quot;controllerName&quot;: &quot;Order&quot;,
        &quot;name&quot;: &quot;Order Create&quot;,
        &quot;displayOrder&quot;: 0,
        &quot;description&quot;: null,
        &quot;id&quot;: &quot;5c9d78b5-a896-4f09-81f5-3772241f9c78&quot;,
        &quot;isMenu&quot;: false,
        &quot;key&quot;: &quot;Order.Create&quot;,
        &quot;parentId&quot;: &quot;872b9f8c-c48d-dfeb-de32-1be0c3c38dbb&quot;,
        &quot;unAuthorizedProps&quot;: {
          &quot;visible&quot;: false,
          &quot;disabled&quot;: false
        },
        &quot;actionName&quot;: &quot;Create&quot;
      },
      {
        &quot;routePath&quot;: null,
        &quot;iconName&quot;: &quot;blackListSVG&quot;,
        &quot;controllerName&quot;: &quot;BlackList&quot;,
        &quot;name&quot;: &quot;Black List Delete&quot;,
        &quot;displayOrder&quot;: 0,
        &quot;description&quot;: null,
        &quot;id&quot;: &quot;ac6ae6a5-d189-4a17-b8a0-26fbbc3f6e27&quot;,
        &quot;isMenu&quot;: false,
        &quot;key&quot;: &quot;BlackList.Delete&quot;,
        &quot;parentId&quot;: &quot;d273c43d-77c8-4b88-8d35-9ec20a90bd11&quot;,
        &quot;unAuthorizedProps&quot;: {
          &quot;visible&quot;: false,
          &quot;disabled&quot;: false
        },
        &quot;actionName&quot;: &quot;Delete&quot;
      },
      {
        &quot;routePath&quot;: null,
        &quot;iconName&quot;: null,
        &quot;controllerName&quot;: &quot;Role&quot;,
        &quot;name&quot;: &quot;Role Find&quot;,
        &quot;displayOrder&quot;: 0,
        &quot;description&quot;: null,
        &quot;id&quot;: &quot;93ff5806-4453-44a3-bc9b-557783976d40&quot;,
        &quot;isMenu&quot;: false,
        &quot;key&quot;: &quot;Role.Find&quot;,
        &quot;parentId&quot;: &quot;e98d2f21-52f8-41cb-9b3f-fe979b5f0578&quot;,
        &quot;unAuthorizedProps&quot;: {
          &quot;visible&quot;: false,
          &quot;disabled&quot;: false
        },
        &quot;actionName&quot;: &quot;Find&quot;
      },
      {
        &quot;routePath&quot;: null,
        &quot;iconName&quot;: &quot;RemoteSearchForSubCategories&quot;,
        &quot;controllerName&quot;: &quot;Category&quot;,
        &quot;name&quot;: &quot;Category RemoteSearchForSubCategories&quot;,
        &quot;displayOrder&quot;: 0,
        &quot;description&quot;: null,
        &quot;id&quot;: &quot;6db1a08e-e179-4c17-9191-fa48c4e91f43&quot;,
        &quot;isMenu&quot;: false,
        &quot;key&quot;: &quot;Category.RemoteSearchForSubCategories&quot;,
        &quot;parentId&quot;: &quot;501d66f1-cdeb-4f10-85d2-6e00d60e36c9&quot;,
        &quot;unAuthorizedProps&quot;: {
          &quot;visible&quot;: false,
          &quot;disabled&quot;: false
        },
        &quot;actionName&quot;: &quot;RemoteSearchForSubCategories&quot;
      },
      {
        &quot;routePath&quot;: null,
        &quot;iconName&quot;: null,
        &quot;controllerName&quot;: &quot;Warehouse&quot;,
        &quot;name&quot;: &quot;Warehouse ImportWarehouseStock&quot;,
        &quot;displayOrder&quot;: 0,
        &quot;description&quot;: null,
        &quot;id&quot;: &quot;32b123d7-64e0-437b-85ee-e231221123c4&quot;,
        &quot;isMenu&quot;: false,
        &quot;key&quot;: &quot;Warehouse.ImportWarehouseStock&quot;,
        &quot;parentId&quot;: &quot;7a99d565-0e98-95af-19bd-814011ea2417&quot;,
        &quot;unAuthorizedProps&quot;: {
          &quot;visible&quot;: false,
          &quot;disabled&quot;: false
        },
        &quot;actionName&quot;: &quot;ImportWarehouseStock&quot;
      },
      {
        &quot;routePath&quot;: &quot;&quot;,
        &quot;iconName&quot;: &quot;&quot;,
        &quot;controllerName&quot;: &quot;Category&quot;,
        &quot;name&quot;: &quot;Category DeleteImage&quot;,
        &quot;displayOrder&quot;: 0,
        &quot;description&quot;: &quot;&quot;,
        &quot;id&quot;: &quot;abfccc7e-7b90-4102-a774-6064c670950a&quot;,
        &quot;isMenu&quot;: false,
        &quot;key&quot;: &quot;Category.DeleteImage&quot;,
        &quot;parentId&quot;: &quot;9bbddb67-d7f2-44d3-8d09-6bd04f8b6f79&quot;,
        &quot;unAuthorizedProps&quot;: {
          &quot;visible&quot;: false,
          &quot;disabled&quot;: false
        },
        &quot;actionName&quot;: &quot;DeleteImage&quot;
      },
      {
        &quot;routePath&quot;: null,
        &quot;iconName&quot;: null,
        &quot;controllerName&quot;: &quot;Role&quot;,
        &quot;name&quot;: &quot;Role Edit&quot;,
        &quot;displayOrder&quot;: 0,
        &quot;description&quot;: null,
        &quot;id&quot;: &quot;e659fa87-caf3-44e3-b5c2-1e0a78323f20&quot;,
        &quot;isMenu&quot;: false,
        &quot;key&quot;: &quot;Role.Edit&quot;,
        &quot;parentId&quot;: &quot;e98d2f21-52f8-41cb-9b3f-fe979b5f0578&quot;,
        &quot;unAuthorizedProps&quot;: {
          &quot;visible&quot;: false,
          &quot;disabled&quot;: false
        },
        &quot;actionName&quot;: &quot;Edit&quot;
      },
      {
        &quot;routePath&quot;: null,
        &quot;iconName&quot;: null,
        &quot;controllerName&quot;: &quot;Banner&quot;,
        &quot;name&quot;: &quot;Banner Delete&quot;,
        &quot;displayOrder&quot;: 0,
        &quot;description&quot;: null,
        &quot;id&quot;: &quot;21357ea8-c21e-4c43-846a-714dc3de69b2&quot;,
        &quot;isMenu&quot;: false,
        &quot;key&quot;: &quot;Banner.Delete&quot;,
        &quot;parentId&quot;: &quot;d01dd410-27ab-4ca2-ad2e-06ed18197543&quot;,
        &quot;unAuthorizedProps&quot;: {
          &quot;visible&quot;: false,
          &quot;disabled&quot;: false
        },
        &quot;actionName&quot;: &quot;Delete&quot;
      },
      {
        &quot;routePath&quot;: &quot;message-templates&quot;,
        &quot;iconName&quot;: &quot;messageSVG&quot;,
        &quot;controllerName&quot;: &quot;MessageTemplate&quot;,
        &quot;name&quot;: &quot;Message Templates&quot;,
        &quot;displayOrder&quot;: 0,
        &quot;description&quot;: null,
        &quot;id&quot;: &quot;570b7634-2234-498f-939b-440805527121&quot;,
        &quot;isMenu&quot;: true,
        &quot;key&quot;: &quot;MessageTemplate.Index&quot;,
        &quot;parentId&quot;: &quot;8f4ea0ae-2382-4769-8584-5f2f2b1520c8&quot;,
        &quot;unAuthorizedProps&quot;: {
          &quot;visible&quot;: false,
          &quot;disabled&quot;: false
        },
        &quot;actionName&quot;: &quot;Index&quot;
      },
      {
        &quot;routePath&quot;: null,
        &quot;iconName&quot;: null,
        &quot;controllerName&quot;: &quot;Banner&quot;,
        &quot;name&quot;: &quot;Banner Find&quot;,
        &quot;displayOrder&quot;: 0,
        &quot;description&quot;: null,
        &quot;id&quot;: &quot;d251bc51-e2ad-4581-a0f3-30fa44141403&quot;,
        &quot;isMenu&quot;: false,
        &quot;key&quot;: &quot;Banner.Find&quot;,
        &quot;parentId&quot;: &quot;d01dd410-27ab-4ca2-ad2e-06ed18197543&quot;,
        &quot;unAuthorizedProps&quot;: {
          &quot;visible&quot;: false,
          &quot;disabled&quot;: false
        },
        &quot;actionName&quot;: &quot;Find&quot;
      },
      {
        &quot;routePath&quot;: null,
        &quot;iconName&quot;: null,
        &quot;controllerName&quot;: &quot;Region&quot;,
        &quot;name&quot;: &quot;Region&quot;,
        &quot;displayOrder&quot;: 0,
        &quot;description&quot;: null,
        &quot;id&quot;: &quot;ea3629e8-4946-4c94-831b-445ff5e05927&quot;,
        &quot;isMenu&quot;: false,
        &quot;key&quot;: &quot;Region.Delete&quot;,
        &quot;parentId&quot;: &quot;636ed702-38d2-4f20-967d-54564a31315f&quot;,
        &quot;unAuthorizedProps&quot;: {
          &quot;visible&quot;: false,
          &quot;disabled&quot;: false
        },
        &quot;actionName&quot;: &quot;Delete&quot;
      },
      {
        &quot;routePath&quot;: &quot;riders&quot;,
        &quot;iconName&quot;: &quot;riderSVG&quot;,
        &quot;controllerName&quot;: &quot;Rider&quot;,
        &quot;name&quot;: &quot;Driver&quot;,
        &quot;displayOrder&quot;: 620,
        &quot;description&quot;: null,
        &quot;id&quot;: &quot;1b716d9c-2bf6-4a16-9bd1-2214d14b6cc7&quot;,
        &quot;isMenu&quot;: true,
        &quot;key&quot;: &quot;Rider.Index&quot;,
        &quot;parentId&quot;: &quot;8b04f24a-f777-5455-9d4b-5d32257d3d62&quot;,
        &quot;unAuthorizedProps&quot;: {
          &quot;visible&quot;: false,
          &quot;disabled&quot;: false
        },
        &quot;actionName&quot;: &quot;Index&quot;
      },
      {
        &quot;routePath&quot;: &quot;permissions&quot;,
        &quot;iconName&quot;: &quot;permissionSVG&quot;,
        &quot;controllerName&quot;: &quot;Permission&quot;,
        &quot;name&quot;: &quot;Permissions&quot;,
        &quot;displayOrder&quot;: 640,
        &quot;description&quot;: null,
        &quot;id&quot;: &quot;213aad81-551b-49f7-9d15-f11f5b9e7e88&quot;,
        &quot;isMenu&quot;: true,
        &quot;key&quot;: &quot;Permission.Index&quot;,
        &quot;parentId&quot;: &quot;8b04f24a-f777-5455-9d4b-5d32257d3d62&quot;,
        &quot;unAuthorizedProps&quot;: {
          &quot;visible&quot;: false,
          &quot;disabled&quot;: false
        },
        &quot;actionName&quot;: &quot;Index&quot;
      },
      {
        &quot;routePath&quot;: null,
        &quot;iconName&quot;: null,
        &quot;controllerName&quot;: &quot;County&quot;,
        &quot;name&quot;: &quot;County Edit&quot;,
        &quot;displayOrder&quot;: 0,
        &quot;description&quot;: null,
        &quot;id&quot;: &quot;ba784849-f3ea-4d98-8dc8-194743397b68&quot;,
        &quot;isMenu&quot;: false,
        &quot;key&quot;: &quot;County.Edit&quot;,
        &quot;parentId&quot;: &quot;28a7ee86-bfd8-408f-97d3-82a96e1cbcc6&quot;,
        &quot;unAuthorizedProps&quot;: {
          &quot;visible&quot;: false,
          &quot;disabled&quot;: false
        },
        &quot;actionName&quot;: &quot;Edit&quot;
      },
      {
        &quot;routePath&quot;: null,
        &quot;iconName&quot;: null,
        &quot;controllerName&quot;: &quot;ZipCode&quot;,
        &quot;name&quot;: &quot;ZipCode List&quot;,
        &quot;displayOrder&quot;: 0,
        &quot;description&quot;: null,
        &quot;id&quot;: &quot;48ed0371-cd67-4620-b3d7-8c71e947c93f&quot;,
        &quot;isMenu&quot;: false,
        &quot;key&quot;: &quot;ZipCode.List&quot;,
        &quot;parentId&quot;: &quot;8aa34e38-533b-4ab7-bad7-0eaa7b5dec9c&quot;,
        &quot;unAuthorizedProps&quot;: {
          &quot;visible&quot;: false,
          &quot;disabled&quot;: false
        },
        &quot;actionName&quot;: &quot;List&quot;
      },
      {
        &quot;routePath&quot;: null,
        &quot;iconName&quot;: null,
        &quot;controllerName&quot;: &quot;Role&quot;,
        &quot;name&quot;: &quot;Role Delete&quot;,
        &quot;displayOrder&quot;: 0,
        &quot;description&quot;: null,
        &quot;id&quot;: &quot;72327532-7e7b-443e-8f6c-1af60992346e&quot;,
        &quot;isMenu&quot;: false,
        &quot;key&quot;: &quot;Role.Delete&quot;,
        &quot;parentId&quot;: &quot;e98d2f21-52f8-41cb-9b3f-fe979b5f0578&quot;,
        &quot;unAuthorizedProps&quot;: {
          &quot;visible&quot;: false,
          &quot;disabled&quot;: false
        },
        &quot;actionName&quot;: &quot;Delete&quot;
      },
      {
        &quot;routePath&quot;: null,
        &quot;iconName&quot;: null,
        &quot;controllerName&quot;: &quot;County&quot;,
        &quot;name&quot;: &quot;County List&quot;,
        &quot;displayOrder&quot;: 0,
        &quot;description&quot;: null,
        &quot;id&quot;: &quot;b585755d-7f4f-43b0-8d1e-f2d807abcec4&quot;,
        &quot;isMenu&quot;: false,
        &quot;key&quot;: &quot;County.List&quot;,
        &quot;parentId&quot;: &quot;28a7ee86-bfd8-408f-97d3-82a96e1cbcc6&quot;,
        &quot;unAuthorizedProps&quot;: {
          &quot;visible&quot;: false,
          &quot;disabled&quot;: false
        },
        &quot;actionName&quot;: &quot;List&quot;
      },
      {
        &quot;routePath&quot;: null,
        &quot;iconName&quot;: null,
        &quot;controllerName&quot;: &quot;State&quot;,
        &quot;name&quot;: &quot;State List&quot;,
        &quot;displayOrder&quot;: 0,
        &quot;description&quot;: null,
        &quot;id&quot;: &quot;b3223f02-9caa-4de6-9340-052b6c64b670&quot;,
        &quot;isMenu&quot;: false,
        &quot;key&quot;: &quot;State.List&quot;,
        &quot;parentId&quot;: &quot;4842baa6-3b5e-40d1-ba2c-aa896962f8a7&quot;,
        &quot;unAuthorizedProps&quot;: {
          &quot;visible&quot;: false,
          &quot;disabled&quot;: false
        },
        &quot;actionName&quot;: &quot;List&quot;
      },
      {
        &quot;routePath&quot;: &quot;orders&quot;,
        &quot;iconName&quot;: &quot;ordersSVG&quot;,
        &quot;controllerName&quot;: &quot;Order&quot;,
        &quot;name&quot;: &quot;Status Count&quot;,
        &quot;displayOrder&quot;: 0,
        &quot;description&quot;: null,
        &quot;id&quot;: &quot;cebe4f6e-97cb-4744-be13-802d6ec99207&quot;,
        &quot;isMenu&quot;: false,
        &quot;key&quot;: &quot;Order.OrderStatusCount&quot;,
        &quot;parentId&quot;: &quot;872b9f8c-c48d-dfeb-de32-1be0c3c38dbb&quot;,
        &quot;unAuthorizedProps&quot;: {
          &quot;visible&quot;: false,
          &quot;disabled&quot;: false
        },
        &quot;actionName&quot;: &quot;OrderStatusCount&quot;
      },
      {
        &quot;routePath&quot;: null,
        &quot;iconName&quot;: null,
        &quot;controllerName&quot;: &quot;Region&quot;,
        &quot;name&quot;: &quot;Region Index&quot;,
        &quot;displayOrder&quot;: 0,
        &quot;description&quot;: null,
        &quot;id&quot;: &quot;636ed702-38d2-4f20-967d-54564a31315f&quot;,
        &quot;isMenu&quot;: false,
        &quot;key&quot;: &quot;Region.Index&quot;,
        &quot;parentId&quot;: null,
        &quot;unAuthorizedProps&quot;: {
          &quot;visible&quot;: false,
          &quot;disabled&quot;: false
        },
        &quot;actionName&quot;: &quot;Index&quot;
      },
      {
        &quot;routePath&quot;: null,
        &quot;iconName&quot;: null,
        &quot;controllerName&quot;: &quot;Region&quot;,
        &quot;name&quot;: &quot;Region List&quot;,
        &quot;displayOrder&quot;: 0,
        &quot;description&quot;: null,
        &quot;id&quot;: &quot;9c05f19c-13b9-498e-aacb-e3c0f3e1d478&quot;,
        &quot;isMenu&quot;: false,
        &quot;key&quot;: &quot;Region.List&quot;,
        &quot;parentId&quot;: &quot;636ed702-38d2-4f20-967d-54564a31315f&quot;,
        &quot;unAuthorizedProps&quot;: {
          &quot;visible&quot;: false,
          &quot;disabled&quot;: false
        },
        &quot;actionName&quot;: &quot;List&quot;
      },
      {
        &quot;routePath&quot;: &quot;banners&quot;,
        &quot;iconName&quot;: &quot;bannerSVG&quot;,
        &quot;controllerName&quot;: &quot;Banner&quot;,
        &quot;name&quot;: &quot;Banner&quot;,
        &quot;displayOrder&quot;: 920,
        &quot;description&quot;: null,
        &quot;id&quot;: &quot;d01dd410-27ab-4ca2-ad2e-06ed18197543&quot;,
        &quot;isMenu&quot;: true,
        &quot;key&quot;: &quot;Banner.Index&quot;,
        &quot;parentId&quot;: &quot;8f4ea0ae-2382-4769-8584-5f2f2b1520c8&quot;,
        &quot;unAuthorizedProps&quot;: {
          &quot;visible&quot;: false,
          &quot;disabled&quot;: false
        },
        &quot;actionName&quot;: &quot;Index&quot;
      },
      {
        &quot;routePath&quot;: null,
        &quot;iconName&quot;: null,
        &quot;controllerName&quot;: &quot;MessageTemplate&quot;,
        &quot;name&quot;: &quot;Message Template Find&quot;,
        &quot;displayOrder&quot;: 0,
        &quot;description&quot;: null,
        &quot;id&quot;: &quot;c4cda510-6ac9-41c7-ae6e-74e42b8672b2&quot;,
        &quot;isMenu&quot;: false,
        &quot;key&quot;: &quot;MessageTemplate.Find&quot;,
        &quot;parentId&quot;: &quot;570b7634-2234-498f-939b-440805527121&quot;,
        &quot;unAuthorizedProps&quot;: {
          &quot;visible&quot;: false,
          &quot;disabled&quot;: false
        },
        &quot;actionName&quot;: &quot;Find&quot;
      },
      {
        &quot;routePath&quot;: null,
        &quot;iconName&quot;: null,
        &quot;controllerName&quot;: &quot;Address&quot;,
        &quot;name&quot;: &quot;Address Delete&quot;,
        &quot;displayOrder&quot;: 0,
        &quot;description&quot;: null,
        &quot;id&quot;: &quot;fbfbd05c-64df-4fd5-b4b1-8ae1d6d0ab09&quot;,
        &quot;isMenu&quot;: false,
        &quot;key&quot;: &quot;Address.Delete&quot;,
        &quot;parentId&quot;: &quot;c3c514ef-1964-4c94-b13a-8bdd83a5b1cb&quot;,
        &quot;unAuthorizedProps&quot;: {
          &quot;visible&quot;: false,
          &quot;disabled&quot;: false
        },
        &quot;actionName&quot;: &quot;Delete&quot;
      },
      {
        &quot;routePath&quot;: null,
        &quot;iconName&quot;: null,
        &quot;controllerName&quot;: &quot;CouponCode&quot;,
        &quot;name&quot;: &quot;CouponCode&quot;,
        &quot;displayOrder&quot;: 0,
        &quot;description&quot;: null,
        &quot;id&quot;: &quot;b9a73bf9-fbb5-4c88-92c2-f307b6441d6a&quot;,
        &quot;isMenu&quot;: false,
        &quot;key&quot;: &quot;CouponCode.Find&quot;,
        &quot;parentId&quot;: &quot;5aaef586-e311-4265-a241-6eb9758d6541&quot;,
        &quot;unAuthorizedProps&quot;: {
          &quot;visible&quot;: false,
          &quot;disabled&quot;: false
        },
        &quot;actionName&quot;: &quot;Find&quot;
      },
      {
        &quot;routePath&quot;: null,
        &quot;iconName&quot;: null,
        &quot;controllerName&quot;: &quot;Admin&quot;,
        &quot;name&quot;: &quot;Admin Access&quot;,
        &quot;displayOrder&quot;: 0,
        &quot;description&quot;: null,
        &quot;id&quot;: &quot;3e00e509-1d51-489b-b91a-55fe8f3c6edb&quot;,
        &quot;isMenu&quot;: false,
        &quot;key&quot;: &quot;Admin.Access&quot;,
        &quot;parentId&quot;: null,
        &quot;unAuthorizedProps&quot;: {
          &quot;visible&quot;: false,
          &quot;disabled&quot;: false
        },
        &quot;actionName&quot;: &quot;Access&quot;
      },
      {
        &quot;routePath&quot;: null,
        &quot;iconName&quot;: null,
        &quot;controllerName&quot;: &quot;Campaign&quot;,
        &quot;name&quot;: &quot;Campaign Edit&quot;,
        &quot;displayOrder&quot;: 0,
        &quot;description&quot;: null,
        &quot;id&quot;: &quot;dc1d5cc3-524b-4eaa-9a9f-ee84215e1861&quot;,
        &quot;isMenu&quot;: false,
        &quot;key&quot;: &quot;Campaign.Edit&quot;,
        &quot;parentId&quot;: &quot;fd2f794b-65fb-4da6-9bdb-835c466e4321&quot;,
        &quot;unAuthorizedProps&quot;: {
          &quot;visible&quot;: false,
          &quot;disabled&quot;: false
        },
        &quot;actionName&quot;: &quot;Edit&quot;
      },
      {
        &quot;routePath&quot;: null,
        &quot;iconName&quot;: null,
        &quot;controllerName&quot;: &quot;Category&quot;,
        &quot;name&quot;: &quot;Category Delete&quot;,
        &quot;displayOrder&quot;: 0,
        &quot;description&quot;: null,
        &quot;id&quot;: &quot;b83891f7-ad63-4ffc-8ce2-54f1fe6c2655&quot;,
        &quot;isMenu&quot;: false,
        &quot;key&quot;: &quot;Category.Delete&quot;,
        &quot;parentId&quot;: &quot;9bbddb67-d7f2-44d3-8d09-6bd04f8b6f79&quot;,
        &quot;unAuthorizedProps&quot;: {
          &quot;visible&quot;: false,
          &quot;disabled&quot;: false
        },
        &quot;actionName&quot;: &quot;Delete&quot;
      },
      {
        &quot;routePath&quot;: &quot;order-history&quot;,
        &quot;iconName&quot;: &quot;orderHistorySVG&quot;,
        &quot;controllerName&quot;: &quot;Order&quot;,
        &quot;name&quot;: &quot;Order History&quot;,
        &quot;displayOrder&quot;: 110,
        &quot;description&quot;: null,
        &quot;id&quot;: &quot;14cbd334-6cd3-42b3-9b65-6bbeff98691f&quot;,
        &quot;isMenu&quot;: true,
        &quot;key&quot;: &quot;Order.History&quot;,
        &quot;parentId&quot;: &quot;872b9f8c-c48d-dfeb-de32-1be0c3c38dbb&quot;,
        &quot;unAuthorizedProps&quot;: {
          &quot;visible&quot;: false,
          &quot;disabled&quot;: false
        },
        &quot;actionName&quot;: &quot;History&quot;
      },
      {
        &quot;routePath&quot;: null,
        &quot;iconName&quot;: &quot;GetWarehousesByProductQuantities&quot;,
        &quot;controllerName&quot;: &quot;Warehouse&quot;,
        &quot;name&quot;: &quot;Warehouse GetWarehousesByProductQuantities&quot;,
        &quot;displayOrder&quot;: 0,
        &quot;description&quot;: null,
        &quot;id&quot;: &quot;03c0e9ba-00e5-4526-bed3-8b92b5ed5b00&quot;,
        &quot;isMenu&quot;: false,
        &quot;key&quot;: &quot;Warehouse.GetWarehousesByProductQuantities&quot;,
        &quot;parentId&quot;: &quot;7a99d565-0e98-95af-19bd-814011ea2417&quot;,
        &quot;unAuthorizedProps&quot;: {
          &quot;visible&quot;: false,
          &quot;disabled&quot;: false
        },
        &quot;actionName&quot;: &quot;GetWarehousesByProductQuantities&quot;
      },
      {
        &quot;routePath&quot;: null,
        &quot;iconName&quot;: null,
        &quot;controllerName&quot;: &quot;Customer&quot;,
        &quot;name&quot;: &quot;Customer Edit&quot;,
        &quot;displayOrder&quot;: 0,
        &quot;description&quot;: null,
        &quot;id&quot;: &quot;16ec7648-8864-46c1-81f8-45ca74b6d400&quot;,
        &quot;isMenu&quot;: false,
        &quot;key&quot;: &quot;Customer.Edit&quot;,
        &quot;parentId&quot;: &quot;07b60a01-5846-422c-b1c6-1c7a382dbd0e&quot;,
        &quot;unAuthorizedProps&quot;: {
          &quot;visible&quot;: false,
          &quot;disabled&quot;: false
        },
        &quot;actionName&quot;: &quot;Edit&quot;
      },
      {
        &quot;routePath&quot;: null,
        &quot;iconName&quot;: null,
        &quot;controllerName&quot;: &quot;Customer&quot;,
        &quot;name&quot;: &quot;Customer ExportForFilter&quot;,
        &quot;displayOrder&quot;: 0,
        &quot;description&quot;: null,
        &quot;id&quot;: &quot;d035c702-e74b-4f21-a90f-0e5eab19b6ed&quot;,
        &quot;isMenu&quot;: false,
        &quot;key&quot;: &quot;Customer.ExportForFilter&quot;,
        &quot;parentId&quot;: &quot;07b60a01-5846-422c-b1c6-1c7a382dbd0e&quot;,
        &quot;unAuthorizedProps&quot;: {
          &quot;visible&quot;: false,
          &quot;disabled&quot;: false
        },
        &quot;actionName&quot;: &quot;ExportForFilter&quot;
      },
      {
        &quot;routePath&quot;: null,
        &quot;iconName&quot;: &quot;UpdateIsShowOutOfStock&quot;,
        &quot;controllerName&quot;: &quot;Product&quot;,
        &quot;name&quot;: &quot;Product UpdateIsShowOutOfStock&quot;,
        &quot;displayOrder&quot;: 0,
        &quot;description&quot;: null,
        &quot;id&quot;: &quot;3b089d65-e726-4606-9e48-0fade407b41a&quot;,
        &quot;isMenu&quot;: false,
        &quot;key&quot;: &quot;Product.UpdateIsShowOutOfStock&quot;,
        &quot;parentId&quot;: &quot;1858607f-58c2-4c69-8078-f2756c5ca81e&quot;,
        &quot;unAuthorizedProps&quot;: {
          &quot;visible&quot;: false,
          &quot;disabled&quot;: false
        },
        &quot;actionName&quot;: &quot;UpdateIsShowOutOfStock&quot;
      },
      {
        &quot;routePath&quot;: null,
        &quot;iconName&quot;: null,
        &quot;controllerName&quot;: &quot;Category&quot;,
        &quot;name&quot;: &quot;Category List&quot;,
        &quot;displayOrder&quot;: 0,
        &quot;description&quot;: null,
        &quot;id&quot;: &quot;60efba66-4656-4db1-bbc9-9192afaadc42&quot;,
        &quot;isMenu&quot;: false,
        &quot;key&quot;: &quot;Category.List&quot;,
        &quot;parentId&quot;: &quot;9bbddb67-d7f2-44d3-8d09-6bd04f8b6f79&quot;,
        &quot;unAuthorizedProps&quot;: {
          &quot;visible&quot;: false,
          &quot;disabled&quot;: false
        },
        &quot;actionName&quot;: &quot;List&quot;
      },
      {
        &quot;routePath&quot;: null,
        &quot;iconName&quot;: &quot;SendOrderReceipt&quot;,
        &quot;controllerName&quot;: &quot;Order&quot;,
        &quot;name&quot;: &quot;Order SendOrderReceipt&quot;,
        &quot;displayOrder&quot;: 0,
        &quot;description&quot;: null,
        &quot;id&quot;: &quot;61f6a2b2-3170-45fd-b952-763ab434e8cb&quot;,
        &quot;isMenu&quot;: false,
        &quot;key&quot;: &quot;Order.SendOrderReceipt&quot;,
        &quot;parentId&quot;: &quot;6fa1df30-c04b-4bef-a1d1-a67c2748e0b4&quot;,
        &quot;unAuthorizedProps&quot;: {
          &quot;visible&quot;: false,
          &quot;disabled&quot;: false
        },
        &quot;actionName&quot;: &quot;SendOrderReceipt&quot;
      },
      {
        &quot;routePath&quot;: null,
        &quot;iconName&quot;: null,
        &quot;controllerName&quot;: &quot;ServiceArea&quot;,
        &quot;name&quot;: &quot;ServiceArea Index&quot;,
        &quot;displayOrder&quot;: 0,
        &quot;description&quot;: null,
        &quot;id&quot;: &quot;6510260c-2670-4f71-96ed-8f12986fb9cf&quot;,
        &quot;isMenu&quot;: false,
        &quot;key&quot;: &quot;ServiceArea.Index&quot;,
        &quot;parentId&quot;: null,
        &quot;unAuthorizedProps&quot;: {
          &quot;visible&quot;: false,
          &quot;disabled&quot;: false
        },
        &quot;actionName&quot;: &quot;Index&quot;
      },
      {
        &quot;routePath&quot;: null,
        &quot;iconName&quot;: null,
        &quot;controllerName&quot;: &quot;Order&quot;,
        &quot;name&quot;: &quot;Order ExportForFilter&quot;,
        &quot;displayOrder&quot;: 0,
        &quot;description&quot;: null,
        &quot;id&quot;: &quot;1f7586e6-8ed7-4d27-bbab-05b597a942f3&quot;,
        &quot;isMenu&quot;: false,
        &quot;key&quot;: &quot;Order.ExportForFilter&quot;,
        &quot;parentId&quot;: &quot;872b9f8c-c48d-dfeb-de32-1be0c3c38dbb&quot;,
        &quot;unAuthorizedProps&quot;: {
          &quot;visible&quot;: false,
          &quot;disabled&quot;: false
        },
        &quot;actionName&quot;: &quot;ExportForFilter&quot;
      },
      {
        &quot;routePath&quot;: null,
        &quot;iconName&quot;: &quot;delete&quot;,
        &quot;controllerName&quot;: &quot;ProductMedia&quot;,
        &quot;name&quot;: &quot;ProductMedia Delete&quot;,
        &quot;displayOrder&quot;: 0,
        &quot;description&quot;: null,
        &quot;id&quot;: &quot;f95ffe40-8464-4dd7-997a-1e5f0e4ccc4a&quot;,
        &quot;isMenu&quot;: false,
        &quot;key&quot;: &quot;ProductMedia.Delete&quot;,
        &quot;parentId&quot;: &quot;1858607f-58c2-4c69-8078-f2756c5ca81e&quot;,
        &quot;unAuthorizedProps&quot;: {
          &quot;visible&quot;: false,
          &quot;disabled&quot;: false
        },
        &quot;actionName&quot;: &quot;Delete&quot;
      },
      {
        &quot;routePath&quot;: null,
        &quot;iconName&quot;: &quot;auditSVG&quot;,
        &quot;controllerName&quot;: &quot;Audit&quot;,
        &quot;name&quot;: &quot;Audit Find&quot;,
        &quot;displayOrder&quot;: 100000,
        &quot;description&quot;: null,
        &quot;id&quot;: &quot;0817b3ef-fe5a-4be2-b10b-cd008314489e&quot;,
        &quot;isMenu&quot;: false,
        &quot;key&quot;: &quot;Audit.Find&quot;,
        &quot;parentId&quot;: &quot;76070de9-f4f5-4096-aa99-2d2bac586b44&quot;,
        &quot;unAuthorizedProps&quot;: {
          &quot;visible&quot;: false,
          &quot;disabled&quot;: false
        },
        &quot;actionName&quot;: &quot;Find&quot;
      },
      {
        &quot;routePath&quot;: null,
        &quot;iconName&quot;: null,
        &quot;controllerName&quot;: &quot;Region&quot;,
        &quot;name&quot;: &quot;Region Edit&quot;,
        &quot;displayOrder&quot;: 0,
        &quot;description&quot;: null,
        &quot;id&quot;: &quot;dab192e4-1dbc-4537-964c-b9bcf9c0e94c&quot;,
        &quot;isMenu&quot;: false,
        &quot;key&quot;: &quot;Region.Edit&quot;,
        &quot;parentId&quot;: &quot;636ed702-38d2-4f20-967d-54564a31315f&quot;,
        &quot;unAuthorizedProps&quot;: {
          &quot;visible&quot;: false,
          &quot;disabled&quot;: false
        },
        &quot;actionName&quot;: &quot;Edit&quot;
      },
      {
        &quot;routePath&quot;: null,
        &quot;iconName&quot;: null,
        &quot;controllerName&quot;: &quot;ZipCode&quot;,
        &quot;name&quot;: &quot;ZipCode Create&quot;,
        &quot;displayOrder&quot;: 0,
        &quot;description&quot;: null,
        &quot;id&quot;: &quot;a402206e-61d3-4fca-9008-34013f50378e&quot;,
        &quot;isMenu&quot;: false,
        &quot;key&quot;: &quot;ZipCode.Create&quot;,
        &quot;parentId&quot;: &quot;8aa34e38-533b-4ab7-bad7-0eaa7b5dec9c&quot;,
        &quot;unAuthorizedProps&quot;: {
          &quot;visible&quot;: false,
          &quot;disabled&quot;: false
        },
        &quot;actionName&quot;: &quot;Create&quot;
      },
      {
        &quot;routePath&quot;: null,
        &quot;iconName&quot;: null,
        &quot;controllerName&quot;: &quot;Role&quot;,
        &quot;name&quot;: &quot;Role AssignPermission&quot;,
        &quot;displayOrder&quot;: 0,
        &quot;description&quot;: null,
        &quot;id&quot;: &quot;059c1d80-0fbe-4e73-abc8-3e20a3ee2901&quot;,
        &quot;isMenu&quot;: false,
        &quot;key&quot;: &quot;Role.AssignPermission&quot;,
        &quot;parentId&quot;: &quot;e98d2f21-52f8-41cb-9b3f-fe979b5f0578&quot;,
        &quot;unAuthorizedProps&quot;: {
          &quot;visible&quot;: false,
          &quot;disabled&quot;: false
        },
        &quot;actionName&quot;: &quot;AssignPermission&quot;
      },
      {
        &quot;routePath&quot;: null,
        &quot;iconName&quot;: null,
        &quot;controllerName&quot;: &quot;Category&quot;,
        &quot;name&quot;: &quot;Category Find&quot;,
        &quot;displayOrder&quot;: 0,
        &quot;description&quot;: null,
        &quot;id&quot;: &quot;9d76a667-e500-4b4e-861b-25b97c953dd9&quot;,
        &quot;isMenu&quot;: false,
        &quot;key&quot;: &quot;Category.Find&quot;,
        &quot;parentId&quot;: &quot;9bbddb67-d7f2-44d3-8d09-6bd04f8b6f79&quot;,
        &quot;unAuthorizedProps&quot;: {
          &quot;visible&quot;: false,
          &quot;disabled&quot;: false
        },
        &quot;actionName&quot;: &quot;Find&quot;
      },
      {
        &quot;routePath&quot;: null,
        &quot;iconName&quot;: null,
        &quot;controllerName&quot;: &quot;Employee&quot;,
        &quot;name&quot;: &quot;Employee Find&quot;,
        &quot;displayOrder&quot;: 0,
        &quot;description&quot;: null,
        &quot;id&quot;: &quot;329395f5-2a4f-412c-bfa4-ba7e3d40d4b3&quot;,
        &quot;isMenu&quot;: false,
        &quot;key&quot;: &quot;Employee.Find&quot;,
        &quot;parentId&quot;: &quot;e4a8e904-698e-4596-92c3-b40206b19179&quot;,
        &quot;unAuthorizedProps&quot;: {
          &quot;visible&quot;: false,
          &quot;disabled&quot;: false
        },
        &quot;actionName&quot;: &quot;Find&quot;
      },
      {
        &quot;routePath&quot;: null,
        &quot;iconName&quot;: &quot;find&quot;,
        &quot;controllerName&quot;: &quot;Product&quot;,
        &quot;name&quot;: &quot;Product Find&quot;,
        &quot;displayOrder&quot;: 0,
        &quot;description&quot;: null,
        &quot;id&quot;: &quot;bd420774-1ffd-4fa0-b172-3f04acbb6dfa&quot;,
        &quot;isMenu&quot;: false,
        &quot;key&quot;: &quot;Product.Find&quot;,
        &quot;parentId&quot;: &quot;1858607f-58c2-4c69-8078-f2756c5ca81e&quot;,
        &quot;unAuthorizedProps&quot;: {
          &quot;visible&quot;: false,
          &quot;disabled&quot;: false
        },
        &quot;actionName&quot;: &quot;Find&quot;
      },
      {
        &quot;routePath&quot;: null,
        &quot;iconName&quot;: null,
        &quot;controllerName&quot;: &quot;Employee&quot;,
        &quot;name&quot;: &quot;Employee Edit&quot;,
        &quot;displayOrder&quot;: 0,
        &quot;description&quot;: null,
        &quot;id&quot;: &quot;d9cfda39-3a58-4e03-955d-d7f7fc173dd5&quot;,
        &quot;isMenu&quot;: false,
        &quot;key&quot;: &quot;Employee.Edit&quot;,
        &quot;parentId&quot;: &quot;e4a8e904-698e-4596-92c3-b40206b19179&quot;,
        &quot;unAuthorizedProps&quot;: {
          &quot;visible&quot;: false,
          &quot;disabled&quot;: false
        },
        &quot;actionName&quot;: &quot;Edit&quot;
      },
      {
        &quot;routePath&quot;: null,
        &quot;iconName&quot;: null,
        &quot;controllerName&quot;: &quot;Language&quot;,
        &quot;name&quot;: &quot;Language List&quot;,
        &quot;displayOrder&quot;: 0,
        &quot;description&quot;: null,
        &quot;id&quot;: &quot;2f273f27-d9dd-406e-a4d4-2faac07a3d2d&quot;,
        &quot;isMenu&quot;: false,
        &quot;key&quot;: &quot;Language.List&quot;,
        &quot;parentId&quot;: &quot;7d117917-ff5a-448f-ae1c-71b123ffabc0&quot;,
        &quot;unAuthorizedProps&quot;: {
          &quot;visible&quot;: false,
          &quot;disabled&quot;: false
        },
        &quot;actionName&quot;: &quot;List&quot;
      },
      {
        &quot;routePath&quot;: null,
        &quot;iconName&quot;: null,
        &quot;controllerName&quot;: &quot;ZipCode&quot;,
        &quot;name&quot;: &quot;ZipCode Index&quot;,
        &quot;displayOrder&quot;: 0,
        &quot;description&quot;: null,
        &quot;id&quot;: &quot;8aa34e38-533b-4ab7-bad7-0eaa7b5dec9c&quot;,
        &quot;isMenu&quot;: false,
        &quot;key&quot;: &quot;ZipCode.Index&quot;,
        &quot;parentId&quot;: null,
        &quot;unAuthorizedProps&quot;: {
          &quot;visible&quot;: false,
          &quot;disabled&quot;: false
        },
        &quot;actionName&quot;: &quot;Index&quot;
      },
      {
        &quot;routePath&quot;: null,
        &quot;iconName&quot;: null,
        &quot;controllerName&quot;: &quot;State&quot;,
        &quot;name&quot;: &quot;State Delete&quot;,
        &quot;displayOrder&quot;: 0,
        &quot;description&quot;: null,
        &quot;id&quot;: &quot;701496e5-1817-49e7-9c31-4270a4174942&quot;,
        &quot;isMenu&quot;: false,
        &quot;key&quot;: &quot;State.Delete&quot;,
        &quot;parentId&quot;: &quot;4842baa6-3b5e-40d1-ba2c-aa896962f8a7&quot;,
        &quot;unAuthorizedProps&quot;: {
          &quot;visible&quot;: false,
          &quot;disabled&quot;: false
        },
        &quot;actionName&quot;: &quot;Delete&quot;
      },
      {
        &quot;routePath&quot;: null,
        &quot;iconName&quot;: null,
        &quot;controllerName&quot;: &quot;County&quot;,
        &quot;name&quot;: &quot;County Index&quot;,
        &quot;displayOrder&quot;: 0,
        &quot;description&quot;: null,
        &quot;id&quot;: &quot;28a7ee86-bfd8-408f-97d3-82a96e1cbcc6&quot;,
        &quot;isMenu&quot;: false,
        &quot;key&quot;: &quot;County.Index&quot;,
        &quot;parentId&quot;: null,
        &quot;unAuthorizedProps&quot;: {
          &quot;visible&quot;: false,
          &quot;disabled&quot;: false
        },
        &quot;actionName&quot;: &quot;Index&quot;
      },
      {
        &quot;routePath&quot;: null,
        &quot;iconName&quot;: null,
        &quot;controllerName&quot;: &quot;Rider&quot;,
        &quot;name&quot;: &quot;Rider Delete&quot;,
        &quot;displayOrder&quot;: 0,
        &quot;description&quot;: null,
        &quot;id&quot;: &quot;b6c199d0-e33a-484b-b8c7-8c6a204541da&quot;,
        &quot;isMenu&quot;: false,
        &quot;key&quot;: &quot;Rider.Delete&quot;,
        &quot;parentId&quot;: &quot;1b716d9c-2bf6-4a16-9bd1-2214d14b6cc7&quot;,
        &quot;unAuthorizedProps&quot;: {
          &quot;visible&quot;: false,
          &quot;disabled&quot;: false
        },
        &quot;actionName&quot;: &quot;Delete&quot;
      },
      {
        &quot;routePath&quot;: null,
        &quot;iconName&quot;: null,
        &quot;controllerName&quot;: &quot;SubRegion&quot;,
        &quot;name&quot;: &quot;SubRegion Index&quot;,
        &quot;displayOrder&quot;: 0,
        &quot;description&quot;: null,
        &quot;id&quot;: &quot;5016a026-6957-41ab-8cda-9bd37afe0841&quot;,
        &quot;isMenu&quot;: false,
        &quot;key&quot;: &quot;SubRegion.Index&quot;,
        &quot;parentId&quot;: null,
        &quot;unAuthorizedProps&quot;: {
          &quot;visible&quot;: false,
          &quot;disabled&quot;: false
        },
        &quot;actionName&quot;: &quot;Index&quot;
      },
      {
        &quot;routePath&quot;: null,
        &quot;iconName&quot;: null,
        &quot;controllerName&quot;: &quot;Campaign&quot;,
        &quot;name&quot;: &quot;Campaign Create&quot;,
        &quot;displayOrder&quot;: 0,
        &quot;description&quot;: null,
        &quot;id&quot;: &quot;d165df32-e036-4e90-9f58-fa07296951f4&quot;,
        &quot;isMenu&quot;: false,
        &quot;key&quot;: &quot;Campaign.Create&quot;,
        &quot;parentId&quot;: &quot;fd2f794b-65fb-4da6-9bdb-835c466e4321&quot;,
        &quot;unAuthorizedProps&quot;: {
          &quot;visible&quot;: false,
          &quot;disabled&quot;: false
        },
        &quot;actionName&quot;: &quot;Create&quot;
      },
      {
        &quot;routePath&quot;: null,
        &quot;iconName&quot;: null,
        &quot;controllerName&quot;: &quot;Region&quot;,
        &quot;name&quot;: &quot;Region Create&quot;,
        &quot;displayOrder&quot;: 0,
        &quot;description&quot;: null,
        &quot;id&quot;: &quot;73aaaf9f-f0ae-4082-8b27-087cd854a8ae&quot;,
        &quot;isMenu&quot;: false,
        &quot;key&quot;: &quot;Region.Create&quot;,
        &quot;parentId&quot;: &quot;636ed702-38d2-4f20-967d-54564a31315f&quot;,
        &quot;unAuthorizedProps&quot;: {
          &quot;visible&quot;: false,
          &quot;disabled&quot;: false
        },
        &quot;actionName&quot;: &quot;Create&quot;
      },
      {
        &quot;routePath&quot;: &quot;audit-logs&quot;,
        &quot;iconName&quot;: &quot;auditSVG&quot;,
        &quot;controllerName&quot;: &quot;Audit&quot;,
        &quot;name&quot;: &quot;Audits&quot;,
        &quot;displayOrder&quot;: 999,
        &quot;description&quot;: null,
        &quot;id&quot;: &quot;76070de9-f4f5-4096-aa99-2d2bac586b44&quot;,
        &quot;isMenu&quot;: true,
        &quot;key&quot;: &quot;Audit.Index&quot;,
        &quot;parentId&quot;: null,
        &quot;unAuthorizedProps&quot;: {
          &quot;visible&quot;: false,
          &quot;disabled&quot;: false
        },
        &quot;actionName&quot;: &quot;Index&quot;
      },
      {
        &quot;routePath&quot;: null,
        &quot;iconName&quot;: null,
        &quot;controllerName&quot;: &quot;Order&quot;,
        &quot;name&quot;: &quot;Order PartialRefund&quot;,
        &quot;displayOrder&quot;: 0,
        &quot;description&quot;: null,
        &quot;id&quot;: &quot;5a118c25-8cae-40b6-9728-4542683e02e7&quot;,
        &quot;isMenu&quot;: false,
        &quot;key&quot;: &quot;Order.PartialRefund&quot;,
        &quot;parentId&quot;: &quot;872b9f8c-c48d-dfeb-de32-1be0c3c38dbb&quot;,
        &quot;unAuthorizedProps&quot;: {
          &quot;visible&quot;: false,
          &quot;disabled&quot;: false
        },
        &quot;actionName&quot;: &quot;PartialRefund&quot;
      },
      {
        &quot;routePath&quot;: null,
        &quot;iconName&quot;: null,
        &quot;controllerName&quot;: &quot;Permission&quot;,
        &quot;name&quot;: &quot;Permission List&quot;,
        &quot;displayOrder&quot;: 0,
        &quot;description&quot;: null,
        &quot;id&quot;: &quot;efde75e6-f926-47b4-8fc7-a190415c9625&quot;,
        &quot;isMenu&quot;: false,
        &quot;key&quot;: &quot;Permission.List&quot;,
        &quot;parentId&quot;: &quot;213aad81-551b-49f7-9d15-f11f5b9e7e88&quot;,
        &quot;unAuthorizedProps&quot;: {
          &quot;visible&quot;: false,
          &quot;disabled&quot;: false
        },
        &quot;actionName&quot;: &quot;List&quot;
      },
      {
        &quot;routePath&quot;: null,
        &quot;iconName&quot;: null,
        &quot;controllerName&quot;: &quot;Order&quot;,
        &quot;name&quot;: &quot;Order ListForFilterByActiveOrders&quot;,
        &quot;displayOrder&quot;: 0,
        &quot;description&quot;: null,
        &quot;id&quot;: &quot;5b6e6765-324b-4573-9918-6495fb653c36&quot;,
        &quot;isMenu&quot;: false,
        &quot;key&quot;: &quot;Order.ListForFilterByActiveOrders&quot;,
        &quot;parentId&quot;: &quot;872b9f8c-c48d-dfeb-de32-1be0c3c38dbb&quot;,
        &quot;unAuthorizedProps&quot;: {
          &quot;visible&quot;: false,
          &quot;disabled&quot;: false
        },
        &quot;actionName&quot;: &quot;ListForFilterByActiveOrders&quot;
      },
      {
        &quot;routePath&quot;: null,
        &quot;iconName&quot;: &quot;ChangeStatusToCompleted&quot;,
        &quot;controllerName&quot;: &quot;Order&quot;,
        &quot;name&quot;: &quot;Order ChangeStatusToCompleted&quot;,
        &quot;displayOrder&quot;: 0,
        &quot;description&quot;: null,
        &quot;id&quot;: &quot;c0d476ba-4306-46e1-b6b4-4c9e459a7724&quot;,
        &quot;isMenu&quot;: false,
        &quot;key&quot;: &quot;Order.ChangeStatusToCompleted&quot;,
        &quot;parentId&quot;: &quot;872b9f8c-c48d-dfeb-de32-1be0c3c38dbb&quot;,
        &quot;unAuthorizedProps&quot;: {
          &quot;visible&quot;: false,
          &quot;disabled&quot;: false
        },
        &quot;actionName&quot;: &quot;ChangeStatusToCompleted&quot;
      },
      {
        &quot;routePath&quot;: &quot;dashboards&quot;,
        &quot;iconName&quot;: &quot;dashboardSVG&quot;,
        &quot;controllerName&quot;: &quot;Dashboard&quot;,
        &quot;name&quot;: &quot;Analytics&quot;,
        &quot;displayOrder&quot;: 400,
        &quot;description&quot;: &quot;Analytics&quot;,
        &quot;id&quot;: &quot;05f03ef2-ee9e-466b-b024-cfa79802f9ae&quot;,
        &quot;isMenu&quot;: false,
        &quot;key&quot;: &quot;Dashboard.List&quot;,
        &quot;parentId&quot;: null,
        &quot;unAuthorizedProps&quot;: {
          &quot;visible&quot;: false,
          &quot;disabled&quot;: false
        },
        &quot;actionName&quot;: &quot;List&quot;
      },
      {
        &quot;routePath&quot;: null,
        &quot;iconName&quot;: null,
        &quot;controllerName&quot;: &quot;Warehouse&quot;,
        &quot;name&quot;: &quot;Warehouse EditWarehouseStatus&quot;,
        &quot;displayOrder&quot;: 0,
        &quot;description&quot;: null,
        &quot;id&quot;: &quot;ceb79cf6-b1a8-468b-8b15-e73bb6c3ffe9&quot;,
        &quot;isMenu&quot;: false,
        &quot;key&quot;: &quot;Warehouse.EditWarehouseStatus&quot;,
        &quot;parentId&quot;: &quot;7a99d565-0e98-95af-19bd-814011ea2417&quot;,
        &quot;unAuthorizedProps&quot;: {
          &quot;visible&quot;: false,
          &quot;disabled&quot;: false
        },
        &quot;actionName&quot;: &quot;EditWarehouseStatus&quot;
      },
      {
        &quot;routePath&quot;: null,
        &quot;iconName&quot;: null,
        &quot;controllerName&quot;: &quot;Order&quot;,
        &quot;name&quot;: &quot;Order Delete&quot;,
        &quot;displayOrder&quot;: 0,
        &quot;description&quot;: null,
        &quot;id&quot;: &quot;e7fae6f1-e5f5-48e4-ab32-c61d6457b738&quot;,
        &quot;isMenu&quot;: false,
        &quot;key&quot;: &quot;Order.Delete&quot;,
        &quot;parentId&quot;: &quot;872b9f8c-c48d-dfeb-de32-1be0c3c38dbb&quot;,
        &quot;unAuthorizedProps&quot;: {
          &quot;visible&quot;: false,
          &quot;disabled&quot;: false
        },
        &quot;actionName&quot;: &quot;Delete&quot;
      },
      {
        &quot;routePath&quot;: null,
        &quot;iconName&quot;: &quot;RemoteSearchForCouponCode&quot;,
        &quot;controllerName&quot;: &quot;CouponCode&quot;,
        &quot;name&quot;: &quot;CouponCode RemoteSearchForCouponCode&quot;,
        &quot;displayOrder&quot;: 0,
        &quot;description&quot;: null,
        &quot;id&quot;: &quot;14ed0b92-dcc7-4309-aef9-522eec12fc08&quot;,
        &quot;isMenu&quot;: false,
        &quot;key&quot;: &quot;CouponCode.RemoteSearchForCouponCode&quot;,
        &quot;parentId&quot;: null,
        &quot;unAuthorizedProps&quot;: {
          &quot;visible&quot;: false,
          &quot;disabled&quot;: false
        },
        &quot;actionName&quot;: &quot;RemoteSearchForCouponCode&quot;
      },
      {
        &quot;routePath&quot;: null,
        &quot;iconName&quot;: null,
        &quot;controllerName&quot;: &quot;LocaleResource&quot;,
        &quot;name&quot;: &quot;LocaleResource List&quot;,
        &quot;displayOrder&quot;: 0,
        &quot;description&quot;: null,
        &quot;id&quot;: &quot;1f97b83f-e4aa-4e06-b490-eca7a7c7c5ef&quot;,
        &quot;isMenu&quot;: false,
        &quot;key&quot;: &quot;LocaleResource.List&quot;,
        &quot;parentId&quot;: &quot;4c1a6c0d-765c-444a-b7c8-49e99f61d47b&quot;,
        &quot;unAuthorizedProps&quot;: {
          &quot;visible&quot;: false,
          &quot;disabled&quot;: false
        },
        &quot;actionName&quot;: &quot;List&quot;
      },
      {
        &quot;routePath&quot;: &quot;roles&quot;,
        &quot;iconName&quot;: &quot;RolesSVG&quot;,
        &quot;controllerName&quot;: &quot;Role&quot;,
        &quot;name&quot;: &quot;Roles&quot;,
        &quot;displayOrder&quot;: 650,
        &quot;description&quot;: null,
        &quot;id&quot;: &quot;e98d2f21-52f8-41cb-9b3f-fe979b5f0578&quot;,
        &quot;isMenu&quot;: true,
        &quot;key&quot;: &quot;Role.Index&quot;,
        &quot;parentId&quot;: &quot;8b04f24a-f777-5455-9d4b-5d32257d3d62&quot;,
        &quot;unAuthorizedProps&quot;: {
          &quot;visible&quot;: false,
          &quot;disabled&quot;: false
        },
        &quot;actionName&quot;: &quot;Index&quot;
      },
      {
        &quot;routePath&quot;: null,
        &quot;iconName&quot;: null,
        &quot;controllerName&quot;: &quot;SubRegion&quot;,
        &quot;name&quot;: &quot;SubRegion Delete&quot;,
        &quot;displayOrder&quot;: 0,
        &quot;description&quot;: null,
        &quot;id&quot;: &quot;df7da069-b35d-4179-a5dc-8f61beab4226&quot;,
        &quot;isMenu&quot;: false,
        &quot;key&quot;: &quot;SubRegion.Delete&quot;,
        &quot;parentId&quot;: &quot;5016a026-6957-41ab-8cda-9bd37afe0841&quot;,
        &quot;unAuthorizedProps&quot;: {
          &quot;visible&quot;: false,
          &quot;disabled&quot;: false
        },
        &quot;actionName&quot;: &quot;Delete&quot;
      },
      {
        &quot;routePath&quot;: null,
        &quot;iconName&quot;: &quot;UploadProductMedia&quot;,
        &quot;controllerName&quot;: &quot;ProductMedia&quot;,
        &quot;name&quot;: &quot;ProductMedia UploadProductMedia&quot;,
        &quot;displayOrder&quot;: 0,
        &quot;description&quot;: null,
        &quot;id&quot;: &quot;f214be5c-985b-4aaa-aa42-d49e789d5ca6&quot;,
        &quot;isMenu&quot;: false,
        &quot;key&quot;: &quot;ProductMedia.UploadProductMedia&quot;,
        &quot;parentId&quot;: &quot;1858607f-58c2-4c69-8078-f2756c5ca81e&quot;,
        &quot;unAuthorizedProps&quot;: {
          &quot;visible&quot;: false,
          &quot;disabled&quot;: false
        },
        &quot;actionName&quot;: &quot;UploadProductMedia&quot;
      },
      {
        &quot;routePath&quot;: null,
        &quot;iconName&quot;: null,
        &quot;controllerName&quot;: &quot;Order&quot;,
        &quot;name&quot;: &quot;order ListForFilter&quot;,
        &quot;displayOrder&quot;: 0,
        &quot;description&quot;: null,
        &quot;id&quot;: &quot;f12e049a-8719-46d1-9507-00d1671d7c6d&quot;,
        &quot;isMenu&quot;: false,
        &quot;key&quot;: &quot;Order.ListForFilter&quot;,
        &quot;parentId&quot;: &quot;872b9f8c-c48d-dfeb-de32-1be0c3c38dbb&quot;,
        &quot;unAuthorizedProps&quot;: {
          &quot;visible&quot;: false,
          &quot;disabled&quot;: false
        },
        &quot;actionName&quot;: &quot;ListForFilter&quot;
      },
      {
        &quot;routePath&quot;: null,
        &quot;iconName&quot;: null,
        &quot;controllerName&quot;: &quot;CouponCode&quot;,
        &quot;name&quot;: &quot;CouponCode&quot;,
        &quot;displayOrder&quot;: 0,
        &quot;description&quot;: null,
        &quot;id&quot;: &quot;d2f7e3bf-712f-4991-994f-0f3e5e6cda1b&quot;,
        &quot;isMenu&quot;: false,
        &quot;key&quot;: &quot;CouponCode.FindByCode&quot;,
        &quot;parentId&quot;: &quot;5aaef586-e311-4265-a241-6eb9758d6541&quot;,
        &quot;unAuthorizedProps&quot;: {
          &quot;visible&quot;: false,
          &quot;disabled&quot;: false
        },
        &quot;actionName&quot;: &quot;FindByCode&quot;
      }
    ],
    &quot;imageUrl&quot;: null,
    &quot;phoneCountryId&quot;: &quot;f83c326d-cbf4-47cf-b592-f3f638a5a958&quot;,
    &quot;email&quot;: &quot;busra@popcornvan.com&quot;
  },
  &quot;refreshToken&quot;: &quot;8/xXgWBA7tiBjKgfk2amR9O7jDYDZMsu9uEaJ27Lzt1GkMNluTjrvuY5oG4=&quot;
}
 
15:26:21.262 [pool-1-thread-1] INFO  com.intuit.karate - Environment variable is : popcorn 
---------------------------------------------------------
feature: classpath:features/userApi/employee/employee_list.feature
scenarios:  7 | passed:  7 | failed:  0 | time: 12.9990
---------------------------------------------------------

15:26:21.267 [pool-2-thread-1] INFO  com.intuit.karate.Suite - &lt;&lt;pass&gt;&gt; feature 29 of 33 (4 remaining) classpath:features/userApi/employee/employee_list.feature
15:26:21.434 [pool-1-thread-2] INFO  com.intuit.karate - [print] employee login with wrong scenario response --&gt; {
  &quot;visible&quot;: true,
  &quot;action&quot;: &quot;default&quot;,
  &quot;messages&quot;: [
    &quot;UnAuthorized&quot;
  ],
  &quot;type&quot;: &quot;authorization&quot;,
  &quot;title&quot;: null,
  &quot;message&quot;: &quot;UnAuthorized&quot;,
  &quot;typeCode&quot;: 401
}
 
15:26:21.444 [pool-1-thread-2] INFO  com.intuit.karate - Environment variable is : popcorn 
15:26:21.448 [pool-1-thread-2] INFO  c.intuit.karate.core.FeatureRuntime - scenario called at line: 9 by tag: @employeeLoginInfo
15:26:22.039 [pool-1-thread-3] INFO  com.intuit.karate - [print] employee login with wrong scenario response --&gt; {
  &quot;visible&quot;: true,
  &quot;action&quot;: &quot;default&quot;,
  &quot;messages&quot;: [
    &quot;UnAuthorized&quot;
  ],
  &quot;type&quot;: &quot;authorization&quot;,
  &quot;title&quot;: null,
  &quot;message&quot;: &quot;UnAuthorized&quot;,
  &quot;typeCode&quot;: 401
}
 
15:26:22.046 [pool-1-thread-3] INFO  com.intuit.karate - Environment variable is : popcorn 
15:26:22.050 [pool-1-thread-3] INFO  c.intuit.karate.core.FeatureRuntime - scenario called at line: 9 by tag: @employeeLoginInfo
15:26:22.096 [pool-1-thread-4] INFO  com.intuit.karate - [print] employee login with wrong scenario response --&gt; {
  &quot;visible&quot;: true,
  &quot;action&quot;: &quot;default&quot;,
  &quot;messages&quot;: [
    &quot;UnAuthorized&quot;
  ],
  &quot;type&quot;: &quot;authorization&quot;,
  &quot;title&quot;: null,
  &quot;message&quot;: &quot;UnAuthorized&quot;,
  &quot;typeCode&quot;: 401
}
 
15:26:22.101 [pool-1-thread-4] INFO  com.intuit.karate - Environment variable is : popcorn 
15:26:22.102 [pool-1-thread-4] INFO  c.intuit.karate.core.FeatureRuntime - scenario called at line: 9 by tag: @employeeLoginInfo
15:26:22.103 [pool-1-thread-5] INFO  com.intuit.karate - [print] employee login with wrong scenario response --&gt; {
  &quot;visible&quot;: true,
  &quot;action&quot;: &quot;default&quot;,
  &quot;messages&quot;: [
    &quot;UnAuthorized&quot;
  ],
  &quot;type&quot;: &quot;authorization&quot;,
  &quot;title&quot;: null,
  &quot;message&quot;: &quot;UnAuthorized&quot;,
  &quot;typeCode&quot;: 401
}
 
15:26:22.107 [pool-1-thread-5] INFO  com.intuit.karate - Environment variable is : popcorn 
15:26:22.108 [pool-1-thread-5] INFO  c.intuit.karate.core.FeatureRuntime - scenario called at line: 9 by tag: @employeeLoginInfo
15:26:22.162 [pool-1-thread-1] INFO  com.intuit.karate - [print] employee login with wrong scenario response --&gt; {
  &quot;visible&quot;: true,
  &quot;action&quot;: &quot;default&quot;,
  &quot;messages&quot;: [
    &quot;UnAuthorized&quot;
  ],
  &quot;type&quot;: &quot;authorization&quot;,
  &quot;title&quot;: null,
  &quot;message&quot;: &quot;UnAuthorized&quot;,
  &quot;typeCode&quot;: 401
}
 
15:26:22.169 [pool-1-thread-1] INFO  com.intuit.karate - Environment variable is : popcorn 
15:26:22.174 [pool-1-thread-1] INFO  c.intuit.karate.core.FeatureRuntime - scenario called at line: 9 by tag: @employeeLoginInfo
---------------------------------------------------------
feature: classpath:features/userApi/employee/employee_login.feature
scenarios:  7 | passed:  7 | failed:  0 | time: 7.2077
---------------------------------------------------------

15:26:22.325 [pool-2-thread-1] INFO  com.intuit.karate.Suite - &lt;&lt;pass&gt;&gt; feature 30 of 33 (3 remaining) classpath:features/userApi/employee/employee_login.feature
15:26:22.624 [pool-1-thread-2] INFO  com.intuit.karate - [print] employee login response --&gt; {
  &quot;expiresIn&quot;: 3.15359999953264E7,
  &quot;accessToken&quot;: &quot;eyJhbGciOiJIUzUxMiIsInR5cCI6IkpXVCJ9.eyJuYW1laWQiOiJidXNyYUBwb3Bjb3JudmFuLmNvbSIsIm5hbWUiOiJiw7zFn3JhIGLDvMWfcmEiLCJVc2VyVHlwZSI6IkVtcGxveWVlIiwiTmFtZSI6ImLDvMWfcmEgYsO8xZ9yYSIsIkVtYWlsIjoiYnVzcmFAcG9wY29ybnZhbi5jb20iLCJVc2VySWQiOiIzYzA1ZjhjMS1iMmMzLTQ0NjUtYjRlNS03NmE1ZThlNzkzYTgiLCJuYmYiOjE2NDI1OTUxODIsImV4cCI6MTY3NDEzMTE4MiwiaWF0IjoxNjQyNTk1MTgyLCJpc3MiOiJodHRwczovL3BvcGNvcm52YW4uY29tLyIsImF1ZCI6Imh0dHBzOi8vcG9wY29ybnZhbi5jb20vIn0.9eDw_n_3uTe7dgVGdO4erC9omygfhRbeIj2TGm75jioy9VnJCZd8PipstEdzYkbjm7jpeldnIqdNZ1EjKiHavw&quot;,
  &quot;user&quot;: {
    &quot;imagePath&quot;: null,
    &quot;roles&quot;: [
      {
        &quot;name&quot;: &quot;Super Admin&quot;,
        &quot;displayOrder&quot;: 0,
        &quot;description&quot;: null,
        &quot;colorCode&quot;: null,
        &quot;id&quot;: &quot;4f1058c6-0985-4139-8302-b50df344c339&quot;
      }
    ],
    &quot;languageId&quot;: null,
    &quot;fullName&quot;: &quot;büşra büşra&quot;,
    &quot;employeeId&quot;: &quot;25010a8b-17db-438c-983d-a97e68c569b1&quot;,
    &quot;languageCode&quot;: null,
    &quot;userId&quot;: &quot;3c05f8c1-b2c3-4465-b4e5-76a5e8e793a8&quot;,
    &quot;languageName&quot;: null,
    &quot;phoneAreaCode&quot;: &quot;+373&quot;,
    &quot;phoneNumber&quot;: &quot;6667788&quot;,
    &quot;externalUserId&quot;: &quot;00000000-0000-0000-0000-000000000000&quot;,
    &quot;permissions&quot;: [
      {
        &quot;routePath&quot;: &quot;overview&quot;,
        &quot;iconName&quot;: &quot;overviewSVG&quot;,
        &quot;controllerName&quot;: &quot;Admin&quot;,
        &quot;name&quot;: &quot;Overview&quot;,
        &quot;displayOrder&quot;: 100,
        &quot;description&quot;: null,
        &quot;id&quot;: &quot;f3ef6d44-bdda-9acc-2131-8885bd8e368b&quot;,
        &quot;isMenu&quot;: false,
        &quot;key&quot;: &quot;Admin.Overview&quot;,
        &quot;parentId&quot;: null,
        &quot;unAuthorizedProps&quot;: {
          &quot;visible&quot;: false,
          &quot;disabled&quot;: false
        },
        &quot;actionName&quot;: &quot;Overview&quot;
      },
      {
        &quot;routePath&quot;: null,
        &quot;iconName&quot;: null,
        &quot;controllerName&quot;: &quot;Pusher&quot;,
        &quot;name&quot;: &quot;Pusher Auth&quot;,
        &quot;displayOrder&quot;: 0,
        &quot;description&quot;: null,
        &quot;id&quot;: &quot;d3abc4d5-0841-435b-b27e-c1f8ff8f4d9f&quot;,
        &quot;isMenu&quot;: false,
        &quot;key&quot;: &quot;Pusher.Auth&quot;,
        &quot;parentId&quot;: null,
        &quot;unAuthorizedProps&quot;: {
          &quot;visible&quot;: false,
          &quot;disabled&quot;: false
        },
        &quot;actionName&quot;: &quot;Auth&quot;
      },
      {
        &quot;routePath&quot;: null,
        &quot;iconName&quot;: null,
        &quot;controllerName&quot;: &quot;ServiceArea&quot;,
        &quot;name&quot;: &quot;ServiceArea Find&quot;,
        &quot;displayOrder&quot;: 0,
        &quot;description&quot;: null,
        &quot;id&quot;: &quot;941ff53e-a0e7-4a97-9f21-5a071749fdcf&quot;,
        &quot;isMenu&quot;: false,
        &quot;key&quot;: &quot;ServiceArea.Find&quot;,
        &quot;parentId&quot;: &quot;6510260c-2670-4f71-96ed-8f12986fb9cf&quot;,
        &quot;unAuthorizedProps&quot;: {
          &quot;visible&quot;: false,
          &quot;disabled&quot;: false
        },
        &quot;actionName&quot;: &quot;Find&quot;
      },
      {
        &quot;routePath&quot;: null,
        &quot;iconName&quot;: null,
        &quot;controllerName&quot;: &quot;CouponCode&quot;,
        &quot;name&quot;: &quot;CouponCode&quot;,
        &quot;displayOrder&quot;: 0,
        &quot;description&quot;: null,
        &quot;id&quot;: &quot;a1ea1d92-37b1-41ec-b4cf-24f205e13ced&quot;,
        &quot;isMenu&quot;: false,
        &quot;key&quot;: &quot;CouponCode.Edit&quot;,
        &quot;parentId&quot;: &quot;5aaef586-e311-4265-a241-6eb9758d6541&quot;,
        &quot;unAuthorizedProps&quot;: {
          &quot;visible&quot;: false,
          &quot;disabled&quot;: false
        },
        &quot;actionName&quot;: &quot;Edit&quot;
      },
      {
        &quot;routePath&quot;: &quot;customers&quot;,
        &quot;iconName&quot;: &quot;customerSVG&quot;,
        &quot;controllerName&quot;: &quot;Customer&quot;,
        &quot;name&quot;: &quot;Customer&quot;,
        &quot;displayOrder&quot;: 610,
        &quot;description&quot;: null,
        &quot;id&quot;: &quot;07b60a01-5846-422c-b1c6-1c7a382dbd0e&quot;,
        &quot;isMenu&quot;: true,
        &quot;key&quot;: &quot;Customer.Index&quot;,
        &quot;parentId&quot;: &quot;8b04f24a-f777-5455-9d4b-5d32257d3d62&quot;,
        &quot;unAuthorizedProps&quot;: {
          &quot;visible&quot;: false,
          &quot;disabled&quot;: false
        },
        &quot;actionName&quot;: &quot;Index&quot;
      },
      {
        &quot;routePath&quot;: null,
        &quot;iconName&quot;: null,
        &quot;controllerName&quot;: &quot;ServiceArea&quot;,
        &quot;name&quot;: &quot;ServiceArea List&quot;,
        &quot;displayOrder&quot;: 0,
        &quot;description&quot;: null,
        &quot;id&quot;: &quot;d059ba5c-c4a9-44ee-89cb-167400d65355&quot;,
        &quot;isMenu&quot;: false,
        &quot;key&quot;: &quot;ServiceArea.List&quot;,
        &quot;parentId&quot;: &quot;6510260c-2670-4f71-96ed-8f12986fb9cf&quot;,
        &quot;unAuthorizedProps&quot;: {
          &quot;visible&quot;: false,
          &quot;disabled&quot;: false
        },
        &quot;actionName&quot;: &quot;List&quot;
      },
      {
        &quot;routePath&quot;: null,
        &quot;iconName&quot;: &quot;managementSVG&quot;,
        &quot;controllerName&quot;: &quot;Product&quot;,
        &quot;name&quot;: &quot;Product / Support&quot;,
        &quot;displayOrder&quot;: 999,
        &quot;description&quot;: null,
        &quot;id&quot;: &quot;5b7cb896-ff20-4798-8468-df6c7f3be073&quot;,
        &quot;isMenu&quot;: true,
        &quot;key&quot;: &quot;Product.Main&quot;,
        &quot;parentId&quot;: null,
        &quot;unAuthorizedProps&quot;: {
          &quot;visible&quot;: false,
          &quot;disabled&quot;: false
        },
        &quot;actionName&quot;: &quot;Main&quot;
      },
      {
        &quot;routePath&quot;: null,
        &quot;iconName&quot;: null,
        &quot;controllerName&quot;: &quot;Address&quot;,
        &quot;name&quot;: &quot;Address List&quot;,
        &quot;displayOrder&quot;: 0,
        &quot;description&quot;: null,
        &quot;id&quot;: &quot;6cf101e1-86c2-4b4b-b308-33a8c9e2fd19&quot;,
        &quot;isMenu&quot;: false,
        &quot;key&quot;: &quot;Address.List&quot;,
        &quot;parentId&quot;: &quot;c3c514ef-1964-4c94-b13a-8bdd83a5b1cb&quot;,
        &quot;unAuthorizedProps&quot;: {
          &quot;visible&quot;: false,
          &quot;disabled&quot;: false
        },
        &quot;actionName&quot;: &quot;List&quot;
      },
      {
        &quot;routePath&quot;: null,
        &quot;iconName&quot;: null,
        &quot;controllerName&quot;: &quot;LocaleResource&quot;,
        &quot;name&quot;: &quot;LocaleResource Delete&quot;,
        &quot;displayOrder&quot;: 0,
        &quot;description&quot;: null,
        &quot;id&quot;: &quot;62103116-c035-44d5-aa5d-577df0b20041&quot;,
        &quot;isMenu&quot;: false,
        &quot;key&quot;: &quot;LocaleResource.Delete&quot;,
        &quot;parentId&quot;: &quot;4c1a6c0d-765c-444a-b7c8-49e99f61d47b&quot;,
        &quot;unAuthorizedProps&quot;: {
          &quot;visible&quot;: false,
          &quot;disabled&quot;: false
        },
        &quot;actionName&quot;: &quot;Delete&quot;
      },
      {
        &quot;routePath&quot;: null,
        &quot;iconName&quot;: null,
        &quot;controllerName&quot;: &quot;Address&quot;,
        &quot;name&quot;: &quot;Address Create&quot;,
        &quot;displayOrder&quot;: 0,
        &quot;description&quot;: null,
        &quot;id&quot;: &quot;ba0b5525-39db-4928-8a6a-a3c450b1d747&quot;,
        &quot;isMenu&quot;: false,
        &quot;key&quot;: &quot;Address.Create&quot;,
        &quot;parentId&quot;: &quot;c3c514ef-1964-4c94-b13a-8bdd83a5b1cb&quot;,
        &quot;unAuthorizedProps&quot;: {
          &quot;visible&quot;: false,
          &quot;disabled&quot;: false
        },
        &quot;actionName&quot;: &quot;Create&quot;
      },
      {
        &quot;routePath&quot;: null,
        &quot;iconName&quot;: &quot;ExportForFilter&quot;,
        &quot;controllerName&quot;: &quot;Product&quot;,
        &quot;name&quot;: &quot;Product ExportFinaleReplenishmentReport&quot;,
        &quot;displayOrder&quot;: 0,
        &quot;description&quot;: null,
        &quot;id&quot;: &quot;557a9551-e3b6-4022-8c65-8fefe6bc8b76&quot;,
        &quot;isMenu&quot;: false,
        &quot;key&quot;: &quot;Product.ExportFinaleReplenishmentReport&quot;,
        &quot;parentId&quot;: &quot;1858607f-58c2-4c69-8078-f2756c5ca81e&quot;,
        &quot;unAuthorizedProps&quot;: {
          &quot;visible&quot;: false,
          &quot;disabled&quot;: false
        },
        &quot;actionName&quot;: &quot;ExportFinaleReplenishmentReport&quot;
      },
      {
        &quot;routePath&quot;: null,
        &quot;iconName&quot;: null,
        &quot;controllerName&quot;: &quot;Setting&quot;,
        &quot;name&quot;: &quot;Setting Delete&quot;,
        &quot;displayOrder&quot;: 0,
        &quot;description&quot;: null,
        &quot;id&quot;: &quot;f22745ab-c49b-4b6a-8a72-58e25565418e&quot;,
        &quot;isMenu&quot;: false,
        &quot;key&quot;: &quot;Setting.Delete&quot;,
        &quot;parentId&quot;: &quot;ccc7592a-301d-4d63-aa26-09e92194ca01&quot;,
        &quot;unAuthorizedProps&quot;: {
          &quot;visible&quot;: false,
          &quot;disabled&quot;: false
        },
        &quot;actionName&quot;: &quot;Delete&quot;
      },
      {
        &quot;routePath&quot;: null,
        &quot;iconName&quot;: null,
        &quot;controllerName&quot;: &quot;Setting&quot;,
        &quot;name&quot;: &quot;Setting Edit&quot;,
        &quot;displayOrder&quot;: 0,
        &quot;description&quot;: null,
        &quot;id&quot;: &quot;368d96d0-f0f8-4a6a-a02a-10f3dc4d6813&quot;,
        &quot;isMenu&quot;: false,
        &quot;key&quot;: &quot;Setting.Edit&quot;,
        &quot;parentId&quot;: &quot;ccc7592a-301d-4d63-aa26-09e92194ca01&quot;,
        &quot;unAuthorizedProps&quot;: {
          &quot;visible&quot;: false,
          &quot;disabled&quot;: false
        },
        &quot;actionName&quot;: &quot;Edit&quot;
      },
      {
        &quot;routePath&quot;: null,
        &quot;iconName&quot;: null,
        &quot;controllerName&quot;: &quot;Warehouse&quot;,
        &quot;name&quot;: &quot;Warehouse ListWarehouseStock&quot;,
        &quot;displayOrder&quot;: 0,
        &quot;description&quot;: null,
        &quot;id&quot;: &quot;10961a78-a6c9-47aa-865a-b4d9aaab89bf&quot;,
        &quot;isMenu&quot;: false,
        &quot;key&quot;: &quot;Warehouse.ListWarehouseStock&quot;,
        &quot;parentId&quot;: &quot;7a99d565-0e98-95af-19bd-814011ea2417&quot;,
        &quot;unAuthorizedProps&quot;: {
          &quot;visible&quot;: false,
          &quot;disabled&quot;: false
        },
        &quot;actionName&quot;: &quot;ListWarehouseStock&quot;
      },
      {
        &quot;routePath&quot;: null,
        &quot;iconName&quot;: &quot;blackListSVG&quot;,
        &quot;controllerName&quot;: &quot;BlackList&quot;,
        &quot;name&quot;: &quot;Black List Create&quot;,
        &quot;displayOrder&quot;: 0,
        &quot;description&quot;: null,
        &quot;id&quot;: &quot;70d6b8cb-7f48-4cd4-a796-cad4e227ccd5&quot;,
        &quot;isMenu&quot;: false,
        &quot;key&quot;: &quot;BlackList.Create&quot;,
        &quot;parentId&quot;: &quot;d273c43d-77c8-4b88-8d35-9ec20a90bd11&quot;,
        &quot;unAuthorizedProps&quot;: {
          &quot;visible&quot;: false,
          &quot;disabled&quot;: false
        },
        &quot;actionName&quot;: &quot;Create&quot;
      },
      {
        &quot;routePath&quot;: null,
        &quot;iconName&quot;: &quot;a&quot;,
        &quot;controllerName&quot;: &quot;Customer&quot;,
        &quot;name&quot;: &quot;Customer UpdateBlockedCodeCampaign&quot;,
        &quot;displayOrder&quot;: 0,
        &quot;description&quot;: null,
        &quot;id&quot;: &quot;e3d996d8-5b07-4015-825c-c87c12952def&quot;,
        &quot;isMenu&quot;: false,
        &quot;key&quot;: &quot;Customer.UpdateBlockedCodeCampaign&quot;,
        &quot;parentId&quot;: null,
        &quot;unAuthorizedProps&quot;: {
          &quot;visible&quot;: false,
          &quot;disabled&quot;: false
        },
        &quot;actionName&quot;: &quot;UpdateBlockedCodeCampaign&quot;
      },
      {
        &quot;routePath&quot;: null,
        &quot;iconName&quot;: null,
        &quot;controllerName&quot;: &quot;Warehouse&quot;,
        &quot;name&quot;: &quot;Warehouse ExportWarehouseStock&quot;,
        &quot;displayOrder&quot;: 0,
        &quot;description&quot;: null,
        &quot;id&quot;: &quot;c9b0c169-56cc-4793-a43d-7d18a47ae863&quot;,
        &quot;isMenu&quot;: false,
        &quot;key&quot;: &quot;Warehouse.ExportWarehouseStock&quot;,
        &quot;parentId&quot;: &quot;7a99d565-0e98-95af-19bd-814011ea2417&quot;,
        &quot;unAuthorizedProps&quot;: {
          &quot;visible&quot;: false,
          &quot;disabled&quot;: false
        },
        &quot;actionName&quot;: &quot;ExportWarehouseStock&quot;
      },
      {
        &quot;routePath&quot;: null,
        &quot;iconName&quot;: &quot;SuitableWarehousesForOrder&quot;,
        &quot;controllerName&quot;: &quot;Order&quot;,
        &quot;name&quot;: &quot;Order SuitableWarehousesForOrder&quot;,
        &quot;displayOrder&quot;: 0,
        &quot;description&quot;: null,
        &quot;id&quot;: &quot;2188f2ef-08fb-4757-b6a6-d734b8d72eea&quot;,
        &quot;isMenu&quot;: false,
        &quot;key&quot;: &quot;Order.SuitableWarehousesForOrder&quot;,
        &quot;parentId&quot;: &quot;872b9f8c-c48d-dfeb-de32-1be0c3c38dbb&quot;,
        &quot;unAuthorizedProps&quot;: {
          &quot;visible&quot;: false,
          &quot;disabled&quot;: false
        },
        &quot;actionName&quot;: &quot;SuitableWarehousesForOrder&quot;
      },
      {
        &quot;routePath&quot;: &quot;products&quot;,
        &quot;iconName&quot;: &quot;productSVG&quot;,
        &quot;controllerName&quot;: &quot;Product&quot;,
        &quot;name&quot;: &quot;Product&quot;,
        &quot;displayOrder&quot;: 390,
        &quot;description&quot;: null,
        &quot;id&quot;: &quot;1858607f-58c2-4c69-8078-f2756c5ca81e&quot;,
        &quot;isMenu&quot;: true,
        &quot;key&quot;: &quot;Product.Index&quot;,
        &quot;parentId&quot;: &quot;8b40e125-ffeb-4cf1-ba4b-0ac72aac09d9&quot;,
        &quot;unAuthorizedProps&quot;: {
          &quot;visible&quot;: false,
          &quot;disabled&quot;: false
        },
        &quot;actionName&quot;: &quot;Index&quot;
      },
      {
        &quot;routePath&quot;: null,
        &quot;iconName&quot;: &quot;blackListSVG&quot;,
        &quot;controllerName&quot;: &quot;BlackList&quot;,
        &quot;name&quot;: &quot;Black List Edit&quot;,
        &quot;displayOrder&quot;: 0,
        &quot;description&quot;: null,
        &quot;id&quot;: &quot;8935ed07-0379-4235-99d4-2188e923639a&quot;,
        &quot;isMenu&quot;: false,
        &quot;key&quot;: &quot;BlackList.Edit&quot;,
        &quot;parentId&quot;: &quot;d273c43d-77c8-4b88-8d35-9ec20a90bd11&quot;,
        &quot;unAuthorizedProps&quot;: {
          &quot;visible&quot;: false,
          &quot;disabled&quot;: false
        },
        &quot;actionName&quot;: &quot;Edit&quot;
      },
      {
        &quot;routePath&quot;: null,
        &quot;iconName&quot;: null,
        &quot;controllerName&quot;: &quot;Rider&quot;,
        &quot;name&quot;: &quot;Rider Find&quot;,
        &quot;displayOrder&quot;: 0,
        &quot;description&quot;: null,
        &quot;id&quot;: &quot;438a4584-500a-47a2-810f-012e4743a389&quot;,
        &quot;isMenu&quot;: false,
        &quot;key&quot;: &quot;Rider.Find&quot;,
        &quot;parentId&quot;: &quot;1b716d9c-2bf6-4a16-9bd1-2214d14b6cc7&quot;,
        &quot;unAuthorizedProps&quot;: {
          &quot;visible&quot;: false,
          &quot;disabled&quot;: false
        },
        &quot;actionName&quot;: &quot;Find&quot;
      },
      {
        &quot;routePath&quot;: null,
        &quot;iconName&quot;: null,
        &quot;controllerName&quot;: &quot;Rider&quot;,
        &quot;name&quot;: &quot;Rider List&quot;,
        &quot;displayOrder&quot;: 0,
        &quot;description&quot;: null,
        &quot;id&quot;: &quot;94789829-bd1b-44a3-ae1a-2c4ecf20e3b3&quot;,
        &quot;isMenu&quot;: false,
        &quot;key&quot;: &quot;Rider.List&quot;,
        &quot;parentId&quot;: &quot;1b716d9c-2bf6-4a16-9bd1-2214d14b6cc7&quot;,
        &quot;unAuthorizedProps&quot;: {
          &quot;visible&quot;: false,
          &quot;disabled&quot;: false
        },
        &quot;actionName&quot;: &quot;List&quot;
      },
      {
        &quot;routePath&quot;: null,
        &quot;iconName&quot;: null,
        &quot;controllerName&quot;: &quot;CouponCode&quot;,
        &quot;name&quot;: &quot;CouponCode&quot;,
        &quot;displayOrder&quot;: 0,
        &quot;description&quot;: null,
        &quot;id&quot;: &quot;82a51ef5-f9a9-4a9d-9bc4-241cda2df051&quot;,
        &quot;isMenu&quot;: false,
        &quot;key&quot;: &quot;CouponCode.Create&quot;,
        &quot;parentId&quot;: &quot;5aaef586-e311-4265-a241-6eb9758d6541&quot;,
        &quot;unAuthorizedProps&quot;: {
          &quot;visible&quot;: false,
          &quot;disabled&quot;: false
        },
        &quot;actionName&quot;: &quot;Create&quot;
      },
      {
        &quot;routePath&quot;: null,
        &quot;iconName&quot;: null,
        &quot;controllerName&quot;: &quot;Warehouse&quot;,
        &quot;name&quot;: &quot;Warehouse Create&quot;,
        &quot;displayOrder&quot;: 0,
        &quot;description&quot;: null,
        &quot;id&quot;: &quot;26bd14df-9135-4f4d-8468-6c439e8a737f&quot;,
        &quot;isMenu&quot;: false,
        &quot;key&quot;: &quot;Warehouse.Create&quot;,
        &quot;parentId&quot;: &quot;7a99d565-0e98-95af-19bd-814011ea2417&quot;,
        &quot;unAuthorizedProps&quot;: {
          &quot;visible&quot;: false,
          &quot;disabled&quot;: false
        },
        &quot;actionName&quot;: &quot;Create&quot;
      },
      {
        &quot;routePath&quot;: null,
        &quot;iconName&quot;: null,
        &quot;controllerName&quot;: &quot;CouponCode&quot;,
        &quot;name&quot;: &quot;Find Coupon Code By User Id&quot;,
        &quot;displayOrder&quot;: 0,
        &quot;description&quot;: null,
        &quot;id&quot;: &quot;75b2daf0-42e8-4ad7-b6a4-811d06d87c74&quot;,
        &quot;isMenu&quot;: false,
        &quot;key&quot;: &quot;CouponCode.FindByUserId&quot;,
        &quot;parentId&quot;: &quot;5aaef586-e311-4265-a241-6eb9758d6541&quot;,
        &quot;unAuthorizedProps&quot;: {
          &quot;visible&quot;: false,
          &quot;disabled&quot;: false
        },
        &quot;actionName&quot;: &quot;FindByUserId&quot;
      },
      {
        &quot;routePath&quot;: null,
        &quot;iconName&quot;: null,
        &quot;controllerName&quot;: &quot;Language&quot;,
        &quot;name&quot;: &quot;Language Index&quot;,
        &quot;displayOrder&quot;: 0,
        &quot;description&quot;: null,
        &quot;id&quot;: &quot;7d117917-ff5a-448f-ae1c-71b123ffabc0&quot;,
        &quot;isMenu&quot;: false,
        &quot;key&quot;: &quot;Language.Index&quot;,
        &quot;parentId&quot;: null,
        &quot;unAuthorizedProps&quot;: {
          &quot;visible&quot;: false,
          &quot;disabled&quot;: false
        },
        &quot;actionName&quot;: &quot;Index&quot;
      },
      {
        &quot;routePath&quot;: null,
        &quot;iconName&quot;: null,
        &quot;controllerName&quot;: &quot;Campaign&quot;,
        &quot;name&quot;: &quot;Campaign Find&quot;,
        &quot;displayOrder&quot;: 0,
        &quot;description&quot;: null,
        &quot;id&quot;: &quot;00b581e0-ec91-4feb-a7e7-f1b9101ad482&quot;,
        &quot;isMenu&quot;: false,
        &quot;key&quot;: &quot;Campaign.Find&quot;,
        &quot;parentId&quot;: &quot;fd2f794b-65fb-4da6-9bdb-835c466e4321&quot;,
        &quot;unAuthorizedProps&quot;: {
          &quot;visible&quot;: false,
          &quot;disabled&quot;: false
        },
        &quot;actionName&quot;: &quot;Find&quot;
      },
      {
        &quot;routePath&quot;: null,
        &quot;iconName&quot;: null,
        &quot;controllerName&quot;: &quot;Setting&quot;,
        &quot;name&quot;: &quot;Setting List&quot;,
        &quot;displayOrder&quot;: 0,
        &quot;description&quot;: null,
        &quot;id&quot;: &quot;9f68e0f0-57dc-4148-bd76-fb8c2a970786&quot;,
        &quot;isMenu&quot;: false,
        &quot;key&quot;: &quot;Setting.List&quot;,
        &quot;parentId&quot;: &quot;ccc7592a-301d-4d63-aa26-09e92194ca01&quot;,
        &quot;unAuthorizedProps&quot;: {
          &quot;visible&quot;: false,
          &quot;disabled&quot;: false
        },
        &quot;actionName&quot;: &quot;List&quot;
      },
      {
        &quot;routePath&quot;: null,
        &quot;iconName&quot;: null,
        &quot;controllerName&quot;: &quot;ServiceArea&quot;,
        &quot;name&quot;: &quot;ServiceArea UpdateGeoJson&quot;,
        &quot;displayOrder&quot;: 0,
        &quot;description&quot;: null,
        &quot;id&quot;: &quot;02e62924-50d4-4bc5-9403-2254969f04c0&quot;,
        &quot;isMenu&quot;: false,
        &quot;key&quot;: &quot;ServiceArea.UpdateGeoJson&quot;,
        &quot;parentId&quot;: &quot;6510260c-2670-4f71-96ed-8f12986fb9cf&quot;,
        &quot;unAuthorizedProps&quot;: {
          &quot;visible&quot;: false,
          &quot;disabled&quot;: false
        },
        &quot;actionName&quot;: &quot;UpdateGeoJson&quot;
      },
      {
        &quot;routePath&quot;: null,
        &quot;iconName&quot;: null,
        &quot;controllerName&quot;: &quot;Order&quot;,
        &quot;name&quot;: &quot;Order DeleteOrderItemCheck&quot;,
        &quot;displayOrder&quot;: 0,
        &quot;description&quot;: null,
        &quot;id&quot;: &quot;e07b0bce-91e5-4399-857b-936f93c302dd&quot;,
        &quot;isMenu&quot;: false,
        &quot;key&quot;: &quot;Order.DeleteOrderItemCheck&quot;,
        &quot;parentId&quot;: &quot;872b9f8c-c48d-dfeb-de32-1be0c3c38dbb&quot;,
        &quot;unAuthorizedProps&quot;: {
          &quot;visible&quot;: false,
          &quot;disabled&quot;: false
        },
        &quot;actionName&quot;: &quot;DeleteOrderItemCheck&quot;
      },
      {
        &quot;routePath&quot;: &quot;warehouses&quot;,
        &quot;iconName&quot;: &quot;warehousesSVG&quot;,
        &quot;controllerName&quot;: &quot;Warehouse&quot;,
        &quot;name&quot;: &quot;Warehouses&quot;,
        &quot;displayOrder&quot;: 500,
        &quot;description&quot;: null,
        &quot;id&quot;: &quot;7a99d565-0e98-95af-19bd-814011ea2417&quot;,
        &quot;isMenu&quot;: true,
        &quot;key&quot;: &quot;Warehouse.Index&quot;,
        &quot;parentId&quot;: null,
        &quot;unAuthorizedProps&quot;: {
          &quot;visible&quot;: false,
          &quot;disabled&quot;: false
        },
        &quot;actionName&quot;: &quot;Index&quot;
      },
      {
        &quot;routePath&quot;: null,
        &quot;iconName&quot;: null,
        &quot;controllerName&quot;: &quot;Category&quot;,
        &quot;name&quot;: &quot;Category Create&quot;,
        &quot;displayOrder&quot;: 0,
        &quot;description&quot;: null,
        &quot;id&quot;: &quot;ec3b6666-e8bf-4426-bb0a-6c46f175b9da&quot;,
        &quot;isMenu&quot;: false,
        &quot;key&quot;: &quot;Category.Create&quot;,
        &quot;parentId&quot;: &quot;9bbddb67-d7f2-44d3-8d09-6bd04f8b6f79&quot;,
        &quot;unAuthorizedProps&quot;: {
          &quot;visible&quot;: false,
          &quot;disabled&quot;: false
        },
        &quot;actionName&quot;: &quot;Create&quot;
      },
      {
        &quot;routePath&quot;: null,
        &quot;iconName&quot;: null,
        &quot;controllerName&quot;: &quot;Campaign&quot;,
        &quot;name&quot;: &quot;Campaign ListForFilter&quot;,
        &quot;displayOrder&quot;: 0,
        &quot;description&quot;: null,
        &quot;id&quot;: &quot;d4f0750c-5811-4863-9808-a95b2ab92af4&quot;,
        &quot;isMenu&quot;: false,
        &quot;key&quot;: &quot;Campaign.ListForFilter&quot;,
        &quot;parentId&quot;: &quot;fd2f794b-65fb-4da6-9bdb-835c466e4321&quot;,
        &quot;unAuthorizedProps&quot;: {
          &quot;visible&quot;: false,
          &quot;disabled&quot;: false
        },
        &quot;actionName&quot;: &quot;ListForFilter&quot;
      },
      {
        &quot;routePath&quot;: null,
        &quot;iconName&quot;: null,
        &quot;controllerName&quot;: &quot;Country&quot;,
        &quot;name&quot;: &quot;Country Find&quot;,
        &quot;displayOrder&quot;: 0,
        &quot;description&quot;: null,
        &quot;id&quot;: &quot;869a6e82-0d19-4ae8-a655-99db08529c33&quot;,
        &quot;isMenu&quot;: false,
        &quot;key&quot;: &quot;Country.Find&quot;,
        &quot;parentId&quot;: &quot;9c15db73-badc-4894-ab1b-d8261bac91c2&quot;,
        &quot;unAuthorizedProps&quot;: {
          &quot;visible&quot;: false,
          &quot;disabled&quot;: false
        },
        &quot;actionName&quot;: &quot;Find&quot;
      },
      {
        &quot;routePath&quot;: null,
        &quot;iconName&quot;: null,
        &quot;controllerName&quot;: &quot;SubRegion&quot;,
        &quot;name&quot;: &quot;SubRegion List&quot;,
        &quot;displayOrder&quot;: 0,
        &quot;description&quot;: null,
        &quot;id&quot;: &quot;75d1a3dc-c6ed-4c21-952e-54972310aeb7&quot;,
        &quot;isMenu&quot;: false,
        &quot;key&quot;: &quot;SubRegion.List&quot;,
        &quot;parentId&quot;: &quot;5016a026-6957-41ab-8cda-9bd37afe0841&quot;,
        &quot;unAuthorizedProps&quot;: {
          &quot;visible&quot;: false,
          &quot;disabled&quot;: false
        },
        &quot;actionName&quot;: &quot;List&quot;
      },
      {
        &quot;routePath&quot;: null,
        &quot;iconName&quot;: null,
        &quot;controllerName&quot;: &quot;Rider&quot;,
        &quot;name&quot;: &quot;Rider Edit&quot;,
        &quot;displayOrder&quot;: 0,
        &quot;description&quot;: null,
        &quot;id&quot;: &quot;8277937b-eb57-49db-b4e2-b71ca38abd9c&quot;,
        &quot;isMenu&quot;: false,
        &quot;key&quot;: &quot;Rider.Edit&quot;,
        &quot;parentId&quot;: &quot;1b716d9c-2bf6-4a16-9bd1-2214d14b6cc7&quot;,
        &quot;unAuthorizedProps&quot;: {
          &quot;visible&quot;: false,
          &quot;disabled&quot;: false
        },
        &quot;actionName&quot;: &quot;Edit&quot;
      },
      {
        &quot;routePath&quot;: null,
        &quot;iconName&quot;: null,
        &quot;controllerName&quot;: &quot;Setting&quot;,
        &quot;name&quot;: &quot;Setting Create&quot;,
        &quot;displayOrder&quot;: 0,
        &quot;description&quot;: null,
        &quot;id&quot;: &quot;238383c9-3a34-4c8a-b2a2-85f813a6f40a&quot;,
        &quot;isMenu&quot;: false,
        &quot;key&quot;: &quot;Setting.Create&quot;,
        &quot;parentId&quot;: &quot;ccc7592a-301d-4d63-aa26-09e92194ca01&quot;,
        &quot;unAuthorizedProps&quot;: {
          &quot;visible&quot;: false,
          &quot;disabled&quot;: false
        },
        &quot;actionName&quot;: &quot;Create&quot;
      },
      {
        &quot;routePath&quot;: null,
        &quot;iconName&quot;: null,
        &quot;controllerName&quot;: &quot;CouponCode&quot;,
        &quot;name&quot;: &quot;CouponCode&quot;,
        &quot;displayOrder&quot;: 0,
        &quot;description&quot;: null,
        &quot;id&quot;: &quot;d28ce774-c331-4733-b98f-c83f04e8c752&quot;,
        &quot;isMenu&quot;: false,
        &quot;key&quot;: &quot;CouponCode.Delete&quot;,
        &quot;parentId&quot;: &quot;5aaef586-e311-4265-a241-6eb9758d6541&quot;,
        &quot;unAuthorizedProps&quot;: {
          &quot;visible&quot;: false,
          &quot;disabled&quot;: false
        },
        &quot;actionName&quot;: &quot;Delete&quot;
      },
      {
        &quot;routePath&quot;: null,
        &quot;iconName&quot;: null,
        &quot;controllerName&quot;: &quot;Permission&quot;,
        &quot;name&quot;: &quot;Permission Create&quot;,
        &quot;displayOrder&quot;: 0,
        &quot;description&quot;: null,
        &quot;id&quot;: &quot;a1a303e1-73f3-40d4-b748-a725546f5ea8&quot;,
        &quot;isMenu&quot;: false,
        &quot;key&quot;: &quot;Permission.Create&quot;,
        &quot;parentId&quot;: &quot;213aad81-551b-49f7-9d15-f11f5b9e7e88&quot;,
        &quot;unAuthorizedProps&quot;: {
          &quot;visible&quot;: false,
          &quot;disabled&quot;: false
        },
        &quot;actionName&quot;: &quot;Create&quot;
      },
      {
        &quot;routePath&quot;: null,
        &quot;iconName&quot;: null,
        &quot;controllerName&quot;: &quot;Language&quot;,
        &quot;name&quot;: &quot;Language Delete&quot;,
        &quot;displayOrder&quot;: 0,
        &quot;description&quot;: null,
        &quot;id&quot;: &quot;16b92a62-28f2-4a62-b810-9d341253ffef&quot;,
        &quot;isMenu&quot;: false,
        &quot;key&quot;: &quot;Language.Delete&quot;,
        &quot;parentId&quot;: &quot;7d117917-ff5a-448f-ae1c-71b123ffabc0&quot;,
        &quot;unAuthorizedProps&quot;: {
          &quot;visible&quot;: false,
          &quot;disabled&quot;: false
        },
        &quot;actionName&quot;: &quot;Delete&quot;
      },
      {
        &quot;routePath&quot;: null,
        &quot;iconName&quot;: null,
        &quot;controllerName&quot;: &quot;Order&quot;,
        &quot;name&quot;: &quot;Order Find&quot;,
        &quot;displayOrder&quot;: 0,
        &quot;description&quot;: null,
        &quot;id&quot;: &quot;28593029-bc36-4e20-86b9-c1703b181edd&quot;,
        &quot;isMenu&quot;: false,
        &quot;key&quot;: &quot;Order.Find&quot;,
        &quot;parentId&quot;: &quot;872b9f8c-c48d-dfeb-de32-1be0c3c38dbb&quot;,
        &quot;unAuthorizedProps&quot;: {
          &quot;visible&quot;: false,
          &quot;disabled&quot;: false
        },
        &quot;actionName&quot;: &quot;Find&quot;
      },
      {
        &quot;routePath&quot;: null,
        &quot;iconName&quot;: null,
        &quot;controllerName&quot;: &quot;SubRegion&quot;,
        &quot;name&quot;: &quot;SubRegion Create&quot;,
        &quot;displayOrder&quot;: 0,
        &quot;description&quot;: null,
        &quot;id&quot;: &quot;5645a151-6053-4f7b-ab7b-d8503cbb1aba&quot;,
        &quot;isMenu&quot;: false,
        &quot;key&quot;: &quot;SubRegion.Create&quot;,
        &quot;parentId&quot;: &quot;5016a026-6957-41ab-8cda-9bd37afe0841&quot;,
        &quot;unAuthorizedProps&quot;: {
          &quot;visible&quot;: false,
          &quot;disabled&quot;: false
        },
        &quot;actionName&quot;: &quot;Create&quot;
      },
      {
        &quot;routePath&quot;: &quot;dashboards&quot;,
        &quot;iconName&quot;: &quot;dashboardSVG&quot;,
        &quot;controllerName&quot;: &quot;Dashboard&quot;,
        &quot;name&quot;: &quot;Analytics&quot;,
        &quot;displayOrder&quot;: 300,
        &quot;description&quot;: null,
        &quot;id&quot;: &quot;0b0fd9e8-2ae5-40f8-9373-deafc8c5770d&quot;,
        &quot;isMenu&quot;: true,
        &quot;key&quot;: &quot;Dashboard.Index&quot;,
        &quot;parentId&quot;: null,
        &quot;unAuthorizedProps&quot;: {
          &quot;visible&quot;: false,
          &quot;disabled&quot;: false
        },
        &quot;actionName&quot;: &quot;Index&quot;
      },
      {
        &quot;routePath&quot;: null,
        &quot;iconName&quot;: null,
        &quot;controllerName&quot;: &quot;ServiceArea&quot;,
        &quot;name&quot;: &quot;ServiceArea Edit&quot;,
        &quot;displayOrder&quot;: 0,
        &quot;description&quot;: null,
        &quot;id&quot;: &quot;dccac413-6147-41f2-a093-0f85c770405a&quot;,
        &quot;isMenu&quot;: false,
        &quot;key&quot;: &quot;ServiceArea.Edit&quot;,
        &quot;parentId&quot;: &quot;6510260c-2670-4f71-96ed-8f12986fb9cf&quot;,
        &quot;unAuthorizedProps&quot;: {
          &quot;visible&quot;: false,
          &quot;disabled&quot;: false
        },
        &quot;actionName&quot;: &quot;Edit&quot;
      },
      {
        &quot;routePath&quot;: null,
        &quot;iconName&quot;: null,
        &quot;controllerName&quot;: &quot;Employee&quot;,
        &quot;name&quot;: &quot;Employee Create&quot;,
        &quot;displayOrder&quot;: 0,
        &quot;description&quot;: null,
        &quot;id&quot;: &quot;c5270ce8-af43-4c0c-aae3-461b204b6154&quot;,
        &quot;isMenu&quot;: false,
        &quot;key&quot;: &quot;Employee.Create&quot;,
        &quot;parentId&quot;: &quot;e4a8e904-698e-4596-92c3-b40206b19179&quot;,
        &quot;unAuthorizedProps&quot;: {
          &quot;visible&quot;: false,
          &quot;disabled&quot;: false
        },
        &quot;actionName&quot;: &quot;Create&quot;
      },
      {
        &quot;routePath&quot;: null,
        &quot;iconName&quot;: null,
        &quot;controllerName&quot;: &quot;Order&quot;,
        &quot;name&quot;: &quot;Order List&quot;,
        &quot;displayOrder&quot;: 0,
        &quot;description&quot;: null,
        &quot;id&quot;: &quot;5644a0fc-aab8-4a88-9bcc-a71f29a6bb49&quot;,
        &quot;isMenu&quot;: false,
        &quot;key&quot;: &quot;Order.List&quot;,
        &quot;parentId&quot;: &quot;872b9f8c-c48d-dfeb-de32-1be0c3c38dbb&quot;,
        &quot;unAuthorizedProps&quot;: {
          &quot;visible&quot;: false,
          &quot;disabled&quot;: false
        },
        &quot;actionName&quot;: &quot;List&quot;
      },
      {
        &quot;routePath&quot;: null,
        &quot;iconName&quot;: null,
        &quot;controllerName&quot;: &quot;Language&quot;,
        &quot;name&quot;: &quot;Language Find&quot;,
        &quot;displayOrder&quot;: 0,
        &quot;description&quot;: null,
        &quot;id&quot;: &quot;ac47e514-e60f-466f-a16c-401a478bbce7&quot;,
        &quot;isMenu&quot;: false,
        &quot;key&quot;: &quot;Language.Find&quot;,
        &quot;parentId&quot;: &quot;7d117917-ff5a-448f-ae1c-71b123ffabc0&quot;,
        &quot;unAuthorizedProps&quot;: {
          &quot;visible&quot;: false,
          &quot;disabled&quot;: false
        },
        &quot;actionName&quot;: &quot;Find&quot;
      },
      {
        &quot;routePath&quot;: null,
        &quot;iconName&quot;: null,
        &quot;controllerName&quot;: &quot;Employee&quot;,
        &quot;name&quot;: &quot;Employee List&quot;,
        &quot;displayOrder&quot;: 0,
        &quot;description&quot;: null,
        &quot;id&quot;: &quot;85b2a11c-84bd-40bf-87b5-226546bb7272&quot;,
        &quot;isMenu&quot;: false,
        &quot;key&quot;: &quot;Employee.List&quot;,
        &quot;parentId&quot;: &quot;e4a8e904-698e-4596-92c3-b40206b19179&quot;,
        &quot;unAuthorizedProps&quot;: {
          &quot;visible&quot;: false,
          &quot;disabled&quot;: false
        },
        &quot;actionName&quot;: &quot;List&quot;
      },
      {
        &quot;routePath&quot;: null,
        &quot;iconName&quot;: null,
        &quot;controllerName&quot;: &quot;Country&quot;,
        &quot;name&quot;: &quot;Country Delete&quot;,
        &quot;displayOrder&quot;: 0,
        &quot;description&quot;: null,
        &quot;id&quot;: &quot;6107f9a1-4fbe-46fc-82eb-55acf38ead7d&quot;,
        &quot;isMenu&quot;: false,
        &quot;key&quot;: &quot;Country.Delete&quot;,
        &quot;parentId&quot;: &quot;9c15db73-badc-4894-ab1b-d8261bac91c2&quot;,
        &quot;unAuthorizedProps&quot;: {
          &quot;visible&quot;: false,
          &quot;disabled&quot;: false
        },
        &quot;actionName&quot;: &quot;Delete&quot;
      },
      {
        &quot;routePath&quot;: null,
        &quot;iconName&quot;: null,
        &quot;controllerName&quot;: &quot;Category&quot;,
        &quot;name&quot;: &quot;Category ListForFilter&quot;,
        &quot;displayOrder&quot;: 0,
        &quot;description&quot;: null,
        &quot;id&quot;: &quot;f057072d-c8d8-4140-880a-ad2a61df8381&quot;,
        &quot;isMenu&quot;: false,
        &quot;key&quot;: &quot;Category.ListForFilter&quot;,
        &quot;parentId&quot;: &quot;9bbddb67-d7f2-44d3-8d09-6bd04f8b6f79&quot;,
        &quot;unAuthorizedProps&quot;: {
          &quot;visible&quot;: false,
          &quot;disabled&quot;: false
        },
        &quot;actionName&quot;: &quot;ListForFilter&quot;
      },
      {
        &quot;routePath&quot;: &quot;categories&quot;,
        &quot;iconName&quot;: &quot;categorySVG&quot;,
        &quot;controllerName&quot;: &quot;Category&quot;,
        &quot;name&quot;: &quot;Categories&quot;,
        &quot;displayOrder&quot;: 400,
        &quot;description&quot;: null,
        &quot;id&quot;: &quot;501d66f1-cdeb-4f10-85d2-6e00d60e36c9&quot;,
        &quot;isMenu&quot;: true,
        &quot;key&quot;: &quot;Category.Index&quot;,
        &quot;parentId&quot;: &quot;8b40e125-ffeb-4cf1-ba4b-0ac72aac09d9&quot;,
        &quot;unAuthorizedProps&quot;: {
          &quot;visible&quot;: false,
          &quot;disabled&quot;: false
        },
        &quot;actionName&quot;: &quot;Index&quot;
      },
      {
        &quot;routePath&quot;: null,
        &quot;iconName&quot;: null,
        &quot;controllerName&quot;: &quot;ZipCode&quot;,
        &quot;name&quot;: &quot;ZipCode Edit&quot;,
        &quot;displayOrder&quot;: 0,
        &quot;description&quot;: null,
        &quot;id&quot;: &quot;a5fdf875-fb0a-456a-bd3d-8428d97760af&quot;,
        &quot;isMenu&quot;: false,
        &quot;key&quot;: &quot;ZipCode.Edit&quot;,
        &quot;parentId&quot;: &quot;8aa34e38-533b-4ab7-bad7-0eaa7b5dec9c&quot;,
        &quot;unAuthorizedProps&quot;: {
          &quot;visible&quot;: false,
          &quot;disabled&quot;: false
        },
        &quot;actionName&quot;: &quot;Edit&quot;
      },
      {
        &quot;routePath&quot;: null,
        &quot;iconName&quot;: null,
        &quot;controllerName&quot;: &quot;Order&quot;,
        &quot;name&quot;: &quot;Order FindOrdersByUserId&quot;,
        &quot;displayOrder&quot;: 0,
        &quot;description&quot;: null,
        &quot;id&quot;: &quot;68d99af4-6abe-48d5-9ef2-c1cdb594e356&quot;,
        &quot;isMenu&quot;: false,
        &quot;key&quot;: &quot;Order.FindOrdersByUserId&quot;,
        &quot;parentId&quot;: &quot;872b9f8c-c48d-dfeb-de32-1be0c3c38dbb&quot;,
        &quot;unAuthorizedProps&quot;: {
          &quot;visible&quot;: false,
          &quot;disabled&quot;: false
        },
        &quot;actionName&quot;: &quot;FindOrdersByUserId&quot;
      },
      {
        &quot;routePath&quot;: null,
        &quot;iconName&quot;: null,
        &quot;controllerName&quot;: &quot;Address&quot;,
        &quot;name&quot;: &quot;Address Index&quot;,
        &quot;displayOrder&quot;: 0,
        &quot;description&quot;: null,
        &quot;id&quot;: &quot;c3c514ef-1964-4c94-b13a-8bdd83a5b1cb&quot;,
        &quot;isMenu&quot;: false,
        &quot;key&quot;: &quot;Address.Index&quot;,
        &quot;parentId&quot;: null,
        &quot;unAuthorizedProps&quot;: {
          &quot;visible&quot;: false,
          &quot;disabled&quot;: false
        },
        &quot;actionName&quot;: &quot;Index&quot;
      },
      {
        &quot;routePath&quot;: null,
        &quot;iconName&quot;: null,
        &quot;controllerName&quot;: &quot;State&quot;,
        &quot;name&quot;: &quot;State Find&quot;,
        &quot;displayOrder&quot;: 0,
        &quot;description&quot;: null,
        &quot;id&quot;: &quot;749873e1-e852-4fc8-ab64-f1da0b433957&quot;,
        &quot;isMenu&quot;: false,
        &quot;key&quot;: &quot;State.Find&quot;,
        &quot;parentId&quot;: &quot;4842baa6-3b5e-40d1-ba2c-aa896962f8a7&quot;,
        &quot;unAuthorizedProps&quot;: {
          &quot;visible&quot;: false,
          &quot;disabled&quot;: false
        },
        &quot;actionName&quot;: &quot;Find&quot;
      },
      {
        &quot;routePath&quot;: null,
        &quot;iconName&quot;: null,
        &quot;controllerName&quot;: &quot;Order&quot;,
        &quot;name&quot;: &quot;Order Edit&quot;,
        &quot;displayOrder&quot;: 0,
        &quot;description&quot;: null,
        &quot;id&quot;: &quot;9ae4817f-4442-47af-a281-0b3c0d40862e&quot;,
        &quot;isMenu&quot;: false,
        &quot;key&quot;: &quot;Order.Edit&quot;,
        &quot;parentId&quot;: &quot;872b9f8c-c48d-dfeb-de32-1be0c3c38dbb&quot;,
        &quot;unAuthorizedProps&quot;: {
          &quot;visible&quot;: false,
          &quot;disabled&quot;: false
        },
        &quot;actionName&quot;: &quot;Edit&quot;
      },
      {
        &quot;routePath&quot;: null,
        &quot;iconName&quot;: null,
        &quot;controllerName&quot;: &quot;Customer&quot;,
        &quot;name&quot;: &quot;Customer RemoteSearchForCustomer&quot;,
        &quot;displayOrder&quot;: 0,
        &quot;description&quot;: null,
        &quot;id&quot;: &quot;6c5194cb-40ed-4c65-81e7-b8588de65998&quot;,
        &quot;isMenu&quot;: false,
        &quot;key&quot;: &quot;Customer.RemoteSearchForCustomer&quot;,
        &quot;parentId&quot;: &quot;07b60a01-5846-422c-b1c6-1c7a382dbd0e&quot;,
        &quot;unAuthorizedProps&quot;: {
          &quot;visible&quot;: false,
          &quot;disabled&quot;: false
        },
        &quot;actionName&quot;: &quot;RemoteSearchForCustomer&quot;
      },
      {
        &quot;routePath&quot;: null,
        &quot;iconName&quot;: null,
        &quot;controllerName&quot;: &quot;Campaign&quot;,
        &quot;name&quot;: &quot;Campaign Upload Picture&quot;,
        &quot;displayOrder&quot;: 0,
        &quot;description&quot;: null,
        &quot;id&quot;: &quot;939d1f32-170d-4457-ba5b-9e7963a1f44d&quot;,
        &quot;isMenu&quot;: false,
        &quot;key&quot;: &quot;Campaign.UploadCampaignPicture&quot;,
        &quot;parentId&quot;: &quot;fd2f794b-65fb-4da6-9bdb-835c466e4321&quot;,
        &quot;unAuthorizedProps&quot;: {
          &quot;visible&quot;: false,
          &quot;disabled&quot;: false
        },
        &quot;actionName&quot;: &quot;UploadCampaignPicture&quot;
      },
      {
        &quot;routePath&quot;: null,
        &quot;iconName&quot;: null,
        &quot;controllerName&quot;: &quot;Permission&quot;,
        &quot;name&quot;: &quot;Permission Edit&quot;,
        &quot;displayOrder&quot;: 0,
        &quot;description&quot;: null,
        &quot;id&quot;: &quot;fac3a453-994e-43cc-876d-e9c0edc059aa&quot;,
        &quot;isMenu&quot;: false,
        &quot;key&quot;: &quot;Permission.Edit&quot;,
        &quot;parentId&quot;: &quot;213aad81-551b-49f7-9d15-f11f5b9e7e88&quot;,
        &quot;unAuthorizedProps&quot;: {
          &quot;visible&quot;: false,
          &quot;disabled&quot;: false
        },
        &quot;actionName&quot;: &quot;Edit&quot;
      },
      {
        &quot;routePath&quot;: null,
        &quot;iconName&quot;: null,
        &quot;controllerName&quot;: &quot;SubRegion&quot;,
        &quot;name&quot;: &quot;SubRegion Find&quot;,
        &quot;displayOrder&quot;: 0,
        &quot;description&quot;: null,
        &quot;id&quot;: &quot;c04774f1-327c-4343-b9bb-35aa8cf11007&quot;,
        &quot;isMenu&quot;: false,
        &quot;key&quot;: &quot;SubRegion.Find&quot;,
        &quot;parentId&quot;: &quot;5016a026-6957-41ab-8cda-9bd37afe0841&quot;,
        &quot;unAuthorizedProps&quot;: {
          &quot;visible&quot;: false,
          &quot;disabled&quot;: false
        },
        &quot;actionName&quot;: &quot;Find&quot;
      },
      {
        &quot;routePath&quot;: &quot;resources&quot;,
        &quot;iconName&quot;: &quot;resourceSVG&quot;,
        &quot;controllerName&quot;: &quot;LocaleResource&quot;,
        &quot;name&quot;: &quot;Resource&quot;,
        &quot;displayOrder&quot;: 910,
        &quot;description&quot;: null,
        &quot;id&quot;: &quot;4c1a6c0d-765c-444a-b7c8-49e99f61d47b&quot;,
        &quot;isMenu&quot;: true,
        &quot;key&quot;: &quot;LocaleResource.Index&quot;,
        &quot;parentId&quot;: &quot;8f4ea0ae-2382-4769-8584-5f2f2b1520c8&quot;,
        &quot;unAuthorizedProps&quot;: {
          &quot;visible&quot;: false,
          &quot;disabled&quot;: false
        },
        &quot;actionName&quot;: &quot;Index&quot;
      },
      {
        &quot;routePath&quot;: null,
        &quot;iconName&quot;: &quot;blackListSVG&quot;,
        &quot;controllerName&quot;: &quot;BlackList&quot;,
        &quot;name&quot;: &quot;Black List List&quot;,
        &quot;displayOrder&quot;: 0,
        &quot;description&quot;: null,
        &quot;id&quot;: &quot;96f6bf8e-c5b2-46ee-ade0-f00025140813&quot;,
        &quot;isMenu&quot;: false,
        &quot;key&quot;: &quot;BlackList.List&quot;,
        &quot;parentId&quot;: &quot;d273c43d-77c8-4b88-8d35-9ec20a90bd11&quot;,
        &quot;unAuthorizedProps&quot;: {
          &quot;visible&quot;: false,
          &quot;disabled&quot;: false
        },
        &quot;actionName&quot;: &quot;List&quot;
      },
      {
        &quot;routePath&quot;: null,
        &quot;iconName&quot;: null,
        &quot;controllerName&quot;: &quot;County&quot;,
        &quot;name&quot;: &quot;County List&quot;,
        &quot;displayOrder&quot;: 0,
        &quot;description&quot;: null,
        &quot;id&quot;: &quot;b585755d-7f4f-43b0-8d1e-f2d807abcec4&quot;,
        &quot;isMenu&quot;: false,
        &quot;key&quot;: &quot;County.List&quot;,
        &quot;parentId&quot;: &quot;28a7ee86-bfd8-408f-97d3-82a96e1cbcc6&quot;,
        &quot;unAuthorizedProps&quot;: {
          &quot;visible&quot;: false,
          &quot;disabled&quot;: false
        },
        &quot;actionName&quot;: &quot;List&quot;
      },
      {
        &quot;routePath&quot;: null,
        &quot;iconName&quot;: null,
        &quot;controllerName&quot;: &quot;LocaleResource&quot;,
        &quot;name&quot;: &quot;LocaleResource Find&quot;,
        &quot;displayOrder&quot;: 0,
        &quot;description&quot;: null,
        &quot;id&quot;: &quot;8a3bd0e4-9a78-449b-bf34-61a097848b9b&quot;,
        &quot;isMenu&quot;: false,
        &quot;key&quot;: &quot;LocaleResource.Find&quot;,
        &quot;parentId&quot;: &quot;4c1a6c0d-765c-444a-b7c8-49e99f61d47b&quot;,
        &quot;unAuthorizedProps&quot;: {
          &quot;visible&quot;: false,
          &quot;disabled&quot;: false
        },
        &quot;actionName&quot;: &quot;Find&quot;
      },
      {
        &quot;routePath&quot;: null,
        &quot;iconName&quot;: null,
        &quot;controllerName&quot;: &quot;ServiceArea&quot;,
        &quot;name&quot;: &quot;ServiceArea Delete&quot;,
        &quot;displayOrder&quot;: 0,
        &quot;description&quot;: null,
        &quot;id&quot;: &quot;aa63520c-b6b3-4475-8516-d9ed4e71ae82&quot;,
        &quot;isMenu&quot;: false,
        &quot;key&quot;: &quot;ServiceArea.Delete&quot;,
        &quot;parentId&quot;: &quot;6510260c-2670-4f71-96ed-8f12986fb9cf&quot;,
        &quot;unAuthorizedProps&quot;: {
          &quot;visible&quot;: false,
          &quot;disabled&quot;: false
        },
        &quot;actionName&quot;: &quot;Delete&quot;
      },
      {
        &quot;routePath&quot;: null,
        &quot;iconName&quot;: null,
        &quot;controllerName&quot;: &quot;Permission&quot;,
        &quot;name&quot;: &quot;Permission Delete&quot;,
        &quot;displayOrder&quot;: 0,
        &quot;description&quot;: null,
        &quot;id&quot;: &quot;acdf48fe-e099-4a8c-a80c-75a3bfe58940&quot;,
        &quot;isMenu&quot;: false,
        &quot;key&quot;: &quot;Permission.Delete&quot;,
        &quot;parentId&quot;: &quot;213aad81-551b-49f7-9d15-f11f5b9e7e88&quot;,
        &quot;unAuthorizedProps&quot;: {
          &quot;visible&quot;: false,
          &quot;disabled&quot;: false
        },
        &quot;actionName&quot;: &quot;Delete&quot;
      },
      {
        &quot;routePath&quot;: &quot;tech-support&quot;,
        &quot;iconName&quot;: &quot;supportSVG&quot;,
        &quot;controllerName&quot;: &quot;Tech&quot;,
        &quot;name&quot;: &quot;Tech Support&quot;,
        &quot;displayOrder&quot;: 1000,
        &quot;description&quot;: null,
        &quot;id&quot;: &quot;7c8e8441-579f-4552-a9f8-b6d5a9f1df3c&quot;,
        &quot;isMenu&quot;: true,
        &quot;key&quot;: &quot;Tech.Support&quot;,
        &quot;parentId&quot;: &quot;5b7cb896-ff20-4798-8468-df6c7f3be073&quot;,
        &quot;unAuthorizedProps&quot;: {
          &quot;visible&quot;: false,
          &quot;disabled&quot;: false
        },
        &quot;actionName&quot;: &quot;Support&quot;
      },
      {
        &quot;routePath&quot;: null,
        &quot;iconName&quot;: null,
        &quot;controllerName&quot;: &quot;Region&quot;,
        &quot;name&quot;: &quot;Region Find&quot;,
        &quot;displayOrder&quot;: 0,
        &quot;description&quot;: null,
        &quot;id&quot;: &quot;373140df-79dd-4adc-b233-0d8f50f44dda&quot;,
        &quot;isMenu&quot;: false,
        &quot;key&quot;: &quot;Region.Find&quot;,
        &quot;parentId&quot;: &quot;636ed702-38d2-4f20-967d-54564a31315f&quot;,
        &quot;unAuthorizedProps&quot;: {
          &quot;visible&quot;: false,
          &quot;disabled&quot;: false
        },
        &quot;actionName&quot;: &quot;Find&quot;
      },
      {
        &quot;routePath&quot;: null,
        &quot;iconName&quot;: null,
        &quot;controllerName&quot;: &quot;County&quot;,
        &quot;name&quot;: &quot;County Delete&quot;,
        &quot;displayOrder&quot;: 0,
        &quot;description&quot;: null,
        &quot;id&quot;: &quot;b359ba12-bf6f-4788-9f9a-c8fd1798258b&quot;,
        &quot;isMenu&quot;: false,
        &quot;key&quot;: &quot;County.Delete&quot;,
        &quot;parentId&quot;: &quot;28a7ee86-bfd8-408f-97d3-82a96e1cbcc6&quot;,
        &quot;unAuthorizedProps&quot;: {
          &quot;visible&quot;: false,
          &quot;disabled&quot;: false
        },
        &quot;actionName&quot;: &quot;Delete&quot;
      },
      {
        &quot;routePath&quot;: null,
        &quot;iconName&quot;: null,
        &quot;controllerName&quot;: &quot;LocaleResource&quot;,
        &quot;name&quot;: &quot;LocaleResource Edit&quot;,
        &quot;displayOrder&quot;: 0,
        &quot;description&quot;: null,
        &quot;id&quot;: &quot;577e23af-d37c-4a77-bb18-40d89a3f6d66&quot;,
        &quot;isMenu&quot;: false,
        &quot;key&quot;: &quot;LocaleResource.Edit&quot;,
        &quot;parentId&quot;: &quot;4c1a6c0d-765c-444a-b7c8-49e99f61d47b&quot;,
        &quot;unAuthorizedProps&quot;: {
          &quot;visible&quot;: false,
          &quot;disabled&quot;: false
        },
        &quot;actionName&quot;: &quot;Edit&quot;
      },
      {
        &quot;routePath&quot;: &quot;map&quot;,
        &quot;iconName&quot;: &quot;mapSVG&quot;,
        &quot;controllerName&quot;: &quot;Admin&quot;,
        &quot;name&quot;: &quot;Map&quot;,
        &quot;displayOrder&quot;: 200,
        &quot;description&quot;: null,
        &quot;id&quot;: &quot;65e94cad-f24a-7d0e-3a21-de1a1e5e8765&quot;,
        &quot;isMenu&quot;: false,
        &quot;key&quot;: &quot;Admin.Map&quot;,
        &quot;parentId&quot;: null,
        &quot;unAuthorizedProps&quot;: {
          &quot;visible&quot;: false,
          &quot;disabled&quot;: false
        },
        &quot;actionName&quot;: &quot;Map&quot;
      },
      {
        &quot;routePath&quot;: null,
        &quot;iconName&quot;: null,
        &quot;controllerName&quot;: &quot;LocaleResource&quot;,
        &quot;name&quot;: &quot;LocaleResource Export&quot;,
        &quot;displayOrder&quot;: 0,
        &quot;description&quot;: null,
        &quot;id&quot;: &quot;cc2a0054-37f4-4f72-80cd-56e918590d0c&quot;,
        &quot;isMenu&quot;: false,
        &quot;key&quot;: &quot;LocaleResource.Export&quot;,
        &quot;parentId&quot;: &quot;4c1a6c0d-765c-444a-b7c8-49e99f61d47b&quot;,
        &quot;unAuthorizedProps&quot;: {
          &quot;visible&quot;: false,
          &quot;disabled&quot;: false
        },
        &quot;actionName&quot;: &quot;Export&quot;
      },
      {
        &quot;routePath&quot;: null,
        &quot;iconName&quot;: &quot;RemoteSearchForProductName&quot;,
        &quot;controllerName&quot;: &quot;Product&quot;,
        &quot;name&quot;: &quot;Product RemoteSearchForProductName&quot;,
        &quot;displayOrder&quot;: 0,
        &quot;description&quot;: null,
        &quot;id&quot;: &quot;5f84cdde-5800-48ce-b690-86628a41f98c&quot;,
        &quot;isMenu&quot;: false,
        &quot;key&quot;: &quot;Product.RemoteSearchForProductName&quot;,
        &quot;parentId&quot;: &quot;1858607f-58c2-4c69-8078-f2756c5ca81e&quot;,
        &quot;unAuthorizedProps&quot;: {
          &quot;visible&quot;: false,
          &quot;disabled&quot;: false
        },
        &quot;actionName&quot;: &quot;RemoteSearchForProductName&quot;
      },
      {
        &quot;routePath&quot;: &quot;&quot;,
        &quot;iconName&quot;: &quot;usersSVG&quot;,
        &quot;controllerName&quot;: &quot;User&quot;,
        &quot;name&quot;: &quot;Users&quot;,
        &quot;displayOrder&quot;: 600,
        &quot;description&quot;: null,
        &quot;id&quot;: &quot;8b04f24a-f777-5455-9d4b-5d32257d3d62&quot;,
        &quot;isMenu&quot;: true,
        &quot;key&quot;: &quot;User.Index&quot;,
        &quot;parentId&quot;: null,
        &quot;unAuthorizedProps&quot;: {
          &quot;visible&quot;: false,
          &quot;disabled&quot;: false
        },
        &quot;actionName&quot;: &quot;Index&quot;
      },
      {
        &quot;routePath&quot;: &quot;productmanagement&quot;,
        &quot;iconName&quot;: &quot;productSVG&quot;,
        &quot;controllerName&quot;: &quot;Product&quot;,
        &quot;name&quot;: &quot;Feature Ideation&quot;,
        &quot;displayOrder&quot;: 999,
        &quot;description&quot;: null,
        &quot;id&quot;: &quot;0d5f6f26-1114-4503-95da-fff6063915b6&quot;,
        &quot;isMenu&quot;: true,
        &quot;key&quot;: &quot;Product.Management&quot;,
        &quot;parentId&quot;: &quot;5b7cb896-ff20-4798-8468-df6c7f3be073&quot;,
        &quot;unAuthorizedProps&quot;: {
          &quot;visible&quot;: false,
          &quot;disabled&quot;: false
        },
        &quot;actionName&quot;: &quot;Management&quot;
      },
      {
        &quot;routePath&quot;: null,
        &quot;iconName&quot;: null,
        &quot;controllerName&quot;: &quot;Category&quot;,
        &quot;name&quot;: &quot;Category GetCategoryByParent&quot;,
        &quot;displayOrder&quot;: 0,
        &quot;description&quot;: null,
        &quot;id&quot;: &quot;5d731e1f-4111-4737-a729-9d476ac966a5&quot;,
        &quot;isMenu&quot;: false,
        &quot;key&quot;: &quot;Category.GetCategoryByParent&quot;,
        &quot;parentId&quot;: &quot;9bbddb67-d7f2-44d3-8d09-6bd04f8b6f79&quot;,
        &quot;unAuthorizedProps&quot;: {
          &quot;visible&quot;: false,
          &quot;disabled&quot;: false
        },
        &quot;actionName&quot;: &quot;GetCategoryByParent&quot;
      },
      {
        &quot;routePath&quot;: null,
        &quot;iconName&quot;: null,
        &quot;controllerName&quot;: &quot;Customer&quot;,
        &quot;name&quot;: &quot;Customer List&quot;,
        &quot;displayOrder&quot;: 0,
        &quot;description&quot;: null,
        &quot;id&quot;: &quot;bbe76549-965a-45b4-9680-86bac515fc1b&quot;,
        &quot;isMenu&quot;: false,
        &quot;key&quot;: &quot;Customer.List&quot;,
        &quot;parentId&quot;: &quot;07b60a01-5846-422c-b1c6-1c7a382dbd0e&quot;,
        &quot;unAuthorizedProps&quot;: {
          &quot;visible&quot;: false,
          &quot;disabled&quot;: false
        },
        &quot;actionName&quot;: &quot;List&quot;
      },
      {
        &quot;routePath&quot;: &quot;settings&quot;,
        &quot;iconName&quot;: &quot;settingsSVG&quot;,
        &quot;controllerName&quot;: &quot;Setting&quot;,
        &quot;name&quot;: &quot;Settings&quot;,
        &quot;displayOrder&quot;: 1000,
        &quot;description&quot;: null,
        &quot;id&quot;: &quot;ccc7592a-301d-4d63-aa26-09e92194ca01&quot;,
        &quot;isMenu&quot;: true,
        &quot;key&quot;: &quot;Setting.Index&quot;,
        &quot;parentId&quot;: null,
        &quot;unAuthorizedProps&quot;: {
          &quot;visible&quot;: false,
          &quot;disabled&quot;: false
        },
        &quot;actionName&quot;: &quot;Index&quot;
      },
      {
        &quot;routePath&quot;: null,
        &quot;iconName&quot;: null,
        &quot;controllerName&quot;: &quot;LocaleResource&quot;,
        &quot;name&quot;: &quot;LocaleResource Index&quot;,
        &quot;displayOrder&quot;: 0,
        &quot;description&quot;: &quot;LocaleResource Index &quot;,
        &quot;id&quot;: &quot;b88d0e35-5b99-4daf-9c2f-ff36aab9197e&quot;,
        &quot;isMenu&quot;: false,
        &quot;key&quot;: &quot;LocaleResource.Index&quot;,
        &quot;parentId&quot;: &quot;4c1a6c0d-765c-444a-b7c8-49e99f61d47b&quot;,
        &quot;unAuthorizedProps&quot;: {
          &quot;visible&quot;: false,
          &quot;disabled&quot;: false
        },
        &quot;actionName&quot;: &quot;Index&quot;
      },
      {
        &quot;routePath&quot;: null,
        &quot;iconName&quot;: null,
        &quot;controllerName&quot;: &quot;Warehouse&quot;,
        &quot;name&quot;: &quot;Warehouse EditWarehouseState&quot;,
        &quot;displayOrder&quot;: 0,
        &quot;description&quot;: null,
        &quot;id&quot;: &quot;fb7d3fd3-e816-4921-98ae-178c750b951a&quot;,
        &quot;isMenu&quot;: false,
        &quot;key&quot;: &quot;Warehouse.EditWarehouseState&quot;,
        &quot;parentId&quot;: &quot;7a99d565-0e98-95af-19bd-814011ea2417&quot;,
        &quot;unAuthorizedProps&quot;: {
          &quot;visible&quot;: false,
          &quot;disabled&quot;: false
        },
        &quot;actionName&quot;: &quot;EditWarehouseState&quot;
      },
      {
        &quot;routePath&quot;: &quot;vehicles&quot;,
        &quot;iconName&quot;: &quot;vehicleSVG&quot;,
        &quot;controllerName&quot;: &quot;Vehicle&quot;,
        &quot;name&quot;: &quot;Vehicles&quot;,
        &quot;displayOrder&quot;: 900,
        &quot;description&quot;: null,
        &quot;id&quot;: &quot;27436094-fc09-48ea-ae79-8ea2b4517866&quot;,
        &quot;isMenu&quot;: false,
        &quot;key&quot;: &quot;Vehicle.Index&quot;,
        &quot;parentId&quot;: null,
        &quot;unAuthorizedProps&quot;: {
          &quot;visible&quot;: false,
          &quot;disabled&quot;: false
        },
        &quot;actionName&quot;: &quot;Index&quot;
      },
      {
        &quot;routePath&quot;: null,
        &quot;iconName&quot;: null,
        &quot;controllerName&quot;: &quot;Warehouse&quot;,
        &quot;name&quot;: &quot;Warehouse List&quot;,
        &quot;displayOrder&quot;: 0,
        &quot;description&quot;: null,
        &quot;id&quot;: &quot;ac3e564a-4cc4-453d-8938-2563ef62921f&quot;,
        &quot;isMenu&quot;: false,
        &quot;key&quot;: &quot;Warehouse.List&quot;,
        &quot;parentId&quot;: &quot;7a99d565-0e98-95af-19bd-814011ea2417&quot;,
        &quot;unAuthorizedProps&quot;: {
          &quot;visible&quot;: false,
          &quot;disabled&quot;: false
        },
        &quot;actionName&quot;: &quot;List&quot;
      },
      {
        &quot;routePath&quot;: null,
        &quot;iconName&quot;: null,
        &quot;controllerName&quot;: &quot;CouponCode&quot;,
        &quot;name&quot;: &quot;CouponCode&quot;,
        &quot;displayOrder&quot;: 0,
        &quot;description&quot;: null,
        &quot;id&quot;: &quot;5aaef586-e311-4265-a241-6eb9758d6541&quot;,
        &quot;isMenu&quot;: false,
        &quot;key&quot;: &quot;CouponCode.ListForFilter&quot;,
        &quot;parentId&quot;: null,
        &quot;unAuthorizedProps&quot;: {
          &quot;visible&quot;: false,
          &quot;disabled&quot;: false
        },
        &quot;actionName&quot;: &quot;ListForFilter&quot;
      },
      {
        &quot;routePath&quot;: null,
        &quot;iconName&quot;: null,
        &quot;controllerName&quot;: &quot;State&quot;,
        &quot;name&quot;: &quot;State Edit&quot;,
        &quot;displayOrder&quot;: 0,
        &quot;description&quot;: null,
        &quot;id&quot;: &quot;581b4c8a-cce8-447b-98b5-1f29f9aae457&quot;,
        &quot;isMenu&quot;: false,
        &quot;key&quot;: &quot;State.Edit&quot;,
        &quot;parentId&quot;: &quot;4842baa6-3b5e-40d1-ba2c-aa896962f8a7&quot;,
        &quot;unAuthorizedProps&quot;: {
          &quot;visible&quot;: false,
          &quot;disabled&quot;: false
        },
        &quot;actionName&quot;: &quot;Edit&quot;
      },
      {
        &quot;routePath&quot;: null,
        &quot;iconName&quot;: null,
        &quot;controllerName&quot;: &quot;Country&quot;,
        &quot;name&quot;: &quot;Country Edit&quot;,
        &quot;displayOrder&quot;: 0,
        &quot;description&quot;: null,
        &quot;id&quot;: &quot;117355ed-1004-4b13-beb3-2ee0056892f1&quot;,
        &quot;isMenu&quot;: false,
        &quot;key&quot;: &quot;Country.Edit&quot;,
        &quot;parentId&quot;: &quot;9c15db73-badc-4894-ab1b-d8261bac91c2&quot;,
        &quot;unAuthorizedProps&quot;: {
          &quot;visible&quot;: false,
          &quot;disabled&quot;: false
        },
        &quot;actionName&quot;: &quot;Edit&quot;
      },
      {
        &quot;routePath&quot;: &quot;geo-areas&quot;,
        &quot;iconName&quot;: &quot;geo-areasSVG&quot;,
        &quot;controllerName&quot;: &quot;GeoArea&quot;,
        &quot;name&quot;: &quot;Geo Areas&quot;,
        &quot;displayOrder&quot;: 400,
        &quot;description&quot;: null,
        &quot;id&quot;: &quot;596bb8e1-9705-be47-b70e-e0cb48edc078&quot;,
        &quot;isMenu&quot;: true,
        &quot;key&quot;: &quot;GeoArea.Index&quot;,
        &quot;parentId&quot;: null,
        &quot;unAuthorizedProps&quot;: {
          &quot;visible&quot;: false,
          &quot;disabled&quot;: false
        },
        &quot;actionName&quot;: &quot;Index&quot;
      },
      {
        &quot;routePath&quot;: null,
        &quot;iconName&quot;: null,
        &quot;controllerName&quot;: &quot;Role&quot;,
        &quot;name&quot;: &quot;Role List&quot;,
        &quot;displayOrder&quot;: 0,
        &quot;description&quot;: null,
        &quot;id&quot;: &quot;ed6b7f77-7b07-4fdd-b4eb-5dc72ed21a53&quot;,
        &quot;isMenu&quot;: false,
        &quot;key&quot;: &quot;Role.List&quot;,
        &quot;parentId&quot;: &quot;e98d2f21-52f8-41cb-9b3f-fe979b5f0578&quot;,
        &quot;unAuthorizedProps&quot;: {
          &quot;visible&quot;: false,
          &quot;disabled&quot;: false
        },
        &quot;actionName&quot;: &quot;List&quot;
      },
      {
        &quot;routePath&quot;: null,
        &quot;iconName&quot;: null,
        &quot;controllerName&quot;: &quot;Warehouse&quot;,
        &quot;name&quot;: &quot;Warehouse ListBasic&quot;,
        &quot;displayOrder&quot;: 0,
        &quot;description&quot;: null,
        &quot;id&quot;: &quot;3cd0e960-08c5-488e-82bf-e81eb0481924&quot;,
        &quot;isMenu&quot;: false,
        &quot;key&quot;: &quot;Warehouse.ListBasic&quot;,
        &quot;parentId&quot;: &quot;7a99d565-0e98-95af-19bd-814011ea2417&quot;,
        &quot;unAuthorizedProps&quot;: {
          &quot;visible&quot;: false,
          &quot;disabled&quot;: false
        },
        &quot;actionName&quot;: &quot;ListBasic&quot;
      },
      {
        &quot;routePath&quot;: null,
        &quot;iconName&quot;: null,
        &quot;controllerName&quot;: &quot;Address&quot;,
        &quot;name&quot;: &quot;Address Edit&quot;,
        &quot;displayOrder&quot;: 0,
        &quot;description&quot;: null,
        &quot;id&quot;: &quot;3e821719-5809-4a64-979f-9f373f2510d4&quot;,
        &quot;isMenu&quot;: false,
        &quot;key&quot;: &quot;Address.Edit&quot;,
        &quot;parentId&quot;: &quot;c3c514ef-1964-4c94-b13a-8bdd83a5b1cb&quot;,
        &quot;unAuthorizedProps&quot;: {
          &quot;visible&quot;: false,
          &quot;disabled&quot;: false
        },
        &quot;actionName&quot;: &quot;Edit&quot;
      },
      {
        &quot;routePath&quot;: null,
        &quot;iconName&quot;: null,
        &quot;controllerName&quot;: &quot;ServiceArea&quot;,
        &quot;name&quot;: &quot;ServiceArea Create&quot;,
        &quot;displayOrder&quot;: 0,
        &quot;description&quot;: null,
        &quot;id&quot;: &quot;20738cab-a928-4c12-9a39-29eeaf60713a&quot;,
        &quot;isMenu&quot;: false,
        &quot;key&quot;: &quot;ServiceArea.Create&quot;,
        &quot;parentId&quot;: &quot;6510260c-2670-4f71-96ed-8f12986fb9cf&quot;,
        &quot;unAuthorizedProps&quot;: {
          &quot;visible&quot;: false,
          &quot;disabled&quot;: false
        },
        &quot;actionName&quot;: &quot;Create&quot;
      },
      {
        &quot;routePath&quot;: null,
        &quot;iconName&quot;: null,
        &quot;controllerName&quot;: &quot;Setting&quot;,
        &quot;name&quot;: &quot;Setting Find&quot;,
        &quot;displayOrder&quot;: 0,
        &quot;description&quot;: null,
        &quot;id&quot;: &quot;e57a84a5-6d3e-4513-82cd-1ec64740178b&quot;,
        &quot;isMenu&quot;: false,
        &quot;key&quot;: &quot;Setting.Find&quot;,
        &quot;parentId&quot;: &quot;ccc7592a-301d-4d63-aa26-09e92194ca01&quot;,
        &quot;unAuthorizedProps&quot;: {
          &quot;visible&quot;: false,
          &quot;disabled&quot;: false
        },
        &quot;actionName&quot;: &quot;Find&quot;
      },
      {
        &quot;routePath&quot;: null,
        &quot;iconName&quot;: null,
        &quot;controllerName&quot;: &quot;SubRegion&quot;,
        &quot;name&quot;: &quot;SubRegion Edit&quot;,
        &quot;displayOrder&quot;: 0,
        &quot;description&quot;: null,
        &quot;id&quot;: &quot;befec01d-311a-4d58-8875-390d7c5143ab&quot;,
        &quot;isMenu&quot;: false,
        &quot;key&quot;: &quot;SubRegion.Edit&quot;,
        &quot;parentId&quot;: &quot;5016a026-6957-41ab-8cda-9bd37afe0841&quot;,
        &quot;unAuthorizedProps&quot;: {
          &quot;visible&quot;: false,
          &quot;disabled&quot;: false
        },
        &quot;actionName&quot;: &quot;Edit&quot;
      },
      {
        &quot;routePath&quot;: null,
        &quot;iconName&quot;: null,
        &quot;controllerName&quot;: &quot;State&quot;,
        &quot;name&quot;: &quot;State Create&quot;,
        &quot;displayOrder&quot;: 0,
        &quot;description&quot;: null,
        &quot;id&quot;: &quot;88690c06-a8b6-4e95-a176-3963af2d2b79&quot;,
        &quot;isMenu&quot;: false,
        &quot;key&quot;: &quot;State.Create&quot;,
        &quot;parentId&quot;: &quot;4842baa6-3b5e-40d1-ba2c-aa896962f8a7&quot;,
        &quot;unAuthorizedProps&quot;: {
          &quot;visible&quot;: false,
          &quot;disabled&quot;: false
        },
        &quot;actionName&quot;: &quot;Create&quot;
      },
      {
        &quot;routePath&quot;: null,
        &quot;iconName&quot;: null,
        &quot;controllerName&quot;: &quot;LocaleResource&quot;,
        &quot;name&quot;: &quot;LocaleResource Import&quot;,
        &quot;displayOrder&quot;: 0,
        &quot;description&quot;: null,
        &quot;id&quot;: &quot;a0f85551-79e4-4fd8-b9dc-7b4e0bd3f3d9&quot;,
        &quot;isMenu&quot;: false,
        &quot;key&quot;: &quot;LocaleResource.Import&quot;,
        &quot;parentId&quot;: &quot;4c1a6c0d-765c-444a-b7c8-49e99f61d47b&quot;,
        &quot;unAuthorizedProps&quot;: {
          &quot;visible&quot;: false,
          &quot;disabled&quot;: false
        },
        &quot;actionName&quot;: &quot;Import&quot;
      },
      {
        &quot;routePath&quot;: null,
        &quot;iconName&quot;: null,
        &quot;controllerName&quot;: &quot;Country&quot;,
        &quot;name&quot;: &quot;Country Create&quot;,
        &quot;displayOrder&quot;: 0,
        &quot;description&quot;: null,
        &quot;id&quot;: &quot;b4e4f143-cdff-4839-a5db-7379c79b2cc1&quot;,
        &quot;isMenu&quot;: false,
        &quot;key&quot;: &quot;Country.Create&quot;,
        &quot;parentId&quot;: &quot;9c15db73-badc-4894-ab1b-d8261bac91c2&quot;,
        &quot;unAuthorizedProps&quot;: {
          &quot;visible&quot;: false,
          &quot;disabled&quot;: false
        },
        &quot;actionName&quot;: &quot;Create&quot;
      },
      {
        &quot;routePath&quot;: null,
        &quot;iconName&quot;: null,
        &quot;controllerName&quot;: &quot;Warehouse&quot;,
        &quot;name&quot;: &quot;Warehouse Delete&quot;,
        &quot;displayOrder&quot;: 0,
        &quot;description&quot;: null,
        &quot;id&quot;: &quot;dbc3a8dd-ea84-4a11-bbfe-02a476211462&quot;,
        &quot;isMenu&quot;: false,
        &quot;key&quot;: &quot;Warehouse.Delete&quot;,
        &quot;parentId&quot;: &quot;7a99d565-0e98-95af-19bd-814011ea2417&quot;,
        &quot;unAuthorizedProps&quot;: {
          &quot;visible&quot;: false,
          &quot;disabled&quot;: false
        },
        &quot;actionName&quot;: &quot;Delete&quot;
      },
      {
        &quot;routePath&quot;: &quot;blacklist&quot;,
        &quot;iconName&quot;: &quot;blackListSVG&quot;,
        &quot;controllerName&quot;: &quot;BlackList&quot;,
        &quot;name&quot;: &quot;Black List&quot;,
        &quot;displayOrder&quot;: 0,
        &quot;description&quot;: null,
        &quot;id&quot;: &quot;d273c43d-77c8-4b88-8d35-9ec20a90bd11&quot;,
        &quot;isMenu&quot;: false,
        &quot;key&quot;: &quot;BlackList.Index&quot;,
        &quot;parentId&quot;: &quot;8b04f24a-f777-5455-9d4b-5d32257d3d62&quot;,
        &quot;unAuthorizedProps&quot;: {
          &quot;visible&quot;: false,
          &quot;disabled&quot;: false
        },
        &quot;actionName&quot;: &quot;Index&quot;
      },
      {
        &quot;routePath&quot;: null,
        &quot;iconName&quot;: &quot;control&quot;,
        &quot;controllerName&quot;: &quot;DriverApp&quot;,
        &quot;name&quot;: &quot;Control&quot;,
        &quot;displayOrder&quot;: 0,
        &quot;description&quot;: &quot;&quot;,
        &quot;id&quot;: &quot;ac0083c7-bd11-4d5a-88bd-5fdfd029d71d&quot;,
        &quot;isMenu&quot;: true,
        &quot;key&quot;: &quot;DriverApp.Control&quot;,
        &quot;parentId&quot;: &quot;673cefc5-8638-47b5-9440-8f3fa459f0b1&quot;,
        &quot;unAuthorizedProps&quot;: {
          &quot;visible&quot;: false,
          &quot;disabled&quot;: false
        },
        &quot;actionName&quot;: &quot;Control&quot;
      },
      {
        &quot;routePath&quot;: null,
        &quot;iconName&quot;: null,
        &quot;controllerName&quot;: &quot;Permission&quot;,
        &quot;name&quot;: &quot;Permission Tree&quot;,
        &quot;displayOrder&quot;: 0,
        &quot;description&quot;: null,
        &quot;id&quot;: &quot;31bf9d11-e13f-483c-835e-c0507f1c001b&quot;,
        &quot;isMenu&quot;: false,
        &quot;key&quot;: &quot;Permission.PermissionTree&quot;,
        &quot;parentId&quot;: &quot;213aad81-551b-49f7-9d15-f11f5b9e7e88&quot;,
        &quot;unAuthorizedProps&quot;: {
          &quot;visible&quot;: false,
          &quot;disabled&quot;: false
        },
        &quot;actionName&quot;: &quot;PermissionTree&quot;
      },
      {
        &quot;routePath&quot;: &quot;dashboards&quot;,
        &quot;iconName&quot;: &quot;dashboardSVG&quot;,
        &quot;controllerName&quot;: &quot;Dashboard&quot;,
        &quot;name&quot;: &quot;Analytics&quot;,
        &quot;displayOrder&quot;: 300,
        &quot;description&quot;: &quot;Analytics&quot;,
        &quot;id&quot;: &quot;9160e49e-2340-41fd-aee7-f00fb79cca35&quot;,
        &quot;isMenu&quot;: false,
        &quot;key&quot;: &quot;Dashboard.GetDashboardIframe&quot;,
        &quot;parentId&quot;: null,
        &quot;unAuthorizedProps&quot;: {
          &quot;visible&quot;: false,
          &quot;disabled&quot;: false
        },
        &quot;actionName&quot;: &quot;GetDashboardIframe&quot;
      },
      {
        &quot;routePath&quot;: null,
        &quot;iconName&quot;: null,
        &quot;controllerName&quot;: &quot;Customer&quot;,
        &quot;name&quot;: &quot;Customer Find&quot;,
        &quot;displayOrder&quot;: 0,
        &quot;description&quot;: null,
        &quot;id&quot;: &quot;7e69895f-a4fe-470b-9dbd-3902631c5978&quot;,
        &quot;isMenu&quot;: false,
        &quot;key&quot;: &quot;Customer.Find&quot;,
        &quot;parentId&quot;: &quot;07b60a01-5846-422c-b1c6-1c7a382dbd0e&quot;,
        &quot;unAuthorizedProps&quot;: {
          &quot;visible&quot;: false,
          &quot;disabled&quot;: false
        },
        &quot;actionName&quot;: &quot;Find&quot;
      },
      {
        &quot;routePath&quot;: null,
        &quot;iconName&quot;: null,
        &quot;controllerName&quot;: &quot;Order&quot;,
        &quot;name&quot;: &quot;Order List&quot;,
        &quot;displayOrder&quot;: 0,
        &quot;description&quot;: null,
        &quot;id&quot;: &quot;68267f89-edc4-4c6b-a72b-06381cf0e532&quot;,
        &quot;isMenu&quot;: false,
        &quot;key&quot;: &quot;Order.List&quot;,
        &quot;parentId&quot;: &quot;872b9f8c-c48d-dfeb-de32-1be0c3c38dbb&quot;,
        &quot;unAuthorizedProps&quot;: {
          &quot;visible&quot;: false,
          &quot;disabled&quot;: false
        },
        &quot;actionName&quot;: &quot;List&quot;
      },
      {
        &quot;routePath&quot;: &quot;&quot;,
        &quot;iconName&quot;: &quot;ordersSVG&quot;,
        &quot;controllerName&quot;: &quot;Order&quot;,
        &quot;name&quot;: &quot;Orders&quot;,
        &quot;displayOrder&quot;: 100,
        &quot;description&quot;: null,
        &quot;id&quot;: &quot;872b9f8c-c48d-dfeb-de32-1be0c3c38dbb&quot;,
        &quot;isMenu&quot;: true,
        &quot;key&quot;: &quot;Order.Index&quot;,
        &quot;parentId&quot;: null,
        &quot;unAuthorizedProps&quot;: {
          &quot;visible&quot;: false,
          &quot;disabled&quot;: false
        },
        &quot;actionName&quot;: &quot;Index&quot;
      },
      {
        &quot;routePath&quot;: null,
        &quot;iconName&quot;: null,
        &quot;controllerName&quot;: &quot;Order&quot;,
        &quot;name&quot;: &quot;Order ReportOrderItem&quot;,
        &quot;displayOrder&quot;: 0,
        &quot;description&quot;: null,
        &quot;id&quot;: &quot;fc541f93-e00d-4204-bc10-21a8c66281d9&quot;,
        &quot;isMenu&quot;: false,
        &quot;key&quot;: &quot;Order.ReportOrderItem&quot;,
        &quot;parentId&quot;: &quot;872b9f8c-c48d-dfeb-de32-1be0c3c38dbb&quot;,
        &quot;unAuthorizedProps&quot;: {
          &quot;visible&quot;: false,
          &quot;disabled&quot;: false
        },
        &quot;actionName&quot;: &quot;ReportOrderItem&quot;
      },
      {
        &quot;routePath&quot;: null,
        &quot;iconName&quot;: null,
        &quot;controllerName&quot;: &quot;Country&quot;,
        &quot;name&quot;: &quot;Country List&quot;,
        &quot;displayOrder&quot;: 0,
        &quot;description&quot;: null,
        &quot;id&quot;: &quot;965f2723-9852-432a-8811-6d549e75b51c&quot;,
        &quot;isMenu&quot;: false,
        &quot;key&quot;: &quot;Country.List&quot;,
        &quot;parentId&quot;: &quot;9c15db73-badc-4894-ab1b-d8261bac91c2&quot;,
        &quot;unAuthorizedProps&quot;: {
          &quot;visible&quot;: false,
          &quot;disabled&quot;: false
        },
        &quot;actionName&quot;: &quot;List&quot;
      },
      {
        &quot;routePath&quot;: &quot;employees&quot;,
        &quot;iconName&quot;: &quot;employeeSVG&quot;,
        &quot;controllerName&quot;: &quot;Employee&quot;,
        &quot;name&quot;: &quot;Employee&quot;,
        &quot;displayOrder&quot;: 630,
        &quot;description&quot;: null,
        &quot;id&quot;: &quot;e4a8e904-698e-4596-92c3-b40206b19179&quot;,
        &quot;isMenu&quot;: true,
        &quot;key&quot;: &quot;Employee.Index&quot;,
        &quot;parentId&quot;: &quot;8b04f24a-f777-5455-9d4b-5d32257d3d62&quot;,
        &quot;unAuthorizedProps&quot;: {
          &quot;visible&quot;: false,
          &quot;disabled&quot;: false
        },
        &quot;actionName&quot;: &quot;Index&quot;
      },
      {
        &quot;routePath&quot;: null,
        &quot;iconName&quot;: &quot;ListForFilter&quot;,
        &quot;controllerName&quot;: &quot;Product&quot;,
        &quot;name&quot;: &quot;Product ListForFilter&quot;,
        &quot;displayOrder&quot;: 0,
        &quot;description&quot;: null,
        &quot;id&quot;: &quot;3e7badfa-60f6-46f4-ab65-60c10cf0158c&quot;,
        &quot;isMenu&quot;: false,
        &quot;key&quot;: &quot;Product.ListForFilter&quot;,
        &quot;parentId&quot;: null,
        &quot;unAuthorizedProps&quot;: {
          &quot;visible&quot;: false,
          &quot;disabled&quot;: false
        },
        &quot;actionName&quot;: &quot;ListForFilter&quot;
      },
      {
        &quot;routePath&quot;: null,
        &quot;iconName&quot;: null,
        &quot;controllerName&quot;: &quot;MessageTemplate&quot;,
        &quot;name&quot;: &quot;Message Template List&quot;,
        &quot;displayOrder&quot;: 0,
        &quot;description&quot;: null,
        &quot;id&quot;: &quot;f8b8770e-d3de-4fb9-8785-c6a52f0a3f2a&quot;,
        &quot;isMenu&quot;: false,
        &quot;key&quot;: &quot;MessageTemplate.List&quot;,
        &quot;parentId&quot;: &quot;570b7634-2234-498f-939b-440805527121&quot;,
        &quot;unAuthorizedProps&quot;: {
          &quot;visible&quot;: false,
          &quot;disabled&quot;: false
        },
        &quot;actionName&quot;: &quot;List&quot;
      },
      {
        &quot;routePath&quot;: null,
        &quot;iconName&quot;: null,
        &quot;controllerName&quot;: &quot;Warehouse&quot;,
        &quot;name&quot;: &quot;Warehouse UpdateWarehouseExpectedQuantity&quot;,
        &quot;displayOrder&quot;: 0,
        &quot;description&quot;: null,
        &quot;id&quot;: &quot;cbe00097-f735-4207-bd4d-a2be0ea5dfd3&quot;,
        &quot;isMenu&quot;: false,
        &quot;key&quot;: &quot;Warehouse.UpdateWarehouseExpectedQuantity&quot;,
        &quot;parentId&quot;: &quot;7a99d565-0e98-95af-19bd-814011ea2417&quot;,
        &quot;unAuthorizedProps&quot;: {
          &quot;visible&quot;: false,
          &quot;disabled&quot;: false
        },
        &quot;actionName&quot;: &quot;UpdateWarehouseExpectedQuantity&quot;
      },
      {
        &quot;routePath&quot;: null,
        &quot;iconName&quot;: &quot;RemoteSearchForCampaignName&quot;,
        &quot;controllerName&quot;: &quot;Campaign&quot;,
        &quot;name&quot;: &quot;Campaign RemoteSearchForCampaignName&quot;,
        &quot;displayOrder&quot;: 0,
        &quot;description&quot;: null,
        &quot;id&quot;: &quot;1b2371cf-283a-412c-9305-3f8d91cd2cf3&quot;,
        &quot;isMenu&quot;: false,
        &quot;key&quot;: &quot;Campaign.RemoteSearchForCampaignName&quot;,
        &quot;parentId&quot;: &quot;fd2f794b-65fb-4da6-9bdb-835c466e4321&quot;,
        &quot;unAuthorizedProps&quot;: {
          &quot;visible&quot;: false,
          &quot;disabled&quot;: false
        },
        &quot;actionName&quot;: &quot;RemoteSearchForCampaignName&quot;
      },
      {
        &quot;routePath&quot;: null,
        &quot;iconName&quot;: null,
        &quot;controllerName&quot;: &quot;Permission&quot;,
        &quot;name&quot;: &quot;Permission Find&quot;,
        &quot;displayOrder&quot;: 0,
        &quot;description&quot;: null,
        &quot;id&quot;: &quot;b8acd1fb-bb0c-49b0-9fe2-22574379a94d&quot;,
        &quot;isMenu&quot;: false,
        &quot;key&quot;: &quot;Permission.Find&quot;,
        &quot;parentId&quot;: &quot;213aad81-551b-49f7-9d15-f11f5b9e7e88&quot;,
        &quot;unAuthorizedProps&quot;: {
          &quot;visible&quot;: false,
          &quot;disabled&quot;: false
        },
        &quot;actionName&quot;: &quot;Find&quot;
      },
      {
        &quot;routePath&quot;: null,
        &quot;iconName&quot;: null,
        &quot;controllerName&quot;: &quot;Banner&quot;,
        &quot;name&quot;: &quot;Banner Create&quot;,
        &quot;displayOrder&quot;: 0,
        &quot;description&quot;: null,
        &quot;id&quot;: &quot;ad417e90-0acf-4d46-a875-a4b641cedbde&quot;,
        &quot;isMenu&quot;: false,
        &quot;key&quot;: &quot;Banner.Create&quot;,
        &quot;parentId&quot;: &quot;d01dd410-27ab-4ca2-ad2e-06ed18197543&quot;,
        &quot;unAuthorizedProps&quot;: {
          &quot;visible&quot;: false,
          &quot;disabled&quot;: false
        },
        &quot;actionName&quot;: &quot;Create&quot;
      },
      {
        &quot;routePath&quot;: null,
        &quot;iconName&quot;: null,
        &quot;controllerName&quot;: &quot;Banner&quot;,
        &quot;name&quot;: &quot;Banner Edit&quot;,
        &quot;displayOrder&quot;: 0,
        &quot;description&quot;: null,
        &quot;id&quot;: &quot;b638b6e5-7d89-4ab4-9a4e-fe8b0df52e36&quot;,
        &quot;isMenu&quot;: false,
        &quot;key&quot;: &quot;Banner.Edit&quot;,
        &quot;parentId&quot;: &quot;d01dd410-27ab-4ca2-ad2e-06ed18197543&quot;,
        &quot;unAuthorizedProps&quot;: {
          &quot;visible&quot;: false,
          &quot;disabled&quot;: false
        },
        &quot;actionName&quot;: &quot;Edit&quot;
      },
      {
        &quot;routePath&quot;: null,
        &quot;iconName&quot;: null,
        &quot;controllerName&quot;: &quot;Category&quot;,
        &quot;name&quot;: &quot;Category Edit&quot;,
        &quot;displayOrder&quot;: 0,
        &quot;description&quot;: null,
        &quot;id&quot;: &quot;0aaf230e-5f92-4e49-b3c7-c20c9df44c82&quot;,
        &quot;isMenu&quot;: false,
        &quot;key&quot;: &quot;Category.Edit&quot;,
        &quot;parentId&quot;: &quot;9bbddb67-d7f2-44d3-8d09-6bd04f8b6f79&quot;,
        &quot;unAuthorizedProps&quot;: {
          &quot;visible&quot;: false,
          &quot;disabled&quot;: false
        },
        &quot;actionName&quot;: &quot;Edit&quot;
      },
      {
        &quot;routePath&quot;: null,
        &quot;iconName&quot;: null,
        &quot;controllerName&quot;: &quot;ZipCode&quot;,
        &quot;name&quot;: &quot;ZipCode Delete&quot;,
        &quot;displayOrder&quot;: 0,
        &quot;description&quot;: null,
        &quot;id&quot;: &quot;deba5d66-42eb-43d0-8ee0-6d15f3c4b34c&quot;,
        &quot;isMenu&quot;: false,
        &quot;key&quot;: &quot;ZipCode.Delete&quot;,
        &quot;parentId&quot;: &quot;8aa34e38-533b-4ab7-bad7-0eaa7b5dec9c&quot;,
        &quot;unAuthorizedProps&quot;: {
          &quot;visible&quot;: false,
          &quot;disabled&quot;: false
        },
        &quot;actionName&quot;: &quot;Delete&quot;
      },
      {
        &quot;routePath&quot;: null,
        &quot;iconName&quot;: null,
        &quot;controllerName&quot;: &quot;Rider&quot;,
        &quot;name&quot;: &quot;Rider Create&quot;,
        &quot;displayOrder&quot;: 0,
        &quot;description&quot;: null,
        &quot;id&quot;: &quot;84e2ed51-0787-4e21-b0cc-78397324e38f&quot;,
        &quot;isMenu&quot;: false,
        &quot;key&quot;: &quot;Rider.Create&quot;,
        &quot;parentId&quot;: &quot;1b716d9c-2bf6-4a16-9bd1-2214d14b6cc7&quot;,
        &quot;unAuthorizedProps&quot;: {
          &quot;visible&quot;: false,
          &quot;disabled&quot;: false
        },
        &quot;actionName&quot;: &quot;Create&quot;
      },
      {
        &quot;routePath&quot;: null,
        &quot;iconName&quot;: null,
        &quot;controllerName&quot;: &quot;Employee&quot;,
        &quot;name&quot;: &quot;Employee Delete&quot;,
        &quot;displayOrder&quot;: 0,
        &quot;description&quot;: null,
        &quot;id&quot;: &quot;b6a62bb2-7083-4534-91af-146ca008cb31&quot;,
        &quot;isMenu&quot;: false,
        &quot;key&quot;: &quot;Employee.Delete&quot;,
        &quot;parentId&quot;: &quot;e4a8e904-698e-4596-92c3-b40206b19179&quot;,
        &quot;unAuthorizedProps&quot;: {
          &quot;visible&quot;: false,
          &quot;disabled&quot;: false
        },
        &quot;actionName&quot;: &quot;Delete&quot;
      },
      {
        &quot;routePath&quot;: &quot;active-orders&quot;,
        &quot;iconName&quot;: &quot;activeOrderSVG&quot;,
        &quot;controllerName&quot;: &quot;Order&quot;,
        &quot;name&quot;: &quot;Active Orders&quot;,
        &quot;displayOrder&quot;: 120,
        &quot;description&quot;: null,
        &quot;id&quot;: &quot;960eff6d-a581-4a4e-991b-a0b5c9881f14&quot;,
        &quot;isMenu&quot;: true,
        &quot;key&quot;: &quot;Order.Active&quot;,
        &quot;parentId&quot;: &quot;872b9f8c-c48d-dfeb-de32-1be0c3c38dbb&quot;,
        &quot;unAuthorizedProps&quot;: {
          &quot;visible&quot;: false,
          &quot;disabled&quot;: false
        },
        &quot;actionName&quot;: &quot;Active&quot;
      },
      {
        &quot;routePath&quot;: null,
        &quot;iconName&quot;: null,
        &quot;controllerName&quot;: &quot;MessageTemplate&quot;,
        &quot;name&quot;: &quot;Message Template Edit&quot;,
        &quot;displayOrder&quot;: 0,
        &quot;description&quot;: null,
        &quot;id&quot;: &quot;3cf8a343-ba23-4210-9f73-884eb309a3b4&quot;,
        &quot;isMenu&quot;: false,
        &quot;key&quot;: &quot;MessageTemplate.Edit&quot;,
        &quot;parentId&quot;: &quot;570b7634-2234-498f-939b-440805527121&quot;,
        &quot;unAuthorizedProps&quot;: {
          &quot;visible&quot;: false,
          &quot;disabled&quot;: false
        },
        &quot;actionName&quot;: &quot;Edit&quot;
      },
      {
        &quot;routePath&quot;: null,
        &quot;iconName&quot;: null,
        &quot;controllerName&quot;: &quot;MessageTemplate&quot;,
        &quot;name&quot;: &quot;Message Template Delete&quot;,
        &quot;displayOrder&quot;: 0,
        &quot;description&quot;: null,
        &quot;id&quot;: &quot;6829e619-f27c-415b-abf5-653573cb4ed5&quot;,
        &quot;isMenu&quot;: false,
        &quot;key&quot;: &quot;MessageTemplate.Delete&quot;,
        &quot;parentId&quot;: &quot;570b7634-2234-498f-939b-440805527121&quot;,
        &quot;unAuthorizedProps&quot;: {
          &quot;visible&quot;: false,
          &quot;disabled&quot;: false
        },
        &quot;actionName&quot;: &quot;Delete&quot;
      },
      {
        &quot;routePath&quot;: null,
        &quot;iconName&quot;: null,
        &quot;controllerName&quot;: &quot;Role&quot;,
        &quot;name&quot;: &quot;Role Create&quot;,
        &quot;displayOrder&quot;: 0,
        &quot;description&quot;: null,
        &quot;id&quot;: &quot;b29c939f-9d31-4a77-ab10-43b6363c9ca7&quot;,
        &quot;isMenu&quot;: false,
        &quot;key&quot;: &quot;Role.Create&quot;,
        &quot;parentId&quot;: &quot;e98d2f21-52f8-41cb-9b3f-fe979b5f0578&quot;,
        &quot;unAuthorizedProps&quot;: {
          &quot;visible&quot;: false,
          &quot;disabled&quot;: false
        },
        &quot;actionName&quot;: &quot;Create&quot;
      },
      {
        &quot;routePath&quot;: null,
        &quot;iconName&quot;: null,
        &quot;controllerName&quot;: &quot;County&quot;,
        &quot;name&quot;: &quot;County Create&quot;,
        &quot;displayOrder&quot;: 0,
        &quot;description&quot;: null,
        &quot;id&quot;: &quot;b0718fbd-a486-4f05-9804-82c5e474efb7&quot;,
        &quot;isMenu&quot;: false,
        &quot;key&quot;: &quot;County.Create&quot;,
        &quot;parentId&quot;: &quot;28a7ee86-bfd8-408f-97d3-82a96e1cbcc6&quot;,
        &quot;unAuthorizedProps&quot;: {
          &quot;visible&quot;: false,
          &quot;disabled&quot;: false
        },
        &quot;actionName&quot;: &quot;Create&quot;
      },
      {
        &quot;routePath&quot;: null,
        &quot;iconName&quot;: null,
        &quot;controllerName&quot;: &quot;Language&quot;,
        &quot;name&quot;: &quot;Language Edit&quot;,
        &quot;displayOrder&quot;: 0,
        &quot;description&quot;: null,
        &quot;id&quot;: &quot;765464f2-8b9f-4234-ac07-063e06f3e9f2&quot;,
        &quot;isMenu&quot;: false,
        &quot;key&quot;: &quot;Language.Edit&quot;,
        &quot;parentId&quot;: &quot;7d117917-ff5a-448f-ae1c-71b123ffabc0&quot;,
        &quot;unAuthorizedProps&quot;: {
          &quot;visible&quot;: false,
          &quot;disabled&quot;: false
        },
        &quot;actionName&quot;: &quot;Edit&quot;
      },
      {
        &quot;routePath&quot;: null,
        &quot;iconName&quot;: null,
        &quot;controllerName&quot;: &quot;ServiceArea&quot;,
        &quot;name&quot;: &quot;ServiceArea UpdateStatus&quot;,
        &quot;displayOrder&quot;: 0,
        &quot;description&quot;: null,
        &quot;id&quot;: &quot;13514276-84ab-43d6-8542-5f166acb9b80&quot;,
        &quot;isMenu&quot;: false,
        &quot;key&quot;: &quot;ServiceArea.UpdateStatus&quot;,
        &quot;parentId&quot;: &quot;6510260c-2670-4f71-96ed-8f12986fb9cf&quot;,
        &quot;unAuthorizedProps&quot;: {
          &quot;visible&quot;: false,
          &quot;disabled&quot;: false
        },
        &quot;actionName&quot;: &quot;UpdateStatus&quot;
      },
      {
        &quot;routePath&quot;: null,
        &quot;iconName&quot;: null,
        &quot;controllerName&quot;: &quot;Language&quot;,
        &quot;name&quot;: &quot;Language Create&quot;,
        &quot;displayOrder&quot;: 0,
        &quot;description&quot;: null,
        &quot;id&quot;: &quot;70055253-2953-481a-ad68-308069f59188&quot;,
        &quot;isMenu&quot;: false,
        &quot;key&quot;: &quot;Language.Create&quot;,
        &quot;parentId&quot;: &quot;7d117917-ff5a-448f-ae1c-71b123ffabc0&quot;,
        &quot;unAuthorizedProps&quot;: {
          &quot;visible&quot;: false,
          &quot;disabled&quot;: false
        },
        &quot;actionName&quot;: &quot;Create&quot;
      },
      {
        &quot;routePath&quot;: null,
        &quot;iconName&quot;: null,
        &quot;controllerName&quot;: &quot;Banner&quot;,
        &quot;name&quot;: &quot;Banner List&quot;,
        &quot;displayOrder&quot;: 0,
        &quot;description&quot;: null,
        &quot;id&quot;: &quot;2af1fb3b-36bf-4379-b7a6-03f3e68742b2&quot;,
        &quot;isMenu&quot;: false,
        &quot;key&quot;: &quot;Banner.List&quot;,
        &quot;parentId&quot;: &quot;d01dd410-27ab-4ca2-ad2e-06ed18197543&quot;,
        &quot;unAuthorizedProps&quot;: {
          &quot;visible&quot;: false,
          &quot;disabled&quot;: false
        },
        &quot;actionName&quot;: &quot;List&quot;
      },
      {
        &quot;routePath&quot;: null,
        &quot;iconName&quot;: &quot;orders&quot;,
        &quot;controllerName&quot;: &quot;DriverApp&quot;,
        &quot;name&quot;: &quot;Orders&quot;,
        &quot;displayOrder&quot;: 0,
        &quot;description&quot;: &quot;&quot;,
        &quot;id&quot;: &quot;6fa1df30-c04b-4bef-a1d1-a67c2748e0b4&quot;,
        &quot;isMenu&quot;: true,
        &quot;key&quot;: &quot;DriverApp.Orders&quot;,
        &quot;parentId&quot;: &quot;673cefc5-8638-47b5-9440-8f3fa459f0b1&quot;,
        &quot;unAuthorizedProps&quot;: {
          &quot;visible&quot;: false,
          &quot;disabled&quot;: false
        },
        &quot;actionName&quot;: &quot;Orders&quot;
      },
      {
        &quot;routePath&quot;: null,
        &quot;iconName&quot;: &quot;blackListSVG&quot;,
        &quot;controllerName&quot;: &quot;BlackList&quot;,
        &quot;name&quot;: &quot;Black List Find&quot;,
        &quot;displayOrder&quot;: 0,
        &quot;description&quot;: null,
        &quot;id&quot;: &quot;e8a2ad2f-7dad-41a3-9696-6adefc308eb8&quot;,
        &quot;isMenu&quot;: false,
        &quot;key&quot;: &quot;BlackList.Find&quot;,
        &quot;parentId&quot;: &quot;d273c43d-77c8-4b88-8d35-9ec20a90bd11&quot;,
        &quot;unAuthorizedProps&quot;: {
          &quot;visible&quot;: false,
          &quot;disabled&quot;: false
        },
        &quot;actionName&quot;: &quot;Find&quot;
      },
      {
        &quot;routePath&quot;: null,
        &quot;iconName&quot;: &quot;ExportForFilter&quot;,
        &quot;controllerName&quot;: &quot;Product&quot;,
        &quot;name&quot;: &quot;Product ExportForFilter&quot;,
        &quot;displayOrder&quot;: 0,
        &quot;description&quot;: null,
        &quot;id&quot;: &quot;c6781e0f-f938-4907-8dc5-a17d241a8148&quot;,
        &quot;isMenu&quot;: false,
        &quot;key&quot;: &quot;Product.ExportForFilter&quot;,
        &quot;parentId&quot;: &quot;1858607f-58c2-4c69-8078-f2756c5ca81e&quot;,
        &quot;unAuthorizedProps&quot;: {
          &quot;visible&quot;: false,
          &quot;disabled&quot;: false
        },
        &quot;actionName&quot;: &quot;ExportForFilter&quot;
      },
      {
        &quot;routePath&quot;: null,
        &quot;iconName&quot;: &quot;auditSVG&quot;,
        &quot;controllerName&quot;: &quot;Audit&quot;,
        &quot;name&quot;: &quot;Audit ListForFilter&quot;,
        &quot;displayOrder&quot;: 100000,
        &quot;description&quot;: null,
        &quot;id&quot;: &quot;6db73bbc-1114-4e80-a30d-424386ffd8f5&quot;,
        &quot;isMenu&quot;: false,
        &quot;key&quot;: &quot;Audit.ListForFilter&quot;,
        &quot;parentId&quot;: &quot;76070de9-f4f5-4096-aa99-2d2bac586b44&quot;,
        &quot;unAuthorizedProps&quot;: {
          &quot;visible&quot;: false,
          &quot;disabled&quot;: false
        },
        &quot;actionName&quot;: &quot;ListForFilter&quot;
      },
      {
        &quot;routePath&quot;: null,
        &quot;iconName&quot;: null,
        &quot;controllerName&quot;: &quot;County&quot;,
        &quot;name&quot;: &quot;County Find&quot;,
        &quot;displayOrder&quot;: 0,
        &quot;description&quot;: null,
        &quot;id&quot;: &quot;d82e0244-f728-4651-b0dc-37ee070aacef&quot;,
        &quot;isMenu&quot;: false,
        &quot;key&quot;: &quot;County.Find&quot;,
        &quot;parentId&quot;: &quot;28a7ee86-bfd8-408f-97d3-82a96e1cbcc6&quot;,
        &quot;unAuthorizedProps&quot;: {
          &quot;visible&quot;: false,
          &quot;disabled&quot;: false
        },
        &quot;actionName&quot;: &quot;Find&quot;
      },
      {
        &quot;routePath&quot;: null,
        &quot;iconName&quot;: null,
        &quot;controllerName&quot;: &quot;Customer&quot;,
        &quot;name&quot;: &quot;Customer Delete&quot;,
        &quot;displayOrder&quot;: 0,
        &quot;description&quot;: null,
        &quot;id&quot;: &quot;f347f3bc-6802-4ec4-82ef-220e0032ab69&quot;,
        &quot;isMenu&quot;: false,
        &quot;key&quot;: &quot;Customer.Delete&quot;,
        &quot;parentId&quot;: &quot;07b60a01-5846-422c-b1c6-1c7a382dbd0e&quot;,
        &quot;unAuthorizedProps&quot;: {
          &quot;visible&quot;: false,
          &quot;disabled&quot;: false
        },
        &quot;actionName&quot;: &quot;Delete&quot;
      },
      {
        &quot;routePath&quot;: null,
        &quot;iconName&quot;: null,
        &quot;controllerName&quot;: &quot;Warehouse&quot;,
        &quot;name&quot;: &quot;Warehouse Edit&quot;,
        &quot;displayOrder&quot;: 0,
        &quot;description&quot;: null,
        &quot;id&quot;: &quot;8897a642-3ebb-4ed8-a71f-8dbe303509f6&quot;,
        &quot;isMenu&quot;: false,
        &quot;key&quot;: &quot;Warehouse.Edit&quot;,
        &quot;parentId&quot;: &quot;7a99d565-0e98-95af-19bd-814011ea2417&quot;,
        &quot;unAuthorizedProps&quot;: {
          &quot;visible&quot;: false,
          &quot;disabled&quot;: false
        },
        &quot;actionName&quot;: &quot;Edit&quot;
      },
      {
        &quot;routePath&quot;: null,
        &quot;iconName&quot;: null,
        &quot;controllerName&quot;: &quot;MessageTemplate&quot;,
        &quot;name&quot;: &quot;Message Template Create&quot;,
        &quot;displayOrder&quot;: 0,
        &quot;description&quot;: null,
        &quot;id&quot;: &quot;87fde03a-f96f-4317-a8e2-0b2790460da2&quot;,
        &quot;isMenu&quot;: false,
        &quot;key&quot;: &quot;MessageTemplate.Create&quot;,
        &quot;parentId&quot;: &quot;570b7634-2234-498f-939b-440805527121&quot;,
        &quot;unAuthorizedProps&quot;: {
          &quot;visible&quot;: false,
          &quot;disabled&quot;: false
        },
        &quot;actionName&quot;: &quot;Create&quot;
      },
      {
        &quot;routePath&quot;: null,
        &quot;iconName&quot;: null,
        &quot;controllerName&quot;: &quot;ServiceArea&quot;,
        &quot;name&quot;: &quot;ServiceArea Import&quot;,
        &quot;displayOrder&quot;: 0,
        &quot;description&quot;: null,
        &quot;id&quot;: &quot;6652b5a5-e837-4941-9c9c-e6cc2ae53745&quot;,
        &quot;isMenu&quot;: false,
        &quot;key&quot;: &quot;ServiceArea.Import&quot;,
        &quot;parentId&quot;: &quot;6510260c-2670-4f71-96ed-8f12986fb9cf&quot;,
        &quot;unAuthorizedProps&quot;: {
          &quot;visible&quot;: false,
          &quot;disabled&quot;: false
        },
        &quot;actionName&quot;: &quot;Import&quot;
      },
      {
        &quot;routePath&quot;: null,
        &quot;iconName&quot;: null,
        &quot;controllerName&quot;: &quot;LocaleResource&quot;,
        &quot;name&quot;: &quot;LocaleResource Create&quot;,
        &quot;displayOrder&quot;: 0,
        &quot;description&quot;: null,
        &quot;id&quot;: &quot;46f8f313-95b6-4848-9004-c69ec2dc12f4&quot;,
        &quot;isMenu&quot;: false,
        &quot;key&quot;: &quot;LocaleResource.Create&quot;,
        &quot;parentId&quot;: &quot;4c1a6c0d-765c-444a-b7c8-49e99f61d47b&quot;,
        &quot;unAuthorizedProps&quot;: {
          &quot;visible&quot;: false,
          &quot;disabled&quot;: false
        },
        &quot;actionName&quot;: &quot;Create&quot;
      },
      {
        &quot;routePath&quot;: null,
        &quot;iconName&quot;: null,
        &quot;controllerName&quot;: &quot;Customer&quot;,
        &quot;name&quot;: &quot;Customer Create&quot;,
        &quot;displayOrder&quot;: 0,
        &quot;description&quot;: null,
        &quot;id&quot;: &quot;d6fdfd07-b0f1-44ef-898b-22906287c3ef&quot;,
        &quot;isMenu&quot;: false,
        &quot;key&quot;: &quot;Customer.Create&quot;,
        &quot;parentId&quot;: &quot;07b60a01-5846-422c-b1c6-1c7a382dbd0e&quot;,
        &quot;unAuthorizedProps&quot;: {
          &quot;visible&quot;: false,
          &quot;disabled&quot;: false
        },
        &quot;actionName&quot;: &quot;Create&quot;
      },
      {
        &quot;routePath&quot;: null,
        &quot;iconName&quot;: null,
        &quot;controllerName&quot;: &quot;Banner&quot;,
        &quot;name&quot;: &quot;Banner Update Display Order&quot;,
        &quot;displayOrder&quot;: 0,
        &quot;description&quot;: null,
        &quot;id&quot;: &quot;a578fd4b-564e-4d88-87d1-aabbb183a21a&quot;,
        &quot;isMenu&quot;: false,
        &quot;key&quot;: &quot;Banner.UpdateBannerDisplayOrder&quot;,
        &quot;parentId&quot;: &quot;d01dd410-27ab-4ca2-ad2e-06ed18197543&quot;,
        &quot;unAuthorizedProps&quot;: {
          &quot;visible&quot;: false,
          &quot;disabled&quot;: false
        },
        &quot;actionName&quot;: &quot;UpdateBannerDisplayOrder&quot;
      },
      {
        &quot;routePath&quot;: null,
        &quot;iconName&quot;: null,
        &quot;controllerName&quot;: &quot;Address&quot;,
        &quot;name&quot;: &quot;Address Find&quot;,
        &quot;displayOrder&quot;: 0,
        &quot;description&quot;: null,
        &quot;id&quot;: &quot;69cd17c7-88f0-435d-9e1c-e3a178d79e21&quot;,
        &quot;isMenu&quot;: false,
        &quot;key&quot;: &quot;Address.Find&quot;,
        &quot;parentId&quot;: &quot;c3c514ef-1964-4c94-b13a-8bdd83a5b1cb&quot;,
        &quot;unAuthorizedProps&quot;: {
          &quot;visible&quot;: false,
          &quot;disabled&quot;: false
        },
        &quot;actionName&quot;: &quot;Find&quot;
      },
      {
        &quot;routePath&quot;: null,
        &quot;iconName&quot;: &quot;driverApp&quot;,
        &quot;controllerName&quot;: &quot;DriverApp&quot;,
        &quot;name&quot;: &quot;Driver Permissions&quot;,
        &quot;displayOrder&quot;: 0,
        &quot;description&quot;: null,
        &quot;id&quot;: &quot;673cefc5-8638-47b5-9440-8f3fa459f0b1&quot;,
        &quot;isMenu&quot;: false,
        &quot;key&quot;: &quot;DriverApp.Index&quot;,
        &quot;parentId&quot;: null,
        &quot;unAuthorizedProps&quot;: {
          &quot;visible&quot;: false,
          &quot;disabled&quot;: false
        },
        &quot;actionName&quot;: &quot;Index&quot;
      },
      {
        &quot;routePath&quot;: null,
        &quot;iconName&quot;: &quot;RemoteSearchForLocation&quot;,
        &quot;controllerName&quot;: &quot;Product&quot;,
        &quot;name&quot;: &quot;Product RemoteSearchForLocation&quot;,
        &quot;displayOrder&quot;: 0,
        &quot;description&quot;: null,
        &quot;id&quot;: &quot;9c90fc94-df36-4459-9a3b-c01d1f4f2211&quot;,
        &quot;isMenu&quot;: false,
        &quot;key&quot;: &quot;Product.RemoteSearchForLocation&quot;,
        &quot;parentId&quot;: &quot;1858607f-58c2-4c69-8078-f2756c5ca81e&quot;,
        &quot;unAuthorizedProps&quot;: {
          &quot;visible&quot;: false,
          &quot;disabled&quot;: false
        },
        &quot;actionName&quot;: &quot;RemoteSearchForLocation&quot;
      },
      {
        &quot;routePath&quot;: null,
        &quot;iconName&quot;: null,
        &quot;controllerName&quot;: &quot;Order&quot;,
        &quot;name&quot;: &quot;Order Cancel&quot;,
        &quot;displayOrder&quot;: 0,
        &quot;description&quot;: null,
        &quot;id&quot;: &quot;f92b5f11-f8e9-4754-85e0-f5d8666c620f&quot;,
        &quot;isMenu&quot;: false,
        &quot;key&quot;: &quot;Order.Cancel&quot;,
        &quot;parentId&quot;: &quot;872b9f8c-c48d-dfeb-de32-1be0c3c38dbb&quot;,
        &quot;unAuthorizedProps&quot;: {
          &quot;visible&quot;: false,
          &quot;disabled&quot;: false
        },
        &quot;actionName&quot;: &quot;Cancel&quot;
      },
      {
        &quot;routePath&quot;: null,
        &quot;iconName&quot;: null,
        &quot;controllerName&quot;: &quot;Category&quot;,
        &quot;name&quot;: &quot;Category UploadImage&quot;,
        &quot;displayOrder&quot;: 0,
        &quot;description&quot;: null,
        &quot;id&quot;: &quot;ae860d95-cc13-4b86-a535-202aa716c973&quot;,
        &quot;isMenu&quot;: false,
        &quot;key&quot;: &quot;Category.UploadImage&quot;,
        &quot;parentId&quot;: &quot;9bbddb67-d7f2-44d3-8d09-6bd04f8b6f79&quot;,
        &quot;unAuthorizedProps&quot;: {
          &quot;visible&quot;: false,
          &quot;disabled&quot;: false
        },
        &quot;actionName&quot;: &quot;UploadImage&quot;
      },
      {
        &quot;routePath&quot;: null,
        &quot;iconName&quot;: null,
        &quot;controllerName&quot;: &quot;Warehouse&quot;,
        &quot;name&quot;: &quot;Warehouse UpdateWarehouseQuantity&quot;,
        &quot;displayOrder&quot;: 0,
        &quot;description&quot;: null,
        &quot;id&quot;: &quot;95ea9fb5-2548-4bf4-bcad-937757b47ea9&quot;,
        &quot;isMenu&quot;: false,
        &quot;key&quot;: &quot;Warehouse.UpdateWarehouseQuantity&quot;,
        &quot;parentId&quot;: &quot;7a99d565-0e98-95af-19bd-814011ea2417&quot;,
        &quot;unAuthorizedProps&quot;: {
          &quot;visible&quot;: false,
          &quot;disabled&quot;: false
        },
        &quot;actionName&quot;: &quot;UpdateWarehouseQuantity&quot;
      },
      {
        &quot;routePath&quot;: null,
        &quot;iconName&quot;: null,
        &quot;controllerName&quot;: &quot;Warehouse&quot;,
        &quot;name&quot;: &quot;Warehouse Find&quot;,
        &quot;displayOrder&quot;: 0,
        &quot;description&quot;: null,
        &quot;id&quot;: &quot;15cd689d-00ad-40d4-9b1d-7a231ecb323e&quot;,
        &quot;isMenu&quot;: false,
        &quot;key&quot;: &quot;Warehouse.Find&quot;,
        &quot;parentId&quot;: &quot;7a99d565-0e98-95af-19bd-814011ea2417&quot;,
        &quot;unAuthorizedProps&quot;: {
          &quot;visible&quot;: false,
          &quot;disabled&quot;: false
        },
        &quot;actionName&quot;: &quot;Find&quot;
      },
      {
        &quot;routePath&quot;: &quot;inventory&quot;,
        &quot;iconName&quot;: &quot;inventorySVG&quot;,
        &quot;controllerName&quot;: &quot;Inventory&quot;,
        &quot;name&quot;: &quot;Inventory&quot;,
        &quot;displayOrder&quot;: 400,
        &quot;description&quot;: null,
        &quot;id&quot;: &quot;40fdcf04-65b5-4fc0-8e17-ddd1f84b1b0a&quot;,
        &quot;isMenu&quot;: true,
        &quot;key&quot;: &quot;Inventory.Index&quot;,
        &quot;parentId&quot;: null,
        &quot;unAuthorizedProps&quot;: {
          &quot;visible&quot;: false,
          &quot;disabled&quot;: false
        },
        &quot;actionName&quot;: &quot;Index&quot;
      },
      {
        &quot;routePath&quot;: null,
        &quot;iconName&quot;: null,
        &quot;controllerName&quot;: &quot;Customer&quot;,
        &quot;name&quot;: &quot;Customer ListForCouponCode&quot;,
        &quot;displayOrder&quot;: 0,
        &quot;description&quot;: null,
        &quot;id&quot;: &quot;9ace28d6-ab7f-4459-a605-232a0b6d2a77&quot;,
        &quot;isMenu&quot;: false,
        &quot;key&quot;: &quot;Customer.ListForCouponCode&quot;,
        &quot;parentId&quot;: &quot;07b60a01-5846-422c-b1c6-1c7a382dbd0e&quot;,
        &quot;unAuthorizedProps&quot;: {
          &quot;visible&quot;: false,
          &quot;disabled&quot;: false
        },
        &quot;actionName&quot;: &quot;ListForCouponCode&quot;
      },
      {
        &quot;routePath&quot;: null,
        &quot;iconName&quot;: null,
        &quot;controllerName&quot;: &quot;Campaign&quot;,
        &quot;name&quot;: &quot;Campaign Delete&quot;,
        &quot;displayOrder&quot;: 0,
        &quot;description&quot;: null,
        &quot;id&quot;: &quot;fd0189db-b2a0-4e72-ae4f-bfc608a105cc&quot;,
        &quot;isMenu&quot;: false,
        &quot;key&quot;: &quot;Campaign.Delete&quot;,
        &quot;parentId&quot;: &quot;fd2f794b-65fb-4da6-9bdb-835c466e4321&quot;,
        &quot;unAuthorizedProps&quot;: {
          &quot;visible&quot;: false,
          &quot;disabled&quot;: false
        },
        &quot;actionName&quot;: &quot;Delete&quot;
      },
      {
        &quot;routePath&quot;: null,
        &quot;iconName&quot;: &quot;Edit&quot;,
        &quot;controllerName&quot;: &quot;Product&quot;,
        &quot;name&quot;: &quot;Product Edit&quot;,
        &quot;displayOrder&quot;: 0,
        &quot;description&quot;: null,
        &quot;id&quot;: &quot;14e27911-45ec-4d84-8519-6c780671a1d4&quot;,
        &quot;isMenu&quot;: false,
        &quot;key&quot;: &quot;Product.Edit&quot;,
        &quot;parentId&quot;: &quot;1858607f-58c2-4c69-8078-f2756c5ca81e&quot;,
        &quot;unAuthorizedProps&quot;: {
          &quot;visible&quot;: false,
          &quot;disabled&quot;: false
        },
        &quot;actionName&quot;: &quot;Edit&quot;
      },
      {
        &quot;routePath&quot;: null,
        &quot;iconName&quot;: &quot;categorySVG&quot;,
        &quot;controllerName&quot;: &quot;Catalog&quot;,
        &quot;name&quot;: &quot;Catalog&quot;,
        &quot;displayOrder&quot;: 300,
        &quot;description&quot;: null,
        &quot;id&quot;: &quot;8b40e125-ffeb-4cf1-ba4b-0ac72aac09d9&quot;,
        &quot;isMenu&quot;: true,
        &quot;key&quot;: &quot;Catalog.Index&quot;,
        &quot;parentId&quot;: null,
        &quot;unAuthorizedProps&quot;: {
          &quot;visible&quot;: false,
          &quot;disabled&quot;: false
        },
        &quot;actionName&quot;: &quot;Index&quot;
      },
      {
        &quot;routePath&quot;: null,
        &quot;iconName&quot;: null,
        &quot;controllerName&quot;: &quot;Rider&quot;,
        &quot;name&quot;: &quot;List Warehouse&quot;,
        &quot;displayOrder&quot;: 0,
        &quot;description&quot;: null,
        &quot;id&quot;: &quot;b3974f99-cfc1-4eea-a71d-cb2d63fbe23b&quot;,
        &quot;isMenu&quot;: false,
        &quot;key&quot;: &quot;Rider.ListWarehouse&quot;,
        &quot;parentId&quot;: &quot;1b716d9c-2bf6-4a16-9bd1-2214d14b6cc7&quot;,
        &quot;unAuthorizedProps&quot;: {
          &quot;visible&quot;: false,
          &quot;disabled&quot;: false
        },
        &quot;actionName&quot;: &quot;ListWarehouse&quot;
      },
      {
        &quot;routePath&quot;: null,
        &quot;iconName&quot;: null,
        &quot;controllerName&quot;: &quot;ZipCode&quot;,
        &quot;name&quot;: &quot;ZipCode Find&quot;,
        &quot;displayOrder&quot;: 0,
        &quot;description&quot;: null,
        &quot;id&quot;: &quot;6ce0a1fe-663d-4167-9095-41ead097b95d&quot;,
        &quot;isMenu&quot;: false,
        &quot;key&quot;: &quot;ZipCode.Find&quot;,
        &quot;parentId&quot;: &quot;8aa34e38-533b-4ab7-bad7-0eaa7b5dec9c&quot;,
        &quot;unAuthorizedProps&quot;: {
          &quot;visible&quot;: false,
          &quot;disabled&quot;: false
        },
        &quot;actionName&quot;: &quot;Find&quot;
      },
      {
        &quot;routePath&quot;: null,
        &quot;iconName&quot;: null,
        &quot;controllerName&quot;: &quot;Country&quot;,
        &quot;name&quot;: &quot;Country Index&quot;,
        &quot;displayOrder&quot;: 0,
        &quot;description&quot;: null,
        &quot;id&quot;: &quot;9c15db73-badc-4894-ab1b-d8261bac91c2&quot;,
        &quot;isMenu&quot;: false,
        &quot;key&quot;: &quot;Country.Index&quot;,
        &quot;parentId&quot;: null,
        &quot;unAuthorizedProps&quot;: {
          &quot;visible&quot;: false,
          &quot;disabled&quot;: false
        },
        &quot;actionName&quot;: &quot;Index&quot;
      },
      {
        &quot;routePath&quot;: &quot;campaigns&quot;,
        &quot;iconName&quot;: &quot;campaignSVG&quot;,
        &quot;controllerName&quot;: &quot;Campaign&quot;,
        &quot;name&quot;: &quot;Campaigns&quot;,
        &quot;displayOrder&quot;: 200,
        &quot;description&quot;: null,
        &quot;id&quot;: &quot;fd2f794b-65fb-4da6-9bdb-835c466e4321&quot;,
        &quot;isMenu&quot;: true,
        &quot;key&quot;: &quot;Campaign.Index&quot;,
        &quot;parentId&quot;: null,
        &quot;unAuthorizedProps&quot;: {
          &quot;visible&quot;: false,
          &quot;disabled&quot;: false
        },
        &quot;actionName&quot;: &quot;Index&quot;
      },
      {
        &quot;routePath&quot;: &quot;&quot;,
        &quot;iconName&quot;: &quot;resourcesSVG&quot;,
        &quot;controllerName&quot;: &quot;Resource&quot;,
        &quot;name&quot;: &quot;Resources&quot;,
        &quot;displayOrder&quot;: 900,
        &quot;description&quot;: null,
        &quot;id&quot;: &quot;8f4ea0ae-2382-4769-8584-5f2f2b1520c8&quot;,
        &quot;isMenu&quot;: true,
        &quot;key&quot;: &quot;Resource.Index&quot;,
        &quot;parentId&quot;: null,
        &quot;unAuthorizedProps&quot;: {
          &quot;visible&quot;: false,
          &quot;disabled&quot;: false
        },
        &quot;actionName&quot;: &quot;Index&quot;
      },
      {
        &quot;routePath&quot;: null,
        &quot;iconName&quot;: null,
        &quot;controllerName&quot;: &quot;State&quot;,
        &quot;name&quot;: &quot;State Index&quot;,
        &quot;displayOrder&quot;: 0,
        &quot;description&quot;: null,
        &quot;id&quot;: &quot;4842baa6-3b5e-40d1-ba2c-aa896962f8a7&quot;,
        &quot;isMenu&quot;: false,
        &quot;key&quot;: &quot;State.Index&quot;,
        &quot;parentId&quot;: null,
        &quot;unAuthorizedProps&quot;: {
          &quot;visible&quot;: false,
          &quot;disabled&quot;: false
        },
        &quot;actionName&quot;: &quot;Index&quot;
      },
      {
        &quot;routePath&quot;: null,
        &quot;iconName&quot;: null,
        &quot;controllerName&quot;: &quot;Order&quot;,
        &quot;name&quot;: &quot;Order Create&quot;,
        &quot;displayOrder&quot;: 0,
        &quot;description&quot;: null,
        &quot;id&quot;: &quot;5c9d78b5-a896-4f09-81f5-3772241f9c78&quot;,
        &quot;isMenu&quot;: false,
        &quot;key&quot;: &quot;Order.Create&quot;,
        &quot;parentId&quot;: &quot;872b9f8c-c48d-dfeb-de32-1be0c3c38dbb&quot;,
        &quot;unAuthorizedProps&quot;: {
          &quot;visible&quot;: false,
          &quot;disabled&quot;: false
        },
        &quot;actionName&quot;: &quot;Create&quot;
      },
      {
        &quot;routePath&quot;: null,
        &quot;iconName&quot;: &quot;blackListSVG&quot;,
        &quot;controllerName&quot;: &quot;BlackList&quot;,
        &quot;name&quot;: &quot;Black List Delete&quot;,
        &quot;displayOrder&quot;: 0,
        &quot;description&quot;: null,
        &quot;id&quot;: &quot;ac6ae6a5-d189-4a17-b8a0-26fbbc3f6e27&quot;,
        &quot;isMenu&quot;: false,
        &quot;key&quot;: &quot;BlackList.Delete&quot;,
        &quot;parentId&quot;: &quot;d273c43d-77c8-4b88-8d35-9ec20a90bd11&quot;,
        &quot;unAuthorizedProps&quot;: {
          &quot;visible&quot;: false,
          &quot;disabled&quot;: false
        },
        &quot;actionName&quot;: &quot;Delete&quot;
      },
      {
        &quot;routePath&quot;: null,
        &quot;iconName&quot;: null,
        &quot;controllerName&quot;: &quot;Role&quot;,
        &quot;name&quot;: &quot;Role Find&quot;,
        &quot;displayOrder&quot;: 0,
        &quot;description&quot;: null,
        &quot;id&quot;: &quot;93ff5806-4453-44a3-bc9b-557783976d40&quot;,
        &quot;isMenu&quot;: false,
        &quot;key&quot;: &quot;Role.Find&quot;,
        &quot;parentId&quot;: &quot;e98d2f21-52f8-41cb-9b3f-fe979b5f0578&quot;,
        &quot;unAuthorizedProps&quot;: {
          &quot;visible&quot;: false,
          &quot;disabled&quot;: false
        },
        &quot;actionName&quot;: &quot;Find&quot;
      },
      {
        &quot;routePath&quot;: null,
        &quot;iconName&quot;: &quot;RemoteSearchForSubCategories&quot;,
        &quot;controllerName&quot;: &quot;Category&quot;,
        &quot;name&quot;: &quot;Category RemoteSearchForSubCategories&quot;,
        &quot;displayOrder&quot;: 0,
        &quot;description&quot;: null,
        &quot;id&quot;: &quot;6db1a08e-e179-4c17-9191-fa48c4e91f43&quot;,
        &quot;isMenu&quot;: false,
        &quot;key&quot;: &quot;Category.RemoteSearchForSubCategories&quot;,
        &quot;parentId&quot;: &quot;501d66f1-cdeb-4f10-85d2-6e00d60e36c9&quot;,
        &quot;unAuthorizedProps&quot;: {
          &quot;visible&quot;: false,
          &quot;disabled&quot;: false
        },
        &quot;actionName&quot;: &quot;RemoteSearchForSubCategories&quot;
      },
      {
        &quot;routePath&quot;: null,
        &quot;iconName&quot;: null,
        &quot;controllerName&quot;: &quot;Warehouse&quot;,
        &quot;name&quot;: &quot;Warehouse ImportWarehouseStock&quot;,
        &quot;displayOrder&quot;: 0,
        &quot;description&quot;: null,
        &quot;id&quot;: &quot;32b123d7-64e0-437b-85ee-e231221123c4&quot;,
        &quot;isMenu&quot;: false,
        &quot;key&quot;: &quot;Warehouse.ImportWarehouseStock&quot;,
        &quot;parentId&quot;: &quot;7a99d565-0e98-95af-19bd-814011ea2417&quot;,
        &quot;unAuthorizedProps&quot;: {
          &quot;visible&quot;: false,
          &quot;disabled&quot;: false
        },
        &quot;actionName&quot;: &quot;ImportWarehouseStock&quot;
      },
      {
        &quot;routePath&quot;: &quot;&quot;,
        &quot;iconName&quot;: &quot;&quot;,
        &quot;controllerName&quot;: &quot;Category&quot;,
        &quot;name&quot;: &quot;Category DeleteImage&quot;,
        &quot;displayOrder&quot;: 0,
        &quot;description&quot;: &quot;&quot;,
        &quot;id&quot;: &quot;abfccc7e-7b90-4102-a774-6064c670950a&quot;,
        &quot;isMenu&quot;: false,
        &quot;key&quot;: &quot;Category.DeleteImage&quot;,
        &quot;parentId&quot;: &quot;9bbddb67-d7f2-44d3-8d09-6bd04f8b6f79&quot;,
        &quot;unAuthorizedProps&quot;: {
          &quot;visible&quot;: false,
          &quot;disabled&quot;: false
        },
        &quot;actionName&quot;: &quot;DeleteImage&quot;
      },
      {
        &quot;routePath&quot;: null,
        &quot;iconName&quot;: null,
        &quot;controllerName&quot;: &quot;Role&quot;,
        &quot;name&quot;: &quot;Role Edit&quot;,
        &quot;displayOrder&quot;: 0,
        &quot;description&quot;: null,
        &quot;id&quot;: &quot;e659fa87-caf3-44e3-b5c2-1e0a78323f20&quot;,
        &quot;isMenu&quot;: false,
        &quot;key&quot;: &quot;Role.Edit&quot;,
        &quot;parentId&quot;: &quot;e98d2f21-52f8-41cb-9b3f-fe979b5f0578&quot;,
        &quot;unAuthorizedProps&quot;: {
          &quot;visible&quot;: false,
          &quot;disabled&quot;: false
        },
        &quot;actionName&quot;: &quot;Edit&quot;
      },
      {
        &quot;routePath&quot;: null,
        &quot;iconName&quot;: null,
        &quot;controllerName&quot;: &quot;Banner&quot;,
        &quot;name&quot;: &quot;Banner Delete&quot;,
        &quot;displayOrder&quot;: 0,
        &quot;description&quot;: null,
        &quot;id&quot;: &quot;21357ea8-c21e-4c43-846a-714dc3de69b2&quot;,
        &quot;isMenu&quot;: false,
        &quot;key&quot;: &quot;Banner.Delete&quot;,
        &quot;parentId&quot;: &quot;d01dd410-27ab-4ca2-ad2e-06ed18197543&quot;,
        &quot;unAuthorizedProps&quot;: {
          &quot;visible&quot;: false,
          &quot;disabled&quot;: false
        },
        &quot;actionName&quot;: &quot;Delete&quot;
      },
      {
        &quot;routePath&quot;: &quot;message-templates&quot;,
        &quot;iconName&quot;: &quot;messageSVG&quot;,
        &quot;controllerName&quot;: &quot;MessageTemplate&quot;,
        &quot;name&quot;: &quot;Message Templates&quot;,
        &quot;displayOrder&quot;: 0,
        &quot;description&quot;: null,
        &quot;id&quot;: &quot;570b7634-2234-498f-939b-440805527121&quot;,
        &quot;isMenu&quot;: true,
        &quot;key&quot;: &quot;MessageTemplate.Index&quot;,
        &quot;parentId&quot;: &quot;8f4ea0ae-2382-4769-8584-5f2f2b1520c8&quot;,
        &quot;unAuthorizedProps&quot;: {
          &quot;visible&quot;: false,
          &quot;disabled&quot;: false
        },
        &quot;actionName&quot;: &quot;Index&quot;
      },
      {
        &quot;routePath&quot;: null,
        &quot;iconName&quot;: null,
        &quot;controllerName&quot;: &quot;Banner&quot;,
        &quot;name&quot;: &quot;Banner Find&quot;,
        &quot;displayOrder&quot;: 0,
        &quot;description&quot;: null,
        &quot;id&quot;: &quot;d251bc51-e2ad-4581-a0f3-30fa44141403&quot;,
        &quot;isMenu&quot;: false,
        &quot;key&quot;: &quot;Banner.Find&quot;,
        &quot;parentId&quot;: &quot;d01dd410-27ab-4ca2-ad2e-06ed18197543&quot;,
        &quot;unAuthorizedProps&quot;: {
          &quot;visible&quot;: false,
          &quot;disabled&quot;: false
        },
        &quot;actionName&quot;: &quot;Find&quot;
      },
      {
        &quot;routePath&quot;: null,
        &quot;iconName&quot;: null,
        &quot;controllerName&quot;: &quot;Region&quot;,
        &quot;name&quot;: &quot;Region&quot;,
        &quot;displayOrder&quot;: 0,
        &quot;description&quot;: null,
        &quot;id&quot;: &quot;ea3629e8-4946-4c94-831b-445ff5e05927&quot;,
        &quot;isMenu&quot;: false,
        &quot;key&quot;: &quot;Region.Delete&quot;,
        &quot;parentId&quot;: &quot;636ed702-38d2-4f20-967d-54564a31315f&quot;,
        &quot;unAuthorizedProps&quot;: {
          &quot;visible&quot;: false,
          &quot;disabled&quot;: false
        },
        &quot;actionName&quot;: &quot;Delete&quot;
      },
      {
        &quot;routePath&quot;: &quot;riders&quot;,
        &quot;iconName&quot;: &quot;riderSVG&quot;,
        &quot;controllerName&quot;: &quot;Rider&quot;,
        &quot;name&quot;: &quot;Driver&quot;,
        &quot;displayOrder&quot;: 620,
        &quot;description&quot;: null,
        &quot;id&quot;: &quot;1b716d9c-2bf6-4a16-9bd1-2214d14b6cc7&quot;,
        &quot;isMenu&quot;: true,
        &quot;key&quot;: &quot;Rider.Index&quot;,
        &quot;parentId&quot;: &quot;8b04f24a-f777-5455-9d4b-5d32257d3d62&quot;,
        &quot;unAuthorizedProps&quot;: {
          &quot;visible&quot;: false,
          &quot;disabled&quot;: false
        },
        &quot;actionName&quot;: &quot;Index&quot;
      },
      {
        &quot;routePath&quot;: &quot;permissions&quot;,
        &quot;iconName&quot;: &quot;permissionSVG&quot;,
        &quot;controllerName&quot;: &quot;Permission&quot;,
        &quot;name&quot;: &quot;Permissions&quot;,
        &quot;displayOrder&quot;: 640,
        &quot;description&quot;: null,
        &quot;id&quot;: &quot;213aad81-551b-49f7-9d15-f11f5b9e7e88&quot;,
        &quot;isMenu&quot;: true,
        &quot;key&quot;: &quot;Permission.Index&quot;,
        &quot;parentId&quot;: &quot;8b04f24a-f777-5455-9d4b-5d32257d3d62&quot;,
        &quot;unAuthorizedProps&quot;: {
          &quot;visible&quot;: false,
          &quot;disabled&quot;: false
        },
        &quot;actionName&quot;: &quot;Index&quot;
      },
      {
        &quot;routePath&quot;: null,
        &quot;iconName&quot;: null,
        &quot;controllerName&quot;: &quot;County&quot;,
        &quot;name&quot;: &quot;County Edit&quot;,
        &quot;displayOrder&quot;: 0,
        &quot;description&quot;: null,
        &quot;id&quot;: &quot;ba784849-f3ea-4d98-8dc8-194743397b68&quot;,
        &quot;isMenu&quot;: false,
        &quot;key&quot;: &quot;County.Edit&quot;,
        &quot;parentId&quot;: &quot;28a7ee86-bfd8-408f-97d3-82a96e1cbcc6&quot;,
        &quot;unAuthorizedProps&quot;: {
          &quot;visible&quot;: false,
          &quot;disabled&quot;: false
        },
        &quot;actionName&quot;: &quot;Edit&quot;
      },
      {
        &quot;routePath&quot;: null,
        &quot;iconName&quot;: null,
        &quot;controllerName&quot;: &quot;ZipCode&quot;,
        &quot;name&quot;: &quot;ZipCode List&quot;,
        &quot;displayOrder&quot;: 0,
        &quot;description&quot;: null,
        &quot;id&quot;: &quot;48ed0371-cd67-4620-b3d7-8c71e947c93f&quot;,
        &quot;isMenu&quot;: false,
        &quot;key&quot;: &quot;ZipCode.List&quot;,
        &quot;parentId&quot;: &quot;8aa34e38-533b-4ab7-bad7-0eaa7b5dec9c&quot;,
        &quot;unAuthorizedProps&quot;: {
          &quot;visible&quot;: false,
          &quot;disabled&quot;: false
        },
        &quot;actionName&quot;: &quot;List&quot;
      },
      {
        &quot;routePath&quot;: null,
        &quot;iconName&quot;: null,
        &quot;controllerName&quot;: &quot;Role&quot;,
        &quot;name&quot;: &quot;Role Delete&quot;,
        &quot;displayOrder&quot;: 0,
        &quot;description&quot;: null,
        &quot;id&quot;: &quot;72327532-7e7b-443e-8f6c-1af60992346e&quot;,
        &quot;isMenu&quot;: false,
        &quot;key&quot;: &quot;Role.Delete&quot;,
        &quot;parentId&quot;: &quot;e98d2f21-52f8-41cb-9b3f-fe979b5f0578&quot;,
        &quot;unAuthorizedProps&quot;: {
          &quot;visible&quot;: false,
          &quot;disabled&quot;: false
        },
        &quot;actionName&quot;: &quot;Delete&quot;
      },
      {
        &quot;routePath&quot;: null,
        &quot;iconName&quot;: null,
        &quot;controllerName&quot;: &quot;County&quot;,
        &quot;name&quot;: &quot;County List&quot;,
        &quot;displayOrder&quot;: 0,
        &quot;description&quot;: null,
        &quot;id&quot;: &quot;b585755d-7f4f-43b0-8d1e-f2d807abcec4&quot;,
        &quot;isMenu&quot;: false,
        &quot;key&quot;: &quot;County.List&quot;,
        &quot;parentId&quot;: &quot;28a7ee86-bfd8-408f-97d3-82a96e1cbcc6&quot;,
        &quot;unAuthorizedProps&quot;: {
          &quot;visible&quot;: false,
          &quot;disabled&quot;: false
        },
        &quot;actionName&quot;: &quot;List&quot;
      },
      {
        &quot;routePath&quot;: null,
        &quot;iconName&quot;: null,
        &quot;controllerName&quot;: &quot;State&quot;,
        &quot;name&quot;: &quot;State List&quot;,
        &quot;displayOrder&quot;: 0,
        &quot;description&quot;: null,
        &quot;id&quot;: &quot;b3223f02-9caa-4de6-9340-052b6c64b670&quot;,
        &quot;isMenu&quot;: false,
        &quot;key&quot;: &quot;State.List&quot;,
        &quot;parentId&quot;: &quot;4842baa6-3b5e-40d1-ba2c-aa896962f8a7&quot;,
        &quot;unAuthorizedProps&quot;: {
          &quot;visible&quot;: false,
          &quot;disabled&quot;: false
        },
        &quot;actionName&quot;: &quot;List&quot;
      },
      {
        &quot;routePath&quot;: &quot;orders&quot;,
        &quot;iconName&quot;: &quot;ordersSVG&quot;,
        &quot;controllerName&quot;: &quot;Order&quot;,
        &quot;name&quot;: &quot;Status Count&quot;,
        &quot;displayOrder&quot;: 0,
        &quot;description&quot;: null,
        &quot;id&quot;: &quot;cebe4f6e-97cb-4744-be13-802d6ec99207&quot;,
        &quot;isMenu&quot;: false,
        &quot;key&quot;: &quot;Order.OrderStatusCount&quot;,
        &quot;parentId&quot;: &quot;872b9f8c-c48d-dfeb-de32-1be0c3c38dbb&quot;,
        &quot;unAuthorizedProps&quot;: {
          &quot;visible&quot;: false,
          &quot;disabled&quot;: false
        },
        &quot;actionName&quot;: &quot;OrderStatusCount&quot;
      },
      {
        &quot;routePath&quot;: null,
        &quot;iconName&quot;: null,
        &quot;controllerName&quot;: &quot;Region&quot;,
        &quot;name&quot;: &quot;Region Index&quot;,
        &quot;displayOrder&quot;: 0,
        &quot;description&quot;: null,
        &quot;id&quot;: &quot;636ed702-38d2-4f20-967d-54564a31315f&quot;,
        &quot;isMenu&quot;: false,
        &quot;key&quot;: &quot;Region.Index&quot;,
        &quot;parentId&quot;: null,
        &quot;unAuthorizedProps&quot;: {
          &quot;visible&quot;: false,
          &quot;disabled&quot;: false
        },
        &quot;actionName&quot;: &quot;Index&quot;
      },
      {
        &quot;routePath&quot;: null,
        &quot;iconName&quot;: null,
        &quot;controllerName&quot;: &quot;Region&quot;,
        &quot;name&quot;: &quot;Region List&quot;,
        &quot;displayOrder&quot;: 0,
        &quot;description&quot;: null,
        &quot;id&quot;: &quot;9c05f19c-13b9-498e-aacb-e3c0f3e1d478&quot;,
        &quot;isMenu&quot;: false,
        &quot;key&quot;: &quot;Region.List&quot;,
        &quot;parentId&quot;: &quot;636ed702-38d2-4f20-967d-54564a31315f&quot;,
        &quot;unAuthorizedProps&quot;: {
          &quot;visible&quot;: false,
          &quot;disabled&quot;: false
        },
        &quot;actionName&quot;: &quot;List&quot;
      },
      {
        &quot;routePath&quot;: &quot;banners&quot;,
        &quot;iconName&quot;: &quot;bannerSVG&quot;,
        &quot;controllerName&quot;: &quot;Banner&quot;,
        &quot;name&quot;: &quot;Banner&quot;,
        &quot;displayOrder&quot;: 920,
        &quot;description&quot;: null,
        &quot;id&quot;: &quot;d01dd410-27ab-4ca2-ad2e-06ed18197543&quot;,
        &quot;isMenu&quot;: true,
        &quot;key&quot;: &quot;Banner.Index&quot;,
        &quot;parentId&quot;: &quot;8f4ea0ae-2382-4769-8584-5f2f2b1520c8&quot;,
        &quot;unAuthorizedProps&quot;: {
          &quot;visible&quot;: false,
          &quot;disabled&quot;: false
        },
        &quot;actionName&quot;: &quot;Index&quot;
      },
      {
        &quot;routePath&quot;: null,
        &quot;iconName&quot;: null,
        &quot;controllerName&quot;: &quot;MessageTemplate&quot;,
        &quot;name&quot;: &quot;Message Template Find&quot;,
        &quot;displayOrder&quot;: 0,
        &quot;description&quot;: null,
        &quot;id&quot;: &quot;c4cda510-6ac9-41c7-ae6e-74e42b8672b2&quot;,
        &quot;isMenu&quot;: false,
        &quot;key&quot;: &quot;MessageTemplate.Find&quot;,
        &quot;parentId&quot;: &quot;570b7634-2234-498f-939b-440805527121&quot;,
        &quot;unAuthorizedProps&quot;: {
          &quot;visible&quot;: false,
          &quot;disabled&quot;: false
        },
        &quot;actionName&quot;: &quot;Find&quot;
      },
      {
        &quot;routePath&quot;: null,
        &quot;iconName&quot;: null,
        &quot;controllerName&quot;: &quot;Address&quot;,
        &quot;name&quot;: &quot;Address Delete&quot;,
        &quot;displayOrder&quot;: 0,
        &quot;description&quot;: null,
        &quot;id&quot;: &quot;fbfbd05c-64df-4fd5-b4b1-8ae1d6d0ab09&quot;,
        &quot;isMenu&quot;: false,
        &quot;key&quot;: &quot;Address.Delete&quot;,
        &quot;parentId&quot;: &quot;c3c514ef-1964-4c94-b13a-8bdd83a5b1cb&quot;,
        &quot;unAuthorizedProps&quot;: {
          &quot;visible&quot;: false,
          &quot;disabled&quot;: false
        },
        &quot;actionName&quot;: &quot;Delete&quot;
      },
      {
        &quot;routePath&quot;: null,
        &quot;iconName&quot;: null,
        &quot;controllerName&quot;: &quot;CouponCode&quot;,
        &quot;name&quot;: &quot;CouponCode&quot;,
        &quot;displayOrder&quot;: 0,
        &quot;description&quot;: null,
        &quot;id&quot;: &quot;b9a73bf9-fbb5-4c88-92c2-f307b6441d6a&quot;,
        &quot;isMenu&quot;: false,
        &quot;key&quot;: &quot;CouponCode.Find&quot;,
        &quot;parentId&quot;: &quot;5aaef586-e311-4265-a241-6eb9758d6541&quot;,
        &quot;unAuthorizedProps&quot;: {
          &quot;visible&quot;: false,
          &quot;disabled&quot;: false
        },
        &quot;actionName&quot;: &quot;Find&quot;
      },
      {
        &quot;routePath&quot;: null,
        &quot;iconName&quot;: null,
        &quot;controllerName&quot;: &quot;Admin&quot;,
        &quot;name&quot;: &quot;Admin Access&quot;,
        &quot;displayOrder&quot;: 0,
        &quot;description&quot;: null,
        &quot;id&quot;: &quot;3e00e509-1d51-489b-b91a-55fe8f3c6edb&quot;,
        &quot;isMenu&quot;: false,
        &quot;key&quot;: &quot;Admin.Access&quot;,
        &quot;parentId&quot;: null,
        &quot;unAuthorizedProps&quot;: {
          &quot;visible&quot;: false,
          &quot;disabled&quot;: false
        },
        &quot;actionName&quot;: &quot;Access&quot;
      },
      {
        &quot;routePath&quot;: null,
        &quot;iconName&quot;: null,
        &quot;controllerName&quot;: &quot;Campaign&quot;,
        &quot;name&quot;: &quot;Campaign Edit&quot;,
        &quot;displayOrder&quot;: 0,
        &quot;description&quot;: null,
        &quot;id&quot;: &quot;dc1d5cc3-524b-4eaa-9a9f-ee84215e1861&quot;,
        &quot;isMenu&quot;: false,
        &quot;key&quot;: &quot;Campaign.Edit&quot;,
        &quot;parentId&quot;: &quot;fd2f794b-65fb-4da6-9bdb-835c466e4321&quot;,
        &quot;unAuthorizedProps&quot;: {
          &quot;visible&quot;: false,
          &quot;disabled&quot;: false
        },
        &quot;actionName&quot;: &quot;Edit&quot;
      },
      {
        &quot;routePath&quot;: null,
        &quot;iconName&quot;: null,
        &quot;controllerName&quot;: &quot;Category&quot;,
        &quot;name&quot;: &quot;Category Delete&quot;,
        &quot;displayOrder&quot;: 0,
        &quot;description&quot;: null,
        &quot;id&quot;: &quot;b83891f7-ad63-4ffc-8ce2-54f1fe6c2655&quot;,
        &quot;isMenu&quot;: false,
        &quot;key&quot;: &quot;Category.Delete&quot;,
        &quot;parentId&quot;: &quot;9bbddb67-d7f2-44d3-8d09-6bd04f8b6f79&quot;,
        &quot;unAuthorizedProps&quot;: {
          &quot;visible&quot;: false,
          &quot;disabled&quot;: false
        },
        &quot;actionName&quot;: &quot;Delete&quot;
      },
      {
        &quot;routePath&quot;: &quot;order-history&quot;,
        &quot;iconName&quot;: &quot;orderHistorySVG&quot;,
        &quot;controllerName&quot;: &quot;Order&quot;,
        &quot;name&quot;: &quot;Order History&quot;,
        &quot;displayOrder&quot;: 110,
        &quot;description&quot;: null,
        &quot;id&quot;: &quot;14cbd334-6cd3-42b3-9b65-6bbeff98691f&quot;,
        &quot;isMenu&quot;: true,
        &quot;key&quot;: &quot;Order.History&quot;,
        &quot;parentId&quot;: &quot;872b9f8c-c48d-dfeb-de32-1be0c3c38dbb&quot;,
        &quot;unAuthorizedProps&quot;: {
          &quot;visible&quot;: false,
          &quot;disabled&quot;: false
        },
        &quot;actionName&quot;: &quot;History&quot;
      },
      {
        &quot;routePath&quot;: null,
        &quot;iconName&quot;: &quot;GetWarehousesByProductQuantities&quot;,
        &quot;controllerName&quot;: &quot;Warehouse&quot;,
        &quot;name&quot;: &quot;Warehouse GetWarehousesByProductQuantities&quot;,
        &quot;displayOrder&quot;: 0,
        &quot;description&quot;: null,
        &quot;id&quot;: &quot;03c0e9ba-00e5-4526-bed3-8b92b5ed5b00&quot;,
        &quot;isMenu&quot;: false,
        &quot;key&quot;: &quot;Warehouse.GetWarehousesByProductQuantities&quot;,
        &quot;parentId&quot;: &quot;7a99d565-0e98-95af-19bd-814011ea2417&quot;,
        &quot;unAuthorizedProps&quot;: {
          &quot;visible&quot;: false,
          &quot;disabled&quot;: false
        },
        &quot;actionName&quot;: &quot;GetWarehousesByProductQuantities&quot;
      },
      {
        &quot;routePath&quot;: null,
        &quot;iconName&quot;: null,
        &quot;controllerName&quot;: &quot;Customer&quot;,
        &quot;name&quot;: &quot;Customer Edit&quot;,
        &quot;displayOrder&quot;: 0,
        &quot;description&quot;: null,
        &quot;id&quot;: &quot;16ec7648-8864-46c1-81f8-45ca74b6d400&quot;,
        &quot;isMenu&quot;: false,
        &quot;key&quot;: &quot;Customer.Edit&quot;,
        &quot;parentId&quot;: &quot;07b60a01-5846-422c-b1c6-1c7a382dbd0e&quot;,
        &quot;unAuthorizedProps&quot;: {
          &quot;visible&quot;: false,
          &quot;disabled&quot;: false
        },
        &quot;actionName&quot;: &quot;Edit&quot;
      },
      {
        &quot;routePath&quot;: null,
        &quot;iconName&quot;: null,
        &quot;controllerName&quot;: &quot;Customer&quot;,
        &quot;name&quot;: &quot;Customer ExportForFilter&quot;,
        &quot;displayOrder&quot;: 0,
        &quot;description&quot;: null,
        &quot;id&quot;: &quot;d035c702-e74b-4f21-a90f-0e5eab19b6ed&quot;,
        &quot;isMenu&quot;: false,
        &quot;key&quot;: &quot;Customer.ExportForFilter&quot;,
        &quot;parentId&quot;: &quot;07b60a01-5846-422c-b1c6-1c7a382dbd0e&quot;,
        &quot;unAuthorizedProps&quot;: {
          &quot;visible&quot;: false,
          &quot;disabled&quot;: false
        },
        &quot;actionName&quot;: &quot;ExportForFilter&quot;
      },
      {
        &quot;routePath&quot;: null,
        &quot;iconName&quot;: &quot;UpdateIsShowOutOfStock&quot;,
        &quot;controllerName&quot;: &quot;Product&quot;,
        &quot;name&quot;: &quot;Product UpdateIsShowOutOfStock&quot;,
        &quot;displayOrder&quot;: 0,
        &quot;description&quot;: null,
        &quot;id&quot;: &quot;3b089d65-e726-4606-9e48-0fade407b41a&quot;,
        &quot;isMenu&quot;: false,
        &quot;key&quot;: &quot;Product.UpdateIsShowOutOfStock&quot;,
        &quot;parentId&quot;: &quot;1858607f-58c2-4c69-8078-f2756c5ca81e&quot;,
        &quot;unAuthorizedProps&quot;: {
          &quot;visible&quot;: false,
          &quot;disabled&quot;: false
        },
        &quot;actionName&quot;: &quot;UpdateIsShowOutOfStock&quot;
      },
      {
        &quot;routePath&quot;: null,
        &quot;iconName&quot;: null,
        &quot;controllerName&quot;: &quot;Category&quot;,
        &quot;name&quot;: &quot;Category List&quot;,
        &quot;displayOrder&quot;: 0,
        &quot;description&quot;: null,
        &quot;id&quot;: &quot;60efba66-4656-4db1-bbc9-9192afaadc42&quot;,
        &quot;isMenu&quot;: false,
        &quot;key&quot;: &quot;Category.List&quot;,
        &quot;parentId&quot;: &quot;9bbddb67-d7f2-44d3-8d09-6bd04f8b6f79&quot;,
        &quot;unAuthorizedProps&quot;: {
          &quot;visible&quot;: false,
          &quot;disabled&quot;: false
        },
        &quot;actionName&quot;: &quot;List&quot;
      },
      {
        &quot;routePath&quot;: null,
        &quot;iconName&quot;: &quot;SendOrderReceipt&quot;,
        &quot;controllerName&quot;: &quot;Order&quot;,
        &quot;name&quot;: &quot;Order SendOrderReceipt&quot;,
        &quot;displayOrder&quot;: 0,
        &quot;description&quot;: null,
        &quot;id&quot;: &quot;61f6a2b2-3170-45fd-b952-763ab434e8cb&quot;,
        &quot;isMenu&quot;: false,
        &quot;key&quot;: &quot;Order.SendOrderReceipt&quot;,
        &quot;parentId&quot;: &quot;6fa1df30-c04b-4bef-a1d1-a67c2748e0b4&quot;,
        &quot;unAuthorizedProps&quot;: {
          &quot;visible&quot;: false,
          &quot;disabled&quot;: false
        },
        &quot;actionName&quot;: &quot;SendOrderReceipt&quot;
      },
      {
        &quot;routePath&quot;: null,
        &quot;iconName&quot;: null,
        &quot;controllerName&quot;: &quot;ServiceArea&quot;,
        &quot;name&quot;: &quot;ServiceArea Index&quot;,
        &quot;displayOrder&quot;: 0,
        &quot;description&quot;: null,
        &quot;id&quot;: &quot;6510260c-2670-4f71-96ed-8f12986fb9cf&quot;,
        &quot;isMenu&quot;: false,
        &quot;key&quot;: &quot;ServiceArea.Index&quot;,
        &quot;parentId&quot;: null,
        &quot;unAuthorizedProps&quot;: {
          &quot;visible&quot;: false,
          &quot;disabled&quot;: false
        },
        &quot;actionName&quot;: &quot;Index&quot;
      },
      {
        &quot;routePath&quot;: null,
        &quot;iconName&quot;: null,
        &quot;controllerName&quot;: &quot;Order&quot;,
        &quot;name&quot;: &quot;Order ExportForFilter&quot;,
        &quot;displayOrder&quot;: 0,
        &quot;description&quot;: null,
        &quot;id&quot;: &quot;1f7586e6-8ed7-4d27-bbab-05b597a942f3&quot;,
        &quot;isMenu&quot;: false,
        &quot;key&quot;: &quot;Order.ExportForFilter&quot;,
        &quot;parentId&quot;: &quot;872b9f8c-c48d-dfeb-de32-1be0c3c38dbb&quot;,
        &quot;unAuthorizedProps&quot;: {
          &quot;visible&quot;: false,
          &quot;disabled&quot;: false
        },
        &quot;actionName&quot;: &quot;ExportForFilter&quot;
      },
      {
        &quot;routePath&quot;: null,
        &quot;iconName&quot;: &quot;delete&quot;,
        &quot;controllerName&quot;: &quot;ProductMedia&quot;,
        &quot;name&quot;: &quot;ProductMedia Delete&quot;,
        &quot;displayOrder&quot;: 0,
        &quot;description&quot;: null,
        &quot;id&quot;: &quot;f95ffe40-8464-4dd7-997a-1e5f0e4ccc4a&quot;,
        &quot;isMenu&quot;: false,
        &quot;key&quot;: &quot;ProductMedia.Delete&quot;,
        &quot;parentId&quot;: &quot;1858607f-58c2-4c69-8078-f2756c5ca81e&quot;,
        &quot;unAuthorizedProps&quot;: {
          &quot;visible&quot;: false,
          &quot;disabled&quot;: false
        },
        &quot;actionName&quot;: &quot;Delete&quot;
      },
      {
        &quot;routePath&quot;: null,
        &quot;iconName&quot;: &quot;auditSVG&quot;,
        &quot;controllerName&quot;: &quot;Audit&quot;,
        &quot;name&quot;: &quot;Audit Find&quot;,
        &quot;displayOrder&quot;: 100000,
        &quot;description&quot;: null,
        &quot;id&quot;: &quot;0817b3ef-fe5a-4be2-b10b-cd008314489e&quot;,
        &quot;isMenu&quot;: false,
        &quot;key&quot;: &quot;Audit.Find&quot;,
        &quot;parentId&quot;: &quot;76070de9-f4f5-4096-aa99-2d2bac586b44&quot;,
        &quot;unAuthorizedProps&quot;: {
          &quot;visible&quot;: false,
          &quot;disabled&quot;: false
        },
        &quot;actionName&quot;: &quot;Find&quot;
      },
      {
        &quot;routePath&quot;: null,
        &quot;iconName&quot;: null,
        &quot;controllerName&quot;: &quot;Region&quot;,
        &quot;name&quot;: &quot;Region Edit&quot;,
        &quot;displayOrder&quot;: 0,
        &quot;description&quot;: null,
        &quot;id&quot;: &quot;dab192e4-1dbc-4537-964c-b9bcf9c0e94c&quot;,
        &quot;isMenu&quot;: false,
        &quot;key&quot;: &quot;Region.Edit&quot;,
        &quot;parentId&quot;: &quot;636ed702-38d2-4f20-967d-54564a31315f&quot;,
        &quot;unAuthorizedProps&quot;: {
          &quot;visible&quot;: false,
          &quot;disabled&quot;: false
        },
        &quot;actionName&quot;: &quot;Edit&quot;
      },
      {
        &quot;routePath&quot;: null,
        &quot;iconName&quot;: null,
        &quot;controllerName&quot;: &quot;ZipCode&quot;,
        &quot;name&quot;: &quot;ZipCode Create&quot;,
        &quot;displayOrder&quot;: 0,
        &quot;description&quot;: null,
        &quot;id&quot;: &quot;a402206e-61d3-4fca-9008-34013f50378e&quot;,
        &quot;isMenu&quot;: false,
        &quot;key&quot;: &quot;ZipCode.Create&quot;,
        &quot;parentId&quot;: &quot;8aa34e38-533b-4ab7-bad7-0eaa7b5dec9c&quot;,
        &quot;unAuthorizedProps&quot;: {
          &quot;visible&quot;: false,
          &quot;disabled&quot;: false
        },
        &quot;actionName&quot;: &quot;Create&quot;
      },
      {
        &quot;routePath&quot;: null,
        &quot;iconName&quot;: null,
        &quot;controllerName&quot;: &quot;Role&quot;,
        &quot;name&quot;: &quot;Role AssignPermission&quot;,
        &quot;displayOrder&quot;: 0,
        &quot;description&quot;: null,
        &quot;id&quot;: &quot;059c1d80-0fbe-4e73-abc8-3e20a3ee2901&quot;,
        &quot;isMenu&quot;: false,
        &quot;key&quot;: &quot;Role.AssignPermission&quot;,
        &quot;parentId&quot;: &quot;e98d2f21-52f8-41cb-9b3f-fe979b5f0578&quot;,
        &quot;unAuthorizedProps&quot;: {
          &quot;visible&quot;: false,
          &quot;disabled&quot;: false
        },
        &quot;actionName&quot;: &quot;AssignPermission&quot;
      },
      {
        &quot;routePath&quot;: null,
        &quot;iconName&quot;: null,
        &quot;controllerName&quot;: &quot;Category&quot;,
        &quot;name&quot;: &quot;Category Find&quot;,
        &quot;displayOrder&quot;: 0,
        &quot;description&quot;: null,
        &quot;id&quot;: &quot;9d76a667-e500-4b4e-861b-25b97c953dd9&quot;,
        &quot;isMenu&quot;: false,
        &quot;key&quot;: &quot;Category.Find&quot;,
        &quot;parentId&quot;: &quot;9bbddb67-d7f2-44d3-8d09-6bd04f8b6f79&quot;,
        &quot;unAuthorizedProps&quot;: {
          &quot;visible&quot;: false,
          &quot;disabled&quot;: false
        },
        &quot;actionName&quot;: &quot;Find&quot;
      },
      {
        &quot;routePath&quot;: null,
        &quot;iconName&quot;: null,
        &quot;controllerName&quot;: &quot;Employee&quot;,
        &quot;name&quot;: &quot;Employee Find&quot;,
        &quot;displayOrder&quot;: 0,
        &quot;description&quot;: null,
        &quot;id&quot;: &quot;329395f5-2a4f-412c-bfa4-ba7e3d40d4b3&quot;,
        &quot;isMenu&quot;: false,
        &quot;key&quot;: &quot;Employee.Find&quot;,
        &quot;parentId&quot;: &quot;e4a8e904-698e-4596-92c3-b40206b19179&quot;,
        &quot;unAuthorizedProps&quot;: {
          &quot;visible&quot;: false,
          &quot;disabled&quot;: false
        },
        &quot;actionName&quot;: &quot;Find&quot;
      },
      {
        &quot;routePath&quot;: null,
        &quot;iconName&quot;: &quot;find&quot;,
        &quot;controllerName&quot;: &quot;Product&quot;,
        &quot;name&quot;: &quot;Product Find&quot;,
        &quot;displayOrder&quot;: 0,
        &quot;description&quot;: null,
        &quot;id&quot;: &quot;bd420774-1ffd-4fa0-b172-3f04acbb6dfa&quot;,
        &quot;isMenu&quot;: false,
        &quot;key&quot;: &quot;Product.Find&quot;,
        &quot;parentId&quot;: &quot;1858607f-58c2-4c69-8078-f2756c5ca81e&quot;,
        &quot;unAuthorizedProps&quot;: {
          &quot;visible&quot;: false,
          &quot;disabled&quot;: false
        },
        &quot;actionName&quot;: &quot;Find&quot;
      },
      {
        &quot;routePath&quot;: null,
        &quot;iconName&quot;: null,
        &quot;controllerName&quot;: &quot;Employee&quot;,
        &quot;name&quot;: &quot;Employee Edit&quot;,
        &quot;displayOrder&quot;: 0,
        &quot;description&quot;: null,
        &quot;id&quot;: &quot;d9cfda39-3a58-4e03-955d-d7f7fc173dd5&quot;,
        &quot;isMenu&quot;: false,
        &quot;key&quot;: &quot;Employee.Edit&quot;,
        &quot;parentId&quot;: &quot;e4a8e904-698e-4596-92c3-b40206b19179&quot;,
        &quot;unAuthorizedProps&quot;: {
          &quot;visible&quot;: false,
          &quot;disabled&quot;: false
        },
        &quot;actionName&quot;: &quot;Edit&quot;
      },
      {
        &quot;routePath&quot;: null,
        &quot;iconName&quot;: null,
        &quot;controllerName&quot;: &quot;Language&quot;,
        &quot;name&quot;: &quot;Language List&quot;,
        &quot;displayOrder&quot;: 0,
        &quot;description&quot;: null,
        &quot;id&quot;: &quot;2f273f27-d9dd-406e-a4d4-2faac07a3d2d&quot;,
        &quot;isMenu&quot;: false,
        &quot;key&quot;: &quot;Language.List&quot;,
        &quot;parentId&quot;: &quot;7d117917-ff5a-448f-ae1c-71b123ffabc0&quot;,
        &quot;unAuthorizedProps&quot;: {
          &quot;visible&quot;: false,
          &quot;disabled&quot;: false
        },
        &quot;actionName&quot;: &quot;List&quot;
      },
      {
        &quot;routePath&quot;: null,
        &quot;iconName&quot;: null,
        &quot;controllerName&quot;: &quot;ZipCode&quot;,
        &quot;name&quot;: &quot;ZipCode Index&quot;,
        &quot;displayOrder&quot;: 0,
        &quot;description&quot;: null,
        &quot;id&quot;: &quot;8aa34e38-533b-4ab7-bad7-0eaa7b5dec9c&quot;,
        &quot;isMenu&quot;: false,
        &quot;key&quot;: &quot;ZipCode.Index&quot;,
        &quot;parentId&quot;: null,
        &quot;unAuthorizedProps&quot;: {
          &quot;visible&quot;: false,
          &quot;disabled&quot;: false
        },
        &quot;actionName&quot;: &quot;Index&quot;
      },
      {
        &quot;routePath&quot;: null,
        &quot;iconName&quot;: null,
        &quot;controllerName&quot;: &quot;State&quot;,
        &quot;name&quot;: &quot;State Delete&quot;,
        &quot;displayOrder&quot;: 0,
        &quot;description&quot;: null,
        &quot;id&quot;: &quot;701496e5-1817-49e7-9c31-4270a4174942&quot;,
        &quot;isMenu&quot;: false,
        &quot;key&quot;: &quot;State.Delete&quot;,
        &quot;parentId&quot;: &quot;4842baa6-3b5e-40d1-ba2c-aa896962f8a7&quot;,
        &quot;unAuthorizedProps&quot;: {
          &quot;visible&quot;: false,
          &quot;disabled&quot;: false
        },
        &quot;actionName&quot;: &quot;Delete&quot;
      },
      {
        &quot;routePath&quot;: null,
        &quot;iconName&quot;: null,
        &quot;controllerName&quot;: &quot;County&quot;,
        &quot;name&quot;: &quot;County Index&quot;,
        &quot;displayOrder&quot;: 0,
        &quot;description&quot;: null,
        &quot;id&quot;: &quot;28a7ee86-bfd8-408f-97d3-82a96e1cbcc6&quot;,
        &quot;isMenu&quot;: false,
        &quot;key&quot;: &quot;County.Index&quot;,
        &quot;parentId&quot;: null,
        &quot;unAuthorizedProps&quot;: {
          &quot;visible&quot;: false,
          &quot;disabled&quot;: false
        },
        &quot;actionName&quot;: &quot;Index&quot;
      },
      {
        &quot;routePath&quot;: null,
        &quot;iconName&quot;: null,
        &quot;controllerName&quot;: &quot;Rider&quot;,
        &quot;name&quot;: &quot;Rider Delete&quot;,
        &quot;displayOrder&quot;: 0,
        &quot;description&quot;: null,
        &quot;id&quot;: &quot;b6c199d0-e33a-484b-b8c7-8c6a204541da&quot;,
        &quot;isMenu&quot;: false,
        &quot;key&quot;: &quot;Rider.Delete&quot;,
        &quot;parentId&quot;: &quot;1b716d9c-2bf6-4a16-9bd1-2214d14b6cc7&quot;,
        &quot;unAuthorizedProps&quot;: {
          &quot;visible&quot;: false,
          &quot;disabled&quot;: false
        },
        &quot;actionName&quot;: &quot;Delete&quot;
      },
      {
        &quot;routePath&quot;: null,
        &quot;iconName&quot;: null,
        &quot;controllerName&quot;: &quot;SubRegion&quot;,
        &quot;name&quot;: &quot;SubRegion Index&quot;,
        &quot;displayOrder&quot;: 0,
        &quot;description&quot;: null,
        &quot;id&quot;: &quot;5016a026-6957-41ab-8cda-9bd37afe0841&quot;,
        &quot;isMenu&quot;: false,
        &quot;key&quot;: &quot;SubRegion.Index&quot;,
        &quot;parentId&quot;: null,
        &quot;unAuthorizedProps&quot;: {
          &quot;visible&quot;: false,
          &quot;disabled&quot;: false
        },
        &quot;actionName&quot;: &quot;Index&quot;
      },
      {
        &quot;routePath&quot;: null,
        &quot;iconName&quot;: null,
        &quot;controllerName&quot;: &quot;Campaign&quot;,
        &quot;name&quot;: &quot;Campaign Create&quot;,
        &quot;displayOrder&quot;: 0,
        &quot;description&quot;: null,
        &quot;id&quot;: &quot;d165df32-e036-4e90-9f58-fa07296951f4&quot;,
        &quot;isMenu&quot;: false,
        &quot;key&quot;: &quot;Campaign.Create&quot;,
        &quot;parentId&quot;: &quot;fd2f794b-65fb-4da6-9bdb-835c466e4321&quot;,
        &quot;unAuthorizedProps&quot;: {
          &quot;visible&quot;: false,
          &quot;disabled&quot;: false
        },
        &quot;actionName&quot;: &quot;Create&quot;
      },
      {
        &quot;routePath&quot;: null,
        &quot;iconName&quot;: null,
        &quot;controllerName&quot;: &quot;Region&quot;,
        &quot;name&quot;: &quot;Region Create&quot;,
        &quot;displayOrder&quot;: 0,
        &quot;description&quot;: null,
        &quot;id&quot;: &quot;73aaaf9f-f0ae-4082-8b27-087cd854a8ae&quot;,
        &quot;isMenu&quot;: false,
        &quot;key&quot;: &quot;Region.Create&quot;,
        &quot;parentId&quot;: &quot;636ed702-38d2-4f20-967d-54564a31315f&quot;,
        &quot;unAuthorizedProps&quot;: {
          &quot;visible&quot;: false,
          &quot;disabled&quot;: false
        },
        &quot;actionName&quot;: &quot;Create&quot;
      },
      {
        &quot;routePath&quot;: &quot;audit-logs&quot;,
        &quot;iconName&quot;: &quot;auditSVG&quot;,
        &quot;controllerName&quot;: &quot;Audit&quot;,
        &quot;name&quot;: &quot;Audits&quot;,
        &quot;displayOrder&quot;: 999,
        &quot;description&quot;: null,
        &quot;id&quot;: &quot;76070de9-f4f5-4096-aa99-2d2bac586b44&quot;,
        &quot;isMenu&quot;: true,
        &quot;key&quot;: &quot;Audit.Index&quot;,
        &quot;parentId&quot;: null,
        &quot;unAuthorizedProps&quot;: {
          &quot;visible&quot;: false,
          &quot;disabled&quot;: false
        },
        &quot;actionName&quot;: &quot;Index&quot;
      },
      {
        &quot;routePath&quot;: null,
        &quot;iconName&quot;: null,
        &quot;controllerName&quot;: &quot;Order&quot;,
        &quot;name&quot;: &quot;Order PartialRefund&quot;,
        &quot;displayOrder&quot;: 0,
        &quot;description&quot;: null,
        &quot;id&quot;: &quot;5a118c25-8cae-40b6-9728-4542683e02e7&quot;,
        &quot;isMenu&quot;: false,
        &quot;key&quot;: &quot;Order.PartialRefund&quot;,
        &quot;parentId&quot;: &quot;872b9f8c-c48d-dfeb-de32-1be0c3c38dbb&quot;,
        &quot;unAuthorizedProps&quot;: {
          &quot;visible&quot;: false,
          &quot;disabled&quot;: false
        },
        &quot;actionName&quot;: &quot;PartialRefund&quot;
      },
      {
        &quot;routePath&quot;: null,
        &quot;iconName&quot;: null,
        &quot;controllerName&quot;: &quot;Permission&quot;,
        &quot;name&quot;: &quot;Permission List&quot;,
        &quot;displayOrder&quot;: 0,
        &quot;description&quot;: null,
        &quot;id&quot;: &quot;efde75e6-f926-47b4-8fc7-a190415c9625&quot;,
        &quot;isMenu&quot;: false,
        &quot;key&quot;: &quot;Permission.List&quot;,
        &quot;parentId&quot;: &quot;213aad81-551b-49f7-9d15-f11f5b9e7e88&quot;,
        &quot;unAuthorizedProps&quot;: {
          &quot;visible&quot;: false,
          &quot;disabled&quot;: false
        },
        &quot;actionName&quot;: &quot;List&quot;
      },
      {
        &quot;routePath&quot;: null,
        &quot;iconName&quot;: null,
        &quot;controllerName&quot;: &quot;Order&quot;,
        &quot;name&quot;: &quot;Order ListForFilterByActiveOrders&quot;,
        &quot;displayOrder&quot;: 0,
        &quot;description&quot;: null,
        &quot;id&quot;: &quot;5b6e6765-324b-4573-9918-6495fb653c36&quot;,
        &quot;isMenu&quot;: false,
        &quot;key&quot;: &quot;Order.ListForFilterByActiveOrders&quot;,
        &quot;parentId&quot;: &quot;872b9f8c-c48d-dfeb-de32-1be0c3c38dbb&quot;,
        &quot;unAuthorizedProps&quot;: {
          &quot;visible&quot;: false,
          &quot;disabled&quot;: false
        },
        &quot;actionName&quot;: &quot;ListForFilterByActiveOrders&quot;
      },
      {
        &quot;routePath&quot;: null,
        &quot;iconName&quot;: &quot;ChangeStatusToCompleted&quot;,
        &quot;controllerName&quot;: &quot;Order&quot;,
        &quot;name&quot;: &quot;Order ChangeStatusToCompleted&quot;,
        &quot;displayOrder&quot;: 0,
        &quot;description&quot;: null,
        &quot;id&quot;: &quot;c0d476ba-4306-46e1-b6b4-4c9e459a7724&quot;,
        &quot;isMenu&quot;: false,
        &quot;key&quot;: &quot;Order.ChangeStatusToCompleted&quot;,
        &quot;parentId&quot;: &quot;872b9f8c-c48d-dfeb-de32-1be0c3c38dbb&quot;,
        &quot;unAuthorizedProps&quot;: {
          &quot;visible&quot;: false,
          &quot;disabled&quot;: false
        },
        &quot;actionName&quot;: &quot;ChangeStatusToCompleted&quot;
      },
      {
        &quot;routePath&quot;: &quot;dashboards&quot;,
        &quot;iconName&quot;: &quot;dashboardSVG&quot;,
        &quot;controllerName&quot;: &quot;Dashboard&quot;,
        &quot;name&quot;: &quot;Analytics&quot;,
        &quot;displayOrder&quot;: 400,
        &quot;description&quot;: &quot;Analytics&quot;,
        &quot;id&quot;: &quot;05f03ef2-ee9e-466b-b024-cfa79802f9ae&quot;,
        &quot;isMenu&quot;: false,
        &quot;key&quot;: &quot;Dashboard.List&quot;,
        &quot;parentId&quot;: null,
        &quot;unAuthorizedProps&quot;: {
          &quot;visible&quot;: false,
          &quot;disabled&quot;: false
        },
        &quot;actionName&quot;: &quot;List&quot;
      },
      {
        &quot;routePath&quot;: null,
        &quot;iconName&quot;: null,
        &quot;controllerName&quot;: &quot;Warehouse&quot;,
        &quot;name&quot;: &quot;Warehouse EditWarehouseStatus&quot;,
        &quot;displayOrder&quot;: 0,
        &quot;description&quot;: null,
        &quot;id&quot;: &quot;ceb79cf6-b1a8-468b-8b15-e73bb6c3ffe9&quot;,
        &quot;isMenu&quot;: false,
        &quot;key&quot;: &quot;Warehouse.EditWarehouseStatus&quot;,
        &quot;parentId&quot;: &quot;7a99d565-0e98-95af-19bd-814011ea2417&quot;,
        &quot;unAuthorizedProps&quot;: {
          &quot;visible&quot;: false,
          &quot;disabled&quot;: false
        },
        &quot;actionName&quot;: &quot;EditWarehouseStatus&quot;
      },
      {
        &quot;routePath&quot;: null,
        &quot;iconName&quot;: null,
        &quot;controllerName&quot;: &quot;Order&quot;,
        &quot;name&quot;: &quot;Order Delete&quot;,
        &quot;displayOrder&quot;: 0,
        &quot;description&quot;: null,
        &quot;id&quot;: &quot;e7fae6f1-e5f5-48e4-ab32-c61d6457b738&quot;,
        &quot;isMenu&quot;: false,
        &quot;key&quot;: &quot;Order.Delete&quot;,
        &quot;parentId&quot;: &quot;872b9f8c-c48d-dfeb-de32-1be0c3c38dbb&quot;,
        &quot;unAuthorizedProps&quot;: {
          &quot;visible&quot;: false,
          &quot;disabled&quot;: false
        },
        &quot;actionName&quot;: &quot;Delete&quot;
      },
      {
        &quot;routePath&quot;: null,
        &quot;iconName&quot;: &quot;RemoteSearchForCouponCode&quot;,
        &quot;controllerName&quot;: &quot;CouponCode&quot;,
        &quot;name&quot;: &quot;CouponCode RemoteSearchForCouponCode&quot;,
        &quot;displayOrder&quot;: 0,
        &quot;description&quot;: null,
        &quot;id&quot;: &quot;14ed0b92-dcc7-4309-aef9-522eec12fc08&quot;,
        &quot;isMenu&quot;: false,
        &quot;key&quot;: &quot;CouponCode.RemoteSearchForCouponCode&quot;,
        &quot;parentId&quot;: null,
        &quot;unAuthorizedProps&quot;: {
          &quot;visible&quot;: false,
          &quot;disabled&quot;: false
        },
        &quot;actionName&quot;: &quot;RemoteSearchForCouponCode&quot;
      },
      {
        &quot;routePath&quot;: null,
        &quot;iconName&quot;: null,
        &quot;controllerName&quot;: &quot;LocaleResource&quot;,
        &quot;name&quot;: &quot;LocaleResource List&quot;,
        &quot;displayOrder&quot;: 0,
        &quot;description&quot;: null,
        &quot;id&quot;: &quot;1f97b83f-e4aa-4e06-b490-eca7a7c7c5ef&quot;,
        &quot;isMenu&quot;: false,
        &quot;key&quot;: &quot;LocaleResource.List&quot;,
        &quot;parentId&quot;: &quot;4c1a6c0d-765c-444a-b7c8-49e99f61d47b&quot;,
        &quot;unAuthorizedProps&quot;: {
          &quot;visible&quot;: false,
          &quot;disabled&quot;: false
        },
        &quot;actionName&quot;: &quot;List&quot;
      },
      {
        &quot;routePath&quot;: &quot;roles&quot;,
        &quot;iconName&quot;: &quot;RolesSVG&quot;,
        &quot;controllerName&quot;: &quot;Role&quot;,
        &quot;name&quot;: &quot;Roles&quot;,
        &quot;displayOrder&quot;: 650,
        &quot;description&quot;: null,
        &quot;id&quot;: &quot;e98d2f21-52f8-41cb-9b3f-fe979b5f0578&quot;,
        &quot;isMenu&quot;: true,
        &quot;key&quot;: &quot;Role.Index&quot;,
        &quot;parentId&quot;: &quot;8b04f24a-f777-5455-9d4b-5d32257d3d62&quot;,
        &quot;unAuthorizedProps&quot;: {
          &quot;visible&quot;: false,
          &quot;disabled&quot;: false
        },
        &quot;actionName&quot;: &quot;Index&quot;
      },
      {
        &quot;routePath&quot;: null,
        &quot;iconName&quot;: null,
        &quot;controllerName&quot;: &quot;SubRegion&quot;,
        &quot;name&quot;: &quot;SubRegion Delete&quot;,
        &quot;displayOrder&quot;: 0,
        &quot;description&quot;: null,
        &quot;id&quot;: &quot;df7da069-b35d-4179-a5dc-8f61beab4226&quot;,
        &quot;isMenu&quot;: false,
        &quot;key&quot;: &quot;SubRegion.Delete&quot;,
        &quot;parentId&quot;: &quot;5016a026-6957-41ab-8cda-9bd37afe0841&quot;,
        &quot;unAuthorizedProps&quot;: {
          &quot;visible&quot;: false,
          &quot;disabled&quot;: false
        },
        &quot;actionName&quot;: &quot;Delete&quot;
      },
      {
        &quot;routePath&quot;: null,
        &quot;iconName&quot;: &quot;UploadProductMedia&quot;,
        &quot;controllerName&quot;: &quot;ProductMedia&quot;,
        &quot;name&quot;: &quot;ProductMedia UploadProductMedia&quot;,
        &quot;displayOrder&quot;: 0,
        &quot;description&quot;: null,
        &quot;id&quot;: &quot;f214be5c-985b-4aaa-aa42-d49e789d5ca6&quot;,
        &quot;isMenu&quot;: false,
        &quot;key&quot;: &quot;ProductMedia.UploadProductMedia&quot;,
        &quot;parentId&quot;: &quot;1858607f-58c2-4c69-8078-f2756c5ca81e&quot;,
        &quot;unAuthorizedProps&quot;: {
          &quot;visible&quot;: false,
          &quot;disabled&quot;: false
        },
        &quot;actionName&quot;: &quot;UploadProductMedia&quot;
      },
      {
        &quot;routePath&quot;: null,
        &quot;iconName&quot;: null,
        &quot;controllerName&quot;: &quot;Order&quot;,
        &quot;name&quot;: &quot;order ListForFilter&quot;,
        &quot;displayOrder&quot;: 0,
        &quot;description&quot;: null,
        &quot;id&quot;: &quot;f12e049a-8719-46d1-9507-00d1671d7c6d&quot;,
        &quot;isMenu&quot;: false,
        &quot;key&quot;: &quot;Order.ListForFilter&quot;,
        &quot;parentId&quot;: &quot;872b9f8c-c48d-dfeb-de32-1be0c3c38dbb&quot;,
        &quot;unAuthorizedProps&quot;: {
          &quot;visible&quot;: false,
          &quot;disabled&quot;: false
        },
        &quot;actionName&quot;: &quot;ListForFilter&quot;
      },
      {
        &quot;routePath&quot;: null,
        &quot;iconName&quot;: null,
        &quot;controllerName&quot;: &quot;CouponCode&quot;,
        &quot;name&quot;: &quot;CouponCode&quot;,
        &quot;displayOrder&quot;: 0,
        &quot;description&quot;: null,
        &quot;id&quot;: &quot;d2f7e3bf-712f-4991-994f-0f3e5e6cda1b&quot;,
        &quot;isMenu&quot;: false,
        &quot;key&quot;: &quot;CouponCode.FindByCode&quot;,
        &quot;parentId&quot;: &quot;5aaef586-e311-4265-a241-6eb9758d6541&quot;,
        &quot;unAuthorizedProps&quot;: {
          &quot;visible&quot;: false,
          &quot;disabled&quot;: false
        },
        &quot;actionName&quot;: &quot;FindByCode&quot;
      }
    ],
    &quot;imageUrl&quot;: null,
    &quot;phoneCountryId&quot;: &quot;f83c326d-cbf4-47cf-b592-f3f638a5a958&quot;,
    &quot;email&quot;: &quot;busra@popcornvan.com&quot;
  },
  &quot;refreshToken&quot;: &quot;H7Qz6jx/v1WOOgYgTR8szveWhY0WTaAwtj64vdVGXKKSkv9oI3JcxB29fe8=&quot;
}
 
15:26:23.422 [pool-1-thread-2] INFO  com.intuit.karate - [print] employee login with phone response --&gt; {
  &quot;visible&quot;: true,
  &quot;action&quot;: &quot;default&quot;,
  &quot;messages&quot;: [
    &quot;OtpVerification&quot;
  ],
  &quot;type&quot;: &quot;otpverification&quot;,
  &quot;title&quot;: null,
  &quot;message&quot;: &quot;OtpVerification&quot;,
  &quot;typeCode&quot;: 203
}
 
15:26:23.474 [pool-1-thread-2] INFO  com.intuit.karate - Environment variable is : popcorn 
15:26:23.494 [pool-1-thread-2] INFO  c.intuit.karate.core.FeatureRuntime - scenario called at line: 9 by tag: @employeeLoginInfo
15:26:23.518 [pool-1-thread-3] INFO  com.intuit.karate - [print] employee login response --&gt; {
  &quot;expiresIn&quot;: 3.1535999992974E7,
  &quot;accessToken&quot;: &quot;eyJhbGciOiJIUzUxMiIsInR5cCI6IkpXVCJ9.eyJuYW1laWQiOiJidXNyYUBwb3Bjb3JudmFuLmNvbSIsIm5hbWUiOiJiw7zFn3JhIGLDvMWfcmEiLCJVc2VyVHlwZSI6IkVtcGxveWVlIiwiTmFtZSI6ImLDvMWfcmEgYsO8xZ9yYSIsIkVtYWlsIjoiYnVzcmFAcG9wY29ybnZhbi5jb20iLCJVc2VySWQiOiIzYzA1ZjhjMS1iMmMzLTQ0NjUtYjRlNS03NmE1ZThlNzkzYTgiLCJuYmYiOjE2NDI1OTUxODMsImV4cCI6MTY3NDEzMTE4MywiaWF0IjoxNjQyNTk1MTgzLCJpc3MiOiJodHRwczovL3BvcGNvcm52YW4uY29tLyIsImF1ZCI6Imh0dHBzOi8vcG9wY29ybnZhbi5jb20vIn0.RyX0trgH9h0jXwxxe1vN1lu_t-dUUViwEjxI5-2jTIDIZeWGyOsDe3U1vyjyiUJmwhl6nTn46jaadThEHY7rNQ&quot;,
  &quot;user&quot;: {
    &quot;imagePath&quot;: null,
    &quot;roles&quot;: [
      {
        &quot;name&quot;: &quot;Super Admin&quot;,
        &quot;displayOrder&quot;: 0,
        &quot;description&quot;: null,
        &quot;colorCode&quot;: null,
        &quot;id&quot;: &quot;4f1058c6-0985-4139-8302-b50df344c339&quot;
      }
    ],
    &quot;languageId&quot;: null,
    &quot;fullName&quot;: &quot;büşra büşra&quot;,
    &quot;employeeId&quot;: &quot;25010a8b-17db-438c-983d-a97e68c569b1&quot;,
    &quot;languageCode&quot;: null,
    &quot;userId&quot;: &quot;3c05f8c1-b2c3-4465-b4e5-76a5e8e793a8&quot;,
    &quot;languageName&quot;: null,
    &quot;phoneAreaCode&quot;: &quot;+373&quot;,
    &quot;phoneNumber&quot;: &quot;6667788&quot;,
    &quot;externalUserId&quot;: &quot;00000000-0000-0000-0000-000000000000&quot;,
    &quot;permissions&quot;: [
      {
        &quot;routePath&quot;: &quot;overview&quot;,
        &quot;iconName&quot;: &quot;overviewSVG&quot;,
        &quot;controllerName&quot;: &quot;Admin&quot;,
        &quot;name&quot;: &quot;Overview&quot;,
        &quot;displayOrder&quot;: 100,
        &quot;description&quot;: null,
        &quot;id&quot;: &quot;f3ef6d44-bdda-9acc-2131-8885bd8e368b&quot;,
        &quot;isMenu&quot;: false,
        &quot;key&quot;: &quot;Admin.Overview&quot;,
        &quot;parentId&quot;: null,
        &quot;unAuthorizedProps&quot;: {
          &quot;visible&quot;: false,
          &quot;disabled&quot;: false
        },
        &quot;actionName&quot;: &quot;Overview&quot;
      },
      {
        &quot;routePath&quot;: null,
        &quot;iconName&quot;: null,
        &quot;controllerName&quot;: &quot;Pusher&quot;,
        &quot;name&quot;: &quot;Pusher Auth&quot;,
        &quot;displayOrder&quot;: 0,
        &quot;description&quot;: null,
        &quot;id&quot;: &quot;d3abc4d5-0841-435b-b27e-c1f8ff8f4d9f&quot;,
        &quot;isMenu&quot;: false,
        &quot;key&quot;: &quot;Pusher.Auth&quot;,
        &quot;parentId&quot;: null,
        &quot;unAuthorizedProps&quot;: {
          &quot;visible&quot;: false,
          &quot;disabled&quot;: false
        },
        &quot;actionName&quot;: &quot;Auth&quot;
      },
      {
        &quot;routePath&quot;: null,
        &quot;iconName&quot;: null,
        &quot;controllerName&quot;: &quot;ServiceArea&quot;,
        &quot;name&quot;: &quot;ServiceArea Find&quot;,
        &quot;displayOrder&quot;: 0,
        &quot;description&quot;: null,
        &quot;id&quot;: &quot;941ff53e-a0e7-4a97-9f21-5a071749fdcf&quot;,
        &quot;isMenu&quot;: false,
        &quot;key&quot;: &quot;ServiceArea.Find&quot;,
        &quot;parentId&quot;: &quot;6510260c-2670-4f71-96ed-8f12986fb9cf&quot;,
        &quot;unAuthorizedProps&quot;: {
          &quot;visible&quot;: false,
          &quot;disabled&quot;: false
        },
        &quot;actionName&quot;: &quot;Find&quot;
      },
      {
        &quot;routePath&quot;: null,
        &quot;iconName&quot;: null,
        &quot;controllerName&quot;: &quot;CouponCode&quot;,
        &quot;name&quot;: &quot;CouponCode&quot;,
        &quot;displayOrder&quot;: 0,
        &quot;description&quot;: null,
        &quot;id&quot;: &quot;a1ea1d92-37b1-41ec-b4cf-24f205e13ced&quot;,
        &quot;isMenu&quot;: false,
        &quot;key&quot;: &quot;CouponCode.Edit&quot;,
        &quot;parentId&quot;: &quot;5aaef586-e311-4265-a241-6eb9758d6541&quot;,
        &quot;unAuthorizedProps&quot;: {
          &quot;visible&quot;: false,
          &quot;disabled&quot;: false
        },
        &quot;actionName&quot;: &quot;Edit&quot;
      },
      {
        &quot;routePath&quot;: &quot;customers&quot;,
        &quot;iconName&quot;: &quot;customerSVG&quot;,
        &quot;controllerName&quot;: &quot;Customer&quot;,
        &quot;name&quot;: &quot;Customer&quot;,
        &quot;displayOrder&quot;: 610,
        &quot;description&quot;: null,
        &quot;id&quot;: &quot;07b60a01-5846-422c-b1c6-1c7a382dbd0e&quot;,
        &quot;isMenu&quot;: true,
        &quot;key&quot;: &quot;Customer.Index&quot;,
        &quot;parentId&quot;: &quot;8b04f24a-f777-5455-9d4b-5d32257d3d62&quot;,
        &quot;unAuthorizedProps&quot;: {
          &quot;visible&quot;: false,
          &quot;disabled&quot;: false
        },
        &quot;actionName&quot;: &quot;Index&quot;
      },
      {
        &quot;routePath&quot;: null,
        &quot;iconName&quot;: null,
        &quot;controllerName&quot;: &quot;ServiceArea&quot;,
        &quot;name&quot;: &quot;ServiceArea List&quot;,
        &quot;displayOrder&quot;: 0,
        &quot;description&quot;: null,
        &quot;id&quot;: &quot;d059ba5c-c4a9-44ee-89cb-167400d65355&quot;,
        &quot;isMenu&quot;: false,
        &quot;key&quot;: &quot;ServiceArea.List&quot;,
        &quot;parentId&quot;: &quot;6510260c-2670-4f71-96ed-8f12986fb9cf&quot;,
        &quot;unAuthorizedProps&quot;: {
          &quot;visible&quot;: false,
          &quot;disabled&quot;: false
        },
        &quot;actionName&quot;: &quot;List&quot;
      },
      {
        &quot;routePath&quot;: null,
        &quot;iconName&quot;: &quot;managementSVG&quot;,
        &quot;controllerName&quot;: &quot;Product&quot;,
        &quot;name&quot;: &quot;Product / Support&quot;,
        &quot;displayOrder&quot;: 999,
        &quot;description&quot;: null,
        &quot;id&quot;: &quot;5b7cb896-ff20-4798-8468-df6c7f3be073&quot;,
        &quot;isMenu&quot;: true,
        &quot;key&quot;: &quot;Product.Main&quot;,
        &quot;parentId&quot;: null,
        &quot;unAuthorizedProps&quot;: {
          &quot;visible&quot;: false,
          &quot;disabled&quot;: false
        },
        &quot;actionName&quot;: &quot;Main&quot;
      },
      {
        &quot;routePath&quot;: null,
        &quot;iconName&quot;: null,
        &quot;controllerName&quot;: &quot;Address&quot;,
        &quot;name&quot;: &quot;Address List&quot;,
        &quot;displayOrder&quot;: 0,
        &quot;description&quot;: null,
        &quot;id&quot;: &quot;6cf101e1-86c2-4b4b-b308-33a8c9e2fd19&quot;,
        &quot;isMenu&quot;: false,
        &quot;key&quot;: &quot;Address.List&quot;,
        &quot;parentId&quot;: &quot;c3c514ef-1964-4c94-b13a-8bdd83a5b1cb&quot;,
        &quot;unAuthorizedProps&quot;: {
          &quot;visible&quot;: false,
          &quot;disabled&quot;: false
        },
        &quot;actionName&quot;: &quot;List&quot;
      },
      {
        &quot;routePath&quot;: null,
        &quot;iconName&quot;: null,
        &quot;controllerName&quot;: &quot;LocaleResource&quot;,
        &quot;name&quot;: &quot;LocaleResource Delete&quot;,
        &quot;displayOrder&quot;: 0,
        &quot;description&quot;: null,
        &quot;id&quot;: &quot;62103116-c035-44d5-aa5d-577df0b20041&quot;,
        &quot;isMenu&quot;: false,
        &quot;key&quot;: &quot;LocaleResource.Delete&quot;,
        &quot;parentId&quot;: &quot;4c1a6c0d-765c-444a-b7c8-49e99f61d47b&quot;,
        &quot;unAuthorizedProps&quot;: {
          &quot;visible&quot;: false,
          &quot;disabled&quot;: false
        },
        &quot;actionName&quot;: &quot;Delete&quot;
      },
      {
        &quot;routePath&quot;: null,
        &quot;iconName&quot;: null,
        &quot;controllerName&quot;: &quot;Address&quot;,
        &quot;name&quot;: &quot;Address Create&quot;,
        &quot;displayOrder&quot;: 0,
        &quot;description&quot;: null,
        &quot;id&quot;: &quot;ba0b5525-39db-4928-8a6a-a3c450b1d747&quot;,
        &quot;isMenu&quot;: false,
        &quot;key&quot;: &quot;Address.Create&quot;,
        &quot;parentId&quot;: &quot;c3c514ef-1964-4c94-b13a-8bdd83a5b1cb&quot;,
        &quot;unAuthorizedProps&quot;: {
          &quot;visible&quot;: false,
          &quot;disabled&quot;: false
        },
        &quot;actionName&quot;: &quot;Create&quot;
      },
      {
        &quot;routePath&quot;: null,
        &quot;iconName&quot;: &quot;ExportForFilter&quot;,
        &quot;controllerName&quot;: &quot;Product&quot;,
        &quot;name&quot;: &quot;Product ExportFinaleReplenishmentReport&quot;,
        &quot;displayOrder&quot;: 0,
        &quot;description&quot;: null,
        &quot;id&quot;: &quot;557a9551-e3b6-4022-8c65-8fefe6bc8b76&quot;,
        &quot;isMenu&quot;: false,
        &quot;key&quot;: &quot;Product.ExportFinaleReplenishmentReport&quot;,
        &quot;parentId&quot;: &quot;1858607f-58c2-4c69-8078-f2756c5ca81e&quot;,
        &quot;unAuthorizedProps&quot;: {
          &quot;visible&quot;: false,
          &quot;disabled&quot;: false
        },
        &quot;actionName&quot;: &quot;ExportFinaleReplenishmentReport&quot;
      },
      {
        &quot;routePath&quot;: null,
        &quot;iconName&quot;: null,
        &quot;controllerName&quot;: &quot;Setting&quot;,
        &quot;name&quot;: &quot;Setting Delete&quot;,
        &quot;displayOrder&quot;: 0,
        &quot;description&quot;: null,
        &quot;id&quot;: &quot;f22745ab-c49b-4b6a-8a72-58e25565418e&quot;,
        &quot;isMenu&quot;: false,
        &quot;key&quot;: &quot;Setting.Delete&quot;,
        &quot;parentId&quot;: &quot;ccc7592a-301d-4d63-aa26-09e92194ca01&quot;,
        &quot;unAuthorizedProps&quot;: {
          &quot;visible&quot;: false,
          &quot;disabled&quot;: false
        },
        &quot;actionName&quot;: &quot;Delete&quot;
      },
      {
        &quot;routePath&quot;: null,
        &quot;iconName&quot;: null,
        &quot;controllerName&quot;: &quot;Setting&quot;,
        &quot;name&quot;: &quot;Setting Edit&quot;,
        &quot;displayOrder&quot;: 0,
        &quot;description&quot;: null,
        &quot;id&quot;: &quot;368d96d0-f0f8-4a6a-a02a-10f3dc4d6813&quot;,
        &quot;isMenu&quot;: false,
        &quot;key&quot;: &quot;Setting.Edit&quot;,
        &quot;parentId&quot;: &quot;ccc7592a-301d-4d63-aa26-09e92194ca01&quot;,
        &quot;unAuthorizedProps&quot;: {
          &quot;visible&quot;: false,
          &quot;disabled&quot;: false
        },
        &quot;actionName&quot;: &quot;Edit&quot;
      },
      {
        &quot;routePath&quot;: null,
        &quot;iconName&quot;: null,
        &quot;controllerName&quot;: &quot;Warehouse&quot;,
        &quot;name&quot;: &quot;Warehouse ListWarehouseStock&quot;,
        &quot;displayOrder&quot;: 0,
        &quot;description&quot;: null,
        &quot;id&quot;: &quot;10961a78-a6c9-47aa-865a-b4d9aaab89bf&quot;,
        &quot;isMenu&quot;: false,
        &quot;key&quot;: &quot;Warehouse.ListWarehouseStock&quot;,
        &quot;parentId&quot;: &quot;7a99d565-0e98-95af-19bd-814011ea2417&quot;,
        &quot;unAuthorizedProps&quot;: {
          &quot;visible&quot;: false,
          &quot;disabled&quot;: false
        },
        &quot;actionName&quot;: &quot;ListWarehouseStock&quot;
      },
      {
        &quot;routePath&quot;: null,
        &quot;iconName&quot;: &quot;blackListSVG&quot;,
        &quot;controllerName&quot;: &quot;BlackList&quot;,
        &quot;name&quot;: &quot;Black List Create&quot;,
        &quot;displayOrder&quot;: 0,
        &quot;description&quot;: null,
        &quot;id&quot;: &quot;70d6b8cb-7f48-4cd4-a796-cad4e227ccd5&quot;,
        &quot;isMenu&quot;: false,
        &quot;key&quot;: &quot;BlackList.Create&quot;,
        &quot;parentId&quot;: &quot;d273c43d-77c8-4b88-8d35-9ec20a90bd11&quot;,
        &quot;unAuthorizedProps&quot;: {
          &quot;visible&quot;: false,
          &quot;disabled&quot;: false
        },
        &quot;actionName&quot;: &quot;Create&quot;
      },
      {
        &quot;routePath&quot;: null,
        &quot;iconName&quot;: &quot;a&quot;,
        &quot;controllerName&quot;: &quot;Customer&quot;,
        &quot;name&quot;: &quot;Customer UpdateBlockedCodeCampaign&quot;,
        &quot;displayOrder&quot;: 0,
        &quot;description&quot;: null,
        &quot;id&quot;: &quot;e3d996d8-5b07-4015-825c-c87c12952def&quot;,
        &quot;isMenu&quot;: false,
        &quot;key&quot;: &quot;Customer.UpdateBlockedCodeCampaign&quot;,
        &quot;parentId&quot;: null,
        &quot;unAuthorizedProps&quot;: {
          &quot;visible&quot;: false,
          &quot;disabled&quot;: false
        },
        &quot;actionName&quot;: &quot;UpdateBlockedCodeCampaign&quot;
      },
      {
        &quot;routePath&quot;: null,
        &quot;iconName&quot;: null,
        &quot;controllerName&quot;: &quot;Warehouse&quot;,
        &quot;name&quot;: &quot;Warehouse ExportWarehouseStock&quot;,
        &quot;displayOrder&quot;: 0,
        &quot;description&quot;: null,
        &quot;id&quot;: &quot;c9b0c169-56cc-4793-a43d-7d18a47ae863&quot;,
        &quot;isMenu&quot;: false,
        &quot;key&quot;: &quot;Warehouse.ExportWarehouseStock&quot;,
        &quot;parentId&quot;: &quot;7a99d565-0e98-95af-19bd-814011ea2417&quot;,
        &quot;unAuthorizedProps&quot;: {
          &quot;visible&quot;: false,
          &quot;disabled&quot;: false
        },
        &quot;actionName&quot;: &quot;ExportWarehouseStock&quot;
      },
      {
        &quot;routePath&quot;: null,
        &quot;iconName&quot;: &quot;SuitableWarehousesForOrder&quot;,
        &quot;controllerName&quot;: &quot;Order&quot;,
        &quot;name&quot;: &quot;Order SuitableWarehousesForOrder&quot;,
        &quot;displayOrder&quot;: 0,
        &quot;description&quot;: null,
        &quot;id&quot;: &quot;2188f2ef-08fb-4757-b6a6-d734b8d72eea&quot;,
        &quot;isMenu&quot;: false,
        &quot;key&quot;: &quot;Order.SuitableWarehousesForOrder&quot;,
        &quot;parentId&quot;: &quot;872b9f8c-c48d-dfeb-de32-1be0c3c38dbb&quot;,
        &quot;unAuthorizedProps&quot;: {
          &quot;visible&quot;: false,
          &quot;disabled&quot;: false
        },
        &quot;actionName&quot;: &quot;SuitableWarehousesForOrder&quot;
      },
      {
        &quot;routePath&quot;: &quot;products&quot;,
        &quot;iconName&quot;: &quot;productSVG&quot;,
        &quot;controllerName&quot;: &quot;Product&quot;,
        &quot;name&quot;: &quot;Product&quot;,
        &quot;displayOrder&quot;: 390,
        &quot;description&quot;: null,
        &quot;id&quot;: &quot;1858607f-58c2-4c69-8078-f2756c5ca81e&quot;,
        &quot;isMenu&quot;: true,
        &quot;key&quot;: &quot;Product.Index&quot;,
        &quot;parentId&quot;: &quot;8b40e125-ffeb-4cf1-ba4b-0ac72aac09d9&quot;,
        &quot;unAuthorizedProps&quot;: {
          &quot;visible&quot;: false,
          &quot;disabled&quot;: false
        },
        &quot;actionName&quot;: &quot;Index&quot;
      },
      {
        &quot;routePath&quot;: null,
        &quot;iconName&quot;: &quot;blackListSVG&quot;,
        &quot;controllerName&quot;: &quot;BlackList&quot;,
        &quot;name&quot;: &quot;Black List Edit&quot;,
        &quot;displayOrder&quot;: 0,
        &quot;description&quot;: null,
        &quot;id&quot;: &quot;8935ed07-0379-4235-99d4-2188e923639a&quot;,
        &quot;isMenu&quot;: false,
        &quot;key&quot;: &quot;BlackList.Edit&quot;,
        &quot;parentId&quot;: &quot;d273c43d-77c8-4b88-8d35-9ec20a90bd11&quot;,
        &quot;unAuthorizedProps&quot;: {
          &quot;visible&quot;: false,
          &quot;disabled&quot;: false
        },
        &quot;actionName&quot;: &quot;Edit&quot;
      },
      {
        &quot;routePath&quot;: null,
        &quot;iconName&quot;: null,
        &quot;controllerName&quot;: &quot;Rider&quot;,
        &quot;name&quot;: &quot;Rider Find&quot;,
        &quot;displayOrder&quot;: 0,
        &quot;description&quot;: null,
        &quot;id&quot;: &quot;438a4584-500a-47a2-810f-012e4743a389&quot;,
        &quot;isMenu&quot;: false,
        &quot;key&quot;: &quot;Rider.Find&quot;,
        &quot;parentId&quot;: &quot;1b716d9c-2bf6-4a16-9bd1-2214d14b6cc7&quot;,
        &quot;unAuthorizedProps&quot;: {
          &quot;visible&quot;: false,
          &quot;disabled&quot;: false
        },
        &quot;actionName&quot;: &quot;Find&quot;
      },
      {
        &quot;routePath&quot;: null,
        &quot;iconName&quot;: null,
        &quot;controllerName&quot;: &quot;Rider&quot;,
        &quot;name&quot;: &quot;Rider List&quot;,
        &quot;displayOrder&quot;: 0,
        &quot;description&quot;: null,
        &quot;id&quot;: &quot;94789829-bd1b-44a3-ae1a-2c4ecf20e3b3&quot;,
        &quot;isMenu&quot;: false,
        &quot;key&quot;: &quot;Rider.List&quot;,
        &quot;parentId&quot;: &quot;1b716d9c-2bf6-4a16-9bd1-2214d14b6cc7&quot;,
        &quot;unAuthorizedProps&quot;: {
          &quot;visible&quot;: false,
          &quot;disabled&quot;: false
        },
        &quot;actionName&quot;: &quot;List&quot;
      },
      {
        &quot;routePath&quot;: null,
        &quot;iconName&quot;: null,
        &quot;controllerName&quot;: &quot;CouponCode&quot;,
        &quot;name&quot;: &quot;CouponCode&quot;,
        &quot;displayOrder&quot;: 0,
        &quot;description&quot;: null,
        &quot;id&quot;: &quot;82a51ef5-f9a9-4a9d-9bc4-241cda2df051&quot;,
        &quot;isMenu&quot;: false,
        &quot;key&quot;: &quot;CouponCode.Create&quot;,
        &quot;parentId&quot;: &quot;5aaef586-e311-4265-a241-6eb9758d6541&quot;,
        &quot;unAuthorizedProps&quot;: {
          &quot;visible&quot;: false,
          &quot;disabled&quot;: false
        },
        &quot;actionName&quot;: &quot;Create&quot;
      },
      {
        &quot;routePath&quot;: null,
        &quot;iconName&quot;: null,
        &quot;controllerName&quot;: &quot;Warehouse&quot;,
        &quot;name&quot;: &quot;Warehouse Create&quot;,
        &quot;displayOrder&quot;: 0,
        &quot;description&quot;: null,
        &quot;id&quot;: &quot;26bd14df-9135-4f4d-8468-6c439e8a737f&quot;,
        &quot;isMenu&quot;: false,
        &quot;key&quot;: &quot;Warehouse.Create&quot;,
        &quot;parentId&quot;: &quot;7a99d565-0e98-95af-19bd-814011ea2417&quot;,
        &quot;unAuthorizedProps&quot;: {
          &quot;visible&quot;: false,
          &quot;disabled&quot;: false
        },
        &quot;actionName&quot;: &quot;Create&quot;
      },
      {
        &quot;routePath&quot;: null,
        &quot;iconName&quot;: null,
        &quot;controllerName&quot;: &quot;CouponCode&quot;,
        &quot;name&quot;: &quot;Find Coupon Code By User Id&quot;,
        &quot;displayOrder&quot;: 0,
        &quot;description&quot;: null,
        &quot;id&quot;: &quot;75b2daf0-42e8-4ad7-b6a4-811d06d87c74&quot;,
        &quot;isMenu&quot;: false,
        &quot;key&quot;: &quot;CouponCode.FindByUserId&quot;,
        &quot;parentId&quot;: &quot;5aaef586-e311-4265-a241-6eb9758d6541&quot;,
        &quot;unAuthorizedProps&quot;: {
          &quot;visible&quot;: false,
          &quot;disabled&quot;: false
        },
        &quot;actionName&quot;: &quot;FindByUserId&quot;
      },
      {
        &quot;routePath&quot;: null,
        &quot;iconName&quot;: null,
        &quot;controllerName&quot;: &quot;Language&quot;,
        &quot;name&quot;: &quot;Language Index&quot;,
        &quot;displayOrder&quot;: 0,
        &quot;description&quot;: null,
        &quot;id&quot;: &quot;7d117917-ff5a-448f-ae1c-71b123ffabc0&quot;,
        &quot;isMenu&quot;: false,
        &quot;key&quot;: &quot;Language.Index&quot;,
        &quot;parentId&quot;: null,
        &quot;unAuthorizedProps&quot;: {
          &quot;visible&quot;: false,
          &quot;disabled&quot;: false
        },
        &quot;actionName&quot;: &quot;Index&quot;
      },
      {
        &quot;routePath&quot;: null,
        &quot;iconName&quot;: null,
        &quot;controllerName&quot;: &quot;Campaign&quot;,
        &quot;name&quot;: &quot;Campaign Find&quot;,
        &quot;displayOrder&quot;: 0,
        &quot;description&quot;: null,
        &quot;id&quot;: &quot;00b581e0-ec91-4feb-a7e7-f1b9101ad482&quot;,
        &quot;isMenu&quot;: false,
        &quot;key&quot;: &quot;Campaign.Find&quot;,
        &quot;parentId&quot;: &quot;fd2f794b-65fb-4da6-9bdb-835c466e4321&quot;,
        &quot;unAuthorizedProps&quot;: {
          &quot;visible&quot;: false,
          &quot;disabled&quot;: false
        },
        &quot;actionName&quot;: &quot;Find&quot;
      },
      {
        &quot;routePath&quot;: null,
        &quot;iconName&quot;: null,
        &quot;controllerName&quot;: &quot;Setting&quot;,
        &quot;name&quot;: &quot;Setting List&quot;,
        &quot;displayOrder&quot;: 0,
        &quot;description&quot;: null,
        &quot;id&quot;: &quot;9f68e0f0-57dc-4148-bd76-fb8c2a970786&quot;,
        &quot;isMenu&quot;: false,
        &quot;key&quot;: &quot;Setting.List&quot;,
        &quot;parentId&quot;: &quot;ccc7592a-301d-4d63-aa26-09e92194ca01&quot;,
        &quot;unAuthorizedProps&quot;: {
          &quot;visible&quot;: false,
          &quot;disabled&quot;: false
        },
        &quot;actionName&quot;: &quot;List&quot;
      },
      {
        &quot;routePath&quot;: null,
        &quot;iconName&quot;: null,
        &quot;controllerName&quot;: &quot;ServiceArea&quot;,
        &quot;name&quot;: &quot;ServiceArea UpdateGeoJson&quot;,
        &quot;displayOrder&quot;: 0,
        &quot;description&quot;: null,
        &quot;id&quot;: &quot;02e62924-50d4-4bc5-9403-2254969f04c0&quot;,
        &quot;isMenu&quot;: false,
        &quot;key&quot;: &quot;ServiceArea.UpdateGeoJson&quot;,
        &quot;parentId&quot;: &quot;6510260c-2670-4f71-96ed-8f12986fb9cf&quot;,
        &quot;unAuthorizedProps&quot;: {
          &quot;visible&quot;: false,
          &quot;disabled&quot;: false
        },
        &quot;actionName&quot;: &quot;UpdateGeoJson&quot;
      },
      {
        &quot;routePath&quot;: null,
        &quot;iconName&quot;: null,
        &quot;controllerName&quot;: &quot;Order&quot;,
        &quot;name&quot;: &quot;Order DeleteOrderItemCheck&quot;,
        &quot;displayOrder&quot;: 0,
        &quot;description&quot;: null,
        &quot;id&quot;: &quot;e07b0bce-91e5-4399-857b-936f93c302dd&quot;,
        &quot;isMenu&quot;: false,
        &quot;key&quot;: &quot;Order.DeleteOrderItemCheck&quot;,
        &quot;parentId&quot;: &quot;872b9f8c-c48d-dfeb-de32-1be0c3c38dbb&quot;,
        &quot;unAuthorizedProps&quot;: {
          &quot;visible&quot;: false,
          &quot;disabled&quot;: false
        },
        &quot;actionName&quot;: &quot;DeleteOrderItemCheck&quot;
      },
      {
        &quot;routePath&quot;: &quot;warehouses&quot;,
        &quot;iconName&quot;: &quot;warehousesSVG&quot;,
        &quot;controllerName&quot;: &quot;Warehouse&quot;,
        &quot;name&quot;: &quot;Warehouses&quot;,
        &quot;displayOrder&quot;: 500,
        &quot;description&quot;: null,
        &quot;id&quot;: &quot;7a99d565-0e98-95af-19bd-814011ea2417&quot;,
        &quot;isMenu&quot;: true,
        &quot;key&quot;: &quot;Warehouse.Index&quot;,
        &quot;parentId&quot;: null,
        &quot;unAuthorizedProps&quot;: {
          &quot;visible&quot;: false,
          &quot;disabled&quot;: false
        },
        &quot;actionName&quot;: &quot;Index&quot;
      },
      {
        &quot;routePath&quot;: null,
        &quot;iconName&quot;: null,
        &quot;controllerName&quot;: &quot;Category&quot;,
        &quot;name&quot;: &quot;Category Create&quot;,
        &quot;displayOrder&quot;: 0,
        &quot;description&quot;: null,
        &quot;id&quot;: &quot;ec3b6666-e8bf-4426-bb0a-6c46f175b9da&quot;,
        &quot;isMenu&quot;: false,
        &quot;key&quot;: &quot;Category.Create&quot;,
        &quot;parentId&quot;: &quot;9bbddb67-d7f2-44d3-8d09-6bd04f8b6f79&quot;,
        &quot;unAuthorizedProps&quot;: {
          &quot;visible&quot;: false,
          &quot;disabled&quot;: false
        },
        &quot;actionName&quot;: &quot;Create&quot;
      },
      {
        &quot;routePath&quot;: null,
        &quot;iconName&quot;: null,
        &quot;controllerName&quot;: &quot;Campaign&quot;,
        &quot;name&quot;: &quot;Campaign ListForFilter&quot;,
        &quot;displayOrder&quot;: 0,
        &quot;description&quot;: null,
        &quot;id&quot;: &quot;d4f0750c-5811-4863-9808-a95b2ab92af4&quot;,
        &quot;isMenu&quot;: false,
        &quot;key&quot;: &quot;Campaign.ListForFilter&quot;,
        &quot;parentId&quot;: &quot;fd2f794b-65fb-4da6-9bdb-835c466e4321&quot;,
        &quot;unAuthorizedProps&quot;: {
          &quot;visible&quot;: false,
          &quot;disabled&quot;: false
        },
        &quot;actionName&quot;: &quot;ListForFilter&quot;
      },
      {
        &quot;routePath&quot;: null,
        &quot;iconName&quot;: null,
        &quot;controllerName&quot;: &quot;Country&quot;,
        &quot;name&quot;: &quot;Country Find&quot;,
        &quot;displayOrder&quot;: 0,
        &quot;description&quot;: null,
        &quot;id&quot;: &quot;869a6e82-0d19-4ae8-a655-99db08529c33&quot;,
        &quot;isMenu&quot;: false,
        &quot;key&quot;: &quot;Country.Find&quot;,
        &quot;parentId&quot;: &quot;9c15db73-badc-4894-ab1b-d8261bac91c2&quot;,
        &quot;unAuthorizedProps&quot;: {
          &quot;visible&quot;: false,
          &quot;disabled&quot;: false
        },
        &quot;actionName&quot;: &quot;Find&quot;
      },
      {
        &quot;routePath&quot;: null,
        &quot;iconName&quot;: null,
        &quot;controllerName&quot;: &quot;SubRegion&quot;,
        &quot;name&quot;: &quot;SubRegion List&quot;,
        &quot;displayOrder&quot;: 0,
        &quot;description&quot;: null,
        &quot;id&quot;: &quot;75d1a3dc-c6ed-4c21-952e-54972310aeb7&quot;,
        &quot;isMenu&quot;: false,
        &quot;key&quot;: &quot;SubRegion.List&quot;,
        &quot;parentId&quot;: &quot;5016a026-6957-41ab-8cda-9bd37afe0841&quot;,
        &quot;unAuthorizedProps&quot;: {
          &quot;visible&quot;: false,
          &quot;disabled&quot;: false
        },
        &quot;actionName&quot;: &quot;List&quot;
      },
      {
        &quot;routePath&quot;: null,
        &quot;iconName&quot;: null,
        &quot;controllerName&quot;: &quot;Rider&quot;,
        &quot;name&quot;: &quot;Rider Edit&quot;,
        &quot;displayOrder&quot;: 0,
        &quot;description&quot;: null,
        &quot;id&quot;: &quot;8277937b-eb57-49db-b4e2-b71ca38abd9c&quot;,
        &quot;isMenu&quot;: false,
        &quot;key&quot;: &quot;Rider.Edit&quot;,
        &quot;parentId&quot;: &quot;1b716d9c-2bf6-4a16-9bd1-2214d14b6cc7&quot;,
        &quot;unAuthorizedProps&quot;: {
          &quot;visible&quot;: false,
          &quot;disabled&quot;: false
        },
        &quot;actionName&quot;: &quot;Edit&quot;
      },
      {
        &quot;routePath&quot;: null,
        &quot;iconName&quot;: null,
        &quot;controllerName&quot;: &quot;Setting&quot;,
        &quot;name&quot;: &quot;Setting Create&quot;,
        &quot;displayOrder&quot;: 0,
        &quot;description&quot;: null,
        &quot;id&quot;: &quot;238383c9-3a34-4c8a-b2a2-85f813a6f40a&quot;,
        &quot;isMenu&quot;: false,
        &quot;key&quot;: &quot;Setting.Create&quot;,
        &quot;parentId&quot;: &quot;ccc7592a-301d-4d63-aa26-09e92194ca01&quot;,
        &quot;unAuthorizedProps&quot;: {
          &quot;visible&quot;: false,
          &quot;disabled&quot;: false
        },
        &quot;actionName&quot;: &quot;Create&quot;
      },
      {
        &quot;routePath&quot;: null,
        &quot;iconName&quot;: null,
        &quot;controllerName&quot;: &quot;CouponCode&quot;,
        &quot;name&quot;: &quot;CouponCode&quot;,
        &quot;displayOrder&quot;: 0,
        &quot;description&quot;: null,
        &quot;id&quot;: &quot;d28ce774-c331-4733-b98f-c83f04e8c752&quot;,
        &quot;isMenu&quot;: false,
        &quot;key&quot;: &quot;CouponCode.Delete&quot;,
        &quot;parentId&quot;: &quot;5aaef586-e311-4265-a241-6eb9758d6541&quot;,
        &quot;unAuthorizedProps&quot;: {
          &quot;visible&quot;: false,
          &quot;disabled&quot;: false
        },
        &quot;actionName&quot;: &quot;Delete&quot;
      },
      {
        &quot;routePath&quot;: null,
        &quot;iconName&quot;: null,
        &quot;controllerName&quot;: &quot;Permission&quot;,
        &quot;name&quot;: &quot;Permission Create&quot;,
        &quot;displayOrder&quot;: 0,
        &quot;description&quot;: null,
        &quot;id&quot;: &quot;a1a303e1-73f3-40d4-b748-a725546f5ea8&quot;,
        &quot;isMenu&quot;: false,
        &quot;key&quot;: &quot;Permission.Create&quot;,
        &quot;parentId&quot;: &quot;213aad81-551b-49f7-9d15-f11f5b9e7e88&quot;,
        &quot;unAuthorizedProps&quot;: {
          &quot;visible&quot;: false,
          &quot;disabled&quot;: false
        },
        &quot;actionName&quot;: &quot;Create&quot;
      },
      {
        &quot;routePath&quot;: null,
        &quot;iconName&quot;: null,
        &quot;controllerName&quot;: &quot;Language&quot;,
        &quot;name&quot;: &quot;Language Delete&quot;,
        &quot;displayOrder&quot;: 0,
        &quot;description&quot;: null,
        &quot;id&quot;: &quot;16b92a62-28f2-4a62-b810-9d341253ffef&quot;,
        &quot;isMenu&quot;: false,
        &quot;key&quot;: &quot;Language.Delete&quot;,
        &quot;parentId&quot;: &quot;7d117917-ff5a-448f-ae1c-71b123ffabc0&quot;,
        &quot;unAuthorizedProps&quot;: {
          &quot;visible&quot;: false,
          &quot;disabled&quot;: false
        },
        &quot;actionName&quot;: &quot;Delete&quot;
      },
      {
        &quot;routePath&quot;: null,
        &quot;iconName&quot;: null,
        &quot;controllerName&quot;: &quot;Order&quot;,
        &quot;name&quot;: &quot;Order Find&quot;,
        &quot;displayOrder&quot;: 0,
        &quot;description&quot;: null,
        &quot;id&quot;: &quot;28593029-bc36-4e20-86b9-c1703b181edd&quot;,
        &quot;isMenu&quot;: false,
        &quot;key&quot;: &quot;Order.Find&quot;,
        &quot;parentId&quot;: &quot;872b9f8c-c48d-dfeb-de32-1be0c3c38dbb&quot;,
        &quot;unAuthorizedProps&quot;: {
          &quot;visible&quot;: false,
          &quot;disabled&quot;: false
        },
        &quot;actionName&quot;: &quot;Find&quot;
      },
      {
        &quot;routePath&quot;: null,
        &quot;iconName&quot;: null,
        &quot;controllerName&quot;: &quot;SubRegion&quot;,
        &quot;name&quot;: &quot;SubRegion Create&quot;,
        &quot;displayOrder&quot;: 0,
        &quot;description&quot;: null,
        &quot;id&quot;: &quot;5645a151-6053-4f7b-ab7b-d8503cbb1aba&quot;,
        &quot;isMenu&quot;: false,
        &quot;key&quot;: &quot;SubRegion.Create&quot;,
        &quot;parentId&quot;: &quot;5016a026-6957-41ab-8cda-9bd37afe0841&quot;,
        &quot;unAuthorizedProps&quot;: {
          &quot;visible&quot;: false,
          &quot;disabled&quot;: false
        },
        &quot;actionName&quot;: &quot;Create&quot;
      },
      {
        &quot;routePath&quot;: &quot;dashboards&quot;,
        &quot;iconName&quot;: &quot;dashboardSVG&quot;,
        &quot;controllerName&quot;: &quot;Dashboard&quot;,
        &quot;name&quot;: &quot;Analytics&quot;,
        &quot;displayOrder&quot;: 300,
        &quot;description&quot;: null,
        &quot;id&quot;: &quot;0b0fd9e8-2ae5-40f8-9373-deafc8c5770d&quot;,
        &quot;isMenu&quot;: true,
        &quot;key&quot;: &quot;Dashboard.Index&quot;,
        &quot;parentId&quot;: null,
        &quot;unAuthorizedProps&quot;: {
          &quot;visible&quot;: false,
          &quot;disabled&quot;: false
        },
        &quot;actionName&quot;: &quot;Index&quot;
      },
      {
        &quot;routePath&quot;: null,
        &quot;iconName&quot;: null,
        &quot;controllerName&quot;: &quot;ServiceArea&quot;,
        &quot;name&quot;: &quot;ServiceArea Edit&quot;,
        &quot;displayOrder&quot;: 0,
        &quot;description&quot;: null,
        &quot;id&quot;: &quot;dccac413-6147-41f2-a093-0f85c770405a&quot;,
        &quot;isMenu&quot;: false,
        &quot;key&quot;: &quot;ServiceArea.Edit&quot;,
        &quot;parentId&quot;: &quot;6510260c-2670-4f71-96ed-8f12986fb9cf&quot;,
        &quot;unAuthorizedProps&quot;: {
          &quot;visible&quot;: false,
          &quot;disabled&quot;: false
        },
        &quot;actionName&quot;: &quot;Edit&quot;
      },
      {
        &quot;routePath&quot;: null,
        &quot;iconName&quot;: null,
        &quot;controllerName&quot;: &quot;Employee&quot;,
        &quot;name&quot;: &quot;Employee Create&quot;,
        &quot;displayOrder&quot;: 0,
        &quot;description&quot;: null,
        &quot;id&quot;: &quot;c5270ce8-af43-4c0c-aae3-461b204b6154&quot;,
        &quot;isMenu&quot;: false,
        &quot;key&quot;: &quot;Employee.Create&quot;,
        &quot;parentId&quot;: &quot;e4a8e904-698e-4596-92c3-b40206b19179&quot;,
        &quot;unAuthorizedProps&quot;: {
          &quot;visible&quot;: false,
          &quot;disabled&quot;: false
        },
        &quot;actionName&quot;: &quot;Create&quot;
      },
      {
        &quot;routePath&quot;: null,
        &quot;iconName&quot;: null,
        &quot;controllerName&quot;: &quot;Order&quot;,
        &quot;name&quot;: &quot;Order List&quot;,
        &quot;displayOrder&quot;: 0,
        &quot;description&quot;: null,
        &quot;id&quot;: &quot;5644a0fc-aab8-4a88-9bcc-a71f29a6bb49&quot;,
        &quot;isMenu&quot;: false,
        &quot;key&quot;: &quot;Order.List&quot;,
        &quot;parentId&quot;: &quot;872b9f8c-c48d-dfeb-de32-1be0c3c38dbb&quot;,
        &quot;unAuthorizedProps&quot;: {
          &quot;visible&quot;: false,
          &quot;disabled&quot;: false
        },
        &quot;actionName&quot;: &quot;List&quot;
      },
      {
        &quot;routePath&quot;: null,
        &quot;iconName&quot;: null,
        &quot;controllerName&quot;: &quot;Language&quot;,
        &quot;name&quot;: &quot;Language Find&quot;,
        &quot;displayOrder&quot;: 0,
        &quot;description&quot;: null,
        &quot;id&quot;: &quot;ac47e514-e60f-466f-a16c-401a478bbce7&quot;,
        &quot;isMenu&quot;: false,
        &quot;key&quot;: &quot;Language.Find&quot;,
        &quot;parentId&quot;: &quot;7d117917-ff5a-448f-ae1c-71b123ffabc0&quot;,
        &quot;unAuthorizedProps&quot;: {
          &quot;visible&quot;: false,
          &quot;disabled&quot;: false
        },
        &quot;actionName&quot;: &quot;Find&quot;
      },
      {
        &quot;routePath&quot;: null,
        &quot;iconName&quot;: null,
        &quot;controllerName&quot;: &quot;Employee&quot;,
        &quot;name&quot;: &quot;Employee List&quot;,
        &quot;displayOrder&quot;: 0,
        &quot;description&quot;: null,
        &quot;id&quot;: &quot;85b2a11c-84bd-40bf-87b5-226546bb7272&quot;,
        &quot;isMenu&quot;: false,
        &quot;key&quot;: &quot;Employee.List&quot;,
        &quot;parentId&quot;: &quot;e4a8e904-698e-4596-92c3-b40206b19179&quot;,
        &quot;unAuthorizedProps&quot;: {
          &quot;visible&quot;: false,
          &quot;disabled&quot;: false
        },
        &quot;actionName&quot;: &quot;List&quot;
      },
      {
        &quot;routePath&quot;: null,
        &quot;iconName&quot;: null,
        &quot;controllerName&quot;: &quot;Country&quot;,
        &quot;name&quot;: &quot;Country Delete&quot;,
        &quot;displayOrder&quot;: 0,
        &quot;description&quot;: null,
        &quot;id&quot;: &quot;6107f9a1-4fbe-46fc-82eb-55acf38ead7d&quot;,
        &quot;isMenu&quot;: false,
        &quot;key&quot;: &quot;Country.Delete&quot;,
        &quot;parentId&quot;: &quot;9c15db73-badc-4894-ab1b-d8261bac91c2&quot;,
        &quot;unAuthorizedProps&quot;: {
          &quot;visible&quot;: false,
          &quot;disabled&quot;: false
        },
        &quot;actionName&quot;: &quot;Delete&quot;
      },
      {
        &quot;routePath&quot;: null,
        &quot;iconName&quot;: null,
        &quot;controllerName&quot;: &quot;Category&quot;,
        &quot;name&quot;: &quot;Category ListForFilter&quot;,
        &quot;displayOrder&quot;: 0,
        &quot;description&quot;: null,
        &quot;id&quot;: &quot;f057072d-c8d8-4140-880a-ad2a61df8381&quot;,
        &quot;isMenu&quot;: false,
        &quot;key&quot;: &quot;Category.ListForFilter&quot;,
        &quot;parentId&quot;: &quot;9bbddb67-d7f2-44d3-8d09-6bd04f8b6f79&quot;,
        &quot;unAuthorizedProps&quot;: {
          &quot;visible&quot;: false,
          &quot;disabled&quot;: false
        },
        &quot;actionName&quot;: &quot;ListForFilter&quot;
      },
      {
        &quot;routePath&quot;: &quot;categories&quot;,
        &quot;iconName&quot;: &quot;categorySVG&quot;,
        &quot;controllerName&quot;: &quot;Category&quot;,
        &quot;name&quot;: &quot;Categories&quot;,
        &quot;displayOrder&quot;: 400,
        &quot;description&quot;: null,
        &quot;id&quot;: &quot;501d66f1-cdeb-4f10-85d2-6e00d60e36c9&quot;,
        &quot;isMenu&quot;: true,
        &quot;key&quot;: &quot;Category.Index&quot;,
        &quot;parentId&quot;: &quot;8b40e125-ffeb-4cf1-ba4b-0ac72aac09d9&quot;,
        &quot;unAuthorizedProps&quot;: {
          &quot;visible&quot;: false,
          &quot;disabled&quot;: false
        },
        &quot;actionName&quot;: &quot;Index&quot;
      },
      {
        &quot;routePath&quot;: null,
        &quot;iconName&quot;: null,
        &quot;controllerName&quot;: &quot;ZipCode&quot;,
        &quot;name&quot;: &quot;ZipCode Edit&quot;,
        &quot;displayOrder&quot;: 0,
        &quot;description&quot;: null,
        &quot;id&quot;: &quot;a5fdf875-fb0a-456a-bd3d-8428d97760af&quot;,
        &quot;isMenu&quot;: false,
        &quot;key&quot;: &quot;ZipCode.Edit&quot;,
        &quot;parentId&quot;: &quot;8aa34e38-533b-4ab7-bad7-0eaa7b5dec9c&quot;,
        &quot;unAuthorizedProps&quot;: {
          &quot;visible&quot;: false,
          &quot;disabled&quot;: false
        },
        &quot;actionName&quot;: &quot;Edit&quot;
      },
      {
        &quot;routePath&quot;: null,
        &quot;iconName&quot;: null,
        &quot;controllerName&quot;: &quot;Order&quot;,
        &quot;name&quot;: &quot;Order FindOrdersByUserId&quot;,
        &quot;displayOrder&quot;: 0,
        &quot;description&quot;: null,
        &quot;id&quot;: &quot;68d99af4-6abe-48d5-9ef2-c1cdb594e356&quot;,
        &quot;isMenu&quot;: false,
        &quot;key&quot;: &quot;Order.FindOrdersByUserId&quot;,
        &quot;parentId&quot;: &quot;872b9f8c-c48d-dfeb-de32-1be0c3c38dbb&quot;,
        &quot;unAuthorizedProps&quot;: {
          &quot;visible&quot;: false,
          &quot;disabled&quot;: false
        },
        &quot;actionName&quot;: &quot;FindOrdersByUserId&quot;
      },
      {
        &quot;routePath&quot;: null,
        &quot;iconName&quot;: null,
        &quot;controllerName&quot;: &quot;Address&quot;,
        &quot;name&quot;: &quot;Address Index&quot;,
        &quot;displayOrder&quot;: 0,
        &quot;description&quot;: null,
        &quot;id&quot;: &quot;c3c514ef-1964-4c94-b13a-8bdd83a5b1cb&quot;,
        &quot;isMenu&quot;: false,
        &quot;key&quot;: &quot;Address.Index&quot;,
        &quot;parentId&quot;: null,
        &quot;unAuthorizedProps&quot;: {
          &quot;visible&quot;: false,
          &quot;disabled&quot;: false
        },
        &quot;actionName&quot;: &quot;Index&quot;
      },
      {
        &quot;routePath&quot;: null,
        &quot;iconName&quot;: null,
        &quot;controllerName&quot;: &quot;State&quot;,
        &quot;name&quot;: &quot;State Find&quot;,
        &quot;displayOrder&quot;: 0,
        &quot;description&quot;: null,
        &quot;id&quot;: &quot;749873e1-e852-4fc8-ab64-f1da0b433957&quot;,
        &quot;isMenu&quot;: false,
        &quot;key&quot;: &quot;State.Find&quot;,
        &quot;parentId&quot;: &quot;4842baa6-3b5e-40d1-ba2c-aa896962f8a7&quot;,
        &quot;unAuthorizedProps&quot;: {
          &quot;visible&quot;: false,
          &quot;disabled&quot;: false
        },
        &quot;actionName&quot;: &quot;Find&quot;
      },
      {
        &quot;routePath&quot;: null,
        &quot;iconName&quot;: null,
        &quot;controllerName&quot;: &quot;Order&quot;,
        &quot;name&quot;: &quot;Order Edit&quot;,
        &quot;displayOrder&quot;: 0,
        &quot;description&quot;: null,
        &quot;id&quot;: &quot;9ae4817f-4442-47af-a281-0b3c0d40862e&quot;,
        &quot;isMenu&quot;: false,
        &quot;key&quot;: &quot;Order.Edit&quot;,
        &quot;parentId&quot;: &quot;872b9f8c-c48d-dfeb-de32-1be0c3c38dbb&quot;,
        &quot;unAuthorizedProps&quot;: {
          &quot;visible&quot;: false,
          &quot;disabled&quot;: false
        },
        &quot;actionName&quot;: &quot;Edit&quot;
      },
      {
        &quot;routePath&quot;: null,
        &quot;iconName&quot;: null,
        &quot;controllerName&quot;: &quot;Customer&quot;,
        &quot;name&quot;: &quot;Customer RemoteSearchForCustomer&quot;,
        &quot;displayOrder&quot;: 0,
        &quot;description&quot;: null,
        &quot;id&quot;: &quot;6c5194cb-40ed-4c65-81e7-b8588de65998&quot;,
        &quot;isMenu&quot;: false,
        &quot;key&quot;: &quot;Customer.RemoteSearchForCustomer&quot;,
        &quot;parentId&quot;: &quot;07b60a01-5846-422c-b1c6-1c7a382dbd0e&quot;,
        &quot;unAuthorizedProps&quot;: {
          &quot;visible&quot;: false,
          &quot;disabled&quot;: false
        },
        &quot;actionName&quot;: &quot;RemoteSearchForCustomer&quot;
      },
      {
        &quot;routePath&quot;: null,
        &quot;iconName&quot;: null,
        &quot;controllerName&quot;: &quot;Campaign&quot;,
        &quot;name&quot;: &quot;Campaign Upload Picture&quot;,
        &quot;displayOrder&quot;: 0,
        &quot;description&quot;: null,
        &quot;id&quot;: &quot;939d1f32-170d-4457-ba5b-9e7963a1f44d&quot;,
        &quot;isMenu&quot;: false,
        &quot;key&quot;: &quot;Campaign.UploadCampaignPicture&quot;,
        &quot;parentId&quot;: &quot;fd2f794b-65fb-4da6-9bdb-835c466e4321&quot;,
        &quot;unAuthorizedProps&quot;: {
          &quot;visible&quot;: false,
          &quot;disabled&quot;: false
        },
        &quot;actionName&quot;: &quot;UploadCampaignPicture&quot;
      },
      {
        &quot;routePath&quot;: null,
        &quot;iconName&quot;: null,
        &quot;controllerName&quot;: &quot;Permission&quot;,
        &quot;name&quot;: &quot;Permission Edit&quot;,
        &quot;displayOrder&quot;: 0,
        &quot;description&quot;: null,
        &quot;id&quot;: &quot;fac3a453-994e-43cc-876d-e9c0edc059aa&quot;,
        &quot;isMenu&quot;: false,
        &quot;key&quot;: &quot;Permission.Edit&quot;,
        &quot;parentId&quot;: &quot;213aad81-551b-49f7-9d15-f11f5b9e7e88&quot;,
        &quot;unAuthorizedProps&quot;: {
          &quot;visible&quot;: false,
          &quot;disabled&quot;: false
        },
        &quot;actionName&quot;: &quot;Edit&quot;
      },
      {
        &quot;routePath&quot;: null,
        &quot;iconName&quot;: null,
        &quot;controllerName&quot;: &quot;SubRegion&quot;,
        &quot;name&quot;: &quot;SubRegion Find&quot;,
        &quot;displayOrder&quot;: 0,
        &quot;description&quot;: null,
        &quot;id&quot;: &quot;c04774f1-327c-4343-b9bb-35aa8cf11007&quot;,
        &quot;isMenu&quot;: false,
        &quot;key&quot;: &quot;SubRegion.Find&quot;,
        &quot;parentId&quot;: &quot;5016a026-6957-41ab-8cda-9bd37afe0841&quot;,
        &quot;unAuthorizedProps&quot;: {
          &quot;visible&quot;: false,
          &quot;disabled&quot;: false
        },
        &quot;actionName&quot;: &quot;Find&quot;
      },
      {
        &quot;routePath&quot;: &quot;resources&quot;,
        &quot;iconName&quot;: &quot;resourceSVG&quot;,
        &quot;controllerName&quot;: &quot;LocaleResource&quot;,
        &quot;name&quot;: &quot;Resource&quot;,
        &quot;displayOrder&quot;: 910,
        &quot;description&quot;: null,
        &quot;id&quot;: &quot;4c1a6c0d-765c-444a-b7c8-49e99f61d47b&quot;,
        &quot;isMenu&quot;: true,
        &quot;key&quot;: &quot;LocaleResource.Index&quot;,
        &quot;parentId&quot;: &quot;8f4ea0ae-2382-4769-8584-5f2f2b1520c8&quot;,
        &quot;unAuthorizedProps&quot;: {
          &quot;visible&quot;: false,
          &quot;disabled&quot;: false
        },
        &quot;actionName&quot;: &quot;Index&quot;
      },
      {
        &quot;routePath&quot;: null,
        &quot;iconName&quot;: &quot;blackListSVG&quot;,
        &quot;controllerName&quot;: &quot;BlackList&quot;,
        &quot;name&quot;: &quot;Black List List&quot;,
        &quot;displayOrder&quot;: 0,
        &quot;description&quot;: null,
        &quot;id&quot;: &quot;96f6bf8e-c5b2-46ee-ade0-f00025140813&quot;,
        &quot;isMenu&quot;: false,
        &quot;key&quot;: &quot;BlackList.List&quot;,
        &quot;parentId&quot;: &quot;d273c43d-77c8-4b88-8d35-9ec20a90bd11&quot;,
        &quot;unAuthorizedProps&quot;: {
          &quot;visible&quot;: false,
          &quot;disabled&quot;: false
        },
        &quot;actionName&quot;: &quot;List&quot;
      },
      {
        &quot;routePath&quot;: null,
        &quot;iconName&quot;: null,
        &quot;controllerName&quot;: &quot;County&quot;,
        &quot;name&quot;: &quot;County List&quot;,
        &quot;displayOrder&quot;: 0,
        &quot;description&quot;: null,
        &quot;id&quot;: &quot;b585755d-7f4f-43b0-8d1e-f2d807abcec4&quot;,
        &quot;isMenu&quot;: false,
        &quot;key&quot;: &quot;County.List&quot;,
        &quot;parentId&quot;: &quot;28a7ee86-bfd8-408f-97d3-82a96e1cbcc6&quot;,
        &quot;unAuthorizedProps&quot;: {
          &quot;visible&quot;: false,
          &quot;disabled&quot;: false
        },
        &quot;actionName&quot;: &quot;List&quot;
      },
      {
        &quot;routePath&quot;: null,
        &quot;iconName&quot;: null,
        &quot;controllerName&quot;: &quot;LocaleResource&quot;,
        &quot;name&quot;: &quot;LocaleResource Find&quot;,
        &quot;displayOrder&quot;: 0,
        &quot;description&quot;: null,
        &quot;id&quot;: &quot;8a3bd0e4-9a78-449b-bf34-61a097848b9b&quot;,
        &quot;isMenu&quot;: false,
        &quot;key&quot;: &quot;LocaleResource.Find&quot;,
        &quot;parentId&quot;: &quot;4c1a6c0d-765c-444a-b7c8-49e99f61d47b&quot;,
        &quot;unAuthorizedProps&quot;: {
          &quot;visible&quot;: false,
          &quot;disabled&quot;: false
        },
        &quot;actionName&quot;: &quot;Find&quot;
      },
      {
        &quot;routePath&quot;: null,
        &quot;iconName&quot;: null,
        &quot;controllerName&quot;: &quot;ServiceArea&quot;,
        &quot;name&quot;: &quot;ServiceArea Delete&quot;,
        &quot;displayOrder&quot;: 0,
        &quot;description&quot;: null,
        &quot;id&quot;: &quot;aa63520c-b6b3-4475-8516-d9ed4e71ae82&quot;,
        &quot;isMenu&quot;: false,
        &quot;key&quot;: &quot;ServiceArea.Delete&quot;,
        &quot;parentId&quot;: &quot;6510260c-2670-4f71-96ed-8f12986fb9cf&quot;,
        &quot;unAuthorizedProps&quot;: {
          &quot;visible&quot;: false,
          &quot;disabled&quot;: false
        },
        &quot;actionName&quot;: &quot;Delete&quot;
      },
      {
        &quot;routePath&quot;: null,
        &quot;iconName&quot;: null,
        &quot;controllerName&quot;: &quot;Permission&quot;,
        &quot;name&quot;: &quot;Permission Delete&quot;,
        &quot;displayOrder&quot;: 0,
        &quot;description&quot;: null,
        &quot;id&quot;: &quot;acdf48fe-e099-4a8c-a80c-75a3bfe58940&quot;,
        &quot;isMenu&quot;: false,
        &quot;key&quot;: &quot;Permission.Delete&quot;,
        &quot;parentId&quot;: &quot;213aad81-551b-49f7-9d15-f11f5b9e7e88&quot;,
        &quot;unAuthorizedProps&quot;: {
          &quot;visible&quot;: false,
          &quot;disabled&quot;: false
        },
        &quot;actionName&quot;: &quot;Delete&quot;
      },
      {
        &quot;routePath&quot;: &quot;tech-support&quot;,
        &quot;iconName&quot;: &quot;supportSVG&quot;,
        &quot;controllerName&quot;: &quot;Tech&quot;,
        &quot;name&quot;: &quot;Tech Support&quot;,
        &quot;displayOrder&quot;: 1000,
        &quot;description&quot;: null,
        &quot;id&quot;: &quot;7c8e8441-579f-4552-a9f8-b6d5a9f1df3c&quot;,
        &quot;isMenu&quot;: true,
        &quot;key&quot;: &quot;Tech.Support&quot;,
        &quot;parentId&quot;: &quot;5b7cb896-ff20-4798-8468-df6c7f3be073&quot;,
        &quot;unAuthorizedProps&quot;: {
          &quot;visible&quot;: false,
          &quot;disabled&quot;: false
        },
        &quot;actionName&quot;: &quot;Support&quot;
      },
      {
        &quot;routePath&quot;: null,
        &quot;iconName&quot;: null,
        &quot;controllerName&quot;: &quot;Region&quot;,
        &quot;name&quot;: &quot;Region Find&quot;,
        &quot;displayOrder&quot;: 0,
        &quot;description&quot;: null,
        &quot;id&quot;: &quot;373140df-79dd-4adc-b233-0d8f50f44dda&quot;,
        &quot;isMenu&quot;: false,
        &quot;key&quot;: &quot;Region.Find&quot;,
        &quot;parentId&quot;: &quot;636ed702-38d2-4f20-967d-54564a31315f&quot;,
        &quot;unAuthorizedProps&quot;: {
          &quot;visible&quot;: false,
          &quot;disabled&quot;: false
        },
        &quot;actionName&quot;: &quot;Find&quot;
      },
      {
        &quot;routePath&quot;: null,
        &quot;iconName&quot;: null,
        &quot;controllerName&quot;: &quot;County&quot;,
        &quot;name&quot;: &quot;County Delete&quot;,
        &quot;displayOrder&quot;: 0,
        &quot;description&quot;: null,
        &quot;id&quot;: &quot;b359ba12-bf6f-4788-9f9a-c8fd1798258b&quot;,
        &quot;isMenu&quot;: false,
        &quot;key&quot;: &quot;County.Delete&quot;,
        &quot;parentId&quot;: &quot;28a7ee86-bfd8-408f-97d3-82a96e1cbcc6&quot;,
        &quot;unAuthorizedProps&quot;: {
          &quot;visible&quot;: false,
          &quot;disabled&quot;: false
        },
        &quot;actionName&quot;: &quot;Delete&quot;
      },
      {
        &quot;routePath&quot;: null,
        &quot;iconName&quot;: null,
        &quot;controllerName&quot;: &quot;LocaleResource&quot;,
        &quot;name&quot;: &quot;LocaleResource Edit&quot;,
        &quot;displayOrder&quot;: 0,
        &quot;description&quot;: null,
        &quot;id&quot;: &quot;577e23af-d37c-4a77-bb18-40d89a3f6d66&quot;,
        &quot;isMenu&quot;: false,
        &quot;key&quot;: &quot;LocaleResource.Edit&quot;,
        &quot;parentId&quot;: &quot;4c1a6c0d-765c-444a-b7c8-49e99f61d47b&quot;,
        &quot;unAuthorizedProps&quot;: {
          &quot;visible&quot;: false,
          &quot;disabled&quot;: false
        },
        &quot;actionName&quot;: &quot;Edit&quot;
      },
      {
        &quot;routePath&quot;: &quot;map&quot;,
        &quot;iconName&quot;: &quot;mapSVG&quot;,
        &quot;controllerName&quot;: &quot;Admin&quot;,
        &quot;name&quot;: &quot;Map&quot;,
        &quot;displayOrder&quot;: 200,
        &quot;description&quot;: null,
        &quot;id&quot;: &quot;65e94cad-f24a-7d0e-3a21-de1a1e5e8765&quot;,
        &quot;isMenu&quot;: false,
        &quot;key&quot;: &quot;Admin.Map&quot;,
        &quot;parentId&quot;: null,
        &quot;unAuthorizedProps&quot;: {
          &quot;visible&quot;: false,
          &quot;disabled&quot;: false
        },
        &quot;actionName&quot;: &quot;Map&quot;
      },
      {
        &quot;routePath&quot;: null,
        &quot;iconName&quot;: null,
        &quot;controllerName&quot;: &quot;LocaleResource&quot;,
        &quot;name&quot;: &quot;LocaleResource Export&quot;,
        &quot;displayOrder&quot;: 0,
        &quot;description&quot;: null,
        &quot;id&quot;: &quot;cc2a0054-37f4-4f72-80cd-56e918590d0c&quot;,
        &quot;isMenu&quot;: false,
        &quot;key&quot;: &quot;LocaleResource.Export&quot;,
        &quot;parentId&quot;: &quot;4c1a6c0d-765c-444a-b7c8-49e99f61d47b&quot;,
        &quot;unAuthorizedProps&quot;: {
          &quot;visible&quot;: false,
          &quot;disabled&quot;: false
        },
        &quot;actionName&quot;: &quot;Export&quot;
      },
      {
        &quot;routePath&quot;: null,
        &quot;iconName&quot;: &quot;RemoteSearchForProductName&quot;,
        &quot;controllerName&quot;: &quot;Product&quot;,
        &quot;name&quot;: &quot;Product RemoteSearchForProductName&quot;,
        &quot;displayOrder&quot;: 0,
        &quot;description&quot;: null,
        &quot;id&quot;: &quot;5f84cdde-5800-48ce-b690-86628a41f98c&quot;,
        &quot;isMenu&quot;: false,
        &quot;key&quot;: &quot;Product.RemoteSearchForProductName&quot;,
        &quot;parentId&quot;: &quot;1858607f-58c2-4c69-8078-f2756c5ca81e&quot;,
        &quot;unAuthorizedProps&quot;: {
          &quot;visible&quot;: false,
          &quot;disabled&quot;: false
        },
        &quot;actionName&quot;: &quot;RemoteSearchForProductName&quot;
      },
      {
        &quot;routePath&quot;: &quot;&quot;,
        &quot;iconName&quot;: &quot;usersSVG&quot;,
        &quot;controllerName&quot;: &quot;User&quot;,
        &quot;name&quot;: &quot;Users&quot;,
        &quot;displayOrder&quot;: 600,
        &quot;description&quot;: null,
        &quot;id&quot;: &quot;8b04f24a-f777-5455-9d4b-5d32257d3d62&quot;,
        &quot;isMenu&quot;: true,
        &quot;key&quot;: &quot;User.Index&quot;,
        &quot;parentId&quot;: null,
        &quot;unAuthorizedProps&quot;: {
          &quot;visible&quot;: false,
          &quot;disabled&quot;: false
        },
        &quot;actionName&quot;: &quot;Index&quot;
      },
      {
        &quot;routePath&quot;: &quot;productmanagement&quot;,
        &quot;iconName&quot;: &quot;productSVG&quot;,
        &quot;controllerName&quot;: &quot;Product&quot;,
        &quot;name&quot;: &quot;Feature Ideation&quot;,
        &quot;displayOrder&quot;: 999,
        &quot;description&quot;: null,
        &quot;id&quot;: &quot;0d5f6f26-1114-4503-95da-fff6063915b6&quot;,
        &quot;isMenu&quot;: true,
        &quot;key&quot;: &quot;Product.Management&quot;,
        &quot;parentId&quot;: &quot;5b7cb896-ff20-4798-8468-df6c7f3be073&quot;,
        &quot;unAuthorizedProps&quot;: {
          &quot;visible&quot;: false,
          &quot;disabled&quot;: false
        },
        &quot;actionName&quot;: &quot;Management&quot;
      },
      {
        &quot;routePath&quot;: null,
        &quot;iconName&quot;: null,
        &quot;controllerName&quot;: &quot;Category&quot;,
        &quot;name&quot;: &quot;Category GetCategoryByParent&quot;,
        &quot;displayOrder&quot;: 0,
        &quot;description&quot;: null,
        &quot;id&quot;: &quot;5d731e1f-4111-4737-a729-9d476ac966a5&quot;,
        &quot;isMenu&quot;: false,
        &quot;key&quot;: &quot;Category.GetCategoryByParent&quot;,
        &quot;parentId&quot;: &quot;9bbddb67-d7f2-44d3-8d09-6bd04f8b6f79&quot;,
        &quot;unAuthorizedProps&quot;: {
          &quot;visible&quot;: false,
          &quot;disabled&quot;: false
        },
        &quot;actionName&quot;: &quot;GetCategoryByParent&quot;
      },
      {
        &quot;routePath&quot;: null,
        &quot;iconName&quot;: null,
        &quot;controllerName&quot;: &quot;Customer&quot;,
        &quot;name&quot;: &quot;Customer List&quot;,
        &quot;displayOrder&quot;: 0,
        &quot;description&quot;: null,
        &quot;id&quot;: &quot;bbe76549-965a-45b4-9680-86bac515fc1b&quot;,
        &quot;isMenu&quot;: false,
        &quot;key&quot;: &quot;Customer.List&quot;,
        &quot;parentId&quot;: &quot;07b60a01-5846-422c-b1c6-1c7a382dbd0e&quot;,
        &quot;unAuthorizedProps&quot;: {
          &quot;visible&quot;: false,
          &quot;disabled&quot;: false
        },
        &quot;actionName&quot;: &quot;List&quot;
      },
      {
        &quot;routePath&quot;: &quot;settings&quot;,
        &quot;iconName&quot;: &quot;settingsSVG&quot;,
        &quot;controllerName&quot;: &quot;Setting&quot;,
        &quot;name&quot;: &quot;Settings&quot;,
        &quot;displayOrder&quot;: 1000,
        &quot;description&quot;: null,
        &quot;id&quot;: &quot;ccc7592a-301d-4d63-aa26-09e92194ca01&quot;,
        &quot;isMenu&quot;: true,
        &quot;key&quot;: &quot;Setting.Index&quot;,
        &quot;parentId&quot;: null,
        &quot;unAuthorizedProps&quot;: {
          &quot;visible&quot;: false,
          &quot;disabled&quot;: false
        },
        &quot;actionName&quot;: &quot;Index&quot;
      },
      {
        &quot;routePath&quot;: null,
        &quot;iconName&quot;: null,
        &quot;controllerName&quot;: &quot;LocaleResource&quot;,
        &quot;name&quot;: &quot;LocaleResource Index&quot;,
        &quot;displayOrder&quot;: 0,
        &quot;description&quot;: &quot;LocaleResource Index &quot;,
        &quot;id&quot;: &quot;b88d0e35-5b99-4daf-9c2f-ff36aab9197e&quot;,
        &quot;isMenu&quot;: false,
        &quot;key&quot;: &quot;LocaleResource.Index&quot;,
        &quot;parentId&quot;: &quot;4c1a6c0d-765c-444a-b7c8-49e99f61d47b&quot;,
        &quot;unAuthorizedProps&quot;: {
          &quot;visible&quot;: false,
          &quot;disabled&quot;: false
        },
        &quot;actionName&quot;: &quot;Index&quot;
      },
      {
        &quot;routePath&quot;: null,
        &quot;iconName&quot;: null,
        &quot;controllerName&quot;: &quot;Warehouse&quot;,
        &quot;name&quot;: &quot;Warehouse EditWarehouseState&quot;,
        &quot;displayOrder&quot;: 0,
        &quot;description&quot;: null,
        &quot;id&quot;: &quot;fb7d3fd3-e816-4921-98ae-178c750b951a&quot;,
        &quot;isMenu&quot;: false,
        &quot;key&quot;: &quot;Warehouse.EditWarehouseState&quot;,
        &quot;parentId&quot;: &quot;7a99d565-0e98-95af-19bd-814011ea2417&quot;,
        &quot;unAuthorizedProps&quot;: {
          &quot;visible&quot;: false,
          &quot;disabled&quot;: false
        },
        &quot;actionName&quot;: &quot;EditWarehouseState&quot;
      },
      {
        &quot;routePath&quot;: &quot;vehicles&quot;,
        &quot;iconName&quot;: &quot;vehicleSVG&quot;,
        &quot;controllerName&quot;: &quot;Vehicle&quot;,
        &quot;name&quot;: &quot;Vehicles&quot;,
        &quot;displayOrder&quot;: 900,
        &quot;description&quot;: null,
        &quot;id&quot;: &quot;27436094-fc09-48ea-ae79-8ea2b4517866&quot;,
        &quot;isMenu&quot;: false,
        &quot;key&quot;: &quot;Vehicle.Index&quot;,
        &quot;parentId&quot;: null,
        &quot;unAuthorizedProps&quot;: {
          &quot;visible&quot;: false,
          &quot;disabled&quot;: false
        },
        &quot;actionName&quot;: &quot;Index&quot;
      },
      {
        &quot;routePath&quot;: null,
        &quot;iconName&quot;: null,
        &quot;controllerName&quot;: &quot;Warehouse&quot;,
        &quot;name&quot;: &quot;Warehouse List&quot;,
        &quot;displayOrder&quot;: 0,
        &quot;description&quot;: null,
        &quot;id&quot;: &quot;ac3e564a-4cc4-453d-8938-2563ef62921f&quot;,
        &quot;isMenu&quot;: false,
        &quot;key&quot;: &quot;Warehouse.List&quot;,
        &quot;parentId&quot;: &quot;7a99d565-0e98-95af-19bd-814011ea2417&quot;,
        &quot;unAuthorizedProps&quot;: {
          &quot;visible&quot;: false,
          &quot;disabled&quot;: false
        },
        &quot;actionName&quot;: &quot;List&quot;
      },
      {
        &quot;routePath&quot;: null,
        &quot;iconName&quot;: null,
        &quot;controllerName&quot;: &quot;CouponCode&quot;,
        &quot;name&quot;: &quot;CouponCode&quot;,
        &quot;displayOrder&quot;: 0,
        &quot;description&quot;: null,
        &quot;id&quot;: &quot;5aaef586-e311-4265-a241-6eb9758d6541&quot;,
        &quot;isMenu&quot;: false,
        &quot;key&quot;: &quot;CouponCode.ListForFilter&quot;,
        &quot;parentId&quot;: null,
        &quot;unAuthorizedProps&quot;: {
          &quot;visible&quot;: false,
          &quot;disabled&quot;: false
        },
        &quot;actionName&quot;: &quot;ListForFilter&quot;
      },
      {
        &quot;routePath&quot;: null,
        &quot;iconName&quot;: null,
        &quot;controllerName&quot;: &quot;State&quot;,
        &quot;name&quot;: &quot;State Edit&quot;,
        &quot;displayOrder&quot;: 0,
        &quot;description&quot;: null,
        &quot;id&quot;: &quot;581b4c8a-cce8-447b-98b5-1f29f9aae457&quot;,
        &quot;isMenu&quot;: false,
        &quot;key&quot;: &quot;State.Edit&quot;,
        &quot;parentId&quot;: &quot;4842baa6-3b5e-40d1-ba2c-aa896962f8a7&quot;,
        &quot;unAuthorizedProps&quot;: {
          &quot;visible&quot;: false,
          &quot;disabled&quot;: false
        },
        &quot;actionName&quot;: &quot;Edit&quot;
      },
      {
        &quot;routePath&quot;: null,
        &quot;iconName&quot;: null,
        &quot;controllerName&quot;: &quot;Country&quot;,
        &quot;name&quot;: &quot;Country Edit&quot;,
        &quot;displayOrder&quot;: 0,
        &quot;description&quot;: null,
        &quot;id&quot;: &quot;117355ed-1004-4b13-beb3-2ee0056892f1&quot;,
        &quot;isMenu&quot;: false,
        &quot;key&quot;: &quot;Country.Edit&quot;,
        &quot;parentId&quot;: &quot;9c15db73-badc-4894-ab1b-d8261bac91c2&quot;,
        &quot;unAuthorizedProps&quot;: {
          &quot;visible&quot;: false,
          &quot;disabled&quot;: false
        },
        &quot;actionName&quot;: &quot;Edit&quot;
      },
      {
        &quot;routePath&quot;: &quot;geo-areas&quot;,
        &quot;iconName&quot;: &quot;geo-areasSVG&quot;,
        &quot;controllerName&quot;: &quot;GeoArea&quot;,
        &quot;name&quot;: &quot;Geo Areas&quot;,
        &quot;displayOrder&quot;: 400,
        &quot;description&quot;: null,
        &quot;id&quot;: &quot;596bb8e1-9705-be47-b70e-e0cb48edc078&quot;,
        &quot;isMenu&quot;: true,
        &quot;key&quot;: &quot;GeoArea.Index&quot;,
        &quot;parentId&quot;: null,
        &quot;unAuthorizedProps&quot;: {
          &quot;visible&quot;: false,
          &quot;disabled&quot;: false
        },
        &quot;actionName&quot;: &quot;Index&quot;
      },
      {
        &quot;routePath&quot;: null,
        &quot;iconName&quot;: null,
        &quot;controllerName&quot;: &quot;Role&quot;,
        &quot;name&quot;: &quot;Role List&quot;,
        &quot;displayOrder&quot;: 0,
        &quot;description&quot;: null,
        &quot;id&quot;: &quot;ed6b7f77-7b07-4fdd-b4eb-5dc72ed21a53&quot;,
        &quot;isMenu&quot;: false,
        &quot;key&quot;: &quot;Role.List&quot;,
        &quot;parentId&quot;: &quot;e98d2f21-52f8-41cb-9b3f-fe979b5f0578&quot;,
        &quot;unAuthorizedProps&quot;: {
          &quot;visible&quot;: false,
          &quot;disabled&quot;: false
        },
        &quot;actionName&quot;: &quot;List&quot;
      },
      {
        &quot;routePath&quot;: null,
        &quot;iconName&quot;: null,
        &quot;controllerName&quot;: &quot;Warehouse&quot;,
        &quot;name&quot;: &quot;Warehouse ListBasic&quot;,
        &quot;displayOrder&quot;: 0,
        &quot;description&quot;: null,
        &quot;id&quot;: &quot;3cd0e960-08c5-488e-82bf-e81eb0481924&quot;,
        &quot;isMenu&quot;: false,
        &quot;key&quot;: &quot;Warehouse.ListBasic&quot;,
        &quot;parentId&quot;: &quot;7a99d565-0e98-95af-19bd-814011ea2417&quot;,
        &quot;unAuthorizedProps&quot;: {
          &quot;visible&quot;: false,
          &quot;disabled&quot;: false
        },
        &quot;actionName&quot;: &quot;ListBasic&quot;
      },
      {
        &quot;routePath&quot;: null,
        &quot;iconName&quot;: null,
        &quot;controllerName&quot;: &quot;Address&quot;,
        &quot;name&quot;: &quot;Address Edit&quot;,
        &quot;displayOrder&quot;: 0,
        &quot;description&quot;: null,
        &quot;id&quot;: &quot;3e821719-5809-4a64-979f-9f373f2510d4&quot;,
        &quot;isMenu&quot;: false,
        &quot;key&quot;: &quot;Address.Edit&quot;,
        &quot;parentId&quot;: &quot;c3c514ef-1964-4c94-b13a-8bdd83a5b1cb&quot;,
        &quot;unAuthorizedProps&quot;: {
          &quot;visible&quot;: false,
          &quot;disabled&quot;: false
        },
        &quot;actionName&quot;: &quot;Edit&quot;
      },
      {
        &quot;routePath&quot;: null,
        &quot;iconName&quot;: null,
        &quot;controllerName&quot;: &quot;ServiceArea&quot;,
        &quot;name&quot;: &quot;ServiceArea Create&quot;,
        &quot;displayOrder&quot;: 0,
        &quot;description&quot;: null,
        &quot;id&quot;: &quot;20738cab-a928-4c12-9a39-29eeaf60713a&quot;,
        &quot;isMenu&quot;: false,
        &quot;key&quot;: &quot;ServiceArea.Create&quot;,
        &quot;parentId&quot;: &quot;6510260c-2670-4f71-96ed-8f12986fb9cf&quot;,
        &quot;unAuthorizedProps&quot;: {
          &quot;visible&quot;: false,
          &quot;disabled&quot;: false
        },
        &quot;actionName&quot;: &quot;Create&quot;
      },
      {
        &quot;routePath&quot;: null,
        &quot;iconName&quot;: null,
        &quot;controllerName&quot;: &quot;Setting&quot;,
        &quot;name&quot;: &quot;Setting Find&quot;,
        &quot;displayOrder&quot;: 0,
        &quot;description&quot;: null,
        &quot;id&quot;: &quot;e57a84a5-6d3e-4513-82cd-1ec64740178b&quot;,
        &quot;isMenu&quot;: false,
        &quot;key&quot;: &quot;Setting.Find&quot;,
        &quot;parentId&quot;: &quot;ccc7592a-301d-4d63-aa26-09e92194ca01&quot;,
        &quot;unAuthorizedProps&quot;: {
          &quot;visible&quot;: false,
          &quot;disabled&quot;: false
        },
        &quot;actionName&quot;: &quot;Find&quot;
      },
      {
        &quot;routePath&quot;: null,
        &quot;iconName&quot;: null,
        &quot;controllerName&quot;: &quot;SubRegion&quot;,
        &quot;name&quot;: &quot;SubRegion Edit&quot;,
        &quot;displayOrder&quot;: 0,
        &quot;description&quot;: null,
        &quot;id&quot;: &quot;befec01d-311a-4d58-8875-390d7c5143ab&quot;,
        &quot;isMenu&quot;: false,
        &quot;key&quot;: &quot;SubRegion.Edit&quot;,
        &quot;parentId&quot;: &quot;5016a026-6957-41ab-8cda-9bd37afe0841&quot;,
        &quot;unAuthorizedProps&quot;: {
          &quot;visible&quot;: false,
          &quot;disabled&quot;: false
        },
        &quot;actionName&quot;: &quot;Edit&quot;
      },
      {
        &quot;routePath&quot;: null,
        &quot;iconName&quot;: null,
        &quot;controllerName&quot;: &quot;State&quot;,
        &quot;name&quot;: &quot;State Create&quot;,
        &quot;displayOrder&quot;: 0,
        &quot;description&quot;: null,
        &quot;id&quot;: &quot;88690c06-a8b6-4e95-a176-3963af2d2b79&quot;,
        &quot;isMenu&quot;: false,
        &quot;key&quot;: &quot;State.Create&quot;,
        &quot;parentId&quot;: &quot;4842baa6-3b5e-40d1-ba2c-aa896962f8a7&quot;,
        &quot;unAuthorizedProps&quot;: {
          &quot;visible&quot;: false,
          &quot;disabled&quot;: false
        },
        &quot;actionName&quot;: &quot;Create&quot;
      },
      {
        &quot;routePath&quot;: null,
        &quot;iconName&quot;: null,
        &quot;controllerName&quot;: &quot;LocaleResource&quot;,
        &quot;name&quot;: &quot;LocaleResource Import&quot;,
        &quot;displayOrder&quot;: 0,
        &quot;description&quot;: null,
        &quot;id&quot;: &quot;a0f85551-79e4-4fd8-b9dc-7b4e0bd3f3d9&quot;,
        &quot;isMenu&quot;: false,
        &quot;key&quot;: &quot;LocaleResource.Import&quot;,
        &quot;parentId&quot;: &quot;4c1a6c0d-765c-444a-b7c8-49e99f61d47b&quot;,
        &quot;unAuthorizedProps&quot;: {
          &quot;visible&quot;: false,
          &quot;disabled&quot;: false
        },
        &quot;actionName&quot;: &quot;Import&quot;
      },
      {
        &quot;routePath&quot;: null,
        &quot;iconName&quot;: null,
        &quot;controllerName&quot;: &quot;Country&quot;,
        &quot;name&quot;: &quot;Country Create&quot;,
        &quot;displayOrder&quot;: 0,
        &quot;description&quot;: null,
        &quot;id&quot;: &quot;b4e4f143-cdff-4839-a5db-7379c79b2cc1&quot;,
        &quot;isMenu&quot;: false,
        &quot;key&quot;: &quot;Country.Create&quot;,
        &quot;parentId&quot;: &quot;9c15db73-badc-4894-ab1b-d8261bac91c2&quot;,
        &quot;unAuthorizedProps&quot;: {
          &quot;visible&quot;: false,
          &quot;disabled&quot;: false
        },
        &quot;actionName&quot;: &quot;Create&quot;
      },
      {
        &quot;routePath&quot;: null,
        &quot;iconName&quot;: null,
        &quot;controllerName&quot;: &quot;Warehouse&quot;,
        &quot;name&quot;: &quot;Warehouse Delete&quot;,
        &quot;displayOrder&quot;: 0,
        &quot;description&quot;: null,
        &quot;id&quot;: &quot;dbc3a8dd-ea84-4a11-bbfe-02a476211462&quot;,
        &quot;isMenu&quot;: false,
        &quot;key&quot;: &quot;Warehouse.Delete&quot;,
        &quot;parentId&quot;: &quot;7a99d565-0e98-95af-19bd-814011ea2417&quot;,
        &quot;unAuthorizedProps&quot;: {
          &quot;visible&quot;: false,
          &quot;disabled&quot;: false
        },
        &quot;actionName&quot;: &quot;Delete&quot;
      },
      {
        &quot;routePath&quot;: &quot;blacklist&quot;,
        &quot;iconName&quot;: &quot;blackListSVG&quot;,
        &quot;controllerName&quot;: &quot;BlackList&quot;,
        &quot;name&quot;: &quot;Black List&quot;,
        &quot;displayOrder&quot;: 0,
        &quot;description&quot;: null,
        &quot;id&quot;: &quot;d273c43d-77c8-4b88-8d35-9ec20a90bd11&quot;,
        &quot;isMenu&quot;: false,
        &quot;key&quot;: &quot;BlackList.Index&quot;,
        &quot;parentId&quot;: &quot;8b04f24a-f777-5455-9d4b-5d32257d3d62&quot;,
        &quot;unAuthorizedProps&quot;: {
          &quot;visible&quot;: false,
          &quot;disabled&quot;: false
        },
        &quot;actionName&quot;: &quot;Index&quot;
      },
      {
        &quot;routePath&quot;: null,
        &quot;iconName&quot;: &quot;control&quot;,
        &quot;controllerName&quot;: &quot;DriverApp&quot;,
        &quot;name&quot;: &quot;Control&quot;,
        &quot;displayOrder&quot;: 0,
        &quot;description&quot;: &quot;&quot;,
        &quot;id&quot;: &quot;ac0083c7-bd11-4d5a-88bd-5fdfd029d71d&quot;,
        &quot;isMenu&quot;: true,
        &quot;key&quot;: &quot;DriverApp.Control&quot;,
        &quot;parentId&quot;: &quot;673cefc5-8638-47b5-9440-8f3fa459f0b1&quot;,
        &quot;unAuthorizedProps&quot;: {
          &quot;visible&quot;: false,
          &quot;disabled&quot;: false
        },
        &quot;actionName&quot;: &quot;Control&quot;
      },
      {
        &quot;routePath&quot;: null,
        &quot;iconName&quot;: null,
        &quot;controllerName&quot;: &quot;Permission&quot;,
        &quot;name&quot;: &quot;Permission Tree&quot;,
        &quot;displayOrder&quot;: 0,
        &quot;description&quot;: null,
        &quot;id&quot;: &quot;31bf9d11-e13f-483c-835e-c0507f1c001b&quot;,
        &quot;isMenu&quot;: false,
        &quot;key&quot;: &quot;Permission.PermissionTree&quot;,
        &quot;parentId&quot;: &quot;213aad81-551b-49f7-9d15-f11f5b9e7e88&quot;,
        &quot;unAuthorizedProps&quot;: {
          &quot;visible&quot;: false,
          &quot;disabled&quot;: false
        },
        &quot;actionName&quot;: &quot;PermissionTree&quot;
      },
      {
        &quot;routePath&quot;: &quot;dashboards&quot;,
        &quot;iconName&quot;: &quot;dashboardSVG&quot;,
        &quot;controllerName&quot;: &quot;Dashboard&quot;,
        &quot;name&quot;: &quot;Analytics&quot;,
        &quot;displayOrder&quot;: 300,
        &quot;description&quot;: &quot;Analytics&quot;,
        &quot;id&quot;: &quot;9160e49e-2340-41fd-aee7-f00fb79cca35&quot;,
        &quot;isMenu&quot;: false,
        &quot;key&quot;: &quot;Dashboard.GetDashboardIframe&quot;,
        &quot;parentId&quot;: null,
        &quot;unAuthorizedProps&quot;: {
          &quot;visible&quot;: false,
          &quot;disabled&quot;: false
        },
        &quot;actionName&quot;: &quot;GetDashboardIframe&quot;
      },
      {
        &quot;routePath&quot;: null,
        &quot;iconName&quot;: null,
        &quot;controllerName&quot;: &quot;Customer&quot;,
        &quot;name&quot;: &quot;Customer Find&quot;,
        &quot;displayOrder&quot;: 0,
        &quot;description&quot;: null,
        &quot;id&quot;: &quot;7e69895f-a4fe-470b-9dbd-3902631c5978&quot;,
        &quot;isMenu&quot;: false,
        &quot;key&quot;: &quot;Customer.Find&quot;,
        &quot;parentId&quot;: &quot;07b60a01-5846-422c-b1c6-1c7a382dbd0e&quot;,
        &quot;unAuthorizedProps&quot;: {
          &quot;visible&quot;: false,
          &quot;disabled&quot;: false
        },
        &quot;actionName&quot;: &quot;Find&quot;
      },
      {
        &quot;routePath&quot;: null,
        &quot;iconName&quot;: null,
        &quot;controllerName&quot;: &quot;Order&quot;,
        &quot;name&quot;: &quot;Order List&quot;,
        &quot;displayOrder&quot;: 0,
        &quot;description&quot;: null,
        &quot;id&quot;: &quot;68267f89-edc4-4c6b-a72b-06381cf0e532&quot;,
        &quot;isMenu&quot;: false,
        &quot;key&quot;: &quot;Order.List&quot;,
        &quot;parentId&quot;: &quot;872b9f8c-c48d-dfeb-de32-1be0c3c38dbb&quot;,
        &quot;unAuthorizedProps&quot;: {
          &quot;visible&quot;: false,
          &quot;disabled&quot;: false
        },
        &quot;actionName&quot;: &quot;List&quot;
      },
      {
        &quot;routePath&quot;: &quot;&quot;,
        &quot;iconName&quot;: &quot;ordersSVG&quot;,
        &quot;controllerName&quot;: &quot;Order&quot;,
        &quot;name&quot;: &quot;Orders&quot;,
        &quot;displayOrder&quot;: 100,
        &quot;description&quot;: null,
        &quot;id&quot;: &quot;872b9f8c-c48d-dfeb-de32-1be0c3c38dbb&quot;,
        &quot;isMenu&quot;: true,
        &quot;key&quot;: &quot;Order.Index&quot;,
        &quot;parentId&quot;: null,
        &quot;unAuthorizedProps&quot;: {
          &quot;visible&quot;: false,
          &quot;disabled&quot;: false
        },
        &quot;actionName&quot;: &quot;Index&quot;
      },
      {
        &quot;routePath&quot;: null,
        &quot;iconName&quot;: null,
        &quot;controllerName&quot;: &quot;Order&quot;,
        &quot;name&quot;: &quot;Order ReportOrderItem&quot;,
        &quot;displayOrder&quot;: 0,
        &quot;description&quot;: null,
        &quot;id&quot;: &quot;fc541f93-e00d-4204-bc10-21a8c66281d9&quot;,
        &quot;isMenu&quot;: false,
        &quot;key&quot;: &quot;Order.ReportOrderItem&quot;,
        &quot;parentId&quot;: &quot;872b9f8c-c48d-dfeb-de32-1be0c3c38dbb&quot;,
        &quot;unAuthorizedProps&quot;: {
          &quot;visible&quot;: false,
          &quot;disabled&quot;: false
        },
        &quot;actionName&quot;: &quot;ReportOrderItem&quot;
      },
      {
        &quot;routePath&quot;: null,
        &quot;iconName&quot;: null,
        &quot;controllerName&quot;: &quot;Country&quot;,
        &quot;name&quot;: &quot;Country List&quot;,
        &quot;displayOrder&quot;: 0,
        &quot;description&quot;: null,
        &quot;id&quot;: &quot;965f2723-9852-432a-8811-6d549e75b51c&quot;,
        &quot;isMenu&quot;: false,
        &quot;key&quot;: &quot;Country.List&quot;,
        &quot;parentId&quot;: &quot;9c15db73-badc-4894-ab1b-d8261bac91c2&quot;,
        &quot;unAuthorizedProps&quot;: {
          &quot;visible&quot;: false,
          &quot;disabled&quot;: false
        },
        &quot;actionName&quot;: &quot;List&quot;
      },
      {
        &quot;routePath&quot;: &quot;employees&quot;,
        &quot;iconName&quot;: &quot;employeeSVG&quot;,
        &quot;controllerName&quot;: &quot;Employee&quot;,
        &quot;name&quot;: &quot;Employee&quot;,
        &quot;displayOrder&quot;: 630,
        &quot;description&quot;: null,
        &quot;id&quot;: &quot;e4a8e904-698e-4596-92c3-b40206b19179&quot;,
        &quot;isMenu&quot;: true,
        &quot;key&quot;: &quot;Employee.Index&quot;,
        &quot;parentId&quot;: &quot;8b04f24a-f777-5455-9d4b-5d32257d3d62&quot;,
        &quot;unAuthorizedProps&quot;: {
          &quot;visible&quot;: false,
          &quot;disabled&quot;: false
        },
        &quot;actionName&quot;: &quot;Index&quot;
      },
      {
        &quot;routePath&quot;: null,
        &quot;iconName&quot;: &quot;ListForFilter&quot;,
        &quot;controllerName&quot;: &quot;Product&quot;,
        &quot;name&quot;: &quot;Product ListForFilter&quot;,
        &quot;displayOrder&quot;: 0,
        &quot;description&quot;: null,
        &quot;id&quot;: &quot;3e7badfa-60f6-46f4-ab65-60c10cf0158c&quot;,
        &quot;isMenu&quot;: false,
        &quot;key&quot;: &quot;Product.ListForFilter&quot;,
        &quot;parentId&quot;: null,
        &quot;unAuthorizedProps&quot;: {
          &quot;visible&quot;: false,
          &quot;disabled&quot;: false
        },
        &quot;actionName&quot;: &quot;ListForFilter&quot;
      },
      {
        &quot;routePath&quot;: null,
        &quot;iconName&quot;: null,
        &quot;controllerName&quot;: &quot;MessageTemplate&quot;,
        &quot;name&quot;: &quot;Message Template List&quot;,
        &quot;displayOrder&quot;: 0,
        &quot;description&quot;: null,
        &quot;id&quot;: &quot;f8b8770e-d3de-4fb9-8785-c6a52f0a3f2a&quot;,
        &quot;isMenu&quot;: false,
        &quot;key&quot;: &quot;MessageTemplate.List&quot;,
        &quot;parentId&quot;: &quot;570b7634-2234-498f-939b-440805527121&quot;,
        &quot;unAuthorizedProps&quot;: {
          &quot;visible&quot;: false,
          &quot;disabled&quot;: false
        },
        &quot;actionName&quot;: &quot;List&quot;
      },
      {
        &quot;routePath&quot;: null,
        &quot;iconName&quot;: null,
        &quot;controllerName&quot;: &quot;Warehouse&quot;,
        &quot;name&quot;: &quot;Warehouse UpdateWarehouseExpectedQuantity&quot;,
        &quot;displayOrder&quot;: 0,
        &quot;description&quot;: null,
        &quot;id&quot;: &quot;cbe00097-f735-4207-bd4d-a2be0ea5dfd3&quot;,
        &quot;isMenu&quot;: false,
        &quot;key&quot;: &quot;Warehouse.UpdateWarehouseExpectedQuantity&quot;,
        &quot;parentId&quot;: &quot;7a99d565-0e98-95af-19bd-814011ea2417&quot;,
        &quot;unAuthorizedProps&quot;: {
          &quot;visible&quot;: false,
          &quot;disabled&quot;: false
        },
        &quot;actionName&quot;: &quot;UpdateWarehouseExpectedQuantity&quot;
      },
      {
        &quot;routePath&quot;: null,
        &quot;iconName&quot;: &quot;RemoteSearchForCampaignName&quot;,
        &quot;controllerName&quot;: &quot;Campaign&quot;,
        &quot;name&quot;: &quot;Campaign RemoteSearchForCampaignName&quot;,
        &quot;displayOrder&quot;: 0,
        &quot;description&quot;: null,
        &quot;id&quot;: &quot;1b2371cf-283a-412c-9305-3f8d91cd2cf3&quot;,
        &quot;isMenu&quot;: false,
        &quot;key&quot;: &quot;Campaign.RemoteSearchForCampaignName&quot;,
        &quot;parentId&quot;: &quot;fd2f794b-65fb-4da6-9bdb-835c466e4321&quot;,
        &quot;unAuthorizedProps&quot;: {
          &quot;visible&quot;: false,
          &quot;disabled&quot;: false
        },
        &quot;actionName&quot;: &quot;RemoteSearchForCampaignName&quot;
      },
      {
        &quot;routePath&quot;: null,
        &quot;iconName&quot;: null,
        &quot;controllerName&quot;: &quot;Permission&quot;,
        &quot;name&quot;: &quot;Permission Find&quot;,
        &quot;displayOrder&quot;: 0,
        &quot;description&quot;: null,
        &quot;id&quot;: &quot;b8acd1fb-bb0c-49b0-9fe2-22574379a94d&quot;,
        &quot;isMenu&quot;: false,
        &quot;key&quot;: &quot;Permission.Find&quot;,
        &quot;parentId&quot;: &quot;213aad81-551b-49f7-9d15-f11f5b9e7e88&quot;,
        &quot;unAuthorizedProps&quot;: {
          &quot;visible&quot;: false,
          &quot;disabled&quot;: false
        },
        &quot;actionName&quot;: &quot;Find&quot;
      },
      {
        &quot;routePath&quot;: null,
        &quot;iconName&quot;: null,
        &quot;controllerName&quot;: &quot;Banner&quot;,
        &quot;name&quot;: &quot;Banner Create&quot;,
        &quot;displayOrder&quot;: 0,
        &quot;description&quot;: null,
        &quot;id&quot;: &quot;ad417e90-0acf-4d46-a875-a4b641cedbde&quot;,
        &quot;isMenu&quot;: false,
        &quot;key&quot;: &quot;Banner.Create&quot;,
        &quot;parentId&quot;: &quot;d01dd410-27ab-4ca2-ad2e-06ed18197543&quot;,
        &quot;unAuthorizedProps&quot;: {
          &quot;visible&quot;: false,
          &quot;disabled&quot;: false
        },
        &quot;actionName&quot;: &quot;Create&quot;
      },
      {
        &quot;routePath&quot;: null,
        &quot;iconName&quot;: null,
        &quot;controllerName&quot;: &quot;Banner&quot;,
        &quot;name&quot;: &quot;Banner Edit&quot;,
        &quot;displayOrder&quot;: 0,
        &quot;description&quot;: null,
        &quot;id&quot;: &quot;b638b6e5-7d89-4ab4-9a4e-fe8b0df52e36&quot;,
        &quot;isMenu&quot;: false,
        &quot;key&quot;: &quot;Banner.Edit&quot;,
        &quot;parentId&quot;: &quot;d01dd410-27ab-4ca2-ad2e-06ed18197543&quot;,
        &quot;unAuthorizedProps&quot;: {
          &quot;visible&quot;: false,
          &quot;disabled&quot;: false
        },
        &quot;actionName&quot;: &quot;Edit&quot;
      },
      {
        &quot;routePath&quot;: null,
        &quot;iconName&quot;: null,
        &quot;controllerName&quot;: &quot;Category&quot;,
        &quot;name&quot;: &quot;Category Edit&quot;,
        &quot;displayOrder&quot;: 0,
        &quot;description&quot;: null,
        &quot;id&quot;: &quot;0aaf230e-5f92-4e49-b3c7-c20c9df44c82&quot;,
        &quot;isMenu&quot;: false,
        &quot;key&quot;: &quot;Category.Edit&quot;,
        &quot;parentId&quot;: &quot;9bbddb67-d7f2-44d3-8d09-6bd04f8b6f79&quot;,
        &quot;unAuthorizedProps&quot;: {
          &quot;visible&quot;: false,
          &quot;disabled&quot;: false
        },
        &quot;actionName&quot;: &quot;Edit&quot;
      },
      {
        &quot;routePath&quot;: null,
        &quot;iconName&quot;: null,
        &quot;controllerName&quot;: &quot;ZipCode&quot;,
        &quot;name&quot;: &quot;ZipCode Delete&quot;,
        &quot;displayOrder&quot;: 0,
        &quot;description&quot;: null,
        &quot;id&quot;: &quot;deba5d66-42eb-43d0-8ee0-6d15f3c4b34c&quot;,
        &quot;isMenu&quot;: false,
        &quot;key&quot;: &quot;ZipCode.Delete&quot;,
        &quot;parentId&quot;: &quot;8aa34e38-533b-4ab7-bad7-0eaa7b5dec9c&quot;,
        &quot;unAuthorizedProps&quot;: {
          &quot;visible&quot;: false,
          &quot;disabled&quot;: false
        },
        &quot;actionName&quot;: &quot;Delete&quot;
      },
      {
        &quot;routePath&quot;: null,
        &quot;iconName&quot;: null,
        &quot;controllerName&quot;: &quot;Rider&quot;,
        &quot;name&quot;: &quot;Rider Create&quot;,
        &quot;displayOrder&quot;: 0,
        &quot;description&quot;: null,
        &quot;id&quot;: &quot;84e2ed51-0787-4e21-b0cc-78397324e38f&quot;,
        &quot;isMenu&quot;: false,
        &quot;key&quot;: &quot;Rider.Create&quot;,
        &quot;parentId&quot;: &quot;1b716d9c-2bf6-4a16-9bd1-2214d14b6cc7&quot;,
        &quot;unAuthorizedProps&quot;: {
          &quot;visible&quot;: false,
          &quot;disabled&quot;: false
        },
        &quot;actionName&quot;: &quot;Create&quot;
      },
      {
        &quot;routePath&quot;: null,
        &quot;iconName&quot;: null,
        &quot;controllerName&quot;: &quot;Employee&quot;,
        &quot;name&quot;: &quot;Employee Delete&quot;,
        &quot;displayOrder&quot;: 0,
        &quot;description&quot;: null,
        &quot;id&quot;: &quot;b6a62bb2-7083-4534-91af-146ca008cb31&quot;,
        &quot;isMenu&quot;: false,
        &quot;key&quot;: &quot;Employee.Delete&quot;,
        &quot;parentId&quot;: &quot;e4a8e904-698e-4596-92c3-b40206b19179&quot;,
        &quot;unAuthorizedProps&quot;: {
          &quot;visible&quot;: false,
          &quot;disabled&quot;: false
        },
        &quot;actionName&quot;: &quot;Delete&quot;
      },
      {
        &quot;routePath&quot;: &quot;active-orders&quot;,
        &quot;iconName&quot;: &quot;activeOrderSVG&quot;,
        &quot;controllerName&quot;: &quot;Order&quot;,
        &quot;name&quot;: &quot;Active Orders&quot;,
        &quot;displayOrder&quot;: 120,
        &quot;description&quot;: null,
        &quot;id&quot;: &quot;960eff6d-a581-4a4e-991b-a0b5c9881f14&quot;,
        &quot;isMenu&quot;: true,
        &quot;key&quot;: &quot;Order.Active&quot;,
        &quot;parentId&quot;: &quot;872b9f8c-c48d-dfeb-de32-1be0c3c38dbb&quot;,
        &quot;unAuthorizedProps&quot;: {
          &quot;visible&quot;: false,
          &quot;disabled&quot;: false
        },
        &quot;actionName&quot;: &quot;Active&quot;
      },
      {
        &quot;routePath&quot;: null,
        &quot;iconName&quot;: null,
        &quot;controllerName&quot;: &quot;MessageTemplate&quot;,
        &quot;name&quot;: &quot;Message Template Edit&quot;,
        &quot;displayOrder&quot;: 0,
        &quot;description&quot;: null,
        &quot;id&quot;: &quot;3cf8a343-ba23-4210-9f73-884eb309a3b4&quot;,
        &quot;isMenu&quot;: false,
        &quot;key&quot;: &quot;MessageTemplate.Edit&quot;,
        &quot;parentId&quot;: &quot;570b7634-2234-498f-939b-440805527121&quot;,
        &quot;unAuthorizedProps&quot;: {
          &quot;visible&quot;: false,
          &quot;disabled&quot;: false
        },
        &quot;actionName&quot;: &quot;Edit&quot;
      },
      {
        &quot;routePath&quot;: null,
        &quot;iconName&quot;: null,
        &quot;controllerName&quot;: &quot;MessageTemplate&quot;,
        &quot;name&quot;: &quot;Message Template Delete&quot;,
        &quot;displayOrder&quot;: 0,
        &quot;description&quot;: null,
        &quot;id&quot;: &quot;6829e619-f27c-415b-abf5-653573cb4ed5&quot;,
        &quot;isMenu&quot;: false,
        &quot;key&quot;: &quot;MessageTemplate.Delete&quot;,
        &quot;parentId&quot;: &quot;570b7634-2234-498f-939b-440805527121&quot;,
        &quot;unAuthorizedProps&quot;: {
          &quot;visible&quot;: false,
          &quot;disabled&quot;: false
        },
        &quot;actionName&quot;: &quot;Delete&quot;
      },
      {
        &quot;routePath&quot;: null,
        &quot;iconName&quot;: null,
        &quot;controllerName&quot;: &quot;Role&quot;,
        &quot;name&quot;: &quot;Role Create&quot;,
        &quot;displayOrder&quot;: 0,
        &quot;description&quot;: null,
        &quot;id&quot;: &quot;b29c939f-9d31-4a77-ab10-43b6363c9ca7&quot;,
        &quot;isMenu&quot;: false,
        &quot;key&quot;: &quot;Role.Create&quot;,
        &quot;parentId&quot;: &quot;e98d2f21-52f8-41cb-9b3f-fe979b5f0578&quot;,
        &quot;unAuthorizedProps&quot;: {
          &quot;visible&quot;: false,
          &quot;disabled&quot;: false
        },
        &quot;actionName&quot;: &quot;Create&quot;
      },
      {
        &quot;routePath&quot;: null,
        &quot;iconName&quot;: null,
        &quot;controllerName&quot;: &quot;County&quot;,
        &quot;name&quot;: &quot;County Create&quot;,
        &quot;displayOrder&quot;: 0,
        &quot;description&quot;: null,
        &quot;id&quot;: &quot;b0718fbd-a486-4f05-9804-82c5e474efb7&quot;,
        &quot;isMenu&quot;: false,
        &quot;key&quot;: &quot;County.Create&quot;,
        &quot;parentId&quot;: &quot;28a7ee86-bfd8-408f-97d3-82a96e1cbcc6&quot;,
        &quot;unAuthorizedProps&quot;: {
          &quot;visible&quot;: false,
          &quot;disabled&quot;: false
        },
        &quot;actionName&quot;: &quot;Create&quot;
      },
      {
        &quot;routePath&quot;: null,
        &quot;iconName&quot;: null,
        &quot;controllerName&quot;: &quot;Language&quot;,
        &quot;name&quot;: &quot;Language Edit&quot;,
        &quot;displayOrder&quot;: 0,
        &quot;description&quot;: null,
        &quot;id&quot;: &quot;765464f2-8b9f-4234-ac07-063e06f3e9f2&quot;,
        &quot;isMenu&quot;: false,
        &quot;key&quot;: &quot;Language.Edit&quot;,
        &quot;parentId&quot;: &quot;7d117917-ff5a-448f-ae1c-71b123ffabc0&quot;,
        &quot;unAuthorizedProps&quot;: {
          &quot;visible&quot;: false,
          &quot;disabled&quot;: false
        },
        &quot;actionName&quot;: &quot;Edit&quot;
      },
      {
        &quot;routePath&quot;: null,
        &quot;iconName&quot;: null,
        &quot;controllerName&quot;: &quot;ServiceArea&quot;,
        &quot;name&quot;: &quot;ServiceArea UpdateStatus&quot;,
        &quot;displayOrder&quot;: 0,
        &quot;description&quot;: null,
        &quot;id&quot;: &quot;13514276-84ab-43d6-8542-5f166acb9b80&quot;,
        &quot;isMenu&quot;: false,
        &quot;key&quot;: &quot;ServiceArea.UpdateStatus&quot;,
        &quot;parentId&quot;: &quot;6510260c-2670-4f71-96ed-8f12986fb9cf&quot;,
        &quot;unAuthorizedProps&quot;: {
          &quot;visible&quot;: false,
          &quot;disabled&quot;: false
        },
        &quot;actionName&quot;: &quot;UpdateStatus&quot;
      },
      {
        &quot;routePath&quot;: null,
        &quot;iconName&quot;: null,
        &quot;controllerName&quot;: &quot;Language&quot;,
        &quot;name&quot;: &quot;Language Create&quot;,
        &quot;displayOrder&quot;: 0,
        &quot;description&quot;: null,
        &quot;id&quot;: &quot;70055253-2953-481a-ad68-308069f59188&quot;,
        &quot;isMenu&quot;: false,
        &quot;key&quot;: &quot;Language.Create&quot;,
        &quot;parentId&quot;: &quot;7d117917-ff5a-448f-ae1c-71b123ffabc0&quot;,
        &quot;unAuthorizedProps&quot;: {
          &quot;visible&quot;: false,
          &quot;disabled&quot;: false
        },
        &quot;actionName&quot;: &quot;Create&quot;
      },
      {
        &quot;routePath&quot;: null,
        &quot;iconName&quot;: null,
        &quot;controllerName&quot;: &quot;Banner&quot;,
        &quot;name&quot;: &quot;Banner List&quot;,
        &quot;displayOrder&quot;: 0,
        &quot;description&quot;: null,
        &quot;id&quot;: &quot;2af1fb3b-36bf-4379-b7a6-03f3e68742b2&quot;,
        &quot;isMenu&quot;: false,
        &quot;key&quot;: &quot;Banner.List&quot;,
        &quot;parentId&quot;: &quot;d01dd410-27ab-4ca2-ad2e-06ed18197543&quot;,
        &quot;unAuthorizedProps&quot;: {
          &quot;visible&quot;: false,
          &quot;disabled&quot;: false
        },
        &quot;actionName&quot;: &quot;List&quot;
      },
      {
        &quot;routePath&quot;: null,
        &quot;iconName&quot;: &quot;orders&quot;,
        &quot;controllerName&quot;: &quot;DriverApp&quot;,
        &quot;name&quot;: &quot;Orders&quot;,
        &quot;displayOrder&quot;: 0,
        &quot;description&quot;: &quot;&quot;,
        &quot;id&quot;: &quot;6fa1df30-c04b-4bef-a1d1-a67c2748e0b4&quot;,
        &quot;isMenu&quot;: true,
        &quot;key&quot;: &quot;DriverApp.Orders&quot;,
        &quot;parentId&quot;: &quot;673cefc5-8638-47b5-9440-8f3fa459f0b1&quot;,
        &quot;unAuthorizedProps&quot;: {
          &quot;visible&quot;: false,
          &quot;disabled&quot;: false
        },
        &quot;actionName&quot;: &quot;Orders&quot;
      },
      {
        &quot;routePath&quot;: null,
        &quot;iconName&quot;: &quot;blackListSVG&quot;,
        &quot;controllerName&quot;: &quot;BlackList&quot;,
        &quot;name&quot;: &quot;Black List Find&quot;,
        &quot;displayOrder&quot;: 0,
        &quot;description&quot;: null,
        &quot;id&quot;: &quot;e8a2ad2f-7dad-41a3-9696-6adefc308eb8&quot;,
        &quot;isMenu&quot;: false,
        &quot;key&quot;: &quot;BlackList.Find&quot;,
        &quot;parentId&quot;: &quot;d273c43d-77c8-4b88-8d35-9ec20a90bd11&quot;,
        &quot;unAuthorizedProps&quot;: {
          &quot;visible&quot;: false,
          &quot;disabled&quot;: false
        },
        &quot;actionName&quot;: &quot;Find&quot;
      },
      {
        &quot;routePath&quot;: null,
        &quot;iconName&quot;: &quot;ExportForFilter&quot;,
        &quot;controllerName&quot;: &quot;Product&quot;,
        &quot;name&quot;: &quot;Product ExportForFilter&quot;,
        &quot;displayOrder&quot;: 0,
        &quot;description&quot;: null,
        &quot;id&quot;: &quot;c6781e0f-f938-4907-8dc5-a17d241a8148&quot;,
        &quot;isMenu&quot;: false,
        &quot;key&quot;: &quot;Product.ExportForFilter&quot;,
        &quot;parentId&quot;: &quot;1858607f-58c2-4c69-8078-f2756c5ca81e&quot;,
        &quot;unAuthorizedProps&quot;: {
          &quot;visible&quot;: false,
          &quot;disabled&quot;: false
        },
        &quot;actionName&quot;: &quot;ExportForFilter&quot;
      },
      {
        &quot;routePath&quot;: null,
        &quot;iconName&quot;: &quot;auditSVG&quot;,
        &quot;controllerName&quot;: &quot;Audit&quot;,
        &quot;name&quot;: &quot;Audit ListForFilter&quot;,
        &quot;displayOrder&quot;: 100000,
        &quot;description&quot;: null,
        &quot;id&quot;: &quot;6db73bbc-1114-4e80-a30d-424386ffd8f5&quot;,
        &quot;isMenu&quot;: false,
        &quot;key&quot;: &quot;Audit.ListForFilter&quot;,
        &quot;parentId&quot;: &quot;76070de9-f4f5-4096-aa99-2d2bac586b44&quot;,
        &quot;unAuthorizedProps&quot;: {
          &quot;visible&quot;: false,
          &quot;disabled&quot;: false
        },
        &quot;actionName&quot;: &quot;ListForFilter&quot;
      },
      {
        &quot;routePath&quot;: null,
        &quot;iconName&quot;: null,
        &quot;controllerName&quot;: &quot;County&quot;,
        &quot;name&quot;: &quot;County Find&quot;,
        &quot;displayOrder&quot;: 0,
        &quot;description&quot;: null,
        &quot;id&quot;: &quot;d82e0244-f728-4651-b0dc-37ee070aacef&quot;,
        &quot;isMenu&quot;: false,
        &quot;key&quot;: &quot;County.Find&quot;,
        &quot;parentId&quot;: &quot;28a7ee86-bfd8-408f-97d3-82a96e1cbcc6&quot;,
        &quot;unAuthorizedProps&quot;: {
          &quot;visible&quot;: false,
          &quot;disabled&quot;: false
        },
        &quot;actionName&quot;: &quot;Find&quot;
      },
      {
        &quot;routePath&quot;: null,
        &quot;iconName&quot;: null,
        &quot;controllerName&quot;: &quot;Customer&quot;,
        &quot;name&quot;: &quot;Customer Delete&quot;,
        &quot;displayOrder&quot;: 0,
        &quot;description&quot;: null,
        &quot;id&quot;: &quot;f347f3bc-6802-4ec4-82ef-220e0032ab69&quot;,
        &quot;isMenu&quot;: false,
        &quot;key&quot;: &quot;Customer.Delete&quot;,
        &quot;parentId&quot;: &quot;07b60a01-5846-422c-b1c6-1c7a382dbd0e&quot;,
        &quot;unAuthorizedProps&quot;: {
          &quot;visible&quot;: false,
          &quot;disabled&quot;: false
        },
        &quot;actionName&quot;: &quot;Delete&quot;
      },
      {
        &quot;routePath&quot;: null,
        &quot;iconName&quot;: null,
        &quot;controllerName&quot;: &quot;Warehouse&quot;,
        &quot;name&quot;: &quot;Warehouse Edit&quot;,
        &quot;displayOrder&quot;: 0,
        &quot;description&quot;: null,
        &quot;id&quot;: &quot;8897a642-3ebb-4ed8-a71f-8dbe303509f6&quot;,
        &quot;isMenu&quot;: false,
        &quot;key&quot;: &quot;Warehouse.Edit&quot;,
        &quot;parentId&quot;: &quot;7a99d565-0e98-95af-19bd-814011ea2417&quot;,
        &quot;unAuthorizedProps&quot;: {
          &quot;visible&quot;: false,
          &quot;disabled&quot;: false
        },
        &quot;actionName&quot;: &quot;Edit&quot;
      },
      {
        &quot;routePath&quot;: null,
        &quot;iconName&quot;: null,
        &quot;controllerName&quot;: &quot;MessageTemplate&quot;,
        &quot;name&quot;: &quot;Message Template Create&quot;,
        &quot;displayOrder&quot;: 0,
        &quot;description&quot;: null,
        &quot;id&quot;: &quot;87fde03a-f96f-4317-a8e2-0b2790460da2&quot;,
        &quot;isMenu&quot;: false,
        &quot;key&quot;: &quot;MessageTemplate.Create&quot;,
        &quot;parentId&quot;: &quot;570b7634-2234-498f-939b-440805527121&quot;,
        &quot;unAuthorizedProps&quot;: {
          &quot;visible&quot;: false,
          &quot;disabled&quot;: false
        },
        &quot;actionName&quot;: &quot;Create&quot;
      },
      {
        &quot;routePath&quot;: null,
        &quot;iconName&quot;: null,
        &quot;controllerName&quot;: &quot;ServiceArea&quot;,
        &quot;name&quot;: &quot;ServiceArea Import&quot;,
        &quot;displayOrder&quot;: 0,
        &quot;description&quot;: null,
        &quot;id&quot;: &quot;6652b5a5-e837-4941-9c9c-e6cc2ae53745&quot;,
        &quot;isMenu&quot;: false,
        &quot;key&quot;: &quot;ServiceArea.Import&quot;,
        &quot;parentId&quot;: &quot;6510260c-2670-4f71-96ed-8f12986fb9cf&quot;,
        &quot;unAuthorizedProps&quot;: {
          &quot;visible&quot;: false,
          &quot;disabled&quot;: false
        },
        &quot;actionName&quot;: &quot;Import&quot;
      },
      {
        &quot;routePath&quot;: null,
        &quot;iconName&quot;: null,
        &quot;controllerName&quot;: &quot;LocaleResource&quot;,
        &quot;name&quot;: &quot;LocaleResource Create&quot;,
        &quot;displayOrder&quot;: 0,
        &quot;description&quot;: null,
        &quot;id&quot;: &quot;46f8f313-95b6-4848-9004-c69ec2dc12f4&quot;,
        &quot;isMenu&quot;: false,
        &quot;key&quot;: &quot;LocaleResource.Create&quot;,
        &quot;parentId&quot;: &quot;4c1a6c0d-765c-444a-b7c8-49e99f61d47b&quot;,
        &quot;unAuthorizedProps&quot;: {
          &quot;visible&quot;: false,
          &quot;disabled&quot;: false
        },
        &quot;actionName&quot;: &quot;Create&quot;
      },
      {
        &quot;routePath&quot;: null,
        &quot;iconName&quot;: null,
        &quot;controllerName&quot;: &quot;Customer&quot;,
        &quot;name&quot;: &quot;Customer Create&quot;,
        &quot;displayOrder&quot;: 0,
        &quot;description&quot;: null,
        &quot;id&quot;: &quot;d6fdfd07-b0f1-44ef-898b-22906287c3ef&quot;,
        &quot;isMenu&quot;: false,
        &quot;key&quot;: &quot;Customer.Create&quot;,
        &quot;parentId&quot;: &quot;07b60a01-5846-422c-b1c6-1c7a382dbd0e&quot;,
        &quot;unAuthorizedProps&quot;: {
          &quot;visible&quot;: false,
          &quot;disabled&quot;: false
        },
        &quot;actionName&quot;: &quot;Create&quot;
      },
      {
        &quot;routePath&quot;: null,
        &quot;iconName&quot;: null,
        &quot;controllerName&quot;: &quot;Banner&quot;,
        &quot;name&quot;: &quot;Banner Update Display Order&quot;,
        &quot;displayOrder&quot;: 0,
        &quot;description&quot;: null,
        &quot;id&quot;: &quot;a578fd4b-564e-4d88-87d1-aabbb183a21a&quot;,
        &quot;isMenu&quot;: false,
        &quot;key&quot;: &quot;Banner.UpdateBannerDisplayOrder&quot;,
        &quot;parentId&quot;: &quot;d01dd410-27ab-4ca2-ad2e-06ed18197543&quot;,
        &quot;unAuthorizedProps&quot;: {
          &quot;visible&quot;: false,
          &quot;disabled&quot;: false
        },
        &quot;actionName&quot;: &quot;UpdateBannerDisplayOrder&quot;
      },
      {
        &quot;routePath&quot;: null,
        &quot;iconName&quot;: null,
        &quot;controllerName&quot;: &quot;Address&quot;,
        &quot;name&quot;: &quot;Address Find&quot;,
        &quot;displayOrder&quot;: 0,
        &quot;description&quot;: null,
        &quot;id&quot;: &quot;69cd17c7-88f0-435d-9e1c-e3a178d79e21&quot;,
        &quot;isMenu&quot;: false,
        &quot;key&quot;: &quot;Address.Find&quot;,
        &quot;parentId&quot;: &quot;c3c514ef-1964-4c94-b13a-8bdd83a5b1cb&quot;,
        &quot;unAuthorizedProps&quot;: {
          &quot;visible&quot;: false,
          &quot;disabled&quot;: false
        },
        &quot;actionName&quot;: &quot;Find&quot;
      },
      {
        &quot;routePath&quot;: null,
        &quot;iconName&quot;: &quot;driverApp&quot;,
        &quot;controllerName&quot;: &quot;DriverApp&quot;,
        &quot;name&quot;: &quot;Driver Permissions&quot;,
        &quot;displayOrder&quot;: 0,
        &quot;description&quot;: null,
        &quot;id&quot;: &quot;673cefc5-8638-47b5-9440-8f3fa459f0b1&quot;,
        &quot;isMenu&quot;: false,
        &quot;key&quot;: &quot;DriverApp.Index&quot;,
        &quot;parentId&quot;: null,
        &quot;unAuthorizedProps&quot;: {
          &quot;visible&quot;: false,
          &quot;disabled&quot;: false
        },
        &quot;actionName&quot;: &quot;Index&quot;
      },
      {
        &quot;routePath&quot;: null,
        &quot;iconName&quot;: &quot;RemoteSearchForLocation&quot;,
        &quot;controllerName&quot;: &quot;Product&quot;,
        &quot;name&quot;: &quot;Product RemoteSearchForLocation&quot;,
        &quot;displayOrder&quot;: 0,
        &quot;description&quot;: null,
        &quot;id&quot;: &quot;9c90fc94-df36-4459-9a3b-c01d1f4f2211&quot;,
        &quot;isMenu&quot;: false,
        &quot;key&quot;: &quot;Product.RemoteSearchForLocation&quot;,
        &quot;parentId&quot;: &quot;1858607f-58c2-4c69-8078-f2756c5ca81e&quot;,
        &quot;unAuthorizedProps&quot;: {
          &quot;visible&quot;: false,
          &quot;disabled&quot;: false
        },
        &quot;actionName&quot;: &quot;RemoteSearchForLocation&quot;
      },
      {
        &quot;routePath&quot;: null,
        &quot;iconName&quot;: null,
        &quot;controllerName&quot;: &quot;Order&quot;,
        &quot;name&quot;: &quot;Order Cancel&quot;,
        &quot;displayOrder&quot;: 0,
        &quot;description&quot;: null,
        &quot;id&quot;: &quot;f92b5f11-f8e9-4754-85e0-f5d8666c620f&quot;,
        &quot;isMenu&quot;: false,
        &quot;key&quot;: &quot;Order.Cancel&quot;,
        &quot;parentId&quot;: &quot;872b9f8c-c48d-dfeb-de32-1be0c3c38dbb&quot;,
        &quot;unAuthorizedProps&quot;: {
          &quot;visible&quot;: false,
          &quot;disabled&quot;: false
        },
        &quot;actionName&quot;: &quot;Cancel&quot;
      },
      {
        &quot;routePath&quot;: null,
        &quot;iconName&quot;: null,
        &quot;controllerName&quot;: &quot;Category&quot;,
        &quot;name&quot;: &quot;Category UploadImage&quot;,
        &quot;displayOrder&quot;: 0,
        &quot;description&quot;: null,
        &quot;id&quot;: &quot;ae860d95-cc13-4b86-a535-202aa716c973&quot;,
        &quot;isMenu&quot;: false,
        &quot;key&quot;: &quot;Category.UploadImage&quot;,
        &quot;parentId&quot;: &quot;9bbddb67-d7f2-44d3-8d09-6bd04f8b6f79&quot;,
        &quot;unAuthorizedProps&quot;: {
          &quot;visible&quot;: false,
          &quot;disabled&quot;: false
        },
        &quot;actionName&quot;: &quot;UploadImage&quot;
      },
      {
        &quot;routePath&quot;: null,
        &quot;iconName&quot;: null,
        &quot;controllerName&quot;: &quot;Warehouse&quot;,
        &quot;name&quot;: &quot;Warehouse UpdateWarehouseQuantity&quot;,
        &quot;displayOrder&quot;: 0,
        &quot;description&quot;: null,
        &quot;id&quot;: &quot;95ea9fb5-2548-4bf4-bcad-937757b47ea9&quot;,
        &quot;isMenu&quot;: false,
        &quot;key&quot;: &quot;Warehouse.UpdateWarehouseQuantity&quot;,
        &quot;parentId&quot;: &quot;7a99d565-0e98-95af-19bd-814011ea2417&quot;,
        &quot;unAuthorizedProps&quot;: {
          &quot;visible&quot;: false,
          &quot;disabled&quot;: false
        },
        &quot;actionName&quot;: &quot;UpdateWarehouseQuantity&quot;
      },
      {
        &quot;routePath&quot;: null,
        &quot;iconName&quot;: null,
        &quot;controllerName&quot;: &quot;Warehouse&quot;,
        &quot;name&quot;: &quot;Warehouse Find&quot;,
        &quot;displayOrder&quot;: 0,
        &quot;description&quot;: null,
        &quot;id&quot;: &quot;15cd689d-00ad-40d4-9b1d-7a231ecb323e&quot;,
        &quot;isMenu&quot;: false,
        &quot;key&quot;: &quot;Warehouse.Find&quot;,
        &quot;parentId&quot;: &quot;7a99d565-0e98-95af-19bd-814011ea2417&quot;,
        &quot;unAuthorizedProps&quot;: {
          &quot;visible&quot;: false,
          &quot;disabled&quot;: false
        },
        &quot;actionName&quot;: &quot;Find&quot;
      },
      {
        &quot;routePath&quot;: &quot;inventory&quot;,
        &quot;iconName&quot;: &quot;inventorySVG&quot;,
        &quot;controllerName&quot;: &quot;Inventory&quot;,
        &quot;name&quot;: &quot;Inventory&quot;,
        &quot;displayOrder&quot;: 400,
        &quot;description&quot;: null,
        &quot;id&quot;: &quot;40fdcf04-65b5-4fc0-8e17-ddd1f84b1b0a&quot;,
        &quot;isMenu&quot;: true,
        &quot;key&quot;: &quot;Inventory.Index&quot;,
        &quot;parentId&quot;: null,
        &quot;unAuthorizedProps&quot;: {
          &quot;visible&quot;: false,
          &quot;disabled&quot;: false
        },
        &quot;actionName&quot;: &quot;Index&quot;
      },
      {
        &quot;routePath&quot;: null,
        &quot;iconName&quot;: null,
        &quot;controllerName&quot;: &quot;Customer&quot;,
        &quot;name&quot;: &quot;Customer ListForCouponCode&quot;,
        &quot;displayOrder&quot;: 0,
        &quot;description&quot;: null,
        &quot;id&quot;: &quot;9ace28d6-ab7f-4459-a605-232a0b6d2a77&quot;,
        &quot;isMenu&quot;: false,
        &quot;key&quot;: &quot;Customer.ListForCouponCode&quot;,
        &quot;parentId&quot;: &quot;07b60a01-5846-422c-b1c6-1c7a382dbd0e&quot;,
        &quot;unAuthorizedProps&quot;: {
          &quot;visible&quot;: false,
          &quot;disabled&quot;: false
        },
        &quot;actionName&quot;: &quot;ListForCouponCode&quot;
      },
      {
        &quot;routePath&quot;: null,
        &quot;iconName&quot;: null,
        &quot;controllerName&quot;: &quot;Campaign&quot;,
        &quot;name&quot;: &quot;Campaign Delete&quot;,
        &quot;displayOrder&quot;: 0,
        &quot;description&quot;: null,
        &quot;id&quot;: &quot;fd0189db-b2a0-4e72-ae4f-bfc608a105cc&quot;,
        &quot;isMenu&quot;: false,
        &quot;key&quot;: &quot;Campaign.Delete&quot;,
        &quot;parentId&quot;: &quot;fd2f794b-65fb-4da6-9bdb-835c466e4321&quot;,
        &quot;unAuthorizedProps&quot;: {
          &quot;visible&quot;: false,
          &quot;disabled&quot;: false
        },
        &quot;actionName&quot;: &quot;Delete&quot;
      },
      {
        &quot;routePath&quot;: null,
        &quot;iconName&quot;: &quot;Edit&quot;,
        &quot;controllerName&quot;: &quot;Product&quot;,
        &quot;name&quot;: &quot;Product Edit&quot;,
        &quot;displayOrder&quot;: 0,
        &quot;description&quot;: null,
        &quot;id&quot;: &quot;14e27911-45ec-4d84-8519-6c780671a1d4&quot;,
        &quot;isMenu&quot;: false,
        &quot;key&quot;: &quot;Product.Edit&quot;,
        &quot;parentId&quot;: &quot;1858607f-58c2-4c69-8078-f2756c5ca81e&quot;,
        &quot;unAuthorizedProps&quot;: {
          &quot;visible&quot;: false,
          &quot;disabled&quot;: false
        },
        &quot;actionName&quot;: &quot;Edit&quot;
      },
      {
        &quot;routePath&quot;: null,
        &quot;iconName&quot;: &quot;categorySVG&quot;,
        &quot;controllerName&quot;: &quot;Catalog&quot;,
        &quot;name&quot;: &quot;Catalog&quot;,
        &quot;displayOrder&quot;: 300,
        &quot;description&quot;: null,
        &quot;id&quot;: &quot;8b40e125-ffeb-4cf1-ba4b-0ac72aac09d9&quot;,
        &quot;isMenu&quot;: true,
        &quot;key&quot;: &quot;Catalog.Index&quot;,
        &quot;parentId&quot;: null,
        &quot;unAuthorizedProps&quot;: {
          &quot;visible&quot;: false,
          &quot;disabled&quot;: false
        },
        &quot;actionName&quot;: &quot;Index&quot;
      },
      {
        &quot;routePath&quot;: null,
        &quot;iconName&quot;: null,
        &quot;controllerName&quot;: &quot;Rider&quot;,
        &quot;name&quot;: &quot;List Warehouse&quot;,
        &quot;displayOrder&quot;: 0,
        &quot;description&quot;: null,
        &quot;id&quot;: &quot;b3974f99-cfc1-4eea-a71d-cb2d63fbe23b&quot;,
        &quot;isMenu&quot;: false,
        &quot;key&quot;: &quot;Rider.ListWarehouse&quot;,
        &quot;parentId&quot;: &quot;1b716d9c-2bf6-4a16-9bd1-2214d14b6cc7&quot;,
        &quot;unAuthorizedProps&quot;: {
          &quot;visible&quot;: false,
          &quot;disabled&quot;: false
        },
        &quot;actionName&quot;: &quot;ListWarehouse&quot;
      },
      {
        &quot;routePath&quot;: null,
        &quot;iconName&quot;: null,
        &quot;controllerName&quot;: &quot;ZipCode&quot;,
        &quot;name&quot;: &quot;ZipCode Find&quot;,
        &quot;displayOrder&quot;: 0,
        &quot;description&quot;: null,
        &quot;id&quot;: &quot;6ce0a1fe-663d-4167-9095-41ead097b95d&quot;,
        &quot;isMenu&quot;: false,
        &quot;key&quot;: &quot;ZipCode.Find&quot;,
        &quot;parentId&quot;: &quot;8aa34e38-533b-4ab7-bad7-0eaa7b5dec9c&quot;,
        &quot;unAuthorizedProps&quot;: {
          &quot;visible&quot;: false,
          &quot;disabled&quot;: false
        },
        &quot;actionName&quot;: &quot;Find&quot;
      },
      {
        &quot;routePath&quot;: null,
        &quot;iconName&quot;: null,
        &quot;controllerName&quot;: &quot;Country&quot;,
        &quot;name&quot;: &quot;Country Index&quot;,
        &quot;displayOrder&quot;: 0,
        &quot;description&quot;: null,
        &quot;id&quot;: &quot;9c15db73-badc-4894-ab1b-d8261bac91c2&quot;,
        &quot;isMenu&quot;: false,
        &quot;key&quot;: &quot;Country.Index&quot;,
        &quot;parentId&quot;: null,
        &quot;unAuthorizedProps&quot;: {
          &quot;visible&quot;: false,
          &quot;disabled&quot;: false
        },
        &quot;actionName&quot;: &quot;Index&quot;
      },
      {
        &quot;routePath&quot;: &quot;campaigns&quot;,
        &quot;iconName&quot;: &quot;campaignSVG&quot;,
        &quot;controllerName&quot;: &quot;Campaign&quot;,
        &quot;name&quot;: &quot;Campaigns&quot;,
        &quot;displayOrder&quot;: 200,
        &quot;description&quot;: null,
        &quot;id&quot;: &quot;fd2f794b-65fb-4da6-9bdb-835c466e4321&quot;,
        &quot;isMenu&quot;: true,
        &quot;key&quot;: &quot;Campaign.Index&quot;,
        &quot;parentId&quot;: null,
        &quot;unAuthorizedProps&quot;: {
          &quot;visible&quot;: false,
          &quot;disabled&quot;: false
        },
        &quot;actionName&quot;: &quot;Index&quot;
      },
      {
        &quot;routePath&quot;: &quot;&quot;,
        &quot;iconName&quot;: &quot;resourcesSVG&quot;,
        &quot;controllerName&quot;: &quot;Resource&quot;,
        &quot;name&quot;: &quot;Resources&quot;,
        &quot;displayOrder&quot;: 900,
        &quot;description&quot;: null,
        &quot;id&quot;: &quot;8f4ea0ae-2382-4769-8584-5f2f2b1520c8&quot;,
        &quot;isMenu&quot;: true,
        &quot;key&quot;: &quot;Resource.Index&quot;,
        &quot;parentId&quot;: null,
        &quot;unAuthorizedProps&quot;: {
          &quot;visible&quot;: false,
          &quot;disabled&quot;: false
        },
        &quot;actionName&quot;: &quot;Index&quot;
      },
      {
        &quot;routePath&quot;: null,
        &quot;iconName&quot;: null,
        &quot;controllerName&quot;: &quot;State&quot;,
        &quot;name&quot;: &quot;State Index&quot;,
        &quot;displayOrder&quot;: 0,
        &quot;description&quot;: null,
        &quot;id&quot;: &quot;4842baa6-3b5e-40d1-ba2c-aa896962f8a7&quot;,
        &quot;isMenu&quot;: false,
        &quot;key&quot;: &quot;State.Index&quot;,
        &quot;parentId&quot;: null,
        &quot;unAuthorizedProps&quot;: {
          &quot;visible&quot;: false,
          &quot;disabled&quot;: false
        },
        &quot;actionName&quot;: &quot;Index&quot;
      },
      {
        &quot;routePath&quot;: null,
        &quot;iconName&quot;: null,
        &quot;controllerName&quot;: &quot;Order&quot;,
        &quot;name&quot;: &quot;Order Create&quot;,
        &quot;displayOrder&quot;: 0,
        &quot;description&quot;: null,
        &quot;id&quot;: &quot;5c9d78b5-a896-4f09-81f5-3772241f9c78&quot;,
        &quot;isMenu&quot;: false,
        &quot;key&quot;: &quot;Order.Create&quot;,
        &quot;parentId&quot;: &quot;872b9f8c-c48d-dfeb-de32-1be0c3c38dbb&quot;,
        &quot;unAuthorizedProps&quot;: {
          &quot;visible&quot;: false,
          &quot;disabled&quot;: false
        },
        &quot;actionName&quot;: &quot;Create&quot;
      },
      {
        &quot;routePath&quot;: null,
        &quot;iconName&quot;: &quot;blackListSVG&quot;,
        &quot;controllerName&quot;: &quot;BlackList&quot;,
        &quot;name&quot;: &quot;Black List Delete&quot;,
        &quot;displayOrder&quot;: 0,
        &quot;description&quot;: null,
        &quot;id&quot;: &quot;ac6ae6a5-d189-4a17-b8a0-26fbbc3f6e27&quot;,
        &quot;isMenu&quot;: false,
        &quot;key&quot;: &quot;BlackList.Delete&quot;,
        &quot;parentId&quot;: &quot;d273c43d-77c8-4b88-8d35-9ec20a90bd11&quot;,
        &quot;unAuthorizedProps&quot;: {
          &quot;visible&quot;: false,
          &quot;disabled&quot;: false
        },
        &quot;actionName&quot;: &quot;Delete&quot;
      },
      {
        &quot;routePath&quot;: null,
        &quot;iconName&quot;: null,
        &quot;controllerName&quot;: &quot;Role&quot;,
        &quot;name&quot;: &quot;Role Find&quot;,
        &quot;displayOrder&quot;: 0,
        &quot;description&quot;: null,
        &quot;id&quot;: &quot;93ff5806-4453-44a3-bc9b-557783976d40&quot;,
        &quot;isMenu&quot;: false,
        &quot;key&quot;: &quot;Role.Find&quot;,
        &quot;parentId&quot;: &quot;e98d2f21-52f8-41cb-9b3f-fe979b5f0578&quot;,
        &quot;unAuthorizedProps&quot;: {
          &quot;visible&quot;: false,
          &quot;disabled&quot;: false
        },
        &quot;actionName&quot;: &quot;Find&quot;
      },
      {
        &quot;routePath&quot;: null,
        &quot;iconName&quot;: &quot;RemoteSearchForSubCategories&quot;,
        &quot;controllerName&quot;: &quot;Category&quot;,
        &quot;name&quot;: &quot;Category RemoteSearchForSubCategories&quot;,
        &quot;displayOrder&quot;: 0,
        &quot;description&quot;: null,
        &quot;id&quot;: &quot;6db1a08e-e179-4c17-9191-fa48c4e91f43&quot;,
        &quot;isMenu&quot;: false,
        &quot;key&quot;: &quot;Category.RemoteSearchForSubCategories&quot;,
        &quot;parentId&quot;: &quot;501d66f1-cdeb-4f10-85d2-6e00d60e36c9&quot;,
        &quot;unAuthorizedProps&quot;: {
          &quot;visible&quot;: false,
          &quot;disabled&quot;: false
        },
        &quot;actionName&quot;: &quot;RemoteSearchForSubCategories&quot;
      },
      {
        &quot;routePath&quot;: null,
        &quot;iconName&quot;: null,
        &quot;controllerName&quot;: &quot;Warehouse&quot;,
        &quot;name&quot;: &quot;Warehouse ImportWarehouseStock&quot;,
        &quot;displayOrder&quot;: 0,
        &quot;description&quot;: null,
        &quot;id&quot;: &quot;32b123d7-64e0-437b-85ee-e231221123c4&quot;,
        &quot;isMenu&quot;: false,
        &quot;key&quot;: &quot;Warehouse.ImportWarehouseStock&quot;,
        &quot;parentId&quot;: &quot;7a99d565-0e98-95af-19bd-814011ea2417&quot;,
        &quot;unAuthorizedProps&quot;: {
          &quot;visible&quot;: false,
          &quot;disabled&quot;: false
        },
        &quot;actionName&quot;: &quot;ImportWarehouseStock&quot;
      },
      {
        &quot;routePath&quot;: &quot;&quot;,
        &quot;iconName&quot;: &quot;&quot;,
        &quot;controllerName&quot;: &quot;Category&quot;,
        &quot;name&quot;: &quot;Category DeleteImage&quot;,
        &quot;displayOrder&quot;: 0,
        &quot;description&quot;: &quot;&quot;,
        &quot;id&quot;: &quot;abfccc7e-7b90-4102-a774-6064c670950a&quot;,
        &quot;isMenu&quot;: false,
        &quot;key&quot;: &quot;Category.DeleteImage&quot;,
        &quot;parentId&quot;: &quot;9bbddb67-d7f2-44d3-8d09-6bd04f8b6f79&quot;,
        &quot;unAuthorizedProps&quot;: {
          &quot;visible&quot;: false,
          &quot;disabled&quot;: false
        },
        &quot;actionName&quot;: &quot;DeleteImage&quot;
      },
      {
        &quot;routePath&quot;: null,
        &quot;iconName&quot;: null,
        &quot;controllerName&quot;: &quot;Role&quot;,
        &quot;name&quot;: &quot;Role Edit&quot;,
        &quot;displayOrder&quot;: 0,
        &quot;description&quot;: null,
        &quot;id&quot;: &quot;e659fa87-caf3-44e3-b5c2-1e0a78323f20&quot;,
        &quot;isMenu&quot;: false,
        &quot;key&quot;: &quot;Role.Edit&quot;,
        &quot;parentId&quot;: &quot;e98d2f21-52f8-41cb-9b3f-fe979b5f0578&quot;,
        &quot;unAuthorizedProps&quot;: {
          &quot;visible&quot;: false,
          &quot;disabled&quot;: false
        },
        &quot;actionName&quot;: &quot;Edit&quot;
      },
      {
        &quot;routePath&quot;: null,
        &quot;iconName&quot;: null,
        &quot;controllerName&quot;: &quot;Banner&quot;,
        &quot;name&quot;: &quot;Banner Delete&quot;,
        &quot;displayOrder&quot;: 0,
        &quot;description&quot;: null,
        &quot;id&quot;: &quot;21357ea8-c21e-4c43-846a-714dc3de69b2&quot;,
        &quot;isMenu&quot;: false,
        &quot;key&quot;: &quot;Banner.Delete&quot;,
        &quot;parentId&quot;: &quot;d01dd410-27ab-4ca2-ad2e-06ed18197543&quot;,
        &quot;unAuthorizedProps&quot;: {
          &quot;visible&quot;: false,
          &quot;disabled&quot;: false
        },
        &quot;actionName&quot;: &quot;Delete&quot;
      },
      {
        &quot;routePath&quot;: &quot;message-templates&quot;,
        &quot;iconName&quot;: &quot;messageSVG&quot;,
        &quot;controllerName&quot;: &quot;MessageTemplate&quot;,
        &quot;name&quot;: &quot;Message Templates&quot;,
        &quot;displayOrder&quot;: 0,
        &quot;description&quot;: null,
        &quot;id&quot;: &quot;570b7634-2234-498f-939b-440805527121&quot;,
        &quot;isMenu&quot;: true,
        &quot;key&quot;: &quot;MessageTemplate.Index&quot;,
        &quot;parentId&quot;: &quot;8f4ea0ae-2382-4769-8584-5f2f2b1520c8&quot;,
        &quot;unAuthorizedProps&quot;: {
          &quot;visible&quot;: false,
          &quot;disabled&quot;: false
        },
        &quot;actionName&quot;: &quot;Index&quot;
      },
      {
        &quot;routePath&quot;: null,
        &quot;iconName&quot;: null,
        &quot;controllerName&quot;: &quot;Banner&quot;,
        &quot;name&quot;: &quot;Banner Find&quot;,
        &quot;displayOrder&quot;: 0,
        &quot;description&quot;: null,
        &quot;id&quot;: &quot;d251bc51-e2ad-4581-a0f3-30fa44141403&quot;,
        &quot;isMenu&quot;: false,
        &quot;key&quot;: &quot;Banner.Find&quot;,
        &quot;parentId&quot;: &quot;d01dd410-27ab-4ca2-ad2e-06ed18197543&quot;,
        &quot;unAuthorizedProps&quot;: {
          &quot;visible&quot;: false,
          &quot;disabled&quot;: false
        },
        &quot;actionName&quot;: &quot;Find&quot;
      },
      {
        &quot;routePath&quot;: null,
        &quot;iconName&quot;: null,
        &quot;controllerName&quot;: &quot;Region&quot;,
        &quot;name&quot;: &quot;Region&quot;,
        &quot;displayOrder&quot;: 0,
        &quot;description&quot;: null,
        &quot;id&quot;: &quot;ea3629e8-4946-4c94-831b-445ff5e05927&quot;,
        &quot;isMenu&quot;: false,
        &quot;key&quot;: &quot;Region.Delete&quot;,
        &quot;parentId&quot;: &quot;636ed702-38d2-4f20-967d-54564a31315f&quot;,
        &quot;unAuthorizedProps&quot;: {
          &quot;visible&quot;: false,
          &quot;disabled&quot;: false
        },
        &quot;actionName&quot;: &quot;Delete&quot;
      },
      {
        &quot;routePath&quot;: &quot;riders&quot;,
        &quot;iconName&quot;: &quot;riderSVG&quot;,
        &quot;controllerName&quot;: &quot;Rider&quot;,
        &quot;name&quot;: &quot;Driver&quot;,
        &quot;displayOrder&quot;: 620,
        &quot;description&quot;: null,
        &quot;id&quot;: &quot;1b716d9c-2bf6-4a16-9bd1-2214d14b6cc7&quot;,
        &quot;isMenu&quot;: true,
        &quot;key&quot;: &quot;Rider.Index&quot;,
        &quot;parentId&quot;: &quot;8b04f24a-f777-5455-9d4b-5d32257d3d62&quot;,
        &quot;unAuthorizedProps&quot;: {
          &quot;visible&quot;: false,
          &quot;disabled&quot;: false
        },
        &quot;actionName&quot;: &quot;Index&quot;
      },
      {
        &quot;routePath&quot;: &quot;permissions&quot;,
        &quot;iconName&quot;: &quot;permissionSVG&quot;,
        &quot;controllerName&quot;: &quot;Permission&quot;,
        &quot;name&quot;: &quot;Permissions&quot;,
        &quot;displayOrder&quot;: 640,
        &quot;description&quot;: null,
        &quot;id&quot;: &quot;213aad81-551b-49f7-9d15-f11f5b9e7e88&quot;,
        &quot;isMenu&quot;: true,
        &quot;key&quot;: &quot;Permission.Index&quot;,
        &quot;parentId&quot;: &quot;8b04f24a-f777-5455-9d4b-5d32257d3d62&quot;,
        &quot;unAuthorizedProps&quot;: {
          &quot;visible&quot;: false,
          &quot;disabled&quot;: false
        },
        &quot;actionName&quot;: &quot;Index&quot;
      },
      {
        &quot;routePath&quot;: null,
        &quot;iconName&quot;: null,
        &quot;controllerName&quot;: &quot;County&quot;,
        &quot;name&quot;: &quot;County Edit&quot;,
        &quot;displayOrder&quot;: 0,
        &quot;description&quot;: null,
        &quot;id&quot;: &quot;ba784849-f3ea-4d98-8dc8-194743397b68&quot;,
        &quot;isMenu&quot;: false,
        &quot;key&quot;: &quot;County.Edit&quot;,
        &quot;parentId&quot;: &quot;28a7ee86-bfd8-408f-97d3-82a96e1cbcc6&quot;,
        &quot;unAuthorizedProps&quot;: {
          &quot;visible&quot;: false,
          &quot;disabled&quot;: false
        },
        &quot;actionName&quot;: &quot;Edit&quot;
      },
      {
        &quot;routePath&quot;: null,
        &quot;iconName&quot;: null,
        &quot;controllerName&quot;: &quot;ZipCode&quot;,
        &quot;name&quot;: &quot;ZipCode List&quot;,
        &quot;displayOrder&quot;: 0,
        &quot;description&quot;: null,
        &quot;id&quot;: &quot;48ed0371-cd67-4620-b3d7-8c71e947c93f&quot;,
        &quot;isMenu&quot;: false,
        &quot;key&quot;: &quot;ZipCode.List&quot;,
        &quot;parentId&quot;: &quot;8aa34e38-533b-4ab7-bad7-0eaa7b5dec9c&quot;,
        &quot;unAuthorizedProps&quot;: {
          &quot;visible&quot;: false,
          &quot;disabled&quot;: false
        },
        &quot;actionName&quot;: &quot;List&quot;
      },
      {
        &quot;routePath&quot;: null,
        &quot;iconName&quot;: null,
        &quot;controllerName&quot;: &quot;Role&quot;,
        &quot;name&quot;: &quot;Role Delete&quot;,
        &quot;displayOrder&quot;: 0,
        &quot;description&quot;: null,
        &quot;id&quot;: &quot;72327532-7e7b-443e-8f6c-1af60992346e&quot;,
        &quot;isMenu&quot;: false,
        &quot;key&quot;: &quot;Role.Delete&quot;,
        &quot;parentId&quot;: &quot;e98d2f21-52f8-41cb-9b3f-fe979b5f0578&quot;,
        &quot;unAuthorizedProps&quot;: {
          &quot;visible&quot;: false,
          &quot;disabled&quot;: false
        },
        &quot;actionName&quot;: &quot;Delete&quot;
      },
      {
        &quot;routePath&quot;: null,
        &quot;iconName&quot;: null,
        &quot;controllerName&quot;: &quot;County&quot;,
        &quot;name&quot;: &quot;County List&quot;,
        &quot;displayOrder&quot;: 0,
        &quot;description&quot;: null,
        &quot;id&quot;: &quot;b585755d-7f4f-43b0-8d1e-f2d807abcec4&quot;,
        &quot;isMenu&quot;: false,
        &quot;key&quot;: &quot;County.List&quot;,
        &quot;parentId&quot;: &quot;28a7ee86-bfd8-408f-97d3-82a96e1cbcc6&quot;,
        &quot;unAuthorizedProps&quot;: {
          &quot;visible&quot;: false,
          &quot;disabled&quot;: false
        },
        &quot;actionName&quot;: &quot;List&quot;
      },
      {
        &quot;routePath&quot;: null,
        &quot;iconName&quot;: null,
        &quot;controllerName&quot;: &quot;State&quot;,
        &quot;name&quot;: &quot;State List&quot;,
        &quot;displayOrder&quot;: 0,
        &quot;description&quot;: null,
        &quot;id&quot;: &quot;b3223f02-9caa-4de6-9340-052b6c64b670&quot;,
        &quot;isMenu&quot;: false,
        &quot;key&quot;: &quot;State.List&quot;,
        &quot;parentId&quot;: &quot;4842baa6-3b5e-40d1-ba2c-aa896962f8a7&quot;,
        &quot;unAuthorizedProps&quot;: {
          &quot;visible&quot;: false,
          &quot;disabled&quot;: false
        },
        &quot;actionName&quot;: &quot;List&quot;
      },
      {
        &quot;routePath&quot;: &quot;orders&quot;,
        &quot;iconName&quot;: &quot;ordersSVG&quot;,
        &quot;controllerName&quot;: &quot;Order&quot;,
        &quot;name&quot;: &quot;Status Count&quot;,
        &quot;displayOrder&quot;: 0,
        &quot;description&quot;: null,
        &quot;id&quot;: &quot;cebe4f6e-97cb-4744-be13-802d6ec99207&quot;,
        &quot;isMenu&quot;: false,
        &quot;key&quot;: &quot;Order.OrderStatusCount&quot;,
        &quot;parentId&quot;: &quot;872b9f8c-c48d-dfeb-de32-1be0c3c38dbb&quot;,
        &quot;unAuthorizedProps&quot;: {
          &quot;visible&quot;: false,
          &quot;disabled&quot;: false
        },
        &quot;actionName&quot;: &quot;OrderStatusCount&quot;
      },
      {
        &quot;routePath&quot;: null,
        &quot;iconName&quot;: null,
        &quot;controllerName&quot;: &quot;Region&quot;,
        &quot;name&quot;: &quot;Region Index&quot;,
        &quot;displayOrder&quot;: 0,
        &quot;description&quot;: null,
        &quot;id&quot;: &quot;636ed702-38d2-4f20-967d-54564a31315f&quot;,
        &quot;isMenu&quot;: false,
        &quot;key&quot;: &quot;Region.Index&quot;,
        &quot;parentId&quot;: null,
        &quot;unAuthorizedProps&quot;: {
          &quot;visible&quot;: false,
          &quot;disabled&quot;: false
        },
        &quot;actionName&quot;: &quot;Index&quot;
      },
      {
        &quot;routePath&quot;: null,
        &quot;iconName&quot;: null,
        &quot;controllerName&quot;: &quot;Region&quot;,
        &quot;name&quot;: &quot;Region List&quot;,
        &quot;displayOrder&quot;: 0,
        &quot;description&quot;: null,
        &quot;id&quot;: &quot;9c05f19c-13b9-498e-aacb-e3c0f3e1d478&quot;,
        &quot;isMenu&quot;: false,
        &quot;key&quot;: &quot;Region.List&quot;,
        &quot;parentId&quot;: &quot;636ed702-38d2-4f20-967d-54564a31315f&quot;,
        &quot;unAuthorizedProps&quot;: {
          &quot;visible&quot;: false,
          &quot;disabled&quot;: false
        },
        &quot;actionName&quot;: &quot;List&quot;
      },
      {
        &quot;routePath&quot;: &quot;banners&quot;,
        &quot;iconName&quot;: &quot;bannerSVG&quot;,
        &quot;controllerName&quot;: &quot;Banner&quot;,
        &quot;name&quot;: &quot;Banner&quot;,
        &quot;displayOrder&quot;: 920,
        &quot;description&quot;: null,
        &quot;id&quot;: &quot;d01dd410-27ab-4ca2-ad2e-06ed18197543&quot;,
        &quot;isMenu&quot;: true,
        &quot;key&quot;: &quot;Banner.Index&quot;,
        &quot;parentId&quot;: &quot;8f4ea0ae-2382-4769-8584-5f2f2b1520c8&quot;,
        &quot;unAuthorizedProps&quot;: {
          &quot;visible&quot;: false,
          &quot;disabled&quot;: false
        },
        &quot;actionName&quot;: &quot;Index&quot;
      },
      {
        &quot;routePath&quot;: null,
        &quot;iconName&quot;: null,
        &quot;controllerName&quot;: &quot;MessageTemplate&quot;,
        &quot;name&quot;: &quot;Message Template Find&quot;,
        &quot;displayOrder&quot;: 0,
        &quot;description&quot;: null,
        &quot;id&quot;: &quot;c4cda510-6ac9-41c7-ae6e-74e42b8672b2&quot;,
        &quot;isMenu&quot;: false,
        &quot;key&quot;: &quot;MessageTemplate.Find&quot;,
        &quot;parentId&quot;: &quot;570b7634-2234-498f-939b-440805527121&quot;,
        &quot;unAuthorizedProps&quot;: {
          &quot;visible&quot;: false,
          &quot;disabled&quot;: false
        },
        &quot;actionName&quot;: &quot;Find&quot;
      },
      {
        &quot;routePath&quot;: null,
        &quot;iconName&quot;: null,
        &quot;controllerName&quot;: &quot;Address&quot;,
        &quot;name&quot;: &quot;Address Delete&quot;,
        &quot;displayOrder&quot;: 0,
        &quot;description&quot;: null,
        &quot;id&quot;: &quot;fbfbd05c-64df-4fd5-b4b1-8ae1d6d0ab09&quot;,
        &quot;isMenu&quot;: false,
        &quot;key&quot;: &quot;Address.Delete&quot;,
        &quot;parentId&quot;: &quot;c3c514ef-1964-4c94-b13a-8bdd83a5b1cb&quot;,
        &quot;unAuthorizedProps&quot;: {
          &quot;visible&quot;: false,
          &quot;disabled&quot;: false
        },
        &quot;actionName&quot;: &quot;Delete&quot;
      },
      {
        &quot;routePath&quot;: null,
        &quot;iconName&quot;: null,
        &quot;controllerName&quot;: &quot;CouponCode&quot;,
        &quot;name&quot;: &quot;CouponCode&quot;,
        &quot;displayOrder&quot;: 0,
        &quot;description&quot;: null,
        &quot;id&quot;: &quot;b9a73bf9-fbb5-4c88-92c2-f307b6441d6a&quot;,
        &quot;isMenu&quot;: false,
        &quot;key&quot;: &quot;CouponCode.Find&quot;,
        &quot;parentId&quot;: &quot;5aaef586-e311-4265-a241-6eb9758d6541&quot;,
        &quot;unAuthorizedProps&quot;: {
          &quot;visible&quot;: false,
          &quot;disabled&quot;: false
        },
        &quot;actionName&quot;: &quot;Find&quot;
      },
      {
        &quot;routePath&quot;: null,
        &quot;iconName&quot;: null,
        &quot;controllerName&quot;: &quot;Admin&quot;,
        &quot;name&quot;: &quot;Admin Access&quot;,
        &quot;displayOrder&quot;: 0,
        &quot;description&quot;: null,
        &quot;id&quot;: &quot;3e00e509-1d51-489b-b91a-55fe8f3c6edb&quot;,
        &quot;isMenu&quot;: false,
        &quot;key&quot;: &quot;Admin.Access&quot;,
        &quot;parentId&quot;: null,
        &quot;unAuthorizedProps&quot;: {
          &quot;visible&quot;: false,
          &quot;disabled&quot;: false
        },
        &quot;actionName&quot;: &quot;Access&quot;
      },
      {
        &quot;routePath&quot;: null,
        &quot;iconName&quot;: null,
        &quot;controllerName&quot;: &quot;Campaign&quot;,
        &quot;name&quot;: &quot;Campaign Edit&quot;,
        &quot;displayOrder&quot;: 0,
        &quot;description&quot;: null,
        &quot;id&quot;: &quot;dc1d5cc3-524b-4eaa-9a9f-ee84215e1861&quot;,
        &quot;isMenu&quot;: false,
        &quot;key&quot;: &quot;Campaign.Edit&quot;,
        &quot;parentId&quot;: &quot;fd2f794b-65fb-4da6-9bdb-835c466e4321&quot;,
        &quot;unAuthorizedProps&quot;: {
          &quot;visible&quot;: false,
          &quot;disabled&quot;: false
        },
        &quot;actionName&quot;: &quot;Edit&quot;
      },
      {
        &quot;routePath&quot;: null,
        &quot;iconName&quot;: null,
        &quot;controllerName&quot;: &quot;Category&quot;,
        &quot;name&quot;: &quot;Category Delete&quot;,
        &quot;displayOrder&quot;: 0,
        &quot;description&quot;: null,
        &quot;id&quot;: &quot;b83891f7-ad63-4ffc-8ce2-54f1fe6c2655&quot;,
        &quot;isMenu&quot;: false,
        &quot;key&quot;: &quot;Category.Delete&quot;,
        &quot;parentId&quot;: &quot;9bbddb67-d7f2-44d3-8d09-6bd04f8b6f79&quot;,
        &quot;unAuthorizedProps&quot;: {
          &quot;visible&quot;: false,
          &quot;disabled&quot;: false
        },
        &quot;actionName&quot;: &quot;Delete&quot;
      },
      {
        &quot;routePath&quot;: &quot;order-history&quot;,
        &quot;iconName&quot;: &quot;orderHistorySVG&quot;,
        &quot;controllerName&quot;: &quot;Order&quot;,
        &quot;name&quot;: &quot;Order History&quot;,
        &quot;displayOrder&quot;: 110,
        &quot;description&quot;: null,
        &quot;id&quot;: &quot;14cbd334-6cd3-42b3-9b65-6bbeff98691f&quot;,
        &quot;isMenu&quot;: true,
        &quot;key&quot;: &quot;Order.History&quot;,
        &quot;parentId&quot;: &quot;872b9f8c-c48d-dfeb-de32-1be0c3c38dbb&quot;,
        &quot;unAuthorizedProps&quot;: {
          &quot;visible&quot;: false,
          &quot;disabled&quot;: false
        },
        &quot;actionName&quot;: &quot;History&quot;
      },
      {
        &quot;routePath&quot;: null,
        &quot;iconName&quot;: &quot;GetWarehousesByProductQuantities&quot;,
        &quot;controllerName&quot;: &quot;Warehouse&quot;,
        &quot;name&quot;: &quot;Warehouse GetWarehousesByProductQuantities&quot;,
        &quot;displayOrder&quot;: 0,
        &quot;description&quot;: null,
        &quot;id&quot;: &quot;03c0e9ba-00e5-4526-bed3-8b92b5ed5b00&quot;,
        &quot;isMenu&quot;: false,
        &quot;key&quot;: &quot;Warehouse.GetWarehousesByProductQuantities&quot;,
        &quot;parentId&quot;: &quot;7a99d565-0e98-95af-19bd-814011ea2417&quot;,
        &quot;unAuthorizedProps&quot;: {
          &quot;visible&quot;: false,
          &quot;disabled&quot;: false
        },
        &quot;actionName&quot;: &quot;GetWarehousesByProductQuantities&quot;
      },
      {
        &quot;routePath&quot;: null,
        &quot;iconName&quot;: null,
        &quot;controllerName&quot;: &quot;Customer&quot;,
        &quot;name&quot;: &quot;Customer Edit&quot;,
        &quot;displayOrder&quot;: 0,
        &quot;description&quot;: null,
        &quot;id&quot;: &quot;16ec7648-8864-46c1-81f8-45ca74b6d400&quot;,
        &quot;isMenu&quot;: false,
        &quot;key&quot;: &quot;Customer.Edit&quot;,
        &quot;parentId&quot;: &quot;07b60a01-5846-422c-b1c6-1c7a382dbd0e&quot;,
        &quot;unAuthorizedProps&quot;: {
          &quot;visible&quot;: false,
          &quot;disabled&quot;: false
        },
        &quot;actionName&quot;: &quot;Edit&quot;
      },
      {
        &quot;routePath&quot;: null,
        &quot;iconName&quot;: null,
        &quot;controllerName&quot;: &quot;Customer&quot;,
        &quot;name&quot;: &quot;Customer ExportForFilter&quot;,
        &quot;displayOrder&quot;: 0,
        &quot;description&quot;: null,
        &quot;id&quot;: &quot;d035c702-e74b-4f21-a90f-0e5eab19b6ed&quot;,
        &quot;isMenu&quot;: false,
        &quot;key&quot;: &quot;Customer.ExportForFilter&quot;,
        &quot;parentId&quot;: &quot;07b60a01-5846-422c-b1c6-1c7a382dbd0e&quot;,
        &quot;unAuthorizedProps&quot;: {
          &quot;visible&quot;: false,
          &quot;disabled&quot;: false
        },
        &quot;actionName&quot;: &quot;ExportForFilter&quot;
      },
      {
        &quot;routePath&quot;: null,
        &quot;iconName&quot;: &quot;UpdateIsShowOutOfStock&quot;,
        &quot;controllerName&quot;: &quot;Product&quot;,
        &quot;name&quot;: &quot;Product UpdateIsShowOutOfStock&quot;,
        &quot;displayOrder&quot;: 0,
        &quot;description&quot;: null,
        &quot;id&quot;: &quot;3b089d65-e726-4606-9e48-0fade407b41a&quot;,
        &quot;isMenu&quot;: false,
        &quot;key&quot;: &quot;Product.UpdateIsShowOutOfStock&quot;,
        &quot;parentId&quot;: &quot;1858607f-58c2-4c69-8078-f2756c5ca81e&quot;,
        &quot;unAuthorizedProps&quot;: {
          &quot;visible&quot;: false,
          &quot;disabled&quot;: false
        },
        &quot;actionName&quot;: &quot;UpdateIsShowOutOfStock&quot;
      },
      {
        &quot;routePath&quot;: null,
        &quot;iconName&quot;: null,
        &quot;controllerName&quot;: &quot;Category&quot;,
        &quot;name&quot;: &quot;Category List&quot;,
        &quot;displayOrder&quot;: 0,
        &quot;description&quot;: null,
        &quot;id&quot;: &quot;60efba66-4656-4db1-bbc9-9192afaadc42&quot;,
        &quot;isMenu&quot;: false,
        &quot;key&quot;: &quot;Category.List&quot;,
        &quot;parentId&quot;: &quot;9bbddb67-d7f2-44d3-8d09-6bd04f8b6f79&quot;,
        &quot;unAuthorizedProps&quot;: {
          &quot;visible&quot;: false,
          &quot;disabled&quot;: false
        },
        &quot;actionName&quot;: &quot;List&quot;
      },
      {
        &quot;routePath&quot;: null,
        &quot;iconName&quot;: &quot;SendOrderReceipt&quot;,
        &quot;controllerName&quot;: &quot;Order&quot;,
        &quot;name&quot;: &quot;Order SendOrderReceipt&quot;,
        &quot;displayOrder&quot;: 0,
        &quot;description&quot;: null,
        &quot;id&quot;: &quot;61f6a2b2-3170-45fd-b952-763ab434e8cb&quot;,
        &quot;isMenu&quot;: false,
        &quot;key&quot;: &quot;Order.SendOrderReceipt&quot;,
        &quot;parentId&quot;: &quot;6fa1df30-c04b-4bef-a1d1-a67c2748e0b4&quot;,
        &quot;unAuthorizedProps&quot;: {
          &quot;visible&quot;: false,
          &quot;disabled&quot;: false
        },
        &quot;actionName&quot;: &quot;SendOrderReceipt&quot;
      },
      {
        &quot;routePath&quot;: null,
        &quot;iconName&quot;: null,
        &quot;controllerName&quot;: &quot;ServiceArea&quot;,
        &quot;name&quot;: &quot;ServiceArea Index&quot;,
        &quot;displayOrder&quot;: 0,
        &quot;description&quot;: null,
        &quot;id&quot;: &quot;6510260c-2670-4f71-96ed-8f12986fb9cf&quot;,
        &quot;isMenu&quot;: false,
        &quot;key&quot;: &quot;ServiceArea.Index&quot;,
        &quot;parentId&quot;: null,
        &quot;unAuthorizedProps&quot;: {
          &quot;visible&quot;: false,
          &quot;disabled&quot;: false
        },
        &quot;actionName&quot;: &quot;Index&quot;
      },
      {
        &quot;routePath&quot;: null,
        &quot;iconName&quot;: null,
        &quot;controllerName&quot;: &quot;Order&quot;,
        &quot;name&quot;: &quot;Order ExportForFilter&quot;,
        &quot;displayOrder&quot;: 0,
        &quot;description&quot;: null,
        &quot;id&quot;: &quot;1f7586e6-8ed7-4d27-bbab-05b597a942f3&quot;,
        &quot;isMenu&quot;: false,
        &quot;key&quot;: &quot;Order.ExportForFilter&quot;,
        &quot;parentId&quot;: &quot;872b9f8c-c48d-dfeb-de32-1be0c3c38dbb&quot;,
        &quot;unAuthorizedProps&quot;: {
          &quot;visible&quot;: false,
          &quot;disabled&quot;: false
        },
        &quot;actionName&quot;: &quot;ExportForFilter&quot;
      },
      {
        &quot;routePath&quot;: null,
        &quot;iconName&quot;: &quot;delete&quot;,
        &quot;controllerName&quot;: &quot;ProductMedia&quot;,
        &quot;name&quot;: &quot;ProductMedia Delete&quot;,
        &quot;displayOrder&quot;: 0,
        &quot;description&quot;: null,
        &quot;id&quot;: &quot;f95ffe40-8464-4dd7-997a-1e5f0e4ccc4a&quot;,
        &quot;isMenu&quot;: false,
        &quot;key&quot;: &quot;ProductMedia.Delete&quot;,
        &quot;parentId&quot;: &quot;1858607f-58c2-4c69-8078-f2756c5ca81e&quot;,
        &quot;unAuthorizedProps&quot;: {
          &quot;visible&quot;: false,
          &quot;disabled&quot;: false
        },
        &quot;actionName&quot;: &quot;Delete&quot;
      },
      {
        &quot;routePath&quot;: null,
        &quot;iconName&quot;: &quot;auditSVG&quot;,
        &quot;controllerName&quot;: &quot;Audit&quot;,
        &quot;name&quot;: &quot;Audit Find&quot;,
        &quot;displayOrder&quot;: 100000,
        &quot;description&quot;: null,
        &quot;id&quot;: &quot;0817b3ef-fe5a-4be2-b10b-cd008314489e&quot;,
        &quot;isMenu&quot;: false,
        &quot;key&quot;: &quot;Audit.Find&quot;,
        &quot;parentId&quot;: &quot;76070de9-f4f5-4096-aa99-2d2bac586b44&quot;,
        &quot;unAuthorizedProps&quot;: {
          &quot;visible&quot;: false,
          &quot;disabled&quot;: false
        },
        &quot;actionName&quot;: &quot;Find&quot;
      },
      {
        &quot;routePath&quot;: null,
        &quot;iconName&quot;: null,
        &quot;controllerName&quot;: &quot;Region&quot;,
        &quot;name&quot;: &quot;Region Edit&quot;,
        &quot;displayOrder&quot;: 0,
        &quot;description&quot;: null,
        &quot;id&quot;: &quot;dab192e4-1dbc-4537-964c-b9bcf9c0e94c&quot;,
        &quot;isMenu&quot;: false,
        &quot;key&quot;: &quot;Region.Edit&quot;,
        &quot;parentId&quot;: &quot;636ed702-38d2-4f20-967d-54564a31315f&quot;,
        &quot;unAuthorizedProps&quot;: {
          &quot;visible&quot;: false,
          &quot;disabled&quot;: false
        },
        &quot;actionName&quot;: &quot;Edit&quot;
      },
      {
        &quot;routePath&quot;: null,
        &quot;iconName&quot;: null,
        &quot;controllerName&quot;: &quot;ZipCode&quot;,
        &quot;name&quot;: &quot;ZipCode Create&quot;,
        &quot;displayOrder&quot;: 0,
        &quot;description&quot;: null,
        &quot;id&quot;: &quot;a402206e-61d3-4fca-9008-34013f50378e&quot;,
        &quot;isMenu&quot;: false,
        &quot;key&quot;: &quot;ZipCode.Create&quot;,
        &quot;parentId&quot;: &quot;8aa34e38-533b-4ab7-bad7-0eaa7b5dec9c&quot;,
        &quot;unAuthorizedProps&quot;: {
          &quot;visible&quot;: false,
          &quot;disabled&quot;: false
        },
        &quot;actionName&quot;: &quot;Create&quot;
      },
      {
        &quot;routePath&quot;: null,
        &quot;iconName&quot;: null,
        &quot;controllerName&quot;: &quot;Role&quot;,
        &quot;name&quot;: &quot;Role AssignPermission&quot;,
        &quot;displayOrder&quot;: 0,
        &quot;description&quot;: null,
        &quot;id&quot;: &quot;059c1d80-0fbe-4e73-abc8-3e20a3ee2901&quot;,
        &quot;isMenu&quot;: false,
        &quot;key&quot;: &quot;Role.AssignPermission&quot;,
        &quot;parentId&quot;: &quot;e98d2f21-52f8-41cb-9b3f-fe979b5f0578&quot;,
        &quot;unAuthorizedProps&quot;: {
          &quot;visible&quot;: false,
          &quot;disabled&quot;: false
        },
        &quot;actionName&quot;: &quot;AssignPermission&quot;
      },
      {
        &quot;routePath&quot;: null,
        &quot;iconName&quot;: null,
        &quot;controllerName&quot;: &quot;Category&quot;,
        &quot;name&quot;: &quot;Category Find&quot;,
        &quot;displayOrder&quot;: 0,
        &quot;description&quot;: null,
        &quot;id&quot;: &quot;9d76a667-e500-4b4e-861b-25b97c953dd9&quot;,
        &quot;isMenu&quot;: false,
        &quot;key&quot;: &quot;Category.Find&quot;,
        &quot;parentId&quot;: &quot;9bbddb67-d7f2-44d3-8d09-6bd04f8b6f79&quot;,
        &quot;unAuthorizedProps&quot;: {
          &quot;visible&quot;: false,
          &quot;disabled&quot;: false
        },
        &quot;actionName&quot;: &quot;Find&quot;
      },
      {
        &quot;routePath&quot;: null,
        &quot;iconName&quot;: null,
        &quot;controllerName&quot;: &quot;Employee&quot;,
        &quot;name&quot;: &quot;Employee Find&quot;,
        &quot;displayOrder&quot;: 0,
        &quot;description&quot;: null,
        &quot;id&quot;: &quot;329395f5-2a4f-412c-bfa4-ba7e3d40d4b3&quot;,
        &quot;isMenu&quot;: false,
        &quot;key&quot;: &quot;Employee.Find&quot;,
        &quot;parentId&quot;: &quot;e4a8e904-698e-4596-92c3-b40206b19179&quot;,
        &quot;unAuthorizedProps&quot;: {
          &quot;visible&quot;: false,
          &quot;disabled&quot;: false
        },
        &quot;actionName&quot;: &quot;Find&quot;
      },
      {
        &quot;routePath&quot;: null,
        &quot;iconName&quot;: &quot;find&quot;,
        &quot;controllerName&quot;: &quot;Product&quot;,
        &quot;name&quot;: &quot;Product Find&quot;,
        &quot;displayOrder&quot;: 0,
        &quot;description&quot;: null,
        &quot;id&quot;: &quot;bd420774-1ffd-4fa0-b172-3f04acbb6dfa&quot;,
        &quot;isMenu&quot;: false,
        &quot;key&quot;: &quot;Product.Find&quot;,
        &quot;parentId&quot;: &quot;1858607f-58c2-4c69-8078-f2756c5ca81e&quot;,
        &quot;unAuthorizedProps&quot;: {
          &quot;visible&quot;: false,
          &quot;disabled&quot;: false
        },
        &quot;actionName&quot;: &quot;Find&quot;
      },
      {
        &quot;routePath&quot;: null,
        &quot;iconName&quot;: null,
        &quot;controllerName&quot;: &quot;Employee&quot;,
        &quot;name&quot;: &quot;Employee Edit&quot;,
        &quot;displayOrder&quot;: 0,
        &quot;description&quot;: null,
        &quot;id&quot;: &quot;d9cfda39-3a58-4e03-955d-d7f7fc173dd5&quot;,
        &quot;isMenu&quot;: false,
        &quot;key&quot;: &quot;Employee.Edit&quot;,
        &quot;parentId&quot;: &quot;e4a8e904-698e-4596-92c3-b40206b19179&quot;,
        &quot;unAuthorizedProps&quot;: {
          &quot;visible&quot;: false,
          &quot;disabled&quot;: false
        },
        &quot;actionName&quot;: &quot;Edit&quot;
      },
      {
        &quot;routePath&quot;: null,
        &quot;iconName&quot;: null,
        &quot;controllerName&quot;: &quot;Language&quot;,
        &quot;name&quot;: &quot;Language List&quot;,
        &quot;displayOrder&quot;: 0,
        &quot;description&quot;: null,
        &quot;id&quot;: &quot;2f273f27-d9dd-406e-a4d4-2faac07a3d2d&quot;,
        &quot;isMenu&quot;: false,
        &quot;key&quot;: &quot;Language.List&quot;,
        &quot;parentId&quot;: &quot;7d117917-ff5a-448f-ae1c-71b123ffabc0&quot;,
        &quot;unAuthorizedProps&quot;: {
          &quot;visible&quot;: false,
          &quot;disabled&quot;: false
        },
        &quot;actionName&quot;: &quot;List&quot;
      },
      {
        &quot;routePath&quot;: null,
        &quot;iconName&quot;: null,
        &quot;controllerName&quot;: &quot;ZipCode&quot;,
        &quot;name&quot;: &quot;ZipCode Index&quot;,
        &quot;displayOrder&quot;: 0,
        &quot;description&quot;: null,
        &quot;id&quot;: &quot;8aa34e38-533b-4ab7-bad7-0eaa7b5dec9c&quot;,
        &quot;isMenu&quot;: false,
        &quot;key&quot;: &quot;ZipCode.Index&quot;,
        &quot;parentId&quot;: null,
        &quot;unAuthorizedProps&quot;: {
          &quot;visible&quot;: false,
          &quot;disabled&quot;: false
        },
        &quot;actionName&quot;: &quot;Index&quot;
      },
      {
        &quot;routePath&quot;: null,
        &quot;iconName&quot;: null,
        &quot;controllerName&quot;: &quot;State&quot;,
        &quot;name&quot;: &quot;State Delete&quot;,
        &quot;displayOrder&quot;: 0,
        &quot;description&quot;: null,
        &quot;id&quot;: &quot;701496e5-1817-49e7-9c31-4270a4174942&quot;,
        &quot;isMenu&quot;: false,
        &quot;key&quot;: &quot;State.Delete&quot;,
        &quot;parentId&quot;: &quot;4842baa6-3b5e-40d1-ba2c-aa896962f8a7&quot;,
        &quot;unAuthorizedProps&quot;: {
          &quot;visible&quot;: false,
          &quot;disabled&quot;: false
        },
        &quot;actionName&quot;: &quot;Delete&quot;
      },
      {
        &quot;routePath&quot;: null,
        &quot;iconName&quot;: null,
        &quot;controllerName&quot;: &quot;County&quot;,
        &quot;name&quot;: &quot;County Index&quot;,
        &quot;displayOrder&quot;: 0,
        &quot;description&quot;: null,
        &quot;id&quot;: &quot;28a7ee86-bfd8-408f-97d3-82a96e1cbcc6&quot;,
        &quot;isMenu&quot;: false,
        &quot;key&quot;: &quot;County.Index&quot;,
        &quot;parentId&quot;: null,
        &quot;unAuthorizedProps&quot;: {
          &quot;visible&quot;: false,
          &quot;disabled&quot;: false
        },
        &quot;actionName&quot;: &quot;Index&quot;
      },
      {
        &quot;routePath&quot;: null,
        &quot;iconName&quot;: null,
        &quot;controllerName&quot;: &quot;Rider&quot;,
        &quot;name&quot;: &quot;Rider Delete&quot;,
        &quot;displayOrder&quot;: 0,
        &quot;description&quot;: null,
        &quot;id&quot;: &quot;b6c199d0-e33a-484b-b8c7-8c6a204541da&quot;,
        &quot;isMenu&quot;: false,
        &quot;key&quot;: &quot;Rider.Delete&quot;,
        &quot;parentId&quot;: &quot;1b716d9c-2bf6-4a16-9bd1-2214d14b6cc7&quot;,
        &quot;unAuthorizedProps&quot;: {
          &quot;visible&quot;: false,
          &quot;disabled&quot;: false
        },
        &quot;actionName&quot;: &quot;Delete&quot;
      },
      {
        &quot;routePath&quot;: null,
        &quot;iconName&quot;: null,
        &quot;controllerName&quot;: &quot;SubRegion&quot;,
        &quot;name&quot;: &quot;SubRegion Index&quot;,
        &quot;displayOrder&quot;: 0,
        &quot;description&quot;: null,
        &quot;id&quot;: &quot;5016a026-6957-41ab-8cda-9bd37afe0841&quot;,
        &quot;isMenu&quot;: false,
        &quot;key&quot;: &quot;SubRegion.Index&quot;,
        &quot;parentId&quot;: null,
        &quot;unAuthorizedProps&quot;: {
          &quot;visible&quot;: false,
          &quot;disabled&quot;: false
        },
        &quot;actionName&quot;: &quot;Index&quot;
      },
      {
        &quot;routePath&quot;: null,
        &quot;iconName&quot;: null,
        &quot;controllerName&quot;: &quot;Campaign&quot;,
        &quot;name&quot;: &quot;Campaign Create&quot;,
        &quot;displayOrder&quot;: 0,
        &quot;description&quot;: null,
        &quot;id&quot;: &quot;d165df32-e036-4e90-9f58-fa07296951f4&quot;,
        &quot;isMenu&quot;: false,
        &quot;key&quot;: &quot;Campaign.Create&quot;,
        &quot;parentId&quot;: &quot;fd2f794b-65fb-4da6-9bdb-835c466e4321&quot;,
        &quot;unAuthorizedProps&quot;: {
          &quot;visible&quot;: false,
          &quot;disabled&quot;: false
        },
        &quot;actionName&quot;: &quot;Create&quot;
      },
      {
        &quot;routePath&quot;: null,
        &quot;iconName&quot;: null,
        &quot;controllerName&quot;: &quot;Region&quot;,
        &quot;name&quot;: &quot;Region Create&quot;,
        &quot;displayOrder&quot;: 0,
        &quot;description&quot;: null,
        &quot;id&quot;: &quot;73aaaf9f-f0ae-4082-8b27-087cd854a8ae&quot;,
        &quot;isMenu&quot;: false,
        &quot;key&quot;: &quot;Region.Create&quot;,
        &quot;parentId&quot;: &quot;636ed702-38d2-4f20-967d-54564a31315f&quot;,
        &quot;unAuthorizedProps&quot;: {
          &quot;visible&quot;: false,
          &quot;disabled&quot;: false
        },
        &quot;actionName&quot;: &quot;Create&quot;
      },
      {
        &quot;routePath&quot;: &quot;audit-logs&quot;,
        &quot;iconName&quot;: &quot;auditSVG&quot;,
        &quot;controllerName&quot;: &quot;Audit&quot;,
        &quot;name&quot;: &quot;Audits&quot;,
        &quot;displayOrder&quot;: 999,
        &quot;description&quot;: null,
        &quot;id&quot;: &quot;76070de9-f4f5-4096-aa99-2d2bac586b44&quot;,
        &quot;isMenu&quot;: true,
        &quot;key&quot;: &quot;Audit.Index&quot;,
        &quot;parentId&quot;: null,
        &quot;unAuthorizedProps&quot;: {
          &quot;visible&quot;: false,
          &quot;disabled&quot;: false
        },
        &quot;actionName&quot;: &quot;Index&quot;
      },
      {
        &quot;routePath&quot;: null,
        &quot;iconName&quot;: null,
        &quot;controllerName&quot;: &quot;Order&quot;,
        &quot;name&quot;: &quot;Order PartialRefund&quot;,
        &quot;displayOrder&quot;: 0,
        &quot;description&quot;: null,
        &quot;id&quot;: &quot;5a118c25-8cae-40b6-9728-4542683e02e7&quot;,
        &quot;isMenu&quot;: false,
        &quot;key&quot;: &quot;Order.PartialRefund&quot;,
        &quot;parentId&quot;: &quot;872b9f8c-c48d-dfeb-de32-1be0c3c38dbb&quot;,
        &quot;unAuthorizedProps&quot;: {
          &quot;visible&quot;: false,
          &quot;disabled&quot;: false
        },
        &quot;actionName&quot;: &quot;PartialRefund&quot;
      },
      {
        &quot;routePath&quot;: null,
        &quot;iconName&quot;: null,
        &quot;controllerName&quot;: &quot;Permission&quot;,
        &quot;name&quot;: &quot;Permission List&quot;,
        &quot;displayOrder&quot;: 0,
        &quot;description&quot;: null,
        &quot;id&quot;: &quot;efde75e6-f926-47b4-8fc7-a190415c9625&quot;,
        &quot;isMenu&quot;: false,
        &quot;key&quot;: &quot;Permission.List&quot;,
        &quot;parentId&quot;: &quot;213aad81-551b-49f7-9d15-f11f5b9e7e88&quot;,
        &quot;unAuthorizedProps&quot;: {
          &quot;visible&quot;: false,
          &quot;disabled&quot;: false
        },
        &quot;actionName&quot;: &quot;List&quot;
      },
      {
        &quot;routePath&quot;: null,
        &quot;iconName&quot;: null,
        &quot;controllerName&quot;: &quot;Order&quot;,
        &quot;name&quot;: &quot;Order ListForFilterByActiveOrders&quot;,
        &quot;displayOrder&quot;: 0,
        &quot;description&quot;: null,
        &quot;id&quot;: &quot;5b6e6765-324b-4573-9918-6495fb653c36&quot;,
        &quot;isMenu&quot;: false,
        &quot;key&quot;: &quot;Order.ListForFilterByActiveOrders&quot;,
        &quot;parentId&quot;: &quot;872b9f8c-c48d-dfeb-de32-1be0c3c38dbb&quot;,
        &quot;unAuthorizedProps&quot;: {
          &quot;visible&quot;: false,
          &quot;disabled&quot;: false
        },
        &quot;actionName&quot;: &quot;ListForFilterByActiveOrders&quot;
      },
      {
        &quot;routePath&quot;: null,
        &quot;iconName&quot;: &quot;ChangeStatusToCompleted&quot;,
        &quot;controllerName&quot;: &quot;Order&quot;,
        &quot;name&quot;: &quot;Order ChangeStatusToCompleted&quot;,
        &quot;displayOrder&quot;: 0,
        &quot;description&quot;: null,
        &quot;id&quot;: &quot;c0d476ba-4306-46e1-b6b4-4c9e459a7724&quot;,
        &quot;isMenu&quot;: false,
        &quot;key&quot;: &quot;Order.ChangeStatusToCompleted&quot;,
        &quot;parentId&quot;: &quot;872b9f8c-c48d-dfeb-de32-1be0c3c38dbb&quot;,
        &quot;unAuthorizedProps&quot;: {
          &quot;visible&quot;: false,
          &quot;disabled&quot;: false
        },
        &quot;actionName&quot;: &quot;ChangeStatusToCompleted&quot;
      },
      {
        &quot;routePath&quot;: &quot;dashboards&quot;,
        &quot;iconName&quot;: &quot;dashboardSVG&quot;,
        &quot;controllerName&quot;: &quot;Dashboard&quot;,
        &quot;name&quot;: &quot;Analytics&quot;,
        &quot;displayOrder&quot;: 400,
        &quot;description&quot;: &quot;Analytics&quot;,
        &quot;id&quot;: &quot;05f03ef2-ee9e-466b-b024-cfa79802f9ae&quot;,
        &quot;isMenu&quot;: false,
        &quot;key&quot;: &quot;Dashboard.List&quot;,
        &quot;parentId&quot;: null,
        &quot;unAuthorizedProps&quot;: {
          &quot;visible&quot;: false,
          &quot;disabled&quot;: false
        },
        &quot;actionName&quot;: &quot;List&quot;
      },
      {
        &quot;routePath&quot;: null,
        &quot;iconName&quot;: null,
        &quot;controllerName&quot;: &quot;Warehouse&quot;,
        &quot;name&quot;: &quot;Warehouse EditWarehouseStatus&quot;,
        &quot;displayOrder&quot;: 0,
        &quot;description&quot;: null,
        &quot;id&quot;: &quot;ceb79cf6-b1a8-468b-8b15-e73bb6c3ffe9&quot;,
        &quot;isMenu&quot;: false,
        &quot;key&quot;: &quot;Warehouse.EditWarehouseStatus&quot;,
        &quot;parentId&quot;: &quot;7a99d565-0e98-95af-19bd-814011ea2417&quot;,
        &quot;unAuthorizedProps&quot;: {
          &quot;visible&quot;: false,
          &quot;disabled&quot;: false
        },
        &quot;actionName&quot;: &quot;EditWarehouseStatus&quot;
      },
      {
        &quot;routePath&quot;: null,
        &quot;iconName&quot;: null,
        &quot;controllerName&quot;: &quot;Order&quot;,
        &quot;name&quot;: &quot;Order Delete&quot;,
        &quot;displayOrder&quot;: 0,
        &quot;description&quot;: null,
        &quot;id&quot;: &quot;e7fae6f1-e5f5-48e4-ab32-c61d6457b738&quot;,
        &quot;isMenu&quot;: false,
        &quot;key&quot;: &quot;Order.Delete&quot;,
        &quot;parentId&quot;: &quot;872b9f8c-c48d-dfeb-de32-1be0c3c38dbb&quot;,
        &quot;unAuthorizedProps&quot;: {
          &quot;visible&quot;: false,
          &quot;disabled&quot;: false
        },
        &quot;actionName&quot;: &quot;Delete&quot;
      },
      {
        &quot;routePath&quot;: null,
        &quot;iconName&quot;: &quot;RemoteSearchForCouponCode&quot;,
        &quot;controllerName&quot;: &quot;CouponCode&quot;,
        &quot;name&quot;: &quot;CouponCode RemoteSearchForCouponCode&quot;,
        &quot;displayOrder&quot;: 0,
        &quot;description&quot;: null,
        &quot;id&quot;: &quot;14ed0b92-dcc7-4309-aef9-522eec12fc08&quot;,
        &quot;isMenu&quot;: false,
        &quot;key&quot;: &quot;CouponCode.RemoteSearchForCouponCode&quot;,
        &quot;parentId&quot;: null,
        &quot;unAuthorizedProps&quot;: {
          &quot;visible&quot;: false,
          &quot;disabled&quot;: false
        },
        &quot;actionName&quot;: &quot;RemoteSearchForCouponCode&quot;
      },
      {
        &quot;routePath&quot;: null,
        &quot;iconName&quot;: null,
        &quot;controllerName&quot;: &quot;LocaleResource&quot;,
        &quot;name&quot;: &quot;LocaleResource List&quot;,
        &quot;displayOrder&quot;: 0,
        &quot;description&quot;: null,
        &quot;id&quot;: &quot;1f97b83f-e4aa-4e06-b490-eca7a7c7c5ef&quot;,
        &quot;isMenu&quot;: false,
        &quot;key&quot;: &quot;LocaleResource.List&quot;,
        &quot;parentId&quot;: &quot;4c1a6c0d-765c-444a-b7c8-49e99f61d47b&quot;,
        &quot;unAuthorizedProps&quot;: {
          &quot;visible&quot;: false,
          &quot;disabled&quot;: false
        },
        &quot;actionName&quot;: &quot;List&quot;
      },
      {
        &quot;routePath&quot;: &quot;roles&quot;,
        &quot;iconName&quot;: &quot;RolesSVG&quot;,
        &quot;controllerName&quot;: &quot;Role&quot;,
        &quot;name&quot;: &quot;Roles&quot;,
        &quot;displayOrder&quot;: 650,
        &quot;description&quot;: null,
        &quot;id&quot;: &quot;e98d2f21-52f8-41cb-9b3f-fe979b5f0578&quot;,
        &quot;isMenu&quot;: true,
        &quot;key&quot;: &quot;Role.Index&quot;,
        &quot;parentId&quot;: &quot;8b04f24a-f777-5455-9d4b-5d32257d3d62&quot;,
        &quot;unAuthorizedProps&quot;: {
          &quot;visible&quot;: false,
          &quot;disabled&quot;: false
        },
        &quot;actionName&quot;: &quot;Index&quot;
      },
      {
        &quot;routePath&quot;: null,
        &quot;iconName&quot;: null,
        &quot;controllerName&quot;: &quot;SubRegion&quot;,
        &quot;name&quot;: &quot;SubRegion Delete&quot;,
        &quot;displayOrder&quot;: 0,
        &quot;description&quot;: null,
        &quot;id&quot;: &quot;df7da069-b35d-4179-a5dc-8f61beab4226&quot;,
        &quot;isMenu&quot;: false,
        &quot;key&quot;: &quot;SubRegion.Delete&quot;,
        &quot;parentId&quot;: &quot;5016a026-6957-41ab-8cda-9bd37afe0841&quot;,
        &quot;unAuthorizedProps&quot;: {
          &quot;visible&quot;: false,
          &quot;disabled&quot;: false
        },
        &quot;actionName&quot;: &quot;Delete&quot;
      },
      {
        &quot;routePath&quot;: null,
        &quot;iconName&quot;: &quot;UploadProductMedia&quot;,
        &quot;controllerName&quot;: &quot;ProductMedia&quot;,
        &quot;name&quot;: &quot;ProductMedia UploadProductMedia&quot;,
        &quot;displayOrder&quot;: 0,
        &quot;description&quot;: null,
        &quot;id&quot;: &quot;f214be5c-985b-4aaa-aa42-d49e789d5ca6&quot;,
        &quot;isMenu&quot;: false,
        &quot;key&quot;: &quot;ProductMedia.UploadProductMedia&quot;,
        &quot;parentId&quot;: &quot;1858607f-58c2-4c69-8078-f2756c5ca81e&quot;,
        &quot;unAuthorizedProps&quot;: {
          &quot;visible&quot;: false,
          &quot;disabled&quot;: false
        },
        &quot;actionName&quot;: &quot;UploadProductMedia&quot;
      },
      {
        &quot;routePath&quot;: null,
        &quot;iconName&quot;: null,
        &quot;controllerName&quot;: &quot;Order&quot;,
        &quot;name&quot;: &quot;order ListForFilter&quot;,
        &quot;displayOrder&quot;: 0,
        &quot;description&quot;: null,
        &quot;id&quot;: &quot;f12e049a-8719-46d1-9507-00d1671d7c6d&quot;,
        &quot;isMenu&quot;: false,
        &quot;key&quot;: &quot;Order.ListForFilter&quot;,
        &quot;parentId&quot;: &quot;872b9f8c-c48d-dfeb-de32-1be0c3c38dbb&quot;,
        &quot;unAuthorizedProps&quot;: {
          &quot;visible&quot;: false,
          &quot;disabled&quot;: false
        },
        &quot;actionName&quot;: &quot;ListForFilter&quot;
      },
      {
        &quot;routePath&quot;: null,
        &quot;iconName&quot;: null,
        &quot;controllerName&quot;: &quot;CouponCode&quot;,
        &quot;name&quot;: &quot;CouponCode&quot;,
        &quot;displayOrder&quot;: 0,
        &quot;description&quot;: null,
        &quot;id&quot;: &quot;d2f7e3bf-712f-4991-994f-0f3e5e6cda1b&quot;,
        &quot;isMenu&quot;: false,
        &quot;key&quot;: &quot;CouponCode.FindByCode&quot;,
        &quot;parentId&quot;: &quot;5aaef586-e311-4265-a241-6eb9758d6541&quot;,
        &quot;unAuthorizedProps&quot;: {
          &quot;visible&quot;: false,
          &quot;disabled&quot;: false
        },
        &quot;actionName&quot;: &quot;FindByCode&quot;
      }
    ],
    &quot;imageUrl&quot;: null,
    &quot;phoneCountryId&quot;: &quot;f83c326d-cbf4-47cf-b592-f3f638a5a958&quot;,
    &quot;email&quot;: &quot;busra@popcornvan.com&quot;
  },
  &quot;refreshToken&quot;: &quot;mlSEFPeiuX1GgWgLBE3AGyOt91x3ZeEozMZSYkeIu1TL5nCFR+WilRvxUwQ=&quot;
}
 
15:26:23.691 [pool-1-thread-4] INFO  com.intuit.karate - [print] employee login response --&gt; {
  &quot;expiresIn&quot;: 3.15359999956661E7,
  &quot;accessToken&quot;: &quot;eyJhbGciOiJIUzUxMiIsInR5cCI6IkpXVCJ9.eyJuYW1laWQiOiJidXNyYUBwb3Bjb3JudmFuLmNvbSIsIm5hbWUiOiJiw7zFn3JhIGLDvMWfcmEiLCJVc2VyVHlwZSI6IkVtcGxveWVlIiwiTmFtZSI6ImLDvMWfcmEgYsO8xZ9yYSIsIkVtYWlsIjoiYnVzcmFAcG9wY29ybnZhbi5jb20iLCJVc2VySWQiOiIzYzA1ZjhjMS1iMmMzLTQ0NjUtYjRlNS03NmE1ZThlNzkzYTgiLCJuYmYiOjE2NDI1OTUxODMsImV4cCI6MTY3NDEzMTE4MywiaWF0IjoxNjQyNTk1MTgzLCJpc3MiOiJodHRwczovL3BvcGNvcm52YW4uY29tLyIsImF1ZCI6Imh0dHBzOi8vcG9wY29ybnZhbi5jb20vIn0.RyX0trgH9h0jXwxxe1vN1lu_t-dUUViwEjxI5-2jTIDIZeWGyOsDe3U1vyjyiUJmwhl6nTn46jaadThEHY7rNQ&quot;,
  &quot;user&quot;: {
    &quot;imagePath&quot;: null,
    &quot;roles&quot;: [
      {
        &quot;name&quot;: &quot;Super Admin&quot;,
        &quot;displayOrder&quot;: 0,
        &quot;description&quot;: null,
        &quot;colorCode&quot;: null,
        &quot;id&quot;: &quot;4f1058c6-0985-4139-8302-b50df344c339&quot;
      }
    ],
    &quot;languageId&quot;: null,
    &quot;fullName&quot;: &quot;büşra büşra&quot;,
    &quot;employeeId&quot;: &quot;25010a8b-17db-438c-983d-a97e68c569b1&quot;,
    &quot;languageCode&quot;: null,
    &quot;userId&quot;: &quot;3c05f8c1-b2c3-4465-b4e5-76a5e8e793a8&quot;,
    &quot;languageName&quot;: null,
    &quot;phoneAreaCode&quot;: &quot;+373&quot;,
    &quot;phoneNumber&quot;: &quot;6667788&quot;,
    &quot;externalUserId&quot;: &quot;00000000-0000-0000-0000-000000000000&quot;,
    &quot;permissions&quot;: [
      {
        &quot;routePath&quot;: &quot;overview&quot;,
        &quot;iconName&quot;: &quot;overviewSVG&quot;,
        &quot;controllerName&quot;: &quot;Admin&quot;,
        &quot;name&quot;: &quot;Overview&quot;,
        &quot;displayOrder&quot;: 100,
        &quot;description&quot;: null,
        &quot;id&quot;: &quot;f3ef6d44-bdda-9acc-2131-8885bd8e368b&quot;,
        &quot;isMenu&quot;: false,
        &quot;key&quot;: &quot;Admin.Overview&quot;,
        &quot;parentId&quot;: null,
        &quot;unAuthorizedProps&quot;: {
          &quot;visible&quot;: false,
          &quot;disabled&quot;: false
        },
        &quot;actionName&quot;: &quot;Overview&quot;
      },
      {
        &quot;routePath&quot;: null,
        &quot;iconName&quot;: null,
        &quot;controllerName&quot;: &quot;Pusher&quot;,
        &quot;name&quot;: &quot;Pusher Auth&quot;,
        &quot;displayOrder&quot;: 0,
        &quot;description&quot;: null,
        &quot;id&quot;: &quot;d3abc4d5-0841-435b-b27e-c1f8ff8f4d9f&quot;,
        &quot;isMenu&quot;: false,
        &quot;key&quot;: &quot;Pusher.Auth&quot;,
        &quot;parentId&quot;: null,
        &quot;unAuthorizedProps&quot;: {
          &quot;visible&quot;: false,
          &quot;disabled&quot;: false
        },
        &quot;actionName&quot;: &quot;Auth&quot;
      },
      {
        &quot;routePath&quot;: null,
        &quot;iconName&quot;: null,
        &quot;controllerName&quot;: &quot;ServiceArea&quot;,
        &quot;name&quot;: &quot;ServiceArea Find&quot;,
        &quot;displayOrder&quot;: 0,
        &quot;description&quot;: null,
        &quot;id&quot;: &quot;941ff53e-a0e7-4a97-9f21-5a071749fdcf&quot;,
        &quot;isMenu&quot;: false,
        &quot;key&quot;: &quot;ServiceArea.Find&quot;,
        &quot;parentId&quot;: &quot;6510260c-2670-4f71-96ed-8f12986fb9cf&quot;,
        &quot;unAuthorizedProps&quot;: {
          &quot;visible&quot;: false,
          &quot;disabled&quot;: false
        },
        &quot;actionName&quot;: &quot;Find&quot;
      },
      {
        &quot;routePath&quot;: null,
        &quot;iconName&quot;: null,
        &quot;controllerName&quot;: &quot;CouponCode&quot;,
        &quot;name&quot;: &quot;CouponCode&quot;,
        &quot;displayOrder&quot;: 0,
        &quot;description&quot;: null,
        &quot;id&quot;: &quot;a1ea1d92-37b1-41ec-b4cf-24f205e13ced&quot;,
        &quot;isMenu&quot;: false,
        &quot;key&quot;: &quot;CouponCode.Edit&quot;,
        &quot;parentId&quot;: &quot;5aaef586-e311-4265-a241-6eb9758d6541&quot;,
        &quot;unAuthorizedProps&quot;: {
          &quot;visible&quot;: false,
          &quot;disabled&quot;: false
        },
        &quot;actionName&quot;: &quot;Edit&quot;
      },
      {
        &quot;routePath&quot;: &quot;customers&quot;,
        &quot;iconName&quot;: &quot;customerSVG&quot;,
        &quot;controllerName&quot;: &quot;Customer&quot;,
        &quot;name&quot;: &quot;Customer&quot;,
        &quot;displayOrder&quot;: 610,
        &quot;description&quot;: null,
        &quot;id&quot;: &quot;07b60a01-5846-422c-b1c6-1c7a382dbd0e&quot;,
        &quot;isMenu&quot;: true,
        &quot;key&quot;: &quot;Customer.Index&quot;,
        &quot;parentId&quot;: &quot;8b04f24a-f777-5455-9d4b-5d32257d3d62&quot;,
        &quot;unAuthorizedProps&quot;: {
          &quot;visible&quot;: false,
          &quot;disabled&quot;: false
        },
        &quot;actionName&quot;: &quot;Index&quot;
      },
      {
        &quot;routePath&quot;: null,
        &quot;iconName&quot;: null,
        &quot;controllerName&quot;: &quot;ServiceArea&quot;,
        &quot;name&quot;: &quot;ServiceArea List&quot;,
        &quot;displayOrder&quot;: 0,
        &quot;description&quot;: null,
        &quot;id&quot;: &quot;d059ba5c-c4a9-44ee-89cb-167400d65355&quot;,
        &quot;isMenu&quot;: false,
        &quot;key&quot;: &quot;ServiceArea.List&quot;,
        &quot;parentId&quot;: &quot;6510260c-2670-4f71-96ed-8f12986fb9cf&quot;,
        &quot;unAuthorizedProps&quot;: {
          &quot;visible&quot;: false,
          &quot;disabled&quot;: false
        },
        &quot;actionName&quot;: &quot;List&quot;
      },
      {
        &quot;routePath&quot;: null,
        &quot;iconName&quot;: &quot;managementSVG&quot;,
        &quot;controllerName&quot;: &quot;Product&quot;,
        &quot;name&quot;: &quot;Product / Support&quot;,
        &quot;displayOrder&quot;: 999,
        &quot;description&quot;: null,
        &quot;id&quot;: &quot;5b7cb896-ff20-4798-8468-df6c7f3be073&quot;,
        &quot;isMenu&quot;: true,
        &quot;key&quot;: &quot;Product.Main&quot;,
        &quot;parentId&quot;: null,
        &quot;unAuthorizedProps&quot;: {
          &quot;visible&quot;: false,
          &quot;disabled&quot;: false
        },
        &quot;actionName&quot;: &quot;Main&quot;
      },
      {
        &quot;routePath&quot;: null,
        &quot;iconName&quot;: null,
        &quot;controllerName&quot;: &quot;Address&quot;,
        &quot;name&quot;: &quot;Address List&quot;,
        &quot;displayOrder&quot;: 0,
        &quot;description&quot;: null,
        &quot;id&quot;: &quot;6cf101e1-86c2-4b4b-b308-33a8c9e2fd19&quot;,
        &quot;isMenu&quot;: false,
        &quot;key&quot;: &quot;Address.List&quot;,
        &quot;parentId&quot;: &quot;c3c514ef-1964-4c94-b13a-8bdd83a5b1cb&quot;,
        &quot;unAuthorizedProps&quot;: {
          &quot;visible&quot;: false,
          &quot;disabled&quot;: false
        },
        &quot;actionName&quot;: &quot;List&quot;
      },
      {
        &quot;routePath&quot;: null,
        &quot;iconName&quot;: null,
        &quot;controllerName&quot;: &quot;LocaleResource&quot;,
        &quot;name&quot;: &quot;LocaleResource Delete&quot;,
        &quot;displayOrder&quot;: 0,
        &quot;description&quot;: null,
        &quot;id&quot;: &quot;62103116-c035-44d5-aa5d-577df0b20041&quot;,
        &quot;isMenu&quot;: false,
        &quot;key&quot;: &quot;LocaleResource.Delete&quot;,
        &quot;parentId&quot;: &quot;4c1a6c0d-765c-444a-b7c8-49e99f61d47b&quot;,
        &quot;unAuthorizedProps&quot;: {
          &quot;visible&quot;: false,
          &quot;disabled&quot;: false
        },
        &quot;actionName&quot;: &quot;Delete&quot;
      },
      {
        &quot;routePath&quot;: null,
        &quot;iconName&quot;: null,
        &quot;controllerName&quot;: &quot;Address&quot;,
        &quot;name&quot;: &quot;Address Create&quot;,
        &quot;displayOrder&quot;: 0,
        &quot;description&quot;: null,
        &quot;id&quot;: &quot;ba0b5525-39db-4928-8a6a-a3c450b1d747&quot;,
        &quot;isMenu&quot;: false,
        &quot;key&quot;: &quot;Address.Create&quot;,
        &quot;parentId&quot;: &quot;c3c514ef-1964-4c94-b13a-8bdd83a5b1cb&quot;,
        &quot;unAuthorizedProps&quot;: {
          &quot;visible&quot;: false,
          &quot;disabled&quot;: false
        },
        &quot;actionName&quot;: &quot;Create&quot;
      },
      {
        &quot;routePath&quot;: null,
        &quot;iconName&quot;: &quot;ExportForFilter&quot;,
        &quot;controllerName&quot;: &quot;Product&quot;,
        &quot;name&quot;: &quot;Product ExportFinaleReplenishmentReport&quot;,
        &quot;displayOrder&quot;: 0,
        &quot;description&quot;: null,
        &quot;id&quot;: &quot;557a9551-e3b6-4022-8c65-8fefe6bc8b76&quot;,
        &quot;isMenu&quot;: false,
        &quot;key&quot;: &quot;Product.ExportFinaleReplenishmentReport&quot;,
        &quot;parentId&quot;: &quot;1858607f-58c2-4c69-8078-f2756c5ca81e&quot;,
        &quot;unAuthorizedProps&quot;: {
          &quot;visible&quot;: false,
          &quot;disabled&quot;: false
        },
        &quot;actionName&quot;: &quot;ExportFinaleReplenishmentReport&quot;
      },
      {
        &quot;routePath&quot;: null,
        &quot;iconName&quot;: null,
        &quot;controllerName&quot;: &quot;Setting&quot;,
        &quot;name&quot;: &quot;Setting Delete&quot;,
        &quot;displayOrder&quot;: 0,
        &quot;description&quot;: null,
        &quot;id&quot;: &quot;f22745ab-c49b-4b6a-8a72-58e25565418e&quot;,
        &quot;isMenu&quot;: false,
        &quot;key&quot;: &quot;Setting.Delete&quot;,
        &quot;parentId&quot;: &quot;ccc7592a-301d-4d63-aa26-09e92194ca01&quot;,
        &quot;unAuthorizedProps&quot;: {
          &quot;visible&quot;: false,
          &quot;disabled&quot;: false
        },
        &quot;actionName&quot;: &quot;Delete&quot;
      },
      {
        &quot;routePath&quot;: null,
        &quot;iconName&quot;: null,
        &quot;controllerName&quot;: &quot;Setting&quot;,
        &quot;name&quot;: &quot;Setting Edit&quot;,
        &quot;displayOrder&quot;: 0,
        &quot;description&quot;: null,
        &quot;id&quot;: &quot;368d96d0-f0f8-4a6a-a02a-10f3dc4d6813&quot;,
        &quot;isMenu&quot;: false,
        &quot;key&quot;: &quot;Setting.Edit&quot;,
        &quot;parentId&quot;: &quot;ccc7592a-301d-4d63-aa26-09e92194ca01&quot;,
        &quot;unAuthorizedProps&quot;: {
          &quot;visible&quot;: false,
          &quot;disabled&quot;: false
        },
        &quot;actionName&quot;: &quot;Edit&quot;
      },
      {
        &quot;routePath&quot;: null,
        &quot;iconName&quot;: null,
        &quot;controllerName&quot;: &quot;Warehouse&quot;,
        &quot;name&quot;: &quot;Warehouse ListWarehouseStock&quot;,
        &quot;displayOrder&quot;: 0,
        &quot;description&quot;: null,
        &quot;id&quot;: &quot;10961a78-a6c9-47aa-865a-b4d9aaab89bf&quot;,
        &quot;isMenu&quot;: false,
        &quot;key&quot;: &quot;Warehouse.ListWarehouseStock&quot;,
        &quot;parentId&quot;: &quot;7a99d565-0e98-95af-19bd-814011ea2417&quot;,
        &quot;unAuthorizedProps&quot;: {
          &quot;visible&quot;: false,
          &quot;disabled&quot;: false
        },
        &quot;actionName&quot;: &quot;ListWarehouseStock&quot;
      },
      {
        &quot;routePath&quot;: null,
        &quot;iconName&quot;: &quot;blackListSVG&quot;,
        &quot;controllerName&quot;: &quot;BlackList&quot;,
        &quot;name&quot;: &quot;Black List Create&quot;,
        &quot;displayOrder&quot;: 0,
        &quot;description&quot;: null,
        &quot;id&quot;: &quot;70d6b8cb-7f48-4cd4-a796-cad4e227ccd5&quot;,
        &quot;isMenu&quot;: false,
        &quot;key&quot;: &quot;BlackList.Create&quot;,
        &quot;parentId&quot;: &quot;d273c43d-77c8-4b88-8d35-9ec20a90bd11&quot;,
        &quot;unAuthorizedProps&quot;: {
          &quot;visible&quot;: false,
          &quot;disabled&quot;: false
        },
        &quot;actionName&quot;: &quot;Create&quot;
      },
      {
        &quot;routePath&quot;: null,
        &quot;iconName&quot;: &quot;a&quot;,
        &quot;controllerName&quot;: &quot;Customer&quot;,
        &quot;name&quot;: &quot;Customer UpdateBlockedCodeCampaign&quot;,
        &quot;displayOrder&quot;: 0,
        &quot;description&quot;: null,
        &quot;id&quot;: &quot;e3d996d8-5b07-4015-825c-c87c12952def&quot;,
        &quot;isMenu&quot;: false,
        &quot;key&quot;: &quot;Customer.UpdateBlockedCodeCampaign&quot;,
        &quot;parentId&quot;: null,
        &quot;unAuthorizedProps&quot;: {
          &quot;visible&quot;: false,
          &quot;disabled&quot;: false
        },
        &quot;actionName&quot;: &quot;UpdateBlockedCodeCampaign&quot;
      },
      {
        &quot;routePath&quot;: null,
        &quot;iconName&quot;: null,
        &quot;controllerName&quot;: &quot;Warehouse&quot;,
        &quot;name&quot;: &quot;Warehouse ExportWarehouseStock&quot;,
        &quot;displayOrder&quot;: 0,
        &quot;description&quot;: null,
        &quot;id&quot;: &quot;c9b0c169-56cc-4793-a43d-7d18a47ae863&quot;,
        &quot;isMenu&quot;: false,
        &quot;key&quot;: &quot;Warehouse.ExportWarehouseStock&quot;,
        &quot;parentId&quot;: &quot;7a99d565-0e98-95af-19bd-814011ea2417&quot;,
        &quot;unAuthorizedProps&quot;: {
          &quot;visible&quot;: false,
          &quot;disabled&quot;: false
        },
        &quot;actionName&quot;: &quot;ExportWarehouseStock&quot;
      },
      {
        &quot;routePath&quot;: null,
        &quot;iconName&quot;: &quot;SuitableWarehousesForOrder&quot;,
        &quot;controllerName&quot;: &quot;Order&quot;,
        &quot;name&quot;: &quot;Order SuitableWarehousesForOrder&quot;,
        &quot;displayOrder&quot;: 0,
        &quot;description&quot;: null,
        &quot;id&quot;: &quot;2188f2ef-08fb-4757-b6a6-d734b8d72eea&quot;,
        &quot;isMenu&quot;: false,
        &quot;key&quot;: &quot;Order.SuitableWarehousesForOrder&quot;,
        &quot;parentId&quot;: &quot;872b9f8c-c48d-dfeb-de32-1be0c3c38dbb&quot;,
        &quot;unAuthorizedProps&quot;: {
          &quot;visible&quot;: false,
          &quot;disabled&quot;: false
        },
        &quot;actionName&quot;: &quot;SuitableWarehousesForOrder&quot;
      },
      {
        &quot;routePath&quot;: &quot;products&quot;,
        &quot;iconName&quot;: &quot;productSVG&quot;,
        &quot;controllerName&quot;: &quot;Product&quot;,
        &quot;name&quot;: &quot;Product&quot;,
        &quot;displayOrder&quot;: 390,
        &quot;description&quot;: null,
        &quot;id&quot;: &quot;1858607f-58c2-4c69-8078-f2756c5ca81e&quot;,
        &quot;isMenu&quot;: true,
        &quot;key&quot;: &quot;Product.Index&quot;,
        &quot;parentId&quot;: &quot;8b40e125-ffeb-4cf1-ba4b-0ac72aac09d9&quot;,
        &quot;unAuthorizedProps&quot;: {
          &quot;visible&quot;: false,
          &quot;disabled&quot;: false
        },
        &quot;actionName&quot;: &quot;Index&quot;
      },
      {
        &quot;routePath&quot;: null,
        &quot;iconName&quot;: &quot;blackListSVG&quot;,
        &quot;controllerName&quot;: &quot;BlackList&quot;,
        &quot;name&quot;: &quot;Black List Edit&quot;,
        &quot;displayOrder&quot;: 0,
        &quot;description&quot;: null,
        &quot;id&quot;: &quot;8935ed07-0379-4235-99d4-2188e923639a&quot;,
        &quot;isMenu&quot;: false,
        &quot;key&quot;: &quot;BlackList.Edit&quot;,
        &quot;parentId&quot;: &quot;d273c43d-77c8-4b88-8d35-9ec20a90bd11&quot;,
        &quot;unAuthorizedProps&quot;: {
          &quot;visible&quot;: false,
          &quot;disabled&quot;: false
        },
        &quot;actionName&quot;: &quot;Edit&quot;
      },
      {
        &quot;routePath&quot;: null,
        &quot;iconName&quot;: null,
        &quot;controllerName&quot;: &quot;Rider&quot;,
        &quot;name&quot;: &quot;Rider Find&quot;,
        &quot;displayOrder&quot;: 0,
        &quot;description&quot;: null,
        &quot;id&quot;: &quot;438a4584-500a-47a2-810f-012e4743a389&quot;,
        &quot;isMenu&quot;: false,
        &quot;key&quot;: &quot;Rider.Find&quot;,
        &quot;parentId&quot;: &quot;1b716d9c-2bf6-4a16-9bd1-2214d14b6cc7&quot;,
        &quot;unAuthorizedProps&quot;: {
          &quot;visible&quot;: false,
          &quot;disabled&quot;: false
        },
        &quot;actionName&quot;: &quot;Find&quot;
      },
      {
        &quot;routePath&quot;: null,
        &quot;iconName&quot;: null,
        &quot;controllerName&quot;: &quot;Rider&quot;,
        &quot;name&quot;: &quot;Rider List&quot;,
        &quot;displayOrder&quot;: 0,
        &quot;description&quot;: null,
        &quot;id&quot;: &quot;94789829-bd1b-44a3-ae1a-2c4ecf20e3b3&quot;,
        &quot;isMenu&quot;: false,
        &quot;key&quot;: &quot;Rider.List&quot;,
        &quot;parentId&quot;: &quot;1b716d9c-2bf6-4a16-9bd1-2214d14b6cc7&quot;,
        &quot;unAuthorizedProps&quot;: {
          &quot;visible&quot;: false,
          &quot;disabled&quot;: false
        },
        &quot;actionName&quot;: &quot;List&quot;
      },
      {
        &quot;routePath&quot;: null,
        &quot;iconName&quot;: null,
        &quot;controllerName&quot;: &quot;CouponCode&quot;,
        &quot;name&quot;: &quot;CouponCode&quot;,
        &quot;displayOrder&quot;: 0,
        &quot;description&quot;: null,
        &quot;id&quot;: &quot;82a51ef5-f9a9-4a9d-9bc4-241cda2df051&quot;,
        &quot;isMenu&quot;: false,
        &quot;key&quot;: &quot;CouponCode.Create&quot;,
        &quot;parentId&quot;: &quot;5aaef586-e311-4265-a241-6eb9758d6541&quot;,
        &quot;unAuthorizedProps&quot;: {
          &quot;visible&quot;: false,
          &quot;disabled&quot;: false
        },
        &quot;actionName&quot;: &quot;Create&quot;
      },
      {
        &quot;routePath&quot;: null,
        &quot;iconName&quot;: null,
        &quot;controllerName&quot;: &quot;Warehouse&quot;,
        &quot;name&quot;: &quot;Warehouse Create&quot;,
        &quot;displayOrder&quot;: 0,
        &quot;description&quot;: null,
        &quot;id&quot;: &quot;26bd14df-9135-4f4d-8468-6c439e8a737f&quot;,
        &quot;isMenu&quot;: false,
        &quot;key&quot;: &quot;Warehouse.Create&quot;,
        &quot;parentId&quot;: &quot;7a99d565-0e98-95af-19bd-814011ea2417&quot;,
        &quot;unAuthorizedProps&quot;: {
          &quot;visible&quot;: false,
          &quot;disabled&quot;: false
        },
        &quot;actionName&quot;: &quot;Create&quot;
      },
      {
        &quot;routePath&quot;: null,
        &quot;iconName&quot;: null,
        &quot;controllerName&quot;: &quot;CouponCode&quot;,
        &quot;name&quot;: &quot;Find Coupon Code By User Id&quot;,
        &quot;displayOrder&quot;: 0,
        &quot;description&quot;: null,
        &quot;id&quot;: &quot;75b2daf0-42e8-4ad7-b6a4-811d06d87c74&quot;,
        &quot;isMenu&quot;: false,
        &quot;key&quot;: &quot;CouponCode.FindByUserId&quot;,
        &quot;parentId&quot;: &quot;5aaef586-e311-4265-a241-6eb9758d6541&quot;,
        &quot;unAuthorizedProps&quot;: {
          &quot;visible&quot;: false,
          &quot;disabled&quot;: false
        },
        &quot;actionName&quot;: &quot;FindByUserId&quot;
      },
      {
        &quot;routePath&quot;: null,
        &quot;iconName&quot;: null,
        &quot;controllerName&quot;: &quot;Language&quot;,
        &quot;name&quot;: &quot;Language Index&quot;,
        &quot;displayOrder&quot;: 0,
        &quot;description&quot;: null,
        &quot;id&quot;: &quot;7d117917-ff5a-448f-ae1c-71b123ffabc0&quot;,
        &quot;isMenu&quot;: false,
        &quot;key&quot;: &quot;Language.Index&quot;,
        &quot;parentId&quot;: null,
        &quot;unAuthorizedProps&quot;: {
          &quot;visible&quot;: false,
          &quot;disabled&quot;: false
        },
        &quot;actionName&quot;: &quot;Index&quot;
      },
      {
        &quot;routePath&quot;: null,
        &quot;iconName&quot;: null,
        &quot;controllerName&quot;: &quot;Campaign&quot;,
        &quot;name&quot;: &quot;Campaign Find&quot;,
        &quot;displayOrder&quot;: 0,
        &quot;description&quot;: null,
        &quot;id&quot;: &quot;00b581e0-ec91-4feb-a7e7-f1b9101ad482&quot;,
        &quot;isMenu&quot;: false,
        &quot;key&quot;: &quot;Campaign.Find&quot;,
        &quot;parentId&quot;: &quot;fd2f794b-65fb-4da6-9bdb-835c466e4321&quot;,
        &quot;unAuthorizedProps&quot;: {
          &quot;visible&quot;: false,
          &quot;disabled&quot;: false
        },
        &quot;actionName&quot;: &quot;Find&quot;
      },
      {
        &quot;routePath&quot;: null,
        &quot;iconName&quot;: null,
        &quot;controllerName&quot;: &quot;Setting&quot;,
        &quot;name&quot;: &quot;Setting List&quot;,
        &quot;displayOrder&quot;: 0,
        &quot;description&quot;: null,
        &quot;id&quot;: &quot;9f68e0f0-57dc-4148-bd76-fb8c2a970786&quot;,
        &quot;isMenu&quot;: false,
        &quot;key&quot;: &quot;Setting.List&quot;,
        &quot;parentId&quot;: &quot;ccc7592a-301d-4d63-aa26-09e92194ca01&quot;,
        &quot;unAuthorizedProps&quot;: {
          &quot;visible&quot;: false,
          &quot;disabled&quot;: false
        },
        &quot;actionName&quot;: &quot;List&quot;
      },
      {
        &quot;routePath&quot;: null,
        &quot;iconName&quot;: null,
        &quot;controllerName&quot;: &quot;ServiceArea&quot;,
        &quot;name&quot;: &quot;ServiceArea UpdateGeoJson&quot;,
        &quot;displayOrder&quot;: 0,
        &quot;description&quot;: null,
        &quot;id&quot;: &quot;02e62924-50d4-4bc5-9403-2254969f04c0&quot;,
        &quot;isMenu&quot;: false,
        &quot;key&quot;: &quot;ServiceArea.UpdateGeoJson&quot;,
        &quot;parentId&quot;: &quot;6510260c-2670-4f71-96ed-8f12986fb9cf&quot;,
        &quot;unAuthorizedProps&quot;: {
          &quot;visible&quot;: false,
          &quot;disabled&quot;: false
        },
        &quot;actionName&quot;: &quot;UpdateGeoJson&quot;
      },
      {
        &quot;routePath&quot;: null,
        &quot;iconName&quot;: null,
        &quot;controllerName&quot;: &quot;Order&quot;,
        &quot;name&quot;: &quot;Order DeleteOrderItemCheck&quot;,
        &quot;displayOrder&quot;: 0,
        &quot;description&quot;: null,
        &quot;id&quot;: &quot;e07b0bce-91e5-4399-857b-936f93c302dd&quot;,
        &quot;isMenu&quot;: false,
        &quot;key&quot;: &quot;Order.DeleteOrderItemCheck&quot;,
        &quot;parentId&quot;: &quot;872b9f8c-c48d-dfeb-de32-1be0c3c38dbb&quot;,
        &quot;unAuthorizedProps&quot;: {
          &quot;visible&quot;: false,
          &quot;disabled&quot;: false
        },
        &quot;actionName&quot;: &quot;DeleteOrderItemCheck&quot;
      },
      {
        &quot;routePath&quot;: &quot;warehouses&quot;,
        &quot;iconName&quot;: &quot;warehousesSVG&quot;,
        &quot;controllerName&quot;: &quot;Warehouse&quot;,
        &quot;name&quot;: &quot;Warehouses&quot;,
        &quot;displayOrder&quot;: 500,
        &quot;description&quot;: null,
        &quot;id&quot;: &quot;7a99d565-0e98-95af-19bd-814011ea2417&quot;,
        &quot;isMenu&quot;: true,
        &quot;key&quot;: &quot;Warehouse.Index&quot;,
        &quot;parentId&quot;: null,
        &quot;unAuthorizedProps&quot;: {
          &quot;visible&quot;: false,
          &quot;disabled&quot;: false
        },
        &quot;actionName&quot;: &quot;Index&quot;
      },
      {
        &quot;routePath&quot;: null,
        &quot;iconName&quot;: null,
        &quot;controllerName&quot;: &quot;Category&quot;,
        &quot;name&quot;: &quot;Category Create&quot;,
        &quot;displayOrder&quot;: 0,
        &quot;description&quot;: null,
        &quot;id&quot;: &quot;ec3b6666-e8bf-4426-bb0a-6c46f175b9da&quot;,
        &quot;isMenu&quot;: false,
        &quot;key&quot;: &quot;Category.Create&quot;,
        &quot;parentId&quot;: &quot;9bbddb67-d7f2-44d3-8d09-6bd04f8b6f79&quot;,
        &quot;unAuthorizedProps&quot;: {
          &quot;visible&quot;: false,
          &quot;disabled&quot;: false
        },
        &quot;actionName&quot;: &quot;Create&quot;
      },
      {
        &quot;routePath&quot;: null,
        &quot;iconName&quot;: null,
        &quot;controllerName&quot;: &quot;Campaign&quot;,
        &quot;name&quot;: &quot;Campaign ListForFilter&quot;,
        &quot;displayOrder&quot;: 0,
        &quot;description&quot;: null,
        &quot;id&quot;: &quot;d4f0750c-5811-4863-9808-a95b2ab92af4&quot;,
        &quot;isMenu&quot;: false,
        &quot;key&quot;: &quot;Campaign.ListForFilter&quot;,
        &quot;parentId&quot;: &quot;fd2f794b-65fb-4da6-9bdb-835c466e4321&quot;,
        &quot;unAuthorizedProps&quot;: {
          &quot;visible&quot;: false,
          &quot;disabled&quot;: false
        },
        &quot;actionName&quot;: &quot;ListForFilter&quot;
      },
      {
        &quot;routePath&quot;: null,
        &quot;iconName&quot;: null,
        &quot;controllerName&quot;: &quot;Country&quot;,
        &quot;name&quot;: &quot;Country Find&quot;,
        &quot;displayOrder&quot;: 0,
        &quot;description&quot;: null,
        &quot;id&quot;: &quot;869a6e82-0d19-4ae8-a655-99db08529c33&quot;,
        &quot;isMenu&quot;: false,
        &quot;key&quot;: &quot;Country.Find&quot;,
        &quot;parentId&quot;: &quot;9c15db73-badc-4894-ab1b-d8261bac91c2&quot;,
        &quot;unAuthorizedProps&quot;: {
          &quot;visible&quot;: false,
          &quot;disabled&quot;: false
        },
        &quot;actionName&quot;: &quot;Find&quot;
      },
      {
        &quot;routePath&quot;: null,
        &quot;iconName&quot;: null,
        &quot;controllerName&quot;: &quot;SubRegion&quot;,
        &quot;name&quot;: &quot;SubRegion List&quot;,
        &quot;displayOrder&quot;: 0,
        &quot;description&quot;: null,
        &quot;id&quot;: &quot;75d1a3dc-c6ed-4c21-952e-54972310aeb7&quot;,
        &quot;isMenu&quot;: false,
        &quot;key&quot;: &quot;SubRegion.List&quot;,
        &quot;parentId&quot;: &quot;5016a026-6957-41ab-8cda-9bd37afe0841&quot;,
        &quot;unAuthorizedProps&quot;: {
          &quot;visible&quot;: false,
          &quot;disabled&quot;: false
        },
        &quot;actionName&quot;: &quot;List&quot;
      },
      {
        &quot;routePath&quot;: null,
        &quot;iconName&quot;: null,
        &quot;controllerName&quot;: &quot;Rider&quot;,
        &quot;name&quot;: &quot;Rider Edit&quot;,
        &quot;displayOrder&quot;: 0,
        &quot;description&quot;: null,
        &quot;id&quot;: &quot;8277937b-eb57-49db-b4e2-b71ca38abd9c&quot;,
        &quot;isMenu&quot;: false,
        &quot;key&quot;: &quot;Rider.Edit&quot;,
        &quot;parentId&quot;: &quot;1b716d9c-2bf6-4a16-9bd1-2214d14b6cc7&quot;,
        &quot;unAuthorizedProps&quot;: {
          &quot;visible&quot;: false,
          &quot;disabled&quot;: false
        },
        &quot;actionName&quot;: &quot;Edit&quot;
      },
      {
        &quot;routePath&quot;: null,
        &quot;iconName&quot;: null,
        &quot;controllerName&quot;: &quot;Setting&quot;,
        &quot;name&quot;: &quot;Setting Create&quot;,
        &quot;displayOrder&quot;: 0,
        &quot;description&quot;: null,
        &quot;id&quot;: &quot;238383c9-3a34-4c8a-b2a2-85f813a6f40a&quot;,
        &quot;isMenu&quot;: false,
        &quot;key&quot;: &quot;Setting.Create&quot;,
        &quot;parentId&quot;: &quot;ccc7592a-301d-4d63-aa26-09e92194ca01&quot;,
        &quot;unAuthorizedProps&quot;: {
          &quot;visible&quot;: false,
          &quot;disabled&quot;: false
        },
        &quot;actionName&quot;: &quot;Create&quot;
      },
      {
        &quot;routePath&quot;: null,
        &quot;iconName&quot;: null,
        &quot;controllerName&quot;: &quot;CouponCode&quot;,
        &quot;name&quot;: &quot;CouponCode&quot;,
        &quot;displayOrder&quot;: 0,
        &quot;description&quot;: null,
        &quot;id&quot;: &quot;d28ce774-c331-4733-b98f-c83f04e8c752&quot;,
        &quot;isMenu&quot;: false,
        &quot;key&quot;: &quot;CouponCode.Delete&quot;,
        &quot;parentId&quot;: &quot;5aaef586-e311-4265-a241-6eb9758d6541&quot;,
        &quot;unAuthorizedProps&quot;: {
          &quot;visible&quot;: false,
          &quot;disabled&quot;: false
        },
        &quot;actionName&quot;: &quot;Delete&quot;
      },
      {
        &quot;routePath&quot;: null,
        &quot;iconName&quot;: null,
        &quot;controllerName&quot;: &quot;Permission&quot;,
        &quot;name&quot;: &quot;Permission Create&quot;,
        &quot;displayOrder&quot;: 0,
        &quot;description&quot;: null,
        &quot;id&quot;: &quot;a1a303e1-73f3-40d4-b748-a725546f5ea8&quot;,
        &quot;isMenu&quot;: false,
        &quot;key&quot;: &quot;Permission.Create&quot;,
        &quot;parentId&quot;: &quot;213aad81-551b-49f7-9d15-f11f5b9e7e88&quot;,
        &quot;unAuthorizedProps&quot;: {
          &quot;visible&quot;: false,
          &quot;disabled&quot;: false
        },
        &quot;actionName&quot;: &quot;Create&quot;
      },
      {
        &quot;routePath&quot;: null,
        &quot;iconName&quot;: null,
        &quot;controllerName&quot;: &quot;Language&quot;,
        &quot;name&quot;: &quot;Language Delete&quot;,
        &quot;displayOrder&quot;: 0,
        &quot;description&quot;: null,
        &quot;id&quot;: &quot;16b92a62-28f2-4a62-b810-9d341253ffef&quot;,
        &quot;isMenu&quot;: false,
        &quot;key&quot;: &quot;Language.Delete&quot;,
        &quot;parentId&quot;: &quot;7d117917-ff5a-448f-ae1c-71b123ffabc0&quot;,
        &quot;unAuthorizedProps&quot;: {
          &quot;visible&quot;: false,
          &quot;disabled&quot;: false
        },
        &quot;actionName&quot;: &quot;Delete&quot;
      },
      {
        &quot;routePath&quot;: null,
        &quot;iconName&quot;: null,
        &quot;controllerName&quot;: &quot;Order&quot;,
        &quot;name&quot;: &quot;Order Find&quot;,
        &quot;displayOrder&quot;: 0,
        &quot;description&quot;: null,
        &quot;id&quot;: &quot;28593029-bc36-4e20-86b9-c1703b181edd&quot;,
        &quot;isMenu&quot;: false,
        &quot;key&quot;: &quot;Order.Find&quot;,
        &quot;parentId&quot;: &quot;872b9f8c-c48d-dfeb-de32-1be0c3c38dbb&quot;,
        &quot;unAuthorizedProps&quot;: {
          &quot;visible&quot;: false,
          &quot;disabled&quot;: false
        },
        &quot;actionName&quot;: &quot;Find&quot;
      },
      {
        &quot;routePath&quot;: null,
        &quot;iconName&quot;: null,
        &quot;controllerName&quot;: &quot;SubRegion&quot;,
        &quot;name&quot;: &quot;SubRegion Create&quot;,
        &quot;displayOrder&quot;: 0,
        &quot;description&quot;: null,
        &quot;id&quot;: &quot;5645a151-6053-4f7b-ab7b-d8503cbb1aba&quot;,
        &quot;isMenu&quot;: false,
        &quot;key&quot;: &quot;SubRegion.Create&quot;,
        &quot;parentId&quot;: &quot;5016a026-6957-41ab-8cda-9bd37afe0841&quot;,
        &quot;unAuthorizedProps&quot;: {
          &quot;visible&quot;: false,
          &quot;disabled&quot;: false
        },
        &quot;actionName&quot;: &quot;Create&quot;
      },
      {
        &quot;routePath&quot;: &quot;dashboards&quot;,
        &quot;iconName&quot;: &quot;dashboardSVG&quot;,
        &quot;controllerName&quot;: &quot;Dashboard&quot;,
        &quot;name&quot;: &quot;Analytics&quot;,
        &quot;displayOrder&quot;: 300,
        &quot;description&quot;: null,
        &quot;id&quot;: &quot;0b0fd9e8-2ae5-40f8-9373-deafc8c5770d&quot;,
        &quot;isMenu&quot;: true,
        &quot;key&quot;: &quot;Dashboard.Index&quot;,
        &quot;parentId&quot;: null,
        &quot;unAuthorizedProps&quot;: {
          &quot;visible&quot;: false,
          &quot;disabled&quot;: false
        },
        &quot;actionName&quot;: &quot;Index&quot;
      },
      {
        &quot;routePath&quot;: null,
        &quot;iconName&quot;: null,
        &quot;controllerName&quot;: &quot;ServiceArea&quot;,
        &quot;name&quot;: &quot;ServiceArea Edit&quot;,
        &quot;displayOrder&quot;: 0,
        &quot;description&quot;: null,
        &quot;id&quot;: &quot;dccac413-6147-41f2-a093-0f85c770405a&quot;,
        &quot;isMenu&quot;: false,
        &quot;key&quot;: &quot;ServiceArea.Edit&quot;,
        &quot;parentId&quot;: &quot;6510260c-2670-4f71-96ed-8f12986fb9cf&quot;,
        &quot;unAuthorizedProps&quot;: {
          &quot;visible&quot;: false,
          &quot;disabled&quot;: false
        },
        &quot;actionName&quot;: &quot;Edit&quot;
      },
      {
        &quot;routePath&quot;: null,
        &quot;iconName&quot;: null,
        &quot;controllerName&quot;: &quot;Employee&quot;,
        &quot;name&quot;: &quot;Employee Create&quot;,
        &quot;displayOrder&quot;: 0,
        &quot;description&quot;: null,
        &quot;id&quot;: &quot;c5270ce8-af43-4c0c-aae3-461b204b6154&quot;,
        &quot;isMenu&quot;: false,
        &quot;key&quot;: &quot;Employee.Create&quot;,
        &quot;parentId&quot;: &quot;e4a8e904-698e-4596-92c3-b40206b19179&quot;,
        &quot;unAuthorizedProps&quot;: {
          &quot;visible&quot;: false,
          &quot;disabled&quot;: false
        },
        &quot;actionName&quot;: &quot;Create&quot;
      },
      {
        &quot;routePath&quot;: null,
        &quot;iconName&quot;: null,
        &quot;controllerName&quot;: &quot;Order&quot;,
        &quot;name&quot;: &quot;Order List&quot;,
        &quot;displayOrder&quot;: 0,
        &quot;description&quot;: null,
        &quot;id&quot;: &quot;5644a0fc-aab8-4a88-9bcc-a71f29a6bb49&quot;,
        &quot;isMenu&quot;: false,
        &quot;key&quot;: &quot;Order.List&quot;,
        &quot;parentId&quot;: &quot;872b9f8c-c48d-dfeb-de32-1be0c3c38dbb&quot;,
        &quot;unAuthorizedProps&quot;: {
          &quot;visible&quot;: false,
          &quot;disabled&quot;: false
        },
        &quot;actionName&quot;: &quot;List&quot;
      },
      {
        &quot;routePath&quot;: null,
        &quot;iconName&quot;: null,
        &quot;controllerName&quot;: &quot;Language&quot;,
        &quot;name&quot;: &quot;Language Find&quot;,
        &quot;displayOrder&quot;: 0,
        &quot;description&quot;: null,
        &quot;id&quot;: &quot;ac47e514-e60f-466f-a16c-401a478bbce7&quot;,
        &quot;isMenu&quot;: false,
        &quot;key&quot;: &quot;Language.Find&quot;,
        &quot;parentId&quot;: &quot;7d117917-ff5a-448f-ae1c-71b123ffabc0&quot;,
        &quot;unAuthorizedProps&quot;: {
          &quot;visible&quot;: false,
          &quot;disabled&quot;: false
        },
        &quot;actionName&quot;: &quot;Find&quot;
      },
      {
        &quot;routePath&quot;: null,
        &quot;iconName&quot;: null,
        &quot;controllerName&quot;: &quot;Employee&quot;,
        &quot;name&quot;: &quot;Employee List&quot;,
        &quot;displayOrder&quot;: 0,
        &quot;description&quot;: null,
        &quot;id&quot;: &quot;85b2a11c-84bd-40bf-87b5-226546bb7272&quot;,
        &quot;isMenu&quot;: false,
        &quot;key&quot;: &quot;Employee.List&quot;,
        &quot;parentId&quot;: &quot;e4a8e904-698e-4596-92c3-b40206b19179&quot;,
        &quot;unAuthorizedProps&quot;: {
          &quot;visible&quot;: false,
          &quot;disabled&quot;: false
        },
        &quot;actionName&quot;: &quot;List&quot;
      },
      {
        &quot;routePath&quot;: null,
        &quot;iconName&quot;: null,
        &quot;controllerName&quot;: &quot;Country&quot;,
        &quot;name&quot;: &quot;Country Delete&quot;,
        &quot;displayOrder&quot;: 0,
        &quot;description&quot;: null,
        &quot;id&quot;: &quot;6107f9a1-4fbe-46fc-82eb-55acf38ead7d&quot;,
        &quot;isMenu&quot;: false,
        &quot;key&quot;: &quot;Country.Delete&quot;,
        &quot;parentId&quot;: &quot;9c15db73-badc-4894-ab1b-d8261bac91c2&quot;,
        &quot;unAuthorizedProps&quot;: {
          &quot;visible&quot;: false,
          &quot;disabled&quot;: false
        },
        &quot;actionName&quot;: &quot;Delete&quot;
      },
      {
        &quot;routePath&quot;: null,
        &quot;iconName&quot;: null,
        &quot;controllerName&quot;: &quot;Category&quot;,
        &quot;name&quot;: &quot;Category ListForFilter&quot;,
        &quot;displayOrder&quot;: 0,
        &quot;description&quot;: null,
        &quot;id&quot;: &quot;f057072d-c8d8-4140-880a-ad2a61df8381&quot;,
        &quot;isMenu&quot;: false,
        &quot;key&quot;: &quot;Category.ListForFilter&quot;,
        &quot;parentId&quot;: &quot;9bbddb67-d7f2-44d3-8d09-6bd04f8b6f79&quot;,
        &quot;unAuthorizedProps&quot;: {
          &quot;visible&quot;: false,
          &quot;disabled&quot;: false
        },
        &quot;actionName&quot;: &quot;ListForFilter&quot;
      },
      {
        &quot;routePath&quot;: &quot;categories&quot;,
        &quot;iconName&quot;: &quot;categorySVG&quot;,
        &quot;controllerName&quot;: &quot;Category&quot;,
        &quot;name&quot;: &quot;Categories&quot;,
        &quot;displayOrder&quot;: 400,
        &quot;description&quot;: null,
        &quot;id&quot;: &quot;501d66f1-cdeb-4f10-85d2-6e00d60e36c9&quot;,
        &quot;isMenu&quot;: true,
        &quot;key&quot;: &quot;Category.Index&quot;,
        &quot;parentId&quot;: &quot;8b40e125-ffeb-4cf1-ba4b-0ac72aac09d9&quot;,
        &quot;unAuthorizedProps&quot;: {
          &quot;visible&quot;: false,
          &quot;disabled&quot;: false
        },
        &quot;actionName&quot;: &quot;Index&quot;
      },
      {
        &quot;routePath&quot;: null,
        &quot;iconName&quot;: null,
        &quot;controllerName&quot;: &quot;ZipCode&quot;,
        &quot;name&quot;: &quot;ZipCode Edit&quot;,
        &quot;displayOrder&quot;: 0,
        &quot;description&quot;: null,
        &quot;id&quot;: &quot;a5fdf875-fb0a-456a-bd3d-8428d97760af&quot;,
        &quot;isMenu&quot;: false,
        &quot;key&quot;: &quot;ZipCode.Edit&quot;,
        &quot;parentId&quot;: &quot;8aa34e38-533b-4ab7-bad7-0eaa7b5dec9c&quot;,
        &quot;unAuthorizedProps&quot;: {
          &quot;visible&quot;: false,
          &quot;disabled&quot;: false
        },
        &quot;actionName&quot;: &quot;Edit&quot;
      },
      {
        &quot;routePath&quot;: null,
        &quot;iconName&quot;: null,
        &quot;controllerName&quot;: &quot;Order&quot;,
        &quot;name&quot;: &quot;Order FindOrdersByUserId&quot;,
        &quot;displayOrder&quot;: 0,
        &quot;description&quot;: null,
        &quot;id&quot;: &quot;68d99af4-6abe-48d5-9ef2-c1cdb594e356&quot;,
        &quot;isMenu&quot;: false,
        &quot;key&quot;: &quot;Order.FindOrdersByUserId&quot;,
        &quot;parentId&quot;: &quot;872b9f8c-c48d-dfeb-de32-1be0c3c38dbb&quot;,
        &quot;unAuthorizedProps&quot;: {
          &quot;visible&quot;: false,
          &quot;disabled&quot;: false
        },
        &quot;actionName&quot;: &quot;FindOrdersByUserId&quot;
      },
      {
        &quot;routePath&quot;: null,
        &quot;iconName&quot;: null,
        &quot;controllerName&quot;: &quot;Address&quot;,
        &quot;name&quot;: &quot;Address Index&quot;,
        &quot;displayOrder&quot;: 0,
        &quot;description&quot;: null,
        &quot;id&quot;: &quot;c3c514ef-1964-4c94-b13a-8bdd83a5b1cb&quot;,
        &quot;isMenu&quot;: false,
        &quot;key&quot;: &quot;Address.Index&quot;,
        &quot;parentId&quot;: null,
        &quot;unAuthorizedProps&quot;: {
          &quot;visible&quot;: false,
          &quot;disabled&quot;: false
        },
        &quot;actionName&quot;: &quot;Index&quot;
      },
      {
        &quot;routePath&quot;: null,
        &quot;iconName&quot;: null,
        &quot;controllerName&quot;: &quot;State&quot;,
        &quot;name&quot;: &quot;State Find&quot;,
        &quot;displayOrder&quot;: 0,
        &quot;description&quot;: null,
        &quot;id&quot;: &quot;749873e1-e852-4fc8-ab64-f1da0b433957&quot;,
        &quot;isMenu&quot;: false,
        &quot;key&quot;: &quot;State.Find&quot;,
        &quot;parentId&quot;: &quot;4842baa6-3b5e-40d1-ba2c-aa896962f8a7&quot;,
        &quot;unAuthorizedProps&quot;: {
          &quot;visible&quot;: false,
          &quot;disabled&quot;: false
        },
        &quot;actionName&quot;: &quot;Find&quot;
      },
      {
        &quot;routePath&quot;: null,
        &quot;iconName&quot;: null,
        &quot;controllerName&quot;: &quot;Order&quot;,
        &quot;name&quot;: &quot;Order Edit&quot;,
        &quot;displayOrder&quot;: 0,
        &quot;description&quot;: null,
        &quot;id&quot;: &quot;9ae4817f-4442-47af-a281-0b3c0d40862e&quot;,
        &quot;isMenu&quot;: false,
        &quot;key&quot;: &quot;Order.Edit&quot;,
        &quot;parentId&quot;: &quot;872b9f8c-c48d-dfeb-de32-1be0c3c38dbb&quot;,
        &quot;unAuthorizedProps&quot;: {
          &quot;visible&quot;: false,
          &quot;disabled&quot;: false
        },
        &quot;actionName&quot;: &quot;Edit&quot;
      },
      {
        &quot;routePath&quot;: null,
        &quot;iconName&quot;: null,
        &quot;controllerName&quot;: &quot;Customer&quot;,
        &quot;name&quot;: &quot;Customer RemoteSearchForCustomer&quot;,
        &quot;displayOrder&quot;: 0,
        &quot;description&quot;: null,
        &quot;id&quot;: &quot;6c5194cb-40ed-4c65-81e7-b8588de65998&quot;,
        &quot;isMenu&quot;: false,
        &quot;key&quot;: &quot;Customer.RemoteSearchForCustomer&quot;,
        &quot;parentId&quot;: &quot;07b60a01-5846-422c-b1c6-1c7a382dbd0e&quot;,
        &quot;unAuthorizedProps&quot;: {
          &quot;visible&quot;: false,
          &quot;disabled&quot;: false
        },
        &quot;actionName&quot;: &quot;RemoteSearchForCustomer&quot;
      },
      {
        &quot;routePath&quot;: null,
        &quot;iconName&quot;: null,
        &quot;controllerName&quot;: &quot;Campaign&quot;,
        &quot;name&quot;: &quot;Campaign Upload Picture&quot;,
        &quot;displayOrder&quot;: 0,
        &quot;description&quot;: null,
        &quot;id&quot;: &quot;939d1f32-170d-4457-ba5b-9e7963a1f44d&quot;,
        &quot;isMenu&quot;: false,
        &quot;key&quot;: &quot;Campaign.UploadCampaignPicture&quot;,
        &quot;parentId&quot;: &quot;fd2f794b-65fb-4da6-9bdb-835c466e4321&quot;,
        &quot;unAuthorizedProps&quot;: {
          &quot;visible&quot;: false,
          &quot;disabled&quot;: false
        },
        &quot;actionName&quot;: &quot;UploadCampaignPicture&quot;
      },
      {
        &quot;routePath&quot;: null,
        &quot;iconName&quot;: null,
        &quot;controllerName&quot;: &quot;Permission&quot;,
        &quot;name&quot;: &quot;Permission Edit&quot;,
        &quot;displayOrder&quot;: 0,
        &quot;description&quot;: null,
        &quot;id&quot;: &quot;fac3a453-994e-43cc-876d-e9c0edc059aa&quot;,
        &quot;isMenu&quot;: false,
        &quot;key&quot;: &quot;Permission.Edit&quot;,
        &quot;parentId&quot;: &quot;213aad81-551b-49f7-9d15-f11f5b9e7e88&quot;,
        &quot;unAuthorizedProps&quot;: {
          &quot;visible&quot;: false,
          &quot;disabled&quot;: false
        },
        &quot;actionName&quot;: &quot;Edit&quot;
      },
      {
        &quot;routePath&quot;: null,
        &quot;iconName&quot;: null,
        &quot;controllerName&quot;: &quot;SubRegion&quot;,
        &quot;name&quot;: &quot;SubRegion Find&quot;,
        &quot;displayOrder&quot;: 0,
        &quot;description&quot;: null,
        &quot;id&quot;: &quot;c04774f1-327c-4343-b9bb-35aa8cf11007&quot;,
        &quot;isMenu&quot;: false,
        &quot;key&quot;: &quot;SubRegion.Find&quot;,
        &quot;parentId&quot;: &quot;5016a026-6957-41ab-8cda-9bd37afe0841&quot;,
        &quot;unAuthorizedProps&quot;: {
          &quot;visible&quot;: false,
          &quot;disabled&quot;: false
        },
        &quot;actionName&quot;: &quot;Find&quot;
      },
      {
        &quot;routePath&quot;: &quot;resources&quot;,
        &quot;iconName&quot;: &quot;resourceSVG&quot;,
        &quot;controllerName&quot;: &quot;LocaleResource&quot;,
        &quot;name&quot;: &quot;Resource&quot;,
        &quot;displayOrder&quot;: 910,
        &quot;description&quot;: null,
        &quot;id&quot;: &quot;4c1a6c0d-765c-444a-b7c8-49e99f61d47b&quot;,
        &quot;isMenu&quot;: true,
        &quot;key&quot;: &quot;LocaleResource.Index&quot;,
        &quot;parentId&quot;: &quot;8f4ea0ae-2382-4769-8584-5f2f2b1520c8&quot;,
        &quot;unAuthorizedProps&quot;: {
          &quot;visible&quot;: false,
          &quot;disabled&quot;: false
        },
        &quot;actionName&quot;: &quot;Index&quot;
      },
      {
        &quot;routePath&quot;: null,
        &quot;iconName&quot;: &quot;blackListSVG&quot;,
        &quot;controllerName&quot;: &quot;BlackList&quot;,
        &quot;name&quot;: &quot;Black List List&quot;,
        &quot;displayOrder&quot;: 0,
        &quot;description&quot;: null,
        &quot;id&quot;: &quot;96f6bf8e-c5b2-46ee-ade0-f00025140813&quot;,
        &quot;isMenu&quot;: false,
        &quot;key&quot;: &quot;BlackList.List&quot;,
        &quot;parentId&quot;: &quot;d273c43d-77c8-4b88-8d35-9ec20a90bd11&quot;,
        &quot;unAuthorizedProps&quot;: {
          &quot;visible&quot;: false,
          &quot;disabled&quot;: false
        },
        &quot;actionName&quot;: &quot;List&quot;
      },
      {
        &quot;routePath&quot;: null,
        &quot;iconName&quot;: null,
        &quot;controllerName&quot;: &quot;County&quot;,
        &quot;name&quot;: &quot;County List&quot;,
        &quot;displayOrder&quot;: 0,
        &quot;description&quot;: null,
        &quot;id&quot;: &quot;b585755d-7f4f-43b0-8d1e-f2d807abcec4&quot;,
        &quot;isMenu&quot;: false,
        &quot;key&quot;: &quot;County.List&quot;,
        &quot;parentId&quot;: &quot;28a7ee86-bfd8-408f-97d3-82a96e1cbcc6&quot;,
        &quot;unAuthorizedProps&quot;: {
          &quot;visible&quot;: false,
          &quot;disabled&quot;: false
        },
        &quot;actionName&quot;: &quot;List&quot;
      },
      {
        &quot;routePath&quot;: null,
        &quot;iconName&quot;: null,
        &quot;controllerName&quot;: &quot;LocaleResource&quot;,
        &quot;name&quot;: &quot;LocaleResource Find&quot;,
        &quot;displayOrder&quot;: 0,
        &quot;description&quot;: null,
        &quot;id&quot;: &quot;8a3bd0e4-9a78-449b-bf34-61a097848b9b&quot;,
        &quot;isMenu&quot;: false,
        &quot;key&quot;: &quot;LocaleResource.Find&quot;,
        &quot;parentId&quot;: &quot;4c1a6c0d-765c-444a-b7c8-49e99f61d47b&quot;,
        &quot;unAuthorizedProps&quot;: {
          &quot;visible&quot;: false,
          &quot;disabled&quot;: false
        },
        &quot;actionName&quot;: &quot;Find&quot;
      },
      {
        &quot;routePath&quot;: null,
        &quot;iconName&quot;: null,
        &quot;controllerName&quot;: &quot;ServiceArea&quot;,
        &quot;name&quot;: &quot;ServiceArea Delete&quot;,
        &quot;displayOrder&quot;: 0,
        &quot;description&quot;: null,
        &quot;id&quot;: &quot;aa63520c-b6b3-4475-8516-d9ed4e71ae82&quot;,
        &quot;isMenu&quot;: false,
        &quot;key&quot;: &quot;ServiceArea.Delete&quot;,
        &quot;parentId&quot;: &quot;6510260c-2670-4f71-96ed-8f12986fb9cf&quot;,
        &quot;unAuthorizedProps&quot;: {
          &quot;visible&quot;: false,
          &quot;disabled&quot;: false
        },
        &quot;actionName&quot;: &quot;Delete&quot;
      },
      {
        &quot;routePath&quot;: null,
        &quot;iconName&quot;: null,
        &quot;controllerName&quot;: &quot;Permission&quot;,
        &quot;name&quot;: &quot;Permission Delete&quot;,
        &quot;displayOrder&quot;: 0,
        &quot;description&quot;: null,
        &quot;id&quot;: &quot;acdf48fe-e099-4a8c-a80c-75a3bfe58940&quot;,
        &quot;isMenu&quot;: false,
        &quot;key&quot;: &quot;Permission.Delete&quot;,
        &quot;parentId&quot;: &quot;213aad81-551b-49f7-9d15-f11f5b9e7e88&quot;,
        &quot;unAuthorizedProps&quot;: {
          &quot;visible&quot;: false,
          &quot;disabled&quot;: false
        },
        &quot;actionName&quot;: &quot;Delete&quot;
      },
      {
        &quot;routePath&quot;: &quot;tech-support&quot;,
        &quot;iconName&quot;: &quot;supportSVG&quot;,
        &quot;controllerName&quot;: &quot;Tech&quot;,
        &quot;name&quot;: &quot;Tech Support&quot;,
        &quot;displayOrder&quot;: 1000,
        &quot;description&quot;: null,
        &quot;id&quot;: &quot;7c8e8441-579f-4552-a9f8-b6d5a9f1df3c&quot;,
        &quot;isMenu&quot;: true,
        &quot;key&quot;: &quot;Tech.Support&quot;,
        &quot;parentId&quot;: &quot;5b7cb896-ff20-4798-8468-df6c7f3be073&quot;,
        &quot;unAuthorizedProps&quot;: {
          &quot;visible&quot;: false,
          &quot;disabled&quot;: false
        },
        &quot;actionName&quot;: &quot;Support&quot;
      },
      {
        &quot;routePath&quot;: null,
        &quot;iconName&quot;: null,
        &quot;controllerName&quot;: &quot;Region&quot;,
        &quot;name&quot;: &quot;Region Find&quot;,
        &quot;displayOrder&quot;: 0,
        &quot;description&quot;: null,
        &quot;id&quot;: &quot;373140df-79dd-4adc-b233-0d8f50f44dda&quot;,
        &quot;isMenu&quot;: false,
        &quot;key&quot;: &quot;Region.Find&quot;,
        &quot;parentId&quot;: &quot;636ed702-38d2-4f20-967d-54564a31315f&quot;,
        &quot;unAuthorizedProps&quot;: {
          &quot;visible&quot;: false,
          &quot;disabled&quot;: false
        },
        &quot;actionName&quot;: &quot;Find&quot;
      },
      {
        &quot;routePath&quot;: null,
        &quot;iconName&quot;: null,
        &quot;controllerName&quot;: &quot;County&quot;,
        &quot;name&quot;: &quot;County Delete&quot;,
        &quot;displayOrder&quot;: 0,
        &quot;description&quot;: null,
        &quot;id&quot;: &quot;b359ba12-bf6f-4788-9f9a-c8fd1798258b&quot;,
        &quot;isMenu&quot;: false,
        &quot;key&quot;: &quot;County.Delete&quot;,
        &quot;parentId&quot;: &quot;28a7ee86-bfd8-408f-97d3-82a96e1cbcc6&quot;,
        &quot;unAuthorizedProps&quot;: {
          &quot;visible&quot;: false,
          &quot;disabled&quot;: false
        },
        &quot;actionName&quot;: &quot;Delete&quot;
      },
      {
        &quot;routePath&quot;: null,
        &quot;iconName&quot;: null,
        &quot;controllerName&quot;: &quot;LocaleResource&quot;,
        &quot;name&quot;: &quot;LocaleResource Edit&quot;,
        &quot;displayOrder&quot;: 0,
        &quot;description&quot;: null,
        &quot;id&quot;: &quot;577e23af-d37c-4a77-bb18-40d89a3f6d66&quot;,
        &quot;isMenu&quot;: false,
        &quot;key&quot;: &quot;LocaleResource.Edit&quot;,
        &quot;parentId&quot;: &quot;4c1a6c0d-765c-444a-b7c8-49e99f61d47b&quot;,
        &quot;unAuthorizedProps&quot;: {
          &quot;visible&quot;: false,
          &quot;disabled&quot;: false
        },
        &quot;actionName&quot;: &quot;Edit&quot;
      },
      {
        &quot;routePath&quot;: &quot;map&quot;,
        &quot;iconName&quot;: &quot;mapSVG&quot;,
        &quot;controllerName&quot;: &quot;Admin&quot;,
        &quot;name&quot;: &quot;Map&quot;,
        &quot;displayOrder&quot;: 200,
        &quot;description&quot;: null,
        &quot;id&quot;: &quot;65e94cad-f24a-7d0e-3a21-de1a1e5e8765&quot;,
        &quot;isMenu&quot;: false,
        &quot;key&quot;: &quot;Admin.Map&quot;,
        &quot;parentId&quot;: null,
        &quot;unAuthorizedProps&quot;: {
          &quot;visible&quot;: false,
          &quot;disabled&quot;: false
        },
        &quot;actionName&quot;: &quot;Map&quot;
      },
      {
        &quot;routePath&quot;: null,
        &quot;iconName&quot;: null,
        &quot;controllerName&quot;: &quot;LocaleResource&quot;,
        &quot;name&quot;: &quot;LocaleResource Export&quot;,
        &quot;displayOrder&quot;: 0,
        &quot;description&quot;: null,
        &quot;id&quot;: &quot;cc2a0054-37f4-4f72-80cd-56e918590d0c&quot;,
        &quot;isMenu&quot;: false,
        &quot;key&quot;: &quot;LocaleResource.Export&quot;,
        &quot;parentId&quot;: &quot;4c1a6c0d-765c-444a-b7c8-49e99f61d47b&quot;,
        &quot;unAuthorizedProps&quot;: {
          &quot;visible&quot;: false,
          &quot;disabled&quot;: false
        },
        &quot;actionName&quot;: &quot;Export&quot;
      },
      {
        &quot;routePath&quot;: null,
        &quot;iconName&quot;: &quot;RemoteSearchForProductName&quot;,
        &quot;controllerName&quot;: &quot;Product&quot;,
        &quot;name&quot;: &quot;Product RemoteSearchForProductName&quot;,
        &quot;displayOrder&quot;: 0,
        &quot;description&quot;: null,
        &quot;id&quot;: &quot;5f84cdde-5800-48ce-b690-86628a41f98c&quot;,
        &quot;isMenu&quot;: false,
        &quot;key&quot;: &quot;Product.RemoteSearchForProductName&quot;,
        &quot;parentId&quot;: &quot;1858607f-58c2-4c69-8078-f2756c5ca81e&quot;,
        &quot;unAuthorizedProps&quot;: {
          &quot;visible&quot;: false,
          &quot;disabled&quot;: false
        },
        &quot;actionName&quot;: &quot;RemoteSearchForProductName&quot;
      },
      {
        &quot;routePath&quot;: &quot;&quot;,
        &quot;iconName&quot;: &quot;usersSVG&quot;,
        &quot;controllerName&quot;: &quot;User&quot;,
        &quot;name&quot;: &quot;Users&quot;,
        &quot;displayOrder&quot;: 600,
        &quot;description&quot;: null,
        &quot;id&quot;: &quot;8b04f24a-f777-5455-9d4b-5d32257d3d62&quot;,
        &quot;isMenu&quot;: true,
        &quot;key&quot;: &quot;User.Index&quot;,
        &quot;parentId&quot;: null,
        &quot;unAuthorizedProps&quot;: {
          &quot;visible&quot;: false,
          &quot;disabled&quot;: false
        },
        &quot;actionName&quot;: &quot;Index&quot;
      },
      {
        &quot;routePath&quot;: &quot;productmanagement&quot;,
        &quot;iconName&quot;: &quot;productSVG&quot;,
        &quot;controllerName&quot;: &quot;Product&quot;,
        &quot;name&quot;: &quot;Feature Ideation&quot;,
        &quot;displayOrder&quot;: 999,
        &quot;description&quot;: null,
        &quot;id&quot;: &quot;0d5f6f26-1114-4503-95da-fff6063915b6&quot;,
        &quot;isMenu&quot;: true,
        &quot;key&quot;: &quot;Product.Management&quot;,
        &quot;parentId&quot;: &quot;5b7cb896-ff20-4798-8468-df6c7f3be073&quot;,
        &quot;unAuthorizedProps&quot;: {
          &quot;visible&quot;: false,
          &quot;disabled&quot;: false
        },
        &quot;actionName&quot;: &quot;Management&quot;
      },
      {
        &quot;routePath&quot;: null,
        &quot;iconName&quot;: null,
        &quot;controllerName&quot;: &quot;Category&quot;,
        &quot;name&quot;: &quot;Category GetCategoryByParent&quot;,
        &quot;displayOrder&quot;: 0,
        &quot;description&quot;: null,
        &quot;id&quot;: &quot;5d731e1f-4111-4737-a729-9d476ac966a5&quot;,
        &quot;isMenu&quot;: false,
        &quot;key&quot;: &quot;Category.GetCategoryByParent&quot;,
        &quot;parentId&quot;: &quot;9bbddb67-d7f2-44d3-8d09-6bd04f8b6f79&quot;,
        &quot;unAuthorizedProps&quot;: {
          &quot;visible&quot;: false,
          &quot;disabled&quot;: false
        },
        &quot;actionName&quot;: &quot;GetCategoryByParent&quot;
      },
      {
        &quot;routePath&quot;: null,
        &quot;iconName&quot;: null,
        &quot;controllerName&quot;: &quot;Customer&quot;,
        &quot;name&quot;: &quot;Customer List&quot;,
        &quot;displayOrder&quot;: 0,
        &quot;description&quot;: null,
        &quot;id&quot;: &quot;bbe76549-965a-45b4-9680-86bac515fc1b&quot;,
        &quot;isMenu&quot;: false,
        &quot;key&quot;: &quot;Customer.List&quot;,
        &quot;parentId&quot;: &quot;07b60a01-5846-422c-b1c6-1c7a382dbd0e&quot;,
        &quot;unAuthorizedProps&quot;: {
          &quot;visible&quot;: false,
          &quot;disabled&quot;: false
        },
        &quot;actionName&quot;: &quot;List&quot;
      },
      {
        &quot;routePath&quot;: &quot;settings&quot;,
        &quot;iconName&quot;: &quot;settingsSVG&quot;,
        &quot;controllerName&quot;: &quot;Setting&quot;,
        &quot;name&quot;: &quot;Settings&quot;,
        &quot;displayOrder&quot;: 1000,
        &quot;description&quot;: null,
        &quot;id&quot;: &quot;ccc7592a-301d-4d63-aa26-09e92194ca01&quot;,
        &quot;isMenu&quot;: true,
        &quot;key&quot;: &quot;Setting.Index&quot;,
        &quot;parentId&quot;: null,
        &quot;unAuthorizedProps&quot;: {
          &quot;visible&quot;: false,
          &quot;disabled&quot;: false
        },
        &quot;actionName&quot;: &quot;Index&quot;
      },
      {
        &quot;routePath&quot;: null,
        &quot;iconName&quot;: null,
        &quot;controllerName&quot;: &quot;LocaleResource&quot;,
        &quot;name&quot;: &quot;LocaleResource Index&quot;,
        &quot;displayOrder&quot;: 0,
        &quot;description&quot;: &quot;LocaleResource Index &quot;,
        &quot;id&quot;: &quot;b88d0e35-5b99-4daf-9c2f-ff36aab9197e&quot;,
        &quot;isMenu&quot;: false,
        &quot;key&quot;: &quot;LocaleResource.Index&quot;,
        &quot;parentId&quot;: &quot;4c1a6c0d-765c-444a-b7c8-49e99f61d47b&quot;,
        &quot;unAuthorizedProps&quot;: {
          &quot;visible&quot;: false,
          &quot;disabled&quot;: false
        },
        &quot;actionName&quot;: &quot;Index&quot;
      },
      {
        &quot;routePath&quot;: null,
        &quot;iconName&quot;: null,
        &quot;controllerName&quot;: &quot;Warehouse&quot;,
        &quot;name&quot;: &quot;Warehouse EditWarehouseState&quot;,
        &quot;displayOrder&quot;: 0,
        &quot;description&quot;: null,
        &quot;id&quot;: &quot;fb7d3fd3-e816-4921-98ae-178c750b951a&quot;,
        &quot;isMenu&quot;: false,
        &quot;key&quot;: &quot;Warehouse.EditWarehouseState&quot;,
        &quot;parentId&quot;: &quot;7a99d565-0e98-95af-19bd-814011ea2417&quot;,
        &quot;unAuthorizedProps&quot;: {
          &quot;visible&quot;: false,
          &quot;disabled&quot;: false
        },
        &quot;actionName&quot;: &quot;EditWarehouseState&quot;
      },
      {
        &quot;routePath&quot;: &quot;vehicles&quot;,
        &quot;iconName&quot;: &quot;vehicleSVG&quot;,
        &quot;controllerName&quot;: &quot;Vehicle&quot;,
        &quot;name&quot;: &quot;Vehicles&quot;,
        &quot;displayOrder&quot;: 900,
        &quot;description&quot;: null,
        &quot;id&quot;: &quot;27436094-fc09-48ea-ae79-8ea2b4517866&quot;,
        &quot;isMenu&quot;: false,
        &quot;key&quot;: &quot;Vehicle.Index&quot;,
        &quot;parentId&quot;: null,
        &quot;unAuthorizedProps&quot;: {
          &quot;visible&quot;: false,
          &quot;disabled&quot;: false
        },
        &quot;actionName&quot;: &quot;Index&quot;
      },
      {
        &quot;routePath&quot;: null,
        &quot;iconName&quot;: null,
        &quot;controllerName&quot;: &quot;Warehouse&quot;,
        &quot;name&quot;: &quot;Warehouse List&quot;,
        &quot;displayOrder&quot;: 0,
        &quot;description&quot;: null,
        &quot;id&quot;: &quot;ac3e564a-4cc4-453d-8938-2563ef62921f&quot;,
        &quot;isMenu&quot;: false,
        &quot;key&quot;: &quot;Warehouse.List&quot;,
        &quot;parentId&quot;: &quot;7a99d565-0e98-95af-19bd-814011ea2417&quot;,
        &quot;unAuthorizedProps&quot;: {
          &quot;visible&quot;: false,
          &quot;disabled&quot;: false
        },
        &quot;actionName&quot;: &quot;List&quot;
      },
      {
        &quot;routePath&quot;: null,
        &quot;iconName&quot;: null,
        &quot;controllerName&quot;: &quot;CouponCode&quot;,
        &quot;name&quot;: &quot;CouponCode&quot;,
        &quot;displayOrder&quot;: 0,
        &quot;description&quot;: null,
        &quot;id&quot;: &quot;5aaef586-e311-4265-a241-6eb9758d6541&quot;,
        &quot;isMenu&quot;: false,
        &quot;key&quot;: &quot;CouponCode.ListForFilter&quot;,
        &quot;parentId&quot;: null,
        &quot;unAuthorizedProps&quot;: {
          &quot;visible&quot;: false,
          &quot;disabled&quot;: false
        },
        &quot;actionName&quot;: &quot;ListForFilter&quot;
      },
      {
        &quot;routePath&quot;: null,
        &quot;iconName&quot;: null,
        &quot;controllerName&quot;: &quot;State&quot;,
        &quot;name&quot;: &quot;State Edit&quot;,
        &quot;displayOrder&quot;: 0,
        &quot;description&quot;: null,
        &quot;id&quot;: &quot;581b4c8a-cce8-447b-98b5-1f29f9aae457&quot;,
        &quot;isMenu&quot;: false,
        &quot;key&quot;: &quot;State.Edit&quot;,
        &quot;parentId&quot;: &quot;4842baa6-3b5e-40d1-ba2c-aa896962f8a7&quot;,
        &quot;unAuthorizedProps&quot;: {
          &quot;visible&quot;: false,
          &quot;disabled&quot;: false
        },
        &quot;actionName&quot;: &quot;Edit&quot;
      },
      {
        &quot;routePath&quot;: null,
        &quot;iconName&quot;: null,
        &quot;controllerName&quot;: &quot;Country&quot;,
        &quot;name&quot;: &quot;Country Edit&quot;,
        &quot;displayOrder&quot;: 0,
        &quot;description&quot;: null,
        &quot;id&quot;: &quot;117355ed-1004-4b13-beb3-2ee0056892f1&quot;,
        &quot;isMenu&quot;: false,
        &quot;key&quot;: &quot;Country.Edit&quot;,
        &quot;parentId&quot;: &quot;9c15db73-badc-4894-ab1b-d8261bac91c2&quot;,
        &quot;unAuthorizedProps&quot;: {
          &quot;visible&quot;: false,
          &quot;disabled&quot;: false
        },
        &quot;actionName&quot;: &quot;Edit&quot;
      },
      {
        &quot;routePath&quot;: &quot;geo-areas&quot;,
        &quot;iconName&quot;: &quot;geo-areasSVG&quot;,
        &quot;controllerName&quot;: &quot;GeoArea&quot;,
        &quot;name&quot;: &quot;Geo Areas&quot;,
        &quot;displayOrder&quot;: 400,
        &quot;description&quot;: null,
        &quot;id&quot;: &quot;596bb8e1-9705-be47-b70e-e0cb48edc078&quot;,
        &quot;isMenu&quot;: true,
        &quot;key&quot;: &quot;GeoArea.Index&quot;,
        &quot;parentId&quot;: null,
        &quot;unAuthorizedProps&quot;: {
          &quot;visible&quot;: false,
          &quot;disabled&quot;: false
        },
        &quot;actionName&quot;: &quot;Index&quot;
      },
      {
        &quot;routePath&quot;: null,
        &quot;iconName&quot;: null,
        &quot;controllerName&quot;: &quot;Role&quot;,
        &quot;name&quot;: &quot;Role List&quot;,
        &quot;displayOrder&quot;: 0,
        &quot;description&quot;: null,
        &quot;id&quot;: &quot;ed6b7f77-7b07-4fdd-b4eb-5dc72ed21a53&quot;,
        &quot;isMenu&quot;: false,
        &quot;key&quot;: &quot;Role.List&quot;,
        &quot;parentId&quot;: &quot;e98d2f21-52f8-41cb-9b3f-fe979b5f0578&quot;,
        &quot;unAuthorizedProps&quot;: {
          &quot;visible&quot;: false,
          &quot;disabled&quot;: false
        },
        &quot;actionName&quot;: &quot;List&quot;
      },
      {
        &quot;routePath&quot;: null,
        &quot;iconName&quot;: null,
        &quot;controllerName&quot;: &quot;Warehouse&quot;,
        &quot;name&quot;: &quot;Warehouse ListBasic&quot;,
        &quot;displayOrder&quot;: 0,
        &quot;description&quot;: null,
        &quot;id&quot;: &quot;3cd0e960-08c5-488e-82bf-e81eb0481924&quot;,
        &quot;isMenu&quot;: false,
        &quot;key&quot;: &quot;Warehouse.ListBasic&quot;,
        &quot;parentId&quot;: &quot;7a99d565-0e98-95af-19bd-814011ea2417&quot;,
        &quot;unAuthorizedProps&quot;: {
          &quot;visible&quot;: false,
          &quot;disabled&quot;: false
        },
        &quot;actionName&quot;: &quot;ListBasic&quot;
      },
      {
        &quot;routePath&quot;: null,
        &quot;iconName&quot;: null,
        &quot;controllerName&quot;: &quot;Address&quot;,
        &quot;name&quot;: &quot;Address Edit&quot;,
        &quot;displayOrder&quot;: 0,
        &quot;description&quot;: null,
        &quot;id&quot;: &quot;3e821719-5809-4a64-979f-9f373f2510d4&quot;,
        &quot;isMenu&quot;: false,
        &quot;key&quot;: &quot;Address.Edit&quot;,
        &quot;parentId&quot;: &quot;c3c514ef-1964-4c94-b13a-8bdd83a5b1cb&quot;,
        &quot;unAuthorizedProps&quot;: {
          &quot;visible&quot;: false,
          &quot;disabled&quot;: false
        },
        &quot;actionName&quot;: &quot;Edit&quot;
      },
      {
        &quot;routePath&quot;: null,
        &quot;iconName&quot;: null,
        &quot;controllerName&quot;: &quot;ServiceArea&quot;,
        &quot;name&quot;: &quot;ServiceArea Create&quot;,
        &quot;displayOrder&quot;: 0,
        &quot;description&quot;: null,
        &quot;id&quot;: &quot;20738cab-a928-4c12-9a39-29eeaf60713a&quot;,
        &quot;isMenu&quot;: false,
        &quot;key&quot;: &quot;ServiceArea.Create&quot;,
        &quot;parentId&quot;: &quot;6510260c-2670-4f71-96ed-8f12986fb9cf&quot;,
        &quot;unAuthorizedProps&quot;: {
          &quot;visible&quot;: false,
          &quot;disabled&quot;: false
        },
        &quot;actionName&quot;: &quot;Create&quot;
      },
      {
        &quot;routePath&quot;: null,
        &quot;iconName&quot;: null,
        &quot;controllerName&quot;: &quot;Setting&quot;,
        &quot;name&quot;: &quot;Setting Find&quot;,
        &quot;displayOrder&quot;: 0,
        &quot;description&quot;: null,
        &quot;id&quot;: &quot;e57a84a5-6d3e-4513-82cd-1ec64740178b&quot;,
        &quot;isMenu&quot;: false,
        &quot;key&quot;: &quot;Setting.Find&quot;,
        &quot;parentId&quot;: &quot;ccc7592a-301d-4d63-aa26-09e92194ca01&quot;,
        &quot;unAuthorizedProps&quot;: {
          &quot;visible&quot;: false,
          &quot;disabled&quot;: false
        },
        &quot;actionName&quot;: &quot;Find&quot;
      },
      {
        &quot;routePath&quot;: null,
        &quot;iconName&quot;: null,
        &quot;controllerName&quot;: &quot;SubRegion&quot;,
        &quot;name&quot;: &quot;SubRegion Edit&quot;,
        &quot;displayOrder&quot;: 0,
        &quot;description&quot;: null,
        &quot;id&quot;: &quot;befec01d-311a-4d58-8875-390d7c5143ab&quot;,
        &quot;isMenu&quot;: false,
        &quot;key&quot;: &quot;SubRegion.Edit&quot;,
        &quot;parentId&quot;: &quot;5016a026-6957-41ab-8cda-9bd37afe0841&quot;,
        &quot;unAuthorizedProps&quot;: {
          &quot;visible&quot;: false,
          &quot;disabled&quot;: false
        },
        &quot;actionName&quot;: &quot;Edit&quot;
      },
      {
        &quot;routePath&quot;: null,
        &quot;iconName&quot;: null,
        &quot;controllerName&quot;: &quot;State&quot;,
        &quot;name&quot;: &quot;State Create&quot;,
        &quot;displayOrder&quot;: 0,
        &quot;description&quot;: null,
        &quot;id&quot;: &quot;88690c06-a8b6-4e95-a176-3963af2d2b79&quot;,
        &quot;isMenu&quot;: false,
        &quot;key&quot;: &quot;State.Create&quot;,
        &quot;parentId&quot;: &quot;4842baa6-3b5e-40d1-ba2c-aa896962f8a7&quot;,
        &quot;unAuthorizedProps&quot;: {
          &quot;visible&quot;: false,
          &quot;disabled&quot;: false
        },
        &quot;actionName&quot;: &quot;Create&quot;
      },
      {
        &quot;routePath&quot;: null,
        &quot;iconName&quot;: null,
        &quot;controllerName&quot;: &quot;LocaleResource&quot;,
        &quot;name&quot;: &quot;LocaleResource Import&quot;,
        &quot;displayOrder&quot;: 0,
        &quot;description&quot;: null,
        &quot;id&quot;: &quot;a0f85551-79e4-4fd8-b9dc-7b4e0bd3f3d9&quot;,
        &quot;isMenu&quot;: false,
        &quot;key&quot;: &quot;LocaleResource.Import&quot;,
        &quot;parentId&quot;: &quot;4c1a6c0d-765c-444a-b7c8-49e99f61d47b&quot;,
        &quot;unAuthorizedProps&quot;: {
          &quot;visible&quot;: false,
          &quot;disabled&quot;: false
        },
        &quot;actionName&quot;: &quot;Import&quot;
      },
      {
        &quot;routePath&quot;: null,
        &quot;iconName&quot;: null,
        &quot;controllerName&quot;: &quot;Country&quot;,
        &quot;name&quot;: &quot;Country Create&quot;,
        &quot;displayOrder&quot;: 0,
        &quot;description&quot;: null,
        &quot;id&quot;: &quot;b4e4f143-cdff-4839-a5db-7379c79b2cc1&quot;,
        &quot;isMenu&quot;: false,
        &quot;key&quot;: &quot;Country.Create&quot;,
        &quot;parentId&quot;: &quot;9c15db73-badc-4894-ab1b-d8261bac91c2&quot;,
        &quot;unAuthorizedProps&quot;: {
          &quot;visible&quot;: false,
          &quot;disabled&quot;: false
        },
        &quot;actionName&quot;: &quot;Create&quot;
      },
      {
        &quot;routePath&quot;: null,
        &quot;iconName&quot;: null,
        &quot;controllerName&quot;: &quot;Warehouse&quot;,
        &quot;name&quot;: &quot;Warehouse Delete&quot;,
        &quot;displayOrder&quot;: 0,
        &quot;description&quot;: null,
        &quot;id&quot;: &quot;dbc3a8dd-ea84-4a11-bbfe-02a476211462&quot;,
        &quot;isMenu&quot;: false,
        &quot;key&quot;: &quot;Warehouse.Delete&quot;,
        &quot;parentId&quot;: &quot;7a99d565-0e98-95af-19bd-814011ea2417&quot;,
        &quot;unAuthorizedProps&quot;: {
          &quot;visible&quot;: false,
          &quot;disabled&quot;: false
        },
        &quot;actionName&quot;: &quot;Delete&quot;
      },
      {
        &quot;routePath&quot;: &quot;blacklist&quot;,
        &quot;iconName&quot;: &quot;blackListSVG&quot;,
        &quot;controllerName&quot;: &quot;BlackList&quot;,
        &quot;name&quot;: &quot;Black List&quot;,
        &quot;displayOrder&quot;: 0,
        &quot;description&quot;: null,
        &quot;id&quot;: &quot;d273c43d-77c8-4b88-8d35-9ec20a90bd11&quot;,
        &quot;isMenu&quot;: false,
        &quot;key&quot;: &quot;BlackList.Index&quot;,
        &quot;parentId&quot;: &quot;8b04f24a-f777-5455-9d4b-5d32257d3d62&quot;,
        &quot;unAuthorizedProps&quot;: {
          &quot;visible&quot;: false,
          &quot;disabled&quot;: false
        },
        &quot;actionName&quot;: &quot;Index&quot;
      },
      {
        &quot;routePath&quot;: null,
        &quot;iconName&quot;: &quot;control&quot;,
        &quot;controllerName&quot;: &quot;DriverApp&quot;,
        &quot;name&quot;: &quot;Control&quot;,
        &quot;displayOrder&quot;: 0,
        &quot;description&quot;: &quot;&quot;,
        &quot;id&quot;: &quot;ac0083c7-bd11-4d5a-88bd-5fdfd029d71d&quot;,
        &quot;isMenu&quot;: true,
        &quot;key&quot;: &quot;DriverApp.Control&quot;,
        &quot;parentId&quot;: &quot;673cefc5-8638-47b5-9440-8f3fa459f0b1&quot;,
        &quot;unAuthorizedProps&quot;: {
          &quot;visible&quot;: false,
          &quot;disabled&quot;: false
        },
        &quot;actionName&quot;: &quot;Control&quot;
      },
      {
        &quot;routePath&quot;: null,
        &quot;iconName&quot;: null,
        &quot;controllerName&quot;: &quot;Permission&quot;,
        &quot;name&quot;: &quot;Permission Tree&quot;,
        &quot;displayOrder&quot;: 0,
        &quot;description&quot;: null,
        &quot;id&quot;: &quot;31bf9d11-e13f-483c-835e-c0507f1c001b&quot;,
        &quot;isMenu&quot;: false,
        &quot;key&quot;: &quot;Permission.PermissionTree&quot;,
        &quot;parentId&quot;: &quot;213aad81-551b-49f7-9d15-f11f5b9e7e88&quot;,
        &quot;unAuthorizedProps&quot;: {
          &quot;visible&quot;: false,
          &quot;disabled&quot;: false
        },
        &quot;actionName&quot;: &quot;PermissionTree&quot;
      },
      {
        &quot;routePath&quot;: &quot;dashboards&quot;,
        &quot;iconName&quot;: &quot;dashboardSVG&quot;,
        &quot;controllerName&quot;: &quot;Dashboard&quot;,
        &quot;name&quot;: &quot;Analytics&quot;,
        &quot;displayOrder&quot;: 300,
        &quot;description&quot;: &quot;Analytics&quot;,
        &quot;id&quot;: &quot;9160e49e-2340-41fd-aee7-f00fb79cca35&quot;,
        &quot;isMenu&quot;: false,
        &quot;key&quot;: &quot;Dashboard.GetDashboardIframe&quot;,
        &quot;parentId&quot;: null,
        &quot;unAuthorizedProps&quot;: {
          &quot;visible&quot;: false,
          &quot;disabled&quot;: false
        },
        &quot;actionName&quot;: &quot;GetDashboardIframe&quot;
      },
      {
        &quot;routePath&quot;: null,
        &quot;iconName&quot;: null,
        &quot;controllerName&quot;: &quot;Customer&quot;,
        &quot;name&quot;: &quot;Customer Find&quot;,
        &quot;displayOrder&quot;: 0,
        &quot;description&quot;: null,
        &quot;id&quot;: &quot;7e69895f-a4fe-470b-9dbd-3902631c5978&quot;,
        &quot;isMenu&quot;: false,
        &quot;key&quot;: &quot;Customer.Find&quot;,
        &quot;parentId&quot;: &quot;07b60a01-5846-422c-b1c6-1c7a382dbd0e&quot;,
        &quot;unAuthorizedProps&quot;: {
          &quot;visible&quot;: false,
          &quot;disabled&quot;: false
        },
        &quot;actionName&quot;: &quot;Find&quot;
      },
      {
        &quot;routePath&quot;: null,
        &quot;iconName&quot;: null,
        &quot;controllerName&quot;: &quot;Order&quot;,
        &quot;name&quot;: &quot;Order List&quot;,
        &quot;displayOrder&quot;: 0,
        &quot;description&quot;: null,
        &quot;id&quot;: &quot;68267f89-edc4-4c6b-a72b-06381cf0e532&quot;,
        &quot;isMenu&quot;: false,
        &quot;key&quot;: &quot;Order.List&quot;,
        &quot;parentId&quot;: &quot;872b9f8c-c48d-dfeb-de32-1be0c3c38dbb&quot;,
        &quot;unAuthorizedProps&quot;: {
          &quot;visible&quot;: false,
          &quot;disabled&quot;: false
        },
        &quot;actionName&quot;: &quot;List&quot;
      },
      {
        &quot;routePath&quot;: &quot;&quot;,
        &quot;iconName&quot;: &quot;ordersSVG&quot;,
        &quot;controllerName&quot;: &quot;Order&quot;,
        &quot;name&quot;: &quot;Orders&quot;,
        &quot;displayOrder&quot;: 100,
        &quot;description&quot;: null,
        &quot;id&quot;: &quot;872b9f8c-c48d-dfeb-de32-1be0c3c38dbb&quot;,
        &quot;isMenu&quot;: true,
        &quot;key&quot;: &quot;Order.Index&quot;,
        &quot;parentId&quot;: null,
        &quot;unAuthorizedProps&quot;: {
          &quot;visible&quot;: false,
          &quot;disabled&quot;: false
        },
        &quot;actionName&quot;: &quot;Index&quot;
      },
      {
        &quot;routePath&quot;: null,
        &quot;iconName&quot;: null,
        &quot;controllerName&quot;: &quot;Order&quot;,
        &quot;name&quot;: &quot;Order ReportOrderItem&quot;,
        &quot;displayOrder&quot;: 0,
        &quot;description&quot;: null,
        &quot;id&quot;: &quot;fc541f93-e00d-4204-bc10-21a8c66281d9&quot;,
        &quot;isMenu&quot;: false,
        &quot;key&quot;: &quot;Order.ReportOrderItem&quot;,
        &quot;parentId&quot;: &quot;872b9f8c-c48d-dfeb-de32-1be0c3c38dbb&quot;,
        &quot;unAuthorizedProps&quot;: {
          &quot;visible&quot;: false,
          &quot;disabled&quot;: false
        },
        &quot;actionName&quot;: &quot;ReportOrderItem&quot;
      },
      {
        &quot;routePath&quot;: null,
        &quot;iconName&quot;: null,
        &quot;controllerName&quot;: &quot;Country&quot;,
        &quot;name&quot;: &quot;Country List&quot;,
        &quot;displayOrder&quot;: 0,
        &quot;description&quot;: null,
        &quot;id&quot;: &quot;965f2723-9852-432a-8811-6d549e75b51c&quot;,
        &quot;isMenu&quot;: false,
        &quot;key&quot;: &quot;Country.List&quot;,
        &quot;parentId&quot;: &quot;9c15db73-badc-4894-ab1b-d8261bac91c2&quot;,
        &quot;unAuthorizedProps&quot;: {
          &quot;visible&quot;: false,
          &quot;disabled&quot;: false
        },
        &quot;actionName&quot;: &quot;List&quot;
      },
      {
        &quot;routePath&quot;: &quot;employees&quot;,
        &quot;iconName&quot;: &quot;employeeSVG&quot;,
        &quot;controllerName&quot;: &quot;Employee&quot;,
        &quot;name&quot;: &quot;Employee&quot;,
        &quot;displayOrder&quot;: 630,
        &quot;description&quot;: null,
        &quot;id&quot;: &quot;e4a8e904-698e-4596-92c3-b40206b19179&quot;,
        &quot;isMenu&quot;: true,
        &quot;key&quot;: &quot;Employee.Index&quot;,
        &quot;parentId&quot;: &quot;8b04f24a-f777-5455-9d4b-5d32257d3d62&quot;,
        &quot;unAuthorizedProps&quot;: {
          &quot;visible&quot;: false,
          &quot;disabled&quot;: false
        },
        &quot;actionName&quot;: &quot;Index&quot;
      },
      {
        &quot;routePath&quot;: null,
        &quot;iconName&quot;: &quot;ListForFilter&quot;,
        &quot;controllerName&quot;: &quot;Product&quot;,
        &quot;name&quot;: &quot;Product ListForFilter&quot;,
        &quot;displayOrder&quot;: 0,
        &quot;description&quot;: null,
        &quot;id&quot;: &quot;3e7badfa-60f6-46f4-ab65-60c10cf0158c&quot;,
        &quot;isMenu&quot;: false,
        &quot;key&quot;: &quot;Product.ListForFilter&quot;,
        &quot;parentId&quot;: null,
        &quot;unAuthorizedProps&quot;: {
          &quot;visible&quot;: false,
          &quot;disabled&quot;: false
        },
        &quot;actionName&quot;: &quot;ListForFilter&quot;
      },
      {
        &quot;routePath&quot;: null,
        &quot;iconName&quot;: null,
        &quot;controllerName&quot;: &quot;MessageTemplate&quot;,
        &quot;name&quot;: &quot;Message Template List&quot;,
        &quot;displayOrder&quot;: 0,
        &quot;description&quot;: null,
        &quot;id&quot;: &quot;f8b8770e-d3de-4fb9-8785-c6a52f0a3f2a&quot;,
        &quot;isMenu&quot;: false,
        &quot;key&quot;: &quot;MessageTemplate.List&quot;,
        &quot;parentId&quot;: &quot;570b7634-2234-498f-939b-440805527121&quot;,
        &quot;unAuthorizedProps&quot;: {
          &quot;visible&quot;: false,
          &quot;disabled&quot;: false
        },
        &quot;actionName&quot;: &quot;List&quot;
      },
      {
        &quot;routePath&quot;: null,
        &quot;iconName&quot;: null,
        &quot;controllerName&quot;: &quot;Warehouse&quot;,
        &quot;name&quot;: &quot;Warehouse UpdateWarehouseExpectedQuantity&quot;,
        &quot;displayOrder&quot;: 0,
        &quot;description&quot;: null,
        &quot;id&quot;: &quot;cbe00097-f735-4207-bd4d-a2be0ea5dfd3&quot;,
        &quot;isMenu&quot;: false,
        &quot;key&quot;: &quot;Warehouse.UpdateWarehouseExpectedQuantity&quot;,
        &quot;parentId&quot;: &quot;7a99d565-0e98-95af-19bd-814011ea2417&quot;,
        &quot;unAuthorizedProps&quot;: {
          &quot;visible&quot;: false,
          &quot;disabled&quot;: false
        },
        &quot;actionName&quot;: &quot;UpdateWarehouseExpectedQuantity&quot;
      },
      {
        &quot;routePath&quot;: null,
        &quot;iconName&quot;: &quot;RemoteSearchForCampaignName&quot;,
        &quot;controllerName&quot;: &quot;Campaign&quot;,
        &quot;name&quot;: &quot;Campaign RemoteSearchForCampaignName&quot;,
        &quot;displayOrder&quot;: 0,
        &quot;description&quot;: null,
        &quot;id&quot;: &quot;1b2371cf-283a-412c-9305-3f8d91cd2cf3&quot;,
        &quot;isMenu&quot;: false,
        &quot;key&quot;: &quot;Campaign.RemoteSearchForCampaignName&quot;,
        &quot;parentId&quot;: &quot;fd2f794b-65fb-4da6-9bdb-835c466e4321&quot;,
        &quot;unAuthorizedProps&quot;: {
          &quot;visible&quot;: false,
          &quot;disabled&quot;: false
        },
        &quot;actionName&quot;: &quot;RemoteSearchForCampaignName&quot;
      },
      {
        &quot;routePath&quot;: null,
        &quot;iconName&quot;: null,
        &quot;controllerName&quot;: &quot;Permission&quot;,
        &quot;name&quot;: &quot;Permission Find&quot;,
        &quot;displayOrder&quot;: 0,
        &quot;description&quot;: null,
        &quot;id&quot;: &quot;b8acd1fb-bb0c-49b0-9fe2-22574379a94d&quot;,
        &quot;isMenu&quot;: false,
        &quot;key&quot;: &quot;Permission.Find&quot;,
        &quot;parentId&quot;: &quot;213aad81-551b-49f7-9d15-f11f5b9e7e88&quot;,
        &quot;unAuthorizedProps&quot;: {
          &quot;visible&quot;: false,
          &quot;disabled&quot;: false
        },
        &quot;actionName&quot;: &quot;Find&quot;
      },
      {
        &quot;routePath&quot;: null,
        &quot;iconName&quot;: null,
        &quot;controllerName&quot;: &quot;Banner&quot;,
        &quot;name&quot;: &quot;Banner Create&quot;,
        &quot;displayOrder&quot;: 0,
        &quot;description&quot;: null,
        &quot;id&quot;: &quot;ad417e90-0acf-4d46-a875-a4b641cedbde&quot;,
        &quot;isMenu&quot;: false,
        &quot;key&quot;: &quot;Banner.Create&quot;,
        &quot;parentId&quot;: &quot;d01dd410-27ab-4ca2-ad2e-06ed18197543&quot;,
        &quot;unAuthorizedProps&quot;: {
          &quot;visible&quot;: false,
          &quot;disabled&quot;: false
        },
        &quot;actionName&quot;: &quot;Create&quot;
      },
      {
        &quot;routePath&quot;: null,
        &quot;iconName&quot;: null,
        &quot;controllerName&quot;: &quot;Banner&quot;,
        &quot;name&quot;: &quot;Banner Edit&quot;,
        &quot;displayOrder&quot;: 0,
        &quot;description&quot;: null,
        &quot;id&quot;: &quot;b638b6e5-7d89-4ab4-9a4e-fe8b0df52e36&quot;,
        &quot;isMenu&quot;: false,
        &quot;key&quot;: &quot;Banner.Edit&quot;,
        &quot;parentId&quot;: &quot;d01dd410-27ab-4ca2-ad2e-06ed18197543&quot;,
        &quot;unAuthorizedProps&quot;: {
          &quot;visible&quot;: false,
          &quot;disabled&quot;: false
        },
        &quot;actionName&quot;: &quot;Edit&quot;
      },
      {
        &quot;routePath&quot;: null,
        &quot;iconName&quot;: null,
        &quot;controllerName&quot;: &quot;Category&quot;,
        &quot;name&quot;: &quot;Category Edit&quot;,
        &quot;displayOrder&quot;: 0,
        &quot;description&quot;: null,
        &quot;id&quot;: &quot;0aaf230e-5f92-4e49-b3c7-c20c9df44c82&quot;,
        &quot;isMenu&quot;: false,
        &quot;key&quot;: &quot;Category.Edit&quot;,
        &quot;parentId&quot;: &quot;9bbddb67-d7f2-44d3-8d09-6bd04f8b6f79&quot;,
        &quot;unAuthorizedProps&quot;: {
          &quot;visible&quot;: false,
          &quot;disabled&quot;: false
        },
        &quot;actionName&quot;: &quot;Edit&quot;
      },
      {
        &quot;routePath&quot;: null,
        &quot;iconName&quot;: null,
        &quot;controllerName&quot;: &quot;ZipCode&quot;,
        &quot;name&quot;: &quot;ZipCode Delete&quot;,
        &quot;displayOrder&quot;: 0,
        &quot;description&quot;: null,
        &quot;id&quot;: &quot;deba5d66-42eb-43d0-8ee0-6d15f3c4b34c&quot;,
        &quot;isMenu&quot;: false,
        &quot;key&quot;: &quot;ZipCode.Delete&quot;,
        &quot;parentId&quot;: &quot;8aa34e38-533b-4ab7-bad7-0eaa7b5dec9c&quot;,
        &quot;unAuthorizedProps&quot;: {
          &quot;visible&quot;: false,
          &quot;disabled&quot;: false
        },
        &quot;actionName&quot;: &quot;Delete&quot;
      },
      {
        &quot;routePath&quot;: null,
        &quot;iconName&quot;: null,
        &quot;controllerName&quot;: &quot;Rider&quot;,
        &quot;name&quot;: &quot;Rider Create&quot;,
        &quot;displayOrder&quot;: 0,
        &quot;description&quot;: null,
        &quot;id&quot;: &quot;84e2ed51-0787-4e21-b0cc-78397324e38f&quot;,
        &quot;isMenu&quot;: false,
        &quot;key&quot;: &quot;Rider.Create&quot;,
        &quot;parentId&quot;: &quot;1b716d9c-2bf6-4a16-9bd1-2214d14b6cc7&quot;,
        &quot;unAuthorizedProps&quot;: {
          &quot;visible&quot;: false,
          &quot;disabled&quot;: false
        },
        &quot;actionName&quot;: &quot;Create&quot;
      },
      {
        &quot;routePath&quot;: null,
        &quot;iconName&quot;: null,
        &quot;controllerName&quot;: &quot;Employee&quot;,
        &quot;name&quot;: &quot;Employee Delete&quot;,
        &quot;displayOrder&quot;: 0,
        &quot;description&quot;: null,
        &quot;id&quot;: &quot;b6a62bb2-7083-4534-91af-146ca008cb31&quot;,
        &quot;isMenu&quot;: false,
        &quot;key&quot;: &quot;Employee.Delete&quot;,
        &quot;parentId&quot;: &quot;e4a8e904-698e-4596-92c3-b40206b19179&quot;,
        &quot;unAuthorizedProps&quot;: {
          &quot;visible&quot;: false,
          &quot;disabled&quot;: false
        },
        &quot;actionName&quot;: &quot;Delete&quot;
      },
      {
        &quot;routePath&quot;: &quot;active-orders&quot;,
        &quot;iconName&quot;: &quot;activeOrderSVG&quot;,
        &quot;controllerName&quot;: &quot;Order&quot;,
        &quot;name&quot;: &quot;Active Orders&quot;,
        &quot;displayOrder&quot;: 120,
        &quot;description&quot;: null,
        &quot;id&quot;: &quot;960eff6d-a581-4a4e-991b-a0b5c9881f14&quot;,
        &quot;isMenu&quot;: true,
        &quot;key&quot;: &quot;Order.Active&quot;,
        &quot;parentId&quot;: &quot;872b9f8c-c48d-dfeb-de32-1be0c3c38dbb&quot;,
        &quot;unAuthorizedProps&quot;: {
          &quot;visible&quot;: false,
          &quot;disabled&quot;: false
        },
        &quot;actionName&quot;: &quot;Active&quot;
      },
      {
        &quot;routePath&quot;: null,
        &quot;iconName&quot;: null,
        &quot;controllerName&quot;: &quot;MessageTemplate&quot;,
        &quot;name&quot;: &quot;Message Template Edit&quot;,
        &quot;displayOrder&quot;: 0,
        &quot;description&quot;: null,
        &quot;id&quot;: &quot;3cf8a343-ba23-4210-9f73-884eb309a3b4&quot;,
        &quot;isMenu&quot;: false,
        &quot;key&quot;: &quot;MessageTemplate.Edit&quot;,
        &quot;parentId&quot;: &quot;570b7634-2234-498f-939b-440805527121&quot;,
        &quot;unAuthorizedProps&quot;: {
          &quot;visible&quot;: false,
          &quot;disabled&quot;: false
        },
        &quot;actionName&quot;: &quot;Edit&quot;
      },
      {
        &quot;routePath&quot;: null,
        &quot;iconName&quot;: null,
        &quot;controllerName&quot;: &quot;MessageTemplate&quot;,
        &quot;name&quot;: &quot;Message Template Delete&quot;,
        &quot;displayOrder&quot;: 0,
        &quot;description&quot;: null,
        &quot;id&quot;: &quot;6829e619-f27c-415b-abf5-653573cb4ed5&quot;,
        &quot;isMenu&quot;: false,
        &quot;key&quot;: &quot;MessageTemplate.Delete&quot;,
        &quot;parentId&quot;: &quot;570b7634-2234-498f-939b-440805527121&quot;,
        &quot;unAuthorizedProps&quot;: {
          &quot;visible&quot;: false,
          &quot;disabled&quot;: false
        },
        &quot;actionName&quot;: &quot;Delete&quot;
      },
      {
        &quot;routePath&quot;: null,
        &quot;iconName&quot;: null,
        &quot;controllerName&quot;: &quot;Role&quot;,
        &quot;name&quot;: &quot;Role Create&quot;,
        &quot;displayOrder&quot;: 0,
        &quot;description&quot;: null,
        &quot;id&quot;: &quot;b29c939f-9d31-4a77-ab10-43b6363c9ca7&quot;,
        &quot;isMenu&quot;: false,
        &quot;key&quot;: &quot;Role.Create&quot;,
        &quot;parentId&quot;: &quot;e98d2f21-52f8-41cb-9b3f-fe979b5f0578&quot;,
        &quot;unAuthorizedProps&quot;: {
          &quot;visible&quot;: false,
          &quot;disabled&quot;: false
        },
        &quot;actionName&quot;: &quot;Create&quot;
      },
      {
        &quot;routePath&quot;: null,
        &quot;iconName&quot;: null,
        &quot;controllerName&quot;: &quot;County&quot;,
        &quot;name&quot;: &quot;County Create&quot;,
        &quot;displayOrder&quot;: 0,
        &quot;description&quot;: null,
        &quot;id&quot;: &quot;b0718fbd-a486-4f05-9804-82c5e474efb7&quot;,
        &quot;isMenu&quot;: false,
        &quot;key&quot;: &quot;County.Create&quot;,
        &quot;parentId&quot;: &quot;28a7ee86-bfd8-408f-97d3-82a96e1cbcc6&quot;,
        &quot;unAuthorizedProps&quot;: {
          &quot;visible&quot;: false,
          &quot;disabled&quot;: false
        },
        &quot;actionName&quot;: &quot;Create&quot;
      },
      {
        &quot;routePath&quot;: null,
        &quot;iconName&quot;: null,
        &quot;controllerName&quot;: &quot;Language&quot;,
        &quot;name&quot;: &quot;Language Edit&quot;,
        &quot;displayOrder&quot;: 0,
        &quot;description&quot;: null,
        &quot;id&quot;: &quot;765464f2-8b9f-4234-ac07-063e06f3e9f2&quot;,
        &quot;isMenu&quot;: false,
        &quot;key&quot;: &quot;Language.Edit&quot;,
        &quot;parentId&quot;: &quot;7d117917-ff5a-448f-ae1c-71b123ffabc0&quot;,
        &quot;unAuthorizedProps&quot;: {
          &quot;visible&quot;: false,
          &quot;disabled&quot;: false
        },
        &quot;actionName&quot;: &quot;Edit&quot;
      },
      {
        &quot;routePath&quot;: null,
        &quot;iconName&quot;: null,
        &quot;controllerName&quot;: &quot;ServiceArea&quot;,
        &quot;name&quot;: &quot;ServiceArea UpdateStatus&quot;,
        &quot;displayOrder&quot;: 0,
        &quot;description&quot;: null,
        &quot;id&quot;: &quot;13514276-84ab-43d6-8542-5f166acb9b80&quot;,
        &quot;isMenu&quot;: false,
        &quot;key&quot;: &quot;ServiceArea.UpdateStatus&quot;,
        &quot;parentId&quot;: &quot;6510260c-2670-4f71-96ed-8f12986fb9cf&quot;,
        &quot;unAuthorizedProps&quot;: {
          &quot;visible&quot;: false,
          &quot;disabled&quot;: false
        },
        &quot;actionName&quot;: &quot;UpdateStatus&quot;
      },
      {
        &quot;routePath&quot;: null,
        &quot;iconName&quot;: null,
        &quot;controllerName&quot;: &quot;Language&quot;,
        &quot;name&quot;: &quot;Language Create&quot;,
        &quot;displayOrder&quot;: 0,
        &quot;description&quot;: null,
        &quot;id&quot;: &quot;70055253-2953-481a-ad68-308069f59188&quot;,
        &quot;isMenu&quot;: false,
        &quot;key&quot;: &quot;Language.Create&quot;,
        &quot;parentId&quot;: &quot;7d117917-ff5a-448f-ae1c-71b123ffabc0&quot;,
        &quot;unAuthorizedProps&quot;: {
          &quot;visible&quot;: false,
          &quot;disabled&quot;: false
        },
        &quot;actionName&quot;: &quot;Create&quot;
      },
      {
        &quot;routePath&quot;: null,
        &quot;iconName&quot;: null,
        &quot;controllerName&quot;: &quot;Banner&quot;,
        &quot;name&quot;: &quot;Banner List&quot;,
        &quot;displayOrder&quot;: 0,
        &quot;description&quot;: null,
        &quot;id&quot;: &quot;2af1fb3b-36bf-4379-b7a6-03f3e68742b2&quot;,
        &quot;isMenu&quot;: false,
        &quot;key&quot;: &quot;Banner.List&quot;,
        &quot;parentId&quot;: &quot;d01dd410-27ab-4ca2-ad2e-06ed18197543&quot;,
        &quot;unAuthorizedProps&quot;: {
          &quot;visible&quot;: false,
          &quot;disabled&quot;: false
        },
        &quot;actionName&quot;: &quot;List&quot;
      },
      {
        &quot;routePath&quot;: null,
        &quot;iconName&quot;: &quot;orders&quot;,
        &quot;controllerName&quot;: &quot;DriverApp&quot;,
        &quot;name&quot;: &quot;Orders&quot;,
        &quot;displayOrder&quot;: 0,
        &quot;description&quot;: &quot;&quot;,
        &quot;id&quot;: &quot;6fa1df30-c04b-4bef-a1d1-a67c2748e0b4&quot;,
        &quot;isMenu&quot;: true,
        &quot;key&quot;: &quot;DriverApp.Orders&quot;,
        &quot;parentId&quot;: &quot;673cefc5-8638-47b5-9440-8f3fa459f0b1&quot;,
        &quot;unAuthorizedProps&quot;: {
          &quot;visible&quot;: false,
          &quot;disabled&quot;: false
        },
        &quot;actionName&quot;: &quot;Orders&quot;
      },
      {
        &quot;routePath&quot;: null,
        &quot;iconName&quot;: &quot;blackListSVG&quot;,
        &quot;controllerName&quot;: &quot;BlackList&quot;,
        &quot;name&quot;: &quot;Black List Find&quot;,
        &quot;displayOrder&quot;: 0,
        &quot;description&quot;: null,
        &quot;id&quot;: &quot;e8a2ad2f-7dad-41a3-9696-6adefc308eb8&quot;,
        &quot;isMenu&quot;: false,
        &quot;key&quot;: &quot;BlackList.Find&quot;,
        &quot;parentId&quot;: &quot;d273c43d-77c8-4b88-8d35-9ec20a90bd11&quot;,
        &quot;unAuthorizedProps&quot;: {
          &quot;visible&quot;: false,
          &quot;disabled&quot;: false
        },
        &quot;actionName&quot;: &quot;Find&quot;
      },
      {
        &quot;routePath&quot;: null,
        &quot;iconName&quot;: &quot;ExportForFilter&quot;,
        &quot;controllerName&quot;: &quot;Product&quot;,
        &quot;name&quot;: &quot;Product ExportForFilter&quot;,
        &quot;displayOrder&quot;: 0,
        &quot;description&quot;: null,
        &quot;id&quot;: &quot;c6781e0f-f938-4907-8dc5-a17d241a8148&quot;,
        &quot;isMenu&quot;: false,
        &quot;key&quot;: &quot;Product.ExportForFilter&quot;,
        &quot;parentId&quot;: &quot;1858607f-58c2-4c69-8078-f2756c5ca81e&quot;,
        &quot;unAuthorizedProps&quot;: {
          &quot;visible&quot;: false,
          &quot;disabled&quot;: false
        },
        &quot;actionName&quot;: &quot;ExportForFilter&quot;
      },
      {
        &quot;routePath&quot;: null,
        &quot;iconName&quot;: &quot;auditSVG&quot;,
        &quot;controllerName&quot;: &quot;Audit&quot;,
        &quot;name&quot;: &quot;Audit ListForFilter&quot;,
        &quot;displayOrder&quot;: 100000,
        &quot;description&quot;: null,
        &quot;id&quot;: &quot;6db73bbc-1114-4e80-a30d-424386ffd8f5&quot;,
        &quot;isMenu&quot;: false,
        &quot;key&quot;: &quot;Audit.ListForFilter&quot;,
        &quot;parentId&quot;: &quot;76070de9-f4f5-4096-aa99-2d2bac586b44&quot;,
        &quot;unAuthorizedProps&quot;: {
          &quot;visible&quot;: false,
          &quot;disabled&quot;: false
        },
        &quot;actionName&quot;: &quot;ListForFilter&quot;
      },
      {
        &quot;routePath&quot;: null,
        &quot;iconName&quot;: null,
        &quot;controllerName&quot;: &quot;County&quot;,
        &quot;name&quot;: &quot;County Find&quot;,
        &quot;displayOrder&quot;: 0,
        &quot;description&quot;: null,
        &quot;id&quot;: &quot;d82e0244-f728-4651-b0dc-37ee070aacef&quot;,
        &quot;isMenu&quot;: false,
        &quot;key&quot;: &quot;County.Find&quot;,
        &quot;parentId&quot;: &quot;28a7ee86-bfd8-408f-97d3-82a96e1cbcc6&quot;,
        &quot;unAuthorizedProps&quot;: {
          &quot;visible&quot;: false,
          &quot;disabled&quot;: false
        },
        &quot;actionName&quot;: &quot;Find&quot;
      },
      {
        &quot;routePath&quot;: null,
        &quot;iconName&quot;: null,
        &quot;controllerName&quot;: &quot;Customer&quot;,
        &quot;name&quot;: &quot;Customer Delete&quot;,
        &quot;displayOrder&quot;: 0,
        &quot;description&quot;: null,
        &quot;id&quot;: &quot;f347f3bc-6802-4ec4-82ef-220e0032ab69&quot;,
        &quot;isMenu&quot;: false,
        &quot;key&quot;: &quot;Customer.Delete&quot;,
        &quot;parentId&quot;: &quot;07b60a01-5846-422c-b1c6-1c7a382dbd0e&quot;,
        &quot;unAuthorizedProps&quot;: {
          &quot;visible&quot;: false,
          &quot;disabled&quot;: false
        },
        &quot;actionName&quot;: &quot;Delete&quot;
      },
      {
        &quot;routePath&quot;: null,
        &quot;iconName&quot;: null,
        &quot;controllerName&quot;: &quot;Warehouse&quot;,
        &quot;name&quot;: &quot;Warehouse Edit&quot;,
        &quot;displayOrder&quot;: 0,
        &quot;description&quot;: null,
        &quot;id&quot;: &quot;8897a642-3ebb-4ed8-a71f-8dbe303509f6&quot;,
        &quot;isMenu&quot;: false,
        &quot;key&quot;: &quot;Warehouse.Edit&quot;,
        &quot;parentId&quot;: &quot;7a99d565-0e98-95af-19bd-814011ea2417&quot;,
        &quot;unAuthorizedProps&quot;: {
          &quot;visible&quot;: false,
          &quot;disabled&quot;: false
        },
        &quot;actionName&quot;: &quot;Edit&quot;
      },
      {
        &quot;routePath&quot;: null,
        &quot;iconName&quot;: null,
        &quot;controllerName&quot;: &quot;MessageTemplate&quot;,
        &quot;name&quot;: &quot;Message Template Create&quot;,
        &quot;displayOrder&quot;: 0,
        &quot;description&quot;: null,
        &quot;id&quot;: &quot;87fde03a-f96f-4317-a8e2-0b2790460da2&quot;,
        &quot;isMenu&quot;: false,
        &quot;key&quot;: &quot;MessageTemplate.Create&quot;,
        &quot;parentId&quot;: &quot;570b7634-2234-498f-939b-440805527121&quot;,
        &quot;unAuthorizedProps&quot;: {
          &quot;visible&quot;: false,
          &quot;disabled&quot;: false
        },
        &quot;actionName&quot;: &quot;Create&quot;
      },
      {
        &quot;routePath&quot;: null,
        &quot;iconName&quot;: null,
        &quot;controllerName&quot;: &quot;ServiceArea&quot;,
        &quot;name&quot;: &quot;ServiceArea Import&quot;,
        &quot;displayOrder&quot;: 0,
        &quot;description&quot;: null,
        &quot;id&quot;: &quot;6652b5a5-e837-4941-9c9c-e6cc2ae53745&quot;,
        &quot;isMenu&quot;: false,
        &quot;key&quot;: &quot;ServiceArea.Import&quot;,
        &quot;parentId&quot;: &quot;6510260c-2670-4f71-96ed-8f12986fb9cf&quot;,
        &quot;unAuthorizedProps&quot;: {
          &quot;visible&quot;: false,
          &quot;disabled&quot;: false
        },
        &quot;actionName&quot;: &quot;Import&quot;
      },
      {
        &quot;routePath&quot;: null,
        &quot;iconName&quot;: null,
        &quot;controllerName&quot;: &quot;LocaleResource&quot;,
        &quot;name&quot;: &quot;LocaleResource Create&quot;,
        &quot;displayOrder&quot;: 0,
        &quot;description&quot;: null,
        &quot;id&quot;: &quot;46f8f313-95b6-4848-9004-c69ec2dc12f4&quot;,
        &quot;isMenu&quot;: false,
        &quot;key&quot;: &quot;LocaleResource.Create&quot;,
        &quot;parentId&quot;: &quot;4c1a6c0d-765c-444a-b7c8-49e99f61d47b&quot;,
        &quot;unAuthorizedProps&quot;: {
          &quot;visible&quot;: false,
          &quot;disabled&quot;: false
        },
        &quot;actionName&quot;: &quot;Create&quot;
      },
      {
        &quot;routePath&quot;: null,
        &quot;iconName&quot;: null,
        &quot;controllerName&quot;: &quot;Customer&quot;,
        &quot;name&quot;: &quot;Customer Create&quot;,
        &quot;displayOrder&quot;: 0,
        &quot;description&quot;: null,
        &quot;id&quot;: &quot;d6fdfd07-b0f1-44ef-898b-22906287c3ef&quot;,
        &quot;isMenu&quot;: false,
        &quot;key&quot;: &quot;Customer.Create&quot;,
        &quot;parentId&quot;: &quot;07b60a01-5846-422c-b1c6-1c7a382dbd0e&quot;,
        &quot;unAuthorizedProps&quot;: {
          &quot;visible&quot;: false,
          &quot;disabled&quot;: false
        },
        &quot;actionName&quot;: &quot;Create&quot;
      },
      {
        &quot;routePath&quot;: null,
        &quot;iconName&quot;: null,
        &quot;controllerName&quot;: &quot;Banner&quot;,
        &quot;name&quot;: &quot;Banner Update Display Order&quot;,
        &quot;displayOrder&quot;: 0,
        &quot;description&quot;: null,
        &quot;id&quot;: &quot;a578fd4b-564e-4d88-87d1-aabbb183a21a&quot;,
        &quot;isMenu&quot;: false,
        &quot;key&quot;: &quot;Banner.UpdateBannerDisplayOrder&quot;,
        &quot;parentId&quot;: &quot;d01dd410-27ab-4ca2-ad2e-06ed18197543&quot;,
        &quot;unAuthorizedProps&quot;: {
          &quot;visible&quot;: false,
          &quot;disabled&quot;: false
        },
        &quot;actionName&quot;: &quot;UpdateBannerDisplayOrder&quot;
      },
      {
        &quot;routePath&quot;: null,
        &quot;iconName&quot;: null,
        &quot;controllerName&quot;: &quot;Address&quot;,
        &quot;name&quot;: &quot;Address Find&quot;,
        &quot;displayOrder&quot;: 0,
        &quot;description&quot;: null,
        &quot;id&quot;: &quot;69cd17c7-88f0-435d-9e1c-e3a178d79e21&quot;,
        &quot;isMenu&quot;: false,
        &quot;key&quot;: &quot;Address.Find&quot;,
        &quot;parentId&quot;: &quot;c3c514ef-1964-4c94-b13a-8bdd83a5b1cb&quot;,
        &quot;unAuthorizedProps&quot;: {
          &quot;visible&quot;: false,
          &quot;disabled&quot;: false
        },
        &quot;actionName&quot;: &quot;Find&quot;
      },
      {
        &quot;routePath&quot;: null,
        &quot;iconName&quot;: &quot;driverApp&quot;,
        &quot;controllerName&quot;: &quot;DriverApp&quot;,
        &quot;name&quot;: &quot;Driver Permissions&quot;,
        &quot;displayOrder&quot;: 0,
        &quot;description&quot;: null,
        &quot;id&quot;: &quot;673cefc5-8638-47b5-9440-8f3fa459f0b1&quot;,
        &quot;isMenu&quot;: false,
        &quot;key&quot;: &quot;DriverApp.Index&quot;,
        &quot;parentId&quot;: null,
        &quot;unAuthorizedProps&quot;: {
          &quot;visible&quot;: false,
          &quot;disabled&quot;: false
        },
        &quot;actionName&quot;: &quot;Index&quot;
      },
      {
        &quot;routePath&quot;: null,
        &quot;iconName&quot;: &quot;RemoteSearchForLocation&quot;,
        &quot;controllerName&quot;: &quot;Product&quot;,
        &quot;name&quot;: &quot;Product RemoteSearchForLocation&quot;,
        &quot;displayOrder&quot;: 0,
        &quot;description&quot;: null,
        &quot;id&quot;: &quot;9c90fc94-df36-4459-9a3b-c01d1f4f2211&quot;,
        &quot;isMenu&quot;: false,
        &quot;key&quot;: &quot;Product.RemoteSearchForLocation&quot;,
        &quot;parentId&quot;: &quot;1858607f-58c2-4c69-8078-f2756c5ca81e&quot;,
        &quot;unAuthorizedProps&quot;: {
          &quot;visible&quot;: false,
          &quot;disabled&quot;: false
        },
        &quot;actionName&quot;: &quot;RemoteSearchForLocation&quot;
      },
      {
        &quot;routePath&quot;: null,
        &quot;iconName&quot;: null,
        &quot;controllerName&quot;: &quot;Order&quot;,
        &quot;name&quot;: &quot;Order Cancel&quot;,
        &quot;displayOrder&quot;: 0,
        &quot;description&quot;: null,
        &quot;id&quot;: &quot;f92b5f11-f8e9-4754-85e0-f5d8666c620f&quot;,
        &quot;isMenu&quot;: false,
        &quot;key&quot;: &quot;Order.Cancel&quot;,
        &quot;parentId&quot;: &quot;872b9f8c-c48d-dfeb-de32-1be0c3c38dbb&quot;,
        &quot;unAuthorizedProps&quot;: {
          &quot;visible&quot;: false,
          &quot;disabled&quot;: false
        },
        &quot;actionName&quot;: &quot;Cancel&quot;
      },
      {
        &quot;routePath&quot;: null,
        &quot;iconName&quot;: null,
        &quot;controllerName&quot;: &quot;Category&quot;,
        &quot;name&quot;: &quot;Category UploadImage&quot;,
        &quot;displayOrder&quot;: 0,
        &quot;description&quot;: null,
        &quot;id&quot;: &quot;ae860d95-cc13-4b86-a535-202aa716c973&quot;,
        &quot;isMenu&quot;: false,
        &quot;key&quot;: &quot;Category.UploadImage&quot;,
        &quot;parentId&quot;: &quot;9bbddb67-d7f2-44d3-8d09-6bd04f8b6f79&quot;,
        &quot;unAuthorizedProps&quot;: {
          &quot;visible&quot;: false,
          &quot;disabled&quot;: false
        },
        &quot;actionName&quot;: &quot;UploadImage&quot;
      },
      {
        &quot;routePath&quot;: null,
        &quot;iconName&quot;: null,
        &quot;controllerName&quot;: &quot;Warehouse&quot;,
        &quot;name&quot;: &quot;Warehouse UpdateWarehouseQuantity&quot;,
        &quot;displayOrder&quot;: 0,
        &quot;description&quot;: null,
        &quot;id&quot;: &quot;95ea9fb5-2548-4bf4-bcad-937757b47ea9&quot;,
        &quot;isMenu&quot;: false,
        &quot;key&quot;: &quot;Warehouse.UpdateWarehouseQuantity&quot;,
        &quot;parentId&quot;: &quot;7a99d565-0e98-95af-19bd-814011ea2417&quot;,
        &quot;unAuthorizedProps&quot;: {
          &quot;visible&quot;: false,
          &quot;disabled&quot;: false
        },
        &quot;actionName&quot;: &quot;UpdateWarehouseQuantity&quot;
      },
      {
        &quot;routePath&quot;: null,
        &quot;iconName&quot;: null,
        &quot;controllerName&quot;: &quot;Warehouse&quot;,
        &quot;name&quot;: &quot;Warehouse Find&quot;,
        &quot;displayOrder&quot;: 0,
        &quot;description&quot;: null,
        &quot;id&quot;: &quot;15cd689d-00ad-40d4-9b1d-7a231ecb323e&quot;,
        &quot;isMenu&quot;: false,
        &quot;key&quot;: &quot;Warehouse.Find&quot;,
        &quot;parentId&quot;: &quot;7a99d565-0e98-95af-19bd-814011ea2417&quot;,
        &quot;unAuthorizedProps&quot;: {
          &quot;visible&quot;: false,
          &quot;disabled&quot;: false
        },
        &quot;actionName&quot;: &quot;Find&quot;
      },
      {
        &quot;routePath&quot;: &quot;inventory&quot;,
        &quot;iconName&quot;: &quot;inventorySVG&quot;,
        &quot;controllerName&quot;: &quot;Inventory&quot;,
        &quot;name&quot;: &quot;Inventory&quot;,
        &quot;displayOrder&quot;: 400,
        &quot;description&quot;: null,
        &quot;id&quot;: &quot;40fdcf04-65b5-4fc0-8e17-ddd1f84b1b0a&quot;,
        &quot;isMenu&quot;: true,
        &quot;key&quot;: &quot;Inventory.Index&quot;,
        &quot;parentId&quot;: null,
        &quot;unAuthorizedProps&quot;: {
          &quot;visible&quot;: false,
          &quot;disabled&quot;: false
        },
        &quot;actionName&quot;: &quot;Index&quot;
      },
      {
        &quot;routePath&quot;: null,
        &quot;iconName&quot;: null,
        &quot;controllerName&quot;: &quot;Customer&quot;,
        &quot;name&quot;: &quot;Customer ListForCouponCode&quot;,
        &quot;displayOrder&quot;: 0,
        &quot;description&quot;: null,
        &quot;id&quot;: &quot;9ace28d6-ab7f-4459-a605-232a0b6d2a77&quot;,
        &quot;isMenu&quot;: false,
        &quot;key&quot;: &quot;Customer.ListForCouponCode&quot;,
        &quot;parentId&quot;: &quot;07b60a01-5846-422c-b1c6-1c7a382dbd0e&quot;,
        &quot;unAuthorizedProps&quot;: {
          &quot;visible&quot;: false,
          &quot;disabled&quot;: false
        },
        &quot;actionName&quot;: &quot;ListForCouponCode&quot;
      },
      {
        &quot;routePath&quot;: null,
        &quot;iconName&quot;: null,
        &quot;controllerName&quot;: &quot;Campaign&quot;,
        &quot;name&quot;: &quot;Campaign Delete&quot;,
        &quot;displayOrder&quot;: 0,
        &quot;description&quot;: null,
        &quot;id&quot;: &quot;fd0189db-b2a0-4e72-ae4f-bfc608a105cc&quot;,
        &quot;isMenu&quot;: false,
        &quot;key&quot;: &quot;Campaign.Delete&quot;,
        &quot;parentId&quot;: &quot;fd2f794b-65fb-4da6-9bdb-835c466e4321&quot;,
        &quot;unAuthorizedProps&quot;: {
          &quot;visible&quot;: false,
          &quot;disabled&quot;: false
        },
        &quot;actionName&quot;: &quot;Delete&quot;
      },
      {
        &quot;routePath&quot;: null,
        &quot;iconName&quot;: &quot;Edit&quot;,
        &quot;controllerName&quot;: &quot;Product&quot;,
        &quot;name&quot;: &quot;Product Edit&quot;,
        &quot;displayOrder&quot;: 0,
        &quot;description&quot;: null,
        &quot;id&quot;: &quot;14e27911-45ec-4d84-8519-6c780671a1d4&quot;,
        &quot;isMenu&quot;: false,
        &quot;key&quot;: &quot;Product.Edit&quot;,
        &quot;parentId&quot;: &quot;1858607f-58c2-4c69-8078-f2756c5ca81e&quot;,
        &quot;unAuthorizedProps&quot;: {
          &quot;visible&quot;: false,
          &quot;disabled&quot;: false
        },
        &quot;actionName&quot;: &quot;Edit&quot;
      },
      {
        &quot;routePath&quot;: null,
        &quot;iconName&quot;: &quot;categorySVG&quot;,
        &quot;controllerName&quot;: &quot;Catalog&quot;,
        &quot;name&quot;: &quot;Catalog&quot;,
        &quot;displayOrder&quot;: 300,
        &quot;description&quot;: null,
        &quot;id&quot;: &quot;8b40e125-ffeb-4cf1-ba4b-0ac72aac09d9&quot;,
        &quot;isMenu&quot;: true,
        &quot;key&quot;: &quot;Catalog.Index&quot;,
        &quot;parentId&quot;: null,
        &quot;unAuthorizedProps&quot;: {
          &quot;visible&quot;: false,
          &quot;disabled&quot;: false
        },
        &quot;actionName&quot;: &quot;Index&quot;
      },
      {
        &quot;routePath&quot;: null,
        &quot;iconName&quot;: null,
        &quot;controllerName&quot;: &quot;Rider&quot;,
        &quot;name&quot;: &quot;List Warehouse&quot;,
        &quot;displayOrder&quot;: 0,
        &quot;description&quot;: null,
        &quot;id&quot;: &quot;b3974f99-cfc1-4eea-a71d-cb2d63fbe23b&quot;,
        &quot;isMenu&quot;: false,
        &quot;key&quot;: &quot;Rider.ListWarehouse&quot;,
        &quot;parentId&quot;: &quot;1b716d9c-2bf6-4a16-9bd1-2214d14b6cc7&quot;,
        &quot;unAuthorizedProps&quot;: {
          &quot;visible&quot;: false,
          &quot;disabled&quot;: false
        },
        &quot;actionName&quot;: &quot;ListWarehouse&quot;
      },
      {
        &quot;routePath&quot;: null,
        &quot;iconName&quot;: null,
        &quot;controllerName&quot;: &quot;ZipCode&quot;,
        &quot;name&quot;: &quot;ZipCode Find&quot;,
        &quot;displayOrder&quot;: 0,
        &quot;description&quot;: null,
        &quot;id&quot;: &quot;6ce0a1fe-663d-4167-9095-41ead097b95d&quot;,
        &quot;isMenu&quot;: false,
        &quot;key&quot;: &quot;ZipCode.Find&quot;,
        &quot;parentId&quot;: &quot;8aa34e38-533b-4ab7-bad7-0eaa7b5dec9c&quot;,
        &quot;unAuthorizedProps&quot;: {
          &quot;visible&quot;: false,
          &quot;disabled&quot;: false
        },
        &quot;actionName&quot;: &quot;Find&quot;
      },
      {
        &quot;routePath&quot;: null,
        &quot;iconName&quot;: null,
        &quot;controllerName&quot;: &quot;Country&quot;,
        &quot;name&quot;: &quot;Country Index&quot;,
        &quot;displayOrder&quot;: 0,
        &quot;description&quot;: null,
        &quot;id&quot;: &quot;9c15db73-badc-4894-ab1b-d8261bac91c2&quot;,
        &quot;isMenu&quot;: false,
        &quot;key&quot;: &quot;Country.Index&quot;,
        &quot;parentId&quot;: null,
        &quot;unAuthorizedProps&quot;: {
          &quot;visible&quot;: false,
          &quot;disabled&quot;: false
        },
        &quot;actionName&quot;: &quot;Index&quot;
      },
      {
        &quot;routePath&quot;: &quot;campaigns&quot;,
        &quot;iconName&quot;: &quot;campaignSVG&quot;,
        &quot;controllerName&quot;: &quot;Campaign&quot;,
        &quot;name&quot;: &quot;Campaigns&quot;,
        &quot;displayOrder&quot;: 200,
        &quot;description&quot;: null,
        &quot;id&quot;: &quot;fd2f794b-65fb-4da6-9bdb-835c466e4321&quot;,
        &quot;isMenu&quot;: true,
        &quot;key&quot;: &quot;Campaign.Index&quot;,
        &quot;parentId&quot;: null,
        &quot;unAuthorizedProps&quot;: {
          &quot;visible&quot;: false,
          &quot;disabled&quot;: false
        },
        &quot;actionName&quot;: &quot;Index&quot;
      },
      {
        &quot;routePath&quot;: &quot;&quot;,
        &quot;iconName&quot;: &quot;resourcesSVG&quot;,
        &quot;controllerName&quot;: &quot;Resource&quot;,
        &quot;name&quot;: &quot;Resources&quot;,
        &quot;displayOrder&quot;: 900,
        &quot;description&quot;: null,
        &quot;id&quot;: &quot;8f4ea0ae-2382-4769-8584-5f2f2b1520c8&quot;,
        &quot;isMenu&quot;: true,
        &quot;key&quot;: &quot;Resource.Index&quot;,
        &quot;parentId&quot;: null,
        &quot;unAuthorizedProps&quot;: {
          &quot;visible&quot;: false,
          &quot;disabled&quot;: false
        },
        &quot;actionName&quot;: &quot;Index&quot;
      },
      {
        &quot;routePath&quot;: null,
        &quot;iconName&quot;: null,
        &quot;controllerName&quot;: &quot;State&quot;,
        &quot;name&quot;: &quot;State Index&quot;,
        &quot;displayOrder&quot;: 0,
        &quot;description&quot;: null,
        &quot;id&quot;: &quot;4842baa6-3b5e-40d1-ba2c-aa896962f8a7&quot;,
        &quot;isMenu&quot;: false,
        &quot;key&quot;: &quot;State.Index&quot;,
        &quot;parentId&quot;: null,
        &quot;unAuthorizedProps&quot;: {
          &quot;visible&quot;: false,
          &quot;disabled&quot;: false
        },
        &quot;actionName&quot;: &quot;Index&quot;
      },
      {
        &quot;routePath&quot;: null,
        &quot;iconName&quot;: null,
        &quot;controllerName&quot;: &quot;Order&quot;,
        &quot;name&quot;: &quot;Order Create&quot;,
        &quot;displayOrder&quot;: 0,
        &quot;description&quot;: null,
        &quot;id&quot;: &quot;5c9d78b5-a896-4f09-81f5-3772241f9c78&quot;,
        &quot;isMenu&quot;: false,
        &quot;key&quot;: &quot;Order.Create&quot;,
        &quot;parentId&quot;: &quot;872b9f8c-c48d-dfeb-de32-1be0c3c38dbb&quot;,
        &quot;unAuthorizedProps&quot;: {
          &quot;visible&quot;: false,
          &quot;disabled&quot;: false
        },
        &quot;actionName&quot;: &quot;Create&quot;
      },
      {
        &quot;routePath&quot;: null,
        &quot;iconName&quot;: &quot;blackListSVG&quot;,
        &quot;controllerName&quot;: &quot;BlackList&quot;,
        &quot;name&quot;: &quot;Black List Delete&quot;,
        &quot;displayOrder&quot;: 0,
        &quot;description&quot;: null,
        &quot;id&quot;: &quot;ac6ae6a5-d189-4a17-b8a0-26fbbc3f6e27&quot;,
        &quot;isMenu&quot;: false,
        &quot;key&quot;: &quot;BlackList.Delete&quot;,
        &quot;parentId&quot;: &quot;d273c43d-77c8-4b88-8d35-9ec20a90bd11&quot;,
        &quot;unAuthorizedProps&quot;: {
          &quot;visible&quot;: false,
          &quot;disabled&quot;: false
        },
        &quot;actionName&quot;: &quot;Delete&quot;
      },
      {
        &quot;routePath&quot;: null,
        &quot;iconName&quot;: null,
        &quot;controllerName&quot;: &quot;Role&quot;,
        &quot;name&quot;: &quot;Role Find&quot;,
        &quot;displayOrder&quot;: 0,
        &quot;description&quot;: null,
        &quot;id&quot;: &quot;93ff5806-4453-44a3-bc9b-557783976d40&quot;,
        &quot;isMenu&quot;: false,
        &quot;key&quot;: &quot;Role.Find&quot;,
        &quot;parentId&quot;: &quot;e98d2f21-52f8-41cb-9b3f-fe979b5f0578&quot;,
        &quot;unAuthorizedProps&quot;: {
          &quot;visible&quot;: false,
          &quot;disabled&quot;: false
        },
        &quot;actionName&quot;: &quot;Find&quot;
      },
      {
        &quot;routePath&quot;: null,
        &quot;iconName&quot;: &quot;RemoteSearchForSubCategories&quot;,
        &quot;controllerName&quot;: &quot;Category&quot;,
        &quot;name&quot;: &quot;Category RemoteSearchForSubCategories&quot;,
        &quot;displayOrder&quot;: 0,
        &quot;description&quot;: null,
        &quot;id&quot;: &quot;6db1a08e-e179-4c17-9191-fa48c4e91f43&quot;,
        &quot;isMenu&quot;: false,
        &quot;key&quot;: &quot;Category.RemoteSearchForSubCategories&quot;,
        &quot;parentId&quot;: &quot;501d66f1-cdeb-4f10-85d2-6e00d60e36c9&quot;,
        &quot;unAuthorizedProps&quot;: {
          &quot;visible&quot;: false,
          &quot;disabled&quot;: false
        },
        &quot;actionName&quot;: &quot;RemoteSearchForSubCategories&quot;
      },
      {
        &quot;routePath&quot;: null,
        &quot;iconName&quot;: null,
        &quot;controllerName&quot;: &quot;Warehouse&quot;,
        &quot;name&quot;: &quot;Warehouse ImportWarehouseStock&quot;,
        &quot;displayOrder&quot;: 0,
        &quot;description&quot;: null,
        &quot;id&quot;: &quot;32b123d7-64e0-437b-85ee-e231221123c4&quot;,
        &quot;isMenu&quot;: false,
        &quot;key&quot;: &quot;Warehouse.ImportWarehouseStock&quot;,
        &quot;parentId&quot;: &quot;7a99d565-0e98-95af-19bd-814011ea2417&quot;,
        &quot;unAuthorizedProps&quot;: {
          &quot;visible&quot;: false,
          &quot;disabled&quot;: false
        },
        &quot;actionName&quot;: &quot;ImportWarehouseStock&quot;
      },
      {
        &quot;routePath&quot;: &quot;&quot;,
        &quot;iconName&quot;: &quot;&quot;,
        &quot;controllerName&quot;: &quot;Category&quot;,
        &quot;name&quot;: &quot;Category DeleteImage&quot;,
        &quot;displayOrder&quot;: 0,
        &quot;description&quot;: &quot;&quot;,
        &quot;id&quot;: &quot;abfccc7e-7b90-4102-a774-6064c670950a&quot;,
        &quot;isMenu&quot;: false,
        &quot;key&quot;: &quot;Category.DeleteImage&quot;,
        &quot;parentId&quot;: &quot;9bbddb67-d7f2-44d3-8d09-6bd04f8b6f79&quot;,
        &quot;unAuthorizedProps&quot;: {
          &quot;visible&quot;: false,
          &quot;disabled&quot;: false
        },
        &quot;actionName&quot;: &quot;DeleteImage&quot;
      },
      {
        &quot;routePath&quot;: null,
        &quot;iconName&quot;: null,
        &quot;controllerName&quot;: &quot;Role&quot;,
        &quot;name&quot;: &quot;Role Edit&quot;,
        &quot;displayOrder&quot;: 0,
        &quot;description&quot;: null,
        &quot;id&quot;: &quot;e659fa87-caf3-44e3-b5c2-1e0a78323f20&quot;,
        &quot;isMenu&quot;: false,
        &quot;key&quot;: &quot;Role.Edit&quot;,
        &quot;parentId&quot;: &quot;e98d2f21-52f8-41cb-9b3f-fe979b5f0578&quot;,
        &quot;unAuthorizedProps&quot;: {
          &quot;visible&quot;: false,
          &quot;disabled&quot;: false
        },
        &quot;actionName&quot;: &quot;Edit&quot;
      },
      {
        &quot;routePath&quot;: null,
        &quot;iconName&quot;: null,
        &quot;controllerName&quot;: &quot;Banner&quot;,
        &quot;name&quot;: &quot;Banner Delete&quot;,
        &quot;displayOrder&quot;: 0,
        &quot;description&quot;: null,
        &quot;id&quot;: &quot;21357ea8-c21e-4c43-846a-714dc3de69b2&quot;,
        &quot;isMenu&quot;: false,
        &quot;key&quot;: &quot;Banner.Delete&quot;,
        &quot;parentId&quot;: &quot;d01dd410-27ab-4ca2-ad2e-06ed18197543&quot;,
        &quot;unAuthorizedProps&quot;: {
          &quot;visible&quot;: false,
          &quot;disabled&quot;: false
        },
        &quot;actionName&quot;: &quot;Delete&quot;
      },
      {
        &quot;routePath&quot;: &quot;message-templates&quot;,
        &quot;iconName&quot;: &quot;messageSVG&quot;,
        &quot;controllerName&quot;: &quot;MessageTemplate&quot;,
        &quot;name&quot;: &quot;Message Templates&quot;,
        &quot;displayOrder&quot;: 0,
        &quot;description&quot;: null,
        &quot;id&quot;: &quot;570b7634-2234-498f-939b-440805527121&quot;,
        &quot;isMenu&quot;: true,
        &quot;key&quot;: &quot;MessageTemplate.Index&quot;,
        &quot;parentId&quot;: &quot;8f4ea0ae-2382-4769-8584-5f2f2b1520c8&quot;,
        &quot;unAuthorizedProps&quot;: {
          &quot;visible&quot;: false,
          &quot;disabled&quot;: false
        },
        &quot;actionName&quot;: &quot;Index&quot;
      },
      {
        &quot;routePath&quot;: null,
        &quot;iconName&quot;: null,
        &quot;controllerName&quot;: &quot;Banner&quot;,
        &quot;name&quot;: &quot;Banner Find&quot;,
        &quot;displayOrder&quot;: 0,
        &quot;description&quot;: null,
        &quot;id&quot;: &quot;d251bc51-e2ad-4581-a0f3-30fa44141403&quot;,
        &quot;isMenu&quot;: false,
        &quot;key&quot;: &quot;Banner.Find&quot;,
        &quot;parentId&quot;: &quot;d01dd410-27ab-4ca2-ad2e-06ed18197543&quot;,
        &quot;unAuthorizedProps&quot;: {
          &quot;visible&quot;: false,
          &quot;disabled&quot;: false
        },
        &quot;actionName&quot;: &quot;Find&quot;
      },
      {
        &quot;routePath&quot;: null,
        &quot;iconName&quot;: null,
        &quot;controllerName&quot;: &quot;Region&quot;,
        &quot;name&quot;: &quot;Region&quot;,
        &quot;displayOrder&quot;: 0,
        &quot;description&quot;: null,
        &quot;id&quot;: &quot;ea3629e8-4946-4c94-831b-445ff5e05927&quot;,
        &quot;isMenu&quot;: false,
        &quot;key&quot;: &quot;Region.Delete&quot;,
        &quot;parentId&quot;: &quot;636ed702-38d2-4f20-967d-54564a31315f&quot;,
        &quot;unAuthorizedProps&quot;: {
          &quot;visible&quot;: false,
          &quot;disabled&quot;: false
        },
        &quot;actionName&quot;: &quot;Delete&quot;
      },
      {
        &quot;routePath&quot;: &quot;riders&quot;,
        &quot;iconName&quot;: &quot;riderSVG&quot;,
        &quot;controllerName&quot;: &quot;Rider&quot;,
        &quot;name&quot;: &quot;Driver&quot;,
        &quot;displayOrder&quot;: 620,
        &quot;description&quot;: null,
        &quot;id&quot;: &quot;1b716d9c-2bf6-4a16-9bd1-2214d14b6cc7&quot;,
        &quot;isMenu&quot;: true,
        &quot;key&quot;: &quot;Rider.Index&quot;,
        &quot;parentId&quot;: &quot;8b04f24a-f777-5455-9d4b-5d32257d3d62&quot;,
        &quot;unAuthorizedProps&quot;: {
          &quot;visible&quot;: false,
          &quot;disabled&quot;: false
        },
        &quot;actionName&quot;: &quot;Index&quot;
      },
      {
        &quot;routePath&quot;: &quot;permissions&quot;,
        &quot;iconName&quot;: &quot;permissionSVG&quot;,
        &quot;controllerName&quot;: &quot;Permission&quot;,
        &quot;name&quot;: &quot;Permissions&quot;,
        &quot;displayOrder&quot;: 640,
        &quot;description&quot;: null,
        &quot;id&quot;: &quot;213aad81-551b-49f7-9d15-f11f5b9e7e88&quot;,
        &quot;isMenu&quot;: true,
        &quot;key&quot;: &quot;Permission.Index&quot;,
        &quot;parentId&quot;: &quot;8b04f24a-f777-5455-9d4b-5d32257d3d62&quot;,
        &quot;unAuthorizedProps&quot;: {
          &quot;visible&quot;: false,
          &quot;disabled&quot;: false
        },
        &quot;actionName&quot;: &quot;Index&quot;
      },
      {
        &quot;routePath&quot;: null,
        &quot;iconName&quot;: null,
        &quot;controllerName&quot;: &quot;County&quot;,
        &quot;name&quot;: &quot;County Edit&quot;,
        &quot;displayOrder&quot;: 0,
        &quot;description&quot;: null,
        &quot;id&quot;: &quot;ba784849-f3ea-4d98-8dc8-194743397b68&quot;,
        &quot;isMenu&quot;: false,
        &quot;key&quot;: &quot;County.Edit&quot;,
        &quot;parentId&quot;: &quot;28a7ee86-bfd8-408f-97d3-82a96e1cbcc6&quot;,
        &quot;unAuthorizedProps&quot;: {
          &quot;visible&quot;: false,
          &quot;disabled&quot;: false
        },
        &quot;actionName&quot;: &quot;Edit&quot;
      },
      {
        &quot;routePath&quot;: null,
        &quot;iconName&quot;: null,
        &quot;controllerName&quot;: &quot;ZipCode&quot;,
        &quot;name&quot;: &quot;ZipCode List&quot;,
        &quot;displayOrder&quot;: 0,
        &quot;description&quot;: null,
        &quot;id&quot;: &quot;48ed0371-cd67-4620-b3d7-8c71e947c93f&quot;,
        &quot;isMenu&quot;: false,
        &quot;key&quot;: &quot;ZipCode.List&quot;,
        &quot;parentId&quot;: &quot;8aa34e38-533b-4ab7-bad7-0eaa7b5dec9c&quot;,
        &quot;unAuthorizedProps&quot;: {
          &quot;visible&quot;: false,
          &quot;disabled&quot;: false
        },
        &quot;actionName&quot;: &quot;List&quot;
      },
      {
        &quot;routePath&quot;: null,
        &quot;iconName&quot;: null,
        &quot;controllerName&quot;: &quot;Role&quot;,
        &quot;name&quot;: &quot;Role Delete&quot;,
        &quot;displayOrder&quot;: 0,
        &quot;description&quot;: null,
        &quot;id&quot;: &quot;72327532-7e7b-443e-8f6c-1af60992346e&quot;,
        &quot;isMenu&quot;: false,
        &quot;key&quot;: &quot;Role.Delete&quot;,
        &quot;parentId&quot;: &quot;e98d2f21-52f8-41cb-9b3f-fe979b5f0578&quot;,
        &quot;unAuthorizedProps&quot;: {
          &quot;visible&quot;: false,
          &quot;disabled&quot;: false
        },
        &quot;actionName&quot;: &quot;Delete&quot;
      },
      {
        &quot;routePath&quot;: null,
        &quot;iconName&quot;: null,
        &quot;controllerName&quot;: &quot;County&quot;,
        &quot;name&quot;: &quot;County List&quot;,
        &quot;displayOrder&quot;: 0,
        &quot;description&quot;: null,
        &quot;id&quot;: &quot;b585755d-7f4f-43b0-8d1e-f2d807abcec4&quot;,
        &quot;isMenu&quot;: false,
        &quot;key&quot;: &quot;County.List&quot;,
        &quot;parentId&quot;: &quot;28a7ee86-bfd8-408f-97d3-82a96e1cbcc6&quot;,
        &quot;unAuthorizedProps&quot;: {
          &quot;visible&quot;: false,
          &quot;disabled&quot;: false
        },
        &quot;actionName&quot;: &quot;List&quot;
      },
      {
        &quot;routePath&quot;: null,
        &quot;iconName&quot;: null,
        &quot;controllerName&quot;: &quot;State&quot;,
        &quot;name&quot;: &quot;State List&quot;,
        &quot;displayOrder&quot;: 0,
        &quot;description&quot;: null,
        &quot;id&quot;: &quot;b3223f02-9caa-4de6-9340-052b6c64b670&quot;,
        &quot;isMenu&quot;: false,
        &quot;key&quot;: &quot;State.List&quot;,
        &quot;parentId&quot;: &quot;4842baa6-3b5e-40d1-ba2c-aa896962f8a7&quot;,
        &quot;unAuthorizedProps&quot;: {
          &quot;visible&quot;: false,
          &quot;disabled&quot;: false
        },
        &quot;actionName&quot;: &quot;List&quot;
      },
      {
        &quot;routePath&quot;: &quot;orders&quot;,
        &quot;iconName&quot;: &quot;ordersSVG&quot;,
        &quot;controllerName&quot;: &quot;Order&quot;,
        &quot;name&quot;: &quot;Status Count&quot;,
        &quot;displayOrder&quot;: 0,
        &quot;description&quot;: null,
        &quot;id&quot;: &quot;cebe4f6e-97cb-4744-be13-802d6ec99207&quot;,
        &quot;isMenu&quot;: false,
        &quot;key&quot;: &quot;Order.OrderStatusCount&quot;,
        &quot;parentId&quot;: &quot;872b9f8c-c48d-dfeb-de32-1be0c3c38dbb&quot;,
        &quot;unAuthorizedProps&quot;: {
          &quot;visible&quot;: false,
          &quot;disabled&quot;: false
        },
        &quot;actionName&quot;: &quot;OrderStatusCount&quot;
      },
      {
        &quot;routePath&quot;: null,
        &quot;iconName&quot;: null,
        &quot;controllerName&quot;: &quot;Region&quot;,
        &quot;name&quot;: &quot;Region Index&quot;,
        &quot;displayOrder&quot;: 0,
        &quot;description&quot;: null,
        &quot;id&quot;: &quot;636ed702-38d2-4f20-967d-54564a31315f&quot;,
        &quot;isMenu&quot;: false,
        &quot;key&quot;: &quot;Region.Index&quot;,
        &quot;parentId&quot;: null,
        &quot;unAuthorizedProps&quot;: {
          &quot;visible&quot;: false,
          &quot;disabled&quot;: false
        },
        &quot;actionName&quot;: &quot;Index&quot;
      },
      {
        &quot;routePath&quot;: null,
        &quot;iconName&quot;: null,
        &quot;controllerName&quot;: &quot;Region&quot;,
        &quot;name&quot;: &quot;Region List&quot;,
        &quot;displayOrder&quot;: 0,
        &quot;description&quot;: null,
        &quot;id&quot;: &quot;9c05f19c-13b9-498e-aacb-e3c0f3e1d478&quot;,
        &quot;isMenu&quot;: false,
        &quot;key&quot;: &quot;Region.List&quot;,
        &quot;parentId&quot;: &quot;636ed702-38d2-4f20-967d-54564a31315f&quot;,
        &quot;unAuthorizedProps&quot;: {
          &quot;visible&quot;: false,
          &quot;disabled&quot;: false
        },
        &quot;actionName&quot;: &quot;List&quot;
      },
      {
        &quot;routePath&quot;: &quot;banners&quot;,
        &quot;iconName&quot;: &quot;bannerSVG&quot;,
        &quot;controllerName&quot;: &quot;Banner&quot;,
        &quot;name&quot;: &quot;Banner&quot;,
        &quot;displayOrder&quot;: 920,
        &quot;description&quot;: null,
        &quot;id&quot;: &quot;d01dd410-27ab-4ca2-ad2e-06ed18197543&quot;,
        &quot;isMenu&quot;: true,
        &quot;key&quot;: &quot;Banner.Index&quot;,
        &quot;parentId&quot;: &quot;8f4ea0ae-2382-4769-8584-5f2f2b1520c8&quot;,
        &quot;unAuthorizedProps&quot;: {
          &quot;visible&quot;: false,
          &quot;disabled&quot;: false
        },
        &quot;actionName&quot;: &quot;Index&quot;
      },
      {
        &quot;routePath&quot;: null,
        &quot;iconName&quot;: null,
        &quot;controllerName&quot;: &quot;MessageTemplate&quot;,
        &quot;name&quot;: &quot;Message Template Find&quot;,
        &quot;displayOrder&quot;: 0,
        &quot;description&quot;: null,
        &quot;id&quot;: &quot;c4cda510-6ac9-41c7-ae6e-74e42b8672b2&quot;,
        &quot;isMenu&quot;: false,
        &quot;key&quot;: &quot;MessageTemplate.Find&quot;,
        &quot;parentId&quot;: &quot;570b7634-2234-498f-939b-440805527121&quot;,
        &quot;unAuthorizedProps&quot;: {
          &quot;visible&quot;: false,
          &quot;disabled&quot;: false
        },
        &quot;actionName&quot;: &quot;Find&quot;
      },
      {
        &quot;routePath&quot;: null,
        &quot;iconName&quot;: null,
        &quot;controllerName&quot;: &quot;Address&quot;,
        &quot;name&quot;: &quot;Address Delete&quot;,
        &quot;displayOrder&quot;: 0,
        &quot;description&quot;: null,
        &quot;id&quot;: &quot;fbfbd05c-64df-4fd5-b4b1-8ae1d6d0ab09&quot;,
        &quot;isMenu&quot;: false,
        &quot;key&quot;: &quot;Address.Delete&quot;,
        &quot;parentId&quot;: &quot;c3c514ef-1964-4c94-b13a-8bdd83a5b1cb&quot;,
        &quot;unAuthorizedProps&quot;: {
          &quot;visible&quot;: false,
          &quot;disabled&quot;: false
        },
        &quot;actionName&quot;: &quot;Delete&quot;
      },
      {
        &quot;routePath&quot;: null,
        &quot;iconName&quot;: null,
        &quot;controllerName&quot;: &quot;CouponCode&quot;,
        &quot;name&quot;: &quot;CouponCode&quot;,
        &quot;displayOrder&quot;: 0,
        &quot;description&quot;: null,
        &quot;id&quot;: &quot;b9a73bf9-fbb5-4c88-92c2-f307b6441d6a&quot;,
        &quot;isMenu&quot;: false,
        &quot;key&quot;: &quot;CouponCode.Find&quot;,
        &quot;parentId&quot;: &quot;5aaef586-e311-4265-a241-6eb9758d6541&quot;,
        &quot;unAuthorizedProps&quot;: {
          &quot;visible&quot;: false,
          &quot;disabled&quot;: false
        },
        &quot;actionName&quot;: &quot;Find&quot;
      },
      {
        &quot;routePath&quot;: null,
        &quot;iconName&quot;: null,
        &quot;controllerName&quot;: &quot;Admin&quot;,
        &quot;name&quot;: &quot;Admin Access&quot;,
        &quot;displayOrder&quot;: 0,
        &quot;description&quot;: null,
        &quot;id&quot;: &quot;3e00e509-1d51-489b-b91a-55fe8f3c6edb&quot;,
        &quot;isMenu&quot;: false,
        &quot;key&quot;: &quot;Admin.Access&quot;,
        &quot;parentId&quot;: null,
        &quot;unAuthorizedProps&quot;: {
          &quot;visible&quot;: false,
          &quot;disabled&quot;: false
        },
        &quot;actionName&quot;: &quot;Access&quot;
      },
      {
        &quot;routePath&quot;: null,
        &quot;iconName&quot;: null,
        &quot;controllerName&quot;: &quot;Campaign&quot;,
        &quot;name&quot;: &quot;Campaign Edit&quot;,
        &quot;displayOrder&quot;: 0,
        &quot;description&quot;: null,
        &quot;id&quot;: &quot;dc1d5cc3-524b-4eaa-9a9f-ee84215e1861&quot;,
        &quot;isMenu&quot;: false,
        &quot;key&quot;: &quot;Campaign.Edit&quot;,
        &quot;parentId&quot;: &quot;fd2f794b-65fb-4da6-9bdb-835c466e4321&quot;,
        &quot;unAuthorizedProps&quot;: {
          &quot;visible&quot;: false,
          &quot;disabled&quot;: false
        },
        &quot;actionName&quot;: &quot;Edit&quot;
      },
      {
        &quot;routePath&quot;: null,
        &quot;iconName&quot;: null,
        &quot;controllerName&quot;: &quot;Category&quot;,
        &quot;name&quot;: &quot;Category Delete&quot;,
        &quot;displayOrder&quot;: 0,
        &quot;description&quot;: null,
        &quot;id&quot;: &quot;b83891f7-ad63-4ffc-8ce2-54f1fe6c2655&quot;,
        &quot;isMenu&quot;: false,
        &quot;key&quot;: &quot;Category.Delete&quot;,
        &quot;parentId&quot;: &quot;9bbddb67-d7f2-44d3-8d09-6bd04f8b6f79&quot;,
        &quot;unAuthorizedProps&quot;: {
          &quot;visible&quot;: false,
          &quot;disabled&quot;: false
        },
        &quot;actionName&quot;: &quot;Delete&quot;
      },
      {
        &quot;routePath&quot;: &quot;order-history&quot;,
        &quot;iconName&quot;: &quot;orderHistorySVG&quot;,
        &quot;controllerName&quot;: &quot;Order&quot;,
        &quot;name&quot;: &quot;Order History&quot;,
        &quot;displayOrder&quot;: 110,
        &quot;description&quot;: null,
        &quot;id&quot;: &quot;14cbd334-6cd3-42b3-9b65-6bbeff98691f&quot;,
        &quot;isMenu&quot;: true,
        &quot;key&quot;: &quot;Order.History&quot;,
        &quot;parentId&quot;: &quot;872b9f8c-c48d-dfeb-de32-1be0c3c38dbb&quot;,
        &quot;unAuthorizedProps&quot;: {
          &quot;visible&quot;: false,
          &quot;disabled&quot;: false
        },
        &quot;actionName&quot;: &quot;History&quot;
      },
      {
        &quot;routePath&quot;: null,
        &quot;iconName&quot;: &quot;GetWarehousesByProductQuantities&quot;,
        &quot;controllerName&quot;: &quot;Warehouse&quot;,
        &quot;name&quot;: &quot;Warehouse GetWarehousesByProductQuantities&quot;,
        &quot;displayOrder&quot;: 0,
        &quot;description&quot;: null,
        &quot;id&quot;: &quot;03c0e9ba-00e5-4526-bed3-8b92b5ed5b00&quot;,
        &quot;isMenu&quot;: false,
        &quot;key&quot;: &quot;Warehouse.GetWarehousesByProductQuantities&quot;,
        &quot;parentId&quot;: &quot;7a99d565-0e98-95af-19bd-814011ea2417&quot;,
        &quot;unAuthorizedProps&quot;: {
          &quot;visible&quot;: false,
          &quot;disabled&quot;: false
        },
        &quot;actionName&quot;: &quot;GetWarehousesByProductQuantities&quot;
      },
      {
        &quot;routePath&quot;: null,
        &quot;iconName&quot;: null,
        &quot;controllerName&quot;: &quot;Customer&quot;,
        &quot;name&quot;: &quot;Customer Edit&quot;,
        &quot;displayOrder&quot;: 0,
        &quot;description&quot;: null,
        &quot;id&quot;: &quot;16ec7648-8864-46c1-81f8-45ca74b6d400&quot;,
        &quot;isMenu&quot;: false,
        &quot;key&quot;: &quot;Customer.Edit&quot;,
        &quot;parentId&quot;: &quot;07b60a01-5846-422c-b1c6-1c7a382dbd0e&quot;,
        &quot;unAuthorizedProps&quot;: {
          &quot;visible&quot;: false,
          &quot;disabled&quot;: false
        },
        &quot;actionName&quot;: &quot;Edit&quot;
      },
      {
        &quot;routePath&quot;: null,
        &quot;iconName&quot;: null,
        &quot;controllerName&quot;: &quot;Customer&quot;,
        &quot;name&quot;: &quot;Customer ExportForFilter&quot;,
        &quot;displayOrder&quot;: 0,
        &quot;description&quot;: null,
        &quot;id&quot;: &quot;d035c702-e74b-4f21-a90f-0e5eab19b6ed&quot;,
        &quot;isMenu&quot;: false,
        &quot;key&quot;: &quot;Customer.ExportForFilter&quot;,
        &quot;parentId&quot;: &quot;07b60a01-5846-422c-b1c6-1c7a382dbd0e&quot;,
        &quot;unAuthorizedProps&quot;: {
          &quot;visible&quot;: false,
          &quot;disabled&quot;: false
        },
        &quot;actionName&quot;: &quot;ExportForFilter&quot;
      },
      {
        &quot;routePath&quot;: null,
        &quot;iconName&quot;: &quot;UpdateIsShowOutOfStock&quot;,
        &quot;controllerName&quot;: &quot;Product&quot;,
        &quot;name&quot;: &quot;Product UpdateIsShowOutOfStock&quot;,
        &quot;displayOrder&quot;: 0,
        &quot;description&quot;: null,
        &quot;id&quot;: &quot;3b089d65-e726-4606-9e48-0fade407b41a&quot;,
        &quot;isMenu&quot;: false,
        &quot;key&quot;: &quot;Product.UpdateIsShowOutOfStock&quot;,
        &quot;parentId&quot;: &quot;1858607f-58c2-4c69-8078-f2756c5ca81e&quot;,
        &quot;unAuthorizedProps&quot;: {
          &quot;visible&quot;: false,
          &quot;disabled&quot;: false
        },
        &quot;actionName&quot;: &quot;UpdateIsShowOutOfStock&quot;
      },
      {
        &quot;routePath&quot;: null,
        &quot;iconName&quot;: null,
        &quot;controllerName&quot;: &quot;Category&quot;,
        &quot;name&quot;: &quot;Category List&quot;,
        &quot;displayOrder&quot;: 0,
        &quot;description&quot;: null,
        &quot;id&quot;: &quot;60efba66-4656-4db1-bbc9-9192afaadc42&quot;,
        &quot;isMenu&quot;: false,
        &quot;key&quot;: &quot;Category.List&quot;,
        &quot;parentId&quot;: &quot;9bbddb67-d7f2-44d3-8d09-6bd04f8b6f79&quot;,
        &quot;unAuthorizedProps&quot;: {
          &quot;visible&quot;: false,
          &quot;disabled&quot;: false
        },
        &quot;actionName&quot;: &quot;List&quot;
      },
      {
        &quot;routePath&quot;: null,
        &quot;iconName&quot;: &quot;SendOrderReceipt&quot;,
        &quot;controllerName&quot;: &quot;Order&quot;,
        &quot;name&quot;: &quot;Order SendOrderReceipt&quot;,
        &quot;displayOrder&quot;: 0,
        &quot;description&quot;: null,
        &quot;id&quot;: &quot;61f6a2b2-3170-45fd-b952-763ab434e8cb&quot;,
        &quot;isMenu&quot;: false,
        &quot;key&quot;: &quot;Order.SendOrderReceipt&quot;,
        &quot;parentId&quot;: &quot;6fa1df30-c04b-4bef-a1d1-a67c2748e0b4&quot;,
        &quot;unAuthorizedProps&quot;: {
          &quot;visible&quot;: false,
          &quot;disabled&quot;: false
        },
        &quot;actionName&quot;: &quot;SendOrderReceipt&quot;
      },
      {
        &quot;routePath&quot;: null,
        &quot;iconName&quot;: null,
        &quot;controllerName&quot;: &quot;ServiceArea&quot;,
        &quot;name&quot;: &quot;ServiceArea Index&quot;,
        &quot;displayOrder&quot;: 0,
        &quot;description&quot;: null,
        &quot;id&quot;: &quot;6510260c-2670-4f71-96ed-8f12986fb9cf&quot;,
        &quot;isMenu&quot;: false,
        &quot;key&quot;: &quot;ServiceArea.Index&quot;,
        &quot;parentId&quot;: null,
        &quot;unAuthorizedProps&quot;: {
          &quot;visible&quot;: false,
          &quot;disabled&quot;: false
        },
        &quot;actionName&quot;: &quot;Index&quot;
      },
      {
        &quot;routePath&quot;: null,
        &quot;iconName&quot;: null,
        &quot;controllerName&quot;: &quot;Order&quot;,
        &quot;name&quot;: &quot;Order ExportForFilter&quot;,
        &quot;displayOrder&quot;: 0,
        &quot;description&quot;: null,
        &quot;id&quot;: &quot;1f7586e6-8ed7-4d27-bbab-05b597a942f3&quot;,
        &quot;isMenu&quot;: false,
        &quot;key&quot;: &quot;Order.ExportForFilter&quot;,
        &quot;parentId&quot;: &quot;872b9f8c-c48d-dfeb-de32-1be0c3c38dbb&quot;,
        &quot;unAuthorizedProps&quot;: {
          &quot;visible&quot;: false,
          &quot;disabled&quot;: false
        },
        &quot;actionName&quot;: &quot;ExportForFilter&quot;
      },
      {
        &quot;routePath&quot;: null,
        &quot;iconName&quot;: &quot;delete&quot;,
        &quot;controllerName&quot;: &quot;ProductMedia&quot;,
        &quot;name&quot;: &quot;ProductMedia Delete&quot;,
        &quot;displayOrder&quot;: 0,
        &quot;description&quot;: null,
        &quot;id&quot;: &quot;f95ffe40-8464-4dd7-997a-1e5f0e4ccc4a&quot;,
        &quot;isMenu&quot;: false,
        &quot;key&quot;: &quot;ProductMedia.Delete&quot;,
        &quot;parentId&quot;: &quot;1858607f-58c2-4c69-8078-f2756c5ca81e&quot;,
        &quot;unAuthorizedProps&quot;: {
          &quot;visible&quot;: false,
          &quot;disabled&quot;: false
        },
        &quot;actionName&quot;: &quot;Delete&quot;
      },
      {
        &quot;routePath&quot;: null,
        &quot;iconName&quot;: &quot;auditSVG&quot;,
        &quot;controllerName&quot;: &quot;Audit&quot;,
        &quot;name&quot;: &quot;Audit Find&quot;,
        &quot;displayOrder&quot;: 100000,
        &quot;description&quot;: null,
        &quot;id&quot;: &quot;0817b3ef-fe5a-4be2-b10b-cd008314489e&quot;,
        &quot;isMenu&quot;: false,
        &quot;key&quot;: &quot;Audit.Find&quot;,
        &quot;parentId&quot;: &quot;76070de9-f4f5-4096-aa99-2d2bac586b44&quot;,
        &quot;unAuthorizedProps&quot;: {
          &quot;visible&quot;: false,
          &quot;disabled&quot;: false
        },
        &quot;actionName&quot;: &quot;Find&quot;
      },
      {
        &quot;routePath&quot;: null,
        &quot;iconName&quot;: null,
        &quot;controllerName&quot;: &quot;Region&quot;,
        &quot;name&quot;: &quot;Region Edit&quot;,
        &quot;displayOrder&quot;: 0,
        &quot;description&quot;: null,
        &quot;id&quot;: &quot;dab192e4-1dbc-4537-964c-b9bcf9c0e94c&quot;,
        &quot;isMenu&quot;: false,
        &quot;key&quot;: &quot;Region.Edit&quot;,
        &quot;parentId&quot;: &quot;636ed702-38d2-4f20-967d-54564a31315f&quot;,
        &quot;unAuthorizedProps&quot;: {
          &quot;visible&quot;: false,
          &quot;disabled&quot;: false
        },
        &quot;actionName&quot;: &quot;Edit&quot;
      },
      {
        &quot;routePath&quot;: null,
        &quot;iconName&quot;: null,
        &quot;controllerName&quot;: &quot;ZipCode&quot;,
        &quot;name&quot;: &quot;ZipCode Create&quot;,
        &quot;displayOrder&quot;: 0,
        &quot;description&quot;: null,
        &quot;id&quot;: &quot;a402206e-61d3-4fca-9008-34013f50378e&quot;,
        &quot;isMenu&quot;: false,
        &quot;key&quot;: &quot;ZipCode.Create&quot;,
        &quot;parentId&quot;: &quot;8aa34e38-533b-4ab7-bad7-0eaa7b5dec9c&quot;,
        &quot;unAuthorizedProps&quot;: {
          &quot;visible&quot;: false,
          &quot;disabled&quot;: false
        },
        &quot;actionName&quot;: &quot;Create&quot;
      },
      {
        &quot;routePath&quot;: null,
        &quot;iconName&quot;: null,
        &quot;controllerName&quot;: &quot;Role&quot;,
        &quot;name&quot;: &quot;Role AssignPermission&quot;,
        &quot;displayOrder&quot;: 0,
        &quot;description&quot;: null,
        &quot;id&quot;: &quot;059c1d80-0fbe-4e73-abc8-3e20a3ee2901&quot;,
        &quot;isMenu&quot;: false,
        &quot;key&quot;: &quot;Role.AssignPermission&quot;,
        &quot;parentId&quot;: &quot;e98d2f21-52f8-41cb-9b3f-fe979b5f0578&quot;,
        &quot;unAuthorizedProps&quot;: {
          &quot;visible&quot;: false,
          &quot;disabled&quot;: false
        },
        &quot;actionName&quot;: &quot;AssignPermission&quot;
      },
      {
        &quot;routePath&quot;: null,
        &quot;iconName&quot;: null,
        &quot;controllerName&quot;: &quot;Category&quot;,
        &quot;name&quot;: &quot;Category Find&quot;,
        &quot;displayOrder&quot;: 0,
        &quot;description&quot;: null,
        &quot;id&quot;: &quot;9d76a667-e500-4b4e-861b-25b97c953dd9&quot;,
        &quot;isMenu&quot;: false,
        &quot;key&quot;: &quot;Category.Find&quot;,
        &quot;parentId&quot;: &quot;9bbddb67-d7f2-44d3-8d09-6bd04f8b6f79&quot;,
        &quot;unAuthorizedProps&quot;: {
          &quot;visible&quot;: false,
          &quot;disabled&quot;: false
        },
        &quot;actionName&quot;: &quot;Find&quot;
      },
      {
        &quot;routePath&quot;: null,
        &quot;iconName&quot;: null,
        &quot;controllerName&quot;: &quot;Employee&quot;,
        &quot;name&quot;: &quot;Employee Find&quot;,
        &quot;displayOrder&quot;: 0,
        &quot;description&quot;: null,
        &quot;id&quot;: &quot;329395f5-2a4f-412c-bfa4-ba7e3d40d4b3&quot;,
        &quot;isMenu&quot;: false,
        &quot;key&quot;: &quot;Employee.Find&quot;,
        &quot;parentId&quot;: &quot;e4a8e904-698e-4596-92c3-b40206b19179&quot;,
        &quot;unAuthorizedProps&quot;: {
          &quot;visible&quot;: false,
          &quot;disabled&quot;: false
        },
        &quot;actionName&quot;: &quot;Find&quot;
      },
      {
        &quot;routePath&quot;: null,
        &quot;iconName&quot;: &quot;find&quot;,
        &quot;controllerName&quot;: &quot;Product&quot;,
        &quot;name&quot;: &quot;Product Find&quot;,
        &quot;displayOrder&quot;: 0,
        &quot;description&quot;: null,
        &quot;id&quot;: &quot;bd420774-1ffd-4fa0-b172-3f04acbb6dfa&quot;,
        &quot;isMenu&quot;: false,
        &quot;key&quot;: &quot;Product.Find&quot;,
        &quot;parentId&quot;: &quot;1858607f-58c2-4c69-8078-f2756c5ca81e&quot;,
        &quot;unAuthorizedProps&quot;: {
          &quot;visible&quot;: false,
          &quot;disabled&quot;: false
        },
        &quot;actionName&quot;: &quot;Find&quot;
      },
      {
        &quot;routePath&quot;: null,
        &quot;iconName&quot;: null,
        &quot;controllerName&quot;: &quot;Employee&quot;,
        &quot;name&quot;: &quot;Employee Edit&quot;,
        &quot;displayOrder&quot;: 0,
        &quot;description&quot;: null,
        &quot;id&quot;: &quot;d9cfda39-3a58-4e03-955d-d7f7fc173dd5&quot;,
        &quot;isMenu&quot;: false,
        &quot;key&quot;: &quot;Employee.Edit&quot;,
        &quot;parentId&quot;: &quot;e4a8e904-698e-4596-92c3-b40206b19179&quot;,
        &quot;unAuthorizedProps&quot;: {
          &quot;visible&quot;: false,
          &quot;disabled&quot;: false
        },
        &quot;actionName&quot;: &quot;Edit&quot;
      },
      {
        &quot;routePath&quot;: null,
        &quot;iconName&quot;: null,
        &quot;controllerName&quot;: &quot;Language&quot;,
        &quot;name&quot;: &quot;Language List&quot;,
        &quot;displayOrder&quot;: 0,
        &quot;description&quot;: null,
        &quot;id&quot;: &quot;2f273f27-d9dd-406e-a4d4-2faac07a3d2d&quot;,
        &quot;isMenu&quot;: false,
        &quot;key&quot;: &quot;Language.List&quot;,
        &quot;parentId&quot;: &quot;7d117917-ff5a-448f-ae1c-71b123ffabc0&quot;,
        &quot;unAuthorizedProps&quot;: {
          &quot;visible&quot;: false,
          &quot;disabled&quot;: false
        },
        &quot;actionName&quot;: &quot;List&quot;
      },
      {
        &quot;routePath&quot;: null,
        &quot;iconName&quot;: null,
        &quot;controllerName&quot;: &quot;ZipCode&quot;,
        &quot;name&quot;: &quot;ZipCode Index&quot;,
        &quot;displayOrder&quot;: 0,
        &quot;description&quot;: null,
        &quot;id&quot;: &quot;8aa34e38-533b-4ab7-bad7-0eaa7b5dec9c&quot;,
        &quot;isMenu&quot;: false,
        &quot;key&quot;: &quot;ZipCode.Index&quot;,
        &quot;parentId&quot;: null,
        &quot;unAuthorizedProps&quot;: {
          &quot;visible&quot;: false,
          &quot;disabled&quot;: false
        },
        &quot;actionName&quot;: &quot;Index&quot;
      },
      {
        &quot;routePath&quot;: null,
        &quot;iconName&quot;: null,
        &quot;controllerName&quot;: &quot;State&quot;,
        &quot;name&quot;: &quot;State Delete&quot;,
        &quot;displayOrder&quot;: 0,
        &quot;description&quot;: null,
        &quot;id&quot;: &quot;701496e5-1817-49e7-9c31-4270a4174942&quot;,
        &quot;isMenu&quot;: false,
        &quot;key&quot;: &quot;State.Delete&quot;,
        &quot;parentId&quot;: &quot;4842baa6-3b5e-40d1-ba2c-aa896962f8a7&quot;,
        &quot;unAuthorizedProps&quot;: {
          &quot;visible&quot;: false,
          &quot;disabled&quot;: false
        },
        &quot;actionName&quot;: &quot;Delete&quot;
      },
      {
        &quot;routePath&quot;: null,
        &quot;iconName&quot;: null,
        &quot;controllerName&quot;: &quot;County&quot;,
        &quot;name&quot;: &quot;County Index&quot;,
        &quot;displayOrder&quot;: 0,
        &quot;description&quot;: null,
        &quot;id&quot;: &quot;28a7ee86-bfd8-408f-97d3-82a96e1cbcc6&quot;,
        &quot;isMenu&quot;: false,
        &quot;key&quot;: &quot;County.Index&quot;,
        &quot;parentId&quot;: null,
        &quot;unAuthorizedProps&quot;: {
          &quot;visible&quot;: false,
          &quot;disabled&quot;: false
        },
        &quot;actionName&quot;: &quot;Index&quot;
      },
      {
        &quot;routePath&quot;: null,
        &quot;iconName&quot;: null,
        &quot;controllerName&quot;: &quot;Rider&quot;,
        &quot;name&quot;: &quot;Rider Delete&quot;,
        &quot;displayOrder&quot;: 0,
        &quot;description&quot;: null,
        &quot;id&quot;: &quot;b6c199d0-e33a-484b-b8c7-8c6a204541da&quot;,
        &quot;isMenu&quot;: false,
        &quot;key&quot;: &quot;Rider.Delete&quot;,
        &quot;parentId&quot;: &quot;1b716d9c-2bf6-4a16-9bd1-2214d14b6cc7&quot;,
        &quot;unAuthorizedProps&quot;: {
          &quot;visible&quot;: false,
          &quot;disabled&quot;: false
        },
        &quot;actionName&quot;: &quot;Delete&quot;
      },
      {
        &quot;routePath&quot;: null,
        &quot;iconName&quot;: null,
        &quot;controllerName&quot;: &quot;SubRegion&quot;,
        &quot;name&quot;: &quot;SubRegion Index&quot;,
        &quot;displayOrder&quot;: 0,
        &quot;description&quot;: null,
        &quot;id&quot;: &quot;5016a026-6957-41ab-8cda-9bd37afe0841&quot;,
        &quot;isMenu&quot;: false,
        &quot;key&quot;: &quot;SubRegion.Index&quot;,
        &quot;parentId&quot;: null,
        &quot;unAuthorizedProps&quot;: {
          &quot;visible&quot;: false,
          &quot;disabled&quot;: false
        },
        &quot;actionName&quot;: &quot;Index&quot;
      },
      {
        &quot;routePath&quot;: null,
        &quot;iconName&quot;: null,
        &quot;controllerName&quot;: &quot;Campaign&quot;,
        &quot;name&quot;: &quot;Campaign Create&quot;,
        &quot;displayOrder&quot;: 0,
        &quot;description&quot;: null,
        &quot;id&quot;: &quot;d165df32-e036-4e90-9f58-fa07296951f4&quot;,
        &quot;isMenu&quot;: false,
        &quot;key&quot;: &quot;Campaign.Create&quot;,
        &quot;parentId&quot;: &quot;fd2f794b-65fb-4da6-9bdb-835c466e4321&quot;,
        &quot;unAuthorizedProps&quot;: {
          &quot;visible&quot;: false,
          &quot;disabled&quot;: false
        },
        &quot;actionName&quot;: &quot;Create&quot;
      },
      {
        &quot;routePath&quot;: null,
        &quot;iconName&quot;: null,
        &quot;controllerName&quot;: &quot;Region&quot;,
        &quot;name&quot;: &quot;Region Create&quot;,
        &quot;displayOrder&quot;: 0,
        &quot;description&quot;: null,
        &quot;id&quot;: &quot;73aaaf9f-f0ae-4082-8b27-087cd854a8ae&quot;,
        &quot;isMenu&quot;: false,
        &quot;key&quot;: &quot;Region.Create&quot;,
        &quot;parentId&quot;: &quot;636ed702-38d2-4f20-967d-54564a31315f&quot;,
        &quot;unAuthorizedProps&quot;: {
          &quot;visible&quot;: false,
          &quot;disabled&quot;: false
        },
        &quot;actionName&quot;: &quot;Create&quot;
      },
      {
        &quot;routePath&quot;: &quot;audit-logs&quot;,
        &quot;iconName&quot;: &quot;auditSVG&quot;,
        &quot;controllerName&quot;: &quot;Audit&quot;,
        &quot;name&quot;: &quot;Audits&quot;,
        &quot;displayOrder&quot;: 999,
        &quot;description&quot;: null,
        &quot;id&quot;: &quot;76070de9-f4f5-4096-aa99-2d2bac586b44&quot;,
        &quot;isMenu&quot;: true,
        &quot;key&quot;: &quot;Audit.Index&quot;,
        &quot;parentId&quot;: null,
        &quot;unAuthorizedProps&quot;: {
          &quot;visible&quot;: false,
          &quot;disabled&quot;: false
        },
        &quot;actionName&quot;: &quot;Index&quot;
      },
      {
        &quot;routePath&quot;: null,
        &quot;iconName&quot;: null,
        &quot;controllerName&quot;: &quot;Order&quot;,
        &quot;name&quot;: &quot;Order PartialRefund&quot;,
        &quot;displayOrder&quot;: 0,
        &quot;description&quot;: null,
        &quot;id&quot;: &quot;5a118c25-8cae-40b6-9728-4542683e02e7&quot;,
        &quot;isMenu&quot;: false,
        &quot;key&quot;: &quot;Order.PartialRefund&quot;,
        &quot;parentId&quot;: &quot;872b9f8c-c48d-dfeb-de32-1be0c3c38dbb&quot;,
        &quot;unAuthorizedProps&quot;: {
          &quot;visible&quot;: false,
          &quot;disabled&quot;: false
        },
        &quot;actionName&quot;: &quot;PartialRefund&quot;
      },
      {
        &quot;routePath&quot;: null,
        &quot;iconName&quot;: null,
        &quot;controllerName&quot;: &quot;Permission&quot;,
        &quot;name&quot;: &quot;Permission List&quot;,
        &quot;displayOrder&quot;: 0,
        &quot;description&quot;: null,
        &quot;id&quot;: &quot;efde75e6-f926-47b4-8fc7-a190415c9625&quot;,
        &quot;isMenu&quot;: false,
        &quot;key&quot;: &quot;Permission.List&quot;,
        &quot;parentId&quot;: &quot;213aad81-551b-49f7-9d15-f11f5b9e7e88&quot;,
        &quot;unAuthorizedProps&quot;: {
          &quot;visible&quot;: false,
          &quot;disabled&quot;: false
        },
        &quot;actionName&quot;: &quot;List&quot;
      },
      {
        &quot;routePath&quot;: null,
        &quot;iconName&quot;: null,
        &quot;controllerName&quot;: &quot;Order&quot;,
        &quot;name&quot;: &quot;Order ListForFilterByActiveOrders&quot;,
        &quot;displayOrder&quot;: 0,
        &quot;description&quot;: null,
        &quot;id&quot;: &quot;5b6e6765-324b-4573-9918-6495fb653c36&quot;,
        &quot;isMenu&quot;: false,
        &quot;key&quot;: &quot;Order.ListForFilterByActiveOrders&quot;,
        &quot;parentId&quot;: &quot;872b9f8c-c48d-dfeb-de32-1be0c3c38dbb&quot;,
        &quot;unAuthorizedProps&quot;: {
          &quot;visible&quot;: false,
          &quot;disabled&quot;: false
        },
        &quot;actionName&quot;: &quot;ListForFilterByActiveOrders&quot;
      },
      {
        &quot;routePath&quot;: null,
        &quot;iconName&quot;: &quot;ChangeStatusToCompleted&quot;,
        &quot;controllerName&quot;: &quot;Order&quot;,
        &quot;name&quot;: &quot;Order ChangeStatusToCompleted&quot;,
        &quot;displayOrder&quot;: 0,
        &quot;description&quot;: null,
        &quot;id&quot;: &quot;c0d476ba-4306-46e1-b6b4-4c9e459a7724&quot;,
        &quot;isMenu&quot;: false,
        &quot;key&quot;: &quot;Order.ChangeStatusToCompleted&quot;,
        &quot;parentId&quot;: &quot;872b9f8c-c48d-dfeb-de32-1be0c3c38dbb&quot;,
        &quot;unAuthorizedProps&quot;: {
          &quot;visible&quot;: false,
          &quot;disabled&quot;: false
        },
        &quot;actionName&quot;: &quot;ChangeStatusToCompleted&quot;
      },
      {
        &quot;routePath&quot;: &quot;dashboards&quot;,
        &quot;iconName&quot;: &quot;dashboardSVG&quot;,
        &quot;controllerName&quot;: &quot;Dashboard&quot;,
        &quot;name&quot;: &quot;Analytics&quot;,
        &quot;displayOrder&quot;: 400,
        &quot;description&quot;: &quot;Analytics&quot;,
        &quot;id&quot;: &quot;05f03ef2-ee9e-466b-b024-cfa79802f9ae&quot;,
        &quot;isMenu&quot;: false,
        &quot;key&quot;: &quot;Dashboard.List&quot;,
        &quot;parentId&quot;: null,
        &quot;unAuthorizedProps&quot;: {
          &quot;visible&quot;: false,
          &quot;disabled&quot;: false
        },
        &quot;actionName&quot;: &quot;List&quot;
      },
      {
        &quot;routePath&quot;: null,
        &quot;iconName&quot;: null,
        &quot;controllerName&quot;: &quot;Warehouse&quot;,
        &quot;name&quot;: &quot;Warehouse EditWarehouseStatus&quot;,
        &quot;displayOrder&quot;: 0,
        &quot;description&quot;: null,
        &quot;id&quot;: &quot;ceb79cf6-b1a8-468b-8b15-e73bb6c3ffe9&quot;,
        &quot;isMenu&quot;: false,
        &quot;key&quot;: &quot;Warehouse.EditWarehouseStatus&quot;,
        &quot;parentId&quot;: &quot;7a99d565-0e98-95af-19bd-814011ea2417&quot;,
        &quot;unAuthorizedProps&quot;: {
          &quot;visible&quot;: false,
          &quot;disabled&quot;: false
        },
        &quot;actionName&quot;: &quot;EditWarehouseStatus&quot;
      },
      {
        &quot;routePath&quot;: null,
        &quot;iconName&quot;: null,
        &quot;controllerName&quot;: &quot;Order&quot;,
        &quot;name&quot;: &quot;Order Delete&quot;,
        &quot;displayOrder&quot;: 0,
        &quot;description&quot;: null,
        &quot;id&quot;: &quot;e7fae6f1-e5f5-48e4-ab32-c61d6457b738&quot;,
        &quot;isMenu&quot;: false,
        &quot;key&quot;: &quot;Order.Delete&quot;,
        &quot;parentId&quot;: &quot;872b9f8c-c48d-dfeb-de32-1be0c3c38dbb&quot;,
        &quot;unAuthorizedProps&quot;: {
          &quot;visible&quot;: false,
          &quot;disabled&quot;: false
        },
        &quot;actionName&quot;: &quot;Delete&quot;
      },
      {
        &quot;routePath&quot;: null,
        &quot;iconName&quot;: &quot;RemoteSearchForCouponCode&quot;,
        &quot;controllerName&quot;: &quot;CouponCode&quot;,
        &quot;name&quot;: &quot;CouponCode RemoteSearchForCouponCode&quot;,
        &quot;displayOrder&quot;: 0,
        &quot;description&quot;: null,
        &quot;id&quot;: &quot;14ed0b92-dcc7-4309-aef9-522eec12fc08&quot;,
        &quot;isMenu&quot;: false,
        &quot;key&quot;: &quot;CouponCode.RemoteSearchForCouponCode&quot;,
        &quot;parentId&quot;: null,
        &quot;unAuthorizedProps&quot;: {
          &quot;visible&quot;: false,
          &quot;disabled&quot;: false
        },
        &quot;actionName&quot;: &quot;RemoteSearchForCouponCode&quot;
      },
      {
        &quot;routePath&quot;: null,
        &quot;iconName&quot;: null,
        &quot;controllerName&quot;: &quot;LocaleResource&quot;,
        &quot;name&quot;: &quot;LocaleResource List&quot;,
        &quot;displayOrder&quot;: 0,
        &quot;description&quot;: null,
        &quot;id&quot;: &quot;1f97b83f-e4aa-4e06-b490-eca7a7c7c5ef&quot;,
        &quot;isMenu&quot;: false,
        &quot;key&quot;: &quot;LocaleResource.List&quot;,
        &quot;parentId&quot;: &quot;4c1a6c0d-765c-444a-b7c8-49e99f61d47b&quot;,
        &quot;unAuthorizedProps&quot;: {
          &quot;visible&quot;: false,
          &quot;disabled&quot;: false
        },
        &quot;actionName&quot;: &quot;List&quot;
      },
      {
        &quot;routePath&quot;: &quot;roles&quot;,
        &quot;iconName&quot;: &quot;RolesSVG&quot;,
        &quot;controllerName&quot;: &quot;Role&quot;,
        &quot;name&quot;: &quot;Roles&quot;,
        &quot;displayOrder&quot;: 650,
        &quot;description&quot;: null,
        &quot;id&quot;: &quot;e98d2f21-52f8-41cb-9b3f-fe979b5f0578&quot;,
        &quot;isMenu&quot;: true,
        &quot;key&quot;: &quot;Role.Index&quot;,
        &quot;parentId&quot;: &quot;8b04f24a-f777-5455-9d4b-5d32257d3d62&quot;,
        &quot;unAuthorizedProps&quot;: {
          &quot;visible&quot;: false,
          &quot;disabled&quot;: false
        },
        &quot;actionName&quot;: &quot;Index&quot;
      },
      {
        &quot;routePath&quot;: null,
        &quot;iconName&quot;: null,
        &quot;controllerName&quot;: &quot;SubRegion&quot;,
        &quot;name&quot;: &quot;SubRegion Delete&quot;,
        &quot;displayOrder&quot;: 0,
        &quot;description&quot;: null,
        &quot;id&quot;: &quot;df7da069-b35d-4179-a5dc-8f61beab4226&quot;,
        &quot;isMenu&quot;: false,
        &quot;key&quot;: &quot;SubRegion.Delete&quot;,
        &quot;parentId&quot;: &quot;5016a026-6957-41ab-8cda-9bd37afe0841&quot;,
        &quot;unAuthorizedProps&quot;: {
          &quot;visible&quot;: false,
          &quot;disabled&quot;: false
        },
        &quot;actionName&quot;: &quot;Delete&quot;
      },
      {
        &quot;routePath&quot;: null,
        &quot;iconName&quot;: &quot;UploadProductMedia&quot;,
        &quot;controllerName&quot;: &quot;ProductMedia&quot;,
        &quot;name&quot;: &quot;ProductMedia UploadProductMedia&quot;,
        &quot;displayOrder&quot;: 0,
        &quot;description&quot;: null,
        &quot;id&quot;: &quot;f214be5c-985b-4aaa-aa42-d49e789d5ca6&quot;,
        &quot;isMenu&quot;: false,
        &quot;key&quot;: &quot;ProductMedia.UploadProductMedia&quot;,
        &quot;parentId&quot;: &quot;1858607f-58c2-4c69-8078-f2756c5ca81e&quot;,
        &quot;unAuthorizedProps&quot;: {
          &quot;visible&quot;: false,
          &quot;disabled&quot;: false
        },
        &quot;actionName&quot;: &quot;UploadProductMedia&quot;
      },
      {
        &quot;routePath&quot;: null,
        &quot;iconName&quot;: null,
        &quot;controllerName&quot;: &quot;Order&quot;,
        &quot;name&quot;: &quot;order ListForFilter&quot;,
        &quot;displayOrder&quot;: 0,
        &quot;description&quot;: null,
        &quot;id&quot;: &quot;f12e049a-8719-46d1-9507-00d1671d7c6d&quot;,
        &quot;isMenu&quot;: false,
        &quot;key&quot;: &quot;Order.ListForFilter&quot;,
        &quot;parentId&quot;: &quot;872b9f8c-c48d-dfeb-de32-1be0c3c38dbb&quot;,
        &quot;unAuthorizedProps&quot;: {
          &quot;visible&quot;: false,
          &quot;disabled&quot;: false
        },
        &quot;actionName&quot;: &quot;ListForFilter&quot;
      },
      {
        &quot;routePath&quot;: null,
        &quot;iconName&quot;: null,
        &quot;controllerName&quot;: &quot;CouponCode&quot;,
        &quot;name&quot;: &quot;CouponCode&quot;,
        &quot;displayOrder&quot;: 0,
        &quot;description&quot;: null,
        &quot;id&quot;: &quot;d2f7e3bf-712f-4991-994f-0f3e5e6cda1b&quot;,
        &quot;isMenu&quot;: false,
        &quot;key&quot;: &quot;CouponCode.FindByCode&quot;,
        &quot;parentId&quot;: &quot;5aaef586-e311-4265-a241-6eb9758d6541&quot;,
        &quot;unAuthorizedProps&quot;: {
          &quot;visible&quot;: false,
          &quot;disabled&quot;: false
        },
        &quot;actionName&quot;: &quot;FindByCode&quot;
      }
    ],
    &quot;imageUrl&quot;: null,
    &quot;phoneCountryId&quot;: &quot;f83c326d-cbf4-47cf-b592-f3f638a5a958&quot;,
    &quot;email&quot;: &quot;busra@popcornvan.com&quot;
  },
  &quot;refreshToken&quot;: &quot;ztQkVvnNA164a0uvCBLbFuNWYOIHtA+oYYxeGcXPh0svctyIagLAExO+N1Q=&quot;
}
 
15:26:23.729 [pool-1-thread-1] INFO  com.intuit.karate - [print] employee login response --&gt; {
  &quot;expiresIn&quot;: 3.15359999957959E7,
  &quot;accessToken&quot;: &quot;eyJhbGciOiJIUzUxMiIsInR5cCI6IkpXVCJ9.eyJuYW1laWQiOiJidXNyYUBwb3Bjb3JudmFuLmNvbSIsIm5hbWUiOiJiw7zFn3JhIGLDvMWfcmEiLCJVc2VyVHlwZSI6IkVtcGxveWVlIiwiTmFtZSI6ImLDvMWfcmEgYsO8xZ9yYSIsIkVtYWlsIjoiYnVzcmFAcG9wY29ybnZhbi5jb20iLCJVc2VySWQiOiIzYzA1ZjhjMS1iMmMzLTQ0NjUtYjRlNS03NmE1ZThlNzkzYTgiLCJuYmYiOjE2NDI1OTUxODMsImV4cCI6MTY3NDEzMTE4MywiaWF0IjoxNjQyNTk1MTgzLCJpc3MiOiJodHRwczovL3BvcGNvcm52YW4uY29tLyIsImF1ZCI6Imh0dHBzOi8vcG9wY29ybnZhbi5jb20vIn0.RyX0trgH9h0jXwxxe1vN1lu_t-dUUViwEjxI5-2jTIDIZeWGyOsDe3U1vyjyiUJmwhl6nTn46jaadThEHY7rNQ&quot;,
  &quot;user&quot;: {
    &quot;imagePath&quot;: null,
    &quot;roles&quot;: [
      {
        &quot;name&quot;: &quot;Super Admin&quot;,
        &quot;displayOrder&quot;: 0,
        &quot;description&quot;: null,
        &quot;colorCode&quot;: null,
        &quot;id&quot;: &quot;4f1058c6-0985-4139-8302-b50df344c339&quot;
      }
    ],
    &quot;languageId&quot;: null,
    &quot;fullName&quot;: &quot;büşra büşra&quot;,
    &quot;employeeId&quot;: &quot;25010a8b-17db-438c-983d-a97e68c569b1&quot;,
    &quot;languageCode&quot;: null,
    &quot;userId&quot;: &quot;3c05f8c1-b2c3-4465-b4e5-76a5e8e793a8&quot;,
    &quot;languageName&quot;: null,
    &quot;phoneAreaCode&quot;: &quot;+373&quot;,
    &quot;phoneNumber&quot;: &quot;6667788&quot;,
    &quot;externalUserId&quot;: &quot;00000000-0000-0000-0000-000000000000&quot;,
    &quot;permissions&quot;: [
      {
        &quot;routePath&quot;: &quot;overview&quot;,
        &quot;iconName&quot;: &quot;overviewSVG&quot;,
        &quot;controllerName&quot;: &quot;Admin&quot;,
        &quot;name&quot;: &quot;Overview&quot;,
        &quot;displayOrder&quot;: 100,
        &quot;description&quot;: null,
        &quot;id&quot;: &quot;f3ef6d44-bdda-9acc-2131-8885bd8e368b&quot;,
        &quot;isMenu&quot;: false,
        &quot;key&quot;: &quot;Admin.Overview&quot;,
        &quot;parentId&quot;: null,
        &quot;unAuthorizedProps&quot;: {
          &quot;visible&quot;: false,
          &quot;disabled&quot;: false
        },
        &quot;actionName&quot;: &quot;Overview&quot;
      },
      {
        &quot;routePath&quot;: null,
        &quot;iconName&quot;: null,
        &quot;controllerName&quot;: &quot;Pusher&quot;,
        &quot;name&quot;: &quot;Pusher Auth&quot;,
        &quot;displayOrder&quot;: 0,
        &quot;description&quot;: null,
        &quot;id&quot;: &quot;d3abc4d5-0841-435b-b27e-c1f8ff8f4d9f&quot;,
        &quot;isMenu&quot;: false,
        &quot;key&quot;: &quot;Pusher.Auth&quot;,
        &quot;parentId&quot;: null,
        &quot;unAuthorizedProps&quot;: {
          &quot;visible&quot;: false,
          &quot;disabled&quot;: false
        },
        &quot;actionName&quot;: &quot;Auth&quot;
      },
      {
        &quot;routePath&quot;: null,
        &quot;iconName&quot;: null,
        &quot;controllerName&quot;: &quot;ServiceArea&quot;,
        &quot;name&quot;: &quot;ServiceArea Find&quot;,
        &quot;displayOrder&quot;: 0,
        &quot;description&quot;: null,
        &quot;id&quot;: &quot;941ff53e-a0e7-4a97-9f21-5a071749fdcf&quot;,
        &quot;isMenu&quot;: false,
        &quot;key&quot;: &quot;ServiceArea.Find&quot;,
        &quot;parentId&quot;: &quot;6510260c-2670-4f71-96ed-8f12986fb9cf&quot;,
        &quot;unAuthorizedProps&quot;: {
          &quot;visible&quot;: false,
          &quot;disabled&quot;: false
        },
        &quot;actionName&quot;: &quot;Find&quot;
      },
      {
        &quot;routePath&quot;: null,
        &quot;iconName&quot;: null,
        &quot;controllerName&quot;: &quot;CouponCode&quot;,
        &quot;name&quot;: &quot;CouponCode&quot;,
        &quot;displayOrder&quot;: 0,
        &quot;description&quot;: null,
        &quot;id&quot;: &quot;a1ea1d92-37b1-41ec-b4cf-24f205e13ced&quot;,
        &quot;isMenu&quot;: false,
        &quot;key&quot;: &quot;CouponCode.Edit&quot;,
        &quot;parentId&quot;: &quot;5aaef586-e311-4265-a241-6eb9758d6541&quot;,
        &quot;unAuthorizedProps&quot;: {
          &quot;visible&quot;: false,
          &quot;disabled&quot;: false
        },
        &quot;actionName&quot;: &quot;Edit&quot;
      },
      {
        &quot;routePath&quot;: &quot;customers&quot;,
        &quot;iconName&quot;: &quot;customerSVG&quot;,
        &quot;controllerName&quot;: &quot;Customer&quot;,
        &quot;name&quot;: &quot;Customer&quot;,
        &quot;displayOrder&quot;: 610,
        &quot;description&quot;: null,
        &quot;id&quot;: &quot;07b60a01-5846-422c-b1c6-1c7a382dbd0e&quot;,
        &quot;isMenu&quot;: true,
        &quot;key&quot;: &quot;Customer.Index&quot;,
        &quot;parentId&quot;: &quot;8b04f24a-f777-5455-9d4b-5d32257d3d62&quot;,
        &quot;unAuthorizedProps&quot;: {
          &quot;visible&quot;: false,
          &quot;disabled&quot;: false
        },
        &quot;actionName&quot;: &quot;Index&quot;
      },
      {
        &quot;routePath&quot;: null,
        &quot;iconName&quot;: null,
        &quot;controllerName&quot;: &quot;ServiceArea&quot;,
        &quot;name&quot;: &quot;ServiceArea List&quot;,
        &quot;displayOrder&quot;: 0,
        &quot;description&quot;: null,
        &quot;id&quot;: &quot;d059ba5c-c4a9-44ee-89cb-167400d65355&quot;,
        &quot;isMenu&quot;: false,
        &quot;key&quot;: &quot;ServiceArea.List&quot;,
        &quot;parentId&quot;: &quot;6510260c-2670-4f71-96ed-8f12986fb9cf&quot;,
        &quot;unAuthorizedProps&quot;: {
          &quot;visible&quot;: false,
          &quot;disabled&quot;: false
        },
        &quot;actionName&quot;: &quot;List&quot;
      },
      {
        &quot;routePath&quot;: null,
        &quot;iconName&quot;: &quot;managementSVG&quot;,
        &quot;controllerName&quot;: &quot;Product&quot;,
        &quot;name&quot;: &quot;Product / Support&quot;,
        &quot;displayOrder&quot;: 999,
        &quot;description&quot;: null,
        &quot;id&quot;: &quot;5b7cb896-ff20-4798-8468-df6c7f3be073&quot;,
        &quot;isMenu&quot;: true,
        &quot;key&quot;: &quot;Product.Main&quot;,
        &quot;parentId&quot;: null,
        &quot;unAuthorizedProps&quot;: {
          &quot;visible&quot;: false,
          &quot;disabled&quot;: false
        },
        &quot;actionName&quot;: &quot;Main&quot;
      },
      {
        &quot;routePath&quot;: null,
        &quot;iconName&quot;: null,
        &quot;controllerName&quot;: &quot;Address&quot;,
        &quot;name&quot;: &quot;Address List&quot;,
        &quot;displayOrder&quot;: 0,
        &quot;description&quot;: null,
        &quot;id&quot;: &quot;6cf101e1-86c2-4b4b-b308-33a8c9e2fd19&quot;,
        &quot;isMenu&quot;: false,
        &quot;key&quot;: &quot;Address.List&quot;,
        &quot;parentId&quot;: &quot;c3c514ef-1964-4c94-b13a-8bdd83a5b1cb&quot;,
        &quot;unAuthorizedProps&quot;: {
          &quot;visible&quot;: false,
          &quot;disabled&quot;: false
        },
        &quot;actionName&quot;: &quot;List&quot;
      },
      {
        &quot;routePath&quot;: null,
        &quot;iconName&quot;: null,
        &quot;controllerName&quot;: &quot;LocaleResource&quot;,
        &quot;name&quot;: &quot;LocaleResource Delete&quot;,
        &quot;displayOrder&quot;: 0,
        &quot;description&quot;: null,
        &quot;id&quot;: &quot;62103116-c035-44d5-aa5d-577df0b20041&quot;,
        &quot;isMenu&quot;: false,
        &quot;key&quot;: &quot;LocaleResource.Delete&quot;,
        &quot;parentId&quot;: &quot;4c1a6c0d-765c-444a-b7c8-49e99f61d47b&quot;,
        &quot;unAuthorizedProps&quot;: {
          &quot;visible&quot;: false,
          &quot;disabled&quot;: false
        },
        &quot;actionName&quot;: &quot;Delete&quot;
      },
      {
        &quot;routePath&quot;: null,
        &quot;iconName&quot;: null,
        &quot;controllerName&quot;: &quot;Address&quot;,
        &quot;name&quot;: &quot;Address Create&quot;,
        &quot;displayOrder&quot;: 0,
        &quot;description&quot;: null,
        &quot;id&quot;: &quot;ba0b5525-39db-4928-8a6a-a3c450b1d747&quot;,
        &quot;isMenu&quot;: false,
        &quot;key&quot;: &quot;Address.Create&quot;,
        &quot;parentId&quot;: &quot;c3c514ef-1964-4c94-b13a-8bdd83a5b1cb&quot;,
        &quot;unAuthorizedProps&quot;: {
          &quot;visible&quot;: false,
          &quot;disabled&quot;: false
        },
        &quot;actionName&quot;: &quot;Create&quot;
      },
      {
        &quot;routePath&quot;: null,
        &quot;iconName&quot;: &quot;ExportForFilter&quot;,
        &quot;controllerName&quot;: &quot;Product&quot;,
        &quot;name&quot;: &quot;Product ExportFinaleReplenishmentReport&quot;,
        &quot;displayOrder&quot;: 0,
        &quot;description&quot;: null,
        &quot;id&quot;: &quot;557a9551-e3b6-4022-8c65-8fefe6bc8b76&quot;,
        &quot;isMenu&quot;: false,
        &quot;key&quot;: &quot;Product.ExportFinaleReplenishmentReport&quot;,
        &quot;parentId&quot;: &quot;1858607f-58c2-4c69-8078-f2756c5ca81e&quot;,
        &quot;unAuthorizedProps&quot;: {
          &quot;visible&quot;: false,
          &quot;disabled&quot;: false
        },
        &quot;actionName&quot;: &quot;ExportFinaleReplenishmentReport&quot;
      },
      {
        &quot;routePath&quot;: null,
        &quot;iconName&quot;: null,
        &quot;controllerName&quot;: &quot;Setting&quot;,
        &quot;name&quot;: &quot;Setting Delete&quot;,
        &quot;displayOrder&quot;: 0,
        &quot;description&quot;: null,
        &quot;id&quot;: &quot;f22745ab-c49b-4b6a-8a72-58e25565418e&quot;,
        &quot;isMenu&quot;: false,
        &quot;key&quot;: &quot;Setting.Delete&quot;,
        &quot;parentId&quot;: &quot;ccc7592a-301d-4d63-aa26-09e92194ca01&quot;,
        &quot;unAuthorizedProps&quot;: {
          &quot;visible&quot;: false,
          &quot;disabled&quot;: false
        },
        &quot;actionName&quot;: &quot;Delete&quot;
      },
      {
        &quot;routePath&quot;: null,
        &quot;iconName&quot;: null,
        &quot;controllerName&quot;: &quot;Setting&quot;,
        &quot;name&quot;: &quot;Setting Edit&quot;,
        &quot;displayOrder&quot;: 0,
        &quot;description&quot;: null,
        &quot;id&quot;: &quot;368d96d0-f0f8-4a6a-a02a-10f3dc4d6813&quot;,
        &quot;isMenu&quot;: false,
        &quot;key&quot;: &quot;Setting.Edit&quot;,
        &quot;parentId&quot;: &quot;ccc7592a-301d-4d63-aa26-09e92194ca01&quot;,
        &quot;unAuthorizedProps&quot;: {
          &quot;visible&quot;: false,
          &quot;disabled&quot;: false
        },
        &quot;actionName&quot;: &quot;Edit&quot;
      },
      {
        &quot;routePath&quot;: null,
        &quot;iconName&quot;: null,
        &quot;controllerName&quot;: &quot;Warehouse&quot;,
        &quot;name&quot;: &quot;Warehouse ListWarehouseStock&quot;,
        &quot;displayOrder&quot;: 0,
        &quot;description&quot;: null,
        &quot;id&quot;: &quot;10961a78-a6c9-47aa-865a-b4d9aaab89bf&quot;,
        &quot;isMenu&quot;: false,
        &quot;key&quot;: &quot;Warehouse.ListWarehouseStock&quot;,
        &quot;parentId&quot;: &quot;7a99d565-0e98-95af-19bd-814011ea2417&quot;,
        &quot;unAuthorizedProps&quot;: {
          &quot;visible&quot;: false,
          &quot;disabled&quot;: false
        },
        &quot;actionName&quot;: &quot;ListWarehouseStock&quot;
      },
      {
        &quot;routePath&quot;: null,
        &quot;iconName&quot;: &quot;blackListSVG&quot;,
        &quot;controllerName&quot;: &quot;BlackList&quot;,
        &quot;name&quot;: &quot;Black List Create&quot;,
        &quot;displayOrder&quot;: 0,
        &quot;description&quot;: null,
        &quot;id&quot;: &quot;70d6b8cb-7f48-4cd4-a796-cad4e227ccd5&quot;,
        &quot;isMenu&quot;: false,
        &quot;key&quot;: &quot;BlackList.Create&quot;,
        &quot;parentId&quot;: &quot;d273c43d-77c8-4b88-8d35-9ec20a90bd11&quot;,
        &quot;unAuthorizedProps&quot;: {
          &quot;visible&quot;: false,
          &quot;disabled&quot;: false
        },
        &quot;actionName&quot;: &quot;Create&quot;
      },
      {
        &quot;routePath&quot;: null,
        &quot;iconName&quot;: &quot;a&quot;,
        &quot;controllerName&quot;: &quot;Customer&quot;,
        &quot;name&quot;: &quot;Customer UpdateBlockedCodeCampaign&quot;,
        &quot;displayOrder&quot;: 0,
        &quot;description&quot;: null,
        &quot;id&quot;: &quot;e3d996d8-5b07-4015-825c-c87c12952def&quot;,
        &quot;isMenu&quot;: false,
        &quot;key&quot;: &quot;Customer.UpdateBlockedCodeCampaign&quot;,
        &quot;parentId&quot;: null,
        &quot;unAuthorizedProps&quot;: {
          &quot;visible&quot;: false,
          &quot;disabled&quot;: false
        },
        &quot;actionName&quot;: &quot;UpdateBlockedCodeCampaign&quot;
      },
      {
        &quot;routePath&quot;: null,
        &quot;iconName&quot;: null,
        &quot;controllerName&quot;: &quot;Warehouse&quot;,
        &quot;name&quot;: &quot;Warehouse ExportWarehouseStock&quot;,
        &quot;displayOrder&quot;: 0,
        &quot;description&quot;: null,
        &quot;id&quot;: &quot;c9b0c169-56cc-4793-a43d-7d18a47ae863&quot;,
        &quot;isMenu&quot;: false,
        &quot;key&quot;: &quot;Warehouse.ExportWarehouseStock&quot;,
        &quot;parentId&quot;: &quot;7a99d565-0e98-95af-19bd-814011ea2417&quot;,
        &quot;unAuthorizedProps&quot;: {
          &quot;visible&quot;: false,
          &quot;disabled&quot;: false
        },
        &quot;actionName&quot;: &quot;ExportWarehouseStock&quot;
      },
      {
        &quot;routePath&quot;: null,
        &quot;iconName&quot;: &quot;SuitableWarehousesForOrder&quot;,
        &quot;controllerName&quot;: &quot;Order&quot;,
        &quot;name&quot;: &quot;Order SuitableWarehousesForOrder&quot;,
        &quot;displayOrder&quot;: 0,
        &quot;description&quot;: null,
        &quot;id&quot;: &quot;2188f2ef-08fb-4757-b6a6-d734b8d72eea&quot;,
        &quot;isMenu&quot;: false,
        &quot;key&quot;: &quot;Order.SuitableWarehousesForOrder&quot;,
        &quot;parentId&quot;: &quot;872b9f8c-c48d-dfeb-de32-1be0c3c38dbb&quot;,
        &quot;unAuthorizedProps&quot;: {
          &quot;visible&quot;: false,
          &quot;disabled&quot;: false
        },
        &quot;actionName&quot;: &quot;SuitableWarehousesForOrder&quot;
      },
      {
        &quot;routePath&quot;: &quot;products&quot;,
        &quot;iconName&quot;: &quot;productSVG&quot;,
        &quot;controllerName&quot;: &quot;Product&quot;,
        &quot;name&quot;: &quot;Product&quot;,
        &quot;displayOrder&quot;: 390,
        &quot;description&quot;: null,
        &quot;id&quot;: &quot;1858607f-58c2-4c69-8078-f2756c5ca81e&quot;,
        &quot;isMenu&quot;: true,
        &quot;key&quot;: &quot;Product.Index&quot;,
        &quot;parentId&quot;: &quot;8b40e125-ffeb-4cf1-ba4b-0ac72aac09d9&quot;,
        &quot;unAuthorizedProps&quot;: {
          &quot;visible&quot;: false,
          &quot;disabled&quot;: false
        },
        &quot;actionName&quot;: &quot;Index&quot;
      },
      {
        &quot;routePath&quot;: null,
        &quot;iconName&quot;: &quot;blackListSVG&quot;,
        &quot;controllerName&quot;: &quot;BlackList&quot;,
        &quot;name&quot;: &quot;Black List Edit&quot;,
        &quot;displayOrder&quot;: 0,
        &quot;description&quot;: null,
        &quot;id&quot;: &quot;8935ed07-0379-4235-99d4-2188e923639a&quot;,
        &quot;isMenu&quot;: false,
        &quot;key&quot;: &quot;BlackList.Edit&quot;,
        &quot;parentId&quot;: &quot;d273c43d-77c8-4b88-8d35-9ec20a90bd11&quot;,
        &quot;unAuthorizedProps&quot;: {
          &quot;visible&quot;: false,
          &quot;disabled&quot;: false
        },
        &quot;actionName&quot;: &quot;Edit&quot;
      },
      {
        &quot;routePath&quot;: null,
        &quot;iconName&quot;: null,
        &quot;controllerName&quot;: &quot;Rider&quot;,
        &quot;name&quot;: &quot;Rider Find&quot;,
        &quot;displayOrder&quot;: 0,
        &quot;description&quot;: null,
        &quot;id&quot;: &quot;438a4584-500a-47a2-810f-012e4743a389&quot;,
        &quot;isMenu&quot;: false,
        &quot;key&quot;: &quot;Rider.Find&quot;,
        &quot;parentId&quot;: &quot;1b716d9c-2bf6-4a16-9bd1-2214d14b6cc7&quot;,
        &quot;unAuthorizedProps&quot;: {
          &quot;visible&quot;: false,
          &quot;disabled&quot;: false
        },
        &quot;actionName&quot;: &quot;Find&quot;
      },
      {
        &quot;routePath&quot;: null,
        &quot;iconName&quot;: null,
        &quot;controllerName&quot;: &quot;Rider&quot;,
        &quot;name&quot;: &quot;Rider List&quot;,
        &quot;displayOrder&quot;: 0,
        &quot;description&quot;: null,
        &quot;id&quot;: &quot;94789829-bd1b-44a3-ae1a-2c4ecf20e3b3&quot;,
        &quot;isMenu&quot;: false,
        &quot;key&quot;: &quot;Rider.List&quot;,
        &quot;parentId&quot;: &quot;1b716d9c-2bf6-4a16-9bd1-2214d14b6cc7&quot;,
        &quot;unAuthorizedProps&quot;: {
          &quot;visible&quot;: false,
          &quot;disabled&quot;: false
        },
        &quot;actionName&quot;: &quot;List&quot;
      },
      {
        &quot;routePath&quot;: null,
        &quot;iconName&quot;: null,
        &quot;controllerName&quot;: &quot;CouponCode&quot;,
        &quot;name&quot;: &quot;CouponCode&quot;,
        &quot;displayOrder&quot;: 0,
        &quot;description&quot;: null,
        &quot;id&quot;: &quot;82a51ef5-f9a9-4a9d-9bc4-241cda2df051&quot;,
        &quot;isMenu&quot;: false,
        &quot;key&quot;: &quot;CouponCode.Create&quot;,
        &quot;parentId&quot;: &quot;5aaef586-e311-4265-a241-6eb9758d6541&quot;,
        &quot;unAuthorizedProps&quot;: {
          &quot;visible&quot;: false,
          &quot;disabled&quot;: false
        },
        &quot;actionName&quot;: &quot;Create&quot;
      },
      {
        &quot;routePath&quot;: null,
        &quot;iconName&quot;: null,
        &quot;controllerName&quot;: &quot;Warehouse&quot;,
        &quot;name&quot;: &quot;Warehouse Create&quot;,
        &quot;displayOrder&quot;: 0,
        &quot;description&quot;: null,
        &quot;id&quot;: &quot;26bd14df-9135-4f4d-8468-6c439e8a737f&quot;,
        &quot;isMenu&quot;: false,
        &quot;key&quot;: &quot;Warehouse.Create&quot;,
        &quot;parentId&quot;: &quot;7a99d565-0e98-95af-19bd-814011ea2417&quot;,
        &quot;unAuthorizedProps&quot;: {
          &quot;visible&quot;: false,
          &quot;disabled&quot;: false
        },
        &quot;actionName&quot;: &quot;Create&quot;
      },
      {
        &quot;routePath&quot;: null,
        &quot;iconName&quot;: null,
        &quot;controllerName&quot;: &quot;CouponCode&quot;,
        &quot;name&quot;: &quot;Find Coupon Code By User Id&quot;,
        &quot;displayOrder&quot;: 0,
        &quot;description&quot;: null,
        &quot;id&quot;: &quot;75b2daf0-42e8-4ad7-b6a4-811d06d87c74&quot;,
        &quot;isMenu&quot;: false,
        &quot;key&quot;: &quot;CouponCode.FindByUserId&quot;,
        &quot;parentId&quot;: &quot;5aaef586-e311-4265-a241-6eb9758d6541&quot;,
        &quot;unAuthorizedProps&quot;: {
          &quot;visible&quot;: false,
          &quot;disabled&quot;: false
        },
        &quot;actionName&quot;: &quot;FindByUserId&quot;
      },
      {
        &quot;routePath&quot;: null,
        &quot;iconName&quot;: null,
        &quot;controllerName&quot;: &quot;Language&quot;,
        &quot;name&quot;: &quot;Language Index&quot;,
        &quot;displayOrder&quot;: 0,
        &quot;description&quot;: null,
        &quot;id&quot;: &quot;7d117917-ff5a-448f-ae1c-71b123ffabc0&quot;,
        &quot;isMenu&quot;: false,
        &quot;key&quot;: &quot;Language.Index&quot;,
        &quot;parentId&quot;: null,
        &quot;unAuthorizedProps&quot;: {
          &quot;visible&quot;: false,
          &quot;disabled&quot;: false
        },
        &quot;actionName&quot;: &quot;Index&quot;
      },
      {
        &quot;routePath&quot;: null,
        &quot;iconName&quot;: null,
        &quot;controllerName&quot;: &quot;Campaign&quot;,
        &quot;name&quot;: &quot;Campaign Find&quot;,
        &quot;displayOrder&quot;: 0,
        &quot;description&quot;: null,
        &quot;id&quot;: &quot;00b581e0-ec91-4feb-a7e7-f1b9101ad482&quot;,
        &quot;isMenu&quot;: false,
        &quot;key&quot;: &quot;Campaign.Find&quot;,
        &quot;parentId&quot;: &quot;fd2f794b-65fb-4da6-9bdb-835c466e4321&quot;,
        &quot;unAuthorizedProps&quot;: {
          &quot;visible&quot;: false,
          &quot;disabled&quot;: false
        },
        &quot;actionName&quot;: &quot;Find&quot;
      },
      {
        &quot;routePath&quot;: null,
        &quot;iconName&quot;: null,
        &quot;controllerName&quot;: &quot;Setting&quot;,
        &quot;name&quot;: &quot;Setting List&quot;,
        &quot;displayOrder&quot;: 0,
        &quot;description&quot;: null,
        &quot;id&quot;: &quot;9f68e0f0-57dc-4148-bd76-fb8c2a970786&quot;,
        &quot;isMenu&quot;: false,
        &quot;key&quot;: &quot;Setting.List&quot;,
        &quot;parentId&quot;: &quot;ccc7592a-301d-4d63-aa26-09e92194ca01&quot;,
        &quot;unAuthorizedProps&quot;: {
          &quot;visible&quot;: false,
          &quot;disabled&quot;: false
        },
        &quot;actionName&quot;: &quot;List&quot;
      },
      {
        &quot;routePath&quot;: null,
        &quot;iconName&quot;: null,
        &quot;controllerName&quot;: &quot;ServiceArea&quot;,
        &quot;name&quot;: &quot;ServiceArea UpdateGeoJson&quot;,
        &quot;displayOrder&quot;: 0,
        &quot;description&quot;: null,
        &quot;id&quot;: &quot;02e62924-50d4-4bc5-9403-2254969f04c0&quot;,
        &quot;isMenu&quot;: false,
        &quot;key&quot;: &quot;ServiceArea.UpdateGeoJson&quot;,
        &quot;parentId&quot;: &quot;6510260c-2670-4f71-96ed-8f12986fb9cf&quot;,
        &quot;unAuthorizedProps&quot;: {
          &quot;visible&quot;: false,
          &quot;disabled&quot;: false
        },
        &quot;actionName&quot;: &quot;UpdateGeoJson&quot;
      },
      {
        &quot;routePath&quot;: null,
        &quot;iconName&quot;: null,
        &quot;controllerName&quot;: &quot;Order&quot;,
        &quot;name&quot;: &quot;Order DeleteOrderItemCheck&quot;,
        &quot;displayOrder&quot;: 0,
        &quot;description&quot;: null,
        &quot;id&quot;: &quot;e07b0bce-91e5-4399-857b-936f93c302dd&quot;,
        &quot;isMenu&quot;: false,
        &quot;key&quot;: &quot;Order.DeleteOrderItemCheck&quot;,
        &quot;parentId&quot;: &quot;872b9f8c-c48d-dfeb-de32-1be0c3c38dbb&quot;,
        &quot;unAuthorizedProps&quot;: {
          &quot;visible&quot;: false,
          &quot;disabled&quot;: false
        },
        &quot;actionName&quot;: &quot;DeleteOrderItemCheck&quot;
      },
      {
        &quot;routePath&quot;: &quot;warehouses&quot;,
        &quot;iconName&quot;: &quot;warehousesSVG&quot;,
        &quot;controllerName&quot;: &quot;Warehouse&quot;,
        &quot;name&quot;: &quot;Warehouses&quot;,
        &quot;displayOrder&quot;: 500,
        &quot;description&quot;: null,
        &quot;id&quot;: &quot;7a99d565-0e98-95af-19bd-814011ea2417&quot;,
        &quot;isMenu&quot;: true,
        &quot;key&quot;: &quot;Warehouse.Index&quot;,
        &quot;parentId&quot;: null,
        &quot;unAuthorizedProps&quot;: {
          &quot;visible&quot;: false,
          &quot;disabled&quot;: false
        },
        &quot;actionName&quot;: &quot;Index&quot;
      },
      {
        &quot;routePath&quot;: null,
        &quot;iconName&quot;: null,
        &quot;controllerName&quot;: &quot;Category&quot;,
        &quot;name&quot;: &quot;Category Create&quot;,
        &quot;displayOrder&quot;: 0,
        &quot;description&quot;: null,
        &quot;id&quot;: &quot;ec3b6666-e8bf-4426-bb0a-6c46f175b9da&quot;,
        &quot;isMenu&quot;: false,
        &quot;key&quot;: &quot;Category.Create&quot;,
        &quot;parentId&quot;: &quot;9bbddb67-d7f2-44d3-8d09-6bd04f8b6f79&quot;,
        &quot;unAuthorizedProps&quot;: {
          &quot;visible&quot;: false,
          &quot;disabled&quot;: false
        },
        &quot;actionName&quot;: &quot;Create&quot;
      },
      {
        &quot;routePath&quot;: null,
        &quot;iconName&quot;: null,
        &quot;controllerName&quot;: &quot;Campaign&quot;,
        &quot;name&quot;: &quot;Campaign ListForFilter&quot;,
        &quot;displayOrder&quot;: 0,
        &quot;description&quot;: null,
        &quot;id&quot;: &quot;d4f0750c-5811-4863-9808-a95b2ab92af4&quot;,
        &quot;isMenu&quot;: false,
        &quot;key&quot;: &quot;Campaign.ListForFilter&quot;,
        &quot;parentId&quot;: &quot;fd2f794b-65fb-4da6-9bdb-835c466e4321&quot;,
        &quot;unAuthorizedProps&quot;: {
          &quot;visible&quot;: false,
          &quot;disabled&quot;: false
        },
        &quot;actionName&quot;: &quot;ListForFilter&quot;
      },
      {
        &quot;routePath&quot;: null,
        &quot;iconName&quot;: null,
        &quot;controllerName&quot;: &quot;Country&quot;,
        &quot;name&quot;: &quot;Country Find&quot;,
        &quot;displayOrder&quot;: 0,
        &quot;description&quot;: null,
        &quot;id&quot;: &quot;869a6e82-0d19-4ae8-a655-99db08529c33&quot;,
        &quot;isMenu&quot;: false,
        &quot;key&quot;: &quot;Country.Find&quot;,
        &quot;parentId&quot;: &quot;9c15db73-badc-4894-ab1b-d8261bac91c2&quot;,
        &quot;unAuthorizedProps&quot;: {
          &quot;visible&quot;: false,
          &quot;disabled&quot;: false
        },
        &quot;actionName&quot;: &quot;Find&quot;
      },
      {
        &quot;routePath&quot;: null,
        &quot;iconName&quot;: null,
        &quot;controllerName&quot;: &quot;SubRegion&quot;,
        &quot;name&quot;: &quot;SubRegion List&quot;,
        &quot;displayOrder&quot;: 0,
        &quot;description&quot;: null,
        &quot;id&quot;: &quot;75d1a3dc-c6ed-4c21-952e-54972310aeb7&quot;,
        &quot;isMenu&quot;: false,
        &quot;key&quot;: &quot;SubRegion.List&quot;,
        &quot;parentId&quot;: &quot;5016a026-6957-41ab-8cda-9bd37afe0841&quot;,
        &quot;unAuthorizedProps&quot;: {
          &quot;visible&quot;: false,
          &quot;disabled&quot;: false
        },
        &quot;actionName&quot;: &quot;List&quot;
      },
      {
        &quot;routePath&quot;: null,
        &quot;iconName&quot;: null,
        &quot;controllerName&quot;: &quot;Rider&quot;,
        &quot;name&quot;: &quot;Rider Edit&quot;,
        &quot;displayOrder&quot;: 0,
        &quot;description&quot;: null,
        &quot;id&quot;: &quot;8277937b-eb57-49db-b4e2-b71ca38abd9c&quot;,
        &quot;isMenu&quot;: false,
        &quot;key&quot;: &quot;Rider.Edit&quot;,
        &quot;parentId&quot;: &quot;1b716d9c-2bf6-4a16-9bd1-2214d14b6cc7&quot;,
        &quot;unAuthorizedProps&quot;: {
          &quot;visible&quot;: false,
          &quot;disabled&quot;: false
        },
        &quot;actionName&quot;: &quot;Edit&quot;
      },
      {
        &quot;routePath&quot;: null,
        &quot;iconName&quot;: null,
        &quot;controllerName&quot;: &quot;Setting&quot;,
        &quot;name&quot;: &quot;Setting Create&quot;,
        &quot;displayOrder&quot;: 0,
        &quot;description&quot;: null,
        &quot;id&quot;: &quot;238383c9-3a34-4c8a-b2a2-85f813a6f40a&quot;,
        &quot;isMenu&quot;: false,
        &quot;key&quot;: &quot;Setting.Create&quot;,
        &quot;parentId&quot;: &quot;ccc7592a-301d-4d63-aa26-09e92194ca01&quot;,
        &quot;unAuthorizedProps&quot;: {
          &quot;visible&quot;: false,
          &quot;disabled&quot;: false
        },
        &quot;actionName&quot;: &quot;Create&quot;
      },
      {
        &quot;routePath&quot;: null,
        &quot;iconName&quot;: null,
        &quot;controllerName&quot;: &quot;CouponCode&quot;,
        &quot;name&quot;: &quot;CouponCode&quot;,
        &quot;displayOrder&quot;: 0,
        &quot;description&quot;: null,
        &quot;id&quot;: &quot;d28ce774-c331-4733-b98f-c83f04e8c752&quot;,
        &quot;isMenu&quot;: false,
        &quot;key&quot;: &quot;CouponCode.Delete&quot;,
        &quot;parentId&quot;: &quot;5aaef586-e311-4265-a241-6eb9758d6541&quot;,
        &quot;unAuthorizedProps&quot;: {
          &quot;visible&quot;: false,
          &quot;disabled&quot;: false
        },
        &quot;actionName&quot;: &quot;Delete&quot;
      },
      {
        &quot;routePath&quot;: null,
        &quot;iconName&quot;: null,
        &quot;controllerName&quot;: &quot;Permission&quot;,
        &quot;name&quot;: &quot;Permission Create&quot;,
        &quot;displayOrder&quot;: 0,
        &quot;description&quot;: null,
        &quot;id&quot;: &quot;a1a303e1-73f3-40d4-b748-a725546f5ea8&quot;,
        &quot;isMenu&quot;: false,
        &quot;key&quot;: &quot;Permission.Create&quot;,
        &quot;parentId&quot;: &quot;213aad81-551b-49f7-9d15-f11f5b9e7e88&quot;,
        &quot;unAuthorizedProps&quot;: {
          &quot;visible&quot;: false,
          &quot;disabled&quot;: false
        },
        &quot;actionName&quot;: &quot;Create&quot;
      },
      {
        &quot;routePath&quot;: null,
        &quot;iconName&quot;: null,
        &quot;controllerName&quot;: &quot;Language&quot;,
        &quot;name&quot;: &quot;Language Delete&quot;,
        &quot;displayOrder&quot;: 0,
        &quot;description&quot;: null,
        &quot;id&quot;: &quot;16b92a62-28f2-4a62-b810-9d341253ffef&quot;,
        &quot;isMenu&quot;: false,
        &quot;key&quot;: &quot;Language.Delete&quot;,
        &quot;parentId&quot;: &quot;7d117917-ff5a-448f-ae1c-71b123ffabc0&quot;,
        &quot;unAuthorizedProps&quot;: {
          &quot;visible&quot;: false,
          &quot;disabled&quot;: false
        },
        &quot;actionName&quot;: &quot;Delete&quot;
      },
      {
        &quot;routePath&quot;: null,
        &quot;iconName&quot;: null,
        &quot;controllerName&quot;: &quot;Order&quot;,
        &quot;name&quot;: &quot;Order Find&quot;,
        &quot;displayOrder&quot;: 0,
        &quot;description&quot;: null,
        &quot;id&quot;: &quot;28593029-bc36-4e20-86b9-c1703b181edd&quot;,
        &quot;isMenu&quot;: false,
        &quot;key&quot;: &quot;Order.Find&quot;,
        &quot;parentId&quot;: &quot;872b9f8c-c48d-dfeb-de32-1be0c3c38dbb&quot;,
        &quot;unAuthorizedProps&quot;: {
          &quot;visible&quot;: false,
          &quot;disabled&quot;: false
        },
        &quot;actionName&quot;: &quot;Find&quot;
      },
      {
        &quot;routePath&quot;: null,
        &quot;iconName&quot;: null,
        &quot;controllerName&quot;: &quot;SubRegion&quot;,
        &quot;name&quot;: &quot;SubRegion Create&quot;,
        &quot;displayOrder&quot;: 0,
        &quot;description&quot;: null,
        &quot;id&quot;: &quot;5645a151-6053-4f7b-ab7b-d8503cbb1aba&quot;,
        &quot;isMenu&quot;: false,
        &quot;key&quot;: &quot;SubRegion.Create&quot;,
        &quot;parentId&quot;: &quot;5016a026-6957-41ab-8cda-9bd37afe0841&quot;,
        &quot;unAuthorizedProps&quot;: {
          &quot;visible&quot;: false,
          &quot;disabled&quot;: false
        },
        &quot;actionName&quot;: &quot;Create&quot;
      },
      {
        &quot;routePath&quot;: &quot;dashboards&quot;,
        &quot;iconName&quot;: &quot;dashboardSVG&quot;,
        &quot;controllerName&quot;: &quot;Dashboard&quot;,
        &quot;name&quot;: &quot;Analytics&quot;,
        &quot;displayOrder&quot;: 300,
        &quot;description&quot;: null,
        &quot;id&quot;: &quot;0b0fd9e8-2ae5-40f8-9373-deafc8c5770d&quot;,
        &quot;isMenu&quot;: true,
        &quot;key&quot;: &quot;Dashboard.Index&quot;,
        &quot;parentId&quot;: null,
        &quot;unAuthorizedProps&quot;: {
          &quot;visible&quot;: false,
          &quot;disabled&quot;: false
        },
        &quot;actionName&quot;: &quot;Index&quot;
      },
      {
        &quot;routePath&quot;: null,
        &quot;iconName&quot;: null,
        &quot;controllerName&quot;: &quot;ServiceArea&quot;,
        &quot;name&quot;: &quot;ServiceArea Edit&quot;,
        &quot;displayOrder&quot;: 0,
        &quot;description&quot;: null,
        &quot;id&quot;: &quot;dccac413-6147-41f2-a093-0f85c770405a&quot;,
        &quot;isMenu&quot;: false,
        &quot;key&quot;: &quot;ServiceArea.Edit&quot;,
        &quot;parentId&quot;: &quot;6510260c-2670-4f71-96ed-8f12986fb9cf&quot;,
        &quot;unAuthorizedProps&quot;: {
          &quot;visible&quot;: false,
          &quot;disabled&quot;: false
        },
        &quot;actionName&quot;: &quot;Edit&quot;
      },
      {
        &quot;routePath&quot;: null,
        &quot;iconName&quot;: null,
        &quot;controllerName&quot;: &quot;Employee&quot;,
        &quot;name&quot;: &quot;Employee Create&quot;,
        &quot;displayOrder&quot;: 0,
        &quot;description&quot;: null,
        &quot;id&quot;: &quot;c5270ce8-af43-4c0c-aae3-461b204b6154&quot;,
        &quot;isMenu&quot;: false,
        &quot;key&quot;: &quot;Employee.Create&quot;,
        &quot;parentId&quot;: &quot;e4a8e904-698e-4596-92c3-b40206b19179&quot;,
        &quot;unAuthorizedProps&quot;: {
          &quot;visible&quot;: false,
          &quot;disabled&quot;: false
        },
        &quot;actionName&quot;: &quot;Create&quot;
      },
      {
        &quot;routePath&quot;: null,
        &quot;iconName&quot;: null,
        &quot;controllerName&quot;: &quot;Order&quot;,
        &quot;name&quot;: &quot;Order List&quot;,
        &quot;displayOrder&quot;: 0,
        &quot;description&quot;: null,
        &quot;id&quot;: &quot;5644a0fc-aab8-4a88-9bcc-a71f29a6bb49&quot;,
        &quot;isMenu&quot;: false,
        &quot;key&quot;: &quot;Order.List&quot;,
        &quot;parentId&quot;: &quot;872b9f8c-c48d-dfeb-de32-1be0c3c38dbb&quot;,
        &quot;unAuthorizedProps&quot;: {
          &quot;visible&quot;: false,
          &quot;disabled&quot;: false
        },
        &quot;actionName&quot;: &quot;List&quot;
      },
      {
        &quot;routePath&quot;: null,
        &quot;iconName&quot;: null,
        &quot;controllerName&quot;: &quot;Language&quot;,
        &quot;name&quot;: &quot;Language Find&quot;,
        &quot;displayOrder&quot;: 0,
        &quot;description&quot;: null,
        &quot;id&quot;: &quot;ac47e514-e60f-466f-a16c-401a478bbce7&quot;,
        &quot;isMenu&quot;: false,
        &quot;key&quot;: &quot;Language.Find&quot;,
        &quot;parentId&quot;: &quot;7d117917-ff5a-448f-ae1c-71b123ffabc0&quot;,
        &quot;unAuthorizedProps&quot;: {
          &quot;visible&quot;: false,
          &quot;disabled&quot;: false
        },
        &quot;actionName&quot;: &quot;Find&quot;
      },
      {
        &quot;routePath&quot;: null,
        &quot;iconName&quot;: null,
        &quot;controllerName&quot;: &quot;Employee&quot;,
        &quot;name&quot;: &quot;Employee List&quot;,
        &quot;displayOrder&quot;: 0,
        &quot;description&quot;: null,
        &quot;id&quot;: &quot;85b2a11c-84bd-40bf-87b5-226546bb7272&quot;,
        &quot;isMenu&quot;: false,
        &quot;key&quot;: &quot;Employee.List&quot;,
        &quot;parentId&quot;: &quot;e4a8e904-698e-4596-92c3-b40206b19179&quot;,
        &quot;unAuthorizedProps&quot;: {
          &quot;visible&quot;: false,
          &quot;disabled&quot;: false
        },
        &quot;actionName&quot;: &quot;List&quot;
      },
      {
        &quot;routePath&quot;: null,
        &quot;iconName&quot;: null,
        &quot;controllerName&quot;: &quot;Country&quot;,
        &quot;name&quot;: &quot;Country Delete&quot;,
        &quot;displayOrder&quot;: 0,
        &quot;description&quot;: null,
        &quot;id&quot;: &quot;6107f9a1-4fbe-46fc-82eb-55acf38ead7d&quot;,
        &quot;isMenu&quot;: false,
        &quot;key&quot;: &quot;Country.Delete&quot;,
        &quot;parentId&quot;: &quot;9c15db73-badc-4894-ab1b-d8261bac91c2&quot;,
        &quot;unAuthorizedProps&quot;: {
          &quot;visible&quot;: false,
          &quot;disabled&quot;: false
        },
        &quot;actionName&quot;: &quot;Delete&quot;
      },
      {
        &quot;routePath&quot;: null,
        &quot;iconName&quot;: null,
        &quot;controllerName&quot;: &quot;Category&quot;,
        &quot;name&quot;: &quot;Category ListForFilter&quot;,
        &quot;displayOrder&quot;: 0,
        &quot;description&quot;: null,
        &quot;id&quot;: &quot;f057072d-c8d8-4140-880a-ad2a61df8381&quot;,
        &quot;isMenu&quot;: false,
        &quot;key&quot;: &quot;Category.ListForFilter&quot;,
        &quot;parentId&quot;: &quot;9bbddb67-d7f2-44d3-8d09-6bd04f8b6f79&quot;,
        &quot;unAuthorizedProps&quot;: {
          &quot;visible&quot;: false,
          &quot;disabled&quot;: false
        },
        &quot;actionName&quot;: &quot;ListForFilter&quot;
      },
      {
        &quot;routePath&quot;: &quot;categories&quot;,
        &quot;iconName&quot;: &quot;categorySVG&quot;,
        &quot;controllerName&quot;: &quot;Category&quot;,
        &quot;name&quot;: &quot;Categories&quot;,
        &quot;displayOrder&quot;: 400,
        &quot;description&quot;: null,
        &quot;id&quot;: &quot;501d66f1-cdeb-4f10-85d2-6e00d60e36c9&quot;,
        &quot;isMenu&quot;: true,
        &quot;key&quot;: &quot;Category.Index&quot;,
        &quot;parentId&quot;: &quot;8b40e125-ffeb-4cf1-ba4b-0ac72aac09d9&quot;,
        &quot;unAuthorizedProps&quot;: {
          &quot;visible&quot;: false,
          &quot;disabled&quot;: false
        },
        &quot;actionName&quot;: &quot;Index&quot;
      },
      {
        &quot;routePath&quot;: null,
        &quot;iconName&quot;: null,
        &quot;controllerName&quot;: &quot;ZipCode&quot;,
        &quot;name&quot;: &quot;ZipCode Edit&quot;,
        &quot;displayOrder&quot;: 0,
        &quot;description&quot;: null,
        &quot;id&quot;: &quot;a5fdf875-fb0a-456a-bd3d-8428d97760af&quot;,
        &quot;isMenu&quot;: false,
        &quot;key&quot;: &quot;ZipCode.Edit&quot;,
        &quot;parentId&quot;: &quot;8aa34e38-533b-4ab7-bad7-0eaa7b5dec9c&quot;,
        &quot;unAuthorizedProps&quot;: {
          &quot;visible&quot;: false,
          &quot;disabled&quot;: false
        },
        &quot;actionName&quot;: &quot;Edit&quot;
      },
      {
        &quot;routePath&quot;: null,
        &quot;iconName&quot;: null,
        &quot;controllerName&quot;: &quot;Order&quot;,
        &quot;name&quot;: &quot;Order FindOrdersByUserId&quot;,
        &quot;displayOrder&quot;: 0,
        &quot;description&quot;: null,
        &quot;id&quot;: &quot;68d99af4-6abe-48d5-9ef2-c1cdb594e356&quot;,
        &quot;isMenu&quot;: false,
        &quot;key&quot;: &quot;Order.FindOrdersByUserId&quot;,
        &quot;parentId&quot;: &quot;872b9f8c-c48d-dfeb-de32-1be0c3c38dbb&quot;,
        &quot;unAuthorizedProps&quot;: {
          &quot;visible&quot;: false,
          &quot;disabled&quot;: false
        },
        &quot;actionName&quot;: &quot;FindOrdersByUserId&quot;
      },
      {
        &quot;routePath&quot;: null,
        &quot;iconName&quot;: null,
        &quot;controllerName&quot;: &quot;Address&quot;,
        &quot;name&quot;: &quot;Address Index&quot;,
        &quot;displayOrder&quot;: 0,
        &quot;description&quot;: null,
        &quot;id&quot;: &quot;c3c514ef-1964-4c94-b13a-8bdd83a5b1cb&quot;,
        &quot;isMenu&quot;: false,
        &quot;key&quot;: &quot;Address.Index&quot;,
        &quot;parentId&quot;: null,
        &quot;unAuthorizedProps&quot;: {
          &quot;visible&quot;: false,
          &quot;disabled&quot;: false
        },
        &quot;actionName&quot;: &quot;Index&quot;
      },
      {
        &quot;routePath&quot;: null,
        &quot;iconName&quot;: null,
        &quot;controllerName&quot;: &quot;State&quot;,
        &quot;name&quot;: &quot;State Find&quot;,
        &quot;displayOrder&quot;: 0,
        &quot;description&quot;: null,
        &quot;id&quot;: &quot;749873e1-e852-4fc8-ab64-f1da0b433957&quot;,
        &quot;isMenu&quot;: false,
        &quot;key&quot;: &quot;State.Find&quot;,
        &quot;parentId&quot;: &quot;4842baa6-3b5e-40d1-ba2c-aa896962f8a7&quot;,
        &quot;unAuthorizedProps&quot;: {
          &quot;visible&quot;: false,
          &quot;disabled&quot;: false
        },
        &quot;actionName&quot;: &quot;Find&quot;
      },
      {
        &quot;routePath&quot;: null,
        &quot;iconName&quot;: null,
        &quot;controllerName&quot;: &quot;Order&quot;,
        &quot;name&quot;: &quot;Order Edit&quot;,
        &quot;displayOrder&quot;: 0,
        &quot;description&quot;: null,
        &quot;id&quot;: &quot;9ae4817f-4442-47af-a281-0b3c0d40862e&quot;,
        &quot;isMenu&quot;: false,
        &quot;key&quot;: &quot;Order.Edit&quot;,
        &quot;parentId&quot;: &quot;872b9f8c-c48d-dfeb-de32-1be0c3c38dbb&quot;,
        &quot;unAuthorizedProps&quot;: {
          &quot;visible&quot;: false,
          &quot;disabled&quot;: false
        },
        &quot;actionName&quot;: &quot;Edit&quot;
      },
      {
        &quot;routePath&quot;: null,
        &quot;iconName&quot;: null,
        &quot;controllerName&quot;: &quot;Customer&quot;,
        &quot;name&quot;: &quot;Customer RemoteSearchForCustomer&quot;,
        &quot;displayOrder&quot;: 0,
        &quot;description&quot;: null,
        &quot;id&quot;: &quot;6c5194cb-40ed-4c65-81e7-b8588de65998&quot;,
        &quot;isMenu&quot;: false,
        &quot;key&quot;: &quot;Customer.RemoteSearchForCustomer&quot;,
        &quot;parentId&quot;: &quot;07b60a01-5846-422c-b1c6-1c7a382dbd0e&quot;,
        &quot;unAuthorizedProps&quot;: {
          &quot;visible&quot;: false,
          &quot;disabled&quot;: false
        },
        &quot;actionName&quot;: &quot;RemoteSearchForCustomer&quot;
      },
      {
        &quot;routePath&quot;: null,
        &quot;iconName&quot;: null,
        &quot;controllerName&quot;: &quot;Campaign&quot;,
        &quot;name&quot;: &quot;Campaign Upload Picture&quot;,
        &quot;displayOrder&quot;: 0,
        &quot;description&quot;: null,
        &quot;id&quot;: &quot;939d1f32-170d-4457-ba5b-9e7963a1f44d&quot;,
        &quot;isMenu&quot;: false,
        &quot;key&quot;: &quot;Campaign.UploadCampaignPicture&quot;,
        &quot;parentId&quot;: &quot;fd2f794b-65fb-4da6-9bdb-835c466e4321&quot;,
        &quot;unAuthorizedProps&quot;: {
          &quot;visible&quot;: false,
          &quot;disabled&quot;: false
        },
        &quot;actionName&quot;: &quot;UploadCampaignPicture&quot;
      },
      {
        &quot;routePath&quot;: null,
        &quot;iconName&quot;: null,
        &quot;controllerName&quot;: &quot;Permission&quot;,
        &quot;name&quot;: &quot;Permission Edit&quot;,
        &quot;displayOrder&quot;: 0,
        &quot;description&quot;: null,
        &quot;id&quot;: &quot;fac3a453-994e-43cc-876d-e9c0edc059aa&quot;,
        &quot;isMenu&quot;: false,
        &quot;key&quot;: &quot;Permission.Edit&quot;,
        &quot;parentId&quot;: &quot;213aad81-551b-49f7-9d15-f11f5b9e7e88&quot;,
        &quot;unAuthorizedProps&quot;: {
          &quot;visible&quot;: false,
          &quot;disabled&quot;: false
        },
        &quot;actionName&quot;: &quot;Edit&quot;
      },
      {
        &quot;routePath&quot;: null,
        &quot;iconName&quot;: null,
        &quot;controllerName&quot;: &quot;SubRegion&quot;,
        &quot;name&quot;: &quot;SubRegion Find&quot;,
        &quot;displayOrder&quot;: 0,
        &quot;description&quot;: null,
        &quot;id&quot;: &quot;c04774f1-327c-4343-b9bb-35aa8cf11007&quot;,
        &quot;isMenu&quot;: false,
        &quot;key&quot;: &quot;SubRegion.Find&quot;,
        &quot;parentId&quot;: &quot;5016a026-6957-41ab-8cda-9bd37afe0841&quot;,
        &quot;unAuthorizedProps&quot;: {
          &quot;visible&quot;: false,
          &quot;disabled&quot;: false
        },
        &quot;actionName&quot;: &quot;Find&quot;
      },
      {
        &quot;routePath&quot;: &quot;resources&quot;,
        &quot;iconName&quot;: &quot;resourceSVG&quot;,
        &quot;controllerName&quot;: &quot;LocaleResource&quot;,
        &quot;name&quot;: &quot;Resource&quot;,
        &quot;displayOrder&quot;: 910,
        &quot;description&quot;: null,
        &quot;id&quot;: &quot;4c1a6c0d-765c-444a-b7c8-49e99f61d47b&quot;,
        &quot;isMenu&quot;: true,
        &quot;key&quot;: &quot;LocaleResource.Index&quot;,
        &quot;parentId&quot;: &quot;8f4ea0ae-2382-4769-8584-5f2f2b1520c8&quot;,
        &quot;unAuthorizedProps&quot;: {
          &quot;visible&quot;: false,
          &quot;disabled&quot;: false
        },
        &quot;actionName&quot;: &quot;Index&quot;
      },
      {
        &quot;routePath&quot;: null,
        &quot;iconName&quot;: &quot;blackListSVG&quot;,
        &quot;controllerName&quot;: &quot;BlackList&quot;,
        &quot;name&quot;: &quot;Black List List&quot;,
        &quot;displayOrder&quot;: 0,
        &quot;description&quot;: null,
        &quot;id&quot;: &quot;96f6bf8e-c5b2-46ee-ade0-f00025140813&quot;,
        &quot;isMenu&quot;: false,
        &quot;key&quot;: &quot;BlackList.List&quot;,
        &quot;parentId&quot;: &quot;d273c43d-77c8-4b88-8d35-9ec20a90bd11&quot;,
        &quot;unAuthorizedProps&quot;: {
          &quot;visible&quot;: false,
          &quot;disabled&quot;: false
        },
        &quot;actionName&quot;: &quot;List&quot;
      },
      {
        &quot;routePath&quot;: null,
        &quot;iconName&quot;: null,
        &quot;controllerName&quot;: &quot;County&quot;,
        &quot;name&quot;: &quot;County List&quot;,
        &quot;displayOrder&quot;: 0,
        &quot;description&quot;: null,
        &quot;id&quot;: &quot;b585755d-7f4f-43b0-8d1e-f2d807abcec4&quot;,
        &quot;isMenu&quot;: false,
        &quot;key&quot;: &quot;County.List&quot;,
        &quot;parentId&quot;: &quot;28a7ee86-bfd8-408f-97d3-82a96e1cbcc6&quot;,
        &quot;unAuthorizedProps&quot;: {
          &quot;visible&quot;: false,
          &quot;disabled&quot;: false
        },
        &quot;actionName&quot;: &quot;List&quot;
      },
      {
        &quot;routePath&quot;: null,
        &quot;iconName&quot;: null,
        &quot;controllerName&quot;: &quot;LocaleResource&quot;,
        &quot;name&quot;: &quot;LocaleResource Find&quot;,
        &quot;displayOrder&quot;: 0,
        &quot;description&quot;: null,
        &quot;id&quot;: &quot;8a3bd0e4-9a78-449b-bf34-61a097848b9b&quot;,
        &quot;isMenu&quot;: false,
        &quot;key&quot;: &quot;LocaleResource.Find&quot;,
        &quot;parentId&quot;: &quot;4c1a6c0d-765c-444a-b7c8-49e99f61d47b&quot;,
        &quot;unAuthorizedProps&quot;: {
          &quot;visible&quot;: false,
          &quot;disabled&quot;: false
        },
        &quot;actionName&quot;: &quot;Find&quot;
      },
      {
        &quot;routePath&quot;: null,
        &quot;iconName&quot;: null,
        &quot;controllerName&quot;: &quot;ServiceArea&quot;,
        &quot;name&quot;: &quot;ServiceArea Delete&quot;,
        &quot;displayOrder&quot;: 0,
        &quot;description&quot;: null,
        &quot;id&quot;: &quot;aa63520c-b6b3-4475-8516-d9ed4e71ae82&quot;,
        &quot;isMenu&quot;: false,
        &quot;key&quot;: &quot;ServiceArea.Delete&quot;,
        &quot;parentId&quot;: &quot;6510260c-2670-4f71-96ed-8f12986fb9cf&quot;,
        &quot;unAuthorizedProps&quot;: {
          &quot;visible&quot;: false,
          &quot;disabled&quot;: false
        },
        &quot;actionName&quot;: &quot;Delete&quot;
      },
      {
        &quot;routePath&quot;: null,
        &quot;iconName&quot;: null,
        &quot;controllerName&quot;: &quot;Permission&quot;,
        &quot;name&quot;: &quot;Permission Delete&quot;,
        &quot;displayOrder&quot;: 0,
        &quot;description&quot;: null,
        &quot;id&quot;: &quot;acdf48fe-e099-4a8c-a80c-75a3bfe58940&quot;,
        &quot;isMenu&quot;: false,
        &quot;key&quot;: &quot;Permission.Delete&quot;,
        &quot;parentId&quot;: &quot;213aad81-551b-49f7-9d15-f11f5b9e7e88&quot;,
        &quot;unAuthorizedProps&quot;: {
          &quot;visible&quot;: false,
          &quot;disabled&quot;: false
        },
        &quot;actionName&quot;: &quot;Delete&quot;
      },
      {
        &quot;routePath&quot;: &quot;tech-support&quot;,
        &quot;iconName&quot;: &quot;supportSVG&quot;,
        &quot;controllerName&quot;: &quot;Tech&quot;,
        &quot;name&quot;: &quot;Tech Support&quot;,
        &quot;displayOrder&quot;: 1000,
        &quot;description&quot;: null,
        &quot;id&quot;: &quot;7c8e8441-579f-4552-a9f8-b6d5a9f1df3c&quot;,
        &quot;isMenu&quot;: true,
        &quot;key&quot;: &quot;Tech.Support&quot;,
        &quot;parentId&quot;: &quot;5b7cb896-ff20-4798-8468-df6c7f3be073&quot;,
        &quot;unAuthorizedProps&quot;: {
          &quot;visible&quot;: false,
          &quot;disabled&quot;: false
        },
        &quot;actionName&quot;: &quot;Support&quot;
      },
      {
        &quot;routePath&quot;: null,
        &quot;iconName&quot;: null,
        &quot;controllerName&quot;: &quot;Region&quot;,
        &quot;name&quot;: &quot;Region Find&quot;,
        &quot;displayOrder&quot;: 0,
        &quot;description&quot;: null,
        &quot;id&quot;: &quot;373140df-79dd-4adc-b233-0d8f50f44dda&quot;,
        &quot;isMenu&quot;: false,
        &quot;key&quot;: &quot;Region.Find&quot;,
        &quot;parentId&quot;: &quot;636ed702-38d2-4f20-967d-54564a31315f&quot;,
        &quot;unAuthorizedProps&quot;: {
          &quot;visible&quot;: false,
          &quot;disabled&quot;: false
        },
        &quot;actionName&quot;: &quot;Find&quot;
      },
      {
        &quot;routePath&quot;: null,
        &quot;iconName&quot;: null,
        &quot;controllerName&quot;: &quot;County&quot;,
        &quot;name&quot;: &quot;County Delete&quot;,
        &quot;displayOrder&quot;: 0,
        &quot;description&quot;: null,
        &quot;id&quot;: &quot;b359ba12-bf6f-4788-9f9a-c8fd1798258b&quot;,
        &quot;isMenu&quot;: false,
        &quot;key&quot;: &quot;County.Delete&quot;,
        &quot;parentId&quot;: &quot;28a7ee86-bfd8-408f-97d3-82a96e1cbcc6&quot;,
        &quot;unAuthorizedProps&quot;: {
          &quot;visible&quot;: false,
          &quot;disabled&quot;: false
        },
        &quot;actionName&quot;: &quot;Delete&quot;
      },
      {
        &quot;routePath&quot;: null,
        &quot;iconName&quot;: null,
        &quot;controllerName&quot;: &quot;LocaleResource&quot;,
        &quot;name&quot;: &quot;LocaleResource Edit&quot;,
        &quot;displayOrder&quot;: 0,
        &quot;description&quot;: null,
        &quot;id&quot;: &quot;577e23af-d37c-4a77-bb18-40d89a3f6d66&quot;,
        &quot;isMenu&quot;: false,
        &quot;key&quot;: &quot;LocaleResource.Edit&quot;,
        &quot;parentId&quot;: &quot;4c1a6c0d-765c-444a-b7c8-49e99f61d47b&quot;,
        &quot;unAuthorizedProps&quot;: {
          &quot;visible&quot;: false,
          &quot;disabled&quot;: false
        },
        &quot;actionName&quot;: &quot;Edit&quot;
      },
      {
        &quot;routePath&quot;: &quot;map&quot;,
        &quot;iconName&quot;: &quot;mapSVG&quot;,
        &quot;controllerName&quot;: &quot;Admin&quot;,
        &quot;name&quot;: &quot;Map&quot;,
        &quot;displayOrder&quot;: 200,
        &quot;description&quot;: null,
        &quot;id&quot;: &quot;65e94cad-f24a-7d0e-3a21-de1a1e5e8765&quot;,
        &quot;isMenu&quot;: false,
        &quot;key&quot;: &quot;Admin.Map&quot;,
        &quot;parentId&quot;: null,
        &quot;unAuthorizedProps&quot;: {
          &quot;visible&quot;: false,
          &quot;disabled&quot;: false
        },
        &quot;actionName&quot;: &quot;Map&quot;
      },
      {
        &quot;routePath&quot;: null,
        &quot;iconName&quot;: null,
        &quot;controllerName&quot;: &quot;LocaleResource&quot;,
        &quot;name&quot;: &quot;LocaleResource Export&quot;,
        &quot;displayOrder&quot;: 0,
        &quot;description&quot;: null,
        &quot;id&quot;: &quot;cc2a0054-37f4-4f72-80cd-56e918590d0c&quot;,
        &quot;isMenu&quot;: false,
        &quot;key&quot;: &quot;LocaleResource.Export&quot;,
        &quot;parentId&quot;: &quot;4c1a6c0d-765c-444a-b7c8-49e99f61d47b&quot;,
        &quot;unAuthorizedProps&quot;: {
          &quot;visible&quot;: false,
          &quot;disabled&quot;: false
        },
        &quot;actionName&quot;: &quot;Export&quot;
      },
      {
        &quot;routePath&quot;: null,
        &quot;iconName&quot;: &quot;RemoteSearchForProductName&quot;,
        &quot;controllerName&quot;: &quot;Product&quot;,
        &quot;name&quot;: &quot;Product RemoteSearchForProductName&quot;,
        &quot;displayOrder&quot;: 0,
        &quot;description&quot;: null,
        &quot;id&quot;: &quot;5f84cdde-5800-48ce-b690-86628a41f98c&quot;,
        &quot;isMenu&quot;: false,
        &quot;key&quot;: &quot;Product.RemoteSearchForProductName&quot;,
        &quot;parentId&quot;: &quot;1858607f-58c2-4c69-8078-f2756c5ca81e&quot;,
        &quot;unAuthorizedProps&quot;: {
          &quot;visible&quot;: false,
          &quot;disabled&quot;: false
        },
        &quot;actionName&quot;: &quot;RemoteSearchForProductName&quot;
      },
      {
        &quot;routePath&quot;: &quot;&quot;,
        &quot;iconName&quot;: &quot;usersSVG&quot;,
        &quot;controllerName&quot;: &quot;User&quot;,
        &quot;name&quot;: &quot;Users&quot;,
        &quot;displayOrder&quot;: 600,
        &quot;description&quot;: null,
        &quot;id&quot;: &quot;8b04f24a-f777-5455-9d4b-5d32257d3d62&quot;,
        &quot;isMenu&quot;: true,
        &quot;key&quot;: &quot;User.Index&quot;,
        &quot;parentId&quot;: null,
        &quot;unAuthorizedProps&quot;: {
          &quot;visible&quot;: false,
          &quot;disabled&quot;: false
        },
        &quot;actionName&quot;: &quot;Index&quot;
      },
      {
        &quot;routePath&quot;: &quot;productmanagement&quot;,
        &quot;iconName&quot;: &quot;productSVG&quot;,
        &quot;controllerName&quot;: &quot;Product&quot;,
        &quot;name&quot;: &quot;Feature Ideation&quot;,
        &quot;displayOrder&quot;: 999,
        &quot;description&quot;: null,
        &quot;id&quot;: &quot;0d5f6f26-1114-4503-95da-fff6063915b6&quot;,
        &quot;isMenu&quot;: true,
        &quot;key&quot;: &quot;Product.Management&quot;,
        &quot;parentId&quot;: &quot;5b7cb896-ff20-4798-8468-df6c7f3be073&quot;,
        &quot;unAuthorizedProps&quot;: {
          &quot;visible&quot;: false,
          &quot;disabled&quot;: false
        },
        &quot;actionName&quot;: &quot;Management&quot;
      },
      {
        &quot;routePath&quot;: null,
        &quot;iconName&quot;: null,
        &quot;controllerName&quot;: &quot;Category&quot;,
        &quot;name&quot;: &quot;Category GetCategoryByParent&quot;,
        &quot;displayOrder&quot;: 0,
        &quot;description&quot;: null,
        &quot;id&quot;: &quot;5d731e1f-4111-4737-a729-9d476ac966a5&quot;,
        &quot;isMenu&quot;: false,
        &quot;key&quot;: &quot;Category.GetCategoryByParent&quot;,
        &quot;parentId&quot;: &quot;9bbddb67-d7f2-44d3-8d09-6bd04f8b6f79&quot;,
        &quot;unAuthorizedProps&quot;: {
          &quot;visible&quot;: false,
          &quot;disabled&quot;: false
        },
        &quot;actionName&quot;: &quot;GetCategoryByParent&quot;
      },
      {
        &quot;routePath&quot;: null,
        &quot;iconName&quot;: null,
        &quot;controllerName&quot;: &quot;Customer&quot;,
        &quot;name&quot;: &quot;Customer List&quot;,
        &quot;displayOrder&quot;: 0,
        &quot;description&quot;: null,
        &quot;id&quot;: &quot;bbe76549-965a-45b4-9680-86bac515fc1b&quot;,
        &quot;isMenu&quot;: false,
        &quot;key&quot;: &quot;Customer.List&quot;,
        &quot;parentId&quot;: &quot;07b60a01-5846-422c-b1c6-1c7a382dbd0e&quot;,
        &quot;unAuthorizedProps&quot;: {
          &quot;visible&quot;: false,
          &quot;disabled&quot;: false
        },
        &quot;actionName&quot;: &quot;List&quot;
      },
      {
        &quot;routePath&quot;: &quot;settings&quot;,
        &quot;iconName&quot;: &quot;settingsSVG&quot;,
        &quot;controllerName&quot;: &quot;Setting&quot;,
        &quot;name&quot;: &quot;Settings&quot;,
        &quot;displayOrder&quot;: 1000,
        &quot;description&quot;: null,
        &quot;id&quot;: &quot;ccc7592a-301d-4d63-aa26-09e92194ca01&quot;,
        &quot;isMenu&quot;: true,
        &quot;key&quot;: &quot;Setting.Index&quot;,
        &quot;parentId&quot;: null,
        &quot;unAuthorizedProps&quot;: {
          &quot;visible&quot;: false,
          &quot;disabled&quot;: false
        },
        &quot;actionName&quot;: &quot;Index&quot;
      },
      {
        &quot;routePath&quot;: null,
        &quot;iconName&quot;: null,
        &quot;controllerName&quot;: &quot;LocaleResource&quot;,
        &quot;name&quot;: &quot;LocaleResource Index&quot;,
        &quot;displayOrder&quot;: 0,
        &quot;description&quot;: &quot;LocaleResource Index &quot;,
        &quot;id&quot;: &quot;b88d0e35-5b99-4daf-9c2f-ff36aab9197e&quot;,
        &quot;isMenu&quot;: false,
        &quot;key&quot;: &quot;LocaleResource.Index&quot;,
        &quot;parentId&quot;: &quot;4c1a6c0d-765c-444a-b7c8-49e99f61d47b&quot;,
        &quot;unAuthorizedProps&quot;: {
          &quot;visible&quot;: false,
          &quot;disabled&quot;: false
        },
        &quot;actionName&quot;: &quot;Index&quot;
      },
      {
        &quot;routePath&quot;: null,
        &quot;iconName&quot;: null,
        &quot;controllerName&quot;: &quot;Warehouse&quot;,
        &quot;name&quot;: &quot;Warehouse EditWarehouseState&quot;,
        &quot;displayOrder&quot;: 0,
        &quot;description&quot;: null,
        &quot;id&quot;: &quot;fb7d3fd3-e816-4921-98ae-178c750b951a&quot;,
        &quot;isMenu&quot;: false,
        &quot;key&quot;: &quot;Warehouse.EditWarehouseState&quot;,
        &quot;parentId&quot;: &quot;7a99d565-0e98-95af-19bd-814011ea2417&quot;,
        &quot;unAuthorizedProps&quot;: {
          &quot;visible&quot;: false,
          &quot;disabled&quot;: false
        },
        &quot;actionName&quot;: &quot;EditWarehouseState&quot;
      },
      {
        &quot;routePath&quot;: &quot;vehicles&quot;,
        &quot;iconName&quot;: &quot;vehicleSVG&quot;,
        &quot;controllerName&quot;: &quot;Vehicle&quot;,
        &quot;name&quot;: &quot;Vehicles&quot;,
        &quot;displayOrder&quot;: 900,
        &quot;description&quot;: null,
        &quot;id&quot;: &quot;27436094-fc09-48ea-ae79-8ea2b4517866&quot;,
        &quot;isMenu&quot;: false,
        &quot;key&quot;: &quot;Vehicle.Index&quot;,
        &quot;parentId&quot;: null,
        &quot;unAuthorizedProps&quot;: {
          &quot;visible&quot;: false,
          &quot;disabled&quot;: false
        },
        &quot;actionName&quot;: &quot;Index&quot;
      },
      {
        &quot;routePath&quot;: null,
        &quot;iconName&quot;: null,
        &quot;controllerName&quot;: &quot;Warehouse&quot;,
        &quot;name&quot;: &quot;Warehouse List&quot;,
        &quot;displayOrder&quot;: 0,
        &quot;description&quot;: null,
        &quot;id&quot;: &quot;ac3e564a-4cc4-453d-8938-2563ef62921f&quot;,
        &quot;isMenu&quot;: false,
        &quot;key&quot;: &quot;Warehouse.List&quot;,
        &quot;parentId&quot;: &quot;7a99d565-0e98-95af-19bd-814011ea2417&quot;,
        &quot;unAuthorizedProps&quot;: {
          &quot;visible&quot;: false,
          &quot;disabled&quot;: false
        },
        &quot;actionName&quot;: &quot;List&quot;
      },
      {
        &quot;routePath&quot;: null,
        &quot;iconName&quot;: null,
        &quot;controllerName&quot;: &quot;CouponCode&quot;,
        &quot;name&quot;: &quot;CouponCode&quot;,
        &quot;displayOrder&quot;: 0,
        &quot;description&quot;: null,
        &quot;id&quot;: &quot;5aaef586-e311-4265-a241-6eb9758d6541&quot;,
        &quot;isMenu&quot;: false,
        &quot;key&quot;: &quot;CouponCode.ListForFilter&quot;,
        &quot;parentId&quot;: null,
        &quot;unAuthorizedProps&quot;: {
          &quot;visible&quot;: false,
          &quot;disabled&quot;: false
        },
        &quot;actionName&quot;: &quot;ListForFilter&quot;
      },
      {
        &quot;routePath&quot;: null,
        &quot;iconName&quot;: null,
        &quot;controllerName&quot;: &quot;State&quot;,
        &quot;name&quot;: &quot;State Edit&quot;,
        &quot;displayOrder&quot;: 0,
        &quot;description&quot;: null,
        &quot;id&quot;: &quot;581b4c8a-cce8-447b-98b5-1f29f9aae457&quot;,
        &quot;isMenu&quot;: false,
        &quot;key&quot;: &quot;State.Edit&quot;,
        &quot;parentId&quot;: &quot;4842baa6-3b5e-40d1-ba2c-aa896962f8a7&quot;,
        &quot;unAuthorizedProps&quot;: {
          &quot;visible&quot;: false,
          &quot;disabled&quot;: false
        },
        &quot;actionName&quot;: &quot;Edit&quot;
      },
      {
        &quot;routePath&quot;: null,
        &quot;iconName&quot;: null,
        &quot;controllerName&quot;: &quot;Country&quot;,
        &quot;name&quot;: &quot;Country Edit&quot;,
        &quot;displayOrder&quot;: 0,
        &quot;description&quot;: null,
        &quot;id&quot;: &quot;117355ed-1004-4b13-beb3-2ee0056892f1&quot;,
        &quot;isMenu&quot;: false,
        &quot;key&quot;: &quot;Country.Edit&quot;,
        &quot;parentId&quot;: &quot;9c15db73-badc-4894-ab1b-d8261bac91c2&quot;,
        &quot;unAuthorizedProps&quot;: {
          &quot;visible&quot;: false,
          &quot;disabled&quot;: false
        },
        &quot;actionName&quot;: &quot;Edit&quot;
      },
      {
        &quot;routePath&quot;: &quot;geo-areas&quot;,
        &quot;iconName&quot;: &quot;geo-areasSVG&quot;,
        &quot;controllerName&quot;: &quot;GeoArea&quot;,
        &quot;name&quot;: &quot;Geo Areas&quot;,
        &quot;displayOrder&quot;: 400,
        &quot;description&quot;: null,
        &quot;id&quot;: &quot;596bb8e1-9705-be47-b70e-e0cb48edc078&quot;,
        &quot;isMenu&quot;: true,
        &quot;key&quot;: &quot;GeoArea.Index&quot;,
        &quot;parentId&quot;: null,
        &quot;unAuthorizedProps&quot;: {
          &quot;visible&quot;: false,
          &quot;disabled&quot;: false
        },
        &quot;actionName&quot;: &quot;Index&quot;
      },
      {
        &quot;routePath&quot;: null,
        &quot;iconName&quot;: null,
        &quot;controllerName&quot;: &quot;Role&quot;,
        &quot;name&quot;: &quot;Role List&quot;,
        &quot;displayOrder&quot;: 0,
        &quot;description&quot;: null,
        &quot;id&quot;: &quot;ed6b7f77-7b07-4fdd-b4eb-5dc72ed21a53&quot;,
        &quot;isMenu&quot;: false,
        &quot;key&quot;: &quot;Role.List&quot;,
        &quot;parentId&quot;: &quot;e98d2f21-52f8-41cb-9b3f-fe979b5f0578&quot;,
        &quot;unAuthorizedProps&quot;: {
          &quot;visible&quot;: false,
          &quot;disabled&quot;: false
        },
        &quot;actionName&quot;: &quot;List&quot;
      },
      {
        &quot;routePath&quot;: null,
        &quot;iconName&quot;: null,
        &quot;controllerName&quot;: &quot;Warehouse&quot;,
        &quot;name&quot;: &quot;Warehouse ListBasic&quot;,
        &quot;displayOrder&quot;: 0,
        &quot;description&quot;: null,
        &quot;id&quot;: &quot;3cd0e960-08c5-488e-82bf-e81eb0481924&quot;,
        &quot;isMenu&quot;: false,
        &quot;key&quot;: &quot;Warehouse.ListBasic&quot;,
        &quot;parentId&quot;: &quot;7a99d565-0e98-95af-19bd-814011ea2417&quot;,
        &quot;unAuthorizedProps&quot;: {
          &quot;visible&quot;: false,
          &quot;disabled&quot;: false
        },
        &quot;actionName&quot;: &quot;ListBasic&quot;
      },
      {
        &quot;routePath&quot;: null,
        &quot;iconName&quot;: null,
        &quot;controllerName&quot;: &quot;Address&quot;,
        &quot;name&quot;: &quot;Address Edit&quot;,
        &quot;displayOrder&quot;: 0,
        &quot;description&quot;: null,
        &quot;id&quot;: &quot;3e821719-5809-4a64-979f-9f373f2510d4&quot;,
        &quot;isMenu&quot;: false,
        &quot;key&quot;: &quot;Address.Edit&quot;,
        &quot;parentId&quot;: &quot;c3c514ef-1964-4c94-b13a-8bdd83a5b1cb&quot;,
        &quot;unAuthorizedProps&quot;: {
          &quot;visible&quot;: false,
          &quot;disabled&quot;: false
        },
        &quot;actionName&quot;: &quot;Edit&quot;
      },
      {
        &quot;routePath&quot;: null,
        &quot;iconName&quot;: null,
        &quot;controllerName&quot;: &quot;ServiceArea&quot;,
        &quot;name&quot;: &quot;ServiceArea Create&quot;,
        &quot;displayOrder&quot;: 0,
        &quot;description&quot;: null,
        &quot;id&quot;: &quot;20738cab-a928-4c12-9a39-29eeaf60713a&quot;,
        &quot;isMenu&quot;: false,
        &quot;key&quot;: &quot;ServiceArea.Create&quot;,
        &quot;parentId&quot;: &quot;6510260c-2670-4f71-96ed-8f12986fb9cf&quot;,
        &quot;unAuthorizedProps&quot;: {
          &quot;visible&quot;: false,
          &quot;disabled&quot;: false
        },
        &quot;actionName&quot;: &quot;Create&quot;
      },
      {
        &quot;routePath&quot;: null,
        &quot;iconName&quot;: null,
        &quot;controllerName&quot;: &quot;Setting&quot;,
        &quot;name&quot;: &quot;Setting Find&quot;,
        &quot;displayOrder&quot;: 0,
        &quot;description&quot;: null,
        &quot;id&quot;: &quot;e57a84a5-6d3e-4513-82cd-1ec64740178b&quot;,
        &quot;isMenu&quot;: false,
        &quot;key&quot;: &quot;Setting.Find&quot;,
        &quot;parentId&quot;: &quot;ccc7592a-301d-4d63-aa26-09e92194ca01&quot;,
        &quot;unAuthorizedProps&quot;: {
          &quot;visible&quot;: false,
          &quot;disabled&quot;: false
        },
        &quot;actionName&quot;: &quot;Find&quot;
      },
      {
        &quot;routePath&quot;: null,
        &quot;iconName&quot;: null,
        &quot;controllerName&quot;: &quot;SubRegion&quot;,
        &quot;name&quot;: &quot;SubRegion Edit&quot;,
        &quot;displayOrder&quot;: 0,
        &quot;description&quot;: null,
        &quot;id&quot;: &quot;befec01d-311a-4d58-8875-390d7c5143ab&quot;,
        &quot;isMenu&quot;: false,
        &quot;key&quot;: &quot;SubRegion.Edit&quot;,
        &quot;parentId&quot;: &quot;5016a026-6957-41ab-8cda-9bd37afe0841&quot;,
        &quot;unAuthorizedProps&quot;: {
          &quot;visible&quot;: false,
          &quot;disabled&quot;: false
        },
        &quot;actionName&quot;: &quot;Edit&quot;
      },
      {
        &quot;routePath&quot;: null,
        &quot;iconName&quot;: null,
        &quot;controllerName&quot;: &quot;State&quot;,
        &quot;name&quot;: &quot;State Create&quot;,
        &quot;displayOrder&quot;: 0,
        &quot;description&quot;: null,
        &quot;id&quot;: &quot;88690c06-a8b6-4e95-a176-3963af2d2b79&quot;,
        &quot;isMenu&quot;: false,
        &quot;key&quot;: &quot;State.Create&quot;,
        &quot;parentId&quot;: &quot;4842baa6-3b5e-40d1-ba2c-aa896962f8a7&quot;,
        &quot;unAuthorizedProps&quot;: {
          &quot;visible&quot;: false,
          &quot;disabled&quot;: false
        },
        &quot;actionName&quot;: &quot;Create&quot;
      },
      {
        &quot;routePath&quot;: null,
        &quot;iconName&quot;: null,
        &quot;controllerName&quot;: &quot;LocaleResource&quot;,
        &quot;name&quot;: &quot;LocaleResource Import&quot;,
        &quot;displayOrder&quot;: 0,
        &quot;description&quot;: null,
        &quot;id&quot;: &quot;a0f85551-79e4-4fd8-b9dc-7b4e0bd3f3d9&quot;,
        &quot;isMenu&quot;: false,
        &quot;key&quot;: &quot;LocaleResource.Import&quot;,
        &quot;parentId&quot;: &quot;4c1a6c0d-765c-444a-b7c8-49e99f61d47b&quot;,
        &quot;unAuthorizedProps&quot;: {
          &quot;visible&quot;: false,
          &quot;disabled&quot;: false
        },
        &quot;actionName&quot;: &quot;Import&quot;
      },
      {
        &quot;routePath&quot;: null,
        &quot;iconName&quot;: null,
        &quot;controllerName&quot;: &quot;Country&quot;,
        &quot;name&quot;: &quot;Country Create&quot;,
        &quot;displayOrder&quot;: 0,
        &quot;description&quot;: null,
        &quot;id&quot;: &quot;b4e4f143-cdff-4839-a5db-7379c79b2cc1&quot;,
        &quot;isMenu&quot;: false,
        &quot;key&quot;: &quot;Country.Create&quot;,
        &quot;parentId&quot;: &quot;9c15db73-badc-4894-ab1b-d8261bac91c2&quot;,
        &quot;unAuthorizedProps&quot;: {
          &quot;visible&quot;: false,
          &quot;disabled&quot;: false
        },
        &quot;actionName&quot;: &quot;Create&quot;
      },
      {
        &quot;routePath&quot;: null,
        &quot;iconName&quot;: null,
        &quot;controllerName&quot;: &quot;Warehouse&quot;,
        &quot;name&quot;: &quot;Warehouse Delete&quot;,
        &quot;displayOrder&quot;: 0,
        &quot;description&quot;: null,
        &quot;id&quot;: &quot;dbc3a8dd-ea84-4a11-bbfe-02a476211462&quot;,
        &quot;isMenu&quot;: false,
        &quot;key&quot;: &quot;Warehouse.Delete&quot;,
        &quot;parentId&quot;: &quot;7a99d565-0e98-95af-19bd-814011ea2417&quot;,
        &quot;unAuthorizedProps&quot;: {
          &quot;visible&quot;: false,
          &quot;disabled&quot;: false
        },
        &quot;actionName&quot;: &quot;Delete&quot;
      },
      {
        &quot;routePath&quot;: &quot;blacklist&quot;,
        &quot;iconName&quot;: &quot;blackListSVG&quot;,
        &quot;controllerName&quot;: &quot;BlackList&quot;,
        &quot;name&quot;: &quot;Black List&quot;,
        &quot;displayOrder&quot;: 0,
        &quot;description&quot;: null,
        &quot;id&quot;: &quot;d273c43d-77c8-4b88-8d35-9ec20a90bd11&quot;,
        &quot;isMenu&quot;: false,
        &quot;key&quot;: &quot;BlackList.Index&quot;,
        &quot;parentId&quot;: &quot;8b04f24a-f777-5455-9d4b-5d32257d3d62&quot;,
        &quot;unAuthorizedProps&quot;: {
          &quot;visible&quot;: false,
          &quot;disabled&quot;: false
        },
        &quot;actionName&quot;: &quot;Index&quot;
      },
      {
        &quot;routePath&quot;: null,
        &quot;iconName&quot;: &quot;control&quot;,
        &quot;controllerName&quot;: &quot;DriverApp&quot;,
        &quot;name&quot;: &quot;Control&quot;,
        &quot;displayOrder&quot;: 0,
        &quot;description&quot;: &quot;&quot;,
        &quot;id&quot;: &quot;ac0083c7-bd11-4d5a-88bd-5fdfd029d71d&quot;,
        &quot;isMenu&quot;: true,
        &quot;key&quot;: &quot;DriverApp.Control&quot;,
        &quot;parentId&quot;: &quot;673cefc5-8638-47b5-9440-8f3fa459f0b1&quot;,
        &quot;unAuthorizedProps&quot;: {
          &quot;visible&quot;: false,
          &quot;disabled&quot;: false
        },
        &quot;actionName&quot;: &quot;Control&quot;
      },
      {
        &quot;routePath&quot;: null,
        &quot;iconName&quot;: null,
        &quot;controllerName&quot;: &quot;Permission&quot;,
        &quot;name&quot;: &quot;Permission Tree&quot;,
        &quot;displayOrder&quot;: 0,
        &quot;description&quot;: null,
        &quot;id&quot;: &quot;31bf9d11-e13f-483c-835e-c0507f1c001b&quot;,
        &quot;isMenu&quot;: false,
        &quot;key&quot;: &quot;Permission.PermissionTree&quot;,
        &quot;parentId&quot;: &quot;213aad81-551b-49f7-9d15-f11f5b9e7e88&quot;,
        &quot;unAuthorizedProps&quot;: {
          &quot;visible&quot;: false,
          &quot;disabled&quot;: false
        },
        &quot;actionName&quot;: &quot;PermissionTree&quot;
      },
      {
        &quot;routePath&quot;: &quot;dashboards&quot;,
        &quot;iconName&quot;: &quot;dashboardSVG&quot;,
        &quot;controllerName&quot;: &quot;Dashboard&quot;,
        &quot;name&quot;: &quot;Analytics&quot;,
        &quot;displayOrder&quot;: 300,
        &quot;description&quot;: &quot;Analytics&quot;,
        &quot;id&quot;: &quot;9160e49e-2340-41fd-aee7-f00fb79cca35&quot;,
        &quot;isMenu&quot;: false,
        &quot;key&quot;: &quot;Dashboard.GetDashboardIframe&quot;,
        &quot;parentId&quot;: null,
        &quot;unAuthorizedProps&quot;: {
          &quot;visible&quot;: false,
          &quot;disabled&quot;: false
        },
        &quot;actionName&quot;: &quot;GetDashboardIframe&quot;
      },
      {
        &quot;routePath&quot;: null,
        &quot;iconName&quot;: null,
        &quot;controllerName&quot;: &quot;Customer&quot;,
        &quot;name&quot;: &quot;Customer Find&quot;,
        &quot;displayOrder&quot;: 0,
        &quot;description&quot;: null,
        &quot;id&quot;: &quot;7e69895f-a4fe-470b-9dbd-3902631c5978&quot;,
        &quot;isMenu&quot;: false,
        &quot;key&quot;: &quot;Customer.Find&quot;,
        &quot;parentId&quot;: &quot;07b60a01-5846-422c-b1c6-1c7a382dbd0e&quot;,
        &quot;unAuthorizedProps&quot;: {
          &quot;visible&quot;: false,
          &quot;disabled&quot;: false
        },
        &quot;actionName&quot;: &quot;Find&quot;
      },
      {
        &quot;routePath&quot;: null,
        &quot;iconName&quot;: null,
        &quot;controllerName&quot;: &quot;Order&quot;,
        &quot;name&quot;: &quot;Order List&quot;,
        &quot;displayOrder&quot;: 0,
        &quot;description&quot;: null,
        &quot;id&quot;: &quot;68267f89-edc4-4c6b-a72b-06381cf0e532&quot;,
        &quot;isMenu&quot;: false,
        &quot;key&quot;: &quot;Order.List&quot;,
        &quot;parentId&quot;: &quot;872b9f8c-c48d-dfeb-de32-1be0c3c38dbb&quot;,
        &quot;unAuthorizedProps&quot;: {
          &quot;visible&quot;: false,
          &quot;disabled&quot;: false
        },
        &quot;actionName&quot;: &quot;List&quot;
      },
      {
        &quot;routePath&quot;: &quot;&quot;,
        &quot;iconName&quot;: &quot;ordersSVG&quot;,
        &quot;controllerName&quot;: &quot;Order&quot;,
        &quot;name&quot;: &quot;Orders&quot;,
        &quot;displayOrder&quot;: 100,
        &quot;description&quot;: null,
        &quot;id&quot;: &quot;872b9f8c-c48d-dfeb-de32-1be0c3c38dbb&quot;,
        &quot;isMenu&quot;: true,
        &quot;key&quot;: &quot;Order.Index&quot;,
        &quot;parentId&quot;: null,
        &quot;unAuthorizedProps&quot;: {
          &quot;visible&quot;: false,
          &quot;disabled&quot;: false
        },
        &quot;actionName&quot;: &quot;Index&quot;
      },
      {
        &quot;routePath&quot;: null,
        &quot;iconName&quot;: null,
        &quot;controllerName&quot;: &quot;Order&quot;,
        &quot;name&quot;: &quot;Order ReportOrderItem&quot;,
        &quot;displayOrder&quot;: 0,
        &quot;description&quot;: null,
        &quot;id&quot;: &quot;fc541f93-e00d-4204-bc10-21a8c66281d9&quot;,
        &quot;isMenu&quot;: false,
        &quot;key&quot;: &quot;Order.ReportOrderItem&quot;,
        &quot;parentId&quot;: &quot;872b9f8c-c48d-dfeb-de32-1be0c3c38dbb&quot;,
        &quot;unAuthorizedProps&quot;: {
          &quot;visible&quot;: false,
          &quot;disabled&quot;: false
        },
        &quot;actionName&quot;: &quot;ReportOrderItem&quot;
      },
      {
        &quot;routePath&quot;: null,
        &quot;iconName&quot;: null,
        &quot;controllerName&quot;: &quot;Country&quot;,
        &quot;name&quot;: &quot;Country List&quot;,
        &quot;displayOrder&quot;: 0,
        &quot;description&quot;: null,
        &quot;id&quot;: &quot;965f2723-9852-432a-8811-6d549e75b51c&quot;,
        &quot;isMenu&quot;: false,
        &quot;key&quot;: &quot;Country.List&quot;,
        &quot;parentId&quot;: &quot;9c15db73-badc-4894-ab1b-d8261bac91c2&quot;,
        &quot;unAuthorizedProps&quot;: {
          &quot;visible&quot;: false,
          &quot;disabled&quot;: false
        },
        &quot;actionName&quot;: &quot;List&quot;
      },
      {
        &quot;routePath&quot;: &quot;employees&quot;,
        &quot;iconName&quot;: &quot;employeeSVG&quot;,
        &quot;controllerName&quot;: &quot;Employee&quot;,
        &quot;name&quot;: &quot;Employee&quot;,
        &quot;displayOrder&quot;: 630,
        &quot;description&quot;: null,
        &quot;id&quot;: &quot;e4a8e904-698e-4596-92c3-b40206b19179&quot;,
        &quot;isMenu&quot;: true,
        &quot;key&quot;: &quot;Employee.Index&quot;,
        &quot;parentId&quot;: &quot;8b04f24a-f777-5455-9d4b-5d32257d3d62&quot;,
        &quot;unAuthorizedProps&quot;: {
          &quot;visible&quot;: false,
          &quot;disabled&quot;: false
        },
        &quot;actionName&quot;: &quot;Index&quot;
      },
      {
        &quot;routePath&quot;: null,
        &quot;iconName&quot;: &quot;ListForFilter&quot;,
        &quot;controllerName&quot;: &quot;Product&quot;,
        &quot;name&quot;: &quot;Product ListForFilter&quot;,
        &quot;displayOrder&quot;: 0,
        &quot;description&quot;: null,
        &quot;id&quot;: &quot;3e7badfa-60f6-46f4-ab65-60c10cf0158c&quot;,
        &quot;isMenu&quot;: false,
        &quot;key&quot;: &quot;Product.ListForFilter&quot;,
        &quot;parentId&quot;: null,
        &quot;unAuthorizedProps&quot;: {
          &quot;visible&quot;: false,
          &quot;disabled&quot;: false
        },
        &quot;actionName&quot;: &quot;ListForFilter&quot;
      },
      {
        &quot;routePath&quot;: null,
        &quot;iconName&quot;: null,
        &quot;controllerName&quot;: &quot;MessageTemplate&quot;,
        &quot;name&quot;: &quot;Message Template List&quot;,
        &quot;displayOrder&quot;: 0,
        &quot;description&quot;: null,
        &quot;id&quot;: &quot;f8b8770e-d3de-4fb9-8785-c6a52f0a3f2a&quot;,
        &quot;isMenu&quot;: false,
        &quot;key&quot;: &quot;MessageTemplate.List&quot;,
        &quot;parentId&quot;: &quot;570b7634-2234-498f-939b-440805527121&quot;,
        &quot;unAuthorizedProps&quot;: {
          &quot;visible&quot;: false,
          &quot;disabled&quot;: false
        },
        &quot;actionName&quot;: &quot;List&quot;
      },
      {
        &quot;routePath&quot;: null,
        &quot;iconName&quot;: null,
        &quot;controllerName&quot;: &quot;Warehouse&quot;,
        &quot;name&quot;: &quot;Warehouse UpdateWarehouseExpectedQuantity&quot;,
        &quot;displayOrder&quot;: 0,
        &quot;description&quot;: null,
        &quot;id&quot;: &quot;cbe00097-f735-4207-bd4d-a2be0ea5dfd3&quot;,
        &quot;isMenu&quot;: false,
        &quot;key&quot;: &quot;Warehouse.UpdateWarehouseExpectedQuantity&quot;,
        &quot;parentId&quot;: &quot;7a99d565-0e98-95af-19bd-814011ea2417&quot;,
        &quot;unAuthorizedProps&quot;: {
          &quot;visible&quot;: false,
          &quot;disabled&quot;: false
        },
        &quot;actionName&quot;: &quot;UpdateWarehouseExpectedQuantity&quot;
      },
      {
        &quot;routePath&quot;: null,
        &quot;iconName&quot;: &quot;RemoteSearchForCampaignName&quot;,
        &quot;controllerName&quot;: &quot;Campaign&quot;,
        &quot;name&quot;: &quot;Campaign RemoteSearchForCampaignName&quot;,
        &quot;displayOrder&quot;: 0,
        &quot;description&quot;: null,
        &quot;id&quot;: &quot;1b2371cf-283a-412c-9305-3f8d91cd2cf3&quot;,
        &quot;isMenu&quot;: false,
        &quot;key&quot;: &quot;Campaign.RemoteSearchForCampaignName&quot;,
        &quot;parentId&quot;: &quot;fd2f794b-65fb-4da6-9bdb-835c466e4321&quot;,
        &quot;unAuthorizedProps&quot;: {
          &quot;visible&quot;: false,
          &quot;disabled&quot;: false
        },
        &quot;actionName&quot;: &quot;RemoteSearchForCampaignName&quot;
      },
      {
        &quot;routePath&quot;: null,
        &quot;iconName&quot;: null,
        &quot;controllerName&quot;: &quot;Permission&quot;,
        &quot;name&quot;: &quot;Permission Find&quot;,
        &quot;displayOrder&quot;: 0,
        &quot;description&quot;: null,
        &quot;id&quot;: &quot;b8acd1fb-bb0c-49b0-9fe2-22574379a94d&quot;,
        &quot;isMenu&quot;: false,
        &quot;key&quot;: &quot;Permission.Find&quot;,
        &quot;parentId&quot;: &quot;213aad81-551b-49f7-9d15-f11f5b9e7e88&quot;,
        &quot;unAuthorizedProps&quot;: {
          &quot;visible&quot;: false,
          &quot;disabled&quot;: false
        },
        &quot;actionName&quot;: &quot;Find&quot;
      },
      {
        &quot;routePath&quot;: null,
        &quot;iconName&quot;: null,
        &quot;controllerName&quot;: &quot;Banner&quot;,
        &quot;name&quot;: &quot;Banner Create&quot;,
        &quot;displayOrder&quot;: 0,
        &quot;description&quot;: null,
        &quot;id&quot;: &quot;ad417e90-0acf-4d46-a875-a4b641cedbde&quot;,
        &quot;isMenu&quot;: false,
        &quot;key&quot;: &quot;Banner.Create&quot;,
        &quot;parentId&quot;: &quot;d01dd410-27ab-4ca2-ad2e-06ed18197543&quot;,
        &quot;unAuthorizedProps&quot;: {
          &quot;visible&quot;: false,
          &quot;disabled&quot;: false
        },
        &quot;actionName&quot;: &quot;Create&quot;
      },
      {
        &quot;routePath&quot;: null,
        &quot;iconName&quot;: null,
        &quot;controllerName&quot;: &quot;Banner&quot;,
        &quot;name&quot;: &quot;Banner Edit&quot;,
        &quot;displayOrder&quot;: 0,
        &quot;description&quot;: null,
        &quot;id&quot;: &quot;b638b6e5-7d89-4ab4-9a4e-fe8b0df52e36&quot;,
        &quot;isMenu&quot;: false,
        &quot;key&quot;: &quot;Banner.Edit&quot;,
        &quot;parentId&quot;: &quot;d01dd410-27ab-4ca2-ad2e-06ed18197543&quot;,
        &quot;unAuthorizedProps&quot;: {
          &quot;visible&quot;: false,
          &quot;disabled&quot;: false
        },
        &quot;actionName&quot;: &quot;Edit&quot;
      },
      {
        &quot;routePath&quot;: null,
        &quot;iconName&quot;: null,
        &quot;controllerName&quot;: &quot;Category&quot;,
        &quot;name&quot;: &quot;Category Edit&quot;,
        &quot;displayOrder&quot;: 0,
        &quot;description&quot;: null,
        &quot;id&quot;: &quot;0aaf230e-5f92-4e49-b3c7-c20c9df44c82&quot;,
        &quot;isMenu&quot;: false,
        &quot;key&quot;: &quot;Category.Edit&quot;,
        &quot;parentId&quot;: &quot;9bbddb67-d7f2-44d3-8d09-6bd04f8b6f79&quot;,
        &quot;unAuthorizedProps&quot;: {
          &quot;visible&quot;: false,
          &quot;disabled&quot;: false
        },
        &quot;actionName&quot;: &quot;Edit&quot;
      },
      {
        &quot;routePath&quot;: null,
        &quot;iconName&quot;: null,
        &quot;controllerName&quot;: &quot;ZipCode&quot;,
        &quot;name&quot;: &quot;ZipCode Delete&quot;,
        &quot;displayOrder&quot;: 0,
        &quot;description&quot;: null,
        &quot;id&quot;: &quot;deba5d66-42eb-43d0-8ee0-6d15f3c4b34c&quot;,
        &quot;isMenu&quot;: false,
        &quot;key&quot;: &quot;ZipCode.Delete&quot;,
        &quot;parentId&quot;: &quot;8aa34e38-533b-4ab7-bad7-0eaa7b5dec9c&quot;,
        &quot;unAuthorizedProps&quot;: {
          &quot;visible&quot;: false,
          &quot;disabled&quot;: false
        },
        &quot;actionName&quot;: &quot;Delete&quot;
      },
      {
        &quot;routePath&quot;: null,
        &quot;iconName&quot;: null,
        &quot;controllerName&quot;: &quot;Rider&quot;,
        &quot;name&quot;: &quot;Rider Create&quot;,
        &quot;displayOrder&quot;: 0,
        &quot;description&quot;: null,
        &quot;id&quot;: &quot;84e2ed51-0787-4e21-b0cc-78397324e38f&quot;,
        &quot;isMenu&quot;: false,
        &quot;key&quot;: &quot;Rider.Create&quot;,
        &quot;parentId&quot;: &quot;1b716d9c-2bf6-4a16-9bd1-2214d14b6cc7&quot;,
        &quot;unAuthorizedProps&quot;: {
          &quot;visible&quot;: false,
          &quot;disabled&quot;: false
        },
        &quot;actionName&quot;: &quot;Create&quot;
      },
      {
        &quot;routePath&quot;: null,
        &quot;iconName&quot;: null,
        &quot;controllerName&quot;: &quot;Employee&quot;,
        &quot;name&quot;: &quot;Employee Delete&quot;,
        &quot;displayOrder&quot;: 0,
        &quot;description&quot;: null,
        &quot;id&quot;: &quot;b6a62bb2-7083-4534-91af-146ca008cb31&quot;,
        &quot;isMenu&quot;: false,
        &quot;key&quot;: &quot;Employee.Delete&quot;,
        &quot;parentId&quot;: &quot;e4a8e904-698e-4596-92c3-b40206b19179&quot;,
        &quot;unAuthorizedProps&quot;: {
          &quot;visible&quot;: false,
          &quot;disabled&quot;: false
        },
        &quot;actionName&quot;: &quot;Delete&quot;
      },
      {
        &quot;routePath&quot;: &quot;active-orders&quot;,
        &quot;iconName&quot;: &quot;activeOrderSVG&quot;,
        &quot;controllerName&quot;: &quot;Order&quot;,
        &quot;name&quot;: &quot;Active Orders&quot;,
        &quot;displayOrder&quot;: 120,
        &quot;description&quot;: null,
        &quot;id&quot;: &quot;960eff6d-a581-4a4e-991b-a0b5c9881f14&quot;,
        &quot;isMenu&quot;: true,
        &quot;key&quot;: &quot;Order.Active&quot;,
        &quot;parentId&quot;: &quot;872b9f8c-c48d-dfeb-de32-1be0c3c38dbb&quot;,
        &quot;unAuthorizedProps&quot;: {
          &quot;visible&quot;: false,
          &quot;disabled&quot;: false
        },
        &quot;actionName&quot;: &quot;Active&quot;
      },
      {
        &quot;routePath&quot;: null,
        &quot;iconName&quot;: null,
        &quot;controllerName&quot;: &quot;MessageTemplate&quot;,
        &quot;name&quot;: &quot;Message Template Edit&quot;,
        &quot;displayOrder&quot;: 0,
        &quot;description&quot;: null,
        &quot;id&quot;: &quot;3cf8a343-ba23-4210-9f73-884eb309a3b4&quot;,
        &quot;isMenu&quot;: false,
        &quot;key&quot;: &quot;MessageTemplate.Edit&quot;,
        &quot;parentId&quot;: &quot;570b7634-2234-498f-939b-440805527121&quot;,
        &quot;unAuthorizedProps&quot;: {
          &quot;visible&quot;: false,
          &quot;disabled&quot;: false
        },
        &quot;actionName&quot;: &quot;Edit&quot;
      },
      {
        &quot;routePath&quot;: null,
        &quot;iconName&quot;: null,
        &quot;controllerName&quot;: &quot;MessageTemplate&quot;,
        &quot;name&quot;: &quot;Message Template Delete&quot;,
        &quot;displayOrder&quot;: 0,
        &quot;description&quot;: null,
        &quot;id&quot;: &quot;6829e619-f27c-415b-abf5-653573cb4ed5&quot;,
        &quot;isMenu&quot;: false,
        &quot;key&quot;: &quot;MessageTemplate.Delete&quot;,
        &quot;parentId&quot;: &quot;570b7634-2234-498f-939b-440805527121&quot;,
        &quot;unAuthorizedProps&quot;: {
          &quot;visible&quot;: false,
          &quot;disabled&quot;: false
        },
        &quot;actionName&quot;: &quot;Delete&quot;
      },
      {
        &quot;routePath&quot;: null,
        &quot;iconName&quot;: null,
        &quot;controllerName&quot;: &quot;Role&quot;,
        &quot;name&quot;: &quot;Role Create&quot;,
        &quot;displayOrder&quot;: 0,
        &quot;description&quot;: null,
        &quot;id&quot;: &quot;b29c939f-9d31-4a77-ab10-43b6363c9ca7&quot;,
        &quot;isMenu&quot;: false,
        &quot;key&quot;: &quot;Role.Create&quot;,
        &quot;parentId&quot;: &quot;e98d2f21-52f8-41cb-9b3f-fe979b5f0578&quot;,
        &quot;unAuthorizedProps&quot;: {
          &quot;visible&quot;: false,
          &quot;disabled&quot;: false
        },
        &quot;actionName&quot;: &quot;Create&quot;
      },
      {
        &quot;routePath&quot;: null,
        &quot;iconName&quot;: null,
        &quot;controllerName&quot;: &quot;County&quot;,
        &quot;name&quot;: &quot;County Create&quot;,
        &quot;displayOrder&quot;: 0,
        &quot;description&quot;: null,
        &quot;id&quot;: &quot;b0718fbd-a486-4f05-9804-82c5e474efb7&quot;,
        &quot;isMenu&quot;: false,
        &quot;key&quot;: &quot;County.Create&quot;,
        &quot;parentId&quot;: &quot;28a7ee86-bfd8-408f-97d3-82a96e1cbcc6&quot;,
        &quot;unAuthorizedProps&quot;: {
          &quot;visible&quot;: false,
          &quot;disabled&quot;: false
        },
        &quot;actionName&quot;: &quot;Create&quot;
      },
      {
        &quot;routePath&quot;: null,
        &quot;iconName&quot;: null,
        &quot;controllerName&quot;: &quot;Language&quot;,
        &quot;name&quot;: &quot;Language Edit&quot;,
        &quot;displayOrder&quot;: 0,
        &quot;description&quot;: null,
        &quot;id&quot;: &quot;765464f2-8b9f-4234-ac07-063e06f3e9f2&quot;,
        &quot;isMenu&quot;: false,
        &quot;key&quot;: &quot;Language.Edit&quot;,
        &quot;parentId&quot;: &quot;7d117917-ff5a-448f-ae1c-71b123ffabc0&quot;,
        &quot;unAuthorizedProps&quot;: {
          &quot;visible&quot;: false,
          &quot;disabled&quot;: false
        },
        &quot;actionName&quot;: &quot;Edit&quot;
      },
      {
        &quot;routePath&quot;: null,
        &quot;iconName&quot;: null,
        &quot;controllerName&quot;: &quot;ServiceArea&quot;,
        &quot;name&quot;: &quot;ServiceArea UpdateStatus&quot;,
        &quot;displayOrder&quot;: 0,
        &quot;description&quot;: null,
        &quot;id&quot;: &quot;13514276-84ab-43d6-8542-5f166acb9b80&quot;,
        &quot;isMenu&quot;: false,
        &quot;key&quot;: &quot;ServiceArea.UpdateStatus&quot;,
        &quot;parentId&quot;: &quot;6510260c-2670-4f71-96ed-8f12986fb9cf&quot;,
        &quot;unAuthorizedProps&quot;: {
          &quot;visible&quot;: false,
          &quot;disabled&quot;: false
        },
        &quot;actionName&quot;: &quot;UpdateStatus&quot;
      },
      {
        &quot;routePath&quot;: null,
        &quot;iconName&quot;: null,
        &quot;controllerName&quot;: &quot;Language&quot;,
        &quot;name&quot;: &quot;Language Create&quot;,
        &quot;displayOrder&quot;: 0,
        &quot;description&quot;: null,
        &quot;id&quot;: &quot;70055253-2953-481a-ad68-308069f59188&quot;,
        &quot;isMenu&quot;: false,
        &quot;key&quot;: &quot;Language.Create&quot;,
        &quot;parentId&quot;: &quot;7d117917-ff5a-448f-ae1c-71b123ffabc0&quot;,
        &quot;unAuthorizedProps&quot;: {
          &quot;visible&quot;: false,
          &quot;disabled&quot;: false
        },
        &quot;actionName&quot;: &quot;Create&quot;
      },
      {
        &quot;routePath&quot;: null,
        &quot;iconName&quot;: null,
        &quot;controllerName&quot;: &quot;Banner&quot;,
        &quot;name&quot;: &quot;Banner List&quot;,
        &quot;displayOrder&quot;: 0,
        &quot;description&quot;: null,
        &quot;id&quot;: &quot;2af1fb3b-36bf-4379-b7a6-03f3e68742b2&quot;,
        &quot;isMenu&quot;: false,
        &quot;key&quot;: &quot;Banner.List&quot;,
        &quot;parentId&quot;: &quot;d01dd410-27ab-4ca2-ad2e-06ed18197543&quot;,
        &quot;unAuthorizedProps&quot;: {
          &quot;visible&quot;: false,
          &quot;disabled&quot;: false
        },
        &quot;actionName&quot;: &quot;List&quot;
      },
      {
        &quot;routePath&quot;: null,
        &quot;iconName&quot;: &quot;orders&quot;,
        &quot;controllerName&quot;: &quot;DriverApp&quot;,
        &quot;name&quot;: &quot;Orders&quot;,
        &quot;displayOrder&quot;: 0,
        &quot;description&quot;: &quot;&quot;,
        &quot;id&quot;: &quot;6fa1df30-c04b-4bef-a1d1-a67c2748e0b4&quot;,
        &quot;isMenu&quot;: true,
        &quot;key&quot;: &quot;DriverApp.Orders&quot;,
        &quot;parentId&quot;: &quot;673cefc5-8638-47b5-9440-8f3fa459f0b1&quot;,
        &quot;unAuthorizedProps&quot;: {
          &quot;visible&quot;: false,
          &quot;disabled&quot;: false
        },
        &quot;actionName&quot;: &quot;Orders&quot;
      },
      {
        &quot;routePath&quot;: null,
        &quot;iconName&quot;: &quot;blackListSVG&quot;,
        &quot;controllerName&quot;: &quot;BlackList&quot;,
        &quot;name&quot;: &quot;Black List Find&quot;,
        &quot;displayOrder&quot;: 0,
        &quot;description&quot;: null,
        &quot;id&quot;: &quot;e8a2ad2f-7dad-41a3-9696-6adefc308eb8&quot;,
        &quot;isMenu&quot;: false,
        &quot;key&quot;: &quot;BlackList.Find&quot;,
        &quot;parentId&quot;: &quot;d273c43d-77c8-4b88-8d35-9ec20a90bd11&quot;,
        &quot;unAuthorizedProps&quot;: {
          &quot;visible&quot;: false,
          &quot;disabled&quot;: false
        },
        &quot;actionName&quot;: &quot;Find&quot;
      },
      {
        &quot;routePath&quot;: null,
        &quot;iconName&quot;: &quot;ExportForFilter&quot;,
        &quot;controllerName&quot;: &quot;Product&quot;,
        &quot;name&quot;: &quot;Product ExportForFilter&quot;,
        &quot;displayOrder&quot;: 0,
        &quot;description&quot;: null,
        &quot;id&quot;: &quot;c6781e0f-f938-4907-8dc5-a17d241a8148&quot;,
        &quot;isMenu&quot;: false,
        &quot;key&quot;: &quot;Product.ExportForFilter&quot;,
        &quot;parentId&quot;: &quot;1858607f-58c2-4c69-8078-f2756c5ca81e&quot;,
        &quot;unAuthorizedProps&quot;: {
          &quot;visible&quot;: false,
          &quot;disabled&quot;: false
        },
        &quot;actionName&quot;: &quot;ExportForFilter&quot;
      },
      {
        &quot;routePath&quot;: null,
        &quot;iconName&quot;: &quot;auditSVG&quot;,
        &quot;controllerName&quot;: &quot;Audit&quot;,
        &quot;name&quot;: &quot;Audit ListForFilter&quot;,
        &quot;displayOrder&quot;: 100000,
        &quot;description&quot;: null,
        &quot;id&quot;: &quot;6db73bbc-1114-4e80-a30d-424386ffd8f5&quot;,
        &quot;isMenu&quot;: false,
        &quot;key&quot;: &quot;Audit.ListForFilter&quot;,
        &quot;parentId&quot;: &quot;76070de9-f4f5-4096-aa99-2d2bac586b44&quot;,
        &quot;unAuthorizedProps&quot;: {
          &quot;visible&quot;: false,
          &quot;disabled&quot;: false
        },
        &quot;actionName&quot;: &quot;ListForFilter&quot;
      },
      {
        &quot;routePath&quot;: null,
        &quot;iconName&quot;: null,
        &quot;controllerName&quot;: &quot;County&quot;,
        &quot;name&quot;: &quot;County Find&quot;,
        &quot;displayOrder&quot;: 0,
        &quot;description&quot;: null,
        &quot;id&quot;: &quot;d82e0244-f728-4651-b0dc-37ee070aacef&quot;,
        &quot;isMenu&quot;: false,
        &quot;key&quot;: &quot;County.Find&quot;,
        &quot;parentId&quot;: &quot;28a7ee86-bfd8-408f-97d3-82a96e1cbcc6&quot;,
        &quot;unAuthorizedProps&quot;: {
          &quot;visible&quot;: false,
          &quot;disabled&quot;: false
        },
        &quot;actionName&quot;: &quot;Find&quot;
      },
      {
        &quot;routePath&quot;: null,
        &quot;iconName&quot;: null,
        &quot;controllerName&quot;: &quot;Customer&quot;,
        &quot;name&quot;: &quot;Customer Delete&quot;,
        &quot;displayOrder&quot;: 0,
        &quot;description&quot;: null,
        &quot;id&quot;: &quot;f347f3bc-6802-4ec4-82ef-220e0032ab69&quot;,
        &quot;isMenu&quot;: false,
        &quot;key&quot;: &quot;Customer.Delete&quot;,
        &quot;parentId&quot;: &quot;07b60a01-5846-422c-b1c6-1c7a382dbd0e&quot;,
        &quot;unAuthorizedProps&quot;: {
          &quot;visible&quot;: false,
          &quot;disabled&quot;: false
        },
        &quot;actionName&quot;: &quot;Delete&quot;
      },
      {
        &quot;routePath&quot;: null,
        &quot;iconName&quot;: null,
        &quot;controllerName&quot;: &quot;Warehouse&quot;,
        &quot;name&quot;: &quot;Warehouse Edit&quot;,
        &quot;displayOrder&quot;: 0,
        &quot;description&quot;: null,
        &quot;id&quot;: &quot;8897a642-3ebb-4ed8-a71f-8dbe303509f6&quot;,
        &quot;isMenu&quot;: false,
        &quot;key&quot;: &quot;Warehouse.Edit&quot;,
        &quot;parentId&quot;: &quot;7a99d565-0e98-95af-19bd-814011ea2417&quot;,
        &quot;unAuthorizedProps&quot;: {
          &quot;visible&quot;: false,
          &quot;disabled&quot;: false
        },
        &quot;actionName&quot;: &quot;Edit&quot;
      },
      {
        &quot;routePath&quot;: null,
        &quot;iconName&quot;: null,
        &quot;controllerName&quot;: &quot;MessageTemplate&quot;,
        &quot;name&quot;: &quot;Message Template Create&quot;,
        &quot;displayOrder&quot;: 0,
        &quot;description&quot;: null,
        &quot;id&quot;: &quot;87fde03a-f96f-4317-a8e2-0b2790460da2&quot;,
        &quot;isMenu&quot;: false,
        &quot;key&quot;: &quot;MessageTemplate.Create&quot;,
        &quot;parentId&quot;: &quot;570b7634-2234-498f-939b-440805527121&quot;,
        &quot;unAuthorizedProps&quot;: {
          &quot;visible&quot;: false,
          &quot;disabled&quot;: false
        },
        &quot;actionName&quot;: &quot;Create&quot;
      },
      {
        &quot;routePath&quot;: null,
        &quot;iconName&quot;: null,
        &quot;controllerName&quot;: &quot;ServiceArea&quot;,
        &quot;name&quot;: &quot;ServiceArea Import&quot;,
        &quot;displayOrder&quot;: 0,
        &quot;description&quot;: null,
        &quot;id&quot;: &quot;6652b5a5-e837-4941-9c9c-e6cc2ae53745&quot;,
        &quot;isMenu&quot;: false,
        &quot;key&quot;: &quot;ServiceArea.Import&quot;,
        &quot;parentId&quot;: &quot;6510260c-2670-4f71-96ed-8f12986fb9cf&quot;,
        &quot;unAuthorizedProps&quot;: {
          &quot;visible&quot;: false,
          &quot;disabled&quot;: false
        },
        &quot;actionName&quot;: &quot;Import&quot;
      },
      {
        &quot;routePath&quot;: null,
        &quot;iconName&quot;: null,
        &quot;controllerName&quot;: &quot;LocaleResource&quot;,
        &quot;name&quot;: &quot;LocaleResource Create&quot;,
        &quot;displayOrder&quot;: 0,
        &quot;description&quot;: null,
        &quot;id&quot;: &quot;46f8f313-95b6-4848-9004-c69ec2dc12f4&quot;,
        &quot;isMenu&quot;: false,
        &quot;key&quot;: &quot;LocaleResource.Create&quot;,
        &quot;parentId&quot;: &quot;4c1a6c0d-765c-444a-b7c8-49e99f61d47b&quot;,
        &quot;unAuthorizedProps&quot;: {
          &quot;visible&quot;: false,
          &quot;disabled&quot;: false
        },
        &quot;actionName&quot;: &quot;Create&quot;
      },
      {
        &quot;routePath&quot;: null,
        &quot;iconName&quot;: null,
        &quot;controllerName&quot;: &quot;Customer&quot;,
        &quot;name&quot;: &quot;Customer Create&quot;,
        &quot;displayOrder&quot;: 0,
        &quot;description&quot;: null,
        &quot;id&quot;: &quot;d6fdfd07-b0f1-44ef-898b-22906287c3ef&quot;,
        &quot;isMenu&quot;: false,
        &quot;key&quot;: &quot;Customer.Create&quot;,
        &quot;parentId&quot;: &quot;07b60a01-5846-422c-b1c6-1c7a382dbd0e&quot;,
        &quot;unAuthorizedProps&quot;: {
          &quot;visible&quot;: false,
          &quot;disabled&quot;: false
        },
        &quot;actionName&quot;: &quot;Create&quot;
      },
      {
        &quot;routePath&quot;: null,
        &quot;iconName&quot;: null,
        &quot;controllerName&quot;: &quot;Banner&quot;,
        &quot;name&quot;: &quot;Banner Update Display Order&quot;,
        &quot;displayOrder&quot;: 0,
        &quot;description&quot;: null,
        &quot;id&quot;: &quot;a578fd4b-564e-4d88-87d1-aabbb183a21a&quot;,
        &quot;isMenu&quot;: false,
        &quot;key&quot;: &quot;Banner.UpdateBannerDisplayOrder&quot;,
        &quot;parentId&quot;: &quot;d01dd410-27ab-4ca2-ad2e-06ed18197543&quot;,
        &quot;unAuthorizedProps&quot;: {
          &quot;visible&quot;: false,
          &quot;disabled&quot;: false
        },
        &quot;actionName&quot;: &quot;UpdateBannerDisplayOrder&quot;
      },
      {
        &quot;routePath&quot;: null,
        &quot;iconName&quot;: null,
        &quot;controllerName&quot;: &quot;Address&quot;,
        &quot;name&quot;: &quot;Address Find&quot;,
        &quot;displayOrder&quot;: 0,
        &quot;description&quot;: null,
        &quot;id&quot;: &quot;69cd17c7-88f0-435d-9e1c-e3a178d79e21&quot;,
        &quot;isMenu&quot;: false,
        &quot;key&quot;: &quot;Address.Find&quot;,
        &quot;parentId&quot;: &quot;c3c514ef-1964-4c94-b13a-8bdd83a5b1cb&quot;,
        &quot;unAuthorizedProps&quot;: {
          &quot;visible&quot;: false,
          &quot;disabled&quot;: false
        },
        &quot;actionName&quot;: &quot;Find&quot;
      },
      {
        &quot;routePath&quot;: null,
        &quot;iconName&quot;: &quot;driverApp&quot;,
        &quot;controllerName&quot;: &quot;DriverApp&quot;,
        &quot;name&quot;: &quot;Driver Permissions&quot;,
        &quot;displayOrder&quot;: 0,
        &quot;description&quot;: null,
        &quot;id&quot;: &quot;673cefc5-8638-47b5-9440-8f3fa459f0b1&quot;,
        &quot;isMenu&quot;: false,
        &quot;key&quot;: &quot;DriverApp.Index&quot;,
        &quot;parentId&quot;: null,
        &quot;unAuthorizedProps&quot;: {
          &quot;visible&quot;: false,
          &quot;disabled&quot;: false
        },
        &quot;actionName&quot;: &quot;Index&quot;
      },
      {
        &quot;routePath&quot;: null,
        &quot;iconName&quot;: &quot;RemoteSearchForLocation&quot;,
        &quot;controllerName&quot;: &quot;Product&quot;,
        &quot;name&quot;: &quot;Product RemoteSearchForLocation&quot;,
        &quot;displayOrder&quot;: 0,
        &quot;description&quot;: null,
        &quot;id&quot;: &quot;9c90fc94-df36-4459-9a3b-c01d1f4f2211&quot;,
        &quot;isMenu&quot;: false,
        &quot;key&quot;: &quot;Product.RemoteSearchForLocation&quot;,
        &quot;parentId&quot;: &quot;1858607f-58c2-4c69-8078-f2756c5ca81e&quot;,
        &quot;unAuthorizedProps&quot;: {
          &quot;visible&quot;: false,
          &quot;disabled&quot;: false
        },
        &quot;actionName&quot;: &quot;RemoteSearchForLocation&quot;
      },
      {
        &quot;routePath&quot;: null,
        &quot;iconName&quot;: null,
        &quot;controllerName&quot;: &quot;Order&quot;,
        &quot;name&quot;: &quot;Order Cancel&quot;,
        &quot;displayOrder&quot;: 0,
        &quot;description&quot;: null,
        &quot;id&quot;: &quot;f92b5f11-f8e9-4754-85e0-f5d8666c620f&quot;,
        &quot;isMenu&quot;: false,
        &quot;key&quot;: &quot;Order.Cancel&quot;,
        &quot;parentId&quot;: &quot;872b9f8c-c48d-dfeb-de32-1be0c3c38dbb&quot;,
        &quot;unAuthorizedProps&quot;: {
          &quot;visible&quot;: false,
          &quot;disabled&quot;: false
        },
        &quot;actionName&quot;: &quot;Cancel&quot;
      },
      {
        &quot;routePath&quot;: null,
        &quot;iconName&quot;: null,
        &quot;controllerName&quot;: &quot;Category&quot;,
        &quot;name&quot;: &quot;Category UploadImage&quot;,
        &quot;displayOrder&quot;: 0,
        &quot;description&quot;: null,
        &quot;id&quot;: &quot;ae860d95-cc13-4b86-a535-202aa716c973&quot;,
        &quot;isMenu&quot;: false,
        &quot;key&quot;: &quot;Category.UploadImage&quot;,
        &quot;parentId&quot;: &quot;9bbddb67-d7f2-44d3-8d09-6bd04f8b6f79&quot;,
        &quot;unAuthorizedProps&quot;: {
          &quot;visible&quot;: false,
          &quot;disabled&quot;: false
        },
        &quot;actionName&quot;: &quot;UploadImage&quot;
      },
      {
        &quot;routePath&quot;: null,
        &quot;iconName&quot;: null,
        &quot;controllerName&quot;: &quot;Warehouse&quot;,
        &quot;name&quot;: &quot;Warehouse UpdateWarehouseQuantity&quot;,
        &quot;displayOrder&quot;: 0,
        &quot;description&quot;: null,
        &quot;id&quot;: &quot;95ea9fb5-2548-4bf4-bcad-937757b47ea9&quot;,
        &quot;isMenu&quot;: false,
        &quot;key&quot;: &quot;Warehouse.UpdateWarehouseQuantity&quot;,
        &quot;parentId&quot;: &quot;7a99d565-0e98-95af-19bd-814011ea2417&quot;,
        &quot;unAuthorizedProps&quot;: {
          &quot;visible&quot;: false,
          &quot;disabled&quot;: false
        },
        &quot;actionName&quot;: &quot;UpdateWarehouseQuantity&quot;
      },
      {
        &quot;routePath&quot;: null,
        &quot;iconName&quot;: null,
        &quot;controllerName&quot;: &quot;Warehouse&quot;,
        &quot;name&quot;: &quot;Warehouse Find&quot;,
        &quot;displayOrder&quot;: 0,
        &quot;description&quot;: null,
        &quot;id&quot;: &quot;15cd689d-00ad-40d4-9b1d-7a231ecb323e&quot;,
        &quot;isMenu&quot;: false,
        &quot;key&quot;: &quot;Warehouse.Find&quot;,
        &quot;parentId&quot;: &quot;7a99d565-0e98-95af-19bd-814011ea2417&quot;,
        &quot;unAuthorizedProps&quot;: {
          &quot;visible&quot;: false,
          &quot;disabled&quot;: false
        },
        &quot;actionName&quot;: &quot;Find&quot;
      },
      {
        &quot;routePath&quot;: &quot;inventory&quot;,
        &quot;iconName&quot;: &quot;inventorySVG&quot;,
        &quot;controllerName&quot;: &quot;Inventory&quot;,
        &quot;name&quot;: &quot;Inventory&quot;,
        &quot;displayOrder&quot;: 400,
        &quot;description&quot;: null,
        &quot;id&quot;: &quot;40fdcf04-65b5-4fc0-8e17-ddd1f84b1b0a&quot;,
        &quot;isMenu&quot;: true,
        &quot;key&quot;: &quot;Inventory.Index&quot;,
        &quot;parentId&quot;: null,
        &quot;unAuthorizedProps&quot;: {
          &quot;visible&quot;: false,
          &quot;disabled&quot;: false
        },
        &quot;actionName&quot;: &quot;Index&quot;
      },
      {
        &quot;routePath&quot;: null,
        &quot;iconName&quot;: null,
        &quot;controllerName&quot;: &quot;Customer&quot;,
        &quot;name&quot;: &quot;Customer ListForCouponCode&quot;,
        &quot;displayOrder&quot;: 0,
        &quot;description&quot;: null,
        &quot;id&quot;: &quot;9ace28d6-ab7f-4459-a605-232a0b6d2a77&quot;,
        &quot;isMenu&quot;: false,
        &quot;key&quot;: &quot;Customer.ListForCouponCode&quot;,
        &quot;parentId&quot;: &quot;07b60a01-5846-422c-b1c6-1c7a382dbd0e&quot;,
        &quot;unAuthorizedProps&quot;: {
          &quot;visible&quot;: false,
          &quot;disabled&quot;: false
        },
        &quot;actionName&quot;: &quot;ListForCouponCode&quot;
      },
      {
        &quot;routePath&quot;: null,
        &quot;iconName&quot;: null,
        &quot;controllerName&quot;: &quot;Campaign&quot;,
        &quot;name&quot;: &quot;Campaign Delete&quot;,
        &quot;displayOrder&quot;: 0,
        &quot;description&quot;: null,
        &quot;id&quot;: &quot;fd0189db-b2a0-4e72-ae4f-bfc608a105cc&quot;,
        &quot;isMenu&quot;: false,
        &quot;key&quot;: &quot;Campaign.Delete&quot;,
        &quot;parentId&quot;: &quot;fd2f794b-65fb-4da6-9bdb-835c466e4321&quot;,
        &quot;unAuthorizedProps&quot;: {
          &quot;visible&quot;: false,
          &quot;disabled&quot;: false
        },
        &quot;actionName&quot;: &quot;Delete&quot;
      },
      {
        &quot;routePath&quot;: null,
        &quot;iconName&quot;: &quot;Edit&quot;,
        &quot;controllerName&quot;: &quot;Product&quot;,
        &quot;name&quot;: &quot;Product Edit&quot;,
        &quot;displayOrder&quot;: 0,
        &quot;description&quot;: null,
        &quot;id&quot;: &quot;14e27911-45ec-4d84-8519-6c780671a1d4&quot;,
        &quot;isMenu&quot;: false,
        &quot;key&quot;: &quot;Product.Edit&quot;,
        &quot;parentId&quot;: &quot;1858607f-58c2-4c69-8078-f2756c5ca81e&quot;,
        &quot;unAuthorizedProps&quot;: {
          &quot;visible&quot;: false,
          &quot;disabled&quot;: false
        },
        &quot;actionName&quot;: &quot;Edit&quot;
      },
      {
        &quot;routePath&quot;: null,
        &quot;iconName&quot;: &quot;categorySVG&quot;,
        &quot;controllerName&quot;: &quot;Catalog&quot;,
        &quot;name&quot;: &quot;Catalog&quot;,
        &quot;displayOrder&quot;: 300,
        &quot;description&quot;: null,
        &quot;id&quot;: &quot;8b40e125-ffeb-4cf1-ba4b-0ac72aac09d9&quot;,
        &quot;isMenu&quot;: true,
        &quot;key&quot;: &quot;Catalog.Index&quot;,
        &quot;parentId&quot;: null,
        &quot;unAuthorizedProps&quot;: {
          &quot;visible&quot;: false,
          &quot;disabled&quot;: false
        },
        &quot;actionName&quot;: &quot;Index&quot;
      },
      {
        &quot;routePath&quot;: null,
        &quot;iconName&quot;: null,
        &quot;controllerName&quot;: &quot;Rider&quot;,
        &quot;name&quot;: &quot;List Warehouse&quot;,
        &quot;displayOrder&quot;: 0,
        &quot;description&quot;: null,
        &quot;id&quot;: &quot;b3974f99-cfc1-4eea-a71d-cb2d63fbe23b&quot;,
        &quot;isMenu&quot;: false,
        &quot;key&quot;: &quot;Rider.ListWarehouse&quot;,
        &quot;parentId&quot;: &quot;1b716d9c-2bf6-4a16-9bd1-2214d14b6cc7&quot;,
        &quot;unAuthorizedProps&quot;: {
          &quot;visible&quot;: false,
          &quot;disabled&quot;: false
        },
        &quot;actionName&quot;: &quot;ListWarehouse&quot;
      },
      {
        &quot;routePath&quot;: null,
        &quot;iconName&quot;: null,
        &quot;controllerName&quot;: &quot;ZipCode&quot;,
        &quot;name&quot;: &quot;ZipCode Find&quot;,
        &quot;displayOrder&quot;: 0,
        &quot;description&quot;: null,
        &quot;id&quot;: &quot;6ce0a1fe-663d-4167-9095-41ead097b95d&quot;,
        &quot;isMenu&quot;: false,
        &quot;key&quot;: &quot;ZipCode.Find&quot;,
        &quot;parentId&quot;: &quot;8aa34e38-533b-4ab7-bad7-0eaa7b5dec9c&quot;,
        &quot;unAuthorizedProps&quot;: {
          &quot;visible&quot;: false,
          &quot;disabled&quot;: false
        },
        &quot;actionName&quot;: &quot;Find&quot;
      },
      {
        &quot;routePath&quot;: null,
        &quot;iconName&quot;: null,
        &quot;controllerName&quot;: &quot;Country&quot;,
        &quot;name&quot;: &quot;Country Index&quot;,
        &quot;displayOrder&quot;: 0,
        &quot;description&quot;: null,
        &quot;id&quot;: &quot;9c15db73-badc-4894-ab1b-d8261bac91c2&quot;,
        &quot;isMenu&quot;: false,
        &quot;key&quot;: &quot;Country.Index&quot;,
        &quot;parentId&quot;: null,
        &quot;unAuthorizedProps&quot;: {
          &quot;visible&quot;: false,
          &quot;disabled&quot;: false
        },
        &quot;actionName&quot;: &quot;Index&quot;
      },
      {
        &quot;routePath&quot;: &quot;campaigns&quot;,
        &quot;iconName&quot;: &quot;campaignSVG&quot;,
        &quot;controllerName&quot;: &quot;Campaign&quot;,
        &quot;name&quot;: &quot;Campaigns&quot;,
        &quot;displayOrder&quot;: 200,
        &quot;description&quot;: null,
        &quot;id&quot;: &quot;fd2f794b-65fb-4da6-9bdb-835c466e4321&quot;,
        &quot;isMenu&quot;: true,
        &quot;key&quot;: &quot;Campaign.Index&quot;,
        &quot;parentId&quot;: null,
        &quot;unAuthorizedProps&quot;: {
          &quot;visible&quot;: false,
          &quot;disabled&quot;: false
        },
        &quot;actionName&quot;: &quot;Index&quot;
      },
      {
        &quot;routePath&quot;: &quot;&quot;,
        &quot;iconName&quot;: &quot;resourcesSVG&quot;,
        &quot;controllerName&quot;: &quot;Resource&quot;,
        &quot;name&quot;: &quot;Resources&quot;,
        &quot;displayOrder&quot;: 900,
        &quot;description&quot;: null,
        &quot;id&quot;: &quot;8f4ea0ae-2382-4769-8584-5f2f2b1520c8&quot;,
        &quot;isMenu&quot;: true,
        &quot;key&quot;: &quot;Resource.Index&quot;,
        &quot;parentId&quot;: null,
        &quot;unAuthorizedProps&quot;: {
          &quot;visible&quot;: false,
          &quot;disabled&quot;: false
        },
        &quot;actionName&quot;: &quot;Index&quot;
      },
      {
        &quot;routePath&quot;: null,
        &quot;iconName&quot;: null,
        &quot;controllerName&quot;: &quot;State&quot;,
        &quot;name&quot;: &quot;State Index&quot;,
        &quot;displayOrder&quot;: 0,
        &quot;description&quot;: null,
        &quot;id&quot;: &quot;4842baa6-3b5e-40d1-ba2c-aa896962f8a7&quot;,
        &quot;isMenu&quot;: false,
        &quot;key&quot;: &quot;State.Index&quot;,
        &quot;parentId&quot;: null,
        &quot;unAuthorizedProps&quot;: {
          &quot;visible&quot;: false,
          &quot;disabled&quot;: false
        },
        &quot;actionName&quot;: &quot;Index&quot;
      },
      {
        &quot;routePath&quot;: null,
        &quot;iconName&quot;: null,
        &quot;controllerName&quot;: &quot;Order&quot;,
        &quot;name&quot;: &quot;Order Create&quot;,
        &quot;displayOrder&quot;: 0,
        &quot;description&quot;: null,
        &quot;id&quot;: &quot;5c9d78b5-a896-4f09-81f5-3772241f9c78&quot;,
        &quot;isMenu&quot;: false,
        &quot;key&quot;: &quot;Order.Create&quot;,
        &quot;parentId&quot;: &quot;872b9f8c-c48d-dfeb-de32-1be0c3c38dbb&quot;,
        &quot;unAuthorizedProps&quot;: {
          &quot;visible&quot;: false,
          &quot;disabled&quot;: false
        },
        &quot;actionName&quot;: &quot;Create&quot;
      },
      {
        &quot;routePath&quot;: null,
        &quot;iconName&quot;: &quot;blackListSVG&quot;,
        &quot;controllerName&quot;: &quot;BlackList&quot;,
        &quot;name&quot;: &quot;Black List Delete&quot;,
        &quot;displayOrder&quot;: 0,
        &quot;description&quot;: null,
        &quot;id&quot;: &quot;ac6ae6a5-d189-4a17-b8a0-26fbbc3f6e27&quot;,
        &quot;isMenu&quot;: false,
        &quot;key&quot;: &quot;BlackList.Delete&quot;,
        &quot;parentId&quot;: &quot;d273c43d-77c8-4b88-8d35-9ec20a90bd11&quot;,
        &quot;unAuthorizedProps&quot;: {
          &quot;visible&quot;: false,
          &quot;disabled&quot;: false
        },
        &quot;actionName&quot;: &quot;Delete&quot;
      },
      {
        &quot;routePath&quot;: null,
        &quot;iconName&quot;: null,
        &quot;controllerName&quot;: &quot;Role&quot;,
        &quot;name&quot;: &quot;Role Find&quot;,
        &quot;displayOrder&quot;: 0,
        &quot;description&quot;: null,
        &quot;id&quot;: &quot;93ff5806-4453-44a3-bc9b-557783976d40&quot;,
        &quot;isMenu&quot;: false,
        &quot;key&quot;: &quot;Role.Find&quot;,
        &quot;parentId&quot;: &quot;e98d2f21-52f8-41cb-9b3f-fe979b5f0578&quot;,
        &quot;unAuthorizedProps&quot;: {
          &quot;visible&quot;: false,
          &quot;disabled&quot;: false
        },
        &quot;actionName&quot;: &quot;Find&quot;
      },
      {
        &quot;routePath&quot;: null,
        &quot;iconName&quot;: &quot;RemoteSearchForSubCategories&quot;,
        &quot;controllerName&quot;: &quot;Category&quot;,
        &quot;name&quot;: &quot;Category RemoteSearchForSubCategories&quot;,
        &quot;displayOrder&quot;: 0,
        &quot;description&quot;: null,
        &quot;id&quot;: &quot;6db1a08e-e179-4c17-9191-fa48c4e91f43&quot;,
        &quot;isMenu&quot;: false,
        &quot;key&quot;: &quot;Category.RemoteSearchForSubCategories&quot;,
        &quot;parentId&quot;: &quot;501d66f1-cdeb-4f10-85d2-6e00d60e36c9&quot;,
        &quot;unAuthorizedProps&quot;: {
          &quot;visible&quot;: false,
          &quot;disabled&quot;: false
        },
        &quot;actionName&quot;: &quot;RemoteSearchForSubCategories&quot;
      },
      {
        &quot;routePath&quot;: null,
        &quot;iconName&quot;: null,
        &quot;controllerName&quot;: &quot;Warehouse&quot;,
        &quot;name&quot;: &quot;Warehouse ImportWarehouseStock&quot;,
        &quot;displayOrder&quot;: 0,
        &quot;description&quot;: null,
        &quot;id&quot;: &quot;32b123d7-64e0-437b-85ee-e231221123c4&quot;,
        &quot;isMenu&quot;: false,
        &quot;key&quot;: &quot;Warehouse.ImportWarehouseStock&quot;,
        &quot;parentId&quot;: &quot;7a99d565-0e98-95af-19bd-814011ea2417&quot;,
        &quot;unAuthorizedProps&quot;: {
          &quot;visible&quot;: false,
          &quot;disabled&quot;: false
        },
        &quot;actionName&quot;: &quot;ImportWarehouseStock&quot;
      },
      {
        &quot;routePath&quot;: &quot;&quot;,
        &quot;iconName&quot;: &quot;&quot;,
        &quot;controllerName&quot;: &quot;Category&quot;,
        &quot;name&quot;: &quot;Category DeleteImage&quot;,
        &quot;displayOrder&quot;: 0,
        &quot;description&quot;: &quot;&quot;,
        &quot;id&quot;: &quot;abfccc7e-7b90-4102-a774-6064c670950a&quot;,
        &quot;isMenu&quot;: false,
        &quot;key&quot;: &quot;Category.DeleteImage&quot;,
        &quot;parentId&quot;: &quot;9bbddb67-d7f2-44d3-8d09-6bd04f8b6f79&quot;,
        &quot;unAuthorizedProps&quot;: {
          &quot;visible&quot;: false,
          &quot;disabled&quot;: false
        },
        &quot;actionName&quot;: &quot;DeleteImage&quot;
      },
      {
        &quot;routePath&quot;: null,
        &quot;iconName&quot;: null,
        &quot;controllerName&quot;: &quot;Role&quot;,
        &quot;name&quot;: &quot;Role Edit&quot;,
        &quot;displayOrder&quot;: 0,
        &quot;description&quot;: null,
        &quot;id&quot;: &quot;e659fa87-caf3-44e3-b5c2-1e0a78323f20&quot;,
        &quot;isMenu&quot;: false,
        &quot;key&quot;: &quot;Role.Edit&quot;,
        &quot;parentId&quot;: &quot;e98d2f21-52f8-41cb-9b3f-fe979b5f0578&quot;,
        &quot;unAuthorizedProps&quot;: {
          &quot;visible&quot;: false,
          &quot;disabled&quot;: false
        },
        &quot;actionName&quot;: &quot;Edit&quot;
      },
      {
        &quot;routePath&quot;: null,
        &quot;iconName&quot;: null,
        &quot;controllerName&quot;: &quot;Banner&quot;,
        &quot;name&quot;: &quot;Banner Delete&quot;,
        &quot;displayOrder&quot;: 0,
        &quot;description&quot;: null,
        &quot;id&quot;: &quot;21357ea8-c21e-4c43-846a-714dc3de69b2&quot;,
        &quot;isMenu&quot;: false,
        &quot;key&quot;: &quot;Banner.Delete&quot;,
        &quot;parentId&quot;: &quot;d01dd410-27ab-4ca2-ad2e-06ed18197543&quot;,
        &quot;unAuthorizedProps&quot;: {
          &quot;visible&quot;: false,
          &quot;disabled&quot;: false
        },
        &quot;actionName&quot;: &quot;Delete&quot;
      },
      {
        &quot;routePath&quot;: &quot;message-templates&quot;,
        &quot;iconName&quot;: &quot;messageSVG&quot;,
        &quot;controllerName&quot;: &quot;MessageTemplate&quot;,
        &quot;name&quot;: &quot;Message Templates&quot;,
        &quot;displayOrder&quot;: 0,
        &quot;description&quot;: null,
        &quot;id&quot;: &quot;570b7634-2234-498f-939b-440805527121&quot;,
        &quot;isMenu&quot;: true,
        &quot;key&quot;: &quot;MessageTemplate.Index&quot;,
        &quot;parentId&quot;: &quot;8f4ea0ae-2382-4769-8584-5f2f2b1520c8&quot;,
        &quot;unAuthorizedProps&quot;: {
          &quot;visible&quot;: false,
          &quot;disabled&quot;: false
        },
        &quot;actionName&quot;: &quot;Index&quot;
      },
      {
        &quot;routePath&quot;: null,
        &quot;iconName&quot;: null,
        &quot;controllerName&quot;: &quot;Banner&quot;,
        &quot;name&quot;: &quot;Banner Find&quot;,
        &quot;displayOrder&quot;: 0,
        &quot;description&quot;: null,
        &quot;id&quot;: &quot;d251bc51-e2ad-4581-a0f3-30fa44141403&quot;,
        &quot;isMenu&quot;: false,
        &quot;key&quot;: &quot;Banner.Find&quot;,
        &quot;parentId&quot;: &quot;d01dd410-27ab-4ca2-ad2e-06ed18197543&quot;,
        &quot;unAuthorizedProps&quot;: {
          &quot;visible&quot;: false,
          &quot;disabled&quot;: false
        },
        &quot;actionName&quot;: &quot;Find&quot;
      },
      {
        &quot;routePath&quot;: null,
        &quot;iconName&quot;: null,
        &quot;controllerName&quot;: &quot;Region&quot;,
        &quot;name&quot;: &quot;Region&quot;,
        &quot;displayOrder&quot;: 0,
        &quot;description&quot;: null,
        &quot;id&quot;: &quot;ea3629e8-4946-4c94-831b-445ff5e05927&quot;,
        &quot;isMenu&quot;: false,
        &quot;key&quot;: &quot;Region.Delete&quot;,
        &quot;parentId&quot;: &quot;636ed702-38d2-4f20-967d-54564a31315f&quot;,
        &quot;unAuthorizedProps&quot;: {
          &quot;visible&quot;: false,
          &quot;disabled&quot;: false
        },
        &quot;actionName&quot;: &quot;Delete&quot;
      },
      {
        &quot;routePath&quot;: &quot;riders&quot;,
        &quot;iconName&quot;: &quot;riderSVG&quot;,
        &quot;controllerName&quot;: &quot;Rider&quot;,
        &quot;name&quot;: &quot;Driver&quot;,
        &quot;displayOrder&quot;: 620,
        &quot;description&quot;: null,
        &quot;id&quot;: &quot;1b716d9c-2bf6-4a16-9bd1-2214d14b6cc7&quot;,
        &quot;isMenu&quot;: true,
        &quot;key&quot;: &quot;Rider.Index&quot;,
        &quot;parentId&quot;: &quot;8b04f24a-f777-5455-9d4b-5d32257d3d62&quot;,
        &quot;unAuthorizedProps&quot;: {
          &quot;visible&quot;: false,
          &quot;disabled&quot;: false
        },
        &quot;actionName&quot;: &quot;Index&quot;
      },
      {
        &quot;routePath&quot;: &quot;permissions&quot;,
        &quot;iconName&quot;: &quot;permissionSVG&quot;,
        &quot;controllerName&quot;: &quot;Permission&quot;,
        &quot;name&quot;: &quot;Permissions&quot;,
        &quot;displayOrder&quot;: 640,
        &quot;description&quot;: null,
        &quot;id&quot;: &quot;213aad81-551b-49f7-9d15-f11f5b9e7e88&quot;,
        &quot;isMenu&quot;: true,
        &quot;key&quot;: &quot;Permission.Index&quot;,
        &quot;parentId&quot;: &quot;8b04f24a-f777-5455-9d4b-5d32257d3d62&quot;,
        &quot;unAuthorizedProps&quot;: {
          &quot;visible&quot;: false,
          &quot;disabled&quot;: false
        },
        &quot;actionName&quot;: &quot;Index&quot;
      },
      {
        &quot;routePath&quot;: null,
        &quot;iconName&quot;: null,
        &quot;controllerName&quot;: &quot;County&quot;,
        &quot;name&quot;: &quot;County Edit&quot;,
        &quot;displayOrder&quot;: 0,
        &quot;description&quot;: null,
        &quot;id&quot;: &quot;ba784849-f3ea-4d98-8dc8-194743397b68&quot;,
        &quot;isMenu&quot;: false,
        &quot;key&quot;: &quot;County.Edit&quot;,
        &quot;parentId&quot;: &quot;28a7ee86-bfd8-408f-97d3-82a96e1cbcc6&quot;,
        &quot;unAuthorizedProps&quot;: {
          &quot;visible&quot;: false,
          &quot;disabled&quot;: false
        },
        &quot;actionName&quot;: &quot;Edit&quot;
      },
      {
        &quot;routePath&quot;: null,
        &quot;iconName&quot;: null,
        &quot;controllerName&quot;: &quot;ZipCode&quot;,
        &quot;name&quot;: &quot;ZipCode List&quot;,
        &quot;displayOrder&quot;: 0,
        &quot;description&quot;: null,
        &quot;id&quot;: &quot;48ed0371-cd67-4620-b3d7-8c71e947c93f&quot;,
        &quot;isMenu&quot;: false,
        &quot;key&quot;: &quot;ZipCode.List&quot;,
        &quot;parentId&quot;: &quot;8aa34e38-533b-4ab7-bad7-0eaa7b5dec9c&quot;,
        &quot;unAuthorizedProps&quot;: {
          &quot;visible&quot;: false,
          &quot;disabled&quot;: false
        },
        &quot;actionName&quot;: &quot;List&quot;
      },
      {
        &quot;routePath&quot;: null,
        &quot;iconName&quot;: null,
        &quot;controllerName&quot;: &quot;Role&quot;,
        &quot;name&quot;: &quot;Role Delete&quot;,
        &quot;displayOrder&quot;: 0,
        &quot;description&quot;: null,
        &quot;id&quot;: &quot;72327532-7e7b-443e-8f6c-1af60992346e&quot;,
        &quot;isMenu&quot;: false,
        &quot;key&quot;: &quot;Role.Delete&quot;,
        &quot;parentId&quot;: &quot;e98d2f21-52f8-41cb-9b3f-fe979b5f0578&quot;,
        &quot;unAuthorizedProps&quot;: {
          &quot;visible&quot;: false,
          &quot;disabled&quot;: false
        },
        &quot;actionName&quot;: &quot;Delete&quot;
      },
      {
        &quot;routePath&quot;: null,
        &quot;iconName&quot;: null,
        &quot;controllerName&quot;: &quot;County&quot;,
        &quot;name&quot;: &quot;County List&quot;,
        &quot;displayOrder&quot;: 0,
        &quot;description&quot;: null,
        &quot;id&quot;: &quot;b585755d-7f4f-43b0-8d1e-f2d807abcec4&quot;,
        &quot;isMenu&quot;: false,
        &quot;key&quot;: &quot;County.List&quot;,
        &quot;parentId&quot;: &quot;28a7ee86-bfd8-408f-97d3-82a96e1cbcc6&quot;,
        &quot;unAuthorizedProps&quot;: {
          &quot;visible&quot;: false,
          &quot;disabled&quot;: false
        },
        &quot;actionName&quot;: &quot;List&quot;
      },
      {
        &quot;routePath&quot;: null,
        &quot;iconName&quot;: null,
        &quot;controllerName&quot;: &quot;State&quot;,
        &quot;name&quot;: &quot;State List&quot;,
        &quot;displayOrder&quot;: 0,
        &quot;description&quot;: null,
        &quot;id&quot;: &quot;b3223f02-9caa-4de6-9340-052b6c64b670&quot;,
        &quot;isMenu&quot;: false,
        &quot;key&quot;: &quot;State.List&quot;,
        &quot;parentId&quot;: &quot;4842baa6-3b5e-40d1-ba2c-aa896962f8a7&quot;,
        &quot;unAuthorizedProps&quot;: {
          &quot;visible&quot;: false,
          &quot;disabled&quot;: false
        },
        &quot;actionName&quot;: &quot;List&quot;
      },
      {
        &quot;routePath&quot;: &quot;orders&quot;,
        &quot;iconName&quot;: &quot;ordersSVG&quot;,
        &quot;controllerName&quot;: &quot;Order&quot;,
        &quot;name&quot;: &quot;Status Count&quot;,
        &quot;displayOrder&quot;: 0,
        &quot;description&quot;: null,
        &quot;id&quot;: &quot;cebe4f6e-97cb-4744-be13-802d6ec99207&quot;,
        &quot;isMenu&quot;: false,
        &quot;key&quot;: &quot;Order.OrderStatusCount&quot;,
        &quot;parentId&quot;: &quot;872b9f8c-c48d-dfeb-de32-1be0c3c38dbb&quot;,
        &quot;unAuthorizedProps&quot;: {
          &quot;visible&quot;: false,
          &quot;disabled&quot;: false
        },
        &quot;actionName&quot;: &quot;OrderStatusCount&quot;
      },
      {
        &quot;routePath&quot;: null,
        &quot;iconName&quot;: null,
        &quot;controllerName&quot;: &quot;Region&quot;,
        &quot;name&quot;: &quot;Region Index&quot;,
        &quot;displayOrder&quot;: 0,
        &quot;description&quot;: null,
        &quot;id&quot;: &quot;636ed702-38d2-4f20-967d-54564a31315f&quot;,
        &quot;isMenu&quot;: false,
        &quot;key&quot;: &quot;Region.Index&quot;,
        &quot;parentId&quot;: null,
        &quot;unAuthorizedProps&quot;: {
          &quot;visible&quot;: false,
          &quot;disabled&quot;: false
        },
        &quot;actionName&quot;: &quot;Index&quot;
      },
      {
        &quot;routePath&quot;: null,
        &quot;iconName&quot;: null,
        &quot;controllerName&quot;: &quot;Region&quot;,
        &quot;name&quot;: &quot;Region List&quot;,
        &quot;displayOrder&quot;: 0,
        &quot;description&quot;: null,
        &quot;id&quot;: &quot;9c05f19c-13b9-498e-aacb-e3c0f3e1d478&quot;,
        &quot;isMenu&quot;: false,
        &quot;key&quot;: &quot;Region.List&quot;,
        &quot;parentId&quot;: &quot;636ed702-38d2-4f20-967d-54564a31315f&quot;,
        &quot;unAuthorizedProps&quot;: {
          &quot;visible&quot;: false,
          &quot;disabled&quot;: false
        },
        &quot;actionName&quot;: &quot;List&quot;
      },
      {
        &quot;routePath&quot;: &quot;banners&quot;,
        &quot;iconName&quot;: &quot;bannerSVG&quot;,
        &quot;controllerName&quot;: &quot;Banner&quot;,
        &quot;name&quot;: &quot;Banner&quot;,
        &quot;displayOrder&quot;: 920,
        &quot;description&quot;: null,
        &quot;id&quot;: &quot;d01dd410-27ab-4ca2-ad2e-06ed18197543&quot;,
        &quot;isMenu&quot;: true,
        &quot;key&quot;: &quot;Banner.Index&quot;,
        &quot;parentId&quot;: &quot;8f4ea0ae-2382-4769-8584-5f2f2b1520c8&quot;,
        &quot;unAuthorizedProps&quot;: {
          &quot;visible&quot;: false,
          &quot;disabled&quot;: false
        },
        &quot;actionName&quot;: &quot;Index&quot;
      },
      {
        &quot;routePath&quot;: null,
        &quot;iconName&quot;: null,
        &quot;controllerName&quot;: &quot;MessageTemplate&quot;,
        &quot;name&quot;: &quot;Message Template Find&quot;,
        &quot;displayOrder&quot;: 0,
        &quot;description&quot;: null,
        &quot;id&quot;: &quot;c4cda510-6ac9-41c7-ae6e-74e42b8672b2&quot;,
        &quot;isMenu&quot;: false,
        &quot;key&quot;: &quot;MessageTemplate.Find&quot;,
        &quot;parentId&quot;: &quot;570b7634-2234-498f-939b-440805527121&quot;,
        &quot;unAuthorizedProps&quot;: {
          &quot;visible&quot;: false,
          &quot;disabled&quot;: false
        },
        &quot;actionName&quot;: &quot;Find&quot;
      },
      {
        &quot;routePath&quot;: null,
        &quot;iconName&quot;: null,
        &quot;controllerName&quot;: &quot;Address&quot;,
        &quot;name&quot;: &quot;Address Delete&quot;,
        &quot;displayOrder&quot;: 0,
        &quot;description&quot;: null,
        &quot;id&quot;: &quot;fbfbd05c-64df-4fd5-b4b1-8ae1d6d0ab09&quot;,
        &quot;isMenu&quot;: false,
        &quot;key&quot;: &quot;Address.Delete&quot;,
        &quot;parentId&quot;: &quot;c3c514ef-1964-4c94-b13a-8bdd83a5b1cb&quot;,
        &quot;unAuthorizedProps&quot;: {
          &quot;visible&quot;: false,
          &quot;disabled&quot;: false
        },
        &quot;actionName&quot;: &quot;Delete&quot;
      },
      {
        &quot;routePath&quot;: null,
        &quot;iconName&quot;: null,
        &quot;controllerName&quot;: &quot;CouponCode&quot;,
        &quot;name&quot;: &quot;CouponCode&quot;,
        &quot;displayOrder&quot;: 0,
        &quot;description&quot;: null,
        &quot;id&quot;: &quot;b9a73bf9-fbb5-4c88-92c2-f307b6441d6a&quot;,
        &quot;isMenu&quot;: false,
        &quot;key&quot;: &quot;CouponCode.Find&quot;,
        &quot;parentId&quot;: &quot;5aaef586-e311-4265-a241-6eb9758d6541&quot;,
        &quot;unAuthorizedProps&quot;: {
          &quot;visible&quot;: false,
          &quot;disabled&quot;: false
        },
        &quot;actionName&quot;: &quot;Find&quot;
      },
      {
        &quot;routePath&quot;: null,
        &quot;iconName&quot;: null,
        &quot;controllerName&quot;: &quot;Admin&quot;,
        &quot;name&quot;: &quot;Admin Access&quot;,
        &quot;displayOrder&quot;: 0,
        &quot;description&quot;: null,
        &quot;id&quot;: &quot;3e00e509-1d51-489b-b91a-55fe8f3c6edb&quot;,
        &quot;isMenu&quot;: false,
        &quot;key&quot;: &quot;Admin.Access&quot;,
        &quot;parentId&quot;: null,
        &quot;unAuthorizedProps&quot;: {
          &quot;visible&quot;: false,
          &quot;disabled&quot;: false
        },
        &quot;actionName&quot;: &quot;Access&quot;
      },
      {
        &quot;routePath&quot;: null,
        &quot;iconName&quot;: null,
        &quot;controllerName&quot;: &quot;Campaign&quot;,
        &quot;name&quot;: &quot;Campaign Edit&quot;,
        &quot;displayOrder&quot;: 0,
        &quot;description&quot;: null,
        &quot;id&quot;: &quot;dc1d5cc3-524b-4eaa-9a9f-ee84215e1861&quot;,
        &quot;isMenu&quot;: false,
        &quot;key&quot;: &quot;Campaign.Edit&quot;,
        &quot;parentId&quot;: &quot;fd2f794b-65fb-4da6-9bdb-835c466e4321&quot;,
        &quot;unAuthorizedProps&quot;: {
          &quot;visible&quot;: false,
          &quot;disabled&quot;: false
        },
        &quot;actionName&quot;: &quot;Edit&quot;
      },
      {
        &quot;routePath&quot;: null,
        &quot;iconName&quot;: null,
        &quot;controllerName&quot;: &quot;Category&quot;,
        &quot;name&quot;: &quot;Category Delete&quot;,
        &quot;displayOrder&quot;: 0,
        &quot;description&quot;: null,
        &quot;id&quot;: &quot;b83891f7-ad63-4ffc-8ce2-54f1fe6c2655&quot;,
        &quot;isMenu&quot;: false,
        &quot;key&quot;: &quot;Category.Delete&quot;,
        &quot;parentId&quot;: &quot;9bbddb67-d7f2-44d3-8d09-6bd04f8b6f79&quot;,
        &quot;unAuthorizedProps&quot;: {
          &quot;visible&quot;: false,
          &quot;disabled&quot;: false
        },
        &quot;actionName&quot;: &quot;Delete&quot;
      },
      {
        &quot;routePath&quot;: &quot;order-history&quot;,
        &quot;iconName&quot;: &quot;orderHistorySVG&quot;,
        &quot;controllerName&quot;: &quot;Order&quot;,
        &quot;name&quot;: &quot;Order History&quot;,
        &quot;displayOrder&quot;: 110,
        &quot;description&quot;: null,
        &quot;id&quot;: &quot;14cbd334-6cd3-42b3-9b65-6bbeff98691f&quot;,
        &quot;isMenu&quot;: true,
        &quot;key&quot;: &quot;Order.History&quot;,
        &quot;parentId&quot;: &quot;872b9f8c-c48d-dfeb-de32-1be0c3c38dbb&quot;,
        &quot;unAuthorizedProps&quot;: {
          &quot;visible&quot;: false,
          &quot;disabled&quot;: false
        },
        &quot;actionName&quot;: &quot;History&quot;
      },
      {
        &quot;routePath&quot;: null,
        &quot;iconName&quot;: &quot;GetWarehousesByProductQuantities&quot;,
        &quot;controllerName&quot;: &quot;Warehouse&quot;,
        &quot;name&quot;: &quot;Warehouse GetWarehousesByProductQuantities&quot;,
        &quot;displayOrder&quot;: 0,
        &quot;description&quot;: null,
        &quot;id&quot;: &quot;03c0e9ba-00e5-4526-bed3-8b92b5ed5b00&quot;,
        &quot;isMenu&quot;: false,
        &quot;key&quot;: &quot;Warehouse.GetWarehousesByProductQuantities&quot;,
        &quot;parentId&quot;: &quot;7a99d565-0e98-95af-19bd-814011ea2417&quot;,
        &quot;unAuthorizedProps&quot;: {
          &quot;visible&quot;: false,
          &quot;disabled&quot;: false
        },
        &quot;actionName&quot;: &quot;GetWarehousesByProductQuantities&quot;
      },
      {
        &quot;routePath&quot;: null,
        &quot;iconName&quot;: null,
        &quot;controllerName&quot;: &quot;Customer&quot;,
        &quot;name&quot;: &quot;Customer Edit&quot;,
        &quot;displayOrder&quot;: 0,
        &quot;description&quot;: null,
        &quot;id&quot;: &quot;16ec7648-8864-46c1-81f8-45ca74b6d400&quot;,
        &quot;isMenu&quot;: false,
        &quot;key&quot;: &quot;Customer.Edit&quot;,
        &quot;parentId&quot;: &quot;07b60a01-5846-422c-b1c6-1c7a382dbd0e&quot;,
        &quot;unAuthorizedProps&quot;: {
          &quot;visible&quot;: false,
          &quot;disabled&quot;: false
        },
        &quot;actionName&quot;: &quot;Edit&quot;
      },
      {
        &quot;routePath&quot;: null,
        &quot;iconName&quot;: null,
        &quot;controllerName&quot;: &quot;Customer&quot;,
        &quot;name&quot;: &quot;Customer ExportForFilter&quot;,
        &quot;displayOrder&quot;: 0,
        &quot;description&quot;: null,
        &quot;id&quot;: &quot;d035c702-e74b-4f21-a90f-0e5eab19b6ed&quot;,
        &quot;isMenu&quot;: false,
        &quot;key&quot;: &quot;Customer.ExportForFilter&quot;,
        &quot;parentId&quot;: &quot;07b60a01-5846-422c-b1c6-1c7a382dbd0e&quot;,
        &quot;unAuthorizedProps&quot;: {
          &quot;visible&quot;: false,
          &quot;disabled&quot;: false
        },
        &quot;actionName&quot;: &quot;ExportForFilter&quot;
      },
      {
        &quot;routePath&quot;: null,
        &quot;iconName&quot;: &quot;UpdateIsShowOutOfStock&quot;,
        &quot;controllerName&quot;: &quot;Product&quot;,
        &quot;name&quot;: &quot;Product UpdateIsShowOutOfStock&quot;,
        &quot;displayOrder&quot;: 0,
        &quot;description&quot;: null,
        &quot;id&quot;: &quot;3b089d65-e726-4606-9e48-0fade407b41a&quot;,
        &quot;isMenu&quot;: false,
        &quot;key&quot;: &quot;Product.UpdateIsShowOutOfStock&quot;,
        &quot;parentId&quot;: &quot;1858607f-58c2-4c69-8078-f2756c5ca81e&quot;,
        &quot;unAuthorizedProps&quot;: {
          &quot;visible&quot;: false,
          &quot;disabled&quot;: false
        },
        &quot;actionName&quot;: &quot;UpdateIsShowOutOfStock&quot;
      },
      {
        &quot;routePath&quot;: null,
        &quot;iconName&quot;: null,
        &quot;controllerName&quot;: &quot;Category&quot;,
        &quot;name&quot;: &quot;Category List&quot;,
        &quot;displayOrder&quot;: 0,
        &quot;description&quot;: null,
        &quot;id&quot;: &quot;60efba66-4656-4db1-bbc9-9192afaadc42&quot;,
        &quot;isMenu&quot;: false,
        &quot;key&quot;: &quot;Category.List&quot;,
        &quot;parentId&quot;: &quot;9bbddb67-d7f2-44d3-8d09-6bd04f8b6f79&quot;,
        &quot;unAuthorizedProps&quot;: {
          &quot;visible&quot;: false,
          &quot;disabled&quot;: false
        },
        &quot;actionName&quot;: &quot;List&quot;
      },
      {
        &quot;routePath&quot;: null,
        &quot;iconName&quot;: &quot;SendOrderReceipt&quot;,
        &quot;controllerName&quot;: &quot;Order&quot;,
        &quot;name&quot;: &quot;Order SendOrderReceipt&quot;,
        &quot;displayOrder&quot;: 0,
        &quot;description&quot;: null,
        &quot;id&quot;: &quot;61f6a2b2-3170-45fd-b952-763ab434e8cb&quot;,
        &quot;isMenu&quot;: false,
        &quot;key&quot;: &quot;Order.SendOrderReceipt&quot;,
        &quot;parentId&quot;: &quot;6fa1df30-c04b-4bef-a1d1-a67c2748e0b4&quot;,
        &quot;unAuthorizedProps&quot;: {
          &quot;visible&quot;: false,
          &quot;disabled&quot;: false
        },
        &quot;actionName&quot;: &quot;SendOrderReceipt&quot;
      },
      {
        &quot;routePath&quot;: null,
        &quot;iconName&quot;: null,
        &quot;controllerName&quot;: &quot;ServiceArea&quot;,
        &quot;name&quot;: &quot;ServiceArea Index&quot;,
        &quot;displayOrder&quot;: 0,
        &quot;description&quot;: null,
        &quot;id&quot;: &quot;6510260c-2670-4f71-96ed-8f12986fb9cf&quot;,
        &quot;isMenu&quot;: false,
        &quot;key&quot;: &quot;ServiceArea.Index&quot;,
        &quot;parentId&quot;: null,
        &quot;unAuthorizedProps&quot;: {
          &quot;visible&quot;: false,
          &quot;disabled&quot;: false
        },
        &quot;actionName&quot;: &quot;Index&quot;
      },
      {
        &quot;routePath&quot;: null,
        &quot;iconName&quot;: null,
        &quot;controllerName&quot;: &quot;Order&quot;,
        &quot;name&quot;: &quot;Order ExportForFilter&quot;,
        &quot;displayOrder&quot;: 0,
        &quot;description&quot;: null,
        &quot;id&quot;: &quot;1f7586e6-8ed7-4d27-bbab-05b597a942f3&quot;,
        &quot;isMenu&quot;: false,
        &quot;key&quot;: &quot;Order.ExportForFilter&quot;,
        &quot;parentId&quot;: &quot;872b9f8c-c48d-dfeb-de32-1be0c3c38dbb&quot;,
        &quot;unAuthorizedProps&quot;: {
          &quot;visible&quot;: false,
          &quot;disabled&quot;: false
        },
        &quot;actionName&quot;: &quot;ExportForFilter&quot;
      },
      {
        &quot;routePath&quot;: null,
        &quot;iconName&quot;: &quot;delete&quot;,
        &quot;controllerName&quot;: &quot;ProductMedia&quot;,
        &quot;name&quot;: &quot;ProductMedia Delete&quot;,
        &quot;displayOrder&quot;: 0,
        &quot;description&quot;: null,
        &quot;id&quot;: &quot;f95ffe40-8464-4dd7-997a-1e5f0e4ccc4a&quot;,
        &quot;isMenu&quot;: false,
        &quot;key&quot;: &quot;ProductMedia.Delete&quot;,
        &quot;parentId&quot;: &quot;1858607f-58c2-4c69-8078-f2756c5ca81e&quot;,
        &quot;unAuthorizedProps&quot;: {
          &quot;visible&quot;: false,
          &quot;disabled&quot;: false
        },
        &quot;actionName&quot;: &quot;Delete&quot;
      },
      {
        &quot;routePath&quot;: null,
        &quot;iconName&quot;: &quot;auditSVG&quot;,
        &quot;controllerName&quot;: &quot;Audit&quot;,
        &quot;name&quot;: &quot;Audit Find&quot;,
        &quot;displayOrder&quot;: 100000,
        &quot;description&quot;: null,
        &quot;id&quot;: &quot;0817b3ef-fe5a-4be2-b10b-cd008314489e&quot;,
        &quot;isMenu&quot;: false,
        &quot;key&quot;: &quot;Audit.Find&quot;,
        &quot;parentId&quot;: &quot;76070de9-f4f5-4096-aa99-2d2bac586b44&quot;,
        &quot;unAuthorizedProps&quot;: {
          &quot;visible&quot;: false,
          &quot;disabled&quot;: false
        },
        &quot;actionName&quot;: &quot;Find&quot;
      },
      {
        &quot;routePath&quot;: null,
        &quot;iconName&quot;: null,
        &quot;controllerName&quot;: &quot;Region&quot;,
        &quot;name&quot;: &quot;Region Edit&quot;,
        &quot;displayOrder&quot;: 0,
        &quot;description&quot;: null,
        &quot;id&quot;: &quot;dab192e4-1dbc-4537-964c-b9bcf9c0e94c&quot;,
        &quot;isMenu&quot;: false,
        &quot;key&quot;: &quot;Region.Edit&quot;,
        &quot;parentId&quot;: &quot;636ed702-38d2-4f20-967d-54564a31315f&quot;,
        &quot;unAuthorizedProps&quot;: {
          &quot;visible&quot;: false,
          &quot;disabled&quot;: false
        },
        &quot;actionName&quot;: &quot;Edit&quot;
      },
      {
        &quot;routePath&quot;: null,
        &quot;iconName&quot;: null,
        &quot;controllerName&quot;: &quot;ZipCode&quot;,
        &quot;name&quot;: &quot;ZipCode Create&quot;,
        &quot;displayOrder&quot;: 0,
        &quot;description&quot;: null,
        &quot;id&quot;: &quot;a402206e-61d3-4fca-9008-34013f50378e&quot;,
        &quot;isMenu&quot;: false,
        &quot;key&quot;: &quot;ZipCode.Create&quot;,
        &quot;parentId&quot;: &quot;8aa34e38-533b-4ab7-bad7-0eaa7b5dec9c&quot;,
        &quot;unAuthorizedProps&quot;: {
          &quot;visible&quot;: false,
          &quot;disabled&quot;: false
        },
        &quot;actionName&quot;: &quot;Create&quot;
      },
      {
        &quot;routePath&quot;: null,
        &quot;iconName&quot;: null,
        &quot;controllerName&quot;: &quot;Role&quot;,
        &quot;name&quot;: &quot;Role AssignPermission&quot;,
        &quot;displayOrder&quot;: 0,
        &quot;description&quot;: null,
        &quot;id&quot;: &quot;059c1d80-0fbe-4e73-abc8-3e20a3ee2901&quot;,
        &quot;isMenu&quot;: false,
        &quot;key&quot;: &quot;Role.AssignPermission&quot;,
        &quot;parentId&quot;: &quot;e98d2f21-52f8-41cb-9b3f-fe979b5f0578&quot;,
        &quot;unAuthorizedProps&quot;: {
          &quot;visible&quot;: false,
          &quot;disabled&quot;: false
        },
        &quot;actionName&quot;: &quot;AssignPermission&quot;
      },
      {
        &quot;routePath&quot;: null,
        &quot;iconName&quot;: null,
        &quot;controllerName&quot;: &quot;Category&quot;,
        &quot;name&quot;: &quot;Category Find&quot;,
        &quot;displayOrder&quot;: 0,
        &quot;description&quot;: null,
        &quot;id&quot;: &quot;9d76a667-e500-4b4e-861b-25b97c953dd9&quot;,
        &quot;isMenu&quot;: false,
        &quot;key&quot;: &quot;Category.Find&quot;,
        &quot;parentId&quot;: &quot;9bbddb67-d7f2-44d3-8d09-6bd04f8b6f79&quot;,
        &quot;unAuthorizedProps&quot;: {
          &quot;visible&quot;: false,
          &quot;disabled&quot;: false
        },
        &quot;actionName&quot;: &quot;Find&quot;
      },
      {
        &quot;routePath&quot;: null,
        &quot;iconName&quot;: null,
        &quot;controllerName&quot;: &quot;Employee&quot;,
        &quot;name&quot;: &quot;Employee Find&quot;,
        &quot;displayOrder&quot;: 0,
        &quot;description&quot;: null,
        &quot;id&quot;: &quot;329395f5-2a4f-412c-bfa4-ba7e3d40d4b3&quot;,
        &quot;isMenu&quot;: false,
        &quot;key&quot;: &quot;Employee.Find&quot;,
        &quot;parentId&quot;: &quot;e4a8e904-698e-4596-92c3-b40206b19179&quot;,
        &quot;unAuthorizedProps&quot;: {
          &quot;visible&quot;: false,
          &quot;disabled&quot;: false
        },
        &quot;actionName&quot;: &quot;Find&quot;
      },
      {
        &quot;routePath&quot;: null,
        &quot;iconName&quot;: &quot;find&quot;,
        &quot;controllerName&quot;: &quot;Product&quot;,
        &quot;name&quot;: &quot;Product Find&quot;,
        &quot;displayOrder&quot;: 0,
        &quot;description&quot;: null,
        &quot;id&quot;: &quot;bd420774-1ffd-4fa0-b172-3f04acbb6dfa&quot;,
        &quot;isMenu&quot;: false,
        &quot;key&quot;: &quot;Product.Find&quot;,
        &quot;parentId&quot;: &quot;1858607f-58c2-4c69-8078-f2756c5ca81e&quot;,
        &quot;unAuthorizedProps&quot;: {
          &quot;visible&quot;: false,
          &quot;disabled&quot;: false
        },
        &quot;actionName&quot;: &quot;Find&quot;
      },
      {
        &quot;routePath&quot;: null,
        &quot;iconName&quot;: null,
        &quot;controllerName&quot;: &quot;Employee&quot;,
        &quot;name&quot;: &quot;Employee Edit&quot;,
        &quot;displayOrder&quot;: 0,
        &quot;description&quot;: null,
        &quot;id&quot;: &quot;d9cfda39-3a58-4e03-955d-d7f7fc173dd5&quot;,
        &quot;isMenu&quot;: false,
        &quot;key&quot;: &quot;Employee.Edit&quot;,
        &quot;parentId&quot;: &quot;e4a8e904-698e-4596-92c3-b40206b19179&quot;,
        &quot;unAuthorizedProps&quot;: {
          &quot;visible&quot;: false,
          &quot;disabled&quot;: false
        },
        &quot;actionName&quot;: &quot;Edit&quot;
      },
      {
        &quot;routePath&quot;: null,
        &quot;iconName&quot;: null,
        &quot;controllerName&quot;: &quot;Language&quot;,
        &quot;name&quot;: &quot;Language List&quot;,
        &quot;displayOrder&quot;: 0,
        &quot;description&quot;: null,
        &quot;id&quot;: &quot;2f273f27-d9dd-406e-a4d4-2faac07a3d2d&quot;,
        &quot;isMenu&quot;: false,
        &quot;key&quot;: &quot;Language.List&quot;,
        &quot;parentId&quot;: &quot;7d117917-ff5a-448f-ae1c-71b123ffabc0&quot;,
        &quot;unAuthorizedProps&quot;: {
          &quot;visible&quot;: false,
          &quot;disabled&quot;: false
        },
        &quot;actionName&quot;: &quot;List&quot;
      },
      {
        &quot;routePath&quot;: null,
        &quot;iconName&quot;: null,
        &quot;controllerName&quot;: &quot;ZipCode&quot;,
        &quot;name&quot;: &quot;ZipCode Index&quot;,
        &quot;displayOrder&quot;: 0,
        &quot;description&quot;: null,
        &quot;id&quot;: &quot;8aa34e38-533b-4ab7-bad7-0eaa7b5dec9c&quot;,
        &quot;isMenu&quot;: false,
        &quot;key&quot;: &quot;ZipCode.Index&quot;,
        &quot;parentId&quot;: null,
        &quot;unAuthorizedProps&quot;: {
          &quot;visible&quot;: false,
          &quot;disabled&quot;: false
        },
        &quot;actionName&quot;: &quot;Index&quot;
      },
      {
        &quot;routePath&quot;: null,
        &quot;iconName&quot;: null,
        &quot;controllerName&quot;: &quot;State&quot;,
        &quot;name&quot;: &quot;State Delete&quot;,
        &quot;displayOrder&quot;: 0,
        &quot;description&quot;: null,
        &quot;id&quot;: &quot;701496e5-1817-49e7-9c31-4270a4174942&quot;,
        &quot;isMenu&quot;: false,
        &quot;key&quot;: &quot;State.Delete&quot;,
        &quot;parentId&quot;: &quot;4842baa6-3b5e-40d1-ba2c-aa896962f8a7&quot;,
        &quot;unAuthorizedProps&quot;: {
          &quot;visible&quot;: false,
          &quot;disabled&quot;: false
        },
        &quot;actionName&quot;: &quot;Delete&quot;
      },
      {
        &quot;routePath&quot;: null,
        &quot;iconName&quot;: null,
        &quot;controllerName&quot;: &quot;County&quot;,
        &quot;name&quot;: &quot;County Index&quot;,
        &quot;displayOrder&quot;: 0,
        &quot;description&quot;: null,
        &quot;id&quot;: &quot;28a7ee86-bfd8-408f-97d3-82a96e1cbcc6&quot;,
        &quot;isMenu&quot;: false,
        &quot;key&quot;: &quot;County.Index&quot;,
        &quot;parentId&quot;: null,
        &quot;unAuthorizedProps&quot;: {
          &quot;visible&quot;: false,
          &quot;disabled&quot;: false
        },
        &quot;actionName&quot;: &quot;Index&quot;
      },
      {
        &quot;routePath&quot;: null,
        &quot;iconName&quot;: null,
        &quot;controllerName&quot;: &quot;Rider&quot;,
        &quot;name&quot;: &quot;Rider Delete&quot;,
        &quot;displayOrder&quot;: 0,
        &quot;description&quot;: null,
        &quot;id&quot;: &quot;b6c199d0-e33a-484b-b8c7-8c6a204541da&quot;,
        &quot;isMenu&quot;: false,
        &quot;key&quot;: &quot;Rider.Delete&quot;,
        &quot;parentId&quot;: &quot;1b716d9c-2bf6-4a16-9bd1-2214d14b6cc7&quot;,
        &quot;unAuthorizedProps&quot;: {
          &quot;visible&quot;: false,
          &quot;disabled&quot;: false
        },
        &quot;actionName&quot;: &quot;Delete&quot;
      },
      {
        &quot;routePath&quot;: null,
        &quot;iconName&quot;: null,
        &quot;controllerName&quot;: &quot;SubRegion&quot;,
        &quot;name&quot;: &quot;SubRegion Index&quot;,
        &quot;displayOrder&quot;: 0,
        &quot;description&quot;: null,
        &quot;id&quot;: &quot;5016a026-6957-41ab-8cda-9bd37afe0841&quot;,
        &quot;isMenu&quot;: false,
        &quot;key&quot;: &quot;SubRegion.Index&quot;,
        &quot;parentId&quot;: null,
        &quot;unAuthorizedProps&quot;: {
          &quot;visible&quot;: false,
          &quot;disabled&quot;: false
        },
        &quot;actionName&quot;: &quot;Index&quot;
      },
      {
        &quot;routePath&quot;: null,
        &quot;iconName&quot;: null,
        &quot;controllerName&quot;: &quot;Campaign&quot;,
        &quot;name&quot;: &quot;Campaign Create&quot;,
        &quot;displayOrder&quot;: 0,
        &quot;description&quot;: null,
        &quot;id&quot;: &quot;d165df32-e036-4e90-9f58-fa07296951f4&quot;,
        &quot;isMenu&quot;: false,
        &quot;key&quot;: &quot;Campaign.Create&quot;,
        &quot;parentId&quot;: &quot;fd2f794b-65fb-4da6-9bdb-835c466e4321&quot;,
        &quot;unAuthorizedProps&quot;: {
          &quot;visible&quot;: false,
          &quot;disabled&quot;: false
        },
        &quot;actionName&quot;: &quot;Create&quot;
      },
      {
        &quot;routePath&quot;: null,
        &quot;iconName&quot;: null,
        &quot;controllerName&quot;: &quot;Region&quot;,
        &quot;name&quot;: &quot;Region Create&quot;,
        &quot;displayOrder&quot;: 0,
        &quot;description&quot;: null,
        &quot;id&quot;: &quot;73aaaf9f-f0ae-4082-8b27-087cd854a8ae&quot;,
        &quot;isMenu&quot;: false,
        &quot;key&quot;: &quot;Region.Create&quot;,
        &quot;parentId&quot;: &quot;636ed702-38d2-4f20-967d-54564a31315f&quot;,
        &quot;unAuthorizedProps&quot;: {
          &quot;visible&quot;: false,
          &quot;disabled&quot;: false
        },
        &quot;actionName&quot;: &quot;Create&quot;
      },
      {
        &quot;routePath&quot;: &quot;audit-logs&quot;,
        &quot;iconName&quot;: &quot;auditSVG&quot;,
        &quot;controllerName&quot;: &quot;Audit&quot;,
        &quot;name&quot;: &quot;Audits&quot;,
        &quot;displayOrder&quot;: 999,
        &quot;description&quot;: null,
        &quot;id&quot;: &quot;76070de9-f4f5-4096-aa99-2d2bac586b44&quot;,
        &quot;isMenu&quot;: true,
        &quot;key&quot;: &quot;Audit.Index&quot;,
        &quot;parentId&quot;: null,
        &quot;unAuthorizedProps&quot;: {
          &quot;visible&quot;: false,
          &quot;disabled&quot;: false
        },
        &quot;actionName&quot;: &quot;Index&quot;
      },
      {
        &quot;routePath&quot;: null,
        &quot;iconName&quot;: null,
        &quot;controllerName&quot;: &quot;Order&quot;,
        &quot;name&quot;: &quot;Order PartialRefund&quot;,
        &quot;displayOrder&quot;: 0,
        &quot;description&quot;: null,
        &quot;id&quot;: &quot;5a118c25-8cae-40b6-9728-4542683e02e7&quot;,
        &quot;isMenu&quot;: false,
        &quot;key&quot;: &quot;Order.PartialRefund&quot;,
        &quot;parentId&quot;: &quot;872b9f8c-c48d-dfeb-de32-1be0c3c38dbb&quot;,
        &quot;unAuthorizedProps&quot;: {
          &quot;visible&quot;: false,
          &quot;disabled&quot;: false
        },
        &quot;actionName&quot;: &quot;PartialRefund&quot;
      },
      {
        &quot;routePath&quot;: null,
        &quot;iconName&quot;: null,
        &quot;controllerName&quot;: &quot;Permission&quot;,
        &quot;name&quot;: &quot;Permission List&quot;,
        &quot;displayOrder&quot;: 0,
        &quot;description&quot;: null,
        &quot;id&quot;: &quot;efde75e6-f926-47b4-8fc7-a190415c9625&quot;,
        &quot;isMenu&quot;: false,
        &quot;key&quot;: &quot;Permission.List&quot;,
        &quot;parentId&quot;: &quot;213aad81-551b-49f7-9d15-f11f5b9e7e88&quot;,
        &quot;unAuthorizedProps&quot;: {
          &quot;visible&quot;: false,
          &quot;disabled&quot;: false
        },
        &quot;actionName&quot;: &quot;List&quot;
      },
      {
        &quot;routePath&quot;: null,
        &quot;iconName&quot;: null,
        &quot;controllerName&quot;: &quot;Order&quot;,
        &quot;name&quot;: &quot;Order ListForFilterByActiveOrders&quot;,
        &quot;displayOrder&quot;: 0,
        &quot;description&quot;: null,
        &quot;id&quot;: &quot;5b6e6765-324b-4573-9918-6495fb653c36&quot;,
        &quot;isMenu&quot;: false,
        &quot;key&quot;: &quot;Order.ListForFilterByActiveOrders&quot;,
        &quot;parentId&quot;: &quot;872b9f8c-c48d-dfeb-de32-1be0c3c38dbb&quot;,
        &quot;unAuthorizedProps&quot;: {
          &quot;visible&quot;: false,
          &quot;disabled&quot;: false
        },
        &quot;actionName&quot;: &quot;ListForFilterByActiveOrders&quot;
      },
      {
        &quot;routePath&quot;: null,
        &quot;iconName&quot;: &quot;ChangeStatusToCompleted&quot;,
        &quot;controllerName&quot;: &quot;Order&quot;,
        &quot;name&quot;: &quot;Order ChangeStatusToCompleted&quot;,
        &quot;displayOrder&quot;: 0,
        &quot;description&quot;: null,
        &quot;id&quot;: &quot;c0d476ba-4306-46e1-b6b4-4c9e459a7724&quot;,
        &quot;isMenu&quot;: false,
        &quot;key&quot;: &quot;Order.ChangeStatusToCompleted&quot;,
        &quot;parentId&quot;: &quot;872b9f8c-c48d-dfeb-de32-1be0c3c38dbb&quot;,
        &quot;unAuthorizedProps&quot;: {
          &quot;visible&quot;: false,
          &quot;disabled&quot;: false
        },
        &quot;actionName&quot;: &quot;ChangeStatusToCompleted&quot;
      },
      {
        &quot;routePath&quot;: &quot;dashboards&quot;,
        &quot;iconName&quot;: &quot;dashboardSVG&quot;,
        &quot;controllerName&quot;: &quot;Dashboard&quot;,
        &quot;name&quot;: &quot;Analytics&quot;,
        &quot;displayOrder&quot;: 400,
        &quot;description&quot;: &quot;Analytics&quot;,
        &quot;id&quot;: &quot;05f03ef2-ee9e-466b-b024-cfa79802f9ae&quot;,
        &quot;isMenu&quot;: false,
        &quot;key&quot;: &quot;Dashboard.List&quot;,
        &quot;parentId&quot;: null,
        &quot;unAuthorizedProps&quot;: {
          &quot;visible&quot;: false,
          &quot;disabled&quot;: false
        },
        &quot;actionName&quot;: &quot;List&quot;
      },
      {
        &quot;routePath&quot;: null,
        &quot;iconName&quot;: null,
        &quot;controllerName&quot;: &quot;Warehouse&quot;,
        &quot;name&quot;: &quot;Warehouse EditWarehouseStatus&quot;,
        &quot;displayOrder&quot;: 0,
        &quot;description&quot;: null,
        &quot;id&quot;: &quot;ceb79cf6-b1a8-468b-8b15-e73bb6c3ffe9&quot;,
        &quot;isMenu&quot;: false,
        &quot;key&quot;: &quot;Warehouse.EditWarehouseStatus&quot;,
        &quot;parentId&quot;: &quot;7a99d565-0e98-95af-19bd-814011ea2417&quot;,
        &quot;unAuthorizedProps&quot;: {
          &quot;visible&quot;: false,
          &quot;disabled&quot;: false
        },
        &quot;actionName&quot;: &quot;EditWarehouseStatus&quot;
      },
      {
        &quot;routePath&quot;: null,
        &quot;iconName&quot;: null,
        &quot;controllerName&quot;: &quot;Order&quot;,
        &quot;name&quot;: &quot;Order Delete&quot;,
        &quot;displayOrder&quot;: 0,
        &quot;description&quot;: null,
        &quot;id&quot;: &quot;e7fae6f1-e5f5-48e4-ab32-c61d6457b738&quot;,
        &quot;isMenu&quot;: false,
        &quot;key&quot;: &quot;Order.Delete&quot;,
        &quot;parentId&quot;: &quot;872b9f8c-c48d-dfeb-de32-1be0c3c38dbb&quot;,
        &quot;unAuthorizedProps&quot;: {
          &quot;visible&quot;: false,
          &quot;disabled&quot;: false
        },
        &quot;actionName&quot;: &quot;Delete&quot;
      },
      {
        &quot;routePath&quot;: null,
        &quot;iconName&quot;: &quot;RemoteSearchForCouponCode&quot;,
        &quot;controllerName&quot;: &quot;CouponCode&quot;,
        &quot;name&quot;: &quot;CouponCode RemoteSearchForCouponCode&quot;,
        &quot;displayOrder&quot;: 0,
        &quot;description&quot;: null,
        &quot;id&quot;: &quot;14ed0b92-dcc7-4309-aef9-522eec12fc08&quot;,
        &quot;isMenu&quot;: false,
        &quot;key&quot;: &quot;CouponCode.RemoteSearchForCouponCode&quot;,
        &quot;parentId&quot;: null,
        &quot;unAuthorizedProps&quot;: {
          &quot;visible&quot;: false,
          &quot;disabled&quot;: false
        },
        &quot;actionName&quot;: &quot;RemoteSearchForCouponCode&quot;
      },
      {
        &quot;routePath&quot;: null,
        &quot;iconName&quot;: null,
        &quot;controllerName&quot;: &quot;LocaleResource&quot;,
        &quot;name&quot;: &quot;LocaleResource List&quot;,
        &quot;displayOrder&quot;: 0,
        &quot;description&quot;: null,
        &quot;id&quot;: &quot;1f97b83f-e4aa-4e06-b490-eca7a7c7c5ef&quot;,
        &quot;isMenu&quot;: false,
        &quot;key&quot;: &quot;LocaleResource.List&quot;,
        &quot;parentId&quot;: &quot;4c1a6c0d-765c-444a-b7c8-49e99f61d47b&quot;,
        &quot;unAuthorizedProps&quot;: {
          &quot;visible&quot;: false,
          &quot;disabled&quot;: false
        },
        &quot;actionName&quot;: &quot;List&quot;
      },
      {
        &quot;routePath&quot;: &quot;roles&quot;,
        &quot;iconName&quot;: &quot;RolesSVG&quot;,
        &quot;controllerName&quot;: &quot;Role&quot;,
        &quot;name&quot;: &quot;Roles&quot;,
        &quot;displayOrder&quot;: 650,
        &quot;description&quot;: null,
        &quot;id&quot;: &quot;e98d2f21-52f8-41cb-9b3f-fe979b5f0578&quot;,
        &quot;isMenu&quot;: true,
        &quot;key&quot;: &quot;Role.Index&quot;,
        &quot;parentId&quot;: &quot;8b04f24a-f777-5455-9d4b-5d32257d3d62&quot;,
        &quot;unAuthorizedProps&quot;: {
          &quot;visible&quot;: false,
          &quot;disabled&quot;: false
        },
        &quot;actionName&quot;: &quot;Index&quot;
      },
      {
        &quot;routePath&quot;: null,
        &quot;iconName&quot;: null,
        &quot;controllerName&quot;: &quot;SubRegion&quot;,
        &quot;name&quot;: &quot;SubRegion Delete&quot;,
        &quot;displayOrder&quot;: 0,
        &quot;description&quot;: null,
        &quot;id&quot;: &quot;df7da069-b35d-4179-a5dc-8f61beab4226&quot;,
        &quot;isMenu&quot;: false,
        &quot;key&quot;: &quot;SubRegion.Delete&quot;,
        &quot;parentId&quot;: &quot;5016a026-6957-41ab-8cda-9bd37afe0841&quot;,
        &quot;unAuthorizedProps&quot;: {
          &quot;visible&quot;: false,
          &quot;disabled&quot;: false
        },
        &quot;actionName&quot;: &quot;Delete&quot;
      },
      {
        &quot;routePath&quot;: null,
        &quot;iconName&quot;: &quot;UploadProductMedia&quot;,
        &quot;controllerName&quot;: &quot;ProductMedia&quot;,
        &quot;name&quot;: &quot;ProductMedia UploadProductMedia&quot;,
        &quot;displayOrder&quot;: 0,
        &quot;description&quot;: null,
        &quot;id&quot;: &quot;f214be5c-985b-4aaa-aa42-d49e789d5ca6&quot;,
        &quot;isMenu&quot;: false,
        &quot;key&quot;: &quot;ProductMedia.UploadProductMedia&quot;,
        &quot;parentId&quot;: &quot;1858607f-58c2-4c69-8078-f2756c5ca81e&quot;,
        &quot;unAuthorizedProps&quot;: {
          &quot;visible&quot;: false,
          &quot;disabled&quot;: false
        },
        &quot;actionName&quot;: &quot;UploadProductMedia&quot;
      },
      {
        &quot;routePath&quot;: null,
        &quot;iconName&quot;: null,
        &quot;controllerName&quot;: &quot;Order&quot;,
        &quot;name&quot;: &quot;order ListForFilter&quot;,
        &quot;displayOrder&quot;: 0,
        &quot;description&quot;: null,
        &quot;id&quot;: &quot;f12e049a-8719-46d1-9507-00d1671d7c6d&quot;,
        &quot;isMenu&quot;: false,
        &quot;key&quot;: &quot;Order.ListForFilter&quot;,
        &quot;parentId&quot;: &quot;872b9f8c-c48d-dfeb-de32-1be0c3c38dbb&quot;,
        &quot;unAuthorizedProps&quot;: {
          &quot;visible&quot;: false,
          &quot;disabled&quot;: false
        },
        &quot;actionName&quot;: &quot;ListForFilter&quot;
      },
      {
        &quot;routePath&quot;: null,
        &quot;iconName&quot;: null,
        &quot;controllerName&quot;: &quot;CouponCode&quot;,
        &quot;name&quot;: &quot;CouponCode&quot;,
        &quot;displayOrder&quot;: 0,
        &quot;description&quot;: null,
        &quot;id&quot;: &quot;d2f7e3bf-712f-4991-994f-0f3e5e6cda1b&quot;,
        &quot;isMenu&quot;: false,
        &quot;key&quot;: &quot;CouponCode.FindByCode&quot;,
        &quot;parentId&quot;: &quot;5aaef586-e311-4265-a241-6eb9758d6541&quot;,
        &quot;unAuthorizedProps&quot;: {
          &quot;visible&quot;: false,
          &quot;disabled&quot;: false
        },
        &quot;actionName&quot;: &quot;FindByCode&quot;
      }
    ],
    &quot;imageUrl&quot;: null,
    &quot;phoneCountryId&quot;: &quot;f83c326d-cbf4-47cf-b592-f3f638a5a958&quot;,
    &quot;email&quot;: &quot;busra@popcornvan.com&quot;
  },
  &quot;refreshToken&quot;: &quot;DSa5MuF5X7HPi81cuGHuvqCamIongZxtHolY8g/bA5/LwlHd6Egy0GhVE/A=&quot;
}
 
15:26:24.323 [pool-1-thread-3] INFO  com.intuit.karate - [print] response employee login with phone--&gt;  {
  &quot;visible&quot;: true,
  &quot;action&quot;: &quot;default&quot;,
  &quot;messages&quot;: [
    &quot;Value cannot be null. (Parameter &apos;request&apos;)&quot;
  ],
  &quot;type&quot;: &quot;error&quot;,
  &quot;title&quot;: null,
  &quot;message&quot;: &quot;Value cannot be null. (Parameter &apos;request&apos;)&quot;,
  &quot;typeCode&quot;: 500
}
 
15:26:24.357 [pool-1-thread-3] INFO  com.intuit.karate - Environment variable is : popcorn 
15:26:24.404 [pool-1-thread-5] INFO  com.intuit.karate - [print] employee login response --&gt; {
  &quot;expiresIn&quot;: 3.15359999934059E7,
  &quot;accessToken&quot;: &quot;eyJhbGciOiJIUzUxMiIsInR5cCI6IkpXVCJ9.eyJuYW1laWQiOiJidXNyYUBwb3Bjb3JudmFuLmNvbSIsIm5hbWUiOiJiw7zFn3JhIGLDvMWfcmEiLCJVc2VyVHlwZSI6IkVtcGxveWVlIiwiTmFtZSI6ImLDvMWfcmEgYsO8xZ9yYSIsIkVtYWlsIjoiYnVzcmFAcG9wY29ybnZhbi5jb20iLCJVc2VySWQiOiIzYzA1ZjhjMS1iMmMzLTQ0NjUtYjRlNS03NmE1ZThlNzkzYTgiLCJuYmYiOjE2NDI1OTUxODQsImV4cCI6MTY3NDEzMTE4NCwiaWF0IjoxNjQyNTk1MTg0LCJpc3MiOiJodHRwczovL3BvcGNvcm52YW4uY29tLyIsImF1ZCI6Imh0dHBzOi8vcG9wY29ybnZhbi5jb20vIn0.n3LJnRSJ0NHAquzZeRUsLfXtmUOSpkzdBcpp2QF7G1oZXOPW1sD8YE6ylg6dsxt93O97jaYZwGCc7q2lZXq4TA&quot;,
  &quot;user&quot;: {
    &quot;imagePath&quot;: null,
    &quot;roles&quot;: [
      {
        &quot;name&quot;: &quot;Super Admin&quot;,
        &quot;displayOrder&quot;: 0,
        &quot;description&quot;: null,
        &quot;colorCode&quot;: null,
        &quot;id&quot;: &quot;4f1058c6-0985-4139-8302-b50df344c339&quot;
      }
    ],
    &quot;languageId&quot;: null,
    &quot;fullName&quot;: &quot;büşra büşra&quot;,
    &quot;employeeId&quot;: &quot;25010a8b-17db-438c-983d-a97e68c569b1&quot;,
    &quot;languageCode&quot;: null,
    &quot;userId&quot;: &quot;3c05f8c1-b2c3-4465-b4e5-76a5e8e793a8&quot;,
    &quot;languageName&quot;: null,
    &quot;phoneAreaCode&quot;: &quot;+373&quot;,
    &quot;phoneNumber&quot;: &quot;6667788&quot;,
    &quot;externalUserId&quot;: &quot;00000000-0000-0000-0000-000000000000&quot;,
    &quot;permissions&quot;: [
      {
        &quot;routePath&quot;: &quot;overview&quot;,
        &quot;iconName&quot;: &quot;overviewSVG&quot;,
        &quot;controllerName&quot;: &quot;Admin&quot;,
        &quot;name&quot;: &quot;Overview&quot;,
        &quot;displayOrder&quot;: 100,
        &quot;description&quot;: null,
        &quot;id&quot;: &quot;f3ef6d44-bdda-9acc-2131-8885bd8e368b&quot;,
        &quot;isMenu&quot;: false,
        &quot;key&quot;: &quot;Admin.Overview&quot;,
        &quot;parentId&quot;: null,
        &quot;unAuthorizedProps&quot;: {
          &quot;visible&quot;: false,
          &quot;disabled&quot;: false
        },
        &quot;actionName&quot;: &quot;Overview&quot;
      },
      {
        &quot;routePath&quot;: null,
        &quot;iconName&quot;: null,
        &quot;controllerName&quot;: &quot;Pusher&quot;,
        &quot;name&quot;: &quot;Pusher Auth&quot;,
        &quot;displayOrder&quot;: 0,
        &quot;description&quot;: null,
        &quot;id&quot;: &quot;d3abc4d5-0841-435b-b27e-c1f8ff8f4d9f&quot;,
        &quot;isMenu&quot;: false,
        &quot;key&quot;: &quot;Pusher.Auth&quot;,
        &quot;parentId&quot;: null,
        &quot;unAuthorizedProps&quot;: {
          &quot;visible&quot;: false,
          &quot;disabled&quot;: false
        },
        &quot;actionName&quot;: &quot;Auth&quot;
      },
      {
        &quot;routePath&quot;: null,
        &quot;iconName&quot;: null,
        &quot;controllerName&quot;: &quot;ServiceArea&quot;,
        &quot;name&quot;: &quot;ServiceArea Find&quot;,
        &quot;displayOrder&quot;: 0,
        &quot;description&quot;: null,
        &quot;id&quot;: &quot;941ff53e-a0e7-4a97-9f21-5a071749fdcf&quot;,
        &quot;isMenu&quot;: false,
        &quot;key&quot;: &quot;ServiceArea.Find&quot;,
        &quot;parentId&quot;: &quot;6510260c-2670-4f71-96ed-8f12986fb9cf&quot;,
        &quot;unAuthorizedProps&quot;: {
          &quot;visible&quot;: false,
          &quot;disabled&quot;: false
        },
        &quot;actionName&quot;: &quot;Find&quot;
      },
      {
        &quot;routePath&quot;: null,
        &quot;iconName&quot;: null,
        &quot;controllerName&quot;: &quot;CouponCode&quot;,
        &quot;name&quot;: &quot;CouponCode&quot;,
        &quot;displayOrder&quot;: 0,
        &quot;description&quot;: null,
        &quot;id&quot;: &quot;a1ea1d92-37b1-41ec-b4cf-24f205e13ced&quot;,
        &quot;isMenu&quot;: false,
        &quot;key&quot;: &quot;CouponCode.Edit&quot;,
        &quot;parentId&quot;: &quot;5aaef586-e311-4265-a241-6eb9758d6541&quot;,
        &quot;unAuthorizedProps&quot;: {
          &quot;visible&quot;: false,
          &quot;disabled&quot;: false
        },
        &quot;actionName&quot;: &quot;Edit&quot;
      },
      {
        &quot;routePath&quot;: &quot;customers&quot;,
        &quot;iconName&quot;: &quot;customerSVG&quot;,
        &quot;controllerName&quot;: &quot;Customer&quot;,
        &quot;name&quot;: &quot;Customer&quot;,
        &quot;displayOrder&quot;: 610,
        &quot;description&quot;: null,
        &quot;id&quot;: &quot;07b60a01-5846-422c-b1c6-1c7a382dbd0e&quot;,
        &quot;isMenu&quot;: true,
        &quot;key&quot;: &quot;Customer.Index&quot;,
        &quot;parentId&quot;: &quot;8b04f24a-f777-5455-9d4b-5d32257d3d62&quot;,
        &quot;unAuthorizedProps&quot;: {
          &quot;visible&quot;: false,
          &quot;disabled&quot;: false
        },
        &quot;actionName&quot;: &quot;Index&quot;
      },
      {
        &quot;routePath&quot;: null,
        &quot;iconName&quot;: null,
        &quot;controllerName&quot;: &quot;ServiceArea&quot;,
        &quot;name&quot;: &quot;ServiceArea List&quot;,
        &quot;displayOrder&quot;: 0,
        &quot;description&quot;: null,
        &quot;id&quot;: &quot;d059ba5c-c4a9-44ee-89cb-167400d65355&quot;,
        &quot;isMenu&quot;: false,
        &quot;key&quot;: &quot;ServiceArea.List&quot;,
        &quot;parentId&quot;: &quot;6510260c-2670-4f71-96ed-8f12986fb9cf&quot;,
        &quot;unAuthorizedProps&quot;: {
          &quot;visible&quot;: false,
          &quot;disabled&quot;: false
        },
        &quot;actionName&quot;: &quot;List&quot;
      },
      {
        &quot;routePath&quot;: null,
        &quot;iconName&quot;: &quot;managementSVG&quot;,
        &quot;controllerName&quot;: &quot;Product&quot;,
        &quot;name&quot;: &quot;Product / Support&quot;,
        &quot;displayOrder&quot;: 999,
        &quot;description&quot;: null,
        &quot;id&quot;: &quot;5b7cb896-ff20-4798-8468-df6c7f3be073&quot;,
        &quot;isMenu&quot;: true,
        &quot;key&quot;: &quot;Product.Main&quot;,
        &quot;parentId&quot;: null,
        &quot;unAuthorizedProps&quot;: {
          &quot;visible&quot;: false,
          &quot;disabled&quot;: false
        },
        &quot;actionName&quot;: &quot;Main&quot;
      },
      {
        &quot;routePath&quot;: null,
        &quot;iconName&quot;: null,
        &quot;controllerName&quot;: &quot;Address&quot;,
        &quot;name&quot;: &quot;Address List&quot;,
        &quot;displayOrder&quot;: 0,
        &quot;description&quot;: null,
        &quot;id&quot;: &quot;6cf101e1-86c2-4b4b-b308-33a8c9e2fd19&quot;,
        &quot;isMenu&quot;: false,
        &quot;key&quot;: &quot;Address.List&quot;,
        &quot;parentId&quot;: &quot;c3c514ef-1964-4c94-b13a-8bdd83a5b1cb&quot;,
        &quot;unAuthorizedProps&quot;: {
          &quot;visible&quot;: false,
          &quot;disabled&quot;: false
        },
        &quot;actionName&quot;: &quot;List&quot;
      },
      {
        &quot;routePath&quot;: null,
        &quot;iconName&quot;: null,
        &quot;controllerName&quot;: &quot;LocaleResource&quot;,
        &quot;name&quot;: &quot;LocaleResource Delete&quot;,
        &quot;displayOrder&quot;: 0,
        &quot;description&quot;: null,
        &quot;id&quot;: &quot;62103116-c035-44d5-aa5d-577df0b20041&quot;,
        &quot;isMenu&quot;: false,
        &quot;key&quot;: &quot;LocaleResource.Delete&quot;,
        &quot;parentId&quot;: &quot;4c1a6c0d-765c-444a-b7c8-49e99f61d47b&quot;,
        &quot;unAuthorizedProps&quot;: {
          &quot;visible&quot;: false,
          &quot;disabled&quot;: false
        },
        &quot;actionName&quot;: &quot;Delete&quot;
      },
      {
        &quot;routePath&quot;: null,
        &quot;iconName&quot;: null,
        &quot;controllerName&quot;: &quot;Address&quot;,
        &quot;name&quot;: &quot;Address Create&quot;,
        &quot;displayOrder&quot;: 0,
        &quot;description&quot;: null,
        &quot;id&quot;: &quot;ba0b5525-39db-4928-8a6a-a3c450b1d747&quot;,
        &quot;isMenu&quot;: false,
        &quot;key&quot;: &quot;Address.Create&quot;,
        &quot;parentId&quot;: &quot;c3c514ef-1964-4c94-b13a-8bdd83a5b1cb&quot;,
        &quot;unAuthorizedProps&quot;: {
          &quot;visible&quot;: false,
          &quot;disabled&quot;: false
        },
        &quot;actionName&quot;: &quot;Create&quot;
      },
      {
        &quot;routePath&quot;: null,
        &quot;iconName&quot;: &quot;ExportForFilter&quot;,
        &quot;controllerName&quot;: &quot;Product&quot;,
        &quot;name&quot;: &quot;Product ExportFinaleReplenishmentReport&quot;,
        &quot;displayOrder&quot;: 0,
        &quot;description&quot;: null,
        &quot;id&quot;: &quot;557a9551-e3b6-4022-8c65-8fefe6bc8b76&quot;,
        &quot;isMenu&quot;: false,
        &quot;key&quot;: &quot;Product.ExportFinaleReplenishmentReport&quot;,
        &quot;parentId&quot;: &quot;1858607f-58c2-4c69-8078-f2756c5ca81e&quot;,
        &quot;unAuthorizedProps&quot;: {
          &quot;visible&quot;: false,
          &quot;disabled&quot;: false
        },
        &quot;actionName&quot;: &quot;ExportFinaleReplenishmentReport&quot;
      },
      {
        &quot;routePath&quot;: null,
        &quot;iconName&quot;: null,
        &quot;controllerName&quot;: &quot;Setting&quot;,
        &quot;name&quot;: &quot;Setting Delete&quot;,
        &quot;displayOrder&quot;: 0,
        &quot;description&quot;: null,
        &quot;id&quot;: &quot;f22745ab-c49b-4b6a-8a72-58e25565418e&quot;,
        &quot;isMenu&quot;: false,
        &quot;key&quot;: &quot;Setting.Delete&quot;,
        &quot;parentId&quot;: &quot;ccc7592a-301d-4d63-aa26-09e92194ca01&quot;,
        &quot;unAuthorizedProps&quot;: {
          &quot;visible&quot;: false,
          &quot;disabled&quot;: false
        },
        &quot;actionName&quot;: &quot;Delete&quot;
      },
      {
        &quot;routePath&quot;: null,
        &quot;iconName&quot;: null,
        &quot;controllerName&quot;: &quot;Setting&quot;,
        &quot;name&quot;: &quot;Setting Edit&quot;,
        &quot;displayOrder&quot;: 0,
        &quot;description&quot;: null,
        &quot;id&quot;: &quot;368d96d0-f0f8-4a6a-a02a-10f3dc4d6813&quot;,
        &quot;isMenu&quot;: false,
        &quot;key&quot;: &quot;Setting.Edit&quot;,
        &quot;parentId&quot;: &quot;ccc7592a-301d-4d63-aa26-09e92194ca01&quot;,
        &quot;unAuthorizedProps&quot;: {
          &quot;visible&quot;: false,
          &quot;disabled&quot;: false
        },
        &quot;actionName&quot;: &quot;Edit&quot;
      },
      {
        &quot;routePath&quot;: null,
        &quot;iconName&quot;: null,
        &quot;controllerName&quot;: &quot;Warehouse&quot;,
        &quot;name&quot;: &quot;Warehouse ListWarehouseStock&quot;,
        &quot;displayOrder&quot;: 0,
        &quot;description&quot;: null,
        &quot;id&quot;: &quot;10961a78-a6c9-47aa-865a-b4d9aaab89bf&quot;,
        &quot;isMenu&quot;: false,
        &quot;key&quot;: &quot;Warehouse.ListWarehouseStock&quot;,
        &quot;parentId&quot;: &quot;7a99d565-0e98-95af-19bd-814011ea2417&quot;,
        &quot;unAuthorizedProps&quot;: {
          &quot;visible&quot;: false,
          &quot;disabled&quot;: false
        },
        &quot;actionName&quot;: &quot;ListWarehouseStock&quot;
      },
      {
        &quot;routePath&quot;: null,
        &quot;iconName&quot;: &quot;blackListSVG&quot;,
        &quot;controllerName&quot;: &quot;BlackList&quot;,
        &quot;name&quot;: &quot;Black List Create&quot;,
        &quot;displayOrder&quot;: 0,
        &quot;description&quot;: null,
        &quot;id&quot;: &quot;70d6b8cb-7f48-4cd4-a796-cad4e227ccd5&quot;,
        &quot;isMenu&quot;: false,
        &quot;key&quot;: &quot;BlackList.Create&quot;,
        &quot;parentId&quot;: &quot;d273c43d-77c8-4b88-8d35-9ec20a90bd11&quot;,
        &quot;unAuthorizedProps&quot;: {
          &quot;visible&quot;: false,
          &quot;disabled&quot;: false
        },
        &quot;actionName&quot;: &quot;Create&quot;
      },
      {
        &quot;routePath&quot;: null,
        &quot;iconName&quot;: &quot;a&quot;,
        &quot;controllerName&quot;: &quot;Customer&quot;,
        &quot;name&quot;: &quot;Customer UpdateBlockedCodeCampaign&quot;,
        &quot;displayOrder&quot;: 0,
        &quot;description&quot;: null,
        &quot;id&quot;: &quot;e3d996d8-5b07-4015-825c-c87c12952def&quot;,
        &quot;isMenu&quot;: false,
        &quot;key&quot;: &quot;Customer.UpdateBlockedCodeCampaign&quot;,
        &quot;parentId&quot;: null,
        &quot;unAuthorizedProps&quot;: {
          &quot;visible&quot;: false,
          &quot;disabled&quot;: false
        },
        &quot;actionName&quot;: &quot;UpdateBlockedCodeCampaign&quot;
      },
      {
        &quot;routePath&quot;: null,
        &quot;iconName&quot;: null,
        &quot;controllerName&quot;: &quot;Warehouse&quot;,
        &quot;name&quot;: &quot;Warehouse ExportWarehouseStock&quot;,
        &quot;displayOrder&quot;: 0,
        &quot;description&quot;: null,
        &quot;id&quot;: &quot;c9b0c169-56cc-4793-a43d-7d18a47ae863&quot;,
        &quot;isMenu&quot;: false,
        &quot;key&quot;: &quot;Warehouse.ExportWarehouseStock&quot;,
        &quot;parentId&quot;: &quot;7a99d565-0e98-95af-19bd-814011ea2417&quot;,
        &quot;unAuthorizedProps&quot;: {
          &quot;visible&quot;: false,
          &quot;disabled&quot;: false
        },
        &quot;actionName&quot;: &quot;ExportWarehouseStock&quot;
      },
      {
        &quot;routePath&quot;: null,
        &quot;iconName&quot;: &quot;SuitableWarehousesForOrder&quot;,
        &quot;controllerName&quot;: &quot;Order&quot;,
        &quot;name&quot;: &quot;Order SuitableWarehousesForOrder&quot;,
        &quot;displayOrder&quot;: 0,
        &quot;description&quot;: null,
        &quot;id&quot;: &quot;2188f2ef-08fb-4757-b6a6-d734b8d72eea&quot;,
        &quot;isMenu&quot;: false,
        &quot;key&quot;: &quot;Order.SuitableWarehousesForOrder&quot;,
        &quot;parentId&quot;: &quot;872b9f8c-c48d-dfeb-de32-1be0c3c38dbb&quot;,
        &quot;unAuthorizedProps&quot;: {
          &quot;visible&quot;: false,
          &quot;disabled&quot;: false
        },
        &quot;actionName&quot;: &quot;SuitableWarehousesForOrder&quot;
      },
      {
        &quot;routePath&quot;: &quot;products&quot;,
        &quot;iconName&quot;: &quot;productSVG&quot;,
        &quot;controllerName&quot;: &quot;Product&quot;,
        &quot;name&quot;: &quot;Product&quot;,
        &quot;displayOrder&quot;: 390,
        &quot;description&quot;: null,
        &quot;id&quot;: &quot;1858607f-58c2-4c69-8078-f2756c5ca81e&quot;,
        &quot;isMenu&quot;: true,
        &quot;key&quot;: &quot;Product.Index&quot;,
        &quot;parentId&quot;: &quot;8b40e125-ffeb-4cf1-ba4b-0ac72aac09d9&quot;,
        &quot;unAuthorizedProps&quot;: {
          &quot;visible&quot;: false,
          &quot;disabled&quot;: false
        },
        &quot;actionName&quot;: &quot;Index&quot;
      },
      {
        &quot;routePath&quot;: null,
        &quot;iconName&quot;: &quot;blackListSVG&quot;,
        &quot;controllerName&quot;: &quot;BlackList&quot;,
        &quot;name&quot;: &quot;Black List Edit&quot;,
        &quot;displayOrder&quot;: 0,
        &quot;description&quot;: null,
        &quot;id&quot;: &quot;8935ed07-0379-4235-99d4-2188e923639a&quot;,
        &quot;isMenu&quot;: false,
        &quot;key&quot;: &quot;BlackList.Edit&quot;,
        &quot;parentId&quot;: &quot;d273c43d-77c8-4b88-8d35-9ec20a90bd11&quot;,
        &quot;unAuthorizedProps&quot;: {
          &quot;visible&quot;: false,
          &quot;disabled&quot;: false
        },
        &quot;actionName&quot;: &quot;Edit&quot;
      },
      {
        &quot;routePath&quot;: null,
        &quot;iconName&quot;: null,
        &quot;controllerName&quot;: &quot;Rider&quot;,
        &quot;name&quot;: &quot;Rider Find&quot;,
        &quot;displayOrder&quot;: 0,
        &quot;description&quot;: null,
        &quot;id&quot;: &quot;438a4584-500a-47a2-810f-012e4743a389&quot;,
        &quot;isMenu&quot;: false,
        &quot;key&quot;: &quot;Rider.Find&quot;,
        &quot;parentId&quot;: &quot;1b716d9c-2bf6-4a16-9bd1-2214d14b6cc7&quot;,
        &quot;unAuthorizedProps&quot;: {
          &quot;visible&quot;: false,
          &quot;disabled&quot;: false
        },
        &quot;actionName&quot;: &quot;Find&quot;
      },
      {
        &quot;routePath&quot;: null,
        &quot;iconName&quot;: null,
        &quot;controllerName&quot;: &quot;Rider&quot;,
        &quot;name&quot;: &quot;Rider List&quot;,
        &quot;displayOrder&quot;: 0,
        &quot;description&quot;: null,
        &quot;id&quot;: &quot;94789829-bd1b-44a3-ae1a-2c4ecf20e3b3&quot;,
        &quot;isMenu&quot;: false,
        &quot;key&quot;: &quot;Rider.List&quot;,
        &quot;parentId&quot;: &quot;1b716d9c-2bf6-4a16-9bd1-2214d14b6cc7&quot;,
        &quot;unAuthorizedProps&quot;: {
          &quot;visible&quot;: false,
          &quot;disabled&quot;: false
        },
        &quot;actionName&quot;: &quot;List&quot;
      },
      {
        &quot;routePath&quot;: null,
        &quot;iconName&quot;: null,
        &quot;controllerName&quot;: &quot;CouponCode&quot;,
        &quot;name&quot;: &quot;CouponCode&quot;,
        &quot;displayOrder&quot;: 0,
        &quot;description&quot;: null,
        &quot;id&quot;: &quot;82a51ef5-f9a9-4a9d-9bc4-241cda2df051&quot;,
        &quot;isMenu&quot;: false,
        &quot;key&quot;: &quot;CouponCode.Create&quot;,
        &quot;parentId&quot;: &quot;5aaef586-e311-4265-a241-6eb9758d6541&quot;,
        &quot;unAuthorizedProps&quot;: {
          &quot;visible&quot;: false,
          &quot;disabled&quot;: false
        },
        &quot;actionName&quot;: &quot;Create&quot;
      },
      {
        &quot;routePath&quot;: null,
        &quot;iconName&quot;: null,
        &quot;controllerName&quot;: &quot;Warehouse&quot;,
        &quot;name&quot;: &quot;Warehouse Create&quot;,
        &quot;displayOrder&quot;: 0,
        &quot;description&quot;: null,
        &quot;id&quot;: &quot;26bd14df-9135-4f4d-8468-6c439e8a737f&quot;,
        &quot;isMenu&quot;: false,
        &quot;key&quot;: &quot;Warehouse.Create&quot;,
        &quot;parentId&quot;: &quot;7a99d565-0e98-95af-19bd-814011ea2417&quot;,
        &quot;unAuthorizedProps&quot;: {
          &quot;visible&quot;: false,
          &quot;disabled&quot;: false
        },
        &quot;actionName&quot;: &quot;Create&quot;
      },
      {
        &quot;routePath&quot;: null,
        &quot;iconName&quot;: null,
        &quot;controllerName&quot;: &quot;CouponCode&quot;,
        &quot;name&quot;: &quot;Find Coupon Code By User Id&quot;,
        &quot;displayOrder&quot;: 0,
        &quot;description&quot;: null,
        &quot;id&quot;: &quot;75b2daf0-42e8-4ad7-b6a4-811d06d87c74&quot;,
        &quot;isMenu&quot;: false,
        &quot;key&quot;: &quot;CouponCode.FindByUserId&quot;,
        &quot;parentId&quot;: &quot;5aaef586-e311-4265-a241-6eb9758d6541&quot;,
        &quot;unAuthorizedProps&quot;: {
          &quot;visible&quot;: false,
          &quot;disabled&quot;: false
        },
        &quot;actionName&quot;: &quot;FindByUserId&quot;
      },
      {
        &quot;routePath&quot;: null,
        &quot;iconName&quot;: null,
        &quot;controllerName&quot;: &quot;Language&quot;,
        &quot;name&quot;: &quot;Language Index&quot;,
        &quot;displayOrder&quot;: 0,
        &quot;description&quot;: null,
        &quot;id&quot;: &quot;7d117917-ff5a-448f-ae1c-71b123ffabc0&quot;,
        &quot;isMenu&quot;: false,
        &quot;key&quot;: &quot;Language.Index&quot;,
        &quot;parentId&quot;: null,
        &quot;unAuthorizedProps&quot;: {
          &quot;visible&quot;: false,
          &quot;disabled&quot;: false
        },
        &quot;actionName&quot;: &quot;Index&quot;
      },
      {
        &quot;routePath&quot;: null,
        &quot;iconName&quot;: null,
        &quot;controllerName&quot;: &quot;Campaign&quot;,
        &quot;name&quot;: &quot;Campaign Find&quot;,
        &quot;displayOrder&quot;: 0,
        &quot;description&quot;: null,
        &quot;id&quot;: &quot;00b581e0-ec91-4feb-a7e7-f1b9101ad482&quot;,
        &quot;isMenu&quot;: false,
        &quot;key&quot;: &quot;Campaign.Find&quot;,
        &quot;parentId&quot;: &quot;fd2f794b-65fb-4da6-9bdb-835c466e4321&quot;,
        &quot;unAuthorizedProps&quot;: {
          &quot;visible&quot;: false,
          &quot;disabled&quot;: false
        },
        &quot;actionName&quot;: &quot;Find&quot;
      },
      {
        &quot;routePath&quot;: null,
        &quot;iconName&quot;: null,
        &quot;controllerName&quot;: &quot;Setting&quot;,
        &quot;name&quot;: &quot;Setting List&quot;,
        &quot;displayOrder&quot;: 0,
        &quot;description&quot;: null,
        &quot;id&quot;: &quot;9f68e0f0-57dc-4148-bd76-fb8c2a970786&quot;,
        &quot;isMenu&quot;: false,
        &quot;key&quot;: &quot;Setting.List&quot;,
        &quot;parentId&quot;: &quot;ccc7592a-301d-4d63-aa26-09e92194ca01&quot;,
        &quot;unAuthorizedProps&quot;: {
          &quot;visible&quot;: false,
          &quot;disabled&quot;: false
        },
        &quot;actionName&quot;: &quot;List&quot;
      },
      {
        &quot;routePath&quot;: null,
        &quot;iconName&quot;: null,
        &quot;controllerName&quot;: &quot;ServiceArea&quot;,
        &quot;name&quot;: &quot;ServiceArea UpdateGeoJson&quot;,
        &quot;displayOrder&quot;: 0,
        &quot;description&quot;: null,
        &quot;id&quot;: &quot;02e62924-50d4-4bc5-9403-2254969f04c0&quot;,
        &quot;isMenu&quot;: false,
        &quot;key&quot;: &quot;ServiceArea.UpdateGeoJson&quot;,
        &quot;parentId&quot;: &quot;6510260c-2670-4f71-96ed-8f12986fb9cf&quot;,
        &quot;unAuthorizedProps&quot;: {
          &quot;visible&quot;: false,
          &quot;disabled&quot;: false
        },
        &quot;actionName&quot;: &quot;UpdateGeoJson&quot;
      },
      {
        &quot;routePath&quot;: null,
        &quot;iconName&quot;: null,
        &quot;controllerName&quot;: &quot;Order&quot;,
        &quot;name&quot;: &quot;Order DeleteOrderItemCheck&quot;,
        &quot;displayOrder&quot;: 0,
        &quot;description&quot;: null,
        &quot;id&quot;: &quot;e07b0bce-91e5-4399-857b-936f93c302dd&quot;,
        &quot;isMenu&quot;: false,
        &quot;key&quot;: &quot;Order.DeleteOrderItemCheck&quot;,
        &quot;parentId&quot;: &quot;872b9f8c-c48d-dfeb-de32-1be0c3c38dbb&quot;,
        &quot;unAuthorizedProps&quot;: {
          &quot;visible&quot;: false,
          &quot;disabled&quot;: false
        },
        &quot;actionName&quot;: &quot;DeleteOrderItemCheck&quot;
      },
      {
        &quot;routePath&quot;: &quot;warehouses&quot;,
        &quot;iconName&quot;: &quot;warehousesSVG&quot;,
        &quot;controllerName&quot;: &quot;Warehouse&quot;,
        &quot;name&quot;: &quot;Warehouses&quot;,
        &quot;displayOrder&quot;: 500,
        &quot;description&quot;: null,
        &quot;id&quot;: &quot;7a99d565-0e98-95af-19bd-814011ea2417&quot;,
        &quot;isMenu&quot;: true,
        &quot;key&quot;: &quot;Warehouse.Index&quot;,
        &quot;parentId&quot;: null,
        &quot;unAuthorizedProps&quot;: {
          &quot;visible&quot;: false,
          &quot;disabled&quot;: false
        },
        &quot;actionName&quot;: &quot;Index&quot;
      },
      {
        &quot;routePath&quot;: null,
        &quot;iconName&quot;: null,
        &quot;controllerName&quot;: &quot;Category&quot;,
        &quot;name&quot;: &quot;Category Create&quot;,
        &quot;displayOrder&quot;: 0,
        &quot;description&quot;: null,
        &quot;id&quot;: &quot;ec3b6666-e8bf-4426-bb0a-6c46f175b9da&quot;,
        &quot;isMenu&quot;: false,
        &quot;key&quot;: &quot;Category.Create&quot;,
        &quot;parentId&quot;: &quot;9bbddb67-d7f2-44d3-8d09-6bd04f8b6f79&quot;,
        &quot;unAuthorizedProps&quot;: {
          &quot;visible&quot;: false,
          &quot;disabled&quot;: false
        },
        &quot;actionName&quot;: &quot;Create&quot;
      },
      {
        &quot;routePath&quot;: null,
        &quot;iconName&quot;: null,
        &quot;controllerName&quot;: &quot;Campaign&quot;,
        &quot;name&quot;: &quot;Campaign ListForFilter&quot;,
        &quot;displayOrder&quot;: 0,
        &quot;description&quot;: null,
        &quot;id&quot;: &quot;d4f0750c-5811-4863-9808-a95b2ab92af4&quot;,
        &quot;isMenu&quot;: false,
        &quot;key&quot;: &quot;Campaign.ListForFilter&quot;,
        &quot;parentId&quot;: &quot;fd2f794b-65fb-4da6-9bdb-835c466e4321&quot;,
        &quot;unAuthorizedProps&quot;: {
          &quot;visible&quot;: false,
          &quot;disabled&quot;: false
        },
        &quot;actionName&quot;: &quot;ListForFilter&quot;
      },
      {
        &quot;routePath&quot;: null,
        &quot;iconName&quot;: null,
        &quot;controllerName&quot;: &quot;Country&quot;,
        &quot;name&quot;: &quot;Country Find&quot;,
        &quot;displayOrder&quot;: 0,
        &quot;description&quot;: null,
        &quot;id&quot;: &quot;869a6e82-0d19-4ae8-a655-99db08529c33&quot;,
        &quot;isMenu&quot;: false,
        &quot;key&quot;: &quot;Country.Find&quot;,
        &quot;parentId&quot;: &quot;9c15db73-badc-4894-ab1b-d8261bac91c2&quot;,
        &quot;unAuthorizedProps&quot;: {
          &quot;visible&quot;: false,
          &quot;disabled&quot;: false
        },
        &quot;actionName&quot;: &quot;Find&quot;
      },
      {
        &quot;routePath&quot;: null,
        &quot;iconName&quot;: null,
        &quot;controllerName&quot;: &quot;SubRegion&quot;,
        &quot;name&quot;: &quot;SubRegion List&quot;,
        &quot;displayOrder&quot;: 0,
        &quot;description&quot;: null,
        &quot;id&quot;: &quot;75d1a3dc-c6ed-4c21-952e-54972310aeb7&quot;,
        &quot;isMenu&quot;: false,
        &quot;key&quot;: &quot;SubRegion.List&quot;,
        &quot;parentId&quot;: &quot;5016a026-6957-41ab-8cda-9bd37afe0841&quot;,
        &quot;unAuthorizedProps&quot;: {
          &quot;visible&quot;: false,
          &quot;disabled&quot;: false
        },
        &quot;actionName&quot;: &quot;List&quot;
      },
      {
        &quot;routePath&quot;: null,
        &quot;iconName&quot;: null,
        &quot;controllerName&quot;: &quot;Rider&quot;,
        &quot;name&quot;: &quot;Rider Edit&quot;,
        &quot;displayOrder&quot;: 0,
        &quot;description&quot;: null,
        &quot;id&quot;: &quot;8277937b-eb57-49db-b4e2-b71ca38abd9c&quot;,
        &quot;isMenu&quot;: false,
        &quot;key&quot;: &quot;Rider.Edit&quot;,
        &quot;parentId&quot;: &quot;1b716d9c-2bf6-4a16-9bd1-2214d14b6cc7&quot;,
        &quot;unAuthorizedProps&quot;: {
          &quot;visible&quot;: false,
          &quot;disabled&quot;: false
        },
        &quot;actionName&quot;: &quot;Edit&quot;
      },
      {
        &quot;routePath&quot;: null,
        &quot;iconName&quot;: null,
        &quot;controllerName&quot;: &quot;Setting&quot;,
        &quot;name&quot;: &quot;Setting Create&quot;,
        &quot;displayOrder&quot;: 0,
        &quot;description&quot;: null,
        &quot;id&quot;: &quot;238383c9-3a34-4c8a-b2a2-85f813a6f40a&quot;,
        &quot;isMenu&quot;: false,
        &quot;key&quot;: &quot;Setting.Create&quot;,
        &quot;parentId&quot;: &quot;ccc7592a-301d-4d63-aa26-09e92194ca01&quot;,
        &quot;unAuthorizedProps&quot;: {
          &quot;visible&quot;: false,
          &quot;disabled&quot;: false
        },
        &quot;actionName&quot;: &quot;Create&quot;
      },
      {
        &quot;routePath&quot;: null,
        &quot;iconName&quot;: null,
        &quot;controllerName&quot;: &quot;CouponCode&quot;,
        &quot;name&quot;: &quot;CouponCode&quot;,
        &quot;displayOrder&quot;: 0,
        &quot;description&quot;: null,
        &quot;id&quot;: &quot;d28ce774-c331-4733-b98f-c83f04e8c752&quot;,
        &quot;isMenu&quot;: false,
        &quot;key&quot;: &quot;CouponCode.Delete&quot;,
        &quot;parentId&quot;: &quot;5aaef586-e311-4265-a241-6eb9758d6541&quot;,
        &quot;unAuthorizedProps&quot;: {
          &quot;visible&quot;: false,
          &quot;disabled&quot;: false
        },
        &quot;actionName&quot;: &quot;Delete&quot;
      },
      {
        &quot;routePath&quot;: null,
        &quot;iconName&quot;: null,
        &quot;controllerName&quot;: &quot;Permission&quot;,
        &quot;name&quot;: &quot;Permission Create&quot;,
        &quot;displayOrder&quot;: 0,
        &quot;description&quot;: null,
        &quot;id&quot;: &quot;a1a303e1-73f3-40d4-b748-a725546f5ea8&quot;,
        &quot;isMenu&quot;: false,
        &quot;key&quot;: &quot;Permission.Create&quot;,
        &quot;parentId&quot;: &quot;213aad81-551b-49f7-9d15-f11f5b9e7e88&quot;,
        &quot;unAuthorizedProps&quot;: {
          &quot;visible&quot;: false,
          &quot;disabled&quot;: false
        },
        &quot;actionName&quot;: &quot;Create&quot;
      },
      {
        &quot;routePath&quot;: null,
        &quot;iconName&quot;: null,
        &quot;controllerName&quot;: &quot;Language&quot;,
        &quot;name&quot;: &quot;Language Delete&quot;,
        &quot;displayOrder&quot;: 0,
        &quot;description&quot;: null,
        &quot;id&quot;: &quot;16b92a62-28f2-4a62-b810-9d341253ffef&quot;,
        &quot;isMenu&quot;: false,
        &quot;key&quot;: &quot;Language.Delete&quot;,
        &quot;parentId&quot;: &quot;7d117917-ff5a-448f-ae1c-71b123ffabc0&quot;,
        &quot;unAuthorizedProps&quot;: {
          &quot;visible&quot;: false,
          &quot;disabled&quot;: false
        },
        &quot;actionName&quot;: &quot;Delete&quot;
      },
      {
        &quot;routePath&quot;: null,
        &quot;iconName&quot;: null,
        &quot;controllerName&quot;: &quot;Order&quot;,
        &quot;name&quot;: &quot;Order Find&quot;,
        &quot;displayOrder&quot;: 0,
        &quot;description&quot;: null,
        &quot;id&quot;: &quot;28593029-bc36-4e20-86b9-c1703b181edd&quot;,
        &quot;isMenu&quot;: false,
        &quot;key&quot;: &quot;Order.Find&quot;,
        &quot;parentId&quot;: &quot;872b9f8c-c48d-dfeb-de32-1be0c3c38dbb&quot;,
        &quot;unAuthorizedProps&quot;: {
          &quot;visible&quot;: false,
          &quot;disabled&quot;: false
        },
        &quot;actionName&quot;: &quot;Find&quot;
      },
      {
        &quot;routePath&quot;: null,
        &quot;iconName&quot;: null,
        &quot;controllerName&quot;: &quot;SubRegion&quot;,
        &quot;name&quot;: &quot;SubRegion Create&quot;,
        &quot;displayOrder&quot;: 0,
        &quot;description&quot;: null,
        &quot;id&quot;: &quot;5645a151-6053-4f7b-ab7b-d8503cbb1aba&quot;,
        &quot;isMenu&quot;: false,
        &quot;key&quot;: &quot;SubRegion.Create&quot;,
        &quot;parentId&quot;: &quot;5016a026-6957-41ab-8cda-9bd37afe0841&quot;,
        &quot;unAuthorizedProps&quot;: {
          &quot;visible&quot;: false,
          &quot;disabled&quot;: false
        },
        &quot;actionName&quot;: &quot;Create&quot;
      },
      {
        &quot;routePath&quot;: &quot;dashboards&quot;,
        &quot;iconName&quot;: &quot;dashboardSVG&quot;,
        &quot;controllerName&quot;: &quot;Dashboard&quot;,
        &quot;name&quot;: &quot;Analytics&quot;,
        &quot;displayOrder&quot;: 300,
        &quot;description&quot;: null,
        &quot;id&quot;: &quot;0b0fd9e8-2ae5-40f8-9373-deafc8c5770d&quot;,
        &quot;isMenu&quot;: true,
        &quot;key&quot;: &quot;Dashboard.Index&quot;,
        &quot;parentId&quot;: null,
        &quot;unAuthorizedProps&quot;: {
          &quot;visible&quot;: false,
          &quot;disabled&quot;: false
        },
        &quot;actionName&quot;: &quot;Index&quot;
      },
      {
        &quot;routePath&quot;: null,
        &quot;iconName&quot;: null,
        &quot;controllerName&quot;: &quot;ServiceArea&quot;,
        &quot;name&quot;: &quot;ServiceArea Edit&quot;,
        &quot;displayOrder&quot;: 0,
        &quot;description&quot;: null,
        &quot;id&quot;: &quot;dccac413-6147-41f2-a093-0f85c770405a&quot;,
        &quot;isMenu&quot;: false,
        &quot;key&quot;: &quot;ServiceArea.Edit&quot;,
        &quot;parentId&quot;: &quot;6510260c-2670-4f71-96ed-8f12986fb9cf&quot;,
        &quot;unAuthorizedProps&quot;: {
          &quot;visible&quot;: false,
          &quot;disabled&quot;: false
        },
        &quot;actionName&quot;: &quot;Edit&quot;
      },
      {
        &quot;routePath&quot;: null,
        &quot;iconName&quot;: null,
        &quot;controllerName&quot;: &quot;Employee&quot;,
        &quot;name&quot;: &quot;Employee Create&quot;,
        &quot;displayOrder&quot;: 0,
        &quot;description&quot;: null,
        &quot;id&quot;: &quot;c5270ce8-af43-4c0c-aae3-461b204b6154&quot;,
        &quot;isMenu&quot;: false,
        &quot;key&quot;: &quot;Employee.Create&quot;,
        &quot;parentId&quot;: &quot;e4a8e904-698e-4596-92c3-b40206b19179&quot;,
        &quot;unAuthorizedProps&quot;: {
          &quot;visible&quot;: false,
          &quot;disabled&quot;: false
        },
        &quot;actionName&quot;: &quot;Create&quot;
      },
      {
        &quot;routePath&quot;: null,
        &quot;iconName&quot;: null,
        &quot;controllerName&quot;: &quot;Order&quot;,
        &quot;name&quot;: &quot;Order List&quot;,
        &quot;displayOrder&quot;: 0,
        &quot;description&quot;: null,
        &quot;id&quot;: &quot;5644a0fc-aab8-4a88-9bcc-a71f29a6bb49&quot;,
        &quot;isMenu&quot;: false,
        &quot;key&quot;: &quot;Order.List&quot;,
        &quot;parentId&quot;: &quot;872b9f8c-c48d-dfeb-de32-1be0c3c38dbb&quot;,
        &quot;unAuthorizedProps&quot;: {
          &quot;visible&quot;: false,
          &quot;disabled&quot;: false
        },
        &quot;actionName&quot;: &quot;List&quot;
      },
      {
        &quot;routePath&quot;: null,
        &quot;iconName&quot;: null,
        &quot;controllerName&quot;: &quot;Language&quot;,
        &quot;name&quot;: &quot;Language Find&quot;,
        &quot;displayOrder&quot;: 0,
        &quot;description&quot;: null,
        &quot;id&quot;: &quot;ac47e514-e60f-466f-a16c-401a478bbce7&quot;,
        &quot;isMenu&quot;: false,
        &quot;key&quot;: &quot;Language.Find&quot;,
        &quot;parentId&quot;: &quot;7d117917-ff5a-448f-ae1c-71b123ffabc0&quot;,
        &quot;unAuthorizedProps&quot;: {
          &quot;visible&quot;: false,
          &quot;disabled&quot;: false
        },
        &quot;actionName&quot;: &quot;Find&quot;
      },
      {
        &quot;routePath&quot;: null,
        &quot;iconName&quot;: null,
        &quot;controllerName&quot;: &quot;Employee&quot;,
        &quot;name&quot;: &quot;Employee List&quot;,
        &quot;displayOrder&quot;: 0,
        &quot;description&quot;: null,
        &quot;id&quot;: &quot;85b2a11c-84bd-40bf-87b5-226546bb7272&quot;,
        &quot;isMenu&quot;: false,
        &quot;key&quot;: &quot;Employee.List&quot;,
        &quot;parentId&quot;: &quot;e4a8e904-698e-4596-92c3-b40206b19179&quot;,
        &quot;unAuthorizedProps&quot;: {
          &quot;visible&quot;: false,
          &quot;disabled&quot;: false
        },
        &quot;actionName&quot;: &quot;List&quot;
      },
      {
        &quot;routePath&quot;: null,
        &quot;iconName&quot;: null,
        &quot;controllerName&quot;: &quot;Country&quot;,
        &quot;name&quot;: &quot;Country Delete&quot;,
        &quot;displayOrder&quot;: 0,
        &quot;description&quot;: null,
        &quot;id&quot;: &quot;6107f9a1-4fbe-46fc-82eb-55acf38ead7d&quot;,
        &quot;isMenu&quot;: false,
        &quot;key&quot;: &quot;Country.Delete&quot;,
        &quot;parentId&quot;: &quot;9c15db73-badc-4894-ab1b-d8261bac91c2&quot;,
        &quot;unAuthorizedProps&quot;: {
          &quot;visible&quot;: false,
          &quot;disabled&quot;: false
        },
        &quot;actionName&quot;: &quot;Delete&quot;
      },
      {
        &quot;routePath&quot;: null,
        &quot;iconName&quot;: null,
        &quot;controllerName&quot;: &quot;Category&quot;,
        &quot;name&quot;: &quot;Category ListForFilter&quot;,
        &quot;displayOrder&quot;: 0,
        &quot;description&quot;: null,
        &quot;id&quot;: &quot;f057072d-c8d8-4140-880a-ad2a61df8381&quot;,
        &quot;isMenu&quot;: false,
        &quot;key&quot;: &quot;Category.ListForFilter&quot;,
        &quot;parentId&quot;: &quot;9bbddb67-d7f2-44d3-8d09-6bd04f8b6f79&quot;,
        &quot;unAuthorizedProps&quot;: {
          &quot;visible&quot;: false,
          &quot;disabled&quot;: false
        },
        &quot;actionName&quot;: &quot;ListForFilter&quot;
      },
      {
        &quot;routePath&quot;: &quot;categories&quot;,
        &quot;iconName&quot;: &quot;categorySVG&quot;,
        &quot;controllerName&quot;: &quot;Category&quot;,
        &quot;name&quot;: &quot;Categories&quot;,
        &quot;displayOrder&quot;: 400,
        &quot;description&quot;: null,
        &quot;id&quot;: &quot;501d66f1-cdeb-4f10-85d2-6e00d60e36c9&quot;,
        &quot;isMenu&quot;: true,
        &quot;key&quot;: &quot;Category.Index&quot;,
        &quot;parentId&quot;: &quot;8b40e125-ffeb-4cf1-ba4b-0ac72aac09d9&quot;,
        &quot;unAuthorizedProps&quot;: {
          &quot;visible&quot;: false,
          &quot;disabled&quot;: false
        },
        &quot;actionName&quot;: &quot;Index&quot;
      },
      {
        &quot;routePath&quot;: null,
        &quot;iconName&quot;: null,
        &quot;controllerName&quot;: &quot;ZipCode&quot;,
        &quot;name&quot;: &quot;ZipCode Edit&quot;,
        &quot;displayOrder&quot;: 0,
        &quot;description&quot;: null,
        &quot;id&quot;: &quot;a5fdf875-fb0a-456a-bd3d-8428d97760af&quot;,
        &quot;isMenu&quot;: false,
        &quot;key&quot;: &quot;ZipCode.Edit&quot;,
        &quot;parentId&quot;: &quot;8aa34e38-533b-4ab7-bad7-0eaa7b5dec9c&quot;,
        &quot;unAuthorizedProps&quot;: {
          &quot;visible&quot;: false,
          &quot;disabled&quot;: false
        },
        &quot;actionName&quot;: &quot;Edit&quot;
      },
      {
        &quot;routePath&quot;: null,
        &quot;iconName&quot;: null,
        &quot;controllerName&quot;: &quot;Order&quot;,
        &quot;name&quot;: &quot;Order FindOrdersByUserId&quot;,
        &quot;displayOrder&quot;: 0,
        &quot;description&quot;: null,
        &quot;id&quot;: &quot;68d99af4-6abe-48d5-9ef2-c1cdb594e356&quot;,
        &quot;isMenu&quot;: false,
        &quot;key&quot;: &quot;Order.FindOrdersByUserId&quot;,
        &quot;parentId&quot;: &quot;872b9f8c-c48d-dfeb-de32-1be0c3c38dbb&quot;,
        &quot;unAuthorizedProps&quot;: {
          &quot;visible&quot;: false,
          &quot;disabled&quot;: false
        },
        &quot;actionName&quot;: &quot;FindOrdersByUserId&quot;
      },
      {
        &quot;routePath&quot;: null,
        &quot;iconName&quot;: null,
        &quot;controllerName&quot;: &quot;Address&quot;,
        &quot;name&quot;: &quot;Address Index&quot;,
        &quot;displayOrder&quot;: 0,
        &quot;description&quot;: null,
        &quot;id&quot;: &quot;c3c514ef-1964-4c94-b13a-8bdd83a5b1cb&quot;,
        &quot;isMenu&quot;: false,
        &quot;key&quot;: &quot;Address.Index&quot;,
        &quot;parentId&quot;: null,
        &quot;unAuthorizedProps&quot;: {
          &quot;visible&quot;: false,
          &quot;disabled&quot;: false
        },
        &quot;actionName&quot;: &quot;Index&quot;
      },
      {
        &quot;routePath&quot;: null,
        &quot;iconName&quot;: null,
        &quot;controllerName&quot;: &quot;State&quot;,
        &quot;name&quot;: &quot;State Find&quot;,
        &quot;displayOrder&quot;: 0,
        &quot;description&quot;: null,
        &quot;id&quot;: &quot;749873e1-e852-4fc8-ab64-f1da0b433957&quot;,
        &quot;isMenu&quot;: false,
        &quot;key&quot;: &quot;State.Find&quot;,
        &quot;parentId&quot;: &quot;4842baa6-3b5e-40d1-ba2c-aa896962f8a7&quot;,
        &quot;unAuthorizedProps&quot;: {
          &quot;visible&quot;: false,
          &quot;disabled&quot;: false
        },
        &quot;actionName&quot;: &quot;Find&quot;
      },
      {
        &quot;routePath&quot;: null,
        &quot;iconName&quot;: null,
        &quot;controllerName&quot;: &quot;Order&quot;,
        &quot;name&quot;: &quot;Order Edit&quot;,
        &quot;displayOrder&quot;: 0,
        &quot;description&quot;: null,
        &quot;id&quot;: &quot;9ae4817f-4442-47af-a281-0b3c0d40862e&quot;,
        &quot;isMenu&quot;: false,
        &quot;key&quot;: &quot;Order.Edit&quot;,
        &quot;parentId&quot;: &quot;872b9f8c-c48d-dfeb-de32-1be0c3c38dbb&quot;,
        &quot;unAuthorizedProps&quot;: {
          &quot;visible&quot;: false,
          &quot;disabled&quot;: false
        },
        &quot;actionName&quot;: &quot;Edit&quot;
      },
      {
        &quot;routePath&quot;: null,
        &quot;iconName&quot;: null,
        &quot;controllerName&quot;: &quot;Customer&quot;,
        &quot;name&quot;: &quot;Customer RemoteSearchForCustomer&quot;,
        &quot;displayOrder&quot;: 0,
        &quot;description&quot;: null,
        &quot;id&quot;: &quot;6c5194cb-40ed-4c65-81e7-b8588de65998&quot;,
        &quot;isMenu&quot;: false,
        &quot;key&quot;: &quot;Customer.RemoteSearchForCustomer&quot;,
        &quot;parentId&quot;: &quot;07b60a01-5846-422c-b1c6-1c7a382dbd0e&quot;,
        &quot;unAuthorizedProps&quot;: {
          &quot;visible&quot;: false,
          &quot;disabled&quot;: false
        },
        &quot;actionName&quot;: &quot;RemoteSearchForCustomer&quot;
      },
      {
        &quot;routePath&quot;: null,
        &quot;iconName&quot;: null,
        &quot;controllerName&quot;: &quot;Campaign&quot;,
        &quot;name&quot;: &quot;Campaign Upload Picture&quot;,
        &quot;displayOrder&quot;: 0,
        &quot;description&quot;: null,
        &quot;id&quot;: &quot;939d1f32-170d-4457-ba5b-9e7963a1f44d&quot;,
        &quot;isMenu&quot;: false,
        &quot;key&quot;: &quot;Campaign.UploadCampaignPicture&quot;,
        &quot;parentId&quot;: &quot;fd2f794b-65fb-4da6-9bdb-835c466e4321&quot;,
        &quot;unAuthorizedProps&quot;: {
          &quot;visible&quot;: false,
          &quot;disabled&quot;: false
        },
        &quot;actionName&quot;: &quot;UploadCampaignPicture&quot;
      },
      {
        &quot;routePath&quot;: null,
        &quot;iconName&quot;: null,
        &quot;controllerName&quot;: &quot;Permission&quot;,
        &quot;name&quot;: &quot;Permission Edit&quot;,
        &quot;displayOrder&quot;: 0,
        &quot;description&quot;: null,
        &quot;id&quot;: &quot;fac3a453-994e-43cc-876d-e9c0edc059aa&quot;,
        &quot;isMenu&quot;: false,
        &quot;key&quot;: &quot;Permission.Edit&quot;,
        &quot;parentId&quot;: &quot;213aad81-551b-49f7-9d15-f11f5b9e7e88&quot;,
        &quot;unAuthorizedProps&quot;: {
          &quot;visible&quot;: false,
          &quot;disabled&quot;: false
        },
        &quot;actionName&quot;: &quot;Edit&quot;
      },
      {
        &quot;routePath&quot;: null,
        &quot;iconName&quot;: null,
        &quot;controllerName&quot;: &quot;SubRegion&quot;,
        &quot;name&quot;: &quot;SubRegion Find&quot;,
        &quot;displayOrder&quot;: 0,
        &quot;description&quot;: null,
        &quot;id&quot;: &quot;c04774f1-327c-4343-b9bb-35aa8cf11007&quot;,
        &quot;isMenu&quot;: false,
        &quot;key&quot;: &quot;SubRegion.Find&quot;,
        &quot;parentId&quot;: &quot;5016a026-6957-41ab-8cda-9bd37afe0841&quot;,
        &quot;unAuthorizedProps&quot;: {
          &quot;visible&quot;: false,
          &quot;disabled&quot;: false
        },
        &quot;actionName&quot;: &quot;Find&quot;
      },
      {
        &quot;routePath&quot;: &quot;resources&quot;,
        &quot;iconName&quot;: &quot;resourceSVG&quot;,
        &quot;controllerName&quot;: &quot;LocaleResource&quot;,
        &quot;name&quot;: &quot;Resource&quot;,
        &quot;displayOrder&quot;: 910,
        &quot;description&quot;: null,
        &quot;id&quot;: &quot;4c1a6c0d-765c-444a-b7c8-49e99f61d47b&quot;,
        &quot;isMenu&quot;: true,
        &quot;key&quot;: &quot;LocaleResource.Index&quot;,
        &quot;parentId&quot;: &quot;8f4ea0ae-2382-4769-8584-5f2f2b1520c8&quot;,
        &quot;unAuthorizedProps&quot;: {
          &quot;visible&quot;: false,
          &quot;disabled&quot;: false
        },
        &quot;actionName&quot;: &quot;Index&quot;
      },
      {
        &quot;routePath&quot;: null,
        &quot;iconName&quot;: &quot;blackListSVG&quot;,
        &quot;controllerName&quot;: &quot;BlackList&quot;,
        &quot;name&quot;: &quot;Black List List&quot;,
        &quot;displayOrder&quot;: 0,
        &quot;description&quot;: null,
        &quot;id&quot;: &quot;96f6bf8e-c5b2-46ee-ade0-f00025140813&quot;,
        &quot;isMenu&quot;: false,
        &quot;key&quot;: &quot;BlackList.List&quot;,
        &quot;parentId&quot;: &quot;d273c43d-77c8-4b88-8d35-9ec20a90bd11&quot;,
        &quot;unAuthorizedProps&quot;: {
          &quot;visible&quot;: false,
          &quot;disabled&quot;: false
        },
        &quot;actionName&quot;: &quot;List&quot;
      },
      {
        &quot;routePath&quot;: null,
        &quot;iconName&quot;: null,
        &quot;controllerName&quot;: &quot;County&quot;,
        &quot;name&quot;: &quot;County List&quot;,
        &quot;displayOrder&quot;: 0,
        &quot;description&quot;: null,
        &quot;id&quot;: &quot;b585755d-7f4f-43b0-8d1e-f2d807abcec4&quot;,
        &quot;isMenu&quot;: false,
        &quot;key&quot;: &quot;County.List&quot;,
        &quot;parentId&quot;: &quot;28a7ee86-bfd8-408f-97d3-82a96e1cbcc6&quot;,
        &quot;unAuthorizedProps&quot;: {
          &quot;visible&quot;: false,
          &quot;disabled&quot;: false
        },
        &quot;actionName&quot;: &quot;List&quot;
      },
      {
        &quot;routePath&quot;: null,
        &quot;iconName&quot;: null,
        &quot;controllerName&quot;: &quot;LocaleResource&quot;,
        &quot;name&quot;: &quot;LocaleResource Find&quot;,
        &quot;displayOrder&quot;: 0,
        &quot;description&quot;: null,
        &quot;id&quot;: &quot;8a3bd0e4-9a78-449b-bf34-61a097848b9b&quot;,
        &quot;isMenu&quot;: false,
        &quot;key&quot;: &quot;LocaleResource.Find&quot;,
        &quot;parentId&quot;: &quot;4c1a6c0d-765c-444a-b7c8-49e99f61d47b&quot;,
        &quot;unAuthorizedProps&quot;: {
          &quot;visible&quot;: false,
          &quot;disabled&quot;: false
        },
        &quot;actionName&quot;: &quot;Find&quot;
      },
      {
        &quot;routePath&quot;: null,
        &quot;iconName&quot;: null,
        &quot;controllerName&quot;: &quot;ServiceArea&quot;,
        &quot;name&quot;: &quot;ServiceArea Delete&quot;,
        &quot;displayOrder&quot;: 0,
        &quot;description&quot;: null,
        &quot;id&quot;: &quot;aa63520c-b6b3-4475-8516-d9ed4e71ae82&quot;,
        &quot;isMenu&quot;: false,
        &quot;key&quot;: &quot;ServiceArea.Delete&quot;,
        &quot;parentId&quot;: &quot;6510260c-2670-4f71-96ed-8f12986fb9cf&quot;,
        &quot;unAuthorizedProps&quot;: {
          &quot;visible&quot;: false,
          &quot;disabled&quot;: false
        },
        &quot;actionName&quot;: &quot;Delete&quot;
      },
      {
        &quot;routePath&quot;: null,
        &quot;iconName&quot;: null,
        &quot;controllerName&quot;: &quot;Permission&quot;,
        &quot;name&quot;: &quot;Permission Delete&quot;,
        &quot;displayOrder&quot;: 0,
        &quot;description&quot;: null,
        &quot;id&quot;: &quot;acdf48fe-e099-4a8c-a80c-75a3bfe58940&quot;,
        &quot;isMenu&quot;: false,
        &quot;key&quot;: &quot;Permission.Delete&quot;,
        &quot;parentId&quot;: &quot;213aad81-551b-49f7-9d15-f11f5b9e7e88&quot;,
        &quot;unAuthorizedProps&quot;: {
          &quot;visible&quot;: false,
          &quot;disabled&quot;: false
        },
        &quot;actionName&quot;: &quot;Delete&quot;
      },
      {
        &quot;routePath&quot;: &quot;tech-support&quot;,
        &quot;iconName&quot;: &quot;supportSVG&quot;,
        &quot;controllerName&quot;: &quot;Tech&quot;,
        &quot;name&quot;: &quot;Tech Support&quot;,
        &quot;displayOrder&quot;: 1000,
        &quot;description&quot;: null,
        &quot;id&quot;: &quot;7c8e8441-579f-4552-a9f8-b6d5a9f1df3c&quot;,
        &quot;isMenu&quot;: true,
        &quot;key&quot;: &quot;Tech.Support&quot;,
        &quot;parentId&quot;: &quot;5b7cb896-ff20-4798-8468-df6c7f3be073&quot;,
        &quot;unAuthorizedProps&quot;: {
          &quot;visible&quot;: false,
          &quot;disabled&quot;: false
        },
        &quot;actionName&quot;: &quot;Support&quot;
      },
      {
        &quot;routePath&quot;: null,
        &quot;iconName&quot;: null,
        &quot;controllerName&quot;: &quot;Region&quot;,
        &quot;name&quot;: &quot;Region Find&quot;,
        &quot;displayOrder&quot;: 0,
        &quot;description&quot;: null,
        &quot;id&quot;: &quot;373140df-79dd-4adc-b233-0d8f50f44dda&quot;,
        &quot;isMenu&quot;: false,
        &quot;key&quot;: &quot;Region.Find&quot;,
        &quot;parentId&quot;: &quot;636ed702-38d2-4f20-967d-54564a31315f&quot;,
        &quot;unAuthorizedProps&quot;: {
          &quot;visible&quot;: false,
          &quot;disabled&quot;: false
        },
        &quot;actionName&quot;: &quot;Find&quot;
      },
      {
        &quot;routePath&quot;: null,
        &quot;iconName&quot;: null,
        &quot;controllerName&quot;: &quot;County&quot;,
        &quot;name&quot;: &quot;County Delete&quot;,
        &quot;displayOrder&quot;: 0,
        &quot;description&quot;: null,
        &quot;id&quot;: &quot;b359ba12-bf6f-4788-9f9a-c8fd1798258b&quot;,
        &quot;isMenu&quot;: false,
        &quot;key&quot;: &quot;County.Delete&quot;,
        &quot;parentId&quot;: &quot;28a7ee86-bfd8-408f-97d3-82a96e1cbcc6&quot;,
        &quot;unAuthorizedProps&quot;: {
          &quot;visible&quot;: false,
          &quot;disabled&quot;: false
        },
        &quot;actionName&quot;: &quot;Delete&quot;
      },
      {
        &quot;routePath&quot;: null,
        &quot;iconName&quot;: null,
        &quot;controllerName&quot;: &quot;LocaleResource&quot;,
        &quot;name&quot;: &quot;LocaleResource Edit&quot;,
        &quot;displayOrder&quot;: 0,
        &quot;description&quot;: null,
        &quot;id&quot;: &quot;577e23af-d37c-4a77-bb18-40d89a3f6d66&quot;,
        &quot;isMenu&quot;: false,
        &quot;key&quot;: &quot;LocaleResource.Edit&quot;,
        &quot;parentId&quot;: &quot;4c1a6c0d-765c-444a-b7c8-49e99f61d47b&quot;,
        &quot;unAuthorizedProps&quot;: {
          &quot;visible&quot;: false,
          &quot;disabled&quot;: false
        },
        &quot;actionName&quot;: &quot;Edit&quot;
      },
      {
        &quot;routePath&quot;: &quot;map&quot;,
        &quot;iconName&quot;: &quot;mapSVG&quot;,
        &quot;controllerName&quot;: &quot;Admin&quot;,
        &quot;name&quot;: &quot;Map&quot;,
        &quot;displayOrder&quot;: 200,
        &quot;description&quot;: null,
        &quot;id&quot;: &quot;65e94cad-f24a-7d0e-3a21-de1a1e5e8765&quot;,
        &quot;isMenu&quot;: false,
        &quot;key&quot;: &quot;Admin.Map&quot;,
        &quot;parentId&quot;: null,
        &quot;unAuthorizedProps&quot;: {
          &quot;visible&quot;: false,
          &quot;disabled&quot;: false
        },
        &quot;actionName&quot;: &quot;Map&quot;
      },
      {
        &quot;routePath&quot;: null,
        &quot;iconName&quot;: null,
        &quot;controllerName&quot;: &quot;LocaleResource&quot;,
        &quot;name&quot;: &quot;LocaleResource Export&quot;,
        &quot;displayOrder&quot;: 0,
        &quot;description&quot;: null,
        &quot;id&quot;: &quot;cc2a0054-37f4-4f72-80cd-56e918590d0c&quot;,
        &quot;isMenu&quot;: false,
        &quot;key&quot;: &quot;LocaleResource.Export&quot;,
        &quot;parentId&quot;: &quot;4c1a6c0d-765c-444a-b7c8-49e99f61d47b&quot;,
        &quot;unAuthorizedProps&quot;: {
          &quot;visible&quot;: false,
          &quot;disabled&quot;: false
        },
        &quot;actionName&quot;: &quot;Export&quot;
      },
      {
        &quot;routePath&quot;: null,
        &quot;iconName&quot;: &quot;RemoteSearchForProductName&quot;,
        &quot;controllerName&quot;: &quot;Product&quot;,
        &quot;name&quot;: &quot;Product RemoteSearchForProductName&quot;,
        &quot;displayOrder&quot;: 0,
        &quot;description&quot;: null,
        &quot;id&quot;: &quot;5f84cdde-5800-48ce-b690-86628a41f98c&quot;,
        &quot;isMenu&quot;: false,
        &quot;key&quot;: &quot;Product.RemoteSearchForProductName&quot;,
        &quot;parentId&quot;: &quot;1858607f-58c2-4c69-8078-f2756c5ca81e&quot;,
        &quot;unAuthorizedProps&quot;: {
          &quot;visible&quot;: false,
          &quot;disabled&quot;: false
        },
        &quot;actionName&quot;: &quot;RemoteSearchForProductName&quot;
      },
      {
        &quot;routePath&quot;: &quot;&quot;,
        &quot;iconName&quot;: &quot;usersSVG&quot;,
        &quot;controllerName&quot;: &quot;User&quot;,
        &quot;name&quot;: &quot;Users&quot;,
        &quot;displayOrder&quot;: 600,
        &quot;description&quot;: null,
        &quot;id&quot;: &quot;8b04f24a-f777-5455-9d4b-5d32257d3d62&quot;,
        &quot;isMenu&quot;: true,
        &quot;key&quot;: &quot;User.Index&quot;,
        &quot;parentId&quot;: null,
        &quot;unAuthorizedProps&quot;: {
          &quot;visible&quot;: false,
          &quot;disabled&quot;: false
        },
        &quot;actionName&quot;: &quot;Index&quot;
      },
      {
        &quot;routePath&quot;: &quot;productmanagement&quot;,
        &quot;iconName&quot;: &quot;productSVG&quot;,
        &quot;controllerName&quot;: &quot;Product&quot;,
        &quot;name&quot;: &quot;Feature Ideation&quot;,
        &quot;displayOrder&quot;: 999,
        &quot;description&quot;: null,
        &quot;id&quot;: &quot;0d5f6f26-1114-4503-95da-fff6063915b6&quot;,
        &quot;isMenu&quot;: true,
        &quot;key&quot;: &quot;Product.Management&quot;,
        &quot;parentId&quot;: &quot;5b7cb896-ff20-4798-8468-df6c7f3be073&quot;,
        &quot;unAuthorizedProps&quot;: {
          &quot;visible&quot;: false,
          &quot;disabled&quot;: false
        },
        &quot;actionName&quot;: &quot;Management&quot;
      },
      {
        &quot;routePath&quot;: null,
        &quot;iconName&quot;: null,
        &quot;controllerName&quot;: &quot;Category&quot;,
        &quot;name&quot;: &quot;Category GetCategoryByParent&quot;,
        &quot;displayOrder&quot;: 0,
        &quot;description&quot;: null,
        &quot;id&quot;: &quot;5d731e1f-4111-4737-a729-9d476ac966a5&quot;,
        &quot;isMenu&quot;: false,
        &quot;key&quot;: &quot;Category.GetCategoryByParent&quot;,
        &quot;parentId&quot;: &quot;9bbddb67-d7f2-44d3-8d09-6bd04f8b6f79&quot;,
        &quot;unAuthorizedProps&quot;: {
          &quot;visible&quot;: false,
          &quot;disabled&quot;: false
        },
        &quot;actionName&quot;: &quot;GetCategoryByParent&quot;
      },
      {
        &quot;routePath&quot;: null,
        &quot;iconName&quot;: null,
        &quot;controllerName&quot;: &quot;Customer&quot;,
        &quot;name&quot;: &quot;Customer List&quot;,
        &quot;displayOrder&quot;: 0,
        &quot;description&quot;: null,
        &quot;id&quot;: &quot;bbe76549-965a-45b4-9680-86bac515fc1b&quot;,
        &quot;isMenu&quot;: false,
        &quot;key&quot;: &quot;Customer.List&quot;,
        &quot;parentId&quot;: &quot;07b60a01-5846-422c-b1c6-1c7a382dbd0e&quot;,
        &quot;unAuthorizedProps&quot;: {
          &quot;visible&quot;: false,
          &quot;disabled&quot;: false
        },
        &quot;actionName&quot;: &quot;List&quot;
      },
      {
        &quot;routePath&quot;: &quot;settings&quot;,
        &quot;iconName&quot;: &quot;settingsSVG&quot;,
        &quot;controllerName&quot;: &quot;Setting&quot;,
        &quot;name&quot;: &quot;Settings&quot;,
        &quot;displayOrder&quot;: 1000,
        &quot;description&quot;: null,
        &quot;id&quot;: &quot;ccc7592a-301d-4d63-aa26-09e92194ca01&quot;,
        &quot;isMenu&quot;: true,
        &quot;key&quot;: &quot;Setting.Index&quot;,
        &quot;parentId&quot;: null,
        &quot;unAuthorizedProps&quot;: {
          &quot;visible&quot;: false,
          &quot;disabled&quot;: false
        },
        &quot;actionName&quot;: &quot;Index&quot;
      },
      {
        &quot;routePath&quot;: null,
        &quot;iconName&quot;: null,
        &quot;controllerName&quot;: &quot;LocaleResource&quot;,
        &quot;name&quot;: &quot;LocaleResource Index&quot;,
        &quot;displayOrder&quot;: 0,
        &quot;description&quot;: &quot;LocaleResource Index &quot;,
        &quot;id&quot;: &quot;b88d0e35-5b99-4daf-9c2f-ff36aab9197e&quot;,
        &quot;isMenu&quot;: false,
        &quot;key&quot;: &quot;LocaleResource.Index&quot;,
        &quot;parentId&quot;: &quot;4c1a6c0d-765c-444a-b7c8-49e99f61d47b&quot;,
        &quot;unAuthorizedProps&quot;: {
          &quot;visible&quot;: false,
          &quot;disabled&quot;: false
        },
        &quot;actionName&quot;: &quot;Index&quot;
      },
      {
        &quot;routePath&quot;: null,
        &quot;iconName&quot;: null,
        &quot;controllerName&quot;: &quot;Warehouse&quot;,
        &quot;name&quot;: &quot;Warehouse EditWarehouseState&quot;,
        &quot;displayOrder&quot;: 0,
        &quot;description&quot;: null,
        &quot;id&quot;: &quot;fb7d3fd3-e816-4921-98ae-178c750b951a&quot;,
        &quot;isMenu&quot;: false,
        &quot;key&quot;: &quot;Warehouse.EditWarehouseState&quot;,
        &quot;parentId&quot;: &quot;7a99d565-0e98-95af-19bd-814011ea2417&quot;,
        &quot;unAuthorizedProps&quot;: {
          &quot;visible&quot;: false,
          &quot;disabled&quot;: false
        },
        &quot;actionName&quot;: &quot;EditWarehouseState&quot;
      },
      {
        &quot;routePath&quot;: &quot;vehicles&quot;,
        &quot;iconName&quot;: &quot;vehicleSVG&quot;,
        &quot;controllerName&quot;: &quot;Vehicle&quot;,
        &quot;name&quot;: &quot;Vehicles&quot;,
        &quot;displayOrder&quot;: 900,
        &quot;description&quot;: null,
        &quot;id&quot;: &quot;27436094-fc09-48ea-ae79-8ea2b4517866&quot;,
        &quot;isMenu&quot;: false,
        &quot;key&quot;: &quot;Vehicle.Index&quot;,
        &quot;parentId&quot;: null,
        &quot;unAuthorizedProps&quot;: {
          &quot;visible&quot;: false,
          &quot;disabled&quot;: false
        },
        &quot;actionName&quot;: &quot;Index&quot;
      },
      {
        &quot;routePath&quot;: null,
        &quot;iconName&quot;: null,
        &quot;controllerName&quot;: &quot;Warehouse&quot;,
        &quot;name&quot;: &quot;Warehouse List&quot;,
        &quot;displayOrder&quot;: 0,
        &quot;description&quot;: null,
        &quot;id&quot;: &quot;ac3e564a-4cc4-453d-8938-2563ef62921f&quot;,
        &quot;isMenu&quot;: false,
        &quot;key&quot;: &quot;Warehouse.List&quot;,
        &quot;parentId&quot;: &quot;7a99d565-0e98-95af-19bd-814011ea2417&quot;,
        &quot;unAuthorizedProps&quot;: {
          &quot;visible&quot;: false,
          &quot;disabled&quot;: false
        },
        &quot;actionName&quot;: &quot;List&quot;
      },
      {
        &quot;routePath&quot;: null,
        &quot;iconName&quot;: null,
        &quot;controllerName&quot;: &quot;CouponCode&quot;,
        &quot;name&quot;: &quot;CouponCode&quot;,
        &quot;displayOrder&quot;: 0,
        &quot;description&quot;: null,
        &quot;id&quot;: &quot;5aaef586-e311-4265-a241-6eb9758d6541&quot;,
        &quot;isMenu&quot;: false,
        &quot;key&quot;: &quot;CouponCode.ListForFilter&quot;,
        &quot;parentId&quot;: null,
        &quot;unAuthorizedProps&quot;: {
          &quot;visible&quot;: false,
          &quot;disabled&quot;: false
        },
        &quot;actionName&quot;: &quot;ListForFilter&quot;
      },
      {
        &quot;routePath&quot;: null,
        &quot;iconName&quot;: null,
        &quot;controllerName&quot;: &quot;State&quot;,
        &quot;name&quot;: &quot;State Edit&quot;,
        &quot;displayOrder&quot;: 0,
        &quot;description&quot;: null,
        &quot;id&quot;: &quot;581b4c8a-cce8-447b-98b5-1f29f9aae457&quot;,
        &quot;isMenu&quot;: false,
        &quot;key&quot;: &quot;State.Edit&quot;,
        &quot;parentId&quot;: &quot;4842baa6-3b5e-40d1-ba2c-aa896962f8a7&quot;,
        &quot;unAuthorizedProps&quot;: {
          &quot;visible&quot;: false,
          &quot;disabled&quot;: false
        },
        &quot;actionName&quot;: &quot;Edit&quot;
      },
      {
        &quot;routePath&quot;: null,
        &quot;iconName&quot;: null,
        &quot;controllerName&quot;: &quot;Country&quot;,
        &quot;name&quot;: &quot;Country Edit&quot;,
        &quot;displayOrder&quot;: 0,
        &quot;description&quot;: null,
        &quot;id&quot;: &quot;117355ed-1004-4b13-beb3-2ee0056892f1&quot;,
        &quot;isMenu&quot;: false,
        &quot;key&quot;: &quot;Country.Edit&quot;,
        &quot;parentId&quot;: &quot;9c15db73-badc-4894-ab1b-d8261bac91c2&quot;,
        &quot;unAuthorizedProps&quot;: {
          &quot;visible&quot;: false,
          &quot;disabled&quot;: false
        },
        &quot;actionName&quot;: &quot;Edit&quot;
      },
      {
        &quot;routePath&quot;: &quot;geo-areas&quot;,
        &quot;iconName&quot;: &quot;geo-areasSVG&quot;,
        &quot;controllerName&quot;: &quot;GeoArea&quot;,
        &quot;name&quot;: &quot;Geo Areas&quot;,
        &quot;displayOrder&quot;: 400,
        &quot;description&quot;: null,
        &quot;id&quot;: &quot;596bb8e1-9705-be47-b70e-e0cb48edc078&quot;,
        &quot;isMenu&quot;: true,
        &quot;key&quot;: &quot;GeoArea.Index&quot;,
        &quot;parentId&quot;: null,
        &quot;unAuthorizedProps&quot;: {
          &quot;visible&quot;: false,
          &quot;disabled&quot;: false
        },
        &quot;actionName&quot;: &quot;Index&quot;
      },
      {
        &quot;routePath&quot;: null,
        &quot;iconName&quot;: null,
        &quot;controllerName&quot;: &quot;Role&quot;,
        &quot;name&quot;: &quot;Role List&quot;,
        &quot;displayOrder&quot;: 0,
        &quot;description&quot;: null,
        &quot;id&quot;: &quot;ed6b7f77-7b07-4fdd-b4eb-5dc72ed21a53&quot;,
        &quot;isMenu&quot;: false,
        &quot;key&quot;: &quot;Role.List&quot;,
        &quot;parentId&quot;: &quot;e98d2f21-52f8-41cb-9b3f-fe979b5f0578&quot;,
        &quot;unAuthorizedProps&quot;: {
          &quot;visible&quot;: false,
          &quot;disabled&quot;: false
        },
        &quot;actionName&quot;: &quot;List&quot;
      },
      {
        &quot;routePath&quot;: null,
        &quot;iconName&quot;: null,
        &quot;controllerName&quot;: &quot;Warehouse&quot;,
        &quot;name&quot;: &quot;Warehouse ListBasic&quot;,
        &quot;displayOrder&quot;: 0,
        &quot;description&quot;: null,
        &quot;id&quot;: &quot;3cd0e960-08c5-488e-82bf-e81eb0481924&quot;,
        &quot;isMenu&quot;: false,
        &quot;key&quot;: &quot;Warehouse.ListBasic&quot;,
        &quot;parentId&quot;: &quot;7a99d565-0e98-95af-19bd-814011ea2417&quot;,
        &quot;unAuthorizedProps&quot;: {
          &quot;visible&quot;: false,
          &quot;disabled&quot;: false
        },
        &quot;actionName&quot;: &quot;ListBasic&quot;
      },
      {
        &quot;routePath&quot;: null,
        &quot;iconName&quot;: null,
        &quot;controllerName&quot;: &quot;Address&quot;,
        &quot;name&quot;: &quot;Address Edit&quot;,
        &quot;displayOrder&quot;: 0,
        &quot;description&quot;: null,
        &quot;id&quot;: &quot;3e821719-5809-4a64-979f-9f373f2510d4&quot;,
        &quot;isMenu&quot;: false,
        &quot;key&quot;: &quot;Address.Edit&quot;,
        &quot;parentId&quot;: &quot;c3c514ef-1964-4c94-b13a-8bdd83a5b1cb&quot;,
        &quot;unAuthorizedProps&quot;: {
          &quot;visible&quot;: false,
          &quot;disabled&quot;: false
        },
        &quot;actionName&quot;: &quot;Edit&quot;
      },
      {
        &quot;routePath&quot;: null,
        &quot;iconName&quot;: null,
        &quot;controllerName&quot;: &quot;ServiceArea&quot;,
        &quot;name&quot;: &quot;ServiceArea Create&quot;,
        &quot;displayOrder&quot;: 0,
        &quot;description&quot;: null,
        &quot;id&quot;: &quot;20738cab-a928-4c12-9a39-29eeaf60713a&quot;,
        &quot;isMenu&quot;: false,
        &quot;key&quot;: &quot;ServiceArea.Create&quot;,
        &quot;parentId&quot;: &quot;6510260c-2670-4f71-96ed-8f12986fb9cf&quot;,
        &quot;unAuthorizedProps&quot;: {
          &quot;visible&quot;: false,
          &quot;disabled&quot;: false
        },
        &quot;actionName&quot;: &quot;Create&quot;
      },
      {
        &quot;routePath&quot;: null,
        &quot;iconName&quot;: null,
        &quot;controllerName&quot;: &quot;Setting&quot;,
        &quot;name&quot;: &quot;Setting Find&quot;,
        &quot;displayOrder&quot;: 0,
        &quot;description&quot;: null,
        &quot;id&quot;: &quot;e57a84a5-6d3e-4513-82cd-1ec64740178b&quot;,
        &quot;isMenu&quot;: false,
        &quot;key&quot;: &quot;Setting.Find&quot;,
        &quot;parentId&quot;: &quot;ccc7592a-301d-4d63-aa26-09e92194ca01&quot;,
        &quot;unAuthorizedProps&quot;: {
          &quot;visible&quot;: false,
          &quot;disabled&quot;: false
        },
        &quot;actionName&quot;: &quot;Find&quot;
      },
      {
        &quot;routePath&quot;: null,
        &quot;iconName&quot;: null,
        &quot;controllerName&quot;: &quot;SubRegion&quot;,
        &quot;name&quot;: &quot;SubRegion Edit&quot;,
        &quot;displayOrder&quot;: 0,
        &quot;description&quot;: null,
        &quot;id&quot;: &quot;befec01d-311a-4d58-8875-390d7c5143ab&quot;,
        &quot;isMenu&quot;: false,
        &quot;key&quot;: &quot;SubRegion.Edit&quot;,
        &quot;parentId&quot;: &quot;5016a026-6957-41ab-8cda-9bd37afe0841&quot;,
        &quot;unAuthorizedProps&quot;: {
          &quot;visible&quot;: false,
          &quot;disabled&quot;: false
        },
        &quot;actionName&quot;: &quot;Edit&quot;
      },
      {
        &quot;routePath&quot;: null,
        &quot;iconName&quot;: null,
        &quot;controllerName&quot;: &quot;State&quot;,
        &quot;name&quot;: &quot;State Create&quot;,
        &quot;displayOrder&quot;: 0,
        &quot;description&quot;: null,
        &quot;id&quot;: &quot;88690c06-a8b6-4e95-a176-3963af2d2b79&quot;,
        &quot;isMenu&quot;: false,
        &quot;key&quot;: &quot;State.Create&quot;,
        &quot;parentId&quot;: &quot;4842baa6-3b5e-40d1-ba2c-aa896962f8a7&quot;,
        &quot;unAuthorizedProps&quot;: {
          &quot;visible&quot;: false,
          &quot;disabled&quot;: false
        },
        &quot;actionName&quot;: &quot;Create&quot;
      },
      {
        &quot;routePath&quot;: null,
        &quot;iconName&quot;: null,
        &quot;controllerName&quot;: &quot;LocaleResource&quot;,
        &quot;name&quot;: &quot;LocaleResource Import&quot;,
        &quot;displayOrder&quot;: 0,
        &quot;description&quot;: null,
        &quot;id&quot;: &quot;a0f85551-79e4-4fd8-b9dc-7b4e0bd3f3d9&quot;,
        &quot;isMenu&quot;: false,
        &quot;key&quot;: &quot;LocaleResource.Import&quot;,
        &quot;parentId&quot;: &quot;4c1a6c0d-765c-444a-b7c8-49e99f61d47b&quot;,
        &quot;unAuthorizedProps&quot;: {
          &quot;visible&quot;: false,
          &quot;disabled&quot;: false
        },
        &quot;actionName&quot;: &quot;Import&quot;
      },
      {
        &quot;routePath&quot;: null,
        &quot;iconName&quot;: null,
        &quot;controllerName&quot;: &quot;Country&quot;,
        &quot;name&quot;: &quot;Country Create&quot;,
        &quot;displayOrder&quot;: 0,
        &quot;description&quot;: null,
        &quot;id&quot;: &quot;b4e4f143-cdff-4839-a5db-7379c79b2cc1&quot;,
        &quot;isMenu&quot;: false,
        &quot;key&quot;: &quot;Country.Create&quot;,
        &quot;parentId&quot;: &quot;9c15db73-badc-4894-ab1b-d8261bac91c2&quot;,
        &quot;unAuthorizedProps&quot;: {
          &quot;visible&quot;: false,
          &quot;disabled&quot;: false
        },
        &quot;actionName&quot;: &quot;Create&quot;
      },
      {
        &quot;routePath&quot;: null,
        &quot;iconName&quot;: null,
        &quot;controllerName&quot;: &quot;Warehouse&quot;,
        &quot;name&quot;: &quot;Warehouse Delete&quot;,
        &quot;displayOrder&quot;: 0,
        &quot;description&quot;: null,
        &quot;id&quot;: &quot;dbc3a8dd-ea84-4a11-bbfe-02a476211462&quot;,
        &quot;isMenu&quot;: false,
        &quot;key&quot;: &quot;Warehouse.Delete&quot;,
        &quot;parentId&quot;: &quot;7a99d565-0e98-95af-19bd-814011ea2417&quot;,
        &quot;unAuthorizedProps&quot;: {
          &quot;visible&quot;: false,
          &quot;disabled&quot;: false
        },
        &quot;actionName&quot;: &quot;Delete&quot;
      },
      {
        &quot;routePath&quot;: &quot;blacklist&quot;,
        &quot;iconName&quot;: &quot;blackListSVG&quot;,
        &quot;controllerName&quot;: &quot;BlackList&quot;,
        &quot;name&quot;: &quot;Black List&quot;,
        &quot;displayOrder&quot;: 0,
        &quot;description&quot;: null,
        &quot;id&quot;: &quot;d273c43d-77c8-4b88-8d35-9ec20a90bd11&quot;,
        &quot;isMenu&quot;: false,
        &quot;key&quot;: &quot;BlackList.Index&quot;,
        &quot;parentId&quot;: &quot;8b04f24a-f777-5455-9d4b-5d32257d3d62&quot;,
        &quot;unAuthorizedProps&quot;: {
          &quot;visible&quot;: false,
          &quot;disabled&quot;: false
        },
        &quot;actionName&quot;: &quot;Index&quot;
      },
      {
        &quot;routePath&quot;: null,
        &quot;iconName&quot;: &quot;control&quot;,
        &quot;controllerName&quot;: &quot;DriverApp&quot;,
        &quot;name&quot;: &quot;Control&quot;,
        &quot;displayOrder&quot;: 0,
        &quot;description&quot;: &quot;&quot;,
        &quot;id&quot;: &quot;ac0083c7-bd11-4d5a-88bd-5fdfd029d71d&quot;,
        &quot;isMenu&quot;: true,
        &quot;key&quot;: &quot;DriverApp.Control&quot;,
        &quot;parentId&quot;: &quot;673cefc5-8638-47b5-9440-8f3fa459f0b1&quot;,
        &quot;unAuthorizedProps&quot;: {
          &quot;visible&quot;: false,
          &quot;disabled&quot;: false
        },
        &quot;actionName&quot;: &quot;Control&quot;
      },
      {
        &quot;routePath&quot;: null,
        &quot;iconName&quot;: null,
        &quot;controllerName&quot;: &quot;Permission&quot;,
        &quot;name&quot;: &quot;Permission Tree&quot;,
        &quot;displayOrder&quot;: 0,
        &quot;description&quot;: null,
        &quot;id&quot;: &quot;31bf9d11-e13f-483c-835e-c0507f1c001b&quot;,
        &quot;isMenu&quot;: false,
        &quot;key&quot;: &quot;Permission.PermissionTree&quot;,
        &quot;parentId&quot;: &quot;213aad81-551b-49f7-9d15-f11f5b9e7e88&quot;,
        &quot;unAuthorizedProps&quot;: {
          &quot;visible&quot;: false,
          &quot;disabled&quot;: false
        },
        &quot;actionName&quot;: &quot;PermissionTree&quot;
      },
      {
        &quot;routePath&quot;: &quot;dashboards&quot;,
        &quot;iconName&quot;: &quot;dashboardSVG&quot;,
        &quot;controllerName&quot;: &quot;Dashboard&quot;,
        &quot;name&quot;: &quot;Analytics&quot;,
        &quot;displayOrder&quot;: 300,
        &quot;description&quot;: &quot;Analytics&quot;,
        &quot;id&quot;: &quot;9160e49e-2340-41fd-aee7-f00fb79cca35&quot;,
        &quot;isMenu&quot;: false,
        &quot;key&quot;: &quot;Dashboard.GetDashboardIframe&quot;,
        &quot;parentId&quot;: null,
        &quot;unAuthorizedProps&quot;: {
          &quot;visible&quot;: false,
          &quot;disabled&quot;: false
        },
        &quot;actionName&quot;: &quot;GetDashboardIframe&quot;
      },
      {
        &quot;routePath&quot;: null,
        &quot;iconName&quot;: null,
        &quot;controllerName&quot;: &quot;Customer&quot;,
        &quot;name&quot;: &quot;Customer Find&quot;,
        &quot;displayOrder&quot;: 0,
        &quot;description&quot;: null,
        &quot;id&quot;: &quot;7e69895f-a4fe-470b-9dbd-3902631c5978&quot;,
        &quot;isMenu&quot;: false,
        &quot;key&quot;: &quot;Customer.Find&quot;,
        &quot;parentId&quot;: &quot;07b60a01-5846-422c-b1c6-1c7a382dbd0e&quot;,
        &quot;unAuthorizedProps&quot;: {
          &quot;visible&quot;: false,
          &quot;disabled&quot;: false
        },
        &quot;actionName&quot;: &quot;Find&quot;
      },
      {
        &quot;routePath&quot;: null,
        &quot;iconName&quot;: null,
        &quot;controllerName&quot;: &quot;Order&quot;,
        &quot;name&quot;: &quot;Order List&quot;,
        &quot;displayOrder&quot;: 0,
        &quot;description&quot;: null,
        &quot;id&quot;: &quot;68267f89-edc4-4c6b-a72b-06381cf0e532&quot;,
        &quot;isMenu&quot;: false,
        &quot;key&quot;: &quot;Order.List&quot;,
        &quot;parentId&quot;: &quot;872b9f8c-c48d-dfeb-de32-1be0c3c38dbb&quot;,
        &quot;unAuthorizedProps&quot;: {
          &quot;visible&quot;: false,
          &quot;disabled&quot;: false
        },
        &quot;actionName&quot;: &quot;List&quot;
      },
      {
        &quot;routePath&quot;: &quot;&quot;,
        &quot;iconName&quot;: &quot;ordersSVG&quot;,
        &quot;controllerName&quot;: &quot;Order&quot;,
        &quot;name&quot;: &quot;Orders&quot;,
        &quot;displayOrder&quot;: 100,
        &quot;description&quot;: null,
        &quot;id&quot;: &quot;872b9f8c-c48d-dfeb-de32-1be0c3c38dbb&quot;,
        &quot;isMenu&quot;: true,
        &quot;key&quot;: &quot;Order.Index&quot;,
        &quot;parentId&quot;: null,
        &quot;unAuthorizedProps&quot;: {
          &quot;visible&quot;: false,
          &quot;disabled&quot;: false
        },
        &quot;actionName&quot;: &quot;Index&quot;
      },
      {
        &quot;routePath&quot;: null,
        &quot;iconName&quot;: null,
        &quot;controllerName&quot;: &quot;Order&quot;,
        &quot;name&quot;: &quot;Order ReportOrderItem&quot;,
        &quot;displayOrder&quot;: 0,
        &quot;description&quot;: null,
        &quot;id&quot;: &quot;fc541f93-e00d-4204-bc10-21a8c66281d9&quot;,
        &quot;isMenu&quot;: false,
        &quot;key&quot;: &quot;Order.ReportOrderItem&quot;,
        &quot;parentId&quot;: &quot;872b9f8c-c48d-dfeb-de32-1be0c3c38dbb&quot;,
        &quot;unAuthorizedProps&quot;: {
          &quot;visible&quot;: false,
          &quot;disabled&quot;: false
        },
        &quot;actionName&quot;: &quot;ReportOrderItem&quot;
      },
      {
        &quot;routePath&quot;: null,
        &quot;iconName&quot;: null,
        &quot;controllerName&quot;: &quot;Country&quot;,
        &quot;name&quot;: &quot;Country List&quot;,
        &quot;displayOrder&quot;: 0,
        &quot;description&quot;: null,
        &quot;id&quot;: &quot;965f2723-9852-432a-8811-6d549e75b51c&quot;,
        &quot;isMenu&quot;: false,
        &quot;key&quot;: &quot;Country.List&quot;,
        &quot;parentId&quot;: &quot;9c15db73-badc-4894-ab1b-d8261bac91c2&quot;,
        &quot;unAuthorizedProps&quot;: {
          &quot;visible&quot;: false,
          &quot;disabled&quot;: false
        },
        &quot;actionName&quot;: &quot;List&quot;
      },
      {
        &quot;routePath&quot;: &quot;employees&quot;,
        &quot;iconName&quot;: &quot;employeeSVG&quot;,
        &quot;controllerName&quot;: &quot;Employee&quot;,
        &quot;name&quot;: &quot;Employee&quot;,
        &quot;displayOrder&quot;: 630,
        &quot;description&quot;: null,
        &quot;id&quot;: &quot;e4a8e904-698e-4596-92c3-b40206b19179&quot;,
        &quot;isMenu&quot;: true,
        &quot;key&quot;: &quot;Employee.Index&quot;,
        &quot;parentId&quot;: &quot;8b04f24a-f777-5455-9d4b-5d32257d3d62&quot;,
        &quot;unAuthorizedProps&quot;: {
          &quot;visible&quot;: false,
          &quot;disabled&quot;: false
        },
        &quot;actionName&quot;: &quot;Index&quot;
      },
      {
        &quot;routePath&quot;: null,
        &quot;iconName&quot;: &quot;ListForFilter&quot;,
        &quot;controllerName&quot;: &quot;Product&quot;,
        &quot;name&quot;: &quot;Product ListForFilter&quot;,
        &quot;displayOrder&quot;: 0,
        &quot;description&quot;: null,
        &quot;id&quot;: &quot;3e7badfa-60f6-46f4-ab65-60c10cf0158c&quot;,
        &quot;isMenu&quot;: false,
        &quot;key&quot;: &quot;Product.ListForFilter&quot;,
        &quot;parentId&quot;: null,
        &quot;unAuthorizedProps&quot;: {
          &quot;visible&quot;: false,
          &quot;disabled&quot;: false
        },
        &quot;actionName&quot;: &quot;ListForFilter&quot;
      },
      {
        &quot;routePath&quot;: null,
        &quot;iconName&quot;: null,
        &quot;controllerName&quot;: &quot;MessageTemplate&quot;,
        &quot;name&quot;: &quot;Message Template List&quot;,
        &quot;displayOrder&quot;: 0,
        &quot;description&quot;: null,
        &quot;id&quot;: &quot;f8b8770e-d3de-4fb9-8785-c6a52f0a3f2a&quot;,
        &quot;isMenu&quot;: false,
        &quot;key&quot;: &quot;MessageTemplate.List&quot;,
        &quot;parentId&quot;: &quot;570b7634-2234-498f-939b-440805527121&quot;,
        &quot;unAuthorizedProps&quot;: {
          &quot;visible&quot;: false,
          &quot;disabled&quot;: false
        },
        &quot;actionName&quot;: &quot;List&quot;
      },
      {
        &quot;routePath&quot;: null,
        &quot;iconName&quot;: null,
        &quot;controllerName&quot;: &quot;Warehouse&quot;,
        &quot;name&quot;: &quot;Warehouse UpdateWarehouseExpectedQuantity&quot;,
        &quot;displayOrder&quot;: 0,
        &quot;description&quot;: null,
        &quot;id&quot;: &quot;cbe00097-f735-4207-bd4d-a2be0ea5dfd3&quot;,
        &quot;isMenu&quot;: false,
        &quot;key&quot;: &quot;Warehouse.UpdateWarehouseExpectedQuantity&quot;,
        &quot;parentId&quot;: &quot;7a99d565-0e98-95af-19bd-814011ea2417&quot;,
        &quot;unAuthorizedProps&quot;: {
          &quot;visible&quot;: false,
          &quot;disabled&quot;: false
        },
        &quot;actionName&quot;: &quot;UpdateWarehouseExpectedQuantity&quot;
      },
      {
        &quot;routePath&quot;: null,
        &quot;iconName&quot;: &quot;RemoteSearchForCampaignName&quot;,
        &quot;controllerName&quot;: &quot;Campaign&quot;,
        &quot;name&quot;: &quot;Campaign RemoteSearchForCampaignName&quot;,
        &quot;displayOrder&quot;: 0,
        &quot;description&quot;: null,
        &quot;id&quot;: &quot;1b2371cf-283a-412c-9305-3f8d91cd2cf3&quot;,
        &quot;isMenu&quot;: false,
        &quot;key&quot;: &quot;Campaign.RemoteSearchForCampaignName&quot;,
        &quot;parentId&quot;: &quot;fd2f794b-65fb-4da6-9bdb-835c466e4321&quot;,
        &quot;unAuthorizedProps&quot;: {
          &quot;visible&quot;: false,
          &quot;disabled&quot;: false
        },
        &quot;actionName&quot;: &quot;RemoteSearchForCampaignName&quot;
      },
      {
        &quot;routePath&quot;: null,
        &quot;iconName&quot;: null,
        &quot;controllerName&quot;: &quot;Permission&quot;,
        &quot;name&quot;: &quot;Permission Find&quot;,
        &quot;displayOrder&quot;: 0,
        &quot;description&quot;: null,
        &quot;id&quot;: &quot;b8acd1fb-bb0c-49b0-9fe2-22574379a94d&quot;,
        &quot;isMenu&quot;: false,
        &quot;key&quot;: &quot;Permission.Find&quot;,
        &quot;parentId&quot;: &quot;213aad81-551b-49f7-9d15-f11f5b9e7e88&quot;,
        &quot;unAuthorizedProps&quot;: {
          &quot;visible&quot;: false,
          &quot;disabled&quot;: false
        },
        &quot;actionName&quot;: &quot;Find&quot;
      },
      {
        &quot;routePath&quot;: null,
        &quot;iconName&quot;: null,
        &quot;controllerName&quot;: &quot;Banner&quot;,
        &quot;name&quot;: &quot;Banner Create&quot;,
        &quot;displayOrder&quot;: 0,
        &quot;description&quot;: null,
        &quot;id&quot;: &quot;ad417e90-0acf-4d46-a875-a4b641cedbde&quot;,
        &quot;isMenu&quot;: false,
        &quot;key&quot;: &quot;Banner.Create&quot;,
        &quot;parentId&quot;: &quot;d01dd410-27ab-4ca2-ad2e-06ed18197543&quot;,
        &quot;unAuthorizedProps&quot;: {
          &quot;visible&quot;: false,
          &quot;disabled&quot;: false
        },
        &quot;actionName&quot;: &quot;Create&quot;
      },
      {
        &quot;routePath&quot;: null,
        &quot;iconName&quot;: null,
        &quot;controllerName&quot;: &quot;Banner&quot;,
        &quot;name&quot;: &quot;Banner Edit&quot;,
        &quot;displayOrder&quot;: 0,
        &quot;description&quot;: null,
        &quot;id&quot;: &quot;b638b6e5-7d89-4ab4-9a4e-fe8b0df52e36&quot;,
        &quot;isMenu&quot;: false,
        &quot;key&quot;: &quot;Banner.Edit&quot;,
        &quot;parentId&quot;: &quot;d01dd410-27ab-4ca2-ad2e-06ed18197543&quot;,
        &quot;unAuthorizedProps&quot;: {
          &quot;visible&quot;: false,
          &quot;disabled&quot;: false
        },
        &quot;actionName&quot;: &quot;Edit&quot;
      },
      {
        &quot;routePath&quot;: null,
        &quot;iconName&quot;: null,
        &quot;controllerName&quot;: &quot;Category&quot;,
        &quot;name&quot;: &quot;Category Edit&quot;,
        &quot;displayOrder&quot;: 0,
        &quot;description&quot;: null,
        &quot;id&quot;: &quot;0aaf230e-5f92-4e49-b3c7-c20c9df44c82&quot;,
        &quot;isMenu&quot;: false,
        &quot;key&quot;: &quot;Category.Edit&quot;,
        &quot;parentId&quot;: &quot;9bbddb67-d7f2-44d3-8d09-6bd04f8b6f79&quot;,
        &quot;unAuthorizedProps&quot;: {
          &quot;visible&quot;: false,
          &quot;disabled&quot;: false
        },
        &quot;actionName&quot;: &quot;Edit&quot;
      },
      {
        &quot;routePath&quot;: null,
        &quot;iconName&quot;: null,
        &quot;controllerName&quot;: &quot;ZipCode&quot;,
        &quot;name&quot;: &quot;ZipCode Delete&quot;,
        &quot;displayOrder&quot;: 0,
        &quot;description&quot;: null,
        &quot;id&quot;: &quot;deba5d66-42eb-43d0-8ee0-6d15f3c4b34c&quot;,
        &quot;isMenu&quot;: false,
        &quot;key&quot;: &quot;ZipCode.Delete&quot;,
        &quot;parentId&quot;: &quot;8aa34e38-533b-4ab7-bad7-0eaa7b5dec9c&quot;,
        &quot;unAuthorizedProps&quot;: {
          &quot;visible&quot;: false,
          &quot;disabled&quot;: false
        },
        &quot;actionName&quot;: &quot;Delete&quot;
      },
      {
        &quot;routePath&quot;: null,
        &quot;iconName&quot;: null,
        &quot;controllerName&quot;: &quot;Rider&quot;,
        &quot;name&quot;: &quot;Rider Create&quot;,
        &quot;displayOrder&quot;: 0,
        &quot;description&quot;: null,
        &quot;id&quot;: &quot;84e2ed51-0787-4e21-b0cc-78397324e38f&quot;,
        &quot;isMenu&quot;: false,
        &quot;key&quot;: &quot;Rider.Create&quot;,
        &quot;parentId&quot;: &quot;1b716d9c-2bf6-4a16-9bd1-2214d14b6cc7&quot;,
        &quot;unAuthorizedProps&quot;: {
          &quot;visible&quot;: false,
          &quot;disabled&quot;: false
        },
        &quot;actionName&quot;: &quot;Create&quot;
      },
      {
        &quot;routePath&quot;: null,
        &quot;iconName&quot;: null,
        &quot;controllerName&quot;: &quot;Employee&quot;,
        &quot;name&quot;: &quot;Employee Delete&quot;,
        &quot;displayOrder&quot;: 0,
        &quot;description&quot;: null,
        &quot;id&quot;: &quot;b6a62bb2-7083-4534-91af-146ca008cb31&quot;,
        &quot;isMenu&quot;: false,
        &quot;key&quot;: &quot;Employee.Delete&quot;,
        &quot;parentId&quot;: &quot;e4a8e904-698e-4596-92c3-b40206b19179&quot;,
        &quot;unAuthorizedProps&quot;: {
          &quot;visible&quot;: false,
          &quot;disabled&quot;: false
        },
        &quot;actionName&quot;: &quot;Delete&quot;
      },
      {
        &quot;routePath&quot;: &quot;active-orders&quot;,
        &quot;iconName&quot;: &quot;activeOrderSVG&quot;,
        &quot;controllerName&quot;: &quot;Order&quot;,
        &quot;name&quot;: &quot;Active Orders&quot;,
        &quot;displayOrder&quot;: 120,
        &quot;description&quot;: null,
        &quot;id&quot;: &quot;960eff6d-a581-4a4e-991b-a0b5c9881f14&quot;,
        &quot;isMenu&quot;: true,
        &quot;key&quot;: &quot;Order.Active&quot;,
        &quot;parentId&quot;: &quot;872b9f8c-c48d-dfeb-de32-1be0c3c38dbb&quot;,
        &quot;unAuthorizedProps&quot;: {
          &quot;visible&quot;: false,
          &quot;disabled&quot;: false
        },
        &quot;actionName&quot;: &quot;Active&quot;
      },
      {
        &quot;routePath&quot;: null,
        &quot;iconName&quot;: null,
        &quot;controllerName&quot;: &quot;MessageTemplate&quot;,
        &quot;name&quot;: &quot;Message Template Edit&quot;,
        &quot;displayOrder&quot;: 0,
        &quot;description&quot;: null,
        &quot;id&quot;: &quot;3cf8a343-ba23-4210-9f73-884eb309a3b4&quot;,
        &quot;isMenu&quot;: false,
        &quot;key&quot;: &quot;MessageTemplate.Edit&quot;,
        &quot;parentId&quot;: &quot;570b7634-2234-498f-939b-440805527121&quot;,
        &quot;unAuthorizedProps&quot;: {
          &quot;visible&quot;: false,
          &quot;disabled&quot;: false
        },
        &quot;actionName&quot;: &quot;Edit&quot;
      },
      {
        &quot;routePath&quot;: null,
        &quot;iconName&quot;: null,
        &quot;controllerName&quot;: &quot;MessageTemplate&quot;,
        &quot;name&quot;: &quot;Message Template Delete&quot;,
        &quot;displayOrder&quot;: 0,
        &quot;description&quot;: null,
        &quot;id&quot;: &quot;6829e619-f27c-415b-abf5-653573cb4ed5&quot;,
        &quot;isMenu&quot;: false,
        &quot;key&quot;: &quot;MessageTemplate.Delete&quot;,
        &quot;parentId&quot;: &quot;570b7634-2234-498f-939b-440805527121&quot;,
        &quot;unAuthorizedProps&quot;: {
          &quot;visible&quot;: false,
          &quot;disabled&quot;: false
        },
        &quot;actionName&quot;: &quot;Delete&quot;
      },
      {
        &quot;routePath&quot;: null,
        &quot;iconName&quot;: null,
        &quot;controllerName&quot;: &quot;Role&quot;,
        &quot;name&quot;: &quot;Role Create&quot;,
        &quot;displayOrder&quot;: 0,
        &quot;description&quot;: null,
        &quot;id&quot;: &quot;b29c939f-9d31-4a77-ab10-43b6363c9ca7&quot;,
        &quot;isMenu&quot;: false,
        &quot;key&quot;: &quot;Role.Create&quot;,
        &quot;parentId&quot;: &quot;e98d2f21-52f8-41cb-9b3f-fe979b5f0578&quot;,
        &quot;unAuthorizedProps&quot;: {
          &quot;visible&quot;: false,
          &quot;disabled&quot;: false
        },
        &quot;actionName&quot;: &quot;Create&quot;
      },
      {
        &quot;routePath&quot;: null,
        &quot;iconName&quot;: null,
        &quot;controllerName&quot;: &quot;County&quot;,
        &quot;name&quot;: &quot;County Create&quot;,
        &quot;displayOrder&quot;: 0,
        &quot;description&quot;: null,
        &quot;id&quot;: &quot;b0718fbd-a486-4f05-9804-82c5e474efb7&quot;,
        &quot;isMenu&quot;: false,
        &quot;key&quot;: &quot;County.Create&quot;,
        &quot;parentId&quot;: &quot;28a7ee86-bfd8-408f-97d3-82a96e1cbcc6&quot;,
        &quot;unAuthorizedProps&quot;: {
          &quot;visible&quot;: false,
          &quot;disabled&quot;: false
        },
        &quot;actionName&quot;: &quot;Create&quot;
      },
      {
        &quot;routePath&quot;: null,
        &quot;iconName&quot;: null,
        &quot;controllerName&quot;: &quot;Language&quot;,
        &quot;name&quot;: &quot;Language Edit&quot;,
        &quot;displayOrder&quot;: 0,
        &quot;description&quot;: null,
        &quot;id&quot;: &quot;765464f2-8b9f-4234-ac07-063e06f3e9f2&quot;,
        &quot;isMenu&quot;: false,
        &quot;key&quot;: &quot;Language.Edit&quot;,
        &quot;parentId&quot;: &quot;7d117917-ff5a-448f-ae1c-71b123ffabc0&quot;,
        &quot;unAuthorizedProps&quot;: {
          &quot;visible&quot;: false,
          &quot;disabled&quot;: false
        },
        &quot;actionName&quot;: &quot;Edit&quot;
      },
      {
        &quot;routePath&quot;: null,
        &quot;iconName&quot;: null,
        &quot;controllerName&quot;: &quot;ServiceArea&quot;,
        &quot;name&quot;: &quot;ServiceArea UpdateStatus&quot;,
        &quot;displayOrder&quot;: 0,
        &quot;description&quot;: null,
        &quot;id&quot;: &quot;13514276-84ab-43d6-8542-5f166acb9b80&quot;,
        &quot;isMenu&quot;: false,
        &quot;key&quot;: &quot;ServiceArea.UpdateStatus&quot;,
        &quot;parentId&quot;: &quot;6510260c-2670-4f71-96ed-8f12986fb9cf&quot;,
        &quot;unAuthorizedProps&quot;: {
          &quot;visible&quot;: false,
          &quot;disabled&quot;: false
        },
        &quot;actionName&quot;: &quot;UpdateStatus&quot;
      },
      {
        &quot;routePath&quot;: null,
        &quot;iconName&quot;: null,
        &quot;controllerName&quot;: &quot;Language&quot;,
        &quot;name&quot;: &quot;Language Create&quot;,
        &quot;displayOrder&quot;: 0,
        &quot;description&quot;: null,
        &quot;id&quot;: &quot;70055253-2953-481a-ad68-308069f59188&quot;,
        &quot;isMenu&quot;: false,
        &quot;key&quot;: &quot;Language.Create&quot;,
        &quot;parentId&quot;: &quot;7d117917-ff5a-448f-ae1c-71b123ffabc0&quot;,
        &quot;unAuthorizedProps&quot;: {
          &quot;visible&quot;: false,
          &quot;disabled&quot;: false
        },
        &quot;actionName&quot;: &quot;Create&quot;
      },
      {
        &quot;routePath&quot;: null,
        &quot;iconName&quot;: null,
        &quot;controllerName&quot;: &quot;Banner&quot;,
        &quot;name&quot;: &quot;Banner List&quot;,
        &quot;displayOrder&quot;: 0,
        &quot;description&quot;: null,
        &quot;id&quot;: &quot;2af1fb3b-36bf-4379-b7a6-03f3e68742b2&quot;,
        &quot;isMenu&quot;: false,
        &quot;key&quot;: &quot;Banner.List&quot;,
        &quot;parentId&quot;: &quot;d01dd410-27ab-4ca2-ad2e-06ed18197543&quot;,
        &quot;unAuthorizedProps&quot;: {
          &quot;visible&quot;: false,
          &quot;disabled&quot;: false
        },
        &quot;actionName&quot;: &quot;List&quot;
      },
      {
        &quot;routePath&quot;: null,
        &quot;iconName&quot;: &quot;orders&quot;,
        &quot;controllerName&quot;: &quot;DriverApp&quot;,
        &quot;name&quot;: &quot;Orders&quot;,
        &quot;displayOrder&quot;: 0,
        &quot;description&quot;: &quot;&quot;,
        &quot;id&quot;: &quot;6fa1df30-c04b-4bef-a1d1-a67c2748e0b4&quot;,
        &quot;isMenu&quot;: true,
        &quot;key&quot;: &quot;DriverApp.Orders&quot;,
        &quot;parentId&quot;: &quot;673cefc5-8638-47b5-9440-8f3fa459f0b1&quot;,
        &quot;unAuthorizedProps&quot;: {
          &quot;visible&quot;: false,
          &quot;disabled&quot;: false
        },
        &quot;actionName&quot;: &quot;Orders&quot;
      },
      {
        &quot;routePath&quot;: null,
        &quot;iconName&quot;: &quot;blackListSVG&quot;,
        &quot;controllerName&quot;: &quot;BlackList&quot;,
        &quot;name&quot;: &quot;Black List Find&quot;,
        &quot;displayOrder&quot;: 0,
        &quot;description&quot;: null,
        &quot;id&quot;: &quot;e8a2ad2f-7dad-41a3-9696-6adefc308eb8&quot;,
        &quot;isMenu&quot;: false,
        &quot;key&quot;: &quot;BlackList.Find&quot;,
        &quot;parentId&quot;: &quot;d273c43d-77c8-4b88-8d35-9ec20a90bd11&quot;,
        &quot;unAuthorizedProps&quot;: {
          &quot;visible&quot;: false,
          &quot;disabled&quot;: false
        },
        &quot;actionName&quot;: &quot;Find&quot;
      },
      {
        &quot;routePath&quot;: null,
        &quot;iconName&quot;: &quot;ExportForFilter&quot;,
        &quot;controllerName&quot;: &quot;Product&quot;,
        &quot;name&quot;: &quot;Product ExportForFilter&quot;,
        &quot;displayOrder&quot;: 0,
        &quot;description&quot;: null,
        &quot;id&quot;: &quot;c6781e0f-f938-4907-8dc5-a17d241a8148&quot;,
        &quot;isMenu&quot;: false,
        &quot;key&quot;: &quot;Product.ExportForFilter&quot;,
        &quot;parentId&quot;: &quot;1858607f-58c2-4c69-8078-f2756c5ca81e&quot;,
        &quot;unAuthorizedProps&quot;: {
          &quot;visible&quot;: false,
          &quot;disabled&quot;: false
        },
        &quot;actionName&quot;: &quot;ExportForFilter&quot;
      },
      {
        &quot;routePath&quot;: null,
        &quot;iconName&quot;: &quot;auditSVG&quot;,
        &quot;controllerName&quot;: &quot;Audit&quot;,
        &quot;name&quot;: &quot;Audit ListForFilter&quot;,
        &quot;displayOrder&quot;: 100000,
        &quot;description&quot;: null,
        &quot;id&quot;: &quot;6db73bbc-1114-4e80-a30d-424386ffd8f5&quot;,
        &quot;isMenu&quot;: false,
        &quot;key&quot;: &quot;Audit.ListForFilter&quot;,
        &quot;parentId&quot;: &quot;76070de9-f4f5-4096-aa99-2d2bac586b44&quot;,
        &quot;unAuthorizedProps&quot;: {
          &quot;visible&quot;: false,
          &quot;disabled&quot;: false
        },
        &quot;actionName&quot;: &quot;ListForFilter&quot;
      },
      {
        &quot;routePath&quot;: null,
        &quot;iconName&quot;: null,
        &quot;controllerName&quot;: &quot;County&quot;,
        &quot;name&quot;: &quot;County Find&quot;,
        &quot;displayOrder&quot;: 0,
        &quot;description&quot;: null,
        &quot;id&quot;: &quot;d82e0244-f728-4651-b0dc-37ee070aacef&quot;,
        &quot;isMenu&quot;: false,
        &quot;key&quot;: &quot;County.Find&quot;,
        &quot;parentId&quot;: &quot;28a7ee86-bfd8-408f-97d3-82a96e1cbcc6&quot;,
        &quot;unAuthorizedProps&quot;: {
          &quot;visible&quot;: false,
          &quot;disabled&quot;: false
        },
        &quot;actionName&quot;: &quot;Find&quot;
      },
      {
        &quot;routePath&quot;: null,
        &quot;iconName&quot;: null,
        &quot;controllerName&quot;: &quot;Customer&quot;,
        &quot;name&quot;: &quot;Customer Delete&quot;,
        &quot;displayOrder&quot;: 0,
        &quot;description&quot;: null,
        &quot;id&quot;: &quot;f347f3bc-6802-4ec4-82ef-220e0032ab69&quot;,
        &quot;isMenu&quot;: false,
        &quot;key&quot;: &quot;Customer.Delete&quot;,
        &quot;parentId&quot;: &quot;07b60a01-5846-422c-b1c6-1c7a382dbd0e&quot;,
        &quot;unAuthorizedProps&quot;: {
          &quot;visible&quot;: false,
          &quot;disabled&quot;: false
        },
        &quot;actionName&quot;: &quot;Delete&quot;
      },
      {
        &quot;routePath&quot;: null,
        &quot;iconName&quot;: null,
        &quot;controllerName&quot;: &quot;Warehouse&quot;,
        &quot;name&quot;: &quot;Warehouse Edit&quot;,
        &quot;displayOrder&quot;: 0,
        &quot;description&quot;: null,
        &quot;id&quot;: &quot;8897a642-3ebb-4ed8-a71f-8dbe303509f6&quot;,
        &quot;isMenu&quot;: false,
        &quot;key&quot;: &quot;Warehouse.Edit&quot;,
        &quot;parentId&quot;: &quot;7a99d565-0e98-95af-19bd-814011ea2417&quot;,
        &quot;unAuthorizedProps&quot;: {
          &quot;visible&quot;: false,
          &quot;disabled&quot;: false
        },
        &quot;actionName&quot;: &quot;Edit&quot;
      },
      {
        &quot;routePath&quot;: null,
        &quot;iconName&quot;: null,
        &quot;controllerName&quot;: &quot;MessageTemplate&quot;,
        &quot;name&quot;: &quot;Message Template Create&quot;,
        &quot;displayOrder&quot;: 0,
        &quot;description&quot;: null,
        &quot;id&quot;: &quot;87fde03a-f96f-4317-a8e2-0b2790460da2&quot;,
        &quot;isMenu&quot;: false,
        &quot;key&quot;: &quot;MessageTemplate.Create&quot;,
        &quot;parentId&quot;: &quot;570b7634-2234-498f-939b-440805527121&quot;,
        &quot;unAuthorizedProps&quot;: {
          &quot;visible&quot;: false,
          &quot;disabled&quot;: false
        },
        &quot;actionName&quot;: &quot;Create&quot;
      },
      {
        &quot;routePath&quot;: null,
        &quot;iconName&quot;: null,
        &quot;controllerName&quot;: &quot;ServiceArea&quot;,
        &quot;name&quot;: &quot;ServiceArea Import&quot;,
        &quot;displayOrder&quot;: 0,
        &quot;description&quot;: null,
        &quot;id&quot;: &quot;6652b5a5-e837-4941-9c9c-e6cc2ae53745&quot;,
        &quot;isMenu&quot;: false,
        &quot;key&quot;: &quot;ServiceArea.Import&quot;,
        &quot;parentId&quot;: &quot;6510260c-2670-4f71-96ed-8f12986fb9cf&quot;,
        &quot;unAuthorizedProps&quot;: {
          &quot;visible&quot;: false,
          &quot;disabled&quot;: false
        },
        &quot;actionName&quot;: &quot;Import&quot;
      },
      {
        &quot;routePath&quot;: null,
        &quot;iconName&quot;: null,
        &quot;controllerName&quot;: &quot;LocaleResource&quot;,
        &quot;name&quot;: &quot;LocaleResource Create&quot;,
        &quot;displayOrder&quot;: 0,
        &quot;description&quot;: null,
        &quot;id&quot;: &quot;46f8f313-95b6-4848-9004-c69ec2dc12f4&quot;,
        &quot;isMenu&quot;: false,
        &quot;key&quot;: &quot;LocaleResource.Create&quot;,
        &quot;parentId&quot;: &quot;4c1a6c0d-765c-444a-b7c8-49e99f61d47b&quot;,
        &quot;unAuthorizedProps&quot;: {
          &quot;visible&quot;: false,
          &quot;disabled&quot;: false
        },
        &quot;actionName&quot;: &quot;Create&quot;
      },
      {
        &quot;routePath&quot;: null,
        &quot;iconName&quot;: null,
        &quot;controllerName&quot;: &quot;Customer&quot;,
        &quot;name&quot;: &quot;Customer Create&quot;,
        &quot;displayOrder&quot;: 0,
        &quot;description&quot;: null,
        &quot;id&quot;: &quot;d6fdfd07-b0f1-44ef-898b-22906287c3ef&quot;,
        &quot;isMenu&quot;: false,
        &quot;key&quot;: &quot;Customer.Create&quot;,
        &quot;parentId&quot;: &quot;07b60a01-5846-422c-b1c6-1c7a382dbd0e&quot;,
        &quot;unAuthorizedProps&quot;: {
          &quot;visible&quot;: false,
          &quot;disabled&quot;: false
        },
        &quot;actionName&quot;: &quot;Create&quot;
      },
      {
        &quot;routePath&quot;: null,
        &quot;iconName&quot;: null,
        &quot;controllerName&quot;: &quot;Banner&quot;,
        &quot;name&quot;: &quot;Banner Update Display Order&quot;,
        &quot;displayOrder&quot;: 0,
        &quot;description&quot;: null,
        &quot;id&quot;: &quot;a578fd4b-564e-4d88-87d1-aabbb183a21a&quot;,
        &quot;isMenu&quot;: false,
        &quot;key&quot;: &quot;Banner.UpdateBannerDisplayOrder&quot;,
        &quot;parentId&quot;: &quot;d01dd410-27ab-4ca2-ad2e-06ed18197543&quot;,
        &quot;unAuthorizedProps&quot;: {
          &quot;visible&quot;: false,
          &quot;disabled&quot;: false
        },
        &quot;actionName&quot;: &quot;UpdateBannerDisplayOrder&quot;
      },
      {
        &quot;routePath&quot;: null,
        &quot;iconName&quot;: null,
        &quot;controllerName&quot;: &quot;Address&quot;,
        &quot;name&quot;: &quot;Address Find&quot;,
        &quot;displayOrder&quot;: 0,
        &quot;description&quot;: null,
        &quot;id&quot;: &quot;69cd17c7-88f0-435d-9e1c-e3a178d79e21&quot;,
        &quot;isMenu&quot;: false,
        &quot;key&quot;: &quot;Address.Find&quot;,
        &quot;parentId&quot;: &quot;c3c514ef-1964-4c94-b13a-8bdd83a5b1cb&quot;,
        &quot;unAuthorizedProps&quot;: {
          &quot;visible&quot;: false,
          &quot;disabled&quot;: false
        },
        &quot;actionName&quot;: &quot;Find&quot;
      },
      {
        &quot;routePath&quot;: null,
        &quot;iconName&quot;: &quot;driverApp&quot;,
        &quot;controllerName&quot;: &quot;DriverApp&quot;,
        &quot;name&quot;: &quot;Driver Permissions&quot;,
        &quot;displayOrder&quot;: 0,
        &quot;description&quot;: null,
        &quot;id&quot;: &quot;673cefc5-8638-47b5-9440-8f3fa459f0b1&quot;,
        &quot;isMenu&quot;: false,
        &quot;key&quot;: &quot;DriverApp.Index&quot;,
        &quot;parentId&quot;: null,
        &quot;unAuthorizedProps&quot;: {
          &quot;visible&quot;: false,
          &quot;disabled&quot;: false
        },
        &quot;actionName&quot;: &quot;Index&quot;
      },
      {
        &quot;routePath&quot;: null,
        &quot;iconName&quot;: &quot;RemoteSearchForLocation&quot;,
        &quot;controllerName&quot;: &quot;Product&quot;,
        &quot;name&quot;: &quot;Product RemoteSearchForLocation&quot;,
        &quot;displayOrder&quot;: 0,
        &quot;description&quot;: null,
        &quot;id&quot;: &quot;9c90fc94-df36-4459-9a3b-c01d1f4f2211&quot;,
        &quot;isMenu&quot;: false,
        &quot;key&quot;: &quot;Product.RemoteSearchForLocation&quot;,
        &quot;parentId&quot;: &quot;1858607f-58c2-4c69-8078-f2756c5ca81e&quot;,
        &quot;unAuthorizedProps&quot;: {
          &quot;visible&quot;: false,
          &quot;disabled&quot;: false
        },
        &quot;actionName&quot;: &quot;RemoteSearchForLocation&quot;
      },
      {
        &quot;routePath&quot;: null,
        &quot;iconName&quot;: null,
        &quot;controllerName&quot;: &quot;Order&quot;,
        &quot;name&quot;: &quot;Order Cancel&quot;,
        &quot;displayOrder&quot;: 0,
        &quot;description&quot;: null,
        &quot;id&quot;: &quot;f92b5f11-f8e9-4754-85e0-f5d8666c620f&quot;,
        &quot;isMenu&quot;: false,
        &quot;key&quot;: &quot;Order.Cancel&quot;,
        &quot;parentId&quot;: &quot;872b9f8c-c48d-dfeb-de32-1be0c3c38dbb&quot;,
        &quot;unAuthorizedProps&quot;: {
          &quot;visible&quot;: false,
          &quot;disabled&quot;: false
        },
        &quot;actionName&quot;: &quot;Cancel&quot;
      },
      {
        &quot;routePath&quot;: null,
        &quot;iconName&quot;: null,
        &quot;controllerName&quot;: &quot;Category&quot;,
        &quot;name&quot;: &quot;Category UploadImage&quot;,
        &quot;displayOrder&quot;: 0,
        &quot;description&quot;: null,
        &quot;id&quot;: &quot;ae860d95-cc13-4b86-a535-202aa716c973&quot;,
        &quot;isMenu&quot;: false,
        &quot;key&quot;: &quot;Category.UploadImage&quot;,
        &quot;parentId&quot;: &quot;9bbddb67-d7f2-44d3-8d09-6bd04f8b6f79&quot;,
        &quot;unAuthorizedProps&quot;: {
          &quot;visible&quot;: false,
          &quot;disabled&quot;: false
        },
        &quot;actionName&quot;: &quot;UploadImage&quot;
      },
      {
        &quot;routePath&quot;: null,
        &quot;iconName&quot;: null,
        &quot;controllerName&quot;: &quot;Warehouse&quot;,
        &quot;name&quot;: &quot;Warehouse UpdateWarehouseQuantity&quot;,
        &quot;displayOrder&quot;: 0,
        &quot;description&quot;: null,
        &quot;id&quot;: &quot;95ea9fb5-2548-4bf4-bcad-937757b47ea9&quot;,
        &quot;isMenu&quot;: false,
        &quot;key&quot;: &quot;Warehouse.UpdateWarehouseQuantity&quot;,
        &quot;parentId&quot;: &quot;7a99d565-0e98-95af-19bd-814011ea2417&quot;,
        &quot;unAuthorizedProps&quot;: {
          &quot;visible&quot;: false,
          &quot;disabled&quot;: false
        },
        &quot;actionName&quot;: &quot;UpdateWarehouseQuantity&quot;
      },
      {
        &quot;routePath&quot;: null,
        &quot;iconName&quot;: null,
        &quot;controllerName&quot;: &quot;Warehouse&quot;,
        &quot;name&quot;: &quot;Warehouse Find&quot;,
        &quot;displayOrder&quot;: 0,
        &quot;description&quot;: null,
        &quot;id&quot;: &quot;15cd689d-00ad-40d4-9b1d-7a231ecb323e&quot;,
        &quot;isMenu&quot;: false,
        &quot;key&quot;: &quot;Warehouse.Find&quot;,
        &quot;parentId&quot;: &quot;7a99d565-0e98-95af-19bd-814011ea2417&quot;,
        &quot;unAuthorizedProps&quot;: {
          &quot;visible&quot;: false,
          &quot;disabled&quot;: false
        },
        &quot;actionName&quot;: &quot;Find&quot;
      },
      {
        &quot;routePath&quot;: &quot;inventory&quot;,
        &quot;iconName&quot;: &quot;inventorySVG&quot;,
        &quot;controllerName&quot;: &quot;Inventory&quot;,
        &quot;name&quot;: &quot;Inventory&quot;,
        &quot;displayOrder&quot;: 400,
        &quot;description&quot;: null,
        &quot;id&quot;: &quot;40fdcf04-65b5-4fc0-8e17-ddd1f84b1b0a&quot;,
        &quot;isMenu&quot;: true,
        &quot;key&quot;: &quot;Inventory.Index&quot;,
        &quot;parentId&quot;: null,
        &quot;unAuthorizedProps&quot;: {
          &quot;visible&quot;: false,
          &quot;disabled&quot;: false
        },
        &quot;actionName&quot;: &quot;Index&quot;
      },
      {
        &quot;routePath&quot;: null,
        &quot;iconName&quot;: null,
        &quot;controllerName&quot;: &quot;Customer&quot;,
        &quot;name&quot;: &quot;Customer ListForCouponCode&quot;,
        &quot;displayOrder&quot;: 0,
        &quot;description&quot;: null,
        &quot;id&quot;: &quot;9ace28d6-ab7f-4459-a605-232a0b6d2a77&quot;,
        &quot;isMenu&quot;: false,
        &quot;key&quot;: &quot;Customer.ListForCouponCode&quot;,
        &quot;parentId&quot;: &quot;07b60a01-5846-422c-b1c6-1c7a382dbd0e&quot;,
        &quot;unAuthorizedProps&quot;: {
          &quot;visible&quot;: false,
          &quot;disabled&quot;: false
        },
        &quot;actionName&quot;: &quot;ListForCouponCode&quot;
      },
      {
        &quot;routePath&quot;: null,
        &quot;iconName&quot;: null,
        &quot;controllerName&quot;: &quot;Campaign&quot;,
        &quot;name&quot;: &quot;Campaign Delete&quot;,
        &quot;displayOrder&quot;: 0,
        &quot;description&quot;: null,
        &quot;id&quot;: &quot;fd0189db-b2a0-4e72-ae4f-bfc608a105cc&quot;,
        &quot;isMenu&quot;: false,
        &quot;key&quot;: &quot;Campaign.Delete&quot;,
        &quot;parentId&quot;: &quot;fd2f794b-65fb-4da6-9bdb-835c466e4321&quot;,
        &quot;unAuthorizedProps&quot;: {
          &quot;visible&quot;: false,
          &quot;disabled&quot;: false
        },
        &quot;actionName&quot;: &quot;Delete&quot;
      },
      {
        &quot;routePath&quot;: null,
        &quot;iconName&quot;: &quot;Edit&quot;,
        &quot;controllerName&quot;: &quot;Product&quot;,
        &quot;name&quot;: &quot;Product Edit&quot;,
        &quot;displayOrder&quot;: 0,
        &quot;description&quot;: null,
        &quot;id&quot;: &quot;14e27911-45ec-4d84-8519-6c780671a1d4&quot;,
        &quot;isMenu&quot;: false,
        &quot;key&quot;: &quot;Product.Edit&quot;,
        &quot;parentId&quot;: &quot;1858607f-58c2-4c69-8078-f2756c5ca81e&quot;,
        &quot;unAuthorizedProps&quot;: {
          &quot;visible&quot;: false,
          &quot;disabled&quot;: false
        },
        &quot;actionName&quot;: &quot;Edit&quot;
      },
      {
        &quot;routePath&quot;: null,
        &quot;iconName&quot;: &quot;categorySVG&quot;,
        &quot;controllerName&quot;: &quot;Catalog&quot;,
        &quot;name&quot;: &quot;Catalog&quot;,
        &quot;displayOrder&quot;: 300,
        &quot;description&quot;: null,
        &quot;id&quot;: &quot;8b40e125-ffeb-4cf1-ba4b-0ac72aac09d9&quot;,
        &quot;isMenu&quot;: true,
        &quot;key&quot;: &quot;Catalog.Index&quot;,
        &quot;parentId&quot;: null,
        &quot;unAuthorizedProps&quot;: {
          &quot;visible&quot;: false,
          &quot;disabled&quot;: false
        },
        &quot;actionName&quot;: &quot;Index&quot;
      },
      {
        &quot;routePath&quot;: null,
        &quot;iconName&quot;: null,
        &quot;controllerName&quot;: &quot;Rider&quot;,
        &quot;name&quot;: &quot;List Warehouse&quot;,
        &quot;displayOrder&quot;: 0,
        &quot;description&quot;: null,
        &quot;id&quot;: &quot;b3974f99-cfc1-4eea-a71d-cb2d63fbe23b&quot;,
        &quot;isMenu&quot;: false,
        &quot;key&quot;: &quot;Rider.ListWarehouse&quot;,
        &quot;parentId&quot;: &quot;1b716d9c-2bf6-4a16-9bd1-2214d14b6cc7&quot;,
        &quot;unAuthorizedProps&quot;: {
          &quot;visible&quot;: false,
          &quot;disabled&quot;: false
        },
        &quot;actionName&quot;: &quot;ListWarehouse&quot;
      },
      {
        &quot;routePath&quot;: null,
        &quot;iconName&quot;: null,
        &quot;controllerName&quot;: &quot;ZipCode&quot;,
        &quot;name&quot;: &quot;ZipCode Find&quot;,
        &quot;displayOrder&quot;: 0,
        &quot;description&quot;: null,
        &quot;id&quot;: &quot;6ce0a1fe-663d-4167-9095-41ead097b95d&quot;,
        &quot;isMenu&quot;: false,
        &quot;key&quot;: &quot;ZipCode.Find&quot;,
        &quot;parentId&quot;: &quot;8aa34e38-533b-4ab7-bad7-0eaa7b5dec9c&quot;,
        &quot;unAuthorizedProps&quot;: {
          &quot;visible&quot;: false,
          &quot;disabled&quot;: false
        },
        &quot;actionName&quot;: &quot;Find&quot;
      },
      {
        &quot;routePath&quot;: null,
        &quot;iconName&quot;: null,
        &quot;controllerName&quot;: &quot;Country&quot;,
        &quot;name&quot;: &quot;Country Index&quot;,
        &quot;displayOrder&quot;: 0,
        &quot;description&quot;: null,
        &quot;id&quot;: &quot;9c15db73-badc-4894-ab1b-d8261bac91c2&quot;,
        &quot;isMenu&quot;: false,
        &quot;key&quot;: &quot;Country.Index&quot;,
        &quot;parentId&quot;: null,
        &quot;unAuthorizedProps&quot;: {
          &quot;visible&quot;: false,
          &quot;disabled&quot;: false
        },
        &quot;actionName&quot;: &quot;Index&quot;
      },
      {
        &quot;routePath&quot;: &quot;campaigns&quot;,
        &quot;iconName&quot;: &quot;campaignSVG&quot;,
        &quot;controllerName&quot;: &quot;Campaign&quot;,
        &quot;name&quot;: &quot;Campaigns&quot;,
        &quot;displayOrder&quot;: 200,
        &quot;description&quot;: null,
        &quot;id&quot;: &quot;fd2f794b-65fb-4da6-9bdb-835c466e4321&quot;,
        &quot;isMenu&quot;: true,
        &quot;key&quot;: &quot;Campaign.Index&quot;,
        &quot;parentId&quot;: null,
        &quot;unAuthorizedProps&quot;: {
          &quot;visible&quot;: false,
          &quot;disabled&quot;: false
        },
        &quot;actionName&quot;: &quot;Index&quot;
      },
      {
        &quot;routePath&quot;: &quot;&quot;,
        &quot;iconName&quot;: &quot;resourcesSVG&quot;,
        &quot;controllerName&quot;: &quot;Resource&quot;,
        &quot;name&quot;: &quot;Resources&quot;,
        &quot;displayOrder&quot;: 900,
        &quot;description&quot;: null,
        &quot;id&quot;: &quot;8f4ea0ae-2382-4769-8584-5f2f2b1520c8&quot;,
        &quot;isMenu&quot;: true,
        &quot;key&quot;: &quot;Resource.Index&quot;,
        &quot;parentId&quot;: null,
        &quot;unAuthorizedProps&quot;: {
          &quot;visible&quot;: false,
          &quot;disabled&quot;: false
        },
        &quot;actionName&quot;: &quot;Index&quot;
      },
      {
        &quot;routePath&quot;: null,
        &quot;iconName&quot;: null,
        &quot;controllerName&quot;: &quot;State&quot;,
        &quot;name&quot;: &quot;State Index&quot;,
        &quot;displayOrder&quot;: 0,
        &quot;description&quot;: null,
        &quot;id&quot;: &quot;4842baa6-3b5e-40d1-ba2c-aa896962f8a7&quot;,
        &quot;isMenu&quot;: false,
        &quot;key&quot;: &quot;State.Index&quot;,
        &quot;parentId&quot;: null,
        &quot;unAuthorizedProps&quot;: {
          &quot;visible&quot;: false,
          &quot;disabled&quot;: false
        },
        &quot;actionName&quot;: &quot;Index&quot;
      },
      {
        &quot;routePath&quot;: null,
        &quot;iconName&quot;: null,
        &quot;controllerName&quot;: &quot;Order&quot;,
        &quot;name&quot;: &quot;Order Create&quot;,
        &quot;displayOrder&quot;: 0,
        &quot;description&quot;: null,
        &quot;id&quot;: &quot;5c9d78b5-a896-4f09-81f5-3772241f9c78&quot;,
        &quot;isMenu&quot;: false,
        &quot;key&quot;: &quot;Order.Create&quot;,
        &quot;parentId&quot;: &quot;872b9f8c-c48d-dfeb-de32-1be0c3c38dbb&quot;,
        &quot;unAuthorizedProps&quot;: {
          &quot;visible&quot;: false,
          &quot;disabled&quot;: false
        },
        &quot;actionName&quot;: &quot;Create&quot;
      },
      {
        &quot;routePath&quot;: null,
        &quot;iconName&quot;: &quot;blackListSVG&quot;,
        &quot;controllerName&quot;: &quot;BlackList&quot;,
        &quot;name&quot;: &quot;Black List Delete&quot;,
        &quot;displayOrder&quot;: 0,
        &quot;description&quot;: null,
        &quot;id&quot;: &quot;ac6ae6a5-d189-4a17-b8a0-26fbbc3f6e27&quot;,
        &quot;isMenu&quot;: false,
        &quot;key&quot;: &quot;BlackList.Delete&quot;,
        &quot;parentId&quot;: &quot;d273c43d-77c8-4b88-8d35-9ec20a90bd11&quot;,
        &quot;unAuthorizedProps&quot;: {
          &quot;visible&quot;: false,
          &quot;disabled&quot;: false
        },
        &quot;actionName&quot;: &quot;Delete&quot;
      },
      {
        &quot;routePath&quot;: null,
        &quot;iconName&quot;: null,
        &quot;controllerName&quot;: &quot;Role&quot;,
        &quot;name&quot;: &quot;Role Find&quot;,
        &quot;displayOrder&quot;: 0,
        &quot;description&quot;: null,
        &quot;id&quot;: &quot;93ff5806-4453-44a3-bc9b-557783976d40&quot;,
        &quot;isMenu&quot;: false,
        &quot;key&quot;: &quot;Role.Find&quot;,
        &quot;parentId&quot;: &quot;e98d2f21-52f8-41cb-9b3f-fe979b5f0578&quot;,
        &quot;unAuthorizedProps&quot;: {
          &quot;visible&quot;: false,
          &quot;disabled&quot;: false
        },
        &quot;actionName&quot;: &quot;Find&quot;
      },
      {
        &quot;routePath&quot;: null,
        &quot;iconName&quot;: &quot;RemoteSearchForSubCategories&quot;,
        &quot;controllerName&quot;: &quot;Category&quot;,
        &quot;name&quot;: &quot;Category RemoteSearchForSubCategories&quot;,
        &quot;displayOrder&quot;: 0,
        &quot;description&quot;: null,
        &quot;id&quot;: &quot;6db1a08e-e179-4c17-9191-fa48c4e91f43&quot;,
        &quot;isMenu&quot;: false,
        &quot;key&quot;: &quot;Category.RemoteSearchForSubCategories&quot;,
        &quot;parentId&quot;: &quot;501d66f1-cdeb-4f10-85d2-6e00d60e36c9&quot;,
        &quot;unAuthorizedProps&quot;: {
          &quot;visible&quot;: false,
          &quot;disabled&quot;: false
        },
        &quot;actionName&quot;: &quot;RemoteSearchForSubCategories&quot;
      },
      {
        &quot;routePath&quot;: null,
        &quot;iconName&quot;: null,
        &quot;controllerName&quot;: &quot;Warehouse&quot;,
        &quot;name&quot;: &quot;Warehouse ImportWarehouseStock&quot;,
        &quot;displayOrder&quot;: 0,
        &quot;description&quot;: null,
        &quot;id&quot;: &quot;32b123d7-64e0-437b-85ee-e231221123c4&quot;,
        &quot;isMenu&quot;: false,
        &quot;key&quot;: &quot;Warehouse.ImportWarehouseStock&quot;,
        &quot;parentId&quot;: &quot;7a99d565-0e98-95af-19bd-814011ea2417&quot;,
        &quot;unAuthorizedProps&quot;: {
          &quot;visible&quot;: false,
          &quot;disabled&quot;: false
        },
        &quot;actionName&quot;: &quot;ImportWarehouseStock&quot;
      },
      {
        &quot;routePath&quot;: &quot;&quot;,
        &quot;iconName&quot;: &quot;&quot;,
        &quot;controllerName&quot;: &quot;Category&quot;,
        &quot;name&quot;: &quot;Category DeleteImage&quot;,
        &quot;displayOrder&quot;: 0,
        &quot;description&quot;: &quot;&quot;,
        &quot;id&quot;: &quot;abfccc7e-7b90-4102-a774-6064c670950a&quot;,
        &quot;isMenu&quot;: false,
        &quot;key&quot;: &quot;Category.DeleteImage&quot;,
        &quot;parentId&quot;: &quot;9bbddb67-d7f2-44d3-8d09-6bd04f8b6f79&quot;,
        &quot;unAuthorizedProps&quot;: {
          &quot;visible&quot;: false,
          &quot;disabled&quot;: false
        },
        &quot;actionName&quot;: &quot;DeleteImage&quot;
      },
      {
        &quot;routePath&quot;: null,
        &quot;iconName&quot;: null,
        &quot;controllerName&quot;: &quot;Role&quot;,
        &quot;name&quot;: &quot;Role Edit&quot;,
        &quot;displayOrder&quot;: 0,
        &quot;description&quot;: null,
        &quot;id&quot;: &quot;e659fa87-caf3-44e3-b5c2-1e0a78323f20&quot;,
        &quot;isMenu&quot;: false,
        &quot;key&quot;: &quot;Role.Edit&quot;,
        &quot;parentId&quot;: &quot;e98d2f21-52f8-41cb-9b3f-fe979b5f0578&quot;,
        &quot;unAuthorizedProps&quot;: {
          &quot;visible&quot;: false,
          &quot;disabled&quot;: false
        },
        &quot;actionName&quot;: &quot;Edit&quot;
      },
      {
        &quot;routePath&quot;: null,
        &quot;iconName&quot;: null,
        &quot;controllerName&quot;: &quot;Banner&quot;,
        &quot;name&quot;: &quot;Banner Delete&quot;,
        &quot;displayOrder&quot;: 0,
        &quot;description&quot;: null,
        &quot;id&quot;: &quot;21357ea8-c21e-4c43-846a-714dc3de69b2&quot;,
        &quot;isMenu&quot;: false,
        &quot;key&quot;: &quot;Banner.Delete&quot;,
        &quot;parentId&quot;: &quot;d01dd410-27ab-4ca2-ad2e-06ed18197543&quot;,
        &quot;unAuthorizedProps&quot;: {
          &quot;visible&quot;: false,
          &quot;disabled&quot;: false
        },
        &quot;actionName&quot;: &quot;Delete&quot;
      },
      {
        &quot;routePath&quot;: &quot;message-templates&quot;,
        &quot;iconName&quot;: &quot;messageSVG&quot;,
        &quot;controllerName&quot;: &quot;MessageTemplate&quot;,
        &quot;name&quot;: &quot;Message Templates&quot;,
        &quot;displayOrder&quot;: 0,
        &quot;description&quot;: null,
        &quot;id&quot;: &quot;570b7634-2234-498f-939b-440805527121&quot;,
        &quot;isMenu&quot;: true,
        &quot;key&quot;: &quot;MessageTemplate.Index&quot;,
        &quot;parentId&quot;: &quot;8f4ea0ae-2382-4769-8584-5f2f2b1520c8&quot;,
        &quot;unAuthorizedProps&quot;: {
          &quot;visible&quot;: false,
          &quot;disabled&quot;: false
        },
        &quot;actionName&quot;: &quot;Index&quot;
      },
      {
        &quot;routePath&quot;: null,
        &quot;iconName&quot;: null,
        &quot;controllerName&quot;: &quot;Banner&quot;,
        &quot;name&quot;: &quot;Banner Find&quot;,
        &quot;displayOrder&quot;: 0,
        &quot;description&quot;: null,
        &quot;id&quot;: &quot;d251bc51-e2ad-4581-a0f3-30fa44141403&quot;,
        &quot;isMenu&quot;: false,
        &quot;key&quot;: &quot;Banner.Find&quot;,
        &quot;parentId&quot;: &quot;d01dd410-27ab-4ca2-ad2e-06ed18197543&quot;,
        &quot;unAuthorizedProps&quot;: {
          &quot;visible&quot;: false,
          &quot;disabled&quot;: false
        },
        &quot;actionName&quot;: &quot;Find&quot;
      },
      {
        &quot;routePath&quot;: null,
        &quot;iconName&quot;: null,
        &quot;controllerName&quot;: &quot;Region&quot;,
        &quot;name&quot;: &quot;Region&quot;,
        &quot;displayOrder&quot;: 0,
        &quot;description&quot;: null,
        &quot;id&quot;: &quot;ea3629e8-4946-4c94-831b-445ff5e05927&quot;,
        &quot;isMenu&quot;: false,
        &quot;key&quot;: &quot;Region.Delete&quot;,
        &quot;parentId&quot;: &quot;636ed702-38d2-4f20-967d-54564a31315f&quot;,
        &quot;unAuthorizedProps&quot;: {
          &quot;visible&quot;: false,
          &quot;disabled&quot;: false
        },
        &quot;actionName&quot;: &quot;Delete&quot;
      },
      {
        &quot;routePath&quot;: &quot;riders&quot;,
        &quot;iconName&quot;: &quot;riderSVG&quot;,
        &quot;controllerName&quot;: &quot;Rider&quot;,
        &quot;name&quot;: &quot;Driver&quot;,
        &quot;displayOrder&quot;: 620,
        &quot;description&quot;: null,
        &quot;id&quot;: &quot;1b716d9c-2bf6-4a16-9bd1-2214d14b6cc7&quot;,
        &quot;isMenu&quot;: true,
        &quot;key&quot;: &quot;Rider.Index&quot;,
        &quot;parentId&quot;: &quot;8b04f24a-f777-5455-9d4b-5d32257d3d62&quot;,
        &quot;unAuthorizedProps&quot;: {
          &quot;visible&quot;: false,
          &quot;disabled&quot;: false
        },
        &quot;actionName&quot;: &quot;Index&quot;
      },
      {
        &quot;routePath&quot;: &quot;permissions&quot;,
        &quot;iconName&quot;: &quot;permissionSVG&quot;,
        &quot;controllerName&quot;: &quot;Permission&quot;,
        &quot;name&quot;: &quot;Permissions&quot;,
        &quot;displayOrder&quot;: 640,
        &quot;description&quot;: null,
        &quot;id&quot;: &quot;213aad81-551b-49f7-9d15-f11f5b9e7e88&quot;,
        &quot;isMenu&quot;: true,
        &quot;key&quot;: &quot;Permission.Index&quot;,
        &quot;parentId&quot;: &quot;8b04f24a-f777-5455-9d4b-5d32257d3d62&quot;,
        &quot;unAuthorizedProps&quot;: {
          &quot;visible&quot;: false,
          &quot;disabled&quot;: false
        },
        &quot;actionName&quot;: &quot;Index&quot;
      },
      {
        &quot;routePath&quot;: null,
        &quot;iconName&quot;: null,
        &quot;controllerName&quot;: &quot;County&quot;,
        &quot;name&quot;: &quot;County Edit&quot;,
        &quot;displayOrder&quot;: 0,
        &quot;description&quot;: null,
        &quot;id&quot;: &quot;ba784849-f3ea-4d98-8dc8-194743397b68&quot;,
        &quot;isMenu&quot;: false,
        &quot;key&quot;: &quot;County.Edit&quot;,
        &quot;parentId&quot;: &quot;28a7ee86-bfd8-408f-97d3-82a96e1cbcc6&quot;,
        &quot;unAuthorizedProps&quot;: {
          &quot;visible&quot;: false,
          &quot;disabled&quot;: false
        },
        &quot;actionName&quot;: &quot;Edit&quot;
      },
      {
        &quot;routePath&quot;: null,
        &quot;iconName&quot;: null,
        &quot;controllerName&quot;: &quot;ZipCode&quot;,
        &quot;name&quot;: &quot;ZipCode List&quot;,
        &quot;displayOrder&quot;: 0,
        &quot;description&quot;: null,
        &quot;id&quot;: &quot;48ed0371-cd67-4620-b3d7-8c71e947c93f&quot;,
        &quot;isMenu&quot;: false,
        &quot;key&quot;: &quot;ZipCode.List&quot;,
        &quot;parentId&quot;: &quot;8aa34e38-533b-4ab7-bad7-0eaa7b5dec9c&quot;,
        &quot;unAuthorizedProps&quot;: {
          &quot;visible&quot;: false,
          &quot;disabled&quot;: false
        },
        &quot;actionName&quot;: &quot;List&quot;
      },
      {
        &quot;routePath&quot;: null,
        &quot;iconName&quot;: null,
        &quot;controllerName&quot;: &quot;Role&quot;,
        &quot;name&quot;: &quot;Role Delete&quot;,
        &quot;displayOrder&quot;: 0,
        &quot;description&quot;: null,
        &quot;id&quot;: &quot;72327532-7e7b-443e-8f6c-1af60992346e&quot;,
        &quot;isMenu&quot;: false,
        &quot;key&quot;: &quot;Role.Delete&quot;,
        &quot;parentId&quot;: &quot;e98d2f21-52f8-41cb-9b3f-fe979b5f0578&quot;,
        &quot;unAuthorizedProps&quot;: {
          &quot;visible&quot;: false,
          &quot;disabled&quot;: false
        },
        &quot;actionName&quot;: &quot;Delete&quot;
      },
      {
        &quot;routePath&quot;: null,
        &quot;iconName&quot;: null,
        &quot;controllerName&quot;: &quot;County&quot;,
        &quot;name&quot;: &quot;County List&quot;,
        &quot;displayOrder&quot;: 0,
        &quot;description&quot;: null,
        &quot;id&quot;: &quot;b585755d-7f4f-43b0-8d1e-f2d807abcec4&quot;,
        &quot;isMenu&quot;: false,
        &quot;key&quot;: &quot;County.List&quot;,
        &quot;parentId&quot;: &quot;28a7ee86-bfd8-408f-97d3-82a96e1cbcc6&quot;,
        &quot;unAuthorizedProps&quot;: {
          &quot;visible&quot;: false,
          &quot;disabled&quot;: false
        },
        &quot;actionName&quot;: &quot;List&quot;
      },
      {
        &quot;routePath&quot;: null,
        &quot;iconName&quot;: null,
        &quot;controllerName&quot;: &quot;State&quot;,
        &quot;name&quot;: &quot;State List&quot;,
        &quot;displayOrder&quot;: 0,
        &quot;description&quot;: null,
        &quot;id&quot;: &quot;b3223f02-9caa-4de6-9340-052b6c64b670&quot;,
        &quot;isMenu&quot;: false,
        &quot;key&quot;: &quot;State.List&quot;,
        &quot;parentId&quot;: &quot;4842baa6-3b5e-40d1-ba2c-aa896962f8a7&quot;,
        &quot;unAuthorizedProps&quot;: {
          &quot;visible&quot;: false,
          &quot;disabled&quot;: false
        },
        &quot;actionName&quot;: &quot;List&quot;
      },
      {
        &quot;routePath&quot;: &quot;orders&quot;,
        &quot;iconName&quot;: &quot;ordersSVG&quot;,
        &quot;controllerName&quot;: &quot;Order&quot;,
        &quot;name&quot;: &quot;Status Count&quot;,
        &quot;displayOrder&quot;: 0,
        &quot;description&quot;: null,
        &quot;id&quot;: &quot;cebe4f6e-97cb-4744-be13-802d6ec99207&quot;,
        &quot;isMenu&quot;: false,
        &quot;key&quot;: &quot;Order.OrderStatusCount&quot;,
        &quot;parentId&quot;: &quot;872b9f8c-c48d-dfeb-de32-1be0c3c38dbb&quot;,
        &quot;unAuthorizedProps&quot;: {
          &quot;visible&quot;: false,
          &quot;disabled&quot;: false
        },
        &quot;actionName&quot;: &quot;OrderStatusCount&quot;
      },
      {
        &quot;routePath&quot;: null,
        &quot;iconName&quot;: null,
        &quot;controllerName&quot;: &quot;Region&quot;,
        &quot;name&quot;: &quot;Region Index&quot;,
        &quot;displayOrder&quot;: 0,
        &quot;description&quot;: null,
        &quot;id&quot;: &quot;636ed702-38d2-4f20-967d-54564a31315f&quot;,
        &quot;isMenu&quot;: false,
        &quot;key&quot;: &quot;Region.Index&quot;,
        &quot;parentId&quot;: null,
        &quot;unAuthorizedProps&quot;: {
          &quot;visible&quot;: false,
          &quot;disabled&quot;: false
        },
        &quot;actionName&quot;: &quot;Index&quot;
      },
      {
        &quot;routePath&quot;: null,
        &quot;iconName&quot;: null,
        &quot;controllerName&quot;: &quot;Region&quot;,
        &quot;name&quot;: &quot;Region List&quot;,
        &quot;displayOrder&quot;: 0,
        &quot;description&quot;: null,
        &quot;id&quot;: &quot;9c05f19c-13b9-498e-aacb-e3c0f3e1d478&quot;,
        &quot;isMenu&quot;: false,
        &quot;key&quot;: &quot;Region.List&quot;,
        &quot;parentId&quot;: &quot;636ed702-38d2-4f20-967d-54564a31315f&quot;,
        &quot;unAuthorizedProps&quot;: {
          &quot;visible&quot;: false,
          &quot;disabled&quot;: false
        },
        &quot;actionName&quot;: &quot;List&quot;
      },
      {
        &quot;routePath&quot;: &quot;banners&quot;,
        &quot;iconName&quot;: &quot;bannerSVG&quot;,
        &quot;controllerName&quot;: &quot;Banner&quot;,
        &quot;name&quot;: &quot;Banner&quot;,
        &quot;displayOrder&quot;: 920,
        &quot;description&quot;: null,
        &quot;id&quot;: &quot;d01dd410-27ab-4ca2-ad2e-06ed18197543&quot;,
        &quot;isMenu&quot;: true,
        &quot;key&quot;: &quot;Banner.Index&quot;,
        &quot;parentId&quot;: &quot;8f4ea0ae-2382-4769-8584-5f2f2b1520c8&quot;,
        &quot;unAuthorizedProps&quot;: {
          &quot;visible&quot;: false,
          &quot;disabled&quot;: false
        },
        &quot;actionName&quot;: &quot;Index&quot;
      },
      {
        &quot;routePath&quot;: null,
        &quot;iconName&quot;: null,
        &quot;controllerName&quot;: &quot;MessageTemplate&quot;,
        &quot;name&quot;: &quot;Message Template Find&quot;,
        &quot;displayOrder&quot;: 0,
        &quot;description&quot;: null,
        &quot;id&quot;: &quot;c4cda510-6ac9-41c7-ae6e-74e42b8672b2&quot;,
        &quot;isMenu&quot;: false,
        &quot;key&quot;: &quot;MessageTemplate.Find&quot;,
        &quot;parentId&quot;: &quot;570b7634-2234-498f-939b-440805527121&quot;,
        &quot;unAuthorizedProps&quot;: {
          &quot;visible&quot;: false,
          &quot;disabled&quot;: false
        },
        &quot;actionName&quot;: &quot;Find&quot;
      },
      {
        &quot;routePath&quot;: null,
        &quot;iconName&quot;: null,
        &quot;controllerName&quot;: &quot;Address&quot;,
        &quot;name&quot;: &quot;Address Delete&quot;,
        &quot;displayOrder&quot;: 0,
        &quot;description&quot;: null,
        &quot;id&quot;: &quot;fbfbd05c-64df-4fd5-b4b1-8ae1d6d0ab09&quot;,
        &quot;isMenu&quot;: false,
        &quot;key&quot;: &quot;Address.Delete&quot;,
        &quot;parentId&quot;: &quot;c3c514ef-1964-4c94-b13a-8bdd83a5b1cb&quot;,
        &quot;unAuthorizedProps&quot;: {
          &quot;visible&quot;: false,
          &quot;disabled&quot;: false
        },
        &quot;actionName&quot;: &quot;Delete&quot;
      },
      {
        &quot;routePath&quot;: null,
        &quot;iconName&quot;: null,
        &quot;controllerName&quot;: &quot;CouponCode&quot;,
        &quot;name&quot;: &quot;CouponCode&quot;,
        &quot;displayOrder&quot;: 0,
        &quot;description&quot;: null,
        &quot;id&quot;: &quot;b9a73bf9-fbb5-4c88-92c2-f307b6441d6a&quot;,
        &quot;isMenu&quot;: false,
        &quot;key&quot;: &quot;CouponCode.Find&quot;,
        &quot;parentId&quot;: &quot;5aaef586-e311-4265-a241-6eb9758d6541&quot;,
        &quot;unAuthorizedProps&quot;: {
          &quot;visible&quot;: false,
          &quot;disabled&quot;: false
        },
        &quot;actionName&quot;: &quot;Find&quot;
      },
      {
        &quot;routePath&quot;: null,
        &quot;iconName&quot;: null,
        &quot;controllerName&quot;: &quot;Admin&quot;,
        &quot;name&quot;: &quot;Admin Access&quot;,
        &quot;displayOrder&quot;: 0,
        &quot;description&quot;: null,
        &quot;id&quot;: &quot;3e00e509-1d51-489b-b91a-55fe8f3c6edb&quot;,
        &quot;isMenu&quot;: false,
        &quot;key&quot;: &quot;Admin.Access&quot;,
        &quot;parentId&quot;: null,
        &quot;unAuthorizedProps&quot;: {
          &quot;visible&quot;: false,
          &quot;disabled&quot;: false
        },
        &quot;actionName&quot;: &quot;Access&quot;
      },
      {
        &quot;routePath&quot;: null,
        &quot;iconName&quot;: null,
        &quot;controllerName&quot;: &quot;Campaign&quot;,
        &quot;name&quot;: &quot;Campaign Edit&quot;,
        &quot;displayOrder&quot;: 0,
        &quot;description&quot;: null,
        &quot;id&quot;: &quot;dc1d5cc3-524b-4eaa-9a9f-ee84215e1861&quot;,
        &quot;isMenu&quot;: false,
        &quot;key&quot;: &quot;Campaign.Edit&quot;,
        &quot;parentId&quot;: &quot;fd2f794b-65fb-4da6-9bdb-835c466e4321&quot;,
        &quot;unAuthorizedProps&quot;: {
          &quot;visible&quot;: false,
          &quot;disabled&quot;: false
        },
        &quot;actionName&quot;: &quot;Edit&quot;
      },
      {
        &quot;routePath&quot;: null,
        &quot;iconName&quot;: null,
        &quot;controllerName&quot;: &quot;Category&quot;,
        &quot;name&quot;: &quot;Category Delete&quot;,
        &quot;displayOrder&quot;: 0,
        &quot;description&quot;: null,
        &quot;id&quot;: &quot;b83891f7-ad63-4ffc-8ce2-54f1fe6c2655&quot;,
        &quot;isMenu&quot;: false,
        &quot;key&quot;: &quot;Category.Delete&quot;,
        &quot;parentId&quot;: &quot;9bbddb67-d7f2-44d3-8d09-6bd04f8b6f79&quot;,
        &quot;unAuthorizedProps&quot;: {
          &quot;visible&quot;: false,
          &quot;disabled&quot;: false
        },
        &quot;actionName&quot;: &quot;Delete&quot;
      },
      {
        &quot;routePath&quot;: &quot;order-history&quot;,
        &quot;iconName&quot;: &quot;orderHistorySVG&quot;,
        &quot;controllerName&quot;: &quot;Order&quot;,
        &quot;name&quot;: &quot;Order History&quot;,
        &quot;displayOrder&quot;: 110,
        &quot;description&quot;: null,
        &quot;id&quot;: &quot;14cbd334-6cd3-42b3-9b65-6bbeff98691f&quot;,
        &quot;isMenu&quot;: true,
        &quot;key&quot;: &quot;Order.History&quot;,
        &quot;parentId&quot;: &quot;872b9f8c-c48d-dfeb-de32-1be0c3c38dbb&quot;,
        &quot;unAuthorizedProps&quot;: {
          &quot;visible&quot;: false,
          &quot;disabled&quot;: false
        },
        &quot;actionName&quot;: &quot;History&quot;
      },
      {
        &quot;routePath&quot;: null,
        &quot;iconName&quot;: &quot;GetWarehousesByProductQuantities&quot;,
        &quot;controllerName&quot;: &quot;Warehouse&quot;,
        &quot;name&quot;: &quot;Warehouse GetWarehousesByProductQuantities&quot;,
        &quot;displayOrder&quot;: 0,
        &quot;description&quot;: null,
        &quot;id&quot;: &quot;03c0e9ba-00e5-4526-bed3-8b92b5ed5b00&quot;,
        &quot;isMenu&quot;: false,
        &quot;key&quot;: &quot;Warehouse.GetWarehousesByProductQuantities&quot;,
        &quot;parentId&quot;: &quot;7a99d565-0e98-95af-19bd-814011ea2417&quot;,
        &quot;unAuthorizedProps&quot;: {
          &quot;visible&quot;: false,
          &quot;disabled&quot;: false
        },
        &quot;actionName&quot;: &quot;GetWarehousesByProductQuantities&quot;
      },
      {
        &quot;routePath&quot;: null,
        &quot;iconName&quot;: null,
        &quot;controllerName&quot;: &quot;Customer&quot;,
        &quot;name&quot;: &quot;Customer Edit&quot;,
        &quot;displayOrder&quot;: 0,
        &quot;description&quot;: null,
        &quot;id&quot;: &quot;16ec7648-8864-46c1-81f8-45ca74b6d400&quot;,
        &quot;isMenu&quot;: false,
        &quot;key&quot;: &quot;Customer.Edit&quot;,
        &quot;parentId&quot;: &quot;07b60a01-5846-422c-b1c6-1c7a382dbd0e&quot;,
        &quot;unAuthorizedProps&quot;: {
          &quot;visible&quot;: false,
          &quot;disabled&quot;: false
        },
        &quot;actionName&quot;: &quot;Edit&quot;
      },
      {
        &quot;routePath&quot;: null,
        &quot;iconName&quot;: null,
        &quot;controllerName&quot;: &quot;Customer&quot;,
        &quot;name&quot;: &quot;Customer ExportForFilter&quot;,
        &quot;displayOrder&quot;: 0,
        &quot;description&quot;: null,
        &quot;id&quot;: &quot;d035c702-e74b-4f21-a90f-0e5eab19b6ed&quot;,
        &quot;isMenu&quot;: false,
        &quot;key&quot;: &quot;Customer.ExportForFilter&quot;,
        &quot;parentId&quot;: &quot;07b60a01-5846-422c-b1c6-1c7a382dbd0e&quot;,
        &quot;unAuthorizedProps&quot;: {
          &quot;visible&quot;: false,
          &quot;disabled&quot;: false
        },
        &quot;actionName&quot;: &quot;ExportForFilter&quot;
      },
      {
        &quot;routePath&quot;: null,
        &quot;iconName&quot;: &quot;UpdateIsShowOutOfStock&quot;,
        &quot;controllerName&quot;: &quot;Product&quot;,
        &quot;name&quot;: &quot;Product UpdateIsShowOutOfStock&quot;,
        &quot;displayOrder&quot;: 0,
        &quot;description&quot;: null,
        &quot;id&quot;: &quot;3b089d65-e726-4606-9e48-0fade407b41a&quot;,
        &quot;isMenu&quot;: false,
        &quot;key&quot;: &quot;Product.UpdateIsShowOutOfStock&quot;,
        &quot;parentId&quot;: &quot;1858607f-58c2-4c69-8078-f2756c5ca81e&quot;,
        &quot;unAuthorizedProps&quot;: {
          &quot;visible&quot;: false,
          &quot;disabled&quot;: false
        },
        &quot;actionName&quot;: &quot;UpdateIsShowOutOfStock&quot;
      },
      {
        &quot;routePath&quot;: null,
        &quot;iconName&quot;: null,
        &quot;controllerName&quot;: &quot;Category&quot;,
        &quot;name&quot;: &quot;Category List&quot;,
        &quot;displayOrder&quot;: 0,
        &quot;description&quot;: null,
        &quot;id&quot;: &quot;60efba66-4656-4db1-bbc9-9192afaadc42&quot;,
        &quot;isMenu&quot;: false,
        &quot;key&quot;: &quot;Category.List&quot;,
        &quot;parentId&quot;: &quot;9bbddb67-d7f2-44d3-8d09-6bd04f8b6f79&quot;,
        &quot;unAuthorizedProps&quot;: {
          &quot;visible&quot;: false,
          &quot;disabled&quot;: false
        },
        &quot;actionName&quot;: &quot;List&quot;
      },
      {
        &quot;routePath&quot;: null,
        &quot;iconName&quot;: &quot;SendOrderReceipt&quot;,
        &quot;controllerName&quot;: &quot;Order&quot;,
        &quot;name&quot;: &quot;Order SendOrderReceipt&quot;,
        &quot;displayOrder&quot;: 0,
        &quot;description&quot;: null,
        &quot;id&quot;: &quot;61f6a2b2-3170-45fd-b952-763ab434e8cb&quot;,
        &quot;isMenu&quot;: false,
        &quot;key&quot;: &quot;Order.SendOrderReceipt&quot;,
        &quot;parentId&quot;: &quot;6fa1df30-c04b-4bef-a1d1-a67c2748e0b4&quot;,
        &quot;unAuthorizedProps&quot;: {
          &quot;visible&quot;: false,
          &quot;disabled&quot;: false
        },
        &quot;actionName&quot;: &quot;SendOrderReceipt&quot;
      },
      {
        &quot;routePath&quot;: null,
        &quot;iconName&quot;: null,
        &quot;controllerName&quot;: &quot;ServiceArea&quot;,
        &quot;name&quot;: &quot;ServiceArea Index&quot;,
        &quot;displayOrder&quot;: 0,
        &quot;description&quot;: null,
        &quot;id&quot;: &quot;6510260c-2670-4f71-96ed-8f12986fb9cf&quot;,
        &quot;isMenu&quot;: false,
        &quot;key&quot;: &quot;ServiceArea.Index&quot;,
        &quot;parentId&quot;: null,
        &quot;unAuthorizedProps&quot;: {
          &quot;visible&quot;: false,
          &quot;disabled&quot;: false
        },
        &quot;actionName&quot;: &quot;Index&quot;
      },
      {
        &quot;routePath&quot;: null,
        &quot;iconName&quot;: null,
        &quot;controllerName&quot;: &quot;Order&quot;,
        &quot;name&quot;: &quot;Order ExportForFilter&quot;,
        &quot;displayOrder&quot;: 0,
        &quot;description&quot;: null,
        &quot;id&quot;: &quot;1f7586e6-8ed7-4d27-bbab-05b597a942f3&quot;,
        &quot;isMenu&quot;: false,
        &quot;key&quot;: &quot;Order.ExportForFilter&quot;,
        &quot;parentId&quot;: &quot;872b9f8c-c48d-dfeb-de32-1be0c3c38dbb&quot;,
        &quot;unAuthorizedProps&quot;: {
          &quot;visible&quot;: false,
          &quot;disabled&quot;: false
        },
        &quot;actionName&quot;: &quot;ExportForFilter&quot;
      },
      {
        &quot;routePath&quot;: null,
        &quot;iconName&quot;: &quot;delete&quot;,
        &quot;controllerName&quot;: &quot;ProductMedia&quot;,
        &quot;name&quot;: &quot;ProductMedia Delete&quot;,
        &quot;displayOrder&quot;: 0,
        &quot;description&quot;: null,
        &quot;id&quot;: &quot;f95ffe40-8464-4dd7-997a-1e5f0e4ccc4a&quot;,
        &quot;isMenu&quot;: false,
        &quot;key&quot;: &quot;ProductMedia.Delete&quot;,
        &quot;parentId&quot;: &quot;1858607f-58c2-4c69-8078-f2756c5ca81e&quot;,
        &quot;unAuthorizedProps&quot;: {
          &quot;visible&quot;: false,
          &quot;disabled&quot;: false
        },
        &quot;actionName&quot;: &quot;Delete&quot;
      },
      {
        &quot;routePath&quot;: null,
        &quot;iconName&quot;: &quot;auditSVG&quot;,
        &quot;controllerName&quot;: &quot;Audit&quot;,
        &quot;name&quot;: &quot;Audit Find&quot;,
        &quot;displayOrder&quot;: 100000,
        &quot;description&quot;: null,
        &quot;id&quot;: &quot;0817b3ef-fe5a-4be2-b10b-cd008314489e&quot;,
        &quot;isMenu&quot;: false,
        &quot;key&quot;: &quot;Audit.Find&quot;,
        &quot;parentId&quot;: &quot;76070de9-f4f5-4096-aa99-2d2bac586b44&quot;,
        &quot;unAuthorizedProps&quot;: {
          &quot;visible&quot;: false,
          &quot;disabled&quot;: false
        },
        &quot;actionName&quot;: &quot;Find&quot;
      },
      {
        &quot;routePath&quot;: null,
        &quot;iconName&quot;: null,
        &quot;controllerName&quot;: &quot;Region&quot;,
        &quot;name&quot;: &quot;Region Edit&quot;,
        &quot;displayOrder&quot;: 0,
        &quot;description&quot;: null,
        &quot;id&quot;: &quot;dab192e4-1dbc-4537-964c-b9bcf9c0e94c&quot;,
        &quot;isMenu&quot;: false,
        &quot;key&quot;: &quot;Region.Edit&quot;,
        &quot;parentId&quot;: &quot;636ed702-38d2-4f20-967d-54564a31315f&quot;,
        &quot;unAuthorizedProps&quot;: {
          &quot;visible&quot;: false,
          &quot;disabled&quot;: false
        },
        &quot;actionName&quot;: &quot;Edit&quot;
      },
      {
        &quot;routePath&quot;: null,
        &quot;iconName&quot;: null,
        &quot;controllerName&quot;: &quot;ZipCode&quot;,
        &quot;name&quot;: &quot;ZipCode Create&quot;,
        &quot;displayOrder&quot;: 0,
        &quot;description&quot;: null,
        &quot;id&quot;: &quot;a402206e-61d3-4fca-9008-34013f50378e&quot;,
        &quot;isMenu&quot;: false,
        &quot;key&quot;: &quot;ZipCode.Create&quot;,
        &quot;parentId&quot;: &quot;8aa34e38-533b-4ab7-bad7-0eaa7b5dec9c&quot;,
        &quot;unAuthorizedProps&quot;: {
          &quot;visible&quot;: false,
          &quot;disabled&quot;: false
        },
        &quot;actionName&quot;: &quot;Create&quot;
      },
      {
        &quot;routePath&quot;: null,
        &quot;iconName&quot;: null,
        &quot;controllerName&quot;: &quot;Role&quot;,
        &quot;name&quot;: &quot;Role AssignPermission&quot;,
        &quot;displayOrder&quot;: 0,
        &quot;description&quot;: null,
        &quot;id&quot;: &quot;059c1d80-0fbe-4e73-abc8-3e20a3ee2901&quot;,
        &quot;isMenu&quot;: false,
        &quot;key&quot;: &quot;Role.AssignPermission&quot;,
        &quot;parentId&quot;: &quot;e98d2f21-52f8-41cb-9b3f-fe979b5f0578&quot;,
        &quot;unAuthorizedProps&quot;: {
          &quot;visible&quot;: false,
          &quot;disabled&quot;: false
        },
        &quot;actionName&quot;: &quot;AssignPermission&quot;
      },
      {
        &quot;routePath&quot;: null,
        &quot;iconName&quot;: null,
        &quot;controllerName&quot;: &quot;Category&quot;,
        &quot;name&quot;: &quot;Category Find&quot;,
        &quot;displayOrder&quot;: 0,
        &quot;description&quot;: null,
        &quot;id&quot;: &quot;9d76a667-e500-4b4e-861b-25b97c953dd9&quot;,
        &quot;isMenu&quot;: false,
        &quot;key&quot;: &quot;Category.Find&quot;,
        &quot;parentId&quot;: &quot;9bbddb67-d7f2-44d3-8d09-6bd04f8b6f79&quot;,
        &quot;unAuthorizedProps&quot;: {
          &quot;visible&quot;: false,
          &quot;disabled&quot;: false
        },
        &quot;actionName&quot;: &quot;Find&quot;
      },
      {
        &quot;routePath&quot;: null,
        &quot;iconName&quot;: null,
        &quot;controllerName&quot;: &quot;Employee&quot;,
        &quot;name&quot;: &quot;Employee Find&quot;,
        &quot;displayOrder&quot;: 0,
        &quot;description&quot;: null,
        &quot;id&quot;: &quot;329395f5-2a4f-412c-bfa4-ba7e3d40d4b3&quot;,
        &quot;isMenu&quot;: false,
        &quot;key&quot;: &quot;Employee.Find&quot;,
        &quot;parentId&quot;: &quot;e4a8e904-698e-4596-92c3-b40206b19179&quot;,
        &quot;unAuthorizedProps&quot;: {
          &quot;visible&quot;: false,
          &quot;disabled&quot;: false
        },
        &quot;actionName&quot;: &quot;Find&quot;
      },
      {
        &quot;routePath&quot;: null,
        &quot;iconName&quot;: &quot;find&quot;,
        &quot;controllerName&quot;: &quot;Product&quot;,
        &quot;name&quot;: &quot;Product Find&quot;,
        &quot;displayOrder&quot;: 0,
        &quot;description&quot;: null,
        &quot;id&quot;: &quot;bd420774-1ffd-4fa0-b172-3f04acbb6dfa&quot;,
        &quot;isMenu&quot;: false,
        &quot;key&quot;: &quot;Product.Find&quot;,
        &quot;parentId&quot;: &quot;1858607f-58c2-4c69-8078-f2756c5ca81e&quot;,
        &quot;unAuthorizedProps&quot;: {
          &quot;visible&quot;: false,
          &quot;disabled&quot;: false
        },
        &quot;actionName&quot;: &quot;Find&quot;
      },
      {
        &quot;routePath&quot;: null,
        &quot;iconName&quot;: null,
        &quot;controllerName&quot;: &quot;Employee&quot;,
        &quot;name&quot;: &quot;Employee Edit&quot;,
        &quot;displayOrder&quot;: 0,
        &quot;description&quot;: null,
        &quot;id&quot;: &quot;d9cfda39-3a58-4e03-955d-d7f7fc173dd5&quot;,
        &quot;isMenu&quot;: false,
        &quot;key&quot;: &quot;Employee.Edit&quot;,
        &quot;parentId&quot;: &quot;e4a8e904-698e-4596-92c3-b40206b19179&quot;,
        &quot;unAuthorizedProps&quot;: {
          &quot;visible&quot;: false,
          &quot;disabled&quot;: false
        },
        &quot;actionName&quot;: &quot;Edit&quot;
      },
      {
        &quot;routePath&quot;: null,
        &quot;iconName&quot;: null,
        &quot;controllerName&quot;: &quot;Language&quot;,
        &quot;name&quot;: &quot;Language List&quot;,
        &quot;displayOrder&quot;: 0,
        &quot;description&quot;: null,
        &quot;id&quot;: &quot;2f273f27-d9dd-406e-a4d4-2faac07a3d2d&quot;,
        &quot;isMenu&quot;: false,
        &quot;key&quot;: &quot;Language.List&quot;,
        &quot;parentId&quot;: &quot;7d117917-ff5a-448f-ae1c-71b123ffabc0&quot;,
        &quot;unAuthorizedProps&quot;: {
          &quot;visible&quot;: false,
          &quot;disabled&quot;: false
        },
        &quot;actionName&quot;: &quot;List&quot;
      },
      {
        &quot;routePath&quot;: null,
        &quot;iconName&quot;: null,
        &quot;controllerName&quot;: &quot;ZipCode&quot;,
        &quot;name&quot;: &quot;ZipCode Index&quot;,
        &quot;displayOrder&quot;: 0,
        &quot;description&quot;: null,
        &quot;id&quot;: &quot;8aa34e38-533b-4ab7-bad7-0eaa7b5dec9c&quot;,
        &quot;isMenu&quot;: false,
        &quot;key&quot;: &quot;ZipCode.Index&quot;,
        &quot;parentId&quot;: null,
        &quot;unAuthorizedProps&quot;: {
          &quot;visible&quot;: false,
          &quot;disabled&quot;: false
        },
        &quot;actionName&quot;: &quot;Index&quot;
      },
      {
        &quot;routePath&quot;: null,
        &quot;iconName&quot;: null,
        &quot;controllerName&quot;: &quot;State&quot;,
        &quot;name&quot;: &quot;State Delete&quot;,
        &quot;displayOrder&quot;: 0,
        &quot;description&quot;: null,
        &quot;id&quot;: &quot;701496e5-1817-49e7-9c31-4270a4174942&quot;,
        &quot;isMenu&quot;: false,
        &quot;key&quot;: &quot;State.Delete&quot;,
        &quot;parentId&quot;: &quot;4842baa6-3b5e-40d1-ba2c-aa896962f8a7&quot;,
        &quot;unAuthorizedProps&quot;: {
          &quot;visible&quot;: false,
          &quot;disabled&quot;: false
        },
        &quot;actionName&quot;: &quot;Delete&quot;
      },
      {
        &quot;routePath&quot;: null,
        &quot;iconName&quot;: null,
        &quot;controllerName&quot;: &quot;County&quot;,
        &quot;name&quot;: &quot;County Index&quot;,
        &quot;displayOrder&quot;: 0,
        &quot;description&quot;: null,
        &quot;id&quot;: &quot;28a7ee86-bfd8-408f-97d3-82a96e1cbcc6&quot;,
        &quot;isMenu&quot;: false,
        &quot;key&quot;: &quot;County.Index&quot;,
        &quot;parentId&quot;: null,
        &quot;unAuthorizedProps&quot;: {
          &quot;visible&quot;: false,
          &quot;disabled&quot;: false
        },
        &quot;actionName&quot;: &quot;Index&quot;
      },
      {
        &quot;routePath&quot;: null,
        &quot;iconName&quot;: null,
        &quot;controllerName&quot;: &quot;Rider&quot;,
        &quot;name&quot;: &quot;Rider Delete&quot;,
        &quot;displayOrder&quot;: 0,
        &quot;description&quot;: null,
        &quot;id&quot;: &quot;b6c199d0-e33a-484b-b8c7-8c6a204541da&quot;,
        &quot;isMenu&quot;: false,
        &quot;key&quot;: &quot;Rider.Delete&quot;,
        &quot;parentId&quot;: &quot;1b716d9c-2bf6-4a16-9bd1-2214d14b6cc7&quot;,
        &quot;unAuthorizedProps&quot;: {
          &quot;visible&quot;: false,
          &quot;disabled&quot;: false
        },
        &quot;actionName&quot;: &quot;Delete&quot;
      },
      {
        &quot;routePath&quot;: null,
        &quot;iconName&quot;: null,
        &quot;controllerName&quot;: &quot;SubRegion&quot;,
        &quot;name&quot;: &quot;SubRegion Index&quot;,
        &quot;displayOrder&quot;: 0,
        &quot;description&quot;: null,
        &quot;id&quot;: &quot;5016a026-6957-41ab-8cda-9bd37afe0841&quot;,
        &quot;isMenu&quot;: false,
        &quot;key&quot;: &quot;SubRegion.Index&quot;,
        &quot;parentId&quot;: null,
        &quot;unAuthorizedProps&quot;: {
          &quot;visible&quot;: false,
          &quot;disabled&quot;: false
        },
        &quot;actionName&quot;: &quot;Index&quot;
      },
      {
        &quot;routePath&quot;: null,
        &quot;iconName&quot;: null,
        &quot;controllerName&quot;: &quot;Campaign&quot;,
        &quot;name&quot;: &quot;Campaign Create&quot;,
        &quot;displayOrder&quot;: 0,
        &quot;description&quot;: null,
        &quot;id&quot;: &quot;d165df32-e036-4e90-9f58-fa07296951f4&quot;,
        &quot;isMenu&quot;: false,
        &quot;key&quot;: &quot;Campaign.Create&quot;,
        &quot;parentId&quot;: &quot;fd2f794b-65fb-4da6-9bdb-835c466e4321&quot;,
        &quot;unAuthorizedProps&quot;: {
          &quot;visible&quot;: false,
          &quot;disabled&quot;: false
        },
        &quot;actionName&quot;: &quot;Create&quot;
      },
      {
        &quot;routePath&quot;: null,
        &quot;iconName&quot;: null,
        &quot;controllerName&quot;: &quot;Region&quot;,
        &quot;name&quot;: &quot;Region Create&quot;,
        &quot;displayOrder&quot;: 0,
        &quot;description&quot;: null,
        &quot;id&quot;: &quot;73aaaf9f-f0ae-4082-8b27-087cd854a8ae&quot;,
        &quot;isMenu&quot;: false,
        &quot;key&quot;: &quot;Region.Create&quot;,
        &quot;parentId&quot;: &quot;636ed702-38d2-4f20-967d-54564a31315f&quot;,
        &quot;unAuthorizedProps&quot;: {
          &quot;visible&quot;: false,
          &quot;disabled&quot;: false
        },
        &quot;actionName&quot;: &quot;Create&quot;
      },
      {
        &quot;routePath&quot;: &quot;audit-logs&quot;,
        &quot;iconName&quot;: &quot;auditSVG&quot;,
        &quot;controllerName&quot;: &quot;Audit&quot;,
        &quot;name&quot;: &quot;Audits&quot;,
        &quot;displayOrder&quot;: 999,
        &quot;description&quot;: null,
        &quot;id&quot;: &quot;76070de9-f4f5-4096-aa99-2d2bac586b44&quot;,
        &quot;isMenu&quot;: true,
        &quot;key&quot;: &quot;Audit.Index&quot;,
        &quot;parentId&quot;: null,
        &quot;unAuthorizedProps&quot;: {
          &quot;visible&quot;: false,
          &quot;disabled&quot;: false
        },
        &quot;actionName&quot;: &quot;Index&quot;
      },
      {
        &quot;routePath&quot;: null,
        &quot;iconName&quot;: null,
        &quot;controllerName&quot;: &quot;Order&quot;,
        &quot;name&quot;: &quot;Order PartialRefund&quot;,
        &quot;displayOrder&quot;: 0,
        &quot;description&quot;: null,
        &quot;id&quot;: &quot;5a118c25-8cae-40b6-9728-4542683e02e7&quot;,
        &quot;isMenu&quot;: false,
        &quot;key&quot;: &quot;Order.PartialRefund&quot;,
        &quot;parentId&quot;: &quot;872b9f8c-c48d-dfeb-de32-1be0c3c38dbb&quot;,
        &quot;unAuthorizedProps&quot;: {
          &quot;visible&quot;: false,
          &quot;disabled&quot;: false
        },
        &quot;actionName&quot;: &quot;PartialRefund&quot;
      },
      {
        &quot;routePath&quot;: null,
        &quot;iconName&quot;: null,
        &quot;controllerName&quot;: &quot;Permission&quot;,
        &quot;name&quot;: &quot;Permission List&quot;,
        &quot;displayOrder&quot;: 0,
        &quot;description&quot;: null,
        &quot;id&quot;: &quot;efde75e6-f926-47b4-8fc7-a190415c9625&quot;,
        &quot;isMenu&quot;: false,
        &quot;key&quot;: &quot;Permission.List&quot;,
        &quot;parentId&quot;: &quot;213aad81-551b-49f7-9d15-f11f5b9e7e88&quot;,
        &quot;unAuthorizedProps&quot;: {
          &quot;visible&quot;: false,
          &quot;disabled&quot;: false
        },
        &quot;actionName&quot;: &quot;List&quot;
      },
      {
        &quot;routePath&quot;: null,
        &quot;iconName&quot;: null,
        &quot;controllerName&quot;: &quot;Order&quot;,
        &quot;name&quot;: &quot;Order ListForFilterByActiveOrders&quot;,
        &quot;displayOrder&quot;: 0,
        &quot;description&quot;: null,
        &quot;id&quot;: &quot;5b6e6765-324b-4573-9918-6495fb653c36&quot;,
        &quot;isMenu&quot;: false,
        &quot;key&quot;: &quot;Order.ListForFilterByActiveOrders&quot;,
        &quot;parentId&quot;: &quot;872b9f8c-c48d-dfeb-de32-1be0c3c38dbb&quot;,
        &quot;unAuthorizedProps&quot;: {
          &quot;visible&quot;: false,
          &quot;disabled&quot;: false
        },
        &quot;actionName&quot;: &quot;ListForFilterByActiveOrders&quot;
      },
      {
        &quot;routePath&quot;: null,
        &quot;iconName&quot;: &quot;ChangeStatusToCompleted&quot;,
        &quot;controllerName&quot;: &quot;Order&quot;,
        &quot;name&quot;: &quot;Order ChangeStatusToCompleted&quot;,
        &quot;displayOrder&quot;: 0,
        &quot;description&quot;: null,
        &quot;id&quot;: &quot;c0d476ba-4306-46e1-b6b4-4c9e459a7724&quot;,
        &quot;isMenu&quot;: false,
        &quot;key&quot;: &quot;Order.ChangeStatusToCompleted&quot;,
        &quot;parentId&quot;: &quot;872b9f8c-c48d-dfeb-de32-1be0c3c38dbb&quot;,
        &quot;unAuthorizedProps&quot;: {
          &quot;visible&quot;: false,
          &quot;disabled&quot;: false
        },
        &quot;actionName&quot;: &quot;ChangeStatusToCompleted&quot;
      },
      {
        &quot;routePath&quot;: &quot;dashboards&quot;,
        &quot;iconName&quot;: &quot;dashboardSVG&quot;,
        &quot;controllerName&quot;: &quot;Dashboard&quot;,
        &quot;name&quot;: &quot;Analytics&quot;,
        &quot;displayOrder&quot;: 400,
        &quot;description&quot;: &quot;Analytics&quot;,
        &quot;id&quot;: &quot;05f03ef2-ee9e-466b-b024-cfa79802f9ae&quot;,
        &quot;isMenu&quot;: false,
        &quot;key&quot;: &quot;Dashboard.List&quot;,
        &quot;parentId&quot;: null,
        &quot;unAuthorizedProps&quot;: {
          &quot;visible&quot;: false,
          &quot;disabled&quot;: false
        },
        &quot;actionName&quot;: &quot;List&quot;
      },
      {
        &quot;routePath&quot;: null,
        &quot;iconName&quot;: null,
        &quot;controllerName&quot;: &quot;Warehouse&quot;,
        &quot;name&quot;: &quot;Warehouse EditWarehouseStatus&quot;,
        &quot;displayOrder&quot;: 0,
        &quot;description&quot;: null,
        &quot;id&quot;: &quot;ceb79cf6-b1a8-468b-8b15-e73bb6c3ffe9&quot;,
        &quot;isMenu&quot;: false,
        &quot;key&quot;: &quot;Warehouse.EditWarehouseStatus&quot;,
        &quot;parentId&quot;: &quot;7a99d565-0e98-95af-19bd-814011ea2417&quot;,
        &quot;unAuthorizedProps&quot;: {
          &quot;visible&quot;: false,
          &quot;disabled&quot;: false
        },
        &quot;actionName&quot;: &quot;EditWarehouseStatus&quot;
      },
      {
        &quot;routePath&quot;: null,
        &quot;iconName&quot;: null,
        &quot;controllerName&quot;: &quot;Order&quot;,
        &quot;name&quot;: &quot;Order Delete&quot;,
        &quot;displayOrder&quot;: 0,
        &quot;description&quot;: null,
        &quot;id&quot;: &quot;e7fae6f1-e5f5-48e4-ab32-c61d6457b738&quot;,
        &quot;isMenu&quot;: false,
        &quot;key&quot;: &quot;Order.Delete&quot;,
        &quot;parentId&quot;: &quot;872b9f8c-c48d-dfeb-de32-1be0c3c38dbb&quot;,
        &quot;unAuthorizedProps&quot;: {
          &quot;visible&quot;: false,
          &quot;disabled&quot;: false
        },
        &quot;actionName&quot;: &quot;Delete&quot;
      },
      {
        &quot;routePath&quot;: null,
        &quot;iconName&quot;: &quot;RemoteSearchForCouponCode&quot;,
        &quot;controllerName&quot;: &quot;CouponCode&quot;,
        &quot;name&quot;: &quot;CouponCode RemoteSearchForCouponCode&quot;,
        &quot;displayOrder&quot;: 0,
        &quot;description&quot;: null,
        &quot;id&quot;: &quot;14ed0b92-dcc7-4309-aef9-522eec12fc08&quot;,
        &quot;isMenu&quot;: false,
        &quot;key&quot;: &quot;CouponCode.RemoteSearchForCouponCode&quot;,
        &quot;parentId&quot;: null,
        &quot;unAuthorizedProps&quot;: {
          &quot;visible&quot;: false,
          &quot;disabled&quot;: false
        },
        &quot;actionName&quot;: &quot;RemoteSearchForCouponCode&quot;
      },
      {
        &quot;routePath&quot;: null,
        &quot;iconName&quot;: null,
        &quot;controllerName&quot;: &quot;LocaleResource&quot;,
        &quot;name&quot;: &quot;LocaleResource List&quot;,
        &quot;displayOrder&quot;: 0,
        &quot;description&quot;: null,
        &quot;id&quot;: &quot;1f97b83f-e4aa-4e06-b490-eca7a7c7c5ef&quot;,
        &quot;isMenu&quot;: false,
        &quot;key&quot;: &quot;LocaleResource.List&quot;,
        &quot;parentId&quot;: &quot;4c1a6c0d-765c-444a-b7c8-49e99f61d47b&quot;,
        &quot;unAuthorizedProps&quot;: {
          &quot;visible&quot;: false,
          &quot;disabled&quot;: false
        },
        &quot;actionName&quot;: &quot;List&quot;
      },
      {
        &quot;routePath&quot;: &quot;roles&quot;,
        &quot;iconName&quot;: &quot;RolesSVG&quot;,
        &quot;controllerName&quot;: &quot;Role&quot;,
        &quot;name&quot;: &quot;Roles&quot;,
        &quot;displayOrder&quot;: 650,
        &quot;description&quot;: null,
        &quot;id&quot;: &quot;e98d2f21-52f8-41cb-9b3f-fe979b5f0578&quot;,
        &quot;isMenu&quot;: true,
        &quot;key&quot;: &quot;Role.Index&quot;,
        &quot;parentId&quot;: &quot;8b04f24a-f777-5455-9d4b-5d32257d3d62&quot;,
        &quot;unAuthorizedProps&quot;: {
          &quot;visible&quot;: false,
          &quot;disabled&quot;: false
        },
        &quot;actionName&quot;: &quot;Index&quot;
      },
      {
        &quot;routePath&quot;: null,
        &quot;iconName&quot;: null,
        &quot;controllerName&quot;: &quot;SubRegion&quot;,
        &quot;name&quot;: &quot;SubRegion Delete&quot;,
        &quot;displayOrder&quot;: 0,
        &quot;description&quot;: null,
        &quot;id&quot;: &quot;df7da069-b35d-4179-a5dc-8f61beab4226&quot;,
        &quot;isMenu&quot;: false,
        &quot;key&quot;: &quot;SubRegion.Delete&quot;,
        &quot;parentId&quot;: &quot;5016a026-6957-41ab-8cda-9bd37afe0841&quot;,
        &quot;unAuthorizedProps&quot;: {
          &quot;visible&quot;: false,
          &quot;disabled&quot;: false
        },
        &quot;actionName&quot;: &quot;Delete&quot;
      },
      {
        &quot;routePath&quot;: null,
        &quot;iconName&quot;: &quot;UploadProductMedia&quot;,
        &quot;controllerName&quot;: &quot;ProductMedia&quot;,
        &quot;name&quot;: &quot;ProductMedia UploadProductMedia&quot;,
        &quot;displayOrder&quot;: 0,
        &quot;description&quot;: null,
        &quot;id&quot;: &quot;f214be5c-985b-4aaa-aa42-d49e789d5ca6&quot;,
        &quot;isMenu&quot;: false,
        &quot;key&quot;: &quot;ProductMedia.UploadProductMedia&quot;,
        &quot;parentId&quot;: &quot;1858607f-58c2-4c69-8078-f2756c5ca81e&quot;,
        &quot;unAuthorizedProps&quot;: {
          &quot;visible&quot;: false,
          &quot;disabled&quot;: false
        },
        &quot;actionName&quot;: &quot;UploadProductMedia&quot;
      },
      {
        &quot;routePath&quot;: null,
        &quot;iconName&quot;: null,
        &quot;controllerName&quot;: &quot;Order&quot;,
        &quot;name&quot;: &quot;order ListForFilter&quot;,
        &quot;displayOrder&quot;: 0,
        &quot;description&quot;: null,
        &quot;id&quot;: &quot;f12e049a-8719-46d1-9507-00d1671d7c6d&quot;,
        &quot;isMenu&quot;: false,
        &quot;key&quot;: &quot;Order.ListForFilter&quot;,
        &quot;parentId&quot;: &quot;872b9f8c-c48d-dfeb-de32-1be0c3c38dbb&quot;,
        &quot;unAuthorizedProps&quot;: {
          &quot;visible&quot;: false,
          &quot;disabled&quot;: false
        },
        &quot;actionName&quot;: &quot;ListForFilter&quot;
      },
      {
        &quot;routePath&quot;: null,
        &quot;iconName&quot;: null,
        &quot;controllerName&quot;: &quot;CouponCode&quot;,
        &quot;name&quot;: &quot;CouponCode&quot;,
        &quot;displayOrder&quot;: 0,
        &quot;description&quot;: null,
        &quot;id&quot;: &quot;d2f7e3bf-712f-4991-994f-0f3e5e6cda1b&quot;,
        &quot;isMenu&quot;: false,
        &quot;key&quot;: &quot;CouponCode.FindByCode&quot;,
        &quot;parentId&quot;: &quot;5aaef586-e311-4265-a241-6eb9758d6541&quot;,
        &quot;unAuthorizedProps&quot;: {
          &quot;visible&quot;: false,
          &quot;disabled&quot;: false
        },
        &quot;actionName&quot;: &quot;FindByCode&quot;
      }
    ],
    &quot;imageUrl&quot;: null,
    &quot;phoneCountryId&quot;: &quot;f83c326d-cbf4-47cf-b592-f3f638a5a958&quot;,
    &quot;email&quot;: &quot;busra@popcornvan.com&quot;
  },
  &quot;refreshToken&quot;: &quot;hgL6GY3va8kwHt5kZlz+07AfT8thdX3FZBJMhA8b6aT2BpxaPYVCkEEjzYU=&quot;
}
 
15:26:24.518 [pool-1-thread-4] INFO  com.intuit.karate - [print] response employee login with phone--&gt;  {
  &quot;visible&quot;: true,
  &quot;action&quot;: &quot;default&quot;,
  &quot;messages&quot;: [
    &quot;Value cannot be null. (Parameter &apos;request&apos;)&quot;
  ],
  &quot;type&quot;: &quot;error&quot;,
  &quot;title&quot;: null,
  &quot;message&quot;: &quot;Value cannot be null. (Parameter &apos;request&apos;)&quot;,
  &quot;typeCode&quot;: 500
}
 
15:26:24.527 [pool-1-thread-1] INFO  com.intuit.karate - [print] response employee login with phone--&gt;  {
  &quot;visible&quot;: true,
  &quot;action&quot;: &quot;default&quot;,
  &quot;messages&quot;: [
    &quot;UnAuthorized&quot;
  ],
  &quot;type&quot;: &quot;authorization&quot;,
  &quot;title&quot;: null,
  &quot;message&quot;: &quot;UnAuthorized&quot;,
  &quot;typeCode&quot;: 401
}
 
15:26:24.550 [pool-1-thread-2] INFO  com.intuit.karate - [print] employee login response --&gt; {
  &quot;expiresIn&quot;: 3.15359999941603E7,
  &quot;accessToken&quot;: &quot;eyJhbGciOiJIUzUxMiIsInR5cCI6IkpXVCJ9.eyJuYW1laWQiOiJidXNyYUBwb3Bjb3JudmFuLmNvbSIsIm5hbWUiOiJiw7zFn3JhIGLDvMWfcmEiLCJVc2VyVHlwZSI6IkVtcGxveWVlIiwiTmFtZSI6ImLDvMWfcmEgYsO8xZ9yYSIsIkVtYWlsIjoiYnVzcmFAcG9wY29ybnZhbi5jb20iLCJVc2VySWQiOiIzYzA1ZjhjMS1iMmMzLTQ0NjUtYjRlNS03NmE1ZThlNzkzYTgiLCJuYmYiOjE2NDI1OTUxODQsImV4cCI6MTY3NDEzMTE4NCwiaWF0IjoxNjQyNTk1MTg0LCJpc3MiOiJodHRwczovL3BvcGNvcm52YW4uY29tLyIsImF1ZCI6Imh0dHBzOi8vcG9wY29ybnZhbi5jb20vIn0.n3LJnRSJ0NHAquzZeRUsLfXtmUOSpkzdBcpp2QF7G1oZXOPW1sD8YE6ylg6dsxt93O97jaYZwGCc7q2lZXq4TA&quot;,
  &quot;user&quot;: {
    &quot;imagePath&quot;: null,
    &quot;roles&quot;: [
      {
        &quot;name&quot;: &quot;Super Admin&quot;,
        &quot;displayOrder&quot;: 0,
        &quot;description&quot;: null,
        &quot;colorCode&quot;: null,
        &quot;id&quot;: &quot;4f1058c6-0985-4139-8302-b50df344c339&quot;
      }
    ],
    &quot;languageId&quot;: null,
    &quot;fullName&quot;: &quot;büşra büşra&quot;,
    &quot;employeeId&quot;: &quot;25010a8b-17db-438c-983d-a97e68c569b1&quot;,
    &quot;languageCode&quot;: null,
    &quot;userId&quot;: &quot;3c05f8c1-b2c3-4465-b4e5-76a5e8e793a8&quot;,
    &quot;languageName&quot;: null,
    &quot;phoneAreaCode&quot;: &quot;+373&quot;,
    &quot;phoneNumber&quot;: &quot;6667788&quot;,
    &quot;externalUserId&quot;: &quot;00000000-0000-0000-0000-000000000000&quot;,
    &quot;permissions&quot;: [
      {
        &quot;routePath&quot;: &quot;overview&quot;,
        &quot;iconName&quot;: &quot;overviewSVG&quot;,
        &quot;controllerName&quot;: &quot;Admin&quot;,
        &quot;name&quot;: &quot;Overview&quot;,
        &quot;displayOrder&quot;: 100,
        &quot;description&quot;: null,
        &quot;id&quot;: &quot;f3ef6d44-bdda-9acc-2131-8885bd8e368b&quot;,
        &quot;isMenu&quot;: false,
        &quot;key&quot;: &quot;Admin.Overview&quot;,
        &quot;parentId&quot;: null,
        &quot;unAuthorizedProps&quot;: {
          &quot;visible&quot;: false,
          &quot;disabled&quot;: false
        },
        &quot;actionName&quot;: &quot;Overview&quot;
      },
      {
        &quot;routePath&quot;: null,
        &quot;iconName&quot;: null,
        &quot;controllerName&quot;: &quot;Pusher&quot;,
        &quot;name&quot;: &quot;Pusher Auth&quot;,
        &quot;displayOrder&quot;: 0,
        &quot;description&quot;: null,
        &quot;id&quot;: &quot;d3abc4d5-0841-435b-b27e-c1f8ff8f4d9f&quot;,
        &quot;isMenu&quot;: false,
        &quot;key&quot;: &quot;Pusher.Auth&quot;,
        &quot;parentId&quot;: null,
        &quot;unAuthorizedProps&quot;: {
          &quot;visible&quot;: false,
          &quot;disabled&quot;: false
        },
        &quot;actionName&quot;: &quot;Auth&quot;
      },
      {
        &quot;routePath&quot;: null,
        &quot;iconName&quot;: null,
        &quot;controllerName&quot;: &quot;ServiceArea&quot;,
        &quot;name&quot;: &quot;ServiceArea Find&quot;,
        &quot;displayOrder&quot;: 0,
        &quot;description&quot;: null,
        &quot;id&quot;: &quot;941ff53e-a0e7-4a97-9f21-5a071749fdcf&quot;,
        &quot;isMenu&quot;: false,
        &quot;key&quot;: &quot;ServiceArea.Find&quot;,
        &quot;parentId&quot;: &quot;6510260c-2670-4f71-96ed-8f12986fb9cf&quot;,
        &quot;unAuthorizedProps&quot;: {
          &quot;visible&quot;: false,
          &quot;disabled&quot;: false
        },
        &quot;actionName&quot;: &quot;Find&quot;
      },
      {
        &quot;routePath&quot;: null,
        &quot;iconName&quot;: null,
        &quot;controllerName&quot;: &quot;CouponCode&quot;,
        &quot;name&quot;: &quot;CouponCode&quot;,
        &quot;displayOrder&quot;: 0,
        &quot;description&quot;: null,
        &quot;id&quot;: &quot;a1ea1d92-37b1-41ec-b4cf-24f205e13ced&quot;,
        &quot;isMenu&quot;: false,
        &quot;key&quot;: &quot;CouponCode.Edit&quot;,
        &quot;parentId&quot;: &quot;5aaef586-e311-4265-a241-6eb9758d6541&quot;,
        &quot;unAuthorizedProps&quot;: {
          &quot;visible&quot;: false,
          &quot;disabled&quot;: false
        },
        &quot;actionName&quot;: &quot;Edit&quot;
      },
      {
        &quot;routePath&quot;: &quot;customers&quot;,
        &quot;iconName&quot;: &quot;customerSVG&quot;,
        &quot;controllerName&quot;: &quot;Customer&quot;,
        &quot;name&quot;: &quot;Customer&quot;,
        &quot;displayOrder&quot;: 610,
        &quot;description&quot;: null,
        &quot;id&quot;: &quot;07b60a01-5846-422c-b1c6-1c7a382dbd0e&quot;,
        &quot;isMenu&quot;: true,
        &quot;key&quot;: &quot;Customer.Index&quot;,
        &quot;parentId&quot;: &quot;8b04f24a-f777-5455-9d4b-5d32257d3d62&quot;,
        &quot;unAuthorizedProps&quot;: {
          &quot;visible&quot;: false,
          &quot;disabled&quot;: false
        },
        &quot;actionName&quot;: &quot;Index&quot;
      },
      {
        &quot;routePath&quot;: null,
        &quot;iconName&quot;: null,
        &quot;controllerName&quot;: &quot;ServiceArea&quot;,
        &quot;name&quot;: &quot;ServiceArea List&quot;,
        &quot;displayOrder&quot;: 0,
        &quot;description&quot;: null,
        &quot;id&quot;: &quot;d059ba5c-c4a9-44ee-89cb-167400d65355&quot;,
        &quot;isMenu&quot;: false,
        &quot;key&quot;: &quot;ServiceArea.List&quot;,
        &quot;parentId&quot;: &quot;6510260c-2670-4f71-96ed-8f12986fb9cf&quot;,
        &quot;unAuthorizedProps&quot;: {
          &quot;visible&quot;: false,
          &quot;disabled&quot;: false
        },
        &quot;actionName&quot;: &quot;List&quot;
      },
      {
        &quot;routePath&quot;: null,
        &quot;iconName&quot;: &quot;managementSVG&quot;,
        &quot;controllerName&quot;: &quot;Product&quot;,
        &quot;name&quot;: &quot;Product / Support&quot;,
        &quot;displayOrder&quot;: 999,
        &quot;description&quot;: null,
        &quot;id&quot;: &quot;5b7cb896-ff20-4798-8468-df6c7f3be073&quot;,
        &quot;isMenu&quot;: true,
        &quot;key&quot;: &quot;Product.Main&quot;,
        &quot;parentId&quot;: null,
        &quot;unAuthorizedProps&quot;: {
          &quot;visible&quot;: false,
          &quot;disabled&quot;: false
        },
        &quot;actionName&quot;: &quot;Main&quot;
      },
      {
        &quot;routePath&quot;: null,
        &quot;iconName&quot;: null,
        &quot;controllerName&quot;: &quot;Address&quot;,
        &quot;name&quot;: &quot;Address List&quot;,
        &quot;displayOrder&quot;: 0,
        &quot;description&quot;: null,
        &quot;id&quot;: &quot;6cf101e1-86c2-4b4b-b308-33a8c9e2fd19&quot;,
        &quot;isMenu&quot;: false,
        &quot;key&quot;: &quot;Address.List&quot;,
        &quot;parentId&quot;: &quot;c3c514ef-1964-4c94-b13a-8bdd83a5b1cb&quot;,
        &quot;unAuthorizedProps&quot;: {
          &quot;visible&quot;: false,
          &quot;disabled&quot;: false
        },
        &quot;actionName&quot;: &quot;List&quot;
      },
      {
        &quot;routePath&quot;: null,
        &quot;iconName&quot;: null,
        &quot;controllerName&quot;: &quot;LocaleResource&quot;,
        &quot;name&quot;: &quot;LocaleResource Delete&quot;,
        &quot;displayOrder&quot;: 0,
        &quot;description&quot;: null,
        &quot;id&quot;: &quot;62103116-c035-44d5-aa5d-577df0b20041&quot;,
        &quot;isMenu&quot;: false,
        &quot;key&quot;: &quot;LocaleResource.Delete&quot;,
        &quot;parentId&quot;: &quot;4c1a6c0d-765c-444a-b7c8-49e99f61d47b&quot;,
        &quot;unAuthorizedProps&quot;: {
          &quot;visible&quot;: false,
          &quot;disabled&quot;: false
        },
        &quot;actionName&quot;: &quot;Delete&quot;
      },
      {
        &quot;routePath&quot;: null,
        &quot;iconName&quot;: null,
        &quot;controllerName&quot;: &quot;Address&quot;,
        &quot;name&quot;: &quot;Address Create&quot;,
        &quot;displayOrder&quot;: 0,
        &quot;description&quot;: null,
        &quot;id&quot;: &quot;ba0b5525-39db-4928-8a6a-a3c450b1d747&quot;,
        &quot;isMenu&quot;: false,
        &quot;key&quot;: &quot;Address.Create&quot;,
        &quot;parentId&quot;: &quot;c3c514ef-1964-4c94-b13a-8bdd83a5b1cb&quot;,
        &quot;unAuthorizedProps&quot;: {
          &quot;visible&quot;: false,
          &quot;disabled&quot;: false
        },
        &quot;actionName&quot;: &quot;Create&quot;
      },
      {
        &quot;routePath&quot;: null,
        &quot;iconName&quot;: &quot;ExportForFilter&quot;,
        &quot;controllerName&quot;: &quot;Product&quot;,
        &quot;name&quot;: &quot;Product ExportFinaleReplenishmentReport&quot;,
        &quot;displayOrder&quot;: 0,
        &quot;description&quot;: null,
        &quot;id&quot;: &quot;557a9551-e3b6-4022-8c65-8fefe6bc8b76&quot;,
        &quot;isMenu&quot;: false,
        &quot;key&quot;: &quot;Product.ExportFinaleReplenishmentReport&quot;,
        &quot;parentId&quot;: &quot;1858607f-58c2-4c69-8078-f2756c5ca81e&quot;,
        &quot;unAuthorizedProps&quot;: {
          &quot;visible&quot;: false,
          &quot;disabled&quot;: false
        },
        &quot;actionName&quot;: &quot;ExportFinaleReplenishmentReport&quot;
      },
      {
        &quot;routePath&quot;: null,
        &quot;iconName&quot;: null,
        &quot;controllerName&quot;: &quot;Setting&quot;,
        &quot;name&quot;: &quot;Setting Delete&quot;,
        &quot;displayOrder&quot;: 0,
        &quot;description&quot;: null,
        &quot;id&quot;: &quot;f22745ab-c49b-4b6a-8a72-58e25565418e&quot;,
        &quot;isMenu&quot;: false,
        &quot;key&quot;: &quot;Setting.Delete&quot;,
        &quot;parentId&quot;: &quot;ccc7592a-301d-4d63-aa26-09e92194ca01&quot;,
        &quot;unAuthorizedProps&quot;: {
          &quot;visible&quot;: false,
          &quot;disabled&quot;: false
        },
        &quot;actionName&quot;: &quot;Delete&quot;
      },
      {
        &quot;routePath&quot;: null,
        &quot;iconName&quot;: null,
        &quot;controllerName&quot;: &quot;Setting&quot;,
        &quot;name&quot;: &quot;Setting Edit&quot;,
        &quot;displayOrder&quot;: 0,
        &quot;description&quot;: null,
        &quot;id&quot;: &quot;368d96d0-f0f8-4a6a-a02a-10f3dc4d6813&quot;,
        &quot;isMenu&quot;: false,
        &quot;key&quot;: &quot;Setting.Edit&quot;,
        &quot;parentId&quot;: &quot;ccc7592a-301d-4d63-aa26-09e92194ca01&quot;,
        &quot;unAuthorizedProps&quot;: {
          &quot;visible&quot;: false,
          &quot;disabled&quot;: false
        },
        &quot;actionName&quot;: &quot;Edit&quot;
      },
      {
        &quot;routePath&quot;: null,
        &quot;iconName&quot;: null,
        &quot;controllerName&quot;: &quot;Warehouse&quot;,
        &quot;name&quot;: &quot;Warehouse ListWarehouseStock&quot;,
        &quot;displayOrder&quot;: 0,
        &quot;description&quot;: null,
        &quot;id&quot;: &quot;10961a78-a6c9-47aa-865a-b4d9aaab89bf&quot;,
        &quot;isMenu&quot;: false,
        &quot;key&quot;: &quot;Warehouse.ListWarehouseStock&quot;,
        &quot;parentId&quot;: &quot;7a99d565-0e98-95af-19bd-814011ea2417&quot;,
        &quot;unAuthorizedProps&quot;: {
          &quot;visible&quot;: false,
          &quot;disabled&quot;: false
        },
        &quot;actionName&quot;: &quot;ListWarehouseStock&quot;
      },
      {
        &quot;routePath&quot;: null,
        &quot;iconName&quot;: &quot;blackListSVG&quot;,
        &quot;controllerName&quot;: &quot;BlackList&quot;,
        &quot;name&quot;: &quot;Black List Create&quot;,
        &quot;displayOrder&quot;: 0,
        &quot;description&quot;: null,
        &quot;id&quot;: &quot;70d6b8cb-7f48-4cd4-a796-cad4e227ccd5&quot;,
        &quot;isMenu&quot;: false,
        &quot;key&quot;: &quot;BlackList.Create&quot;,
        &quot;parentId&quot;: &quot;d273c43d-77c8-4b88-8d35-9ec20a90bd11&quot;,
        &quot;unAuthorizedProps&quot;: {
          &quot;visible&quot;: false,
          &quot;disabled&quot;: false
        },
        &quot;actionName&quot;: &quot;Create&quot;
      },
      {
        &quot;routePath&quot;: null,
        &quot;iconName&quot;: &quot;a&quot;,
        &quot;controllerName&quot;: &quot;Customer&quot;,
        &quot;name&quot;: &quot;Customer UpdateBlockedCodeCampaign&quot;,
        &quot;displayOrder&quot;: 0,
        &quot;description&quot;: null,
        &quot;id&quot;: &quot;e3d996d8-5b07-4015-825c-c87c12952def&quot;,
        &quot;isMenu&quot;: false,
        &quot;key&quot;: &quot;Customer.UpdateBlockedCodeCampaign&quot;,
        &quot;parentId&quot;: null,
        &quot;unAuthorizedProps&quot;: {
          &quot;visible&quot;: false,
          &quot;disabled&quot;: false
        },
        &quot;actionName&quot;: &quot;UpdateBlockedCodeCampaign&quot;
      },
      {
        &quot;routePath&quot;: null,
        &quot;iconName&quot;: null,
        &quot;controllerName&quot;: &quot;Warehouse&quot;,
        &quot;name&quot;: &quot;Warehouse ExportWarehouseStock&quot;,
        &quot;displayOrder&quot;: 0,
        &quot;description&quot;: null,
        &quot;id&quot;: &quot;c9b0c169-56cc-4793-a43d-7d18a47ae863&quot;,
        &quot;isMenu&quot;: false,
        &quot;key&quot;: &quot;Warehouse.ExportWarehouseStock&quot;,
        &quot;parentId&quot;: &quot;7a99d565-0e98-95af-19bd-814011ea2417&quot;,
        &quot;unAuthorizedProps&quot;: {
          &quot;visible&quot;: false,
          &quot;disabled&quot;: false
        },
        &quot;actionName&quot;: &quot;ExportWarehouseStock&quot;
      },
      {
        &quot;routePath&quot;: null,
        &quot;iconName&quot;: &quot;SuitableWarehousesForOrder&quot;,
        &quot;controllerName&quot;: &quot;Order&quot;,
        &quot;name&quot;: &quot;Order SuitableWarehousesForOrder&quot;,
        &quot;displayOrder&quot;: 0,
        &quot;description&quot;: null,
        &quot;id&quot;: &quot;2188f2ef-08fb-4757-b6a6-d734b8d72eea&quot;,
        &quot;isMenu&quot;: false,
        &quot;key&quot;: &quot;Order.SuitableWarehousesForOrder&quot;,
        &quot;parentId&quot;: &quot;872b9f8c-c48d-dfeb-de32-1be0c3c38dbb&quot;,
        &quot;unAuthorizedProps&quot;: {
          &quot;visible&quot;: false,
          &quot;disabled&quot;: false
        },
        &quot;actionName&quot;: &quot;SuitableWarehousesForOrder&quot;
      },
      {
        &quot;routePath&quot;: &quot;products&quot;,
        &quot;iconName&quot;: &quot;productSVG&quot;,
        &quot;controllerName&quot;: &quot;Product&quot;,
        &quot;name&quot;: &quot;Product&quot;,
        &quot;displayOrder&quot;: 390,
        &quot;description&quot;: null,
        &quot;id&quot;: &quot;1858607f-58c2-4c69-8078-f2756c5ca81e&quot;,
        &quot;isMenu&quot;: true,
        &quot;key&quot;: &quot;Product.Index&quot;,
        &quot;parentId&quot;: &quot;8b40e125-ffeb-4cf1-ba4b-0ac72aac09d9&quot;,
        &quot;unAuthorizedProps&quot;: {
          &quot;visible&quot;: false,
          &quot;disabled&quot;: false
        },
        &quot;actionName&quot;: &quot;Index&quot;
      },
      {
        &quot;routePath&quot;: null,
        &quot;iconName&quot;: &quot;blackListSVG&quot;,
        &quot;controllerName&quot;: &quot;BlackList&quot;,
        &quot;name&quot;: &quot;Black List Edit&quot;,
        &quot;displayOrder&quot;: 0,
        &quot;description&quot;: null,
        &quot;id&quot;: &quot;8935ed07-0379-4235-99d4-2188e923639a&quot;,
        &quot;isMenu&quot;: false,
        &quot;key&quot;: &quot;BlackList.Edit&quot;,
        &quot;parentId&quot;: &quot;d273c43d-77c8-4b88-8d35-9ec20a90bd11&quot;,
        &quot;unAuthorizedProps&quot;: {
          &quot;visible&quot;: false,
          &quot;disabled&quot;: false
        },
        &quot;actionName&quot;: &quot;Edit&quot;
      },
      {
        &quot;routePath&quot;: null,
        &quot;iconName&quot;: null,
        &quot;controllerName&quot;: &quot;Rider&quot;,
        &quot;name&quot;: &quot;Rider Find&quot;,
        &quot;displayOrder&quot;: 0,
        &quot;description&quot;: null,
        &quot;id&quot;: &quot;438a4584-500a-47a2-810f-012e4743a389&quot;,
        &quot;isMenu&quot;: false,
        &quot;key&quot;: &quot;Rider.Find&quot;,
        &quot;parentId&quot;: &quot;1b716d9c-2bf6-4a16-9bd1-2214d14b6cc7&quot;,
        &quot;unAuthorizedProps&quot;: {
          &quot;visible&quot;: false,
          &quot;disabled&quot;: false
        },
        &quot;actionName&quot;: &quot;Find&quot;
      },
      {
        &quot;routePath&quot;: null,
        &quot;iconName&quot;: null,
        &quot;controllerName&quot;: &quot;Rider&quot;,
        &quot;name&quot;: &quot;Rider List&quot;,
        &quot;displayOrder&quot;: 0,
        &quot;description&quot;: null,
        &quot;id&quot;: &quot;94789829-bd1b-44a3-ae1a-2c4ecf20e3b3&quot;,
        &quot;isMenu&quot;: false,
        &quot;key&quot;: &quot;Rider.List&quot;,
        &quot;parentId&quot;: &quot;1b716d9c-2bf6-4a16-9bd1-2214d14b6cc7&quot;,
        &quot;unAuthorizedProps&quot;: {
          &quot;visible&quot;: false,
          &quot;disabled&quot;: false
        },
        &quot;actionName&quot;: &quot;List&quot;
      },
      {
        &quot;routePath&quot;: null,
        &quot;iconName&quot;: null,
        &quot;controllerName&quot;: &quot;CouponCode&quot;,
        &quot;name&quot;: &quot;CouponCode&quot;,
        &quot;displayOrder&quot;: 0,
        &quot;description&quot;: null,
        &quot;id&quot;: &quot;82a51ef5-f9a9-4a9d-9bc4-241cda2df051&quot;,
        &quot;isMenu&quot;: false,
        &quot;key&quot;: &quot;CouponCode.Create&quot;,
        &quot;parentId&quot;: &quot;5aaef586-e311-4265-a241-6eb9758d6541&quot;,
        &quot;unAuthorizedProps&quot;: {
          &quot;visible&quot;: false,
          &quot;disabled&quot;: false
        },
        &quot;actionName&quot;: &quot;Create&quot;
      },
      {
        &quot;routePath&quot;: null,
        &quot;iconName&quot;: null,
        &quot;controllerName&quot;: &quot;Warehouse&quot;,
        &quot;name&quot;: &quot;Warehouse Create&quot;,
        &quot;displayOrder&quot;: 0,
        &quot;description&quot;: null,
        &quot;id&quot;: &quot;26bd14df-9135-4f4d-8468-6c439e8a737f&quot;,
        &quot;isMenu&quot;: false,
        &quot;key&quot;: &quot;Warehouse.Create&quot;,
        &quot;parentId&quot;: &quot;7a99d565-0e98-95af-19bd-814011ea2417&quot;,
        &quot;unAuthorizedProps&quot;: {
          &quot;visible&quot;: false,
          &quot;disabled&quot;: false
        },
        &quot;actionName&quot;: &quot;Create&quot;
      },
      {
        &quot;routePath&quot;: null,
        &quot;iconName&quot;: null,
        &quot;controllerName&quot;: &quot;CouponCode&quot;,
        &quot;name&quot;: &quot;Find Coupon Code By User Id&quot;,
        &quot;displayOrder&quot;: 0,
        &quot;description&quot;: null,
        &quot;id&quot;: &quot;75b2daf0-42e8-4ad7-b6a4-811d06d87c74&quot;,
        &quot;isMenu&quot;: false,
        &quot;key&quot;: &quot;CouponCode.FindByUserId&quot;,
        &quot;parentId&quot;: &quot;5aaef586-e311-4265-a241-6eb9758d6541&quot;,
        &quot;unAuthorizedProps&quot;: {
          &quot;visible&quot;: false,
          &quot;disabled&quot;: false
        },
        &quot;actionName&quot;: &quot;FindByUserId&quot;
      },
      {
        &quot;routePath&quot;: null,
        &quot;iconName&quot;: null,
        &quot;controllerName&quot;: &quot;Language&quot;,
        &quot;name&quot;: &quot;Language Index&quot;,
        &quot;displayOrder&quot;: 0,
        &quot;description&quot;: null,
        &quot;id&quot;: &quot;7d117917-ff5a-448f-ae1c-71b123ffabc0&quot;,
        &quot;isMenu&quot;: false,
        &quot;key&quot;: &quot;Language.Index&quot;,
        &quot;parentId&quot;: null,
        &quot;unAuthorizedProps&quot;: {
          &quot;visible&quot;: false,
          &quot;disabled&quot;: false
        },
        &quot;actionName&quot;: &quot;Index&quot;
      },
      {
        &quot;routePath&quot;: null,
        &quot;iconName&quot;: null,
        &quot;controllerName&quot;: &quot;Campaign&quot;,
        &quot;name&quot;: &quot;Campaign Find&quot;,
        &quot;displayOrder&quot;: 0,
        &quot;description&quot;: null,
        &quot;id&quot;: &quot;00b581e0-ec91-4feb-a7e7-f1b9101ad482&quot;,
        &quot;isMenu&quot;: false,
        &quot;key&quot;: &quot;Campaign.Find&quot;,
        &quot;parentId&quot;: &quot;fd2f794b-65fb-4da6-9bdb-835c466e4321&quot;,
        &quot;unAuthorizedProps&quot;: {
          &quot;visible&quot;: false,
          &quot;disabled&quot;: false
        },
        &quot;actionName&quot;: &quot;Find&quot;
      },
      {
        &quot;routePath&quot;: null,
        &quot;iconName&quot;: null,
        &quot;controllerName&quot;: &quot;Setting&quot;,
        &quot;name&quot;: &quot;Setting List&quot;,
        &quot;displayOrder&quot;: 0,
        &quot;description&quot;: null,
        &quot;id&quot;: &quot;9f68e0f0-57dc-4148-bd76-fb8c2a970786&quot;,
        &quot;isMenu&quot;: false,
        &quot;key&quot;: &quot;Setting.List&quot;,
        &quot;parentId&quot;: &quot;ccc7592a-301d-4d63-aa26-09e92194ca01&quot;,
        &quot;unAuthorizedProps&quot;: {
          &quot;visible&quot;: false,
          &quot;disabled&quot;: false
        },
        &quot;actionName&quot;: &quot;List&quot;
      },
      {
        &quot;routePath&quot;: null,
        &quot;iconName&quot;: null,
        &quot;controllerName&quot;: &quot;ServiceArea&quot;,
        &quot;name&quot;: &quot;ServiceArea UpdateGeoJson&quot;,
        &quot;displayOrder&quot;: 0,
        &quot;description&quot;: null,
        &quot;id&quot;: &quot;02e62924-50d4-4bc5-9403-2254969f04c0&quot;,
        &quot;isMenu&quot;: false,
        &quot;key&quot;: &quot;ServiceArea.UpdateGeoJson&quot;,
        &quot;parentId&quot;: &quot;6510260c-2670-4f71-96ed-8f12986fb9cf&quot;,
        &quot;unAuthorizedProps&quot;: {
          &quot;visible&quot;: false,
          &quot;disabled&quot;: false
        },
        &quot;actionName&quot;: &quot;UpdateGeoJson&quot;
      },
      {
        &quot;routePath&quot;: null,
        &quot;iconName&quot;: null,
        &quot;controllerName&quot;: &quot;Order&quot;,
        &quot;name&quot;: &quot;Order DeleteOrderItemCheck&quot;,
        &quot;displayOrder&quot;: 0,
        &quot;description&quot;: null,
        &quot;id&quot;: &quot;e07b0bce-91e5-4399-857b-936f93c302dd&quot;,
        &quot;isMenu&quot;: false,
        &quot;key&quot;: &quot;Order.DeleteOrderItemCheck&quot;,
        &quot;parentId&quot;: &quot;872b9f8c-c48d-dfeb-de32-1be0c3c38dbb&quot;,
        &quot;unAuthorizedProps&quot;: {
          &quot;visible&quot;: false,
          &quot;disabled&quot;: false
        },
        &quot;actionName&quot;: &quot;DeleteOrderItemCheck&quot;
      },
      {
        &quot;routePath&quot;: &quot;warehouses&quot;,
        &quot;iconName&quot;: &quot;warehousesSVG&quot;,
        &quot;controllerName&quot;: &quot;Warehouse&quot;,
        &quot;name&quot;: &quot;Warehouses&quot;,
        &quot;displayOrder&quot;: 500,
        &quot;description&quot;: null,
        &quot;id&quot;: &quot;7a99d565-0e98-95af-19bd-814011ea2417&quot;,
        &quot;isMenu&quot;: true,
        &quot;key&quot;: &quot;Warehouse.Index&quot;,
        &quot;parentId&quot;: null,
        &quot;unAuthorizedProps&quot;: {
          &quot;visible&quot;: false,
          &quot;disabled&quot;: false
        },
        &quot;actionName&quot;: &quot;Index&quot;
      },
      {
        &quot;routePath&quot;: null,
        &quot;iconName&quot;: null,
        &quot;controllerName&quot;: &quot;Category&quot;,
        &quot;name&quot;: &quot;Category Create&quot;,
        &quot;displayOrder&quot;: 0,
        &quot;description&quot;: null,
        &quot;id&quot;: &quot;ec3b6666-e8bf-4426-bb0a-6c46f175b9da&quot;,
        &quot;isMenu&quot;: false,
        &quot;key&quot;: &quot;Category.Create&quot;,
        &quot;parentId&quot;: &quot;9bbddb67-d7f2-44d3-8d09-6bd04f8b6f79&quot;,
        &quot;unAuthorizedProps&quot;: {
          &quot;visible&quot;: false,
          &quot;disabled&quot;: false
        },
        &quot;actionName&quot;: &quot;Create&quot;
      },
      {
        &quot;routePath&quot;: null,
        &quot;iconName&quot;: null,
        &quot;controllerName&quot;: &quot;Campaign&quot;,
        &quot;name&quot;: &quot;Campaign ListForFilter&quot;,
        &quot;displayOrder&quot;: 0,
        &quot;description&quot;: null,
        &quot;id&quot;: &quot;d4f0750c-5811-4863-9808-a95b2ab92af4&quot;,
        &quot;isMenu&quot;: false,
        &quot;key&quot;: &quot;Campaign.ListForFilter&quot;,
        &quot;parentId&quot;: &quot;fd2f794b-65fb-4da6-9bdb-835c466e4321&quot;,
        &quot;unAuthorizedProps&quot;: {
          &quot;visible&quot;: false,
          &quot;disabled&quot;: false
        },
        &quot;actionName&quot;: &quot;ListForFilter&quot;
      },
      {
        &quot;routePath&quot;: null,
        &quot;iconName&quot;: null,
        &quot;controllerName&quot;: &quot;Country&quot;,
        &quot;name&quot;: &quot;Country Find&quot;,
        &quot;displayOrder&quot;: 0,
        &quot;description&quot;: null,
        &quot;id&quot;: &quot;869a6e82-0d19-4ae8-a655-99db08529c33&quot;,
        &quot;isMenu&quot;: false,
        &quot;key&quot;: &quot;Country.Find&quot;,
        &quot;parentId&quot;: &quot;9c15db73-badc-4894-ab1b-d8261bac91c2&quot;,
        &quot;unAuthorizedProps&quot;: {
          &quot;visible&quot;: false,
          &quot;disabled&quot;: false
        },
        &quot;actionName&quot;: &quot;Find&quot;
      },
      {
        &quot;routePath&quot;: null,
        &quot;iconName&quot;: null,
        &quot;controllerName&quot;: &quot;SubRegion&quot;,
        &quot;name&quot;: &quot;SubRegion List&quot;,
        &quot;displayOrder&quot;: 0,
        &quot;description&quot;: null,
        &quot;id&quot;: &quot;75d1a3dc-c6ed-4c21-952e-54972310aeb7&quot;,
        &quot;isMenu&quot;: false,
        &quot;key&quot;: &quot;SubRegion.List&quot;,
        &quot;parentId&quot;: &quot;5016a026-6957-41ab-8cda-9bd37afe0841&quot;,
        &quot;unAuthorizedProps&quot;: {
          &quot;visible&quot;: false,
          &quot;disabled&quot;: false
        },
        &quot;actionName&quot;: &quot;List&quot;
      },
      {
        &quot;routePath&quot;: null,
        &quot;iconName&quot;: null,
        &quot;controllerName&quot;: &quot;Rider&quot;,
        &quot;name&quot;: &quot;Rider Edit&quot;,
        &quot;displayOrder&quot;: 0,
        &quot;description&quot;: null,
        &quot;id&quot;: &quot;8277937b-eb57-49db-b4e2-b71ca38abd9c&quot;,
        &quot;isMenu&quot;: false,
        &quot;key&quot;: &quot;Rider.Edit&quot;,
        &quot;parentId&quot;: &quot;1b716d9c-2bf6-4a16-9bd1-2214d14b6cc7&quot;,
        &quot;unAuthorizedProps&quot;: {
          &quot;visible&quot;: false,
          &quot;disabled&quot;: false
        },
        &quot;actionName&quot;: &quot;Edit&quot;
      },
      {
        &quot;routePath&quot;: null,
        &quot;iconName&quot;: null,
        &quot;controllerName&quot;: &quot;Setting&quot;,
        &quot;name&quot;: &quot;Setting Create&quot;,
        &quot;displayOrder&quot;: 0,
        &quot;description&quot;: null,
        &quot;id&quot;: &quot;238383c9-3a34-4c8a-b2a2-85f813a6f40a&quot;,
        &quot;isMenu&quot;: false,
        &quot;key&quot;: &quot;Setting.Create&quot;,
        &quot;parentId&quot;: &quot;ccc7592a-301d-4d63-aa26-09e92194ca01&quot;,
        &quot;unAuthorizedProps&quot;: {
          &quot;visible&quot;: false,
          &quot;disabled&quot;: false
        },
        &quot;actionName&quot;: &quot;Create&quot;
      },
      {
        &quot;routePath&quot;: null,
        &quot;iconName&quot;: null,
        &quot;controllerName&quot;: &quot;CouponCode&quot;,
        &quot;name&quot;: &quot;CouponCode&quot;,
        &quot;displayOrder&quot;: 0,
        &quot;description&quot;: null,
        &quot;id&quot;: &quot;d28ce774-c331-4733-b98f-c83f04e8c752&quot;,
        &quot;isMenu&quot;: false,
        &quot;key&quot;: &quot;CouponCode.Delete&quot;,
        &quot;parentId&quot;: &quot;5aaef586-e311-4265-a241-6eb9758d6541&quot;,
        &quot;unAuthorizedProps&quot;: {
          &quot;visible&quot;: false,
          &quot;disabled&quot;: false
        },
        &quot;actionName&quot;: &quot;Delete&quot;
      },
      {
        &quot;routePath&quot;: null,
        &quot;iconName&quot;: null,
        &quot;controllerName&quot;: &quot;Permission&quot;,
        &quot;name&quot;: &quot;Permission Create&quot;,
        &quot;displayOrder&quot;: 0,
        &quot;description&quot;: null,
        &quot;id&quot;: &quot;a1a303e1-73f3-40d4-b748-a725546f5ea8&quot;,
        &quot;isMenu&quot;: false,
        &quot;key&quot;: &quot;Permission.Create&quot;,
        &quot;parentId&quot;: &quot;213aad81-551b-49f7-9d15-f11f5b9e7e88&quot;,
        &quot;unAuthorizedProps&quot;: {
          &quot;visible&quot;: false,
          &quot;disabled&quot;: false
        },
        &quot;actionName&quot;: &quot;Create&quot;
      },
      {
        &quot;routePath&quot;: null,
        &quot;iconName&quot;: null,
        &quot;controllerName&quot;: &quot;Language&quot;,
        &quot;name&quot;: &quot;Language Delete&quot;,
        &quot;displayOrder&quot;: 0,
        &quot;description&quot;: null,
        &quot;id&quot;: &quot;16b92a62-28f2-4a62-b810-9d341253ffef&quot;,
        &quot;isMenu&quot;: false,
        &quot;key&quot;: &quot;Language.Delete&quot;,
        &quot;parentId&quot;: &quot;7d117917-ff5a-448f-ae1c-71b123ffabc0&quot;,
        &quot;unAuthorizedProps&quot;: {
          &quot;visible&quot;: false,
          &quot;disabled&quot;: false
        },
        &quot;actionName&quot;: &quot;Delete&quot;
      },
      {
        &quot;routePath&quot;: null,
        &quot;iconName&quot;: null,
        &quot;controllerName&quot;: &quot;Order&quot;,
        &quot;name&quot;: &quot;Order Find&quot;,
        &quot;displayOrder&quot;: 0,
        &quot;description&quot;: null,
        &quot;id&quot;: &quot;28593029-bc36-4e20-86b9-c1703b181edd&quot;,
        &quot;isMenu&quot;: false,
        &quot;key&quot;: &quot;Order.Find&quot;,
        &quot;parentId&quot;: &quot;872b9f8c-c48d-dfeb-de32-1be0c3c38dbb&quot;,
        &quot;unAuthorizedProps&quot;: {
          &quot;visible&quot;: false,
          &quot;disabled&quot;: false
        },
        &quot;actionName&quot;: &quot;Find&quot;
      },
      {
        &quot;routePath&quot;: null,
        &quot;iconName&quot;: null,
        &quot;controllerName&quot;: &quot;SubRegion&quot;,
        &quot;name&quot;: &quot;SubRegion Create&quot;,
        &quot;displayOrder&quot;: 0,
        &quot;description&quot;: null,
        &quot;id&quot;: &quot;5645a151-6053-4f7b-ab7b-d8503cbb1aba&quot;,
        &quot;isMenu&quot;: false,
        &quot;key&quot;: &quot;SubRegion.Create&quot;,
        &quot;parentId&quot;: &quot;5016a026-6957-41ab-8cda-9bd37afe0841&quot;,
        &quot;unAuthorizedProps&quot;: {
          &quot;visible&quot;: false,
          &quot;disabled&quot;: false
        },
        &quot;actionName&quot;: &quot;Create&quot;
      },
      {
        &quot;routePath&quot;: &quot;dashboards&quot;,
        &quot;iconName&quot;: &quot;dashboardSVG&quot;,
        &quot;controllerName&quot;: &quot;Dashboard&quot;,
        &quot;name&quot;: &quot;Analytics&quot;,
        &quot;displayOrder&quot;: 300,
        &quot;description&quot;: null,
        &quot;id&quot;: &quot;0b0fd9e8-2ae5-40f8-9373-deafc8c5770d&quot;,
        &quot;isMenu&quot;: true,
        &quot;key&quot;: &quot;Dashboard.Index&quot;,
        &quot;parentId&quot;: null,
        &quot;unAuthorizedProps&quot;: {
          &quot;visible&quot;: false,
          &quot;disabled&quot;: false
        },
        &quot;actionName&quot;: &quot;Index&quot;
      },
      {
        &quot;routePath&quot;: null,
        &quot;iconName&quot;: null,
        &quot;controllerName&quot;: &quot;ServiceArea&quot;,
        &quot;name&quot;: &quot;ServiceArea Edit&quot;,
        &quot;displayOrder&quot;: 0,
        &quot;description&quot;: null,
        &quot;id&quot;: &quot;dccac413-6147-41f2-a093-0f85c770405a&quot;,
        &quot;isMenu&quot;: false,
        &quot;key&quot;: &quot;ServiceArea.Edit&quot;,
        &quot;parentId&quot;: &quot;6510260c-2670-4f71-96ed-8f12986fb9cf&quot;,
        &quot;unAuthorizedProps&quot;: {
          &quot;visible&quot;: false,
          &quot;disabled&quot;: false
        },
        &quot;actionName&quot;: &quot;Edit&quot;
      },
      {
        &quot;routePath&quot;: null,
        &quot;iconName&quot;: null,
        &quot;controllerName&quot;: &quot;Employee&quot;,
        &quot;name&quot;: &quot;Employee Create&quot;,
        &quot;displayOrder&quot;: 0,
        &quot;description&quot;: null,
        &quot;id&quot;: &quot;c5270ce8-af43-4c0c-aae3-461b204b6154&quot;,
        &quot;isMenu&quot;: false,
        &quot;key&quot;: &quot;Employee.Create&quot;,
        &quot;parentId&quot;: &quot;e4a8e904-698e-4596-92c3-b40206b19179&quot;,
        &quot;unAuthorizedProps&quot;: {
          &quot;visible&quot;: false,
          &quot;disabled&quot;: false
        },
        &quot;actionName&quot;: &quot;Create&quot;
      },
      {
        &quot;routePath&quot;: null,
        &quot;iconName&quot;: null,
        &quot;controllerName&quot;: &quot;Order&quot;,
        &quot;name&quot;: &quot;Order List&quot;,
        &quot;displayOrder&quot;: 0,
        &quot;description&quot;: null,
        &quot;id&quot;: &quot;5644a0fc-aab8-4a88-9bcc-a71f29a6bb49&quot;,
        &quot;isMenu&quot;: false,
        &quot;key&quot;: &quot;Order.List&quot;,
        &quot;parentId&quot;: &quot;872b9f8c-c48d-dfeb-de32-1be0c3c38dbb&quot;,
        &quot;unAuthorizedProps&quot;: {
          &quot;visible&quot;: false,
          &quot;disabled&quot;: false
        },
        &quot;actionName&quot;: &quot;List&quot;
      },
      {
        &quot;routePath&quot;: null,
        &quot;iconName&quot;: null,
        &quot;controllerName&quot;: &quot;Language&quot;,
        &quot;name&quot;: &quot;Language Find&quot;,
        &quot;displayOrder&quot;: 0,
        &quot;description&quot;: null,
        &quot;id&quot;: &quot;ac47e514-e60f-466f-a16c-401a478bbce7&quot;,
        &quot;isMenu&quot;: false,
        &quot;key&quot;: &quot;Language.Find&quot;,
        &quot;parentId&quot;: &quot;7d117917-ff5a-448f-ae1c-71b123ffabc0&quot;,
        &quot;unAuthorizedProps&quot;: {
          &quot;visible&quot;: false,
          &quot;disabled&quot;: false
        },
        &quot;actionName&quot;: &quot;Find&quot;
      },
      {
        &quot;routePath&quot;: null,
        &quot;iconName&quot;: null,
        &quot;controllerName&quot;: &quot;Employee&quot;,
        &quot;name&quot;: &quot;Employee List&quot;,
        &quot;displayOrder&quot;: 0,
        &quot;description&quot;: null,
        &quot;id&quot;: &quot;85b2a11c-84bd-40bf-87b5-226546bb7272&quot;,
        &quot;isMenu&quot;: false,
        &quot;key&quot;: &quot;Employee.List&quot;,
        &quot;parentId&quot;: &quot;e4a8e904-698e-4596-92c3-b40206b19179&quot;,
        &quot;unAuthorizedProps&quot;: {
          &quot;visible&quot;: false,
          &quot;disabled&quot;: false
        },
        &quot;actionName&quot;: &quot;List&quot;
      },
      {
        &quot;routePath&quot;: null,
        &quot;iconName&quot;: null,
        &quot;controllerName&quot;: &quot;Country&quot;,
        &quot;name&quot;: &quot;Country Delete&quot;,
        &quot;displayOrder&quot;: 0,
        &quot;description&quot;: null,
        &quot;id&quot;: &quot;6107f9a1-4fbe-46fc-82eb-55acf38ead7d&quot;,
        &quot;isMenu&quot;: false,
        &quot;key&quot;: &quot;Country.Delete&quot;,
        &quot;parentId&quot;: &quot;9c15db73-badc-4894-ab1b-d8261bac91c2&quot;,
        &quot;unAuthorizedProps&quot;: {
          &quot;visible&quot;: false,
          &quot;disabled&quot;: false
        },
        &quot;actionName&quot;: &quot;Delete&quot;
      },
      {
        &quot;routePath&quot;: null,
        &quot;iconName&quot;: null,
        &quot;controllerName&quot;: &quot;Category&quot;,
        &quot;name&quot;: &quot;Category ListForFilter&quot;,
        &quot;displayOrder&quot;: 0,
        &quot;description&quot;: null,
        &quot;id&quot;: &quot;f057072d-c8d8-4140-880a-ad2a61df8381&quot;,
        &quot;isMenu&quot;: false,
        &quot;key&quot;: &quot;Category.ListForFilter&quot;,
        &quot;parentId&quot;: &quot;9bbddb67-d7f2-44d3-8d09-6bd04f8b6f79&quot;,
        &quot;unAuthorizedProps&quot;: {
          &quot;visible&quot;: false,
          &quot;disabled&quot;: false
        },
        &quot;actionName&quot;: &quot;ListForFilter&quot;
      },
      {
        &quot;routePath&quot;: &quot;categories&quot;,
        &quot;iconName&quot;: &quot;categorySVG&quot;,
        &quot;controllerName&quot;: &quot;Category&quot;,
        &quot;name&quot;: &quot;Categories&quot;,
        &quot;displayOrder&quot;: 400,
        &quot;description&quot;: null,
        &quot;id&quot;: &quot;501d66f1-cdeb-4f10-85d2-6e00d60e36c9&quot;,
        &quot;isMenu&quot;: true,
        &quot;key&quot;: &quot;Category.Index&quot;,
        &quot;parentId&quot;: &quot;8b40e125-ffeb-4cf1-ba4b-0ac72aac09d9&quot;,
        &quot;unAuthorizedProps&quot;: {
          &quot;visible&quot;: false,
          &quot;disabled&quot;: false
        },
        &quot;actionName&quot;: &quot;Index&quot;
      },
      {
        &quot;routePath&quot;: null,
        &quot;iconName&quot;: null,
        &quot;controllerName&quot;: &quot;ZipCode&quot;,
        &quot;name&quot;: &quot;ZipCode Edit&quot;,
        &quot;displayOrder&quot;: 0,
        &quot;description&quot;: null,
        &quot;id&quot;: &quot;a5fdf875-fb0a-456a-bd3d-8428d97760af&quot;,
        &quot;isMenu&quot;: false,
        &quot;key&quot;: &quot;ZipCode.Edit&quot;,
        &quot;parentId&quot;: &quot;8aa34e38-533b-4ab7-bad7-0eaa7b5dec9c&quot;,
        &quot;unAuthorizedProps&quot;: {
          &quot;visible&quot;: false,
          &quot;disabled&quot;: false
        },
        &quot;actionName&quot;: &quot;Edit&quot;
      },
      {
        &quot;routePath&quot;: null,
        &quot;iconName&quot;: null,
        &quot;controllerName&quot;: &quot;Order&quot;,
        &quot;name&quot;: &quot;Order FindOrdersByUserId&quot;,
        &quot;displayOrder&quot;: 0,
        &quot;description&quot;: null,
        &quot;id&quot;: &quot;68d99af4-6abe-48d5-9ef2-c1cdb594e356&quot;,
        &quot;isMenu&quot;: false,
        &quot;key&quot;: &quot;Order.FindOrdersByUserId&quot;,
        &quot;parentId&quot;: &quot;872b9f8c-c48d-dfeb-de32-1be0c3c38dbb&quot;,
        &quot;unAuthorizedProps&quot;: {
          &quot;visible&quot;: false,
          &quot;disabled&quot;: false
        },
        &quot;actionName&quot;: &quot;FindOrdersByUserId&quot;
      },
      {
        &quot;routePath&quot;: null,
        &quot;iconName&quot;: null,
        &quot;controllerName&quot;: &quot;Address&quot;,
        &quot;name&quot;: &quot;Address Index&quot;,
        &quot;displayOrder&quot;: 0,
        &quot;description&quot;: null,
        &quot;id&quot;: &quot;c3c514ef-1964-4c94-b13a-8bdd83a5b1cb&quot;,
        &quot;isMenu&quot;: false,
        &quot;key&quot;: &quot;Address.Index&quot;,
        &quot;parentId&quot;: null,
        &quot;unAuthorizedProps&quot;: {
          &quot;visible&quot;: false,
          &quot;disabled&quot;: false
        },
        &quot;actionName&quot;: &quot;Index&quot;
      },
      {
        &quot;routePath&quot;: null,
        &quot;iconName&quot;: null,
        &quot;controllerName&quot;: &quot;State&quot;,
        &quot;name&quot;: &quot;State Find&quot;,
        &quot;displayOrder&quot;: 0,
        &quot;description&quot;: null,
        &quot;id&quot;: &quot;749873e1-e852-4fc8-ab64-f1da0b433957&quot;,
        &quot;isMenu&quot;: false,
        &quot;key&quot;: &quot;State.Find&quot;,
        &quot;parentId&quot;: &quot;4842baa6-3b5e-40d1-ba2c-aa896962f8a7&quot;,
        &quot;unAuthorizedProps&quot;: {
          &quot;visible&quot;: false,
          &quot;disabled&quot;: false
        },
        &quot;actionName&quot;: &quot;Find&quot;
      },
      {
        &quot;routePath&quot;: null,
        &quot;iconName&quot;: null,
        &quot;controllerName&quot;: &quot;Order&quot;,
        &quot;name&quot;: &quot;Order Edit&quot;,
        &quot;displayOrder&quot;: 0,
        &quot;description&quot;: null,
        &quot;id&quot;: &quot;9ae4817f-4442-47af-a281-0b3c0d40862e&quot;,
        &quot;isMenu&quot;: false,
        &quot;key&quot;: &quot;Order.Edit&quot;,
        &quot;parentId&quot;: &quot;872b9f8c-c48d-dfeb-de32-1be0c3c38dbb&quot;,
        &quot;unAuthorizedProps&quot;: {
          &quot;visible&quot;: false,
          &quot;disabled&quot;: false
        },
        &quot;actionName&quot;: &quot;Edit&quot;
      },
      {
        &quot;routePath&quot;: null,
        &quot;iconName&quot;: null,
        &quot;controllerName&quot;: &quot;Customer&quot;,
        &quot;name&quot;: &quot;Customer RemoteSearchForCustomer&quot;,
        &quot;displayOrder&quot;: 0,
        &quot;description&quot;: null,
        &quot;id&quot;: &quot;6c5194cb-40ed-4c65-81e7-b8588de65998&quot;,
        &quot;isMenu&quot;: false,
        &quot;key&quot;: &quot;Customer.RemoteSearchForCustomer&quot;,
        &quot;parentId&quot;: &quot;07b60a01-5846-422c-b1c6-1c7a382dbd0e&quot;,
        &quot;unAuthorizedProps&quot;: {
          &quot;visible&quot;: false,
          &quot;disabled&quot;: false
        },
        &quot;actionName&quot;: &quot;RemoteSearchForCustomer&quot;
      },
      {
        &quot;routePath&quot;: null,
        &quot;iconName&quot;: null,
        &quot;controllerName&quot;: &quot;Campaign&quot;,
        &quot;name&quot;: &quot;Campaign Upload Picture&quot;,
        &quot;displayOrder&quot;: 0,
        &quot;description&quot;: null,
        &quot;id&quot;: &quot;939d1f32-170d-4457-ba5b-9e7963a1f44d&quot;,
        &quot;isMenu&quot;: false,
        &quot;key&quot;: &quot;Campaign.UploadCampaignPicture&quot;,
        &quot;parentId&quot;: &quot;fd2f794b-65fb-4da6-9bdb-835c466e4321&quot;,
        &quot;unAuthorizedProps&quot;: {
          &quot;visible&quot;: false,
          &quot;disabled&quot;: false
        },
        &quot;actionName&quot;: &quot;UploadCampaignPicture&quot;
      },
      {
        &quot;routePath&quot;: null,
        &quot;iconName&quot;: null,
        &quot;controllerName&quot;: &quot;Permission&quot;,
        &quot;name&quot;: &quot;Permission Edit&quot;,
        &quot;displayOrder&quot;: 0,
        &quot;description&quot;: null,
        &quot;id&quot;: &quot;fac3a453-994e-43cc-876d-e9c0edc059aa&quot;,
        &quot;isMenu&quot;: false,
        &quot;key&quot;: &quot;Permission.Edit&quot;,
        &quot;parentId&quot;: &quot;213aad81-551b-49f7-9d15-f11f5b9e7e88&quot;,
        &quot;unAuthorizedProps&quot;: {
          &quot;visible&quot;: false,
          &quot;disabled&quot;: false
        },
        &quot;actionName&quot;: &quot;Edit&quot;
      },
      {
        &quot;routePath&quot;: null,
        &quot;iconName&quot;: null,
        &quot;controllerName&quot;: &quot;SubRegion&quot;,
        &quot;name&quot;: &quot;SubRegion Find&quot;,
        &quot;displayOrder&quot;: 0,
        &quot;description&quot;: null,
        &quot;id&quot;: &quot;c04774f1-327c-4343-b9bb-35aa8cf11007&quot;,
        &quot;isMenu&quot;: false,
        &quot;key&quot;: &quot;SubRegion.Find&quot;,
        &quot;parentId&quot;: &quot;5016a026-6957-41ab-8cda-9bd37afe0841&quot;,
        &quot;unAuthorizedProps&quot;: {
          &quot;visible&quot;: false,
          &quot;disabled&quot;: false
        },
        &quot;actionName&quot;: &quot;Find&quot;
      },
      {
        &quot;routePath&quot;: &quot;resources&quot;,
        &quot;iconName&quot;: &quot;resourceSVG&quot;,
        &quot;controllerName&quot;: &quot;LocaleResource&quot;,
        &quot;name&quot;: &quot;Resource&quot;,
        &quot;displayOrder&quot;: 910,
        &quot;description&quot;: null,
        &quot;id&quot;: &quot;4c1a6c0d-765c-444a-b7c8-49e99f61d47b&quot;,
        &quot;isMenu&quot;: true,
        &quot;key&quot;: &quot;LocaleResource.Index&quot;,
        &quot;parentId&quot;: &quot;8f4ea0ae-2382-4769-8584-5f2f2b1520c8&quot;,
        &quot;unAuthorizedProps&quot;: {
          &quot;visible&quot;: false,
          &quot;disabled&quot;: false
        },
        &quot;actionName&quot;: &quot;Index&quot;
      },
      {
        &quot;routePath&quot;: null,
        &quot;iconName&quot;: &quot;blackListSVG&quot;,
        &quot;controllerName&quot;: &quot;BlackList&quot;,
        &quot;name&quot;: &quot;Black List List&quot;,
        &quot;displayOrder&quot;: 0,
        &quot;description&quot;: null,
        &quot;id&quot;: &quot;96f6bf8e-c5b2-46ee-ade0-f00025140813&quot;,
        &quot;isMenu&quot;: false,
        &quot;key&quot;: &quot;BlackList.List&quot;,
        &quot;parentId&quot;: &quot;d273c43d-77c8-4b88-8d35-9ec20a90bd11&quot;,
        &quot;unAuthorizedProps&quot;: {
          &quot;visible&quot;: false,
          &quot;disabled&quot;: false
        },
        &quot;actionName&quot;: &quot;List&quot;
      },
      {
        &quot;routePath&quot;: null,
        &quot;iconName&quot;: null,
        &quot;controllerName&quot;: &quot;County&quot;,
        &quot;name&quot;: &quot;County List&quot;,
        &quot;displayOrder&quot;: 0,
        &quot;description&quot;: null,
        &quot;id&quot;: &quot;b585755d-7f4f-43b0-8d1e-f2d807abcec4&quot;,
        &quot;isMenu&quot;: false,
        &quot;key&quot;: &quot;County.List&quot;,
        &quot;parentId&quot;: &quot;28a7ee86-bfd8-408f-97d3-82a96e1cbcc6&quot;,
        &quot;unAuthorizedProps&quot;: {
          &quot;visible&quot;: false,
          &quot;disabled&quot;: false
        },
        &quot;actionName&quot;: &quot;List&quot;
      },
      {
        &quot;routePath&quot;: null,
        &quot;iconName&quot;: null,
        &quot;controllerName&quot;: &quot;LocaleResource&quot;,
        &quot;name&quot;: &quot;LocaleResource Find&quot;,
        &quot;displayOrder&quot;: 0,
        &quot;description&quot;: null,
        &quot;id&quot;: &quot;8a3bd0e4-9a78-449b-bf34-61a097848b9b&quot;,
        &quot;isMenu&quot;: false,
        &quot;key&quot;: &quot;LocaleResource.Find&quot;,
        &quot;parentId&quot;: &quot;4c1a6c0d-765c-444a-b7c8-49e99f61d47b&quot;,
        &quot;unAuthorizedProps&quot;: {
          &quot;visible&quot;: false,
          &quot;disabled&quot;: false
        },
        &quot;actionName&quot;: &quot;Find&quot;
      },
      {
        &quot;routePath&quot;: null,
        &quot;iconName&quot;: null,
        &quot;controllerName&quot;: &quot;ServiceArea&quot;,
        &quot;name&quot;: &quot;ServiceArea Delete&quot;,
        &quot;displayOrder&quot;: 0,
        &quot;description&quot;: null,
        &quot;id&quot;: &quot;aa63520c-b6b3-4475-8516-d9ed4e71ae82&quot;,
        &quot;isMenu&quot;: false,
        &quot;key&quot;: &quot;ServiceArea.Delete&quot;,
        &quot;parentId&quot;: &quot;6510260c-2670-4f71-96ed-8f12986fb9cf&quot;,
        &quot;unAuthorizedProps&quot;: {
          &quot;visible&quot;: false,
          &quot;disabled&quot;: false
        },
        &quot;actionName&quot;: &quot;Delete&quot;
      },
      {
        &quot;routePath&quot;: null,
        &quot;iconName&quot;: null,
        &quot;controllerName&quot;: &quot;Permission&quot;,
        &quot;name&quot;: &quot;Permission Delete&quot;,
        &quot;displayOrder&quot;: 0,
        &quot;description&quot;: null,
        &quot;id&quot;: &quot;acdf48fe-e099-4a8c-a80c-75a3bfe58940&quot;,
        &quot;isMenu&quot;: false,
        &quot;key&quot;: &quot;Permission.Delete&quot;,
        &quot;parentId&quot;: &quot;213aad81-551b-49f7-9d15-f11f5b9e7e88&quot;,
        &quot;unAuthorizedProps&quot;: {
          &quot;visible&quot;: false,
          &quot;disabled&quot;: false
        },
        &quot;actionName&quot;: &quot;Delete&quot;
      },
      {
        &quot;routePath&quot;: &quot;tech-support&quot;,
        &quot;iconName&quot;: &quot;supportSVG&quot;,
        &quot;controllerName&quot;: &quot;Tech&quot;,
        &quot;name&quot;: &quot;Tech Support&quot;,
        &quot;displayOrder&quot;: 1000,
        &quot;description&quot;: null,
        &quot;id&quot;: &quot;7c8e8441-579f-4552-a9f8-b6d5a9f1df3c&quot;,
        &quot;isMenu&quot;: true,
        &quot;key&quot;: &quot;Tech.Support&quot;,
        &quot;parentId&quot;: &quot;5b7cb896-ff20-4798-8468-df6c7f3be073&quot;,
        &quot;unAuthorizedProps&quot;: {
          &quot;visible&quot;: false,
          &quot;disabled&quot;: false
        },
        &quot;actionName&quot;: &quot;Support&quot;
      },
      {
        &quot;routePath&quot;: null,
        &quot;iconName&quot;: null,
        &quot;controllerName&quot;: &quot;Region&quot;,
        &quot;name&quot;: &quot;Region Find&quot;,
        &quot;displayOrder&quot;: 0,
        &quot;description&quot;: null,
        &quot;id&quot;: &quot;373140df-79dd-4adc-b233-0d8f50f44dda&quot;,
        &quot;isMenu&quot;: false,
        &quot;key&quot;: &quot;Region.Find&quot;,
        &quot;parentId&quot;: &quot;636ed702-38d2-4f20-967d-54564a31315f&quot;,
        &quot;unAuthorizedProps&quot;: {
          &quot;visible&quot;: false,
          &quot;disabled&quot;: false
        },
        &quot;actionName&quot;: &quot;Find&quot;
      },
      {
        &quot;routePath&quot;: null,
        &quot;iconName&quot;: null,
        &quot;controllerName&quot;: &quot;County&quot;,
        &quot;name&quot;: &quot;County Delete&quot;,
        &quot;displayOrder&quot;: 0,
        &quot;description&quot;: null,
        &quot;id&quot;: &quot;b359ba12-bf6f-4788-9f9a-c8fd1798258b&quot;,
        &quot;isMenu&quot;: false,
        &quot;key&quot;: &quot;County.Delete&quot;,
        &quot;parentId&quot;: &quot;28a7ee86-bfd8-408f-97d3-82a96e1cbcc6&quot;,
        &quot;unAuthorizedProps&quot;: {
          &quot;visible&quot;: false,
          &quot;disabled&quot;: false
        },
        &quot;actionName&quot;: &quot;Delete&quot;
      },
      {
        &quot;routePath&quot;: null,
        &quot;iconName&quot;: null,
        &quot;controllerName&quot;: &quot;LocaleResource&quot;,
        &quot;name&quot;: &quot;LocaleResource Edit&quot;,
        &quot;displayOrder&quot;: 0,
        &quot;description&quot;: null,
        &quot;id&quot;: &quot;577e23af-d37c-4a77-bb18-40d89a3f6d66&quot;,
        &quot;isMenu&quot;: false,
        &quot;key&quot;: &quot;LocaleResource.Edit&quot;,
        &quot;parentId&quot;: &quot;4c1a6c0d-765c-444a-b7c8-49e99f61d47b&quot;,
        &quot;unAuthorizedProps&quot;: {
          &quot;visible&quot;: false,
          &quot;disabled&quot;: false
        },
        &quot;actionName&quot;: &quot;Edit&quot;
      },
      {
        &quot;routePath&quot;: &quot;map&quot;,
        &quot;iconName&quot;: &quot;mapSVG&quot;,
        &quot;controllerName&quot;: &quot;Admin&quot;,
        &quot;name&quot;: &quot;Map&quot;,
        &quot;displayOrder&quot;: 200,
        &quot;description&quot;: null,
        &quot;id&quot;: &quot;65e94cad-f24a-7d0e-3a21-de1a1e5e8765&quot;,
        &quot;isMenu&quot;: false,
        &quot;key&quot;: &quot;Admin.Map&quot;,
        &quot;parentId&quot;: null,
        &quot;unAuthorizedProps&quot;: {
          &quot;visible&quot;: false,
          &quot;disabled&quot;: false
        },
        &quot;actionName&quot;: &quot;Map&quot;
      },
      {
        &quot;routePath&quot;: null,
        &quot;iconName&quot;: null,
        &quot;controllerName&quot;: &quot;LocaleResource&quot;,
        &quot;name&quot;: &quot;LocaleResource Export&quot;,
        &quot;displayOrder&quot;: 0,
        &quot;description&quot;: null,
        &quot;id&quot;: &quot;cc2a0054-37f4-4f72-80cd-56e918590d0c&quot;,
        &quot;isMenu&quot;: false,
        &quot;key&quot;: &quot;LocaleResource.Export&quot;,
        &quot;parentId&quot;: &quot;4c1a6c0d-765c-444a-b7c8-49e99f61d47b&quot;,
        &quot;unAuthorizedProps&quot;: {
          &quot;visible&quot;: false,
          &quot;disabled&quot;: false
        },
        &quot;actionName&quot;: &quot;Export&quot;
      },
      {
        &quot;routePath&quot;: null,
        &quot;iconName&quot;: &quot;RemoteSearchForProductName&quot;,
        &quot;controllerName&quot;: &quot;Product&quot;,
        &quot;name&quot;: &quot;Product RemoteSearchForProductName&quot;,
        &quot;displayOrder&quot;: 0,
        &quot;description&quot;: null,
        &quot;id&quot;: &quot;5f84cdde-5800-48ce-b690-86628a41f98c&quot;,
        &quot;isMenu&quot;: false,
        &quot;key&quot;: &quot;Product.RemoteSearchForProductName&quot;,
        &quot;parentId&quot;: &quot;1858607f-58c2-4c69-8078-f2756c5ca81e&quot;,
        &quot;unAuthorizedProps&quot;: {
          &quot;visible&quot;: false,
          &quot;disabled&quot;: false
        },
        &quot;actionName&quot;: &quot;RemoteSearchForProductName&quot;
      },
      {
        &quot;routePath&quot;: &quot;&quot;,
        &quot;iconName&quot;: &quot;usersSVG&quot;,
        &quot;controllerName&quot;: &quot;User&quot;,
        &quot;name&quot;: &quot;Users&quot;,
        &quot;displayOrder&quot;: 600,
        &quot;description&quot;: null,
        &quot;id&quot;: &quot;8b04f24a-f777-5455-9d4b-5d32257d3d62&quot;,
        &quot;isMenu&quot;: true,
        &quot;key&quot;: &quot;User.Index&quot;,
        &quot;parentId&quot;: null,
        &quot;unAuthorizedProps&quot;: {
          &quot;visible&quot;: false,
          &quot;disabled&quot;: false
        },
        &quot;actionName&quot;: &quot;Index&quot;
      },
      {
        &quot;routePath&quot;: &quot;productmanagement&quot;,
        &quot;iconName&quot;: &quot;productSVG&quot;,
        &quot;controllerName&quot;: &quot;Product&quot;,
        &quot;name&quot;: &quot;Feature Ideation&quot;,
        &quot;displayOrder&quot;: 999,
        &quot;description&quot;: null,
        &quot;id&quot;: &quot;0d5f6f26-1114-4503-95da-fff6063915b6&quot;,
        &quot;isMenu&quot;: true,
        &quot;key&quot;: &quot;Product.Management&quot;,
        &quot;parentId&quot;: &quot;5b7cb896-ff20-4798-8468-df6c7f3be073&quot;,
        &quot;unAuthorizedProps&quot;: {
          &quot;visible&quot;: false,
          &quot;disabled&quot;: false
        },
        &quot;actionName&quot;: &quot;Management&quot;
      },
      {
        &quot;routePath&quot;: null,
        &quot;iconName&quot;: null,
        &quot;controllerName&quot;: &quot;Category&quot;,
        &quot;name&quot;: &quot;Category GetCategoryByParent&quot;,
        &quot;displayOrder&quot;: 0,
        &quot;description&quot;: null,
        &quot;id&quot;: &quot;5d731e1f-4111-4737-a729-9d476ac966a5&quot;,
        &quot;isMenu&quot;: false,
        &quot;key&quot;: &quot;Category.GetCategoryByParent&quot;,
        &quot;parentId&quot;: &quot;9bbddb67-d7f2-44d3-8d09-6bd04f8b6f79&quot;,
        &quot;unAuthorizedProps&quot;: {
          &quot;visible&quot;: false,
          &quot;disabled&quot;: false
        },
        &quot;actionName&quot;: &quot;GetCategoryByParent&quot;
      },
      {
        &quot;routePath&quot;: null,
        &quot;iconName&quot;: null,
        &quot;controllerName&quot;: &quot;Customer&quot;,
        &quot;name&quot;: &quot;Customer List&quot;,
        &quot;displayOrder&quot;: 0,
        &quot;description&quot;: null,
        &quot;id&quot;: &quot;bbe76549-965a-45b4-9680-86bac515fc1b&quot;,
        &quot;isMenu&quot;: false,
        &quot;key&quot;: &quot;Customer.List&quot;,
        &quot;parentId&quot;: &quot;07b60a01-5846-422c-b1c6-1c7a382dbd0e&quot;,
        &quot;unAuthorizedProps&quot;: {
          &quot;visible&quot;: false,
          &quot;disabled&quot;: false
        },
        &quot;actionName&quot;: &quot;List&quot;
      },
      {
        &quot;routePath&quot;: &quot;settings&quot;,
        &quot;iconName&quot;: &quot;settingsSVG&quot;,
        &quot;controllerName&quot;: &quot;Setting&quot;,
        &quot;name&quot;: &quot;Settings&quot;,
        &quot;displayOrder&quot;: 1000,
        &quot;description&quot;: null,
        &quot;id&quot;: &quot;ccc7592a-301d-4d63-aa26-09e92194ca01&quot;,
        &quot;isMenu&quot;: true,
        &quot;key&quot;: &quot;Setting.Index&quot;,
        &quot;parentId&quot;: null,
        &quot;unAuthorizedProps&quot;: {
          &quot;visible&quot;: false,
          &quot;disabled&quot;: false
        },
        &quot;actionName&quot;: &quot;Index&quot;
      },
      {
        &quot;routePath&quot;: null,
        &quot;iconName&quot;: null,
        &quot;controllerName&quot;: &quot;LocaleResource&quot;,
        &quot;name&quot;: &quot;LocaleResource Index&quot;,
        &quot;displayOrder&quot;: 0,
        &quot;description&quot;: &quot;LocaleResource Index &quot;,
        &quot;id&quot;: &quot;b88d0e35-5b99-4daf-9c2f-ff36aab9197e&quot;,
        &quot;isMenu&quot;: false,
        &quot;key&quot;: &quot;LocaleResource.Index&quot;,
        &quot;parentId&quot;: &quot;4c1a6c0d-765c-444a-b7c8-49e99f61d47b&quot;,
        &quot;unAuthorizedProps&quot;: {
          &quot;visible&quot;: false,
          &quot;disabled&quot;: false
        },
        &quot;actionName&quot;: &quot;Index&quot;
      },
      {
        &quot;routePath&quot;: null,
        &quot;iconName&quot;: null,
        &quot;controllerName&quot;: &quot;Warehouse&quot;,
        &quot;name&quot;: &quot;Warehouse EditWarehouseState&quot;,
        &quot;displayOrder&quot;: 0,
        &quot;description&quot;: null,
        &quot;id&quot;: &quot;fb7d3fd3-e816-4921-98ae-178c750b951a&quot;,
        &quot;isMenu&quot;: false,
        &quot;key&quot;: &quot;Warehouse.EditWarehouseState&quot;,
        &quot;parentId&quot;: &quot;7a99d565-0e98-95af-19bd-814011ea2417&quot;,
        &quot;unAuthorizedProps&quot;: {
          &quot;visible&quot;: false,
          &quot;disabled&quot;: false
        },
        &quot;actionName&quot;: &quot;EditWarehouseState&quot;
      },
      {
        &quot;routePath&quot;: &quot;vehicles&quot;,
        &quot;iconName&quot;: &quot;vehicleSVG&quot;,
        &quot;controllerName&quot;: &quot;Vehicle&quot;,
        &quot;name&quot;: &quot;Vehicles&quot;,
        &quot;displayOrder&quot;: 900,
        &quot;description&quot;: null,
        &quot;id&quot;: &quot;27436094-fc09-48ea-ae79-8ea2b4517866&quot;,
        &quot;isMenu&quot;: false,
        &quot;key&quot;: &quot;Vehicle.Index&quot;,
        &quot;parentId&quot;: null,
        &quot;unAuthorizedProps&quot;: {
          &quot;visible&quot;: false,
          &quot;disabled&quot;: false
        },
        &quot;actionName&quot;: &quot;Index&quot;
      },
      {
        &quot;routePath&quot;: null,
        &quot;iconName&quot;: null,
        &quot;controllerName&quot;: &quot;Warehouse&quot;,
        &quot;name&quot;: &quot;Warehouse List&quot;,
        &quot;displayOrder&quot;: 0,
        &quot;description&quot;: null,
        &quot;id&quot;: &quot;ac3e564a-4cc4-453d-8938-2563ef62921f&quot;,
        &quot;isMenu&quot;: false,
        &quot;key&quot;: &quot;Warehouse.List&quot;,
        &quot;parentId&quot;: &quot;7a99d565-0e98-95af-19bd-814011ea2417&quot;,
        &quot;unAuthorizedProps&quot;: {
          &quot;visible&quot;: false,
          &quot;disabled&quot;: false
        },
        &quot;actionName&quot;: &quot;List&quot;
      },
      {
        &quot;routePath&quot;: null,
        &quot;iconName&quot;: null,
        &quot;controllerName&quot;: &quot;CouponCode&quot;,
        &quot;name&quot;: &quot;CouponCode&quot;,
        &quot;displayOrder&quot;: 0,
        &quot;description&quot;: null,
        &quot;id&quot;: &quot;5aaef586-e311-4265-a241-6eb9758d6541&quot;,
        &quot;isMenu&quot;: false,
        &quot;key&quot;: &quot;CouponCode.ListForFilter&quot;,
        &quot;parentId&quot;: null,
        &quot;unAuthorizedProps&quot;: {
          &quot;visible&quot;: false,
          &quot;disabled&quot;: false
        },
        &quot;actionName&quot;: &quot;ListForFilter&quot;
      },
      {
        &quot;routePath&quot;: null,
        &quot;iconName&quot;: null,
        &quot;controllerName&quot;: &quot;State&quot;,
        &quot;name&quot;: &quot;State Edit&quot;,
        &quot;displayOrder&quot;: 0,
        &quot;description&quot;: null,
        &quot;id&quot;: &quot;581b4c8a-cce8-447b-98b5-1f29f9aae457&quot;,
        &quot;isMenu&quot;: false,
        &quot;key&quot;: &quot;State.Edit&quot;,
        &quot;parentId&quot;: &quot;4842baa6-3b5e-40d1-ba2c-aa896962f8a7&quot;,
        &quot;unAuthorizedProps&quot;: {
          &quot;visible&quot;: false,
          &quot;disabled&quot;: false
        },
        &quot;actionName&quot;: &quot;Edit&quot;
      },
      {
        &quot;routePath&quot;: null,
        &quot;iconName&quot;: null,
        &quot;controllerName&quot;: &quot;Country&quot;,
        &quot;name&quot;: &quot;Country Edit&quot;,
        &quot;displayOrder&quot;: 0,
        &quot;description&quot;: null,
        &quot;id&quot;: &quot;117355ed-1004-4b13-beb3-2ee0056892f1&quot;,
        &quot;isMenu&quot;: false,
        &quot;key&quot;: &quot;Country.Edit&quot;,
        &quot;parentId&quot;: &quot;9c15db73-badc-4894-ab1b-d8261bac91c2&quot;,
        &quot;unAuthorizedProps&quot;: {
          &quot;visible&quot;: false,
          &quot;disabled&quot;: false
        },
        &quot;actionName&quot;: &quot;Edit&quot;
      },
      {
        &quot;routePath&quot;: &quot;geo-areas&quot;,
        &quot;iconName&quot;: &quot;geo-areasSVG&quot;,
        &quot;controllerName&quot;: &quot;GeoArea&quot;,
        &quot;name&quot;: &quot;Geo Areas&quot;,
        &quot;displayOrder&quot;: 400,
        &quot;description&quot;: null,
        &quot;id&quot;: &quot;596bb8e1-9705-be47-b70e-e0cb48edc078&quot;,
        &quot;isMenu&quot;: true,
        &quot;key&quot;: &quot;GeoArea.Index&quot;,
        &quot;parentId&quot;: null,
        &quot;unAuthorizedProps&quot;: {
          &quot;visible&quot;: false,
          &quot;disabled&quot;: false
        },
        &quot;actionName&quot;: &quot;Index&quot;
      },
      {
        &quot;routePath&quot;: null,
        &quot;iconName&quot;: null,
        &quot;controllerName&quot;: &quot;Role&quot;,
        &quot;name&quot;: &quot;Role List&quot;,
        &quot;displayOrder&quot;: 0,
        &quot;description&quot;: null,
        &quot;id&quot;: &quot;ed6b7f77-7b07-4fdd-b4eb-5dc72ed21a53&quot;,
        &quot;isMenu&quot;: false,
        &quot;key&quot;: &quot;Role.List&quot;,
        &quot;parentId&quot;: &quot;e98d2f21-52f8-41cb-9b3f-fe979b5f0578&quot;,
        &quot;unAuthorizedProps&quot;: {
          &quot;visible&quot;: false,
          &quot;disabled&quot;: false
        },
        &quot;actionName&quot;: &quot;List&quot;
      },
      {
        &quot;routePath&quot;: null,
        &quot;iconName&quot;: null,
        &quot;controllerName&quot;: &quot;Warehouse&quot;,
        &quot;name&quot;: &quot;Warehouse ListBasic&quot;,
        &quot;displayOrder&quot;: 0,
        &quot;description&quot;: null,
        &quot;id&quot;: &quot;3cd0e960-08c5-488e-82bf-e81eb0481924&quot;,
        &quot;isMenu&quot;: false,
        &quot;key&quot;: &quot;Warehouse.ListBasic&quot;,
        &quot;parentId&quot;: &quot;7a99d565-0e98-95af-19bd-814011ea2417&quot;,
        &quot;unAuthorizedProps&quot;: {
          &quot;visible&quot;: false,
          &quot;disabled&quot;: false
        },
        &quot;actionName&quot;: &quot;ListBasic&quot;
      },
      {
        &quot;routePath&quot;: null,
        &quot;iconName&quot;: null,
        &quot;controllerName&quot;: &quot;Address&quot;,
        &quot;name&quot;: &quot;Address Edit&quot;,
        &quot;displayOrder&quot;: 0,
        &quot;description&quot;: null,
        &quot;id&quot;: &quot;3e821719-5809-4a64-979f-9f373f2510d4&quot;,
        &quot;isMenu&quot;: false,
        &quot;key&quot;: &quot;Address.Edit&quot;,
        &quot;parentId&quot;: &quot;c3c514ef-1964-4c94-b13a-8bdd83a5b1cb&quot;,
        &quot;unAuthorizedProps&quot;: {
          &quot;visible&quot;: false,
          &quot;disabled&quot;: false
        },
        &quot;actionName&quot;: &quot;Edit&quot;
      },
      {
        &quot;routePath&quot;: null,
        &quot;iconName&quot;: null,
        &quot;controllerName&quot;: &quot;ServiceArea&quot;,
        &quot;name&quot;: &quot;ServiceArea Create&quot;,
        &quot;displayOrder&quot;: 0,
        &quot;description&quot;: null,
        &quot;id&quot;: &quot;20738cab-a928-4c12-9a39-29eeaf60713a&quot;,
        &quot;isMenu&quot;: false,
        &quot;key&quot;: &quot;ServiceArea.Create&quot;,
        &quot;parentId&quot;: &quot;6510260c-2670-4f71-96ed-8f12986fb9cf&quot;,
        &quot;unAuthorizedProps&quot;: {
          &quot;visible&quot;: false,
          &quot;disabled&quot;: false
        },
        &quot;actionName&quot;: &quot;Create&quot;
      },
      {
        &quot;routePath&quot;: null,
        &quot;iconName&quot;: null,
        &quot;controllerName&quot;: &quot;Setting&quot;,
        &quot;name&quot;: &quot;Setting Find&quot;,
        &quot;displayOrder&quot;: 0,
        &quot;description&quot;: null,
        &quot;id&quot;: &quot;e57a84a5-6d3e-4513-82cd-1ec64740178b&quot;,
        &quot;isMenu&quot;: false,
        &quot;key&quot;: &quot;Setting.Find&quot;,
        &quot;parentId&quot;: &quot;ccc7592a-301d-4d63-aa26-09e92194ca01&quot;,
        &quot;unAuthorizedProps&quot;: {
          &quot;visible&quot;: false,
          &quot;disabled&quot;: false
        },
        &quot;actionName&quot;: &quot;Find&quot;
      },
      {
        &quot;routePath&quot;: null,
        &quot;iconName&quot;: null,
        &quot;controllerName&quot;: &quot;SubRegion&quot;,
        &quot;name&quot;: &quot;SubRegion Edit&quot;,
        &quot;displayOrder&quot;: 0,
        &quot;description&quot;: null,
        &quot;id&quot;: &quot;befec01d-311a-4d58-8875-390d7c5143ab&quot;,
        &quot;isMenu&quot;: false,
        &quot;key&quot;: &quot;SubRegion.Edit&quot;,
        &quot;parentId&quot;: &quot;5016a026-6957-41ab-8cda-9bd37afe0841&quot;,
        &quot;unAuthorizedProps&quot;: {
          &quot;visible&quot;: false,
          &quot;disabled&quot;: false
        },
        &quot;actionName&quot;: &quot;Edit&quot;
      },
      {
        &quot;routePath&quot;: null,
        &quot;iconName&quot;: null,
        &quot;controllerName&quot;: &quot;State&quot;,
        &quot;name&quot;: &quot;State Create&quot;,
        &quot;displayOrder&quot;: 0,
        &quot;description&quot;: null,
        &quot;id&quot;: &quot;88690c06-a8b6-4e95-a176-3963af2d2b79&quot;,
        &quot;isMenu&quot;: false,
        &quot;key&quot;: &quot;State.Create&quot;,
        &quot;parentId&quot;: &quot;4842baa6-3b5e-40d1-ba2c-aa896962f8a7&quot;,
        &quot;unAuthorizedProps&quot;: {
          &quot;visible&quot;: false,
          &quot;disabled&quot;: false
        },
        &quot;actionName&quot;: &quot;Create&quot;
      },
      {
        &quot;routePath&quot;: null,
        &quot;iconName&quot;: null,
        &quot;controllerName&quot;: &quot;LocaleResource&quot;,
        &quot;name&quot;: &quot;LocaleResource Import&quot;,
        &quot;displayOrder&quot;: 0,
        &quot;description&quot;: null,
        &quot;id&quot;: &quot;a0f85551-79e4-4fd8-b9dc-7b4e0bd3f3d9&quot;,
        &quot;isMenu&quot;: false,
        &quot;key&quot;: &quot;LocaleResource.Import&quot;,
        &quot;parentId&quot;: &quot;4c1a6c0d-765c-444a-b7c8-49e99f61d47b&quot;,
        &quot;unAuthorizedProps&quot;: {
          &quot;visible&quot;: false,
          &quot;disabled&quot;: false
        },
        &quot;actionName&quot;: &quot;Import&quot;
      },
      {
        &quot;routePath&quot;: null,
        &quot;iconName&quot;: null,
        &quot;controllerName&quot;: &quot;Country&quot;,
        &quot;name&quot;: &quot;Country Create&quot;,
        &quot;displayOrder&quot;: 0,
        &quot;description&quot;: null,
        &quot;id&quot;: &quot;b4e4f143-cdff-4839-a5db-7379c79b2cc1&quot;,
        &quot;isMenu&quot;: false,
        &quot;key&quot;: &quot;Country.Create&quot;,
        &quot;parentId&quot;: &quot;9c15db73-badc-4894-ab1b-d8261bac91c2&quot;,
        &quot;unAuthorizedProps&quot;: {
          &quot;visible&quot;: false,
          &quot;disabled&quot;: false
        },
        &quot;actionName&quot;: &quot;Create&quot;
      },
      {
        &quot;routePath&quot;: null,
        &quot;iconName&quot;: null,
        &quot;controllerName&quot;: &quot;Warehouse&quot;,
        &quot;name&quot;: &quot;Warehouse Delete&quot;,
        &quot;displayOrder&quot;: 0,
        &quot;description&quot;: null,
        &quot;id&quot;: &quot;dbc3a8dd-ea84-4a11-bbfe-02a476211462&quot;,
        &quot;isMenu&quot;: false,
        &quot;key&quot;: &quot;Warehouse.Delete&quot;,
        &quot;parentId&quot;: &quot;7a99d565-0e98-95af-19bd-814011ea2417&quot;,
        &quot;unAuthorizedProps&quot;: {
          &quot;visible&quot;: false,
          &quot;disabled&quot;: false
        },
        &quot;actionName&quot;: &quot;Delete&quot;
      },
      {
        &quot;routePath&quot;: &quot;blacklist&quot;,
        &quot;iconName&quot;: &quot;blackListSVG&quot;,
        &quot;controllerName&quot;: &quot;BlackList&quot;,
        &quot;name&quot;: &quot;Black List&quot;,
        &quot;displayOrder&quot;: 0,
        &quot;description&quot;: null,
        &quot;id&quot;: &quot;d273c43d-77c8-4b88-8d35-9ec20a90bd11&quot;,
        &quot;isMenu&quot;: false,
        &quot;key&quot;: &quot;BlackList.Index&quot;,
        &quot;parentId&quot;: &quot;8b04f24a-f777-5455-9d4b-5d32257d3d62&quot;,
        &quot;unAuthorizedProps&quot;: {
          &quot;visible&quot;: false,
          &quot;disabled&quot;: false
        },
        &quot;actionName&quot;: &quot;Index&quot;
      },
      {
        &quot;routePath&quot;: null,
        &quot;iconName&quot;: &quot;control&quot;,
        &quot;controllerName&quot;: &quot;DriverApp&quot;,
        &quot;name&quot;: &quot;Control&quot;,
        &quot;displayOrder&quot;: 0,
        &quot;description&quot;: &quot;&quot;,
        &quot;id&quot;: &quot;ac0083c7-bd11-4d5a-88bd-5fdfd029d71d&quot;,
        &quot;isMenu&quot;: true,
        &quot;key&quot;: &quot;DriverApp.Control&quot;,
        &quot;parentId&quot;: &quot;673cefc5-8638-47b5-9440-8f3fa459f0b1&quot;,
        &quot;unAuthorizedProps&quot;: {
          &quot;visible&quot;: false,
          &quot;disabled&quot;: false
        },
        &quot;actionName&quot;: &quot;Control&quot;
      },
      {
        &quot;routePath&quot;: null,
        &quot;iconName&quot;: null,
        &quot;controllerName&quot;: &quot;Permission&quot;,
        &quot;name&quot;: &quot;Permission Tree&quot;,
        &quot;displayOrder&quot;: 0,
        &quot;description&quot;: null,
        &quot;id&quot;: &quot;31bf9d11-e13f-483c-835e-c0507f1c001b&quot;,
        &quot;isMenu&quot;: false,
        &quot;key&quot;: &quot;Permission.PermissionTree&quot;,
        &quot;parentId&quot;: &quot;213aad81-551b-49f7-9d15-f11f5b9e7e88&quot;,
        &quot;unAuthorizedProps&quot;: {
          &quot;visible&quot;: false,
          &quot;disabled&quot;: false
        },
        &quot;actionName&quot;: &quot;PermissionTree&quot;
      },
      {
        &quot;routePath&quot;: &quot;dashboards&quot;,
        &quot;iconName&quot;: &quot;dashboardSVG&quot;,
        &quot;controllerName&quot;: &quot;Dashboard&quot;,
        &quot;name&quot;: &quot;Analytics&quot;,
        &quot;displayOrder&quot;: 300,
        &quot;description&quot;: &quot;Analytics&quot;,
        &quot;id&quot;: &quot;9160e49e-2340-41fd-aee7-f00fb79cca35&quot;,
        &quot;isMenu&quot;: false,
        &quot;key&quot;: &quot;Dashboard.GetDashboardIframe&quot;,
        &quot;parentId&quot;: null,
        &quot;unAuthorizedProps&quot;: {
          &quot;visible&quot;: false,
          &quot;disabled&quot;: false
        },
        &quot;actionName&quot;: &quot;GetDashboardIframe&quot;
      },
      {
        &quot;routePath&quot;: null,
        &quot;iconName&quot;: null,
        &quot;controllerName&quot;: &quot;Customer&quot;,
        &quot;name&quot;: &quot;Customer Find&quot;,
        &quot;displayOrder&quot;: 0,
        &quot;description&quot;: null,
        &quot;id&quot;: &quot;7e69895f-a4fe-470b-9dbd-3902631c5978&quot;,
        &quot;isMenu&quot;: false,
        &quot;key&quot;: &quot;Customer.Find&quot;,
        &quot;parentId&quot;: &quot;07b60a01-5846-422c-b1c6-1c7a382dbd0e&quot;,
        &quot;unAuthorizedProps&quot;: {
          &quot;visible&quot;: false,
          &quot;disabled&quot;: false
        },
        &quot;actionName&quot;: &quot;Find&quot;
      },
      {
        &quot;routePath&quot;: null,
        &quot;iconName&quot;: null,
        &quot;controllerName&quot;: &quot;Order&quot;,
        &quot;name&quot;: &quot;Order List&quot;,
        &quot;displayOrder&quot;: 0,
        &quot;description&quot;: null,
        &quot;id&quot;: &quot;68267f89-edc4-4c6b-a72b-06381cf0e532&quot;,
        &quot;isMenu&quot;: false,
        &quot;key&quot;: &quot;Order.List&quot;,
        &quot;parentId&quot;: &quot;872b9f8c-c48d-dfeb-de32-1be0c3c38dbb&quot;,
        &quot;unAuthorizedProps&quot;: {
          &quot;visible&quot;: false,
          &quot;disabled&quot;: false
        },
        &quot;actionName&quot;: &quot;List&quot;
      },
      {
        &quot;routePath&quot;: &quot;&quot;,
        &quot;iconName&quot;: &quot;ordersSVG&quot;,
        &quot;controllerName&quot;: &quot;Order&quot;,
        &quot;name&quot;: &quot;Orders&quot;,
        &quot;displayOrder&quot;: 100,
        &quot;description&quot;: null,
        &quot;id&quot;: &quot;872b9f8c-c48d-dfeb-de32-1be0c3c38dbb&quot;,
        &quot;isMenu&quot;: true,
        &quot;key&quot;: &quot;Order.Index&quot;,
        &quot;parentId&quot;: null,
        &quot;unAuthorizedProps&quot;: {
          &quot;visible&quot;: false,
          &quot;disabled&quot;: false
        },
        &quot;actionName&quot;: &quot;Index&quot;
      },
      {
        &quot;routePath&quot;: null,
        &quot;iconName&quot;: null,
        &quot;controllerName&quot;: &quot;Order&quot;,
        &quot;name&quot;: &quot;Order ReportOrderItem&quot;,
        &quot;displayOrder&quot;: 0,
        &quot;description&quot;: null,
        &quot;id&quot;: &quot;fc541f93-e00d-4204-bc10-21a8c66281d9&quot;,
        &quot;isMenu&quot;: false,
        &quot;key&quot;: &quot;Order.ReportOrderItem&quot;,
        &quot;parentId&quot;: &quot;872b9f8c-c48d-dfeb-de32-1be0c3c38dbb&quot;,
        &quot;unAuthorizedProps&quot;: {
          &quot;visible&quot;: false,
          &quot;disabled&quot;: false
        },
        &quot;actionName&quot;: &quot;ReportOrderItem&quot;
      },
      {
        &quot;routePath&quot;: null,
        &quot;iconName&quot;: null,
        &quot;controllerName&quot;: &quot;Country&quot;,
        &quot;name&quot;: &quot;Country List&quot;,
        &quot;displayOrder&quot;: 0,
        &quot;description&quot;: null,
        &quot;id&quot;: &quot;965f2723-9852-432a-8811-6d549e75b51c&quot;,
        &quot;isMenu&quot;: false,
        &quot;key&quot;: &quot;Country.List&quot;,
        &quot;parentId&quot;: &quot;9c15db73-badc-4894-ab1b-d8261bac91c2&quot;,
        &quot;unAuthorizedProps&quot;: {
          &quot;visible&quot;: false,
          &quot;disabled&quot;: false
        },
        &quot;actionName&quot;: &quot;List&quot;
      },
      {
        &quot;routePath&quot;: &quot;employees&quot;,
        &quot;iconName&quot;: &quot;employeeSVG&quot;,
        &quot;controllerName&quot;: &quot;Employee&quot;,
        &quot;name&quot;: &quot;Employee&quot;,
        &quot;displayOrder&quot;: 630,
        &quot;description&quot;: null,
        &quot;id&quot;: &quot;e4a8e904-698e-4596-92c3-b40206b19179&quot;,
        &quot;isMenu&quot;: true,
        &quot;key&quot;: &quot;Employee.Index&quot;,
        &quot;parentId&quot;: &quot;8b04f24a-f777-5455-9d4b-5d32257d3d62&quot;,
        &quot;unAuthorizedProps&quot;: {
          &quot;visible&quot;: false,
          &quot;disabled&quot;: false
        },
        &quot;actionName&quot;: &quot;Index&quot;
      },
      {
        &quot;routePath&quot;: null,
        &quot;iconName&quot;: &quot;ListForFilter&quot;,
        &quot;controllerName&quot;: &quot;Product&quot;,
        &quot;name&quot;: &quot;Product ListForFilter&quot;,
        &quot;displayOrder&quot;: 0,
        &quot;description&quot;: null,
        &quot;id&quot;: &quot;3e7badfa-60f6-46f4-ab65-60c10cf0158c&quot;,
        &quot;isMenu&quot;: false,
        &quot;key&quot;: &quot;Product.ListForFilter&quot;,
        &quot;parentId&quot;: null,
        &quot;unAuthorizedProps&quot;: {
          &quot;visible&quot;: false,
          &quot;disabled&quot;: false
        },
        &quot;actionName&quot;: &quot;ListForFilter&quot;
      },
      {
        &quot;routePath&quot;: null,
        &quot;iconName&quot;: null,
        &quot;controllerName&quot;: &quot;MessageTemplate&quot;,
        &quot;name&quot;: &quot;Message Template List&quot;,
        &quot;displayOrder&quot;: 0,
        &quot;description&quot;: null,
        &quot;id&quot;: &quot;f8b8770e-d3de-4fb9-8785-c6a52f0a3f2a&quot;,
        &quot;isMenu&quot;: false,
        &quot;key&quot;: &quot;MessageTemplate.List&quot;,
        &quot;parentId&quot;: &quot;570b7634-2234-498f-939b-440805527121&quot;,
        &quot;unAuthorizedProps&quot;: {
          &quot;visible&quot;: false,
          &quot;disabled&quot;: false
        },
        &quot;actionName&quot;: &quot;List&quot;
      },
      {
        &quot;routePath&quot;: null,
        &quot;iconName&quot;: null,
        &quot;controllerName&quot;: &quot;Warehouse&quot;,
        &quot;name&quot;: &quot;Warehouse UpdateWarehouseExpectedQuantity&quot;,
        &quot;displayOrder&quot;: 0,
        &quot;description&quot;: null,
        &quot;id&quot;: &quot;cbe00097-f735-4207-bd4d-a2be0ea5dfd3&quot;,
        &quot;isMenu&quot;: false,
        &quot;key&quot;: &quot;Warehouse.UpdateWarehouseExpectedQuantity&quot;,
        &quot;parentId&quot;: &quot;7a99d565-0e98-95af-19bd-814011ea2417&quot;,
        &quot;unAuthorizedProps&quot;: {
          &quot;visible&quot;: false,
          &quot;disabled&quot;: false
        },
        &quot;actionName&quot;: &quot;UpdateWarehouseExpectedQuantity&quot;
      },
      {
        &quot;routePath&quot;: null,
        &quot;iconName&quot;: &quot;RemoteSearchForCampaignName&quot;,
        &quot;controllerName&quot;: &quot;Campaign&quot;,
        &quot;name&quot;: &quot;Campaign RemoteSearchForCampaignName&quot;,
        &quot;displayOrder&quot;: 0,
        &quot;description&quot;: null,
        &quot;id&quot;: &quot;1b2371cf-283a-412c-9305-3f8d91cd2cf3&quot;,
        &quot;isMenu&quot;: false,
        &quot;key&quot;: &quot;Campaign.RemoteSearchForCampaignName&quot;,
        &quot;parentId&quot;: &quot;fd2f794b-65fb-4da6-9bdb-835c466e4321&quot;,
        &quot;unAuthorizedProps&quot;: {
          &quot;visible&quot;: false,
          &quot;disabled&quot;: false
        },
        &quot;actionName&quot;: &quot;RemoteSearchForCampaignName&quot;
      },
      {
        &quot;routePath&quot;: null,
        &quot;iconName&quot;: null,
        &quot;controllerName&quot;: &quot;Permission&quot;,
        &quot;name&quot;: &quot;Permission Find&quot;,
        &quot;displayOrder&quot;: 0,
        &quot;description&quot;: null,
        &quot;id&quot;: &quot;b8acd1fb-bb0c-49b0-9fe2-22574379a94d&quot;,
        &quot;isMenu&quot;: false,
        &quot;key&quot;: &quot;Permission.Find&quot;,
        &quot;parentId&quot;: &quot;213aad81-551b-49f7-9d15-f11f5b9e7e88&quot;,
        &quot;unAuthorizedProps&quot;: {
          &quot;visible&quot;: false,
          &quot;disabled&quot;: false
        },
        &quot;actionName&quot;: &quot;Find&quot;
      },
      {
        &quot;routePath&quot;: null,
        &quot;iconName&quot;: null,
        &quot;controllerName&quot;: &quot;Banner&quot;,
        &quot;name&quot;: &quot;Banner Create&quot;,
        &quot;displayOrder&quot;: 0,
        &quot;description&quot;: null,
        &quot;id&quot;: &quot;ad417e90-0acf-4d46-a875-a4b641cedbde&quot;,
        &quot;isMenu&quot;: false,
        &quot;key&quot;: &quot;Banner.Create&quot;,
        &quot;parentId&quot;: &quot;d01dd410-27ab-4ca2-ad2e-06ed18197543&quot;,
        &quot;unAuthorizedProps&quot;: {
          &quot;visible&quot;: false,
          &quot;disabled&quot;: false
        },
        &quot;actionName&quot;: &quot;Create&quot;
      },
      {
        &quot;routePath&quot;: null,
        &quot;iconName&quot;: null,
        &quot;controllerName&quot;: &quot;Banner&quot;,
        &quot;name&quot;: &quot;Banner Edit&quot;,
        &quot;displayOrder&quot;: 0,
        &quot;description&quot;: null,
        &quot;id&quot;: &quot;b638b6e5-7d89-4ab4-9a4e-fe8b0df52e36&quot;,
        &quot;isMenu&quot;: false,
        &quot;key&quot;: &quot;Banner.Edit&quot;,
        &quot;parentId&quot;: &quot;d01dd410-27ab-4ca2-ad2e-06ed18197543&quot;,
        &quot;unAuthorizedProps&quot;: {
          &quot;visible&quot;: false,
          &quot;disabled&quot;: false
        },
        &quot;actionName&quot;: &quot;Edit&quot;
      },
      {
        &quot;routePath&quot;: null,
        &quot;iconName&quot;: null,
        &quot;controllerName&quot;: &quot;Category&quot;,
        &quot;name&quot;: &quot;Category Edit&quot;,
        &quot;displayOrder&quot;: 0,
        &quot;description&quot;: null,
        &quot;id&quot;: &quot;0aaf230e-5f92-4e49-b3c7-c20c9df44c82&quot;,
        &quot;isMenu&quot;: false,
        &quot;key&quot;: &quot;Category.Edit&quot;,
        &quot;parentId&quot;: &quot;9bbddb67-d7f2-44d3-8d09-6bd04f8b6f79&quot;,
        &quot;unAuthorizedProps&quot;: {
          &quot;visible&quot;: false,
          &quot;disabled&quot;: false
        },
        &quot;actionName&quot;: &quot;Edit&quot;
      },
      {
        &quot;routePath&quot;: null,
        &quot;iconName&quot;: null,
        &quot;controllerName&quot;: &quot;ZipCode&quot;,
        &quot;name&quot;: &quot;ZipCode Delete&quot;,
        &quot;displayOrder&quot;: 0,
        &quot;description&quot;: null,
        &quot;id&quot;: &quot;deba5d66-42eb-43d0-8ee0-6d15f3c4b34c&quot;,
        &quot;isMenu&quot;: false,
        &quot;key&quot;: &quot;ZipCode.Delete&quot;,
        &quot;parentId&quot;: &quot;8aa34e38-533b-4ab7-bad7-0eaa7b5dec9c&quot;,
        &quot;unAuthorizedProps&quot;: {
          &quot;visible&quot;: false,
          &quot;disabled&quot;: false
        },
        &quot;actionName&quot;: &quot;Delete&quot;
      },
      {
        &quot;routePath&quot;: null,
        &quot;iconName&quot;: null,
        &quot;controllerName&quot;: &quot;Rider&quot;,
        &quot;name&quot;: &quot;Rider Create&quot;,
        &quot;displayOrder&quot;: 0,
        &quot;description&quot;: null,
        &quot;id&quot;: &quot;84e2ed51-0787-4e21-b0cc-78397324e38f&quot;,
        &quot;isMenu&quot;: false,
        &quot;key&quot;: &quot;Rider.Create&quot;,
        &quot;parentId&quot;: &quot;1b716d9c-2bf6-4a16-9bd1-2214d14b6cc7&quot;,
        &quot;unAuthorizedProps&quot;: {
          &quot;visible&quot;: false,
          &quot;disabled&quot;: false
        },
        &quot;actionName&quot;: &quot;Create&quot;
      },
      {
        &quot;routePath&quot;: null,
        &quot;iconName&quot;: null,
        &quot;controllerName&quot;: &quot;Employee&quot;,
        &quot;name&quot;: &quot;Employee Delete&quot;,
        &quot;displayOrder&quot;: 0,
        &quot;description&quot;: null,
        &quot;id&quot;: &quot;b6a62bb2-7083-4534-91af-146ca008cb31&quot;,
        &quot;isMenu&quot;: false,
        &quot;key&quot;: &quot;Employee.Delete&quot;,
        &quot;parentId&quot;: &quot;e4a8e904-698e-4596-92c3-b40206b19179&quot;,
        &quot;unAuthorizedProps&quot;: {
          &quot;visible&quot;: false,
          &quot;disabled&quot;: false
        },
        &quot;actionName&quot;: &quot;Delete&quot;
      },
      {
        &quot;routePath&quot;: &quot;active-orders&quot;,
        &quot;iconName&quot;: &quot;activeOrderSVG&quot;,
        &quot;controllerName&quot;: &quot;Order&quot;,
        &quot;name&quot;: &quot;Active Orders&quot;,
        &quot;displayOrder&quot;: 120,
        &quot;description&quot;: null,
        &quot;id&quot;: &quot;960eff6d-a581-4a4e-991b-a0b5c9881f14&quot;,
        &quot;isMenu&quot;: true,
        &quot;key&quot;: &quot;Order.Active&quot;,
        &quot;parentId&quot;: &quot;872b9f8c-c48d-dfeb-de32-1be0c3c38dbb&quot;,
        &quot;unAuthorizedProps&quot;: {
          &quot;visible&quot;: false,
          &quot;disabled&quot;: false
        },
        &quot;actionName&quot;: &quot;Active&quot;
      },
      {
        &quot;routePath&quot;: null,
        &quot;iconName&quot;: null,
        &quot;controllerName&quot;: &quot;MessageTemplate&quot;,
        &quot;name&quot;: &quot;Message Template Edit&quot;,
        &quot;displayOrder&quot;: 0,
        &quot;description&quot;: null,
        &quot;id&quot;: &quot;3cf8a343-ba23-4210-9f73-884eb309a3b4&quot;,
        &quot;isMenu&quot;: false,
        &quot;key&quot;: &quot;MessageTemplate.Edit&quot;,
        &quot;parentId&quot;: &quot;570b7634-2234-498f-939b-440805527121&quot;,
        &quot;unAuthorizedProps&quot;: {
          &quot;visible&quot;: false,
          &quot;disabled&quot;: false
        },
        &quot;actionName&quot;: &quot;Edit&quot;
      },
      {
        &quot;routePath&quot;: null,
        &quot;iconName&quot;: null,
        &quot;controllerName&quot;: &quot;MessageTemplate&quot;,
        &quot;name&quot;: &quot;Message Template Delete&quot;,
        &quot;displayOrder&quot;: 0,
        &quot;description&quot;: null,
        &quot;id&quot;: &quot;6829e619-f27c-415b-abf5-653573cb4ed5&quot;,
        &quot;isMenu&quot;: false,
        &quot;key&quot;: &quot;MessageTemplate.Delete&quot;,
        &quot;parentId&quot;: &quot;570b7634-2234-498f-939b-440805527121&quot;,
        &quot;unAuthorizedProps&quot;: {
          &quot;visible&quot;: false,
          &quot;disabled&quot;: false
        },
        &quot;actionName&quot;: &quot;Delete&quot;
      },
      {
        &quot;routePath&quot;: null,
        &quot;iconName&quot;: null,
        &quot;controllerName&quot;: &quot;Role&quot;,
        &quot;name&quot;: &quot;Role Create&quot;,
        &quot;displayOrder&quot;: 0,
        &quot;description&quot;: null,
        &quot;id&quot;: &quot;b29c939f-9d31-4a77-ab10-43b6363c9ca7&quot;,
        &quot;isMenu&quot;: false,
        &quot;key&quot;: &quot;Role.Create&quot;,
        &quot;parentId&quot;: &quot;e98d2f21-52f8-41cb-9b3f-fe979b5f0578&quot;,
        &quot;unAuthorizedProps&quot;: {
          &quot;visible&quot;: false,
          &quot;disabled&quot;: false
        },
        &quot;actionName&quot;: &quot;Create&quot;
      },
      {
        &quot;routePath&quot;: null,
        &quot;iconName&quot;: null,
        &quot;controllerName&quot;: &quot;County&quot;,
        &quot;name&quot;: &quot;County Create&quot;,
        &quot;displayOrder&quot;: 0,
        &quot;description&quot;: null,
        &quot;id&quot;: &quot;b0718fbd-a486-4f05-9804-82c5e474efb7&quot;,
        &quot;isMenu&quot;: false,
        &quot;key&quot;: &quot;County.Create&quot;,
        &quot;parentId&quot;: &quot;28a7ee86-bfd8-408f-97d3-82a96e1cbcc6&quot;,
        &quot;unAuthorizedProps&quot;: {
          &quot;visible&quot;: false,
          &quot;disabled&quot;: false
        },
        &quot;actionName&quot;: &quot;Create&quot;
      },
      {
        &quot;routePath&quot;: null,
        &quot;iconName&quot;: null,
        &quot;controllerName&quot;: &quot;Language&quot;,
        &quot;name&quot;: &quot;Language Edit&quot;,
        &quot;displayOrder&quot;: 0,
        &quot;description&quot;: null,
        &quot;id&quot;: &quot;765464f2-8b9f-4234-ac07-063e06f3e9f2&quot;,
        &quot;isMenu&quot;: false,
        &quot;key&quot;: &quot;Language.Edit&quot;,
        &quot;parentId&quot;: &quot;7d117917-ff5a-448f-ae1c-71b123ffabc0&quot;,
        &quot;unAuthorizedProps&quot;: {
          &quot;visible&quot;: false,
          &quot;disabled&quot;: false
        },
        &quot;actionName&quot;: &quot;Edit&quot;
      },
      {
        &quot;routePath&quot;: null,
        &quot;iconName&quot;: null,
        &quot;controllerName&quot;: &quot;ServiceArea&quot;,
        &quot;name&quot;: &quot;ServiceArea UpdateStatus&quot;,
        &quot;displayOrder&quot;: 0,
        &quot;description&quot;: null,
        &quot;id&quot;: &quot;13514276-84ab-43d6-8542-5f166acb9b80&quot;,
        &quot;isMenu&quot;: false,
        &quot;key&quot;: &quot;ServiceArea.UpdateStatus&quot;,
        &quot;parentId&quot;: &quot;6510260c-2670-4f71-96ed-8f12986fb9cf&quot;,
        &quot;unAuthorizedProps&quot;: {
          &quot;visible&quot;: false,
          &quot;disabled&quot;: false
        },
        &quot;actionName&quot;: &quot;UpdateStatus&quot;
      },
      {
        &quot;routePath&quot;: null,
        &quot;iconName&quot;: null,
        &quot;controllerName&quot;: &quot;Language&quot;,
        &quot;name&quot;: &quot;Language Create&quot;,
        &quot;displayOrder&quot;: 0,
        &quot;description&quot;: null,
        &quot;id&quot;: &quot;70055253-2953-481a-ad68-308069f59188&quot;,
        &quot;isMenu&quot;: false,
        &quot;key&quot;: &quot;Language.Create&quot;,
        &quot;parentId&quot;: &quot;7d117917-ff5a-448f-ae1c-71b123ffabc0&quot;,
        &quot;unAuthorizedProps&quot;: {
          &quot;visible&quot;: false,
          &quot;disabled&quot;: false
        },
        &quot;actionName&quot;: &quot;Create&quot;
      },
      {
        &quot;routePath&quot;: null,
        &quot;iconName&quot;: null,
        &quot;controllerName&quot;: &quot;Banner&quot;,
        &quot;name&quot;: &quot;Banner List&quot;,
        &quot;displayOrder&quot;: 0,
        &quot;description&quot;: null,
        &quot;id&quot;: &quot;2af1fb3b-36bf-4379-b7a6-03f3e68742b2&quot;,
        &quot;isMenu&quot;: false,
        &quot;key&quot;: &quot;Banner.List&quot;,
        &quot;parentId&quot;: &quot;d01dd410-27ab-4ca2-ad2e-06ed18197543&quot;,
        &quot;unAuthorizedProps&quot;: {
          &quot;visible&quot;: false,
          &quot;disabled&quot;: false
        },
        &quot;actionName&quot;: &quot;List&quot;
      },
      {
        &quot;routePath&quot;: null,
        &quot;iconName&quot;: &quot;orders&quot;,
        &quot;controllerName&quot;: &quot;DriverApp&quot;,
        &quot;name&quot;: &quot;Orders&quot;,
        &quot;displayOrder&quot;: 0,
        &quot;description&quot;: &quot;&quot;,
        &quot;id&quot;: &quot;6fa1df30-c04b-4bef-a1d1-a67c2748e0b4&quot;,
        &quot;isMenu&quot;: true,
        &quot;key&quot;: &quot;DriverApp.Orders&quot;,
        &quot;parentId&quot;: &quot;673cefc5-8638-47b5-9440-8f3fa459f0b1&quot;,
        &quot;unAuthorizedProps&quot;: {
          &quot;visible&quot;: false,
          &quot;disabled&quot;: false
        },
        &quot;actionName&quot;: &quot;Orders&quot;
      },
      {
        &quot;routePath&quot;: null,
        &quot;iconName&quot;: &quot;blackListSVG&quot;,
        &quot;controllerName&quot;: &quot;BlackList&quot;,
        &quot;name&quot;: &quot;Black List Find&quot;,
        &quot;displayOrder&quot;: 0,
        &quot;description&quot;: null,
        &quot;id&quot;: &quot;e8a2ad2f-7dad-41a3-9696-6adefc308eb8&quot;,
        &quot;isMenu&quot;: false,
        &quot;key&quot;: &quot;BlackList.Find&quot;,
        &quot;parentId&quot;: &quot;d273c43d-77c8-4b88-8d35-9ec20a90bd11&quot;,
        &quot;unAuthorizedProps&quot;: {
          &quot;visible&quot;: false,
          &quot;disabled&quot;: false
        },
        &quot;actionName&quot;: &quot;Find&quot;
      },
      {
        &quot;routePath&quot;: null,
        &quot;iconName&quot;: &quot;ExportForFilter&quot;,
        &quot;controllerName&quot;: &quot;Product&quot;,
        &quot;name&quot;: &quot;Product ExportForFilter&quot;,
        &quot;displayOrder&quot;: 0,
        &quot;description&quot;: null,
        &quot;id&quot;: &quot;c6781e0f-f938-4907-8dc5-a17d241a8148&quot;,
        &quot;isMenu&quot;: false,
        &quot;key&quot;: &quot;Product.ExportForFilter&quot;,
        &quot;parentId&quot;: &quot;1858607f-58c2-4c69-8078-f2756c5ca81e&quot;,
        &quot;unAuthorizedProps&quot;: {
          &quot;visible&quot;: false,
          &quot;disabled&quot;: false
        },
        &quot;actionName&quot;: &quot;ExportForFilter&quot;
      },
      {
        &quot;routePath&quot;: null,
        &quot;iconName&quot;: &quot;auditSVG&quot;,
        &quot;controllerName&quot;: &quot;Audit&quot;,
        &quot;name&quot;: &quot;Audit ListForFilter&quot;,
        &quot;displayOrder&quot;: 100000,
        &quot;description&quot;: null,
        &quot;id&quot;: &quot;6db73bbc-1114-4e80-a30d-424386ffd8f5&quot;,
        &quot;isMenu&quot;: false,
        &quot;key&quot;: &quot;Audit.ListForFilter&quot;,
        &quot;parentId&quot;: &quot;76070de9-f4f5-4096-aa99-2d2bac586b44&quot;,
        &quot;unAuthorizedProps&quot;: {
          &quot;visible&quot;: false,
          &quot;disabled&quot;: false
        },
        &quot;actionName&quot;: &quot;ListForFilter&quot;
      },
      {
        &quot;routePath&quot;: null,
        &quot;iconName&quot;: null,
        &quot;controllerName&quot;: &quot;County&quot;,
        &quot;name&quot;: &quot;County Find&quot;,
        &quot;displayOrder&quot;: 0,
        &quot;description&quot;: null,
        &quot;id&quot;: &quot;d82e0244-f728-4651-b0dc-37ee070aacef&quot;,
        &quot;isMenu&quot;: false,
        &quot;key&quot;: &quot;County.Find&quot;,
        &quot;parentId&quot;: &quot;28a7ee86-bfd8-408f-97d3-82a96e1cbcc6&quot;,
        &quot;unAuthorizedProps&quot;: {
          &quot;visible&quot;: false,
          &quot;disabled&quot;: false
        },
        &quot;actionName&quot;: &quot;Find&quot;
      },
      {
        &quot;routePath&quot;: null,
        &quot;iconName&quot;: null,
        &quot;controllerName&quot;: &quot;Customer&quot;,
        &quot;name&quot;: &quot;Customer Delete&quot;,
        &quot;displayOrder&quot;: 0,
        &quot;description&quot;: null,
        &quot;id&quot;: &quot;f347f3bc-6802-4ec4-82ef-220e0032ab69&quot;,
        &quot;isMenu&quot;: false,
        &quot;key&quot;: &quot;Customer.Delete&quot;,
        &quot;parentId&quot;: &quot;07b60a01-5846-422c-b1c6-1c7a382dbd0e&quot;,
        &quot;unAuthorizedProps&quot;: {
          &quot;visible&quot;: false,
          &quot;disabled&quot;: false
        },
        &quot;actionName&quot;: &quot;Delete&quot;
      },
      {
        &quot;routePath&quot;: null,
        &quot;iconName&quot;: null,
        &quot;controllerName&quot;: &quot;Warehouse&quot;,
        &quot;name&quot;: &quot;Warehouse Edit&quot;,
        &quot;displayOrder&quot;: 0,
        &quot;description&quot;: null,
        &quot;id&quot;: &quot;8897a642-3ebb-4ed8-a71f-8dbe303509f6&quot;,
        &quot;isMenu&quot;: false,
        &quot;key&quot;: &quot;Warehouse.Edit&quot;,
        &quot;parentId&quot;: &quot;7a99d565-0e98-95af-19bd-814011ea2417&quot;,
        &quot;unAuthorizedProps&quot;: {
          &quot;visible&quot;: false,
          &quot;disabled&quot;: false
        },
        &quot;actionName&quot;: &quot;Edit&quot;
      },
      {
        &quot;routePath&quot;: null,
        &quot;iconName&quot;: null,
        &quot;controllerName&quot;: &quot;MessageTemplate&quot;,
        &quot;name&quot;: &quot;Message Template Create&quot;,
        &quot;displayOrder&quot;: 0,
        &quot;description&quot;: null,
        &quot;id&quot;: &quot;87fde03a-f96f-4317-a8e2-0b2790460da2&quot;,
        &quot;isMenu&quot;: false,
        &quot;key&quot;: &quot;MessageTemplate.Create&quot;,
        &quot;parentId&quot;: &quot;570b7634-2234-498f-939b-440805527121&quot;,
        &quot;unAuthorizedProps&quot;: {
          &quot;visible&quot;: false,
          &quot;disabled&quot;: false
        },
        &quot;actionName&quot;: &quot;Create&quot;
      },
      {
        &quot;routePath&quot;: null,
        &quot;iconName&quot;: null,
        &quot;controllerName&quot;: &quot;ServiceArea&quot;,
        &quot;name&quot;: &quot;ServiceArea Import&quot;,
        &quot;displayOrder&quot;: 0,
        &quot;description&quot;: null,
        &quot;id&quot;: &quot;6652b5a5-e837-4941-9c9c-e6cc2ae53745&quot;,
        &quot;isMenu&quot;: false,
        &quot;key&quot;: &quot;ServiceArea.Import&quot;,
        &quot;parentId&quot;: &quot;6510260c-2670-4f71-96ed-8f12986fb9cf&quot;,
        &quot;unAuthorizedProps&quot;: {
          &quot;visible&quot;: false,
          &quot;disabled&quot;: false
        },
        &quot;actionName&quot;: &quot;Import&quot;
      },
      {
        &quot;routePath&quot;: null,
        &quot;iconName&quot;: null,
        &quot;controllerName&quot;: &quot;LocaleResource&quot;,
        &quot;name&quot;: &quot;LocaleResource Create&quot;,
        &quot;displayOrder&quot;: 0,
        &quot;description&quot;: null,
        &quot;id&quot;: &quot;46f8f313-95b6-4848-9004-c69ec2dc12f4&quot;,
        &quot;isMenu&quot;: false,
        &quot;key&quot;: &quot;LocaleResource.Create&quot;,
        &quot;parentId&quot;: &quot;4c1a6c0d-765c-444a-b7c8-49e99f61d47b&quot;,
        &quot;unAuthorizedProps&quot;: {
          &quot;visible&quot;: false,
          &quot;disabled&quot;: false
        },
        &quot;actionName&quot;: &quot;Create&quot;
      },
      {
        &quot;routePath&quot;: null,
        &quot;iconName&quot;: null,
        &quot;controllerName&quot;: &quot;Customer&quot;,
        &quot;name&quot;: &quot;Customer Create&quot;,
        &quot;displayOrder&quot;: 0,
        &quot;description&quot;: null,
        &quot;id&quot;: &quot;d6fdfd07-b0f1-44ef-898b-22906287c3ef&quot;,
        &quot;isMenu&quot;: false,
        &quot;key&quot;: &quot;Customer.Create&quot;,
        &quot;parentId&quot;: &quot;07b60a01-5846-422c-b1c6-1c7a382dbd0e&quot;,
        &quot;unAuthorizedProps&quot;: {
          &quot;visible&quot;: false,
          &quot;disabled&quot;: false
        },
        &quot;actionName&quot;: &quot;Create&quot;
      },
      {
        &quot;routePath&quot;: null,
        &quot;iconName&quot;: null,
        &quot;controllerName&quot;: &quot;Banner&quot;,
        &quot;name&quot;: &quot;Banner Update Display Order&quot;,
        &quot;displayOrder&quot;: 0,
        &quot;description&quot;: null,
        &quot;id&quot;: &quot;a578fd4b-564e-4d88-87d1-aabbb183a21a&quot;,
        &quot;isMenu&quot;: false,
        &quot;key&quot;: &quot;Banner.UpdateBannerDisplayOrder&quot;,
        &quot;parentId&quot;: &quot;d01dd410-27ab-4ca2-ad2e-06ed18197543&quot;,
        &quot;unAuthorizedProps&quot;: {
          &quot;visible&quot;: false,
          &quot;disabled&quot;: false
        },
        &quot;actionName&quot;: &quot;UpdateBannerDisplayOrder&quot;
      },
      {
        &quot;routePath&quot;: null,
        &quot;iconName&quot;: null,
        &quot;controllerName&quot;: &quot;Address&quot;,
        &quot;name&quot;: &quot;Address Find&quot;,
        &quot;displayOrder&quot;: 0,
        &quot;description&quot;: null,
        &quot;id&quot;: &quot;69cd17c7-88f0-435d-9e1c-e3a178d79e21&quot;,
        &quot;isMenu&quot;: false,
        &quot;key&quot;: &quot;Address.Find&quot;,
        &quot;parentId&quot;: &quot;c3c514ef-1964-4c94-b13a-8bdd83a5b1cb&quot;,
        &quot;unAuthorizedProps&quot;: {
          &quot;visible&quot;: false,
          &quot;disabled&quot;: false
        },
        &quot;actionName&quot;: &quot;Find&quot;
      },
      {
        &quot;routePath&quot;: null,
        &quot;iconName&quot;: &quot;driverApp&quot;,
        &quot;controllerName&quot;: &quot;DriverApp&quot;,
        &quot;name&quot;: &quot;Driver Permissions&quot;,
        &quot;displayOrder&quot;: 0,
        &quot;description&quot;: null,
        &quot;id&quot;: &quot;673cefc5-8638-47b5-9440-8f3fa459f0b1&quot;,
        &quot;isMenu&quot;: false,
        &quot;key&quot;: &quot;DriverApp.Index&quot;,
        &quot;parentId&quot;: null,
        &quot;unAuthorizedProps&quot;: {
          &quot;visible&quot;: false,
          &quot;disabled&quot;: false
        },
        &quot;actionName&quot;: &quot;Index&quot;
      },
      {
        &quot;routePath&quot;: null,
        &quot;iconName&quot;: &quot;RemoteSearchForLocation&quot;,
        &quot;controllerName&quot;: &quot;Product&quot;,
        &quot;name&quot;: &quot;Product RemoteSearchForLocation&quot;,
        &quot;displayOrder&quot;: 0,
        &quot;description&quot;: null,
        &quot;id&quot;: &quot;9c90fc94-df36-4459-9a3b-c01d1f4f2211&quot;,
        &quot;isMenu&quot;: false,
        &quot;key&quot;: &quot;Product.RemoteSearchForLocation&quot;,
        &quot;parentId&quot;: &quot;1858607f-58c2-4c69-8078-f2756c5ca81e&quot;,
        &quot;unAuthorizedProps&quot;: {
          &quot;visible&quot;: false,
          &quot;disabled&quot;: false
        },
        &quot;actionName&quot;: &quot;RemoteSearchForLocation&quot;
      },
      {
        &quot;routePath&quot;: null,
        &quot;iconName&quot;: null,
        &quot;controllerName&quot;: &quot;Order&quot;,
        &quot;name&quot;: &quot;Order Cancel&quot;,
        &quot;displayOrder&quot;: 0,
        &quot;description&quot;: null,
        &quot;id&quot;: &quot;f92b5f11-f8e9-4754-85e0-f5d8666c620f&quot;,
        &quot;isMenu&quot;: false,
        &quot;key&quot;: &quot;Order.Cancel&quot;,
        &quot;parentId&quot;: &quot;872b9f8c-c48d-dfeb-de32-1be0c3c38dbb&quot;,
        &quot;unAuthorizedProps&quot;: {
          &quot;visible&quot;: false,
          &quot;disabled&quot;: false
        },
        &quot;actionName&quot;: &quot;Cancel&quot;
      },
      {
        &quot;routePath&quot;: null,
        &quot;iconName&quot;: null,
        &quot;controllerName&quot;: &quot;Category&quot;,
        &quot;name&quot;: &quot;Category UploadImage&quot;,
        &quot;displayOrder&quot;: 0,
        &quot;description&quot;: null,
        &quot;id&quot;: &quot;ae860d95-cc13-4b86-a535-202aa716c973&quot;,
        &quot;isMenu&quot;: false,
        &quot;key&quot;: &quot;Category.UploadImage&quot;,
        &quot;parentId&quot;: &quot;9bbddb67-d7f2-44d3-8d09-6bd04f8b6f79&quot;,
        &quot;unAuthorizedProps&quot;: {
          &quot;visible&quot;: false,
          &quot;disabled&quot;: false
        },
        &quot;actionName&quot;: &quot;UploadImage&quot;
      },
      {
        &quot;routePath&quot;: null,
        &quot;iconName&quot;: null,
        &quot;controllerName&quot;: &quot;Warehouse&quot;,
        &quot;name&quot;: &quot;Warehouse UpdateWarehouseQuantity&quot;,
        &quot;displayOrder&quot;: 0,
        &quot;description&quot;: null,
        &quot;id&quot;: &quot;95ea9fb5-2548-4bf4-bcad-937757b47ea9&quot;,
        &quot;isMenu&quot;: false,
        &quot;key&quot;: &quot;Warehouse.UpdateWarehouseQuantity&quot;,
        &quot;parentId&quot;: &quot;7a99d565-0e98-95af-19bd-814011ea2417&quot;,
        &quot;unAuthorizedProps&quot;: {
          &quot;visible&quot;: false,
          &quot;disabled&quot;: false
        },
        &quot;actionName&quot;: &quot;UpdateWarehouseQuantity&quot;
      },
      {
        &quot;routePath&quot;: null,
        &quot;iconName&quot;: null,
        &quot;controllerName&quot;: &quot;Warehouse&quot;,
        &quot;name&quot;: &quot;Warehouse Find&quot;,
        &quot;displayOrder&quot;: 0,
        &quot;description&quot;: null,
        &quot;id&quot;: &quot;15cd689d-00ad-40d4-9b1d-7a231ecb323e&quot;,
        &quot;isMenu&quot;: false,
        &quot;key&quot;: &quot;Warehouse.Find&quot;,
        &quot;parentId&quot;: &quot;7a99d565-0e98-95af-19bd-814011ea2417&quot;,
        &quot;unAuthorizedProps&quot;: {
          &quot;visible&quot;: false,
          &quot;disabled&quot;: false
        },
        &quot;actionName&quot;: &quot;Find&quot;
      },
      {
        &quot;routePath&quot;: &quot;inventory&quot;,
        &quot;iconName&quot;: &quot;inventorySVG&quot;,
        &quot;controllerName&quot;: &quot;Inventory&quot;,
        &quot;name&quot;: &quot;Inventory&quot;,
        &quot;displayOrder&quot;: 400,
        &quot;description&quot;: null,
        &quot;id&quot;: &quot;40fdcf04-65b5-4fc0-8e17-ddd1f84b1b0a&quot;,
        &quot;isMenu&quot;: true,
        &quot;key&quot;: &quot;Inventory.Index&quot;,
        &quot;parentId&quot;: null,
        &quot;unAuthorizedProps&quot;: {
          &quot;visible&quot;: false,
          &quot;disabled&quot;: false
        },
        &quot;actionName&quot;: &quot;Index&quot;
      },
      {
        &quot;routePath&quot;: null,
        &quot;iconName&quot;: null,
        &quot;controllerName&quot;: &quot;Customer&quot;,
        &quot;name&quot;: &quot;Customer ListForCouponCode&quot;,
        &quot;displayOrder&quot;: 0,
        &quot;description&quot;: null,
        &quot;id&quot;: &quot;9ace28d6-ab7f-4459-a605-232a0b6d2a77&quot;,
        &quot;isMenu&quot;: false,
        &quot;key&quot;: &quot;Customer.ListForCouponCode&quot;,
        &quot;parentId&quot;: &quot;07b60a01-5846-422c-b1c6-1c7a382dbd0e&quot;,
        &quot;unAuthorizedProps&quot;: {
          &quot;visible&quot;: false,
          &quot;disabled&quot;: false
        },
        &quot;actionName&quot;: &quot;ListForCouponCode&quot;
      },
      {
        &quot;routePath&quot;: null,
        &quot;iconName&quot;: null,
        &quot;controllerName&quot;: &quot;Campaign&quot;,
        &quot;name&quot;: &quot;Campaign Delete&quot;,
        &quot;displayOrder&quot;: 0,
        &quot;description&quot;: null,
        &quot;id&quot;: &quot;fd0189db-b2a0-4e72-ae4f-bfc608a105cc&quot;,
        &quot;isMenu&quot;: false,
        &quot;key&quot;: &quot;Campaign.Delete&quot;,
        &quot;parentId&quot;: &quot;fd2f794b-65fb-4da6-9bdb-835c466e4321&quot;,
        &quot;unAuthorizedProps&quot;: {
          &quot;visible&quot;: false,
          &quot;disabled&quot;: false
        },
        &quot;actionName&quot;: &quot;Delete&quot;
      },
      {
        &quot;routePath&quot;: null,
        &quot;iconName&quot;: &quot;Edit&quot;,
        &quot;controllerName&quot;: &quot;Product&quot;,
        &quot;name&quot;: &quot;Product Edit&quot;,
        &quot;displayOrder&quot;: 0,
        &quot;description&quot;: null,
        &quot;id&quot;: &quot;14e27911-45ec-4d84-8519-6c780671a1d4&quot;,
        &quot;isMenu&quot;: false,
        &quot;key&quot;: &quot;Product.Edit&quot;,
        &quot;parentId&quot;: &quot;1858607f-58c2-4c69-8078-f2756c5ca81e&quot;,
        &quot;unAuthorizedProps&quot;: {
          &quot;visible&quot;: false,
          &quot;disabled&quot;: false
        },
        &quot;actionName&quot;: &quot;Edit&quot;
      },
      {
        &quot;routePath&quot;: null,
        &quot;iconName&quot;: &quot;categorySVG&quot;,
        &quot;controllerName&quot;: &quot;Catalog&quot;,
        &quot;name&quot;: &quot;Catalog&quot;,
        &quot;displayOrder&quot;: 300,
        &quot;description&quot;: null,
        &quot;id&quot;: &quot;8b40e125-ffeb-4cf1-ba4b-0ac72aac09d9&quot;,
        &quot;isMenu&quot;: true,
        &quot;key&quot;: &quot;Catalog.Index&quot;,
        &quot;parentId&quot;: null,
        &quot;unAuthorizedProps&quot;: {
          &quot;visible&quot;: false,
          &quot;disabled&quot;: false
        },
        &quot;actionName&quot;: &quot;Index&quot;
      },
      {
        &quot;routePath&quot;: null,
        &quot;iconName&quot;: null,
        &quot;controllerName&quot;: &quot;Rider&quot;,
        &quot;name&quot;: &quot;List Warehouse&quot;,
        &quot;displayOrder&quot;: 0,
        &quot;description&quot;: null,
        &quot;id&quot;: &quot;b3974f99-cfc1-4eea-a71d-cb2d63fbe23b&quot;,
        &quot;isMenu&quot;: false,
        &quot;key&quot;: &quot;Rider.ListWarehouse&quot;,
        &quot;parentId&quot;: &quot;1b716d9c-2bf6-4a16-9bd1-2214d14b6cc7&quot;,
        &quot;unAuthorizedProps&quot;: {
          &quot;visible&quot;: false,
          &quot;disabled&quot;: false
        },
        &quot;actionName&quot;: &quot;ListWarehouse&quot;
      },
      {
        &quot;routePath&quot;: null,
        &quot;iconName&quot;: null,
        &quot;controllerName&quot;: &quot;ZipCode&quot;,
        &quot;name&quot;: &quot;ZipCode Find&quot;,
        &quot;displayOrder&quot;: 0,
        &quot;description&quot;: null,
        &quot;id&quot;: &quot;6ce0a1fe-663d-4167-9095-41ead097b95d&quot;,
        &quot;isMenu&quot;: false,
        &quot;key&quot;: &quot;ZipCode.Find&quot;,
        &quot;parentId&quot;: &quot;8aa34e38-533b-4ab7-bad7-0eaa7b5dec9c&quot;,
        &quot;unAuthorizedProps&quot;: {
          &quot;visible&quot;: false,
          &quot;disabled&quot;: false
        },
        &quot;actionName&quot;: &quot;Find&quot;
      },
      {
        &quot;routePath&quot;: null,
        &quot;iconName&quot;: null,
        &quot;controllerName&quot;: &quot;Country&quot;,
        &quot;name&quot;: &quot;Country Index&quot;,
        &quot;displayOrder&quot;: 0,
        &quot;description&quot;: null,
        &quot;id&quot;: &quot;9c15db73-badc-4894-ab1b-d8261bac91c2&quot;,
        &quot;isMenu&quot;: false,
        &quot;key&quot;: &quot;Country.Index&quot;,
        &quot;parentId&quot;: null,
        &quot;unAuthorizedProps&quot;: {
          &quot;visible&quot;: false,
          &quot;disabled&quot;: false
        },
        &quot;actionName&quot;: &quot;Index&quot;
      },
      {
        &quot;routePath&quot;: &quot;campaigns&quot;,
        &quot;iconName&quot;: &quot;campaignSVG&quot;,
        &quot;controllerName&quot;: &quot;Campaign&quot;,
        &quot;name&quot;: &quot;Campaigns&quot;,
        &quot;displayOrder&quot;: 200,
        &quot;description&quot;: null,
        &quot;id&quot;: &quot;fd2f794b-65fb-4da6-9bdb-835c466e4321&quot;,
        &quot;isMenu&quot;: true,
        &quot;key&quot;: &quot;Campaign.Index&quot;,
        &quot;parentId&quot;: null,
        &quot;unAuthorizedProps&quot;: {
          &quot;visible&quot;: false,
          &quot;disabled&quot;: false
        },
        &quot;actionName&quot;: &quot;Index&quot;
      },
      {
        &quot;routePath&quot;: &quot;&quot;,
        &quot;iconName&quot;: &quot;resourcesSVG&quot;,
        &quot;controllerName&quot;: &quot;Resource&quot;,
        &quot;name&quot;: &quot;Resources&quot;,
        &quot;displayOrder&quot;: 900,
        &quot;description&quot;: null,
        &quot;id&quot;: &quot;8f4ea0ae-2382-4769-8584-5f2f2b1520c8&quot;,
        &quot;isMenu&quot;: true,
        &quot;key&quot;: &quot;Resource.Index&quot;,
        &quot;parentId&quot;: null,
        &quot;unAuthorizedProps&quot;: {
          &quot;visible&quot;: false,
          &quot;disabled&quot;: false
        },
        &quot;actionName&quot;: &quot;Index&quot;
      },
      {
        &quot;routePath&quot;: null,
        &quot;iconName&quot;: null,
        &quot;controllerName&quot;: &quot;State&quot;,
        &quot;name&quot;: &quot;State Index&quot;,
        &quot;displayOrder&quot;: 0,
        &quot;description&quot;: null,
        &quot;id&quot;: &quot;4842baa6-3b5e-40d1-ba2c-aa896962f8a7&quot;,
        &quot;isMenu&quot;: false,
        &quot;key&quot;: &quot;State.Index&quot;,
        &quot;parentId&quot;: null,
        &quot;unAuthorizedProps&quot;: {
          &quot;visible&quot;: false,
          &quot;disabled&quot;: false
        },
        &quot;actionName&quot;: &quot;Index&quot;
      },
      {
        &quot;routePath&quot;: null,
        &quot;iconName&quot;: null,
        &quot;controllerName&quot;: &quot;Order&quot;,
        &quot;name&quot;: &quot;Order Create&quot;,
        &quot;displayOrder&quot;: 0,
        &quot;description&quot;: null,
        &quot;id&quot;: &quot;5c9d78b5-a896-4f09-81f5-3772241f9c78&quot;,
        &quot;isMenu&quot;: false,
        &quot;key&quot;: &quot;Order.Create&quot;,
        &quot;parentId&quot;: &quot;872b9f8c-c48d-dfeb-de32-1be0c3c38dbb&quot;,
        &quot;unAuthorizedProps&quot;: {
          &quot;visible&quot;: false,
          &quot;disabled&quot;: false
        },
        &quot;actionName&quot;: &quot;Create&quot;
      },
      {
        &quot;routePath&quot;: null,
        &quot;iconName&quot;: &quot;blackListSVG&quot;,
        &quot;controllerName&quot;: &quot;BlackList&quot;,
        &quot;name&quot;: &quot;Black List Delete&quot;,
        &quot;displayOrder&quot;: 0,
        &quot;description&quot;: null,
        &quot;id&quot;: &quot;ac6ae6a5-d189-4a17-b8a0-26fbbc3f6e27&quot;,
        &quot;isMenu&quot;: false,
        &quot;key&quot;: &quot;BlackList.Delete&quot;,
        &quot;parentId&quot;: &quot;d273c43d-77c8-4b88-8d35-9ec20a90bd11&quot;,
        &quot;unAuthorizedProps&quot;: {
          &quot;visible&quot;: false,
          &quot;disabled&quot;: false
        },
        &quot;actionName&quot;: &quot;Delete&quot;
      },
      {
        &quot;routePath&quot;: null,
        &quot;iconName&quot;: null,
        &quot;controllerName&quot;: &quot;Role&quot;,
        &quot;name&quot;: &quot;Role Find&quot;,
        &quot;displayOrder&quot;: 0,
        &quot;description&quot;: null,
        &quot;id&quot;: &quot;93ff5806-4453-44a3-bc9b-557783976d40&quot;,
        &quot;isMenu&quot;: false,
        &quot;key&quot;: &quot;Role.Find&quot;,
        &quot;parentId&quot;: &quot;e98d2f21-52f8-41cb-9b3f-fe979b5f0578&quot;,
        &quot;unAuthorizedProps&quot;: {
          &quot;visible&quot;: false,
          &quot;disabled&quot;: false
        },
        &quot;actionName&quot;: &quot;Find&quot;
      },
      {
        &quot;routePath&quot;: null,
        &quot;iconName&quot;: &quot;RemoteSearchForSubCategories&quot;,
        &quot;controllerName&quot;: &quot;Category&quot;,
        &quot;name&quot;: &quot;Category RemoteSearchForSubCategories&quot;,
        &quot;displayOrder&quot;: 0,
        &quot;description&quot;: null,
        &quot;id&quot;: &quot;6db1a08e-e179-4c17-9191-fa48c4e91f43&quot;,
        &quot;isMenu&quot;: false,
        &quot;key&quot;: &quot;Category.RemoteSearchForSubCategories&quot;,
        &quot;parentId&quot;: &quot;501d66f1-cdeb-4f10-85d2-6e00d60e36c9&quot;,
        &quot;unAuthorizedProps&quot;: {
          &quot;visible&quot;: false,
          &quot;disabled&quot;: false
        },
        &quot;actionName&quot;: &quot;RemoteSearchForSubCategories&quot;
      },
      {
        &quot;routePath&quot;: null,
        &quot;iconName&quot;: null,
        &quot;controllerName&quot;: &quot;Warehouse&quot;,
        &quot;name&quot;: &quot;Warehouse ImportWarehouseStock&quot;,
        &quot;displayOrder&quot;: 0,
        &quot;description&quot;: null,
        &quot;id&quot;: &quot;32b123d7-64e0-437b-85ee-e231221123c4&quot;,
        &quot;isMenu&quot;: false,
        &quot;key&quot;: &quot;Warehouse.ImportWarehouseStock&quot;,
        &quot;parentId&quot;: &quot;7a99d565-0e98-95af-19bd-814011ea2417&quot;,
        &quot;unAuthorizedProps&quot;: {
          &quot;visible&quot;: false,
          &quot;disabled&quot;: false
        },
        &quot;actionName&quot;: &quot;ImportWarehouseStock&quot;
      },
      {
        &quot;routePath&quot;: &quot;&quot;,
        &quot;iconName&quot;: &quot;&quot;,
        &quot;controllerName&quot;: &quot;Category&quot;,
        &quot;name&quot;: &quot;Category DeleteImage&quot;,
        &quot;displayOrder&quot;: 0,
        &quot;description&quot;: &quot;&quot;,
        &quot;id&quot;: &quot;abfccc7e-7b90-4102-a774-6064c670950a&quot;,
        &quot;isMenu&quot;: false,
        &quot;key&quot;: &quot;Category.DeleteImage&quot;,
        &quot;parentId&quot;: &quot;9bbddb67-d7f2-44d3-8d09-6bd04f8b6f79&quot;,
        &quot;unAuthorizedProps&quot;: {
          &quot;visible&quot;: false,
          &quot;disabled&quot;: false
        },
        &quot;actionName&quot;: &quot;DeleteImage&quot;
      },
      {
        &quot;routePath&quot;: null,
        &quot;iconName&quot;: null,
        &quot;controllerName&quot;: &quot;Role&quot;,
        &quot;name&quot;: &quot;Role Edit&quot;,
        &quot;displayOrder&quot;: 0,
        &quot;description&quot;: null,
        &quot;id&quot;: &quot;e659fa87-caf3-44e3-b5c2-1e0a78323f20&quot;,
        &quot;isMenu&quot;: false,
        &quot;key&quot;: &quot;Role.Edit&quot;,
        &quot;parentId&quot;: &quot;e98d2f21-52f8-41cb-9b3f-fe979b5f0578&quot;,
        &quot;unAuthorizedProps&quot;: {
          &quot;visible&quot;: false,
          &quot;disabled&quot;: false
        },
        &quot;actionName&quot;: &quot;Edit&quot;
      },
      {
        &quot;routePath&quot;: null,
        &quot;iconName&quot;: null,
        &quot;controllerName&quot;: &quot;Banner&quot;,
        &quot;name&quot;: &quot;Banner Delete&quot;,
        &quot;displayOrder&quot;: 0,
        &quot;description&quot;: null,
        &quot;id&quot;: &quot;21357ea8-c21e-4c43-846a-714dc3de69b2&quot;,
        &quot;isMenu&quot;: false,
        &quot;key&quot;: &quot;Banner.Delete&quot;,
        &quot;parentId&quot;: &quot;d01dd410-27ab-4ca2-ad2e-06ed18197543&quot;,
        &quot;unAuthorizedProps&quot;: {
          &quot;visible&quot;: false,
          &quot;disabled&quot;: false
        },
        &quot;actionName&quot;: &quot;Delete&quot;
      },
      {
        &quot;routePath&quot;: &quot;message-templates&quot;,
        &quot;iconName&quot;: &quot;messageSVG&quot;,
        &quot;controllerName&quot;: &quot;MessageTemplate&quot;,
        &quot;name&quot;: &quot;Message Templates&quot;,
        &quot;displayOrder&quot;: 0,
        &quot;description&quot;: null,
        &quot;id&quot;: &quot;570b7634-2234-498f-939b-440805527121&quot;,
        &quot;isMenu&quot;: true,
        &quot;key&quot;: &quot;MessageTemplate.Index&quot;,
        &quot;parentId&quot;: &quot;8f4ea0ae-2382-4769-8584-5f2f2b1520c8&quot;,
        &quot;unAuthorizedProps&quot;: {
          &quot;visible&quot;: false,
          &quot;disabled&quot;: false
        },
        &quot;actionName&quot;: &quot;Index&quot;
      },
      {
        &quot;routePath&quot;: null,
        &quot;iconName&quot;: null,
        &quot;controllerName&quot;: &quot;Banner&quot;,
        &quot;name&quot;: &quot;Banner Find&quot;,
        &quot;displayOrder&quot;: 0,
        &quot;description&quot;: null,
        &quot;id&quot;: &quot;d251bc51-e2ad-4581-a0f3-30fa44141403&quot;,
        &quot;isMenu&quot;: false,
        &quot;key&quot;: &quot;Banner.Find&quot;,
        &quot;parentId&quot;: &quot;d01dd410-27ab-4ca2-ad2e-06ed18197543&quot;,
        &quot;unAuthorizedProps&quot;: {
          &quot;visible&quot;: false,
          &quot;disabled&quot;: false
        },
        &quot;actionName&quot;: &quot;Find&quot;
      },
      {
        &quot;routePath&quot;: null,
        &quot;iconName&quot;: null,
        &quot;controllerName&quot;: &quot;Region&quot;,
        &quot;name&quot;: &quot;Region&quot;,
        &quot;displayOrder&quot;: 0,
        &quot;description&quot;: null,
        &quot;id&quot;: &quot;ea3629e8-4946-4c94-831b-445ff5e05927&quot;,
        &quot;isMenu&quot;: false,
        &quot;key&quot;: &quot;Region.Delete&quot;,
        &quot;parentId&quot;: &quot;636ed702-38d2-4f20-967d-54564a31315f&quot;,
        &quot;unAuthorizedProps&quot;: {
          &quot;visible&quot;: false,
          &quot;disabled&quot;: false
        },
        &quot;actionName&quot;: &quot;Delete&quot;
      },
      {
        &quot;routePath&quot;: &quot;riders&quot;,
        &quot;iconName&quot;: &quot;riderSVG&quot;,
        &quot;controllerName&quot;: &quot;Rider&quot;,
        &quot;name&quot;: &quot;Driver&quot;,
        &quot;displayOrder&quot;: 620,
        &quot;description&quot;: null,
        &quot;id&quot;: &quot;1b716d9c-2bf6-4a16-9bd1-2214d14b6cc7&quot;,
        &quot;isMenu&quot;: true,
        &quot;key&quot;: &quot;Rider.Index&quot;,
        &quot;parentId&quot;: &quot;8b04f24a-f777-5455-9d4b-5d32257d3d62&quot;,
        &quot;unAuthorizedProps&quot;: {
          &quot;visible&quot;: false,
          &quot;disabled&quot;: false
        },
        &quot;actionName&quot;: &quot;Index&quot;
      },
      {
        &quot;routePath&quot;: &quot;permissions&quot;,
        &quot;iconName&quot;: &quot;permissionSVG&quot;,
        &quot;controllerName&quot;: &quot;Permission&quot;,
        &quot;name&quot;: &quot;Permissions&quot;,
        &quot;displayOrder&quot;: 640,
        &quot;description&quot;: null,
        &quot;id&quot;: &quot;213aad81-551b-49f7-9d15-f11f5b9e7e88&quot;,
        &quot;isMenu&quot;: true,
        &quot;key&quot;: &quot;Permission.Index&quot;,
        &quot;parentId&quot;: &quot;8b04f24a-f777-5455-9d4b-5d32257d3d62&quot;,
        &quot;unAuthorizedProps&quot;: {
          &quot;visible&quot;: false,
          &quot;disabled&quot;: false
        },
        &quot;actionName&quot;: &quot;Index&quot;
      },
      {
        &quot;routePath&quot;: null,
        &quot;iconName&quot;: null,
        &quot;controllerName&quot;: &quot;County&quot;,
        &quot;name&quot;: &quot;County Edit&quot;,
        &quot;displayOrder&quot;: 0,
        &quot;description&quot;: null,
        &quot;id&quot;: &quot;ba784849-f3ea-4d98-8dc8-194743397b68&quot;,
        &quot;isMenu&quot;: false,
        &quot;key&quot;: &quot;County.Edit&quot;,
        &quot;parentId&quot;: &quot;28a7ee86-bfd8-408f-97d3-82a96e1cbcc6&quot;,
        &quot;unAuthorizedProps&quot;: {
          &quot;visible&quot;: false,
          &quot;disabled&quot;: false
        },
        &quot;actionName&quot;: &quot;Edit&quot;
      },
      {
        &quot;routePath&quot;: null,
        &quot;iconName&quot;: null,
        &quot;controllerName&quot;: &quot;ZipCode&quot;,
        &quot;name&quot;: &quot;ZipCode List&quot;,
        &quot;displayOrder&quot;: 0,
        &quot;description&quot;: null,
        &quot;id&quot;: &quot;48ed0371-cd67-4620-b3d7-8c71e947c93f&quot;,
        &quot;isMenu&quot;: false,
        &quot;key&quot;: &quot;ZipCode.List&quot;,
        &quot;parentId&quot;: &quot;8aa34e38-533b-4ab7-bad7-0eaa7b5dec9c&quot;,
        &quot;unAuthorizedProps&quot;: {
          &quot;visible&quot;: false,
          &quot;disabled&quot;: false
        },
        &quot;actionName&quot;: &quot;List&quot;
      },
      {
        &quot;routePath&quot;: null,
        &quot;iconName&quot;: null,
        &quot;controllerName&quot;: &quot;Role&quot;,
        &quot;name&quot;: &quot;Role Delete&quot;,
        &quot;displayOrder&quot;: 0,
        &quot;description&quot;: null,
        &quot;id&quot;: &quot;72327532-7e7b-443e-8f6c-1af60992346e&quot;,
        &quot;isMenu&quot;: false,
        &quot;key&quot;: &quot;Role.Delete&quot;,
        &quot;parentId&quot;: &quot;e98d2f21-52f8-41cb-9b3f-fe979b5f0578&quot;,
        &quot;unAuthorizedProps&quot;: {
          &quot;visible&quot;: false,
          &quot;disabled&quot;: false
        },
        &quot;actionName&quot;: &quot;Delete&quot;
      },
      {
        &quot;routePath&quot;: null,
        &quot;iconName&quot;: null,
        &quot;controllerName&quot;: &quot;County&quot;,
        &quot;name&quot;: &quot;County List&quot;,
        &quot;displayOrder&quot;: 0,
        &quot;description&quot;: null,
        &quot;id&quot;: &quot;b585755d-7f4f-43b0-8d1e-f2d807abcec4&quot;,
        &quot;isMenu&quot;: false,
        &quot;key&quot;: &quot;County.List&quot;,
        &quot;parentId&quot;: &quot;28a7ee86-bfd8-408f-97d3-82a96e1cbcc6&quot;,
        &quot;unAuthorizedProps&quot;: {
          &quot;visible&quot;: false,
          &quot;disabled&quot;: false
        },
        &quot;actionName&quot;: &quot;List&quot;
      },
      {
        &quot;routePath&quot;: null,
        &quot;iconName&quot;: null,
        &quot;controllerName&quot;: &quot;State&quot;,
        &quot;name&quot;: &quot;State List&quot;,
        &quot;displayOrder&quot;: 0,
        &quot;description&quot;: null,
        &quot;id&quot;: &quot;b3223f02-9caa-4de6-9340-052b6c64b670&quot;,
        &quot;isMenu&quot;: false,
        &quot;key&quot;: &quot;State.List&quot;,
        &quot;parentId&quot;: &quot;4842baa6-3b5e-40d1-ba2c-aa896962f8a7&quot;,
        &quot;unAuthorizedProps&quot;: {
          &quot;visible&quot;: false,
          &quot;disabled&quot;: false
        },
        &quot;actionName&quot;: &quot;List&quot;
      },
      {
        &quot;routePath&quot;: &quot;orders&quot;,
        &quot;iconName&quot;: &quot;ordersSVG&quot;,
        &quot;controllerName&quot;: &quot;Order&quot;,
        &quot;name&quot;: &quot;Status Count&quot;,
        &quot;displayOrder&quot;: 0,
        &quot;description&quot;: null,
        &quot;id&quot;: &quot;cebe4f6e-97cb-4744-be13-802d6ec99207&quot;,
        &quot;isMenu&quot;: false,
        &quot;key&quot;: &quot;Order.OrderStatusCount&quot;,
        &quot;parentId&quot;: &quot;872b9f8c-c48d-dfeb-de32-1be0c3c38dbb&quot;,
        &quot;unAuthorizedProps&quot;: {
          &quot;visible&quot;: false,
          &quot;disabled&quot;: false
        },
        &quot;actionName&quot;: &quot;OrderStatusCount&quot;
      },
      {
        &quot;routePath&quot;: null,
        &quot;iconName&quot;: null,
        &quot;controllerName&quot;: &quot;Region&quot;,
        &quot;name&quot;: &quot;Region Index&quot;,
        &quot;displayOrder&quot;: 0,
        &quot;description&quot;: null,
        &quot;id&quot;: &quot;636ed702-38d2-4f20-967d-54564a31315f&quot;,
        &quot;isMenu&quot;: false,
        &quot;key&quot;: &quot;Region.Index&quot;,
        &quot;parentId&quot;: null,
        &quot;unAuthorizedProps&quot;: {
          &quot;visible&quot;: false,
          &quot;disabled&quot;: false
        },
        &quot;actionName&quot;: &quot;Index&quot;
      },
      {
        &quot;routePath&quot;: null,
        &quot;iconName&quot;: null,
        &quot;controllerName&quot;: &quot;Region&quot;,
        &quot;name&quot;: &quot;Region List&quot;,
        &quot;displayOrder&quot;: 0,
        &quot;description&quot;: null,
        &quot;id&quot;: &quot;9c05f19c-13b9-498e-aacb-e3c0f3e1d478&quot;,
        &quot;isMenu&quot;: false,
        &quot;key&quot;: &quot;Region.List&quot;,
        &quot;parentId&quot;: &quot;636ed702-38d2-4f20-967d-54564a31315f&quot;,
        &quot;unAuthorizedProps&quot;: {
          &quot;visible&quot;: false,
          &quot;disabled&quot;: false
        },
        &quot;actionName&quot;: &quot;List&quot;
      },
      {
        &quot;routePath&quot;: &quot;banners&quot;,
        &quot;iconName&quot;: &quot;bannerSVG&quot;,
        &quot;controllerName&quot;: &quot;Banner&quot;,
        &quot;name&quot;: &quot;Banner&quot;,
        &quot;displayOrder&quot;: 920,
        &quot;description&quot;: null,
        &quot;id&quot;: &quot;d01dd410-27ab-4ca2-ad2e-06ed18197543&quot;,
        &quot;isMenu&quot;: true,
        &quot;key&quot;: &quot;Banner.Index&quot;,
        &quot;parentId&quot;: &quot;8f4ea0ae-2382-4769-8584-5f2f2b1520c8&quot;,
        &quot;unAuthorizedProps&quot;: {
          &quot;visible&quot;: false,
          &quot;disabled&quot;: false
        },
        &quot;actionName&quot;: &quot;Index&quot;
      },
      {
        &quot;routePath&quot;: null,
        &quot;iconName&quot;: null,
        &quot;controllerName&quot;: &quot;MessageTemplate&quot;,
        &quot;name&quot;: &quot;Message Template Find&quot;,
        &quot;displayOrder&quot;: 0,
        &quot;description&quot;: null,
        &quot;id&quot;: &quot;c4cda510-6ac9-41c7-ae6e-74e42b8672b2&quot;,
        &quot;isMenu&quot;: false,
        &quot;key&quot;: &quot;MessageTemplate.Find&quot;,
        &quot;parentId&quot;: &quot;570b7634-2234-498f-939b-440805527121&quot;,
        &quot;unAuthorizedProps&quot;: {
          &quot;visible&quot;: false,
          &quot;disabled&quot;: false
        },
        &quot;actionName&quot;: &quot;Find&quot;
      },
      {
        &quot;routePath&quot;: null,
        &quot;iconName&quot;: null,
        &quot;controllerName&quot;: &quot;Address&quot;,
        &quot;name&quot;: &quot;Address Delete&quot;,
        &quot;displayOrder&quot;: 0,
        &quot;description&quot;: null,
        &quot;id&quot;: &quot;fbfbd05c-64df-4fd5-b4b1-8ae1d6d0ab09&quot;,
        &quot;isMenu&quot;: false,
        &quot;key&quot;: &quot;Address.Delete&quot;,
        &quot;parentId&quot;: &quot;c3c514ef-1964-4c94-b13a-8bdd83a5b1cb&quot;,
        &quot;unAuthorizedProps&quot;: {
          &quot;visible&quot;: false,
          &quot;disabled&quot;: false
        },
        &quot;actionName&quot;: &quot;Delete&quot;
      },
      {
        &quot;routePath&quot;: null,
        &quot;iconName&quot;: null,
        &quot;controllerName&quot;: &quot;CouponCode&quot;,
        &quot;name&quot;: &quot;CouponCode&quot;,
        &quot;displayOrder&quot;: 0,
        &quot;description&quot;: null,
        &quot;id&quot;: &quot;b9a73bf9-fbb5-4c88-92c2-f307b6441d6a&quot;,
        &quot;isMenu&quot;: false,
        &quot;key&quot;: &quot;CouponCode.Find&quot;,
        &quot;parentId&quot;: &quot;5aaef586-e311-4265-a241-6eb9758d6541&quot;,
        &quot;unAuthorizedProps&quot;: {
          &quot;visible&quot;: false,
          &quot;disabled&quot;: false
        },
        &quot;actionName&quot;: &quot;Find&quot;
      },
      {
        &quot;routePath&quot;: null,
        &quot;iconName&quot;: null,
        &quot;controllerName&quot;: &quot;Admin&quot;,
        &quot;name&quot;: &quot;Admin Access&quot;,
        &quot;displayOrder&quot;: 0,
        &quot;description&quot;: null,
        &quot;id&quot;: &quot;3e00e509-1d51-489b-b91a-55fe8f3c6edb&quot;,
        &quot;isMenu&quot;: false,
        &quot;key&quot;: &quot;Admin.Access&quot;,
        &quot;parentId&quot;: null,
        &quot;unAuthorizedProps&quot;: {
          &quot;visible&quot;: false,
          &quot;disabled&quot;: false
        },
        &quot;actionName&quot;: &quot;Access&quot;
      },
      {
        &quot;routePath&quot;: null,
        &quot;iconName&quot;: null,
        &quot;controllerName&quot;: &quot;Campaign&quot;,
        &quot;name&quot;: &quot;Campaign Edit&quot;,
        &quot;displayOrder&quot;: 0,
        &quot;description&quot;: null,
        &quot;id&quot;: &quot;dc1d5cc3-524b-4eaa-9a9f-ee84215e1861&quot;,
        &quot;isMenu&quot;: false,
        &quot;key&quot;: &quot;Campaign.Edit&quot;,
        &quot;parentId&quot;: &quot;fd2f794b-65fb-4da6-9bdb-835c466e4321&quot;,
        &quot;unAuthorizedProps&quot;: {
          &quot;visible&quot;: false,
          &quot;disabled&quot;: false
        },
        &quot;actionName&quot;: &quot;Edit&quot;
      },
      {
        &quot;routePath&quot;: null,
        &quot;iconName&quot;: null,
        &quot;controllerName&quot;: &quot;Category&quot;,
        &quot;name&quot;: &quot;Category Delete&quot;,
        &quot;displayOrder&quot;: 0,
        &quot;description&quot;: null,
        &quot;id&quot;: &quot;b83891f7-ad63-4ffc-8ce2-54f1fe6c2655&quot;,
        &quot;isMenu&quot;: false,
        &quot;key&quot;: &quot;Category.Delete&quot;,
        &quot;parentId&quot;: &quot;9bbddb67-d7f2-44d3-8d09-6bd04f8b6f79&quot;,
        &quot;unAuthorizedProps&quot;: {
          &quot;visible&quot;: false,
          &quot;disabled&quot;: false
        },
        &quot;actionName&quot;: &quot;Delete&quot;
      },
      {
        &quot;routePath&quot;: &quot;order-history&quot;,
        &quot;iconName&quot;: &quot;orderHistorySVG&quot;,
        &quot;controllerName&quot;: &quot;Order&quot;,
        &quot;name&quot;: &quot;Order History&quot;,
        &quot;displayOrder&quot;: 110,
        &quot;description&quot;: null,
        &quot;id&quot;: &quot;14cbd334-6cd3-42b3-9b65-6bbeff98691f&quot;,
        &quot;isMenu&quot;: true,
        &quot;key&quot;: &quot;Order.History&quot;,
        &quot;parentId&quot;: &quot;872b9f8c-c48d-dfeb-de32-1be0c3c38dbb&quot;,
        &quot;unAuthorizedProps&quot;: {
          &quot;visible&quot;: false,
          &quot;disabled&quot;: false
        },
        &quot;actionName&quot;: &quot;History&quot;
      },
      {
        &quot;routePath&quot;: null,
        &quot;iconName&quot;: &quot;GetWarehousesByProductQuantities&quot;,
        &quot;controllerName&quot;: &quot;Warehouse&quot;,
        &quot;name&quot;: &quot;Warehouse GetWarehousesByProductQuantities&quot;,
        &quot;displayOrder&quot;: 0,
        &quot;description&quot;: null,
        &quot;id&quot;: &quot;03c0e9ba-00e5-4526-bed3-8b92b5ed5b00&quot;,
        &quot;isMenu&quot;: false,
        &quot;key&quot;: &quot;Warehouse.GetWarehousesByProductQuantities&quot;,
        &quot;parentId&quot;: &quot;7a99d565-0e98-95af-19bd-814011ea2417&quot;,
        &quot;unAuthorizedProps&quot;: {
          &quot;visible&quot;: false,
          &quot;disabled&quot;: false
        },
        &quot;actionName&quot;: &quot;GetWarehousesByProductQuantities&quot;
      },
      {
        &quot;routePath&quot;: null,
        &quot;iconName&quot;: null,
        &quot;controllerName&quot;: &quot;Customer&quot;,
        &quot;name&quot;: &quot;Customer Edit&quot;,
        &quot;displayOrder&quot;: 0,
        &quot;description&quot;: null,
        &quot;id&quot;: &quot;16ec7648-8864-46c1-81f8-45ca74b6d400&quot;,
        &quot;isMenu&quot;: false,
        &quot;key&quot;: &quot;Customer.Edit&quot;,
        &quot;parentId&quot;: &quot;07b60a01-5846-422c-b1c6-1c7a382dbd0e&quot;,
        &quot;unAuthorizedProps&quot;: {
          &quot;visible&quot;: false,
          &quot;disabled&quot;: false
        },
        &quot;actionName&quot;: &quot;Edit&quot;
      },
      {
        &quot;routePath&quot;: null,
        &quot;iconName&quot;: null,
        &quot;controllerName&quot;: &quot;Customer&quot;,
        &quot;name&quot;: &quot;Customer ExportForFilter&quot;,
        &quot;displayOrder&quot;: 0,
        &quot;description&quot;: null,
        &quot;id&quot;: &quot;d035c702-e74b-4f21-a90f-0e5eab19b6ed&quot;,
        &quot;isMenu&quot;: false,
        &quot;key&quot;: &quot;Customer.ExportForFilter&quot;,
        &quot;parentId&quot;: &quot;07b60a01-5846-422c-b1c6-1c7a382dbd0e&quot;,
        &quot;unAuthorizedProps&quot;: {
          &quot;visible&quot;: false,
          &quot;disabled&quot;: false
        },
        &quot;actionName&quot;: &quot;ExportForFilter&quot;
      },
      {
        &quot;routePath&quot;: null,
        &quot;iconName&quot;: &quot;UpdateIsShowOutOfStock&quot;,
        &quot;controllerName&quot;: &quot;Product&quot;,
        &quot;name&quot;: &quot;Product UpdateIsShowOutOfStock&quot;,
        &quot;displayOrder&quot;: 0,
        &quot;description&quot;: null,
        &quot;id&quot;: &quot;3b089d65-e726-4606-9e48-0fade407b41a&quot;,
        &quot;isMenu&quot;: false,
        &quot;key&quot;: &quot;Product.UpdateIsShowOutOfStock&quot;,
        &quot;parentId&quot;: &quot;1858607f-58c2-4c69-8078-f2756c5ca81e&quot;,
        &quot;unAuthorizedProps&quot;: {
          &quot;visible&quot;: false,
          &quot;disabled&quot;: false
        },
        &quot;actionName&quot;: &quot;UpdateIsShowOutOfStock&quot;
      },
      {
        &quot;routePath&quot;: null,
        &quot;iconName&quot;: null,
        &quot;controllerName&quot;: &quot;Category&quot;,
        &quot;name&quot;: &quot;Category List&quot;,
        &quot;displayOrder&quot;: 0,
        &quot;description&quot;: null,
        &quot;id&quot;: &quot;60efba66-4656-4db1-bbc9-9192afaadc42&quot;,
        &quot;isMenu&quot;: false,
        &quot;key&quot;: &quot;Category.List&quot;,
        &quot;parentId&quot;: &quot;9bbddb67-d7f2-44d3-8d09-6bd04f8b6f79&quot;,
        &quot;unAuthorizedProps&quot;: {
          &quot;visible&quot;: false,
          &quot;disabled&quot;: false
        },
        &quot;actionName&quot;: &quot;List&quot;
      },
      {
        &quot;routePath&quot;: null,
        &quot;iconName&quot;: &quot;SendOrderReceipt&quot;,
        &quot;controllerName&quot;: &quot;Order&quot;,
        &quot;name&quot;: &quot;Order SendOrderReceipt&quot;,
        &quot;displayOrder&quot;: 0,
        &quot;description&quot;: null,
        &quot;id&quot;: &quot;61f6a2b2-3170-45fd-b952-763ab434e8cb&quot;,
        &quot;isMenu&quot;: false,
        &quot;key&quot;: &quot;Order.SendOrderReceipt&quot;,
        &quot;parentId&quot;: &quot;6fa1df30-c04b-4bef-a1d1-a67c2748e0b4&quot;,
        &quot;unAuthorizedProps&quot;: {
          &quot;visible&quot;: false,
          &quot;disabled&quot;: false
        },
        &quot;actionName&quot;: &quot;SendOrderReceipt&quot;
      },
      {
        &quot;routePath&quot;: null,
        &quot;iconName&quot;: null,
        &quot;controllerName&quot;: &quot;ServiceArea&quot;,
        &quot;name&quot;: &quot;ServiceArea Index&quot;,
        &quot;displayOrder&quot;: 0,
        &quot;description&quot;: null,
        &quot;id&quot;: &quot;6510260c-2670-4f71-96ed-8f12986fb9cf&quot;,
        &quot;isMenu&quot;: false,
        &quot;key&quot;: &quot;ServiceArea.Index&quot;,
        &quot;parentId&quot;: null,
        &quot;unAuthorizedProps&quot;: {
          &quot;visible&quot;: false,
          &quot;disabled&quot;: false
        },
        &quot;actionName&quot;: &quot;Index&quot;
      },
      {
        &quot;routePath&quot;: null,
        &quot;iconName&quot;: null,
        &quot;controllerName&quot;: &quot;Order&quot;,
        &quot;name&quot;: &quot;Order ExportForFilter&quot;,
        &quot;displayOrder&quot;: 0,
        &quot;description&quot;: null,
        &quot;id&quot;: &quot;1f7586e6-8ed7-4d27-bbab-05b597a942f3&quot;,
        &quot;isMenu&quot;: false,
        &quot;key&quot;: &quot;Order.ExportForFilter&quot;,
        &quot;parentId&quot;: &quot;872b9f8c-c48d-dfeb-de32-1be0c3c38dbb&quot;,
        &quot;unAuthorizedProps&quot;: {
          &quot;visible&quot;: false,
          &quot;disabled&quot;: false
        },
        &quot;actionName&quot;: &quot;ExportForFilter&quot;
      },
      {
        &quot;routePath&quot;: null,
        &quot;iconName&quot;: &quot;delete&quot;,
        &quot;controllerName&quot;: &quot;ProductMedia&quot;,
        &quot;name&quot;: &quot;ProductMedia Delete&quot;,
        &quot;displayOrder&quot;: 0,
        &quot;description&quot;: null,
        &quot;id&quot;: &quot;f95ffe40-8464-4dd7-997a-1e5f0e4ccc4a&quot;,
        &quot;isMenu&quot;: false,
        &quot;key&quot;: &quot;ProductMedia.Delete&quot;,
        &quot;parentId&quot;: &quot;1858607f-58c2-4c69-8078-f2756c5ca81e&quot;,
        &quot;unAuthorizedProps&quot;: {
          &quot;visible&quot;: false,
          &quot;disabled&quot;: false
        },
        &quot;actionName&quot;: &quot;Delete&quot;
      },
      {
        &quot;routePath&quot;: null,
        &quot;iconName&quot;: &quot;auditSVG&quot;,
        &quot;controllerName&quot;: &quot;Audit&quot;,
        &quot;name&quot;: &quot;Audit Find&quot;,
        &quot;displayOrder&quot;: 100000,
        &quot;description&quot;: null,
        &quot;id&quot;: &quot;0817b3ef-fe5a-4be2-b10b-cd008314489e&quot;,
        &quot;isMenu&quot;: false,
        &quot;key&quot;: &quot;Audit.Find&quot;,
        &quot;parentId&quot;: &quot;76070de9-f4f5-4096-aa99-2d2bac586b44&quot;,
        &quot;unAuthorizedProps&quot;: {
          &quot;visible&quot;: false,
          &quot;disabled&quot;: false
        },
        &quot;actionName&quot;: &quot;Find&quot;
      },
      {
        &quot;routePath&quot;: null,
        &quot;iconName&quot;: null,
        &quot;controllerName&quot;: &quot;Region&quot;,
        &quot;name&quot;: &quot;Region Edit&quot;,
        &quot;displayOrder&quot;: 0,
        &quot;description&quot;: null,
        &quot;id&quot;: &quot;dab192e4-1dbc-4537-964c-b9bcf9c0e94c&quot;,
        &quot;isMenu&quot;: false,
        &quot;key&quot;: &quot;Region.Edit&quot;,
        &quot;parentId&quot;: &quot;636ed702-38d2-4f20-967d-54564a31315f&quot;,
        &quot;unAuthorizedProps&quot;: {
          &quot;visible&quot;: false,
          &quot;disabled&quot;: false
        },
        &quot;actionName&quot;: &quot;Edit&quot;
      },
      {
        &quot;routePath&quot;: null,
        &quot;iconName&quot;: null,
        &quot;controllerName&quot;: &quot;ZipCode&quot;,
        &quot;name&quot;: &quot;ZipCode Create&quot;,
        &quot;displayOrder&quot;: 0,
        &quot;description&quot;: null,
        &quot;id&quot;: &quot;a402206e-61d3-4fca-9008-34013f50378e&quot;,
        &quot;isMenu&quot;: false,
        &quot;key&quot;: &quot;ZipCode.Create&quot;,
        &quot;parentId&quot;: &quot;8aa34e38-533b-4ab7-bad7-0eaa7b5dec9c&quot;,
        &quot;unAuthorizedProps&quot;: {
          &quot;visible&quot;: false,
          &quot;disabled&quot;: false
        },
        &quot;actionName&quot;: &quot;Create&quot;
      },
      {
        &quot;routePath&quot;: null,
        &quot;iconName&quot;: null,
        &quot;controllerName&quot;: &quot;Role&quot;,
        &quot;name&quot;: &quot;Role AssignPermission&quot;,
        &quot;displayOrder&quot;: 0,
        &quot;description&quot;: null,
        &quot;id&quot;: &quot;059c1d80-0fbe-4e73-abc8-3e20a3ee2901&quot;,
        &quot;isMenu&quot;: false,
        &quot;key&quot;: &quot;Role.AssignPermission&quot;,
        &quot;parentId&quot;: &quot;e98d2f21-52f8-41cb-9b3f-fe979b5f0578&quot;,
        &quot;unAuthorizedProps&quot;: {
          &quot;visible&quot;: false,
          &quot;disabled&quot;: false
        },
        &quot;actionName&quot;: &quot;AssignPermission&quot;
      },
      {
        &quot;routePath&quot;: null,
        &quot;iconName&quot;: null,
        &quot;controllerName&quot;: &quot;Category&quot;,
        &quot;name&quot;: &quot;Category Find&quot;,
        &quot;displayOrder&quot;: 0,
        &quot;description&quot;: null,
        &quot;id&quot;: &quot;9d76a667-e500-4b4e-861b-25b97c953dd9&quot;,
        &quot;isMenu&quot;: false,
        &quot;key&quot;: &quot;Category.Find&quot;,
        &quot;parentId&quot;: &quot;9bbddb67-d7f2-44d3-8d09-6bd04f8b6f79&quot;,
        &quot;unAuthorizedProps&quot;: {
          &quot;visible&quot;: false,
          &quot;disabled&quot;: false
        },
        &quot;actionName&quot;: &quot;Find&quot;
      },
      {
        &quot;routePath&quot;: null,
        &quot;iconName&quot;: null,
        &quot;controllerName&quot;: &quot;Employee&quot;,
        &quot;name&quot;: &quot;Employee Find&quot;,
        &quot;displayOrder&quot;: 0,
        &quot;description&quot;: null,
        &quot;id&quot;: &quot;329395f5-2a4f-412c-bfa4-ba7e3d40d4b3&quot;,
        &quot;isMenu&quot;: false,
        &quot;key&quot;: &quot;Employee.Find&quot;,
        &quot;parentId&quot;: &quot;e4a8e904-698e-4596-92c3-b40206b19179&quot;,
        &quot;unAuthorizedProps&quot;: {
          &quot;visible&quot;: false,
          &quot;disabled&quot;: false
        },
        &quot;actionName&quot;: &quot;Find&quot;
      },
      {
        &quot;routePath&quot;: null,
        &quot;iconName&quot;: &quot;find&quot;,
        &quot;controllerName&quot;: &quot;Product&quot;,
        &quot;name&quot;: &quot;Product Find&quot;,
        &quot;displayOrder&quot;: 0,
        &quot;description&quot;: null,
        &quot;id&quot;: &quot;bd420774-1ffd-4fa0-b172-3f04acbb6dfa&quot;,
        &quot;isMenu&quot;: false,
        &quot;key&quot;: &quot;Product.Find&quot;,
        &quot;parentId&quot;: &quot;1858607f-58c2-4c69-8078-f2756c5ca81e&quot;,
        &quot;unAuthorizedProps&quot;: {
          &quot;visible&quot;: false,
          &quot;disabled&quot;: false
        },
        &quot;actionName&quot;: &quot;Find&quot;
      },
      {
        &quot;routePath&quot;: null,
        &quot;iconName&quot;: null,
        &quot;controllerName&quot;: &quot;Employee&quot;,
        &quot;name&quot;: &quot;Employee Edit&quot;,
        &quot;displayOrder&quot;: 0,
        &quot;description&quot;: null,
        &quot;id&quot;: &quot;d9cfda39-3a58-4e03-955d-d7f7fc173dd5&quot;,
        &quot;isMenu&quot;: false,
        &quot;key&quot;: &quot;Employee.Edit&quot;,
        &quot;parentId&quot;: &quot;e4a8e904-698e-4596-92c3-b40206b19179&quot;,
        &quot;unAuthorizedProps&quot;: {
          &quot;visible&quot;: false,
          &quot;disabled&quot;: false
        },
        &quot;actionName&quot;: &quot;Edit&quot;
      },
      {
        &quot;routePath&quot;: null,
        &quot;iconName&quot;: null,
        &quot;controllerName&quot;: &quot;Language&quot;,
        &quot;name&quot;: &quot;Language List&quot;,
        &quot;displayOrder&quot;: 0,
        &quot;description&quot;: null,
        &quot;id&quot;: &quot;2f273f27-d9dd-406e-a4d4-2faac07a3d2d&quot;,
        &quot;isMenu&quot;: false,
        &quot;key&quot;: &quot;Language.List&quot;,
        &quot;parentId&quot;: &quot;7d117917-ff5a-448f-ae1c-71b123ffabc0&quot;,
        &quot;unAuthorizedProps&quot;: {
          &quot;visible&quot;: false,
          &quot;disabled&quot;: false
        },
        &quot;actionName&quot;: &quot;List&quot;
      },
      {
        &quot;routePath&quot;: null,
        &quot;iconName&quot;: null,
        &quot;controllerName&quot;: &quot;ZipCode&quot;,
        &quot;name&quot;: &quot;ZipCode Index&quot;,
        &quot;displayOrder&quot;: 0,
        &quot;description&quot;: null,
        &quot;id&quot;: &quot;8aa34e38-533b-4ab7-bad7-0eaa7b5dec9c&quot;,
        &quot;isMenu&quot;: false,
        &quot;key&quot;: &quot;ZipCode.Index&quot;,
        &quot;parentId&quot;: null,
        &quot;unAuthorizedProps&quot;: {
          &quot;visible&quot;: false,
          &quot;disabled&quot;: false
        },
        &quot;actionName&quot;: &quot;Index&quot;
      },
      {
        &quot;routePath&quot;: null,
        &quot;iconName&quot;: null,
        &quot;controllerName&quot;: &quot;State&quot;,
        &quot;name&quot;: &quot;State Delete&quot;,
        &quot;displayOrder&quot;: 0,
        &quot;description&quot;: null,
        &quot;id&quot;: &quot;701496e5-1817-49e7-9c31-4270a4174942&quot;,
        &quot;isMenu&quot;: false,
        &quot;key&quot;: &quot;State.Delete&quot;,
        &quot;parentId&quot;: &quot;4842baa6-3b5e-40d1-ba2c-aa896962f8a7&quot;,
        &quot;unAuthorizedProps&quot;: {
          &quot;visible&quot;: false,
          &quot;disabled&quot;: false
        },
        &quot;actionName&quot;: &quot;Delete&quot;
      },
      {
        &quot;routePath&quot;: null,
        &quot;iconName&quot;: null,
        &quot;controllerName&quot;: &quot;County&quot;,
        &quot;name&quot;: &quot;County Index&quot;,
        &quot;displayOrder&quot;: 0,
        &quot;description&quot;: null,
        &quot;id&quot;: &quot;28a7ee86-bfd8-408f-97d3-82a96e1cbcc6&quot;,
        &quot;isMenu&quot;: false,
        &quot;key&quot;: &quot;County.Index&quot;,
        &quot;parentId&quot;: null,
        &quot;unAuthorizedProps&quot;: {
          &quot;visible&quot;: false,
          &quot;disabled&quot;: false
        },
        &quot;actionName&quot;: &quot;Index&quot;
      },
      {
        &quot;routePath&quot;: null,
        &quot;iconName&quot;: null,
        &quot;controllerName&quot;: &quot;Rider&quot;,
        &quot;name&quot;: &quot;Rider Delete&quot;,
        &quot;displayOrder&quot;: 0,
        &quot;description&quot;: null,
        &quot;id&quot;: &quot;b6c199d0-e33a-484b-b8c7-8c6a204541da&quot;,
        &quot;isMenu&quot;: false,
        &quot;key&quot;: &quot;Rider.Delete&quot;,
        &quot;parentId&quot;: &quot;1b716d9c-2bf6-4a16-9bd1-2214d14b6cc7&quot;,
        &quot;unAuthorizedProps&quot;: {
          &quot;visible&quot;: false,
          &quot;disabled&quot;: false
        },
        &quot;actionName&quot;: &quot;Delete&quot;
      },
      {
        &quot;routePath&quot;: null,
        &quot;iconName&quot;: null,
        &quot;controllerName&quot;: &quot;SubRegion&quot;,
        &quot;name&quot;: &quot;SubRegion Index&quot;,
        &quot;displayOrder&quot;: 0,
        &quot;description&quot;: null,
        &quot;id&quot;: &quot;5016a026-6957-41ab-8cda-9bd37afe0841&quot;,
        &quot;isMenu&quot;: false,
        &quot;key&quot;: &quot;SubRegion.Index&quot;,
        &quot;parentId&quot;: null,
        &quot;unAuthorizedProps&quot;: {
          &quot;visible&quot;: false,
          &quot;disabled&quot;: false
        },
        &quot;actionName&quot;: &quot;Index&quot;
      },
      {
        &quot;routePath&quot;: null,
        &quot;iconName&quot;: null,
        &quot;controllerName&quot;: &quot;Campaign&quot;,
        &quot;name&quot;: &quot;Campaign Create&quot;,
        &quot;displayOrder&quot;: 0,
        &quot;description&quot;: null,
        &quot;id&quot;: &quot;d165df32-e036-4e90-9f58-fa07296951f4&quot;,
        &quot;isMenu&quot;: false,
        &quot;key&quot;: &quot;Campaign.Create&quot;,
        &quot;parentId&quot;: &quot;fd2f794b-65fb-4da6-9bdb-835c466e4321&quot;,
        &quot;unAuthorizedProps&quot;: {
          &quot;visible&quot;: false,
          &quot;disabled&quot;: false
        },
        &quot;actionName&quot;: &quot;Create&quot;
      },
      {
        &quot;routePath&quot;: null,
        &quot;iconName&quot;: null,
        &quot;controllerName&quot;: &quot;Region&quot;,
        &quot;name&quot;: &quot;Region Create&quot;,
        &quot;displayOrder&quot;: 0,
        &quot;description&quot;: null,
        &quot;id&quot;: &quot;73aaaf9f-f0ae-4082-8b27-087cd854a8ae&quot;,
        &quot;isMenu&quot;: false,
        &quot;key&quot;: &quot;Region.Create&quot;,
        &quot;parentId&quot;: &quot;636ed702-38d2-4f20-967d-54564a31315f&quot;,
        &quot;unAuthorizedProps&quot;: {
          &quot;visible&quot;: false,
          &quot;disabled&quot;: false
        },
        &quot;actionName&quot;: &quot;Create&quot;
      },
      {
        &quot;routePath&quot;: &quot;audit-logs&quot;,
        &quot;iconName&quot;: &quot;auditSVG&quot;,
        &quot;controllerName&quot;: &quot;Audit&quot;,
        &quot;name&quot;: &quot;Audits&quot;,
        &quot;displayOrder&quot;: 999,
        &quot;description&quot;: null,
        &quot;id&quot;: &quot;76070de9-f4f5-4096-aa99-2d2bac586b44&quot;,
        &quot;isMenu&quot;: true,
        &quot;key&quot;: &quot;Audit.Index&quot;,
        &quot;parentId&quot;: null,
        &quot;unAuthorizedProps&quot;: {
          &quot;visible&quot;: false,
          &quot;disabled&quot;: false
        },
        &quot;actionName&quot;: &quot;Index&quot;
      },
      {
        &quot;routePath&quot;: null,
        &quot;iconName&quot;: null,
        &quot;controllerName&quot;: &quot;Order&quot;,
        &quot;name&quot;: &quot;Order PartialRefund&quot;,
        &quot;displayOrder&quot;: 0,
        &quot;description&quot;: null,
        &quot;id&quot;: &quot;5a118c25-8cae-40b6-9728-4542683e02e7&quot;,
        &quot;isMenu&quot;: false,
        &quot;key&quot;: &quot;Order.PartialRefund&quot;,
        &quot;parentId&quot;: &quot;872b9f8c-c48d-dfeb-de32-1be0c3c38dbb&quot;,
        &quot;unAuthorizedProps&quot;: {
          &quot;visible&quot;: false,
          &quot;disabled&quot;: false
        },
        &quot;actionName&quot;: &quot;PartialRefund&quot;
      },
      {
        &quot;routePath&quot;: null,
        &quot;iconName&quot;: null,
        &quot;controllerName&quot;: &quot;Permission&quot;,
        &quot;name&quot;: &quot;Permission List&quot;,
        &quot;displayOrder&quot;: 0,
        &quot;description&quot;: null,
        &quot;id&quot;: &quot;efde75e6-f926-47b4-8fc7-a190415c9625&quot;,
        &quot;isMenu&quot;: false,
        &quot;key&quot;: &quot;Permission.List&quot;,
        &quot;parentId&quot;: &quot;213aad81-551b-49f7-9d15-f11f5b9e7e88&quot;,
        &quot;unAuthorizedProps&quot;: {
          &quot;visible&quot;: false,
          &quot;disabled&quot;: false
        },
        &quot;actionName&quot;: &quot;List&quot;
      },
      {
        &quot;routePath&quot;: null,
        &quot;iconName&quot;: null,
        &quot;controllerName&quot;: &quot;Order&quot;,
        &quot;name&quot;: &quot;Order ListForFilterByActiveOrders&quot;,
        &quot;displayOrder&quot;: 0,
        &quot;description&quot;: null,
        &quot;id&quot;: &quot;5b6e6765-324b-4573-9918-6495fb653c36&quot;,
        &quot;isMenu&quot;: false,
        &quot;key&quot;: &quot;Order.ListForFilterByActiveOrders&quot;,
        &quot;parentId&quot;: &quot;872b9f8c-c48d-dfeb-de32-1be0c3c38dbb&quot;,
        &quot;unAuthorizedProps&quot;: {
          &quot;visible&quot;: false,
          &quot;disabled&quot;: false
        },
        &quot;actionName&quot;: &quot;ListForFilterByActiveOrders&quot;
      },
      {
        &quot;routePath&quot;: null,
        &quot;iconName&quot;: &quot;ChangeStatusToCompleted&quot;,
        &quot;controllerName&quot;: &quot;Order&quot;,
        &quot;name&quot;: &quot;Order ChangeStatusToCompleted&quot;,
        &quot;displayOrder&quot;: 0,
        &quot;description&quot;: null,
        &quot;id&quot;: &quot;c0d476ba-4306-46e1-b6b4-4c9e459a7724&quot;,
        &quot;isMenu&quot;: false,
        &quot;key&quot;: &quot;Order.ChangeStatusToCompleted&quot;,
        &quot;parentId&quot;: &quot;872b9f8c-c48d-dfeb-de32-1be0c3c38dbb&quot;,
        &quot;unAuthorizedProps&quot;: {
          &quot;visible&quot;: false,
          &quot;disabled&quot;: false
        },
        &quot;actionName&quot;: &quot;ChangeStatusToCompleted&quot;
      },
      {
        &quot;routePath&quot;: &quot;dashboards&quot;,
        &quot;iconName&quot;: &quot;dashboardSVG&quot;,
        &quot;controllerName&quot;: &quot;Dashboard&quot;,
        &quot;name&quot;: &quot;Analytics&quot;,
        &quot;displayOrder&quot;: 400,
        &quot;description&quot;: &quot;Analytics&quot;,
        &quot;id&quot;: &quot;05f03ef2-ee9e-466b-b024-cfa79802f9ae&quot;,
        &quot;isMenu&quot;: false,
        &quot;key&quot;: &quot;Dashboard.List&quot;,
        &quot;parentId&quot;: null,
        &quot;unAuthorizedProps&quot;: {
          &quot;visible&quot;: false,
          &quot;disabled&quot;: false
        },
        &quot;actionName&quot;: &quot;List&quot;
      },
      {
        &quot;routePath&quot;: null,
        &quot;iconName&quot;: null,
        &quot;controllerName&quot;: &quot;Warehouse&quot;,
        &quot;name&quot;: &quot;Warehouse EditWarehouseStatus&quot;,
        &quot;displayOrder&quot;: 0,
        &quot;description&quot;: null,
        &quot;id&quot;: &quot;ceb79cf6-b1a8-468b-8b15-e73bb6c3ffe9&quot;,
        &quot;isMenu&quot;: false,
        &quot;key&quot;: &quot;Warehouse.EditWarehouseStatus&quot;,
        &quot;parentId&quot;: &quot;7a99d565-0e98-95af-19bd-814011ea2417&quot;,
        &quot;unAuthorizedProps&quot;: {
          &quot;visible&quot;: false,
          &quot;disabled&quot;: false
        },
        &quot;actionName&quot;: &quot;EditWarehouseStatus&quot;
      },
      {
        &quot;routePath&quot;: null,
        &quot;iconName&quot;: null,
        &quot;controllerName&quot;: &quot;Order&quot;,
        &quot;name&quot;: &quot;Order Delete&quot;,
        &quot;displayOrder&quot;: 0,
        &quot;description&quot;: null,
        &quot;id&quot;: &quot;e7fae6f1-e5f5-48e4-ab32-c61d6457b738&quot;,
        &quot;isMenu&quot;: false,
        &quot;key&quot;: &quot;Order.Delete&quot;,
        &quot;parentId&quot;: &quot;872b9f8c-c48d-dfeb-de32-1be0c3c38dbb&quot;,
        &quot;unAuthorizedProps&quot;: {
          &quot;visible&quot;: false,
          &quot;disabled&quot;: false
        },
        &quot;actionName&quot;: &quot;Delete&quot;
      },
      {
        &quot;routePath&quot;: null,
        &quot;iconName&quot;: &quot;RemoteSearchForCouponCode&quot;,
        &quot;controllerName&quot;: &quot;CouponCode&quot;,
        &quot;name&quot;: &quot;CouponCode RemoteSearchForCouponCode&quot;,
        &quot;displayOrder&quot;: 0,
        &quot;description&quot;: null,
        &quot;id&quot;: &quot;14ed0b92-dcc7-4309-aef9-522eec12fc08&quot;,
        &quot;isMenu&quot;: false,
        &quot;key&quot;: &quot;CouponCode.RemoteSearchForCouponCode&quot;,
        &quot;parentId&quot;: null,
        &quot;unAuthorizedProps&quot;: {
          &quot;visible&quot;: false,
          &quot;disabled&quot;: false
        },
        &quot;actionName&quot;: &quot;RemoteSearchForCouponCode&quot;
      },
      {
        &quot;routePath&quot;: null,
        &quot;iconName&quot;: null,
        &quot;controllerName&quot;: &quot;LocaleResource&quot;,
        &quot;name&quot;: &quot;LocaleResource List&quot;,
        &quot;displayOrder&quot;: 0,
        &quot;description&quot;: null,
        &quot;id&quot;: &quot;1f97b83f-e4aa-4e06-b490-eca7a7c7c5ef&quot;,
        &quot;isMenu&quot;: false,
        &quot;key&quot;: &quot;LocaleResource.List&quot;,
        &quot;parentId&quot;: &quot;4c1a6c0d-765c-444a-b7c8-49e99f61d47b&quot;,
        &quot;unAuthorizedProps&quot;: {
          &quot;visible&quot;: false,
          &quot;disabled&quot;: false
        },
        &quot;actionName&quot;: &quot;List&quot;
      },
      {
        &quot;routePath&quot;: &quot;roles&quot;,
        &quot;iconName&quot;: &quot;RolesSVG&quot;,
        &quot;controllerName&quot;: &quot;Role&quot;,
        &quot;name&quot;: &quot;Roles&quot;,
        &quot;displayOrder&quot;: 650,
        &quot;description&quot;: null,
        &quot;id&quot;: &quot;e98d2f21-52f8-41cb-9b3f-fe979b5f0578&quot;,
        &quot;isMenu&quot;: true,
        &quot;key&quot;: &quot;Role.Index&quot;,
        &quot;parentId&quot;: &quot;8b04f24a-f777-5455-9d4b-5d32257d3d62&quot;,
        &quot;unAuthorizedProps&quot;: {
          &quot;visible&quot;: false,
          &quot;disabled&quot;: false
        },
        &quot;actionName&quot;: &quot;Index&quot;
      },
      {
        &quot;routePath&quot;: null,
        &quot;iconName&quot;: null,
        &quot;controllerName&quot;: &quot;SubRegion&quot;,
        &quot;name&quot;: &quot;SubRegion Delete&quot;,
        &quot;displayOrder&quot;: 0,
        &quot;description&quot;: null,
        &quot;id&quot;: &quot;df7da069-b35d-4179-a5dc-8f61beab4226&quot;,
        &quot;isMenu&quot;: false,
        &quot;key&quot;: &quot;SubRegion.Delete&quot;,
        &quot;parentId&quot;: &quot;5016a026-6957-41ab-8cda-9bd37afe0841&quot;,
        &quot;unAuthorizedProps&quot;: {
          &quot;visible&quot;: false,
          &quot;disabled&quot;: false
        },
        &quot;actionName&quot;: &quot;Delete&quot;
      },
      {
        &quot;routePath&quot;: null,
        &quot;iconName&quot;: &quot;UploadProductMedia&quot;,
        &quot;controllerName&quot;: &quot;ProductMedia&quot;,
        &quot;name&quot;: &quot;ProductMedia UploadProductMedia&quot;,
        &quot;displayOrder&quot;: 0,
        &quot;description&quot;: null,
        &quot;id&quot;: &quot;f214be5c-985b-4aaa-aa42-d49e789d5ca6&quot;,
        &quot;isMenu&quot;: false,
        &quot;key&quot;: &quot;ProductMedia.UploadProductMedia&quot;,
        &quot;parentId&quot;: &quot;1858607f-58c2-4c69-8078-f2756c5ca81e&quot;,
        &quot;unAuthorizedProps&quot;: {
          &quot;visible&quot;: false,
          &quot;disabled&quot;: false
        },
        &quot;actionName&quot;: &quot;UploadProductMedia&quot;
      },
      {
        &quot;routePath&quot;: null,
        &quot;iconName&quot;: null,
        &quot;controllerName&quot;: &quot;Order&quot;,
        &quot;name&quot;: &quot;order ListForFilter&quot;,
        &quot;displayOrder&quot;: 0,
        &quot;description&quot;: null,
        &quot;id&quot;: &quot;f12e049a-8719-46d1-9507-00d1671d7c6d&quot;,
        &quot;isMenu&quot;: false,
        &quot;key&quot;: &quot;Order.ListForFilter&quot;,
        &quot;parentId&quot;: &quot;872b9f8c-c48d-dfeb-de32-1be0c3c38dbb&quot;,
        &quot;unAuthorizedProps&quot;: {
          &quot;visible&quot;: false,
          &quot;disabled&quot;: false
        },
        &quot;actionName&quot;: &quot;ListForFilter&quot;
      },
      {
        &quot;routePath&quot;: null,
        &quot;iconName&quot;: null,
        &quot;controllerName&quot;: &quot;CouponCode&quot;,
        &quot;name&quot;: &quot;CouponCode&quot;,
        &quot;displayOrder&quot;: 0,
        &quot;description&quot;: null,
        &quot;id&quot;: &quot;d2f7e3bf-712f-4991-994f-0f3e5e6cda1b&quot;,
        &quot;isMenu&quot;: false,
        &quot;key&quot;: &quot;CouponCode.FindByCode&quot;,
        &quot;parentId&quot;: &quot;5aaef586-e311-4265-a241-6eb9758d6541&quot;,
        &quot;unAuthorizedProps&quot;: {
          &quot;visible&quot;: false,
          &quot;disabled&quot;: false
        },
        &quot;actionName&quot;: &quot;FindByCode&quot;
      }
    ],
    &quot;imageUrl&quot;: null,
    &quot;phoneCountryId&quot;: &quot;f83c326d-cbf4-47cf-b592-f3f638a5a958&quot;,
    &quot;email&quot;: &quot;busra@popcornvan.com&quot;
  },
  &quot;refreshToken&quot;: &quot;4jK+xCK+fNp565te61GE9KSIXXGYAFSM+OCBN8TNHVWxHXxBXthblieBoGo=&quot;
}
 
15:26:24.570 [pool-1-thread-4] INFO  com.intuit.karate - Environment variable is : popcorn 
15:26:24.570 [pool-1-thread-1] INFO  com.intuit.karate - Environment variable is : popcorn 
15:26:24.603 [pool-1-thread-4] INFO  c.intuit.karate.core.FeatureRuntime - scenario called at line: 9 by tag: @employeeLoginInfo
15:26:24.603 [pool-1-thread-1] INFO  c.intuit.karate.core.FeatureRuntime - scenario called at line: 9 by tag: @employeeLoginInfo
15:26:25.115 [pool-1-thread-5] INFO  com.intuit.karate - [print] response employee login with phone--&gt;  {
  &quot;visible&quot;: true,
  &quot;action&quot;: &quot;default&quot;,
  &quot;messages&quot;: [
    &quot;UnAuthorized&quot;
  ],
  &quot;type&quot;: &quot;authorization&quot;,
  &quot;title&quot;: null,
  &quot;message&quot;: &quot;UnAuthorized&quot;,
  &quot;typeCode&quot;: 401
}
 
15:26:25.363 [pool-1-thread-3] INFO  com.intuit.karate - [print] refresh login response --&gt; {
  &quot;expiresIn&quot;: 3.15359999940459E7,
  &quot;accessToken&quot;: &quot;eyJhbGciOiJIUzUxMiIsInR5cCI6IkpXVCJ9.eyJuYW1laWQiOiJidXNyYW96ZG1yLjgwQGdtYWlsLmNvbSIsIm5hbWUiOiJidXNyYSB0ZXN0IiwiVXNlclR5cGUiOiJFbXBsb3llZSIsIk5hbWUiOiJidXNyYSB0ZXN0IiwiRW1haWwiOiJidXNyYW96ZG1yLjgwQGdtYWlsLmNvbSIsIlVzZXJJZCI6ImI4MTBjZWJmLTg3YWYtNGRiYy05ODI4LWMxZWJjYWY3YjI4OCIsIm5iZiI6MTY0MjU5NTE4NCwiZXhwIjoxNjc0MTMxMTg0LCJpYXQiOjE2NDI1OTUxODQsImlzcyI6Imh0dHBzOi8vcG9wY29ybnZhbi5jb20vIiwiYXVkIjoiaHR0cHM6Ly9wb3Bjb3JudmFuLmNvbS8ifQ.Tf1xTNfOt866o7m2v3wd4r9R1ZYfvEpM1WNs51DdkuJB1rwvBhROSRjpcEPhsK9jLFTlN4jb9KyVn85K9QlPzw&quot;,
  &quot;user&quot;: {
    &quot;imagePath&quot;: null,
    &quot;roles&quot;: [
      {
        &quot;name&quot;: &quot;Super Admin&quot;,
        &quot;displayOrder&quot;: 0,
        &quot;description&quot;: null,
        &quot;colorCode&quot;: null,
        &quot;id&quot;: &quot;4f1058c6-0985-4139-8302-b50df344c339&quot;
      }
    ],
    &quot;languageId&quot;: null,
    &quot;fullName&quot;: &quot;busra test&quot;,
    &quot;employeeId&quot;: &quot;30bfb8c9-f4b9-462c-8669-f43168642c25&quot;,
    &quot;languageCode&quot;: null,
    &quot;userId&quot;: &quot;b810cebf-87af-4dbc-9828-c1ebcaf7b288&quot;,
    &quot;languageName&quot;: null,
    &quot;phoneAreaCode&quot;: &quot;+43&quot;,
    &quot;phoneNumber&quot;: &quot;5541397672&quot;,
    &quot;externalUserId&quot;: &quot;00000000-0000-0000-0000-000000000000&quot;,
    &quot;permissions&quot;: [
      {
        &quot;routePath&quot;: &quot;overview&quot;,
        &quot;iconName&quot;: &quot;overviewSVG&quot;,
        &quot;controllerName&quot;: &quot;Admin&quot;,
        &quot;name&quot;: &quot;Overview&quot;,
        &quot;displayOrder&quot;: 100,
        &quot;description&quot;: null,
        &quot;id&quot;: &quot;f3ef6d44-bdda-9acc-2131-8885bd8e368b&quot;,
        &quot;isMenu&quot;: false,
        &quot;key&quot;: &quot;Admin.Overview&quot;,
        &quot;parentId&quot;: null,
        &quot;unAuthorizedProps&quot;: {
          &quot;visible&quot;: false,
          &quot;disabled&quot;: false
        },
        &quot;actionName&quot;: &quot;Overview&quot;
      },
      {
        &quot;routePath&quot;: null,
        &quot;iconName&quot;: null,
        &quot;controllerName&quot;: &quot;Pusher&quot;,
        &quot;name&quot;: &quot;Pusher Auth&quot;,
        &quot;displayOrder&quot;: 0,
        &quot;description&quot;: null,
        &quot;id&quot;: &quot;d3abc4d5-0841-435b-b27e-c1f8ff8f4d9f&quot;,
        &quot;isMenu&quot;: false,
        &quot;key&quot;: &quot;Pusher.Auth&quot;,
        &quot;parentId&quot;: null,
        &quot;unAuthorizedProps&quot;: {
          &quot;visible&quot;: false,
          &quot;disabled&quot;: false
        },
        &quot;actionName&quot;: &quot;Auth&quot;
      },
      {
        &quot;routePath&quot;: null,
        &quot;iconName&quot;: null,
        &quot;controllerName&quot;: &quot;ServiceArea&quot;,
        &quot;name&quot;: &quot;ServiceArea Find&quot;,
        &quot;displayOrder&quot;: 0,
        &quot;description&quot;: null,
        &quot;id&quot;: &quot;941ff53e-a0e7-4a97-9f21-5a071749fdcf&quot;,
        &quot;isMenu&quot;: false,
        &quot;key&quot;: &quot;ServiceArea.Find&quot;,
        &quot;parentId&quot;: &quot;6510260c-2670-4f71-96ed-8f12986fb9cf&quot;,
        &quot;unAuthorizedProps&quot;: {
          &quot;visible&quot;: false,
          &quot;disabled&quot;: false
        },
        &quot;actionName&quot;: &quot;Find&quot;
      },
      {
        &quot;routePath&quot;: null,
        &quot;iconName&quot;: null,
        &quot;controllerName&quot;: &quot;CouponCode&quot;,
        &quot;name&quot;: &quot;CouponCode&quot;,
        &quot;displayOrder&quot;: 0,
        &quot;description&quot;: null,
        &quot;id&quot;: &quot;a1ea1d92-37b1-41ec-b4cf-24f205e13ced&quot;,
        &quot;isMenu&quot;: false,
        &quot;key&quot;: &quot;CouponCode.Edit&quot;,
        &quot;parentId&quot;: &quot;5aaef586-e311-4265-a241-6eb9758d6541&quot;,
        &quot;unAuthorizedProps&quot;: {
          &quot;visible&quot;: false,
          &quot;disabled&quot;: false
        },
        &quot;actionName&quot;: &quot;Edit&quot;
      },
      {
        &quot;routePath&quot;: &quot;customers&quot;,
        &quot;iconName&quot;: &quot;customerSVG&quot;,
        &quot;controllerName&quot;: &quot;Customer&quot;,
        &quot;name&quot;: &quot;Customer&quot;,
        &quot;displayOrder&quot;: 610,
        &quot;description&quot;: null,
        &quot;id&quot;: &quot;07b60a01-5846-422c-b1c6-1c7a382dbd0e&quot;,
        &quot;isMenu&quot;: true,
        &quot;key&quot;: &quot;Customer.Index&quot;,
        &quot;parentId&quot;: &quot;8b04f24a-f777-5455-9d4b-5d32257d3d62&quot;,
        &quot;unAuthorizedProps&quot;: {
          &quot;visible&quot;: false,
          &quot;disabled&quot;: false
        },
        &quot;actionName&quot;: &quot;Index&quot;
      },
      {
        &quot;routePath&quot;: null,
        &quot;iconName&quot;: null,
        &quot;controllerName&quot;: &quot;ServiceArea&quot;,
        &quot;name&quot;: &quot;ServiceArea List&quot;,
        &quot;displayOrder&quot;: 0,
        &quot;description&quot;: null,
        &quot;id&quot;: &quot;d059ba5c-c4a9-44ee-89cb-167400d65355&quot;,
        &quot;isMenu&quot;: false,
        &quot;key&quot;: &quot;ServiceArea.List&quot;,
        &quot;parentId&quot;: &quot;6510260c-2670-4f71-96ed-8f12986fb9cf&quot;,
        &quot;unAuthorizedProps&quot;: {
          &quot;visible&quot;: false,
          &quot;disabled&quot;: false
        },
        &quot;actionName&quot;: &quot;List&quot;
      },
      {
        &quot;routePath&quot;: null,
        &quot;iconName&quot;: &quot;managementSVG&quot;,
        &quot;controllerName&quot;: &quot;Product&quot;,
        &quot;name&quot;: &quot;Product / Support&quot;,
        &quot;displayOrder&quot;: 999,
        &quot;description&quot;: null,
        &quot;id&quot;: &quot;5b7cb896-ff20-4798-8468-df6c7f3be073&quot;,
        &quot;isMenu&quot;: true,
        &quot;key&quot;: &quot;Product.Main&quot;,
        &quot;parentId&quot;: null,
        &quot;unAuthorizedProps&quot;: {
          &quot;visible&quot;: false,
          &quot;disabled&quot;: false
        },
        &quot;actionName&quot;: &quot;Main&quot;
      },
      {
        &quot;routePath&quot;: null,
        &quot;iconName&quot;: null,
        &quot;controllerName&quot;: &quot;Address&quot;,
        &quot;name&quot;: &quot;Address List&quot;,
        &quot;displayOrder&quot;: 0,
        &quot;description&quot;: null,
        &quot;id&quot;: &quot;6cf101e1-86c2-4b4b-b308-33a8c9e2fd19&quot;,
        &quot;isMenu&quot;: false,
        &quot;key&quot;: &quot;Address.List&quot;,
        &quot;parentId&quot;: &quot;c3c514ef-1964-4c94-b13a-8bdd83a5b1cb&quot;,
        &quot;unAuthorizedProps&quot;: {
          &quot;visible&quot;: false,
          &quot;disabled&quot;: false
        },
        &quot;actionName&quot;: &quot;List&quot;
      },
      {
        &quot;routePath&quot;: null,
        &quot;iconName&quot;: null,
        &quot;controllerName&quot;: &quot;LocaleResource&quot;,
        &quot;name&quot;: &quot;LocaleResource Delete&quot;,
        &quot;displayOrder&quot;: 0,
        &quot;description&quot;: null,
        &quot;id&quot;: &quot;62103116-c035-44d5-aa5d-577df0b20041&quot;,
        &quot;isMenu&quot;: false,
        &quot;key&quot;: &quot;LocaleResource.Delete&quot;,
        &quot;parentId&quot;: &quot;4c1a6c0d-765c-444a-b7c8-49e99f61d47b&quot;,
        &quot;unAuthorizedProps&quot;: {
          &quot;visible&quot;: false,
          &quot;disabled&quot;: false
        },
        &quot;actionName&quot;: &quot;Delete&quot;
      },
      {
        &quot;routePath&quot;: null,
        &quot;iconName&quot;: null,
        &quot;controllerName&quot;: &quot;Address&quot;,
        &quot;name&quot;: &quot;Address Create&quot;,
        &quot;displayOrder&quot;: 0,
        &quot;description&quot;: null,
        &quot;id&quot;: &quot;ba0b5525-39db-4928-8a6a-a3c450b1d747&quot;,
        &quot;isMenu&quot;: false,
        &quot;key&quot;: &quot;Address.Create&quot;,
        &quot;parentId&quot;: &quot;c3c514ef-1964-4c94-b13a-8bdd83a5b1cb&quot;,
        &quot;unAuthorizedProps&quot;: {
          &quot;visible&quot;: false,
          &quot;disabled&quot;: false
        },
        &quot;actionName&quot;: &quot;Create&quot;
      },
      {
        &quot;routePath&quot;: null,
        &quot;iconName&quot;: &quot;ExportForFilter&quot;,
        &quot;controllerName&quot;: &quot;Product&quot;,
        &quot;name&quot;: &quot;Product ExportFinaleReplenishmentReport&quot;,
        &quot;displayOrder&quot;: 0,
        &quot;description&quot;: null,
        &quot;id&quot;: &quot;557a9551-e3b6-4022-8c65-8fefe6bc8b76&quot;,
        &quot;isMenu&quot;: false,
        &quot;key&quot;: &quot;Product.ExportFinaleReplenishmentReport&quot;,
        &quot;parentId&quot;: &quot;1858607f-58c2-4c69-8078-f2756c5ca81e&quot;,
        &quot;unAuthorizedProps&quot;: {
          &quot;visible&quot;: false,
          &quot;disabled&quot;: false
        },
        &quot;actionName&quot;: &quot;ExportFinaleReplenishmentReport&quot;
      },
      {
        &quot;routePath&quot;: null,
        &quot;iconName&quot;: null,
        &quot;controllerName&quot;: &quot;Setting&quot;,
        &quot;name&quot;: &quot;Setting Delete&quot;,
        &quot;displayOrder&quot;: 0,
        &quot;description&quot;: null,
        &quot;id&quot;: &quot;f22745ab-c49b-4b6a-8a72-58e25565418e&quot;,
        &quot;isMenu&quot;: false,
        &quot;key&quot;: &quot;Setting.Delete&quot;,
        &quot;parentId&quot;: &quot;ccc7592a-301d-4d63-aa26-09e92194ca01&quot;,
        &quot;unAuthorizedProps&quot;: {
          &quot;visible&quot;: false,
          &quot;disabled&quot;: false
        },
        &quot;actionName&quot;: &quot;Delete&quot;
      },
      {
        &quot;routePath&quot;: null,
        &quot;iconName&quot;: null,
        &quot;controllerName&quot;: &quot;Setting&quot;,
        &quot;name&quot;: &quot;Setting Edit&quot;,
        &quot;displayOrder&quot;: 0,
        &quot;description&quot;: null,
        &quot;id&quot;: &quot;368d96d0-f0f8-4a6a-a02a-10f3dc4d6813&quot;,
        &quot;isMenu&quot;: false,
        &quot;key&quot;: &quot;Setting.Edit&quot;,
        &quot;parentId&quot;: &quot;ccc7592a-301d-4d63-aa26-09e92194ca01&quot;,
        &quot;unAuthorizedProps&quot;: {
          &quot;visible&quot;: false,
          &quot;disabled&quot;: false
        },
        &quot;actionName&quot;: &quot;Edit&quot;
      },
      {
        &quot;routePath&quot;: null,
        &quot;iconName&quot;: null,
        &quot;controllerName&quot;: &quot;Warehouse&quot;,
        &quot;name&quot;: &quot;Warehouse ListWarehouseStock&quot;,
        &quot;displayOrder&quot;: 0,
        &quot;description&quot;: null,
        &quot;id&quot;: &quot;10961a78-a6c9-47aa-865a-b4d9aaab89bf&quot;,
        &quot;isMenu&quot;: false,
        &quot;key&quot;: &quot;Warehouse.ListWarehouseStock&quot;,
        &quot;parentId&quot;: &quot;7a99d565-0e98-95af-19bd-814011ea2417&quot;,
        &quot;unAuthorizedProps&quot;: {
          &quot;visible&quot;: false,
          &quot;disabled&quot;: false
        },
        &quot;actionName&quot;: &quot;ListWarehouseStock&quot;
      },
      {
        &quot;routePath&quot;: null,
        &quot;iconName&quot;: &quot;blackListSVG&quot;,
        &quot;controllerName&quot;: &quot;BlackList&quot;,
        &quot;name&quot;: &quot;Black List Create&quot;,
        &quot;displayOrder&quot;: 0,
        &quot;description&quot;: null,
        &quot;id&quot;: &quot;70d6b8cb-7f48-4cd4-a796-cad4e227ccd5&quot;,
        &quot;isMenu&quot;: false,
        &quot;key&quot;: &quot;BlackList.Create&quot;,
        &quot;parentId&quot;: &quot;d273c43d-77c8-4b88-8d35-9ec20a90bd11&quot;,
        &quot;unAuthorizedProps&quot;: {
          &quot;visible&quot;: false,
          &quot;disabled&quot;: false
        },
        &quot;actionName&quot;: &quot;Create&quot;
      },
      {
        &quot;routePath&quot;: null,
        &quot;iconName&quot;: &quot;a&quot;,
        &quot;controllerName&quot;: &quot;Customer&quot;,
        &quot;name&quot;: &quot;Customer UpdateBlockedCodeCampaign&quot;,
        &quot;displayOrder&quot;: 0,
        &quot;description&quot;: null,
        &quot;id&quot;: &quot;e3d996d8-5b07-4015-825c-c87c12952def&quot;,
        &quot;isMenu&quot;: false,
        &quot;key&quot;: &quot;Customer.UpdateBlockedCodeCampaign&quot;,
        &quot;parentId&quot;: null,
        &quot;unAuthorizedProps&quot;: {
          &quot;visible&quot;: false,
          &quot;disabled&quot;: false
        },
        &quot;actionName&quot;: &quot;UpdateBlockedCodeCampaign&quot;
      },
      {
        &quot;routePath&quot;: null,
        &quot;iconName&quot;: null,
        &quot;controllerName&quot;: &quot;Warehouse&quot;,
        &quot;name&quot;: &quot;Warehouse ExportWarehouseStock&quot;,
        &quot;displayOrder&quot;: 0,
        &quot;description&quot;: null,
        &quot;id&quot;: &quot;c9b0c169-56cc-4793-a43d-7d18a47ae863&quot;,
        &quot;isMenu&quot;: false,
        &quot;key&quot;: &quot;Warehouse.ExportWarehouseStock&quot;,
        &quot;parentId&quot;: &quot;7a99d565-0e98-95af-19bd-814011ea2417&quot;,
        &quot;unAuthorizedProps&quot;: {
          &quot;visible&quot;: false,
          &quot;disabled&quot;: false
        },
        &quot;actionName&quot;: &quot;ExportWarehouseStock&quot;
      },
      {
        &quot;routePath&quot;: null,
        &quot;iconName&quot;: &quot;SuitableWarehousesForOrder&quot;,
        &quot;controllerName&quot;: &quot;Order&quot;,
        &quot;name&quot;: &quot;Order SuitableWarehousesForOrder&quot;,
        &quot;displayOrder&quot;: 0,
        &quot;description&quot;: null,
        &quot;id&quot;: &quot;2188f2ef-08fb-4757-b6a6-d734b8d72eea&quot;,
        &quot;isMenu&quot;: false,
        &quot;key&quot;: &quot;Order.SuitableWarehousesForOrder&quot;,
        &quot;parentId&quot;: &quot;872b9f8c-c48d-dfeb-de32-1be0c3c38dbb&quot;,
        &quot;unAuthorizedProps&quot;: {
          &quot;visible&quot;: false,
          &quot;disabled&quot;: false
        },
        &quot;actionName&quot;: &quot;SuitableWarehousesForOrder&quot;
      },
      {
        &quot;routePath&quot;: &quot;products&quot;,
        &quot;iconName&quot;: &quot;productSVG&quot;,
        &quot;controllerName&quot;: &quot;Product&quot;,
        &quot;name&quot;: &quot;Product&quot;,
        &quot;displayOrder&quot;: 390,
        &quot;description&quot;: null,
        &quot;id&quot;: &quot;1858607f-58c2-4c69-8078-f2756c5ca81e&quot;,
        &quot;isMenu&quot;: true,
        &quot;key&quot;: &quot;Product.Index&quot;,
        &quot;parentId&quot;: &quot;8b40e125-ffeb-4cf1-ba4b-0ac72aac09d9&quot;,
        &quot;unAuthorizedProps&quot;: {
          &quot;visible&quot;: false,
          &quot;disabled&quot;: false
        },
        &quot;actionName&quot;: &quot;Index&quot;
      },
      {
        &quot;routePath&quot;: null,
        &quot;iconName&quot;: &quot;blackListSVG&quot;,
        &quot;controllerName&quot;: &quot;BlackList&quot;,
        &quot;name&quot;: &quot;Black List Edit&quot;,
        &quot;displayOrder&quot;: 0,
        &quot;description&quot;: null,
        &quot;id&quot;: &quot;8935ed07-0379-4235-99d4-2188e923639a&quot;,
        &quot;isMenu&quot;: false,
        &quot;key&quot;: &quot;BlackList.Edit&quot;,
        &quot;parentId&quot;: &quot;d273c43d-77c8-4b88-8d35-9ec20a90bd11&quot;,
        &quot;unAuthorizedProps&quot;: {
          &quot;visible&quot;: false,
          &quot;disabled&quot;: false
        },
        &quot;actionName&quot;: &quot;Edit&quot;
      },
      {
        &quot;routePath&quot;: null,
        &quot;iconName&quot;: null,
        &quot;controllerName&quot;: &quot;Rider&quot;,
        &quot;name&quot;: &quot;Rider Find&quot;,
        &quot;displayOrder&quot;: 0,
        &quot;description&quot;: null,
        &quot;id&quot;: &quot;438a4584-500a-47a2-810f-012e4743a389&quot;,
        &quot;isMenu&quot;: false,
        &quot;key&quot;: &quot;Rider.Find&quot;,
        &quot;parentId&quot;: &quot;1b716d9c-2bf6-4a16-9bd1-2214d14b6cc7&quot;,
        &quot;unAuthorizedProps&quot;: {
          &quot;visible&quot;: false,
          &quot;disabled&quot;: false
        },
        &quot;actionName&quot;: &quot;Find&quot;
      },
      {
        &quot;routePath&quot;: null,
        &quot;iconName&quot;: null,
        &quot;controllerName&quot;: &quot;Rider&quot;,
        &quot;name&quot;: &quot;Rider List&quot;,
        &quot;displayOrder&quot;: 0,
        &quot;description&quot;: null,
        &quot;id&quot;: &quot;94789829-bd1b-44a3-ae1a-2c4ecf20e3b3&quot;,
        &quot;isMenu&quot;: false,
        &quot;key&quot;: &quot;Rider.List&quot;,
        &quot;parentId&quot;: &quot;1b716d9c-2bf6-4a16-9bd1-2214d14b6cc7&quot;,
        &quot;unAuthorizedProps&quot;: {
          &quot;visible&quot;: false,
          &quot;disabled&quot;: false
        },
        &quot;actionName&quot;: &quot;List&quot;
      },
      {
        &quot;routePath&quot;: null,
        &quot;iconName&quot;: null,
        &quot;controllerName&quot;: &quot;CouponCode&quot;,
        &quot;name&quot;: &quot;CouponCode&quot;,
        &quot;displayOrder&quot;: 0,
        &quot;description&quot;: null,
        &quot;id&quot;: &quot;82a51ef5-f9a9-4a9d-9bc4-241cda2df051&quot;,
        &quot;isMenu&quot;: false,
        &quot;key&quot;: &quot;CouponCode.Create&quot;,
        &quot;parentId&quot;: &quot;5aaef586-e311-4265-a241-6eb9758d6541&quot;,
        &quot;unAuthorizedProps&quot;: {
          &quot;visible&quot;: false,
          &quot;disabled&quot;: false
        },
        &quot;actionName&quot;: &quot;Create&quot;
      },
      {
        &quot;routePath&quot;: null,
        &quot;iconName&quot;: null,
        &quot;controllerName&quot;: &quot;Warehouse&quot;,
        &quot;name&quot;: &quot;Warehouse Create&quot;,
        &quot;displayOrder&quot;: 0,
        &quot;description&quot;: null,
        &quot;id&quot;: &quot;26bd14df-9135-4f4d-8468-6c439e8a737f&quot;,
        &quot;isMenu&quot;: false,
        &quot;key&quot;: &quot;Warehouse.Create&quot;,
        &quot;parentId&quot;: &quot;7a99d565-0e98-95af-19bd-814011ea2417&quot;,
        &quot;unAuthorizedProps&quot;: {
          &quot;visible&quot;: false,
          &quot;disabled&quot;: false
        },
        &quot;actionName&quot;: &quot;Create&quot;
      },
      {
        &quot;routePath&quot;: null,
        &quot;iconName&quot;: null,
        &quot;controllerName&quot;: &quot;CouponCode&quot;,
        &quot;name&quot;: &quot;Find Coupon Code By User Id&quot;,
        &quot;displayOrder&quot;: 0,
        &quot;description&quot;: null,
        &quot;id&quot;: &quot;75b2daf0-42e8-4ad7-b6a4-811d06d87c74&quot;,
        &quot;isMenu&quot;: false,
        &quot;key&quot;: &quot;CouponCode.FindByUserId&quot;,
        &quot;parentId&quot;: &quot;5aaef586-e311-4265-a241-6eb9758d6541&quot;,
        &quot;unAuthorizedProps&quot;: {
          &quot;visible&quot;: false,
          &quot;disabled&quot;: false
        },
        &quot;actionName&quot;: &quot;FindByUserId&quot;
      },
      {
        &quot;routePath&quot;: null,
        &quot;iconName&quot;: null,
        &quot;controllerName&quot;: &quot;Language&quot;,
        &quot;name&quot;: &quot;Language Index&quot;,
        &quot;displayOrder&quot;: 0,
        &quot;description&quot;: null,
        &quot;id&quot;: &quot;7d117917-ff5a-448f-ae1c-71b123ffabc0&quot;,
        &quot;isMenu&quot;: false,
        &quot;key&quot;: &quot;Language.Index&quot;,
        &quot;parentId&quot;: null,
        &quot;unAuthorizedProps&quot;: {
          &quot;visible&quot;: false,
          &quot;disabled&quot;: false
        },
        &quot;actionName&quot;: &quot;Index&quot;
      },
      {
        &quot;routePath&quot;: null,
        &quot;iconName&quot;: null,
        &quot;controllerName&quot;: &quot;Campaign&quot;,
        &quot;name&quot;: &quot;Campaign Find&quot;,
        &quot;displayOrder&quot;: 0,
        &quot;description&quot;: null,
        &quot;id&quot;: &quot;00b581e0-ec91-4feb-a7e7-f1b9101ad482&quot;,
        &quot;isMenu&quot;: false,
        &quot;key&quot;: &quot;Campaign.Find&quot;,
        &quot;parentId&quot;: &quot;fd2f794b-65fb-4da6-9bdb-835c466e4321&quot;,
        &quot;unAuthorizedProps&quot;: {
          &quot;visible&quot;: false,
          &quot;disabled&quot;: false
        },
        &quot;actionName&quot;: &quot;Find&quot;
      },
      {
        &quot;routePath&quot;: null,
        &quot;iconName&quot;: null,
        &quot;controllerName&quot;: &quot;Setting&quot;,
        &quot;name&quot;: &quot;Setting List&quot;,
        &quot;displayOrder&quot;: 0,
        &quot;description&quot;: null,
        &quot;id&quot;: &quot;9f68e0f0-57dc-4148-bd76-fb8c2a970786&quot;,
        &quot;isMenu&quot;: false,
        &quot;key&quot;: &quot;Setting.List&quot;,
        &quot;parentId&quot;: &quot;ccc7592a-301d-4d63-aa26-09e92194ca01&quot;,
        &quot;unAuthorizedProps&quot;: {
          &quot;visible&quot;: false,
          &quot;disabled&quot;: false
        },
        &quot;actionName&quot;: &quot;List&quot;
      },
      {
        &quot;routePath&quot;: null,
        &quot;iconName&quot;: null,
        &quot;controllerName&quot;: &quot;ServiceArea&quot;,
        &quot;name&quot;: &quot;ServiceArea UpdateGeoJson&quot;,
        &quot;displayOrder&quot;: 0,
        &quot;description&quot;: null,
        &quot;id&quot;: &quot;02e62924-50d4-4bc5-9403-2254969f04c0&quot;,
        &quot;isMenu&quot;: false,
        &quot;key&quot;: &quot;ServiceArea.UpdateGeoJson&quot;,
        &quot;parentId&quot;: &quot;6510260c-2670-4f71-96ed-8f12986fb9cf&quot;,
        &quot;unAuthorizedProps&quot;: {
          &quot;visible&quot;: false,
          &quot;disabled&quot;: false
        },
        &quot;actionName&quot;: &quot;UpdateGeoJson&quot;
      },
      {
        &quot;routePath&quot;: null,
        &quot;iconName&quot;: null,
        &quot;controllerName&quot;: &quot;Order&quot;,
        &quot;name&quot;: &quot;Order DeleteOrderItemCheck&quot;,
        &quot;displayOrder&quot;: 0,
        &quot;description&quot;: null,
        &quot;id&quot;: &quot;e07b0bce-91e5-4399-857b-936f93c302dd&quot;,
        &quot;isMenu&quot;: false,
        &quot;key&quot;: &quot;Order.DeleteOrderItemCheck&quot;,
        &quot;parentId&quot;: &quot;872b9f8c-c48d-dfeb-de32-1be0c3c38dbb&quot;,
        &quot;unAuthorizedProps&quot;: {
          &quot;visible&quot;: false,
          &quot;disabled&quot;: false
        },
        &quot;actionName&quot;: &quot;DeleteOrderItemCheck&quot;
      },
      {
        &quot;routePath&quot;: &quot;warehouses&quot;,
        &quot;iconName&quot;: &quot;warehousesSVG&quot;,
        &quot;controllerName&quot;: &quot;Warehouse&quot;,
        &quot;name&quot;: &quot;Warehouses&quot;,
        &quot;displayOrder&quot;: 500,
        &quot;description&quot;: null,
        &quot;id&quot;: &quot;7a99d565-0e98-95af-19bd-814011ea2417&quot;,
        &quot;isMenu&quot;: true,
        &quot;key&quot;: &quot;Warehouse.Index&quot;,
        &quot;parentId&quot;: null,
        &quot;unAuthorizedProps&quot;: {
          &quot;visible&quot;: false,
          &quot;disabled&quot;: false
        },
        &quot;actionName&quot;: &quot;Index&quot;
      },
      {
        &quot;routePath&quot;: null,
        &quot;iconName&quot;: null,
        &quot;controllerName&quot;: &quot;Category&quot;,
        &quot;name&quot;: &quot;Category Create&quot;,
        &quot;displayOrder&quot;: 0,
        &quot;description&quot;: null,
        &quot;id&quot;: &quot;ec3b6666-e8bf-4426-bb0a-6c46f175b9da&quot;,
        &quot;isMenu&quot;: false,
        &quot;key&quot;: &quot;Category.Create&quot;,
        &quot;parentId&quot;: &quot;9bbddb67-d7f2-44d3-8d09-6bd04f8b6f79&quot;,
        &quot;unAuthorizedProps&quot;: {
          &quot;visible&quot;: false,
          &quot;disabled&quot;: false
        },
        &quot;actionName&quot;: &quot;Create&quot;
      },
      {
        &quot;routePath&quot;: null,
        &quot;iconName&quot;: null,
        &quot;controllerName&quot;: &quot;Campaign&quot;,
        &quot;name&quot;: &quot;Campaign ListForFilter&quot;,
        &quot;displayOrder&quot;: 0,
        &quot;description&quot;: null,
        &quot;id&quot;: &quot;d4f0750c-5811-4863-9808-a95b2ab92af4&quot;,
        &quot;isMenu&quot;: false,
        &quot;key&quot;: &quot;Campaign.ListForFilter&quot;,
        &quot;parentId&quot;: &quot;fd2f794b-65fb-4da6-9bdb-835c466e4321&quot;,
        &quot;unAuthorizedProps&quot;: {
          &quot;visible&quot;: false,
          &quot;disabled&quot;: false
        },
        &quot;actionName&quot;: &quot;ListForFilter&quot;
      },
      {
        &quot;routePath&quot;: null,
        &quot;iconName&quot;: null,
        &quot;controllerName&quot;: &quot;Country&quot;,
        &quot;name&quot;: &quot;Country Find&quot;,
        &quot;displayOrder&quot;: 0,
        &quot;description&quot;: null,
        &quot;id&quot;: &quot;869a6e82-0d19-4ae8-a655-99db08529c33&quot;,
        &quot;isMenu&quot;: false,
        &quot;key&quot;: &quot;Country.Find&quot;,
        &quot;parentId&quot;: &quot;9c15db73-badc-4894-ab1b-d8261bac91c2&quot;,
        &quot;unAuthorizedProps&quot;: {
          &quot;visible&quot;: false,
          &quot;disabled&quot;: false
        },
        &quot;actionName&quot;: &quot;Find&quot;
      },
      {
        &quot;routePath&quot;: null,
        &quot;iconName&quot;: null,
        &quot;controllerName&quot;: &quot;SubRegion&quot;,
        &quot;name&quot;: &quot;SubRegion List&quot;,
        &quot;displayOrder&quot;: 0,
        &quot;description&quot;: null,
        &quot;id&quot;: &quot;75d1a3dc-c6ed-4c21-952e-54972310aeb7&quot;,
        &quot;isMenu&quot;: false,
        &quot;key&quot;: &quot;SubRegion.List&quot;,
        &quot;parentId&quot;: &quot;5016a026-6957-41ab-8cda-9bd37afe0841&quot;,
        &quot;unAuthorizedProps&quot;: {
          &quot;visible&quot;: false,
          &quot;disabled&quot;: false
        },
        &quot;actionName&quot;: &quot;List&quot;
      },
      {
        &quot;routePath&quot;: null,
        &quot;iconName&quot;: null,
        &quot;controllerName&quot;: &quot;Rider&quot;,
        &quot;name&quot;: &quot;Rider Edit&quot;,
        &quot;displayOrder&quot;: 0,
        &quot;description&quot;: null,
        &quot;id&quot;: &quot;8277937b-eb57-49db-b4e2-b71ca38abd9c&quot;,
        &quot;isMenu&quot;: false,
        &quot;key&quot;: &quot;Rider.Edit&quot;,
        &quot;parentId&quot;: &quot;1b716d9c-2bf6-4a16-9bd1-2214d14b6cc7&quot;,
        &quot;unAuthorizedProps&quot;: {
          &quot;visible&quot;: false,
          &quot;disabled&quot;: false
        },
        &quot;actionName&quot;: &quot;Edit&quot;
      },
      {
        &quot;routePath&quot;: null,
        &quot;iconName&quot;: null,
        &quot;controllerName&quot;: &quot;Setting&quot;,
        &quot;name&quot;: &quot;Setting Create&quot;,
        &quot;displayOrder&quot;: 0,
        &quot;description&quot;: null,
        &quot;id&quot;: &quot;238383c9-3a34-4c8a-b2a2-85f813a6f40a&quot;,
        &quot;isMenu&quot;: false,
        &quot;key&quot;: &quot;Setting.Create&quot;,
        &quot;parentId&quot;: &quot;ccc7592a-301d-4d63-aa26-09e92194ca01&quot;,
        &quot;unAuthorizedProps&quot;: {
          &quot;visible&quot;: false,
          &quot;disabled&quot;: false
        },
        &quot;actionName&quot;: &quot;Create&quot;
      },
      {
        &quot;routePath&quot;: null,
        &quot;iconName&quot;: null,
        &quot;controllerName&quot;: &quot;CouponCode&quot;,
        &quot;name&quot;: &quot;CouponCode&quot;,
        &quot;displayOrder&quot;: 0,
        &quot;description&quot;: null,
        &quot;id&quot;: &quot;d28ce774-c331-4733-b98f-c83f04e8c752&quot;,
        &quot;isMenu&quot;: false,
        &quot;key&quot;: &quot;CouponCode.Delete&quot;,
        &quot;parentId&quot;: &quot;5aaef586-e311-4265-a241-6eb9758d6541&quot;,
        &quot;unAuthorizedProps&quot;: {
          &quot;visible&quot;: false,
          &quot;disabled&quot;: false
        },
        &quot;actionName&quot;: &quot;Delete&quot;
      },
      {
        &quot;routePath&quot;: null,
        &quot;iconName&quot;: null,
        &quot;controllerName&quot;: &quot;Permission&quot;,
        &quot;name&quot;: &quot;Permission Create&quot;,
        &quot;displayOrder&quot;: 0,
        &quot;description&quot;: null,
        &quot;id&quot;: &quot;a1a303e1-73f3-40d4-b748-a725546f5ea8&quot;,
        &quot;isMenu&quot;: false,
        &quot;key&quot;: &quot;Permission.Create&quot;,
        &quot;parentId&quot;: &quot;213aad81-551b-49f7-9d15-f11f5b9e7e88&quot;,
        &quot;unAuthorizedProps&quot;: {
          &quot;visible&quot;: false,
          &quot;disabled&quot;: false
        },
        &quot;actionName&quot;: &quot;Create&quot;
      },
      {
        &quot;routePath&quot;: null,
        &quot;iconName&quot;: null,
        &quot;controllerName&quot;: &quot;Language&quot;,
        &quot;name&quot;: &quot;Language Delete&quot;,
        &quot;displayOrder&quot;: 0,
        &quot;description&quot;: null,
        &quot;id&quot;: &quot;16b92a62-28f2-4a62-b810-9d341253ffef&quot;,
        &quot;isMenu&quot;: false,
        &quot;key&quot;: &quot;Language.Delete&quot;,
        &quot;parentId&quot;: &quot;7d117917-ff5a-448f-ae1c-71b123ffabc0&quot;,
        &quot;unAuthorizedProps&quot;: {
          &quot;visible&quot;: false,
          &quot;disabled&quot;: false
        },
        &quot;actionName&quot;: &quot;Delete&quot;
      },
      {
        &quot;routePath&quot;: null,
        &quot;iconName&quot;: null,
        &quot;controllerName&quot;: &quot;Order&quot;,
        &quot;name&quot;: &quot;Order Find&quot;,
        &quot;displayOrder&quot;: 0,
        &quot;description&quot;: null,
        &quot;id&quot;: &quot;28593029-bc36-4e20-86b9-c1703b181edd&quot;,
        &quot;isMenu&quot;: false,
        &quot;key&quot;: &quot;Order.Find&quot;,
        &quot;parentId&quot;: &quot;872b9f8c-c48d-dfeb-de32-1be0c3c38dbb&quot;,
        &quot;unAuthorizedProps&quot;: {
          &quot;visible&quot;: false,
          &quot;disabled&quot;: false
        },
        &quot;actionName&quot;: &quot;Find&quot;
      },
      {
        &quot;routePath&quot;: null,
        &quot;iconName&quot;: null,
        &quot;controllerName&quot;: &quot;SubRegion&quot;,
        &quot;name&quot;: &quot;SubRegion Create&quot;,
        &quot;displayOrder&quot;: 0,
        &quot;description&quot;: null,
        &quot;id&quot;: &quot;5645a151-6053-4f7b-ab7b-d8503cbb1aba&quot;,
        &quot;isMenu&quot;: false,
        &quot;key&quot;: &quot;SubRegion.Create&quot;,
        &quot;parentId&quot;: &quot;5016a026-6957-41ab-8cda-9bd37afe0841&quot;,
        &quot;unAuthorizedProps&quot;: {
          &quot;visible&quot;: false,
          &quot;disabled&quot;: false
        },
        &quot;actionName&quot;: &quot;Create&quot;
      },
      {
        &quot;routePath&quot;: &quot;dashboards&quot;,
        &quot;iconName&quot;: &quot;dashboardSVG&quot;,
        &quot;controllerName&quot;: &quot;Dashboard&quot;,
        &quot;name&quot;: &quot;Analytics&quot;,
        &quot;displayOrder&quot;: 300,
        &quot;description&quot;: null,
        &quot;id&quot;: &quot;0b0fd9e8-2ae5-40f8-9373-deafc8c5770d&quot;,
        &quot;isMenu&quot;: true,
        &quot;key&quot;: &quot;Dashboard.Index&quot;,
        &quot;parentId&quot;: null,
        &quot;unAuthorizedProps&quot;: {
          &quot;visible&quot;: false,
          &quot;disabled&quot;: false
        },
        &quot;actionName&quot;: &quot;Index&quot;
      },
      {
        &quot;routePath&quot;: null,
        &quot;iconName&quot;: null,
        &quot;controllerName&quot;: &quot;ServiceArea&quot;,
        &quot;name&quot;: &quot;ServiceArea Edit&quot;,
        &quot;displayOrder&quot;: 0,
        &quot;description&quot;: null,
        &quot;id&quot;: &quot;dccac413-6147-41f2-a093-0f85c770405a&quot;,
        &quot;isMenu&quot;: false,
        &quot;key&quot;: &quot;ServiceArea.Edit&quot;,
        &quot;parentId&quot;: &quot;6510260c-2670-4f71-96ed-8f12986fb9cf&quot;,
        &quot;unAuthorizedProps&quot;: {
          &quot;visible&quot;: false,
          &quot;disabled&quot;: false
        },
        &quot;actionName&quot;: &quot;Edit&quot;
      },
      {
        &quot;routePath&quot;: null,
        &quot;iconName&quot;: null,
        &quot;controllerName&quot;: &quot;Employee&quot;,
        &quot;name&quot;: &quot;Employee Create&quot;,
        &quot;displayOrder&quot;: 0,
        &quot;description&quot;: null,
        &quot;id&quot;: &quot;c5270ce8-af43-4c0c-aae3-461b204b6154&quot;,
        &quot;isMenu&quot;: false,
        &quot;key&quot;: &quot;Employee.Create&quot;,
        &quot;parentId&quot;: &quot;e4a8e904-698e-4596-92c3-b40206b19179&quot;,
        &quot;unAuthorizedProps&quot;: {
          &quot;visible&quot;: false,
          &quot;disabled&quot;: false
        },
        &quot;actionName&quot;: &quot;Create&quot;
      },
      {
        &quot;routePath&quot;: null,
        &quot;iconName&quot;: null,
        &quot;controllerName&quot;: &quot;Order&quot;,
        &quot;name&quot;: &quot;Order List&quot;,
        &quot;displayOrder&quot;: 0,
        &quot;description&quot;: null,
        &quot;id&quot;: &quot;5644a0fc-aab8-4a88-9bcc-a71f29a6bb49&quot;,
        &quot;isMenu&quot;: false,
        &quot;key&quot;: &quot;Order.List&quot;,
        &quot;parentId&quot;: &quot;872b9f8c-c48d-dfeb-de32-1be0c3c38dbb&quot;,
        &quot;unAuthorizedProps&quot;: {
          &quot;visible&quot;: false,
          &quot;disabled&quot;: false
        },
        &quot;actionName&quot;: &quot;List&quot;
      },
      {
        &quot;routePath&quot;: null,
        &quot;iconName&quot;: null,
        &quot;controllerName&quot;: &quot;Language&quot;,
        &quot;name&quot;: &quot;Language Find&quot;,
        &quot;displayOrder&quot;: 0,
        &quot;description&quot;: null,
        &quot;id&quot;: &quot;ac47e514-e60f-466f-a16c-401a478bbce7&quot;,
        &quot;isMenu&quot;: false,
        &quot;key&quot;: &quot;Language.Find&quot;,
        &quot;parentId&quot;: &quot;7d117917-ff5a-448f-ae1c-71b123ffabc0&quot;,
        &quot;unAuthorizedProps&quot;: {
          &quot;visible&quot;: false,
          &quot;disabled&quot;: false
        },
        &quot;actionName&quot;: &quot;Find&quot;
      },
      {
        &quot;routePath&quot;: null,
        &quot;iconName&quot;: null,
        &quot;controllerName&quot;: &quot;Employee&quot;,
        &quot;name&quot;: &quot;Employee List&quot;,
        &quot;displayOrder&quot;: 0,
        &quot;description&quot;: null,
        &quot;id&quot;: &quot;85b2a11c-84bd-40bf-87b5-226546bb7272&quot;,
        &quot;isMenu&quot;: false,
        &quot;key&quot;: &quot;Employee.List&quot;,
        &quot;parentId&quot;: &quot;e4a8e904-698e-4596-92c3-b40206b19179&quot;,
        &quot;unAuthorizedProps&quot;: {
          &quot;visible&quot;: false,
          &quot;disabled&quot;: false
        },
        &quot;actionName&quot;: &quot;List&quot;
      },
      {
        &quot;routePath&quot;: null,
        &quot;iconName&quot;: null,
        &quot;controllerName&quot;: &quot;Country&quot;,
        &quot;name&quot;: &quot;Country Delete&quot;,
        &quot;displayOrder&quot;: 0,
        &quot;description&quot;: null,
        &quot;id&quot;: &quot;6107f9a1-4fbe-46fc-82eb-55acf38ead7d&quot;,
        &quot;isMenu&quot;: false,
        &quot;key&quot;: &quot;Country.Delete&quot;,
        &quot;parentId&quot;: &quot;9c15db73-badc-4894-ab1b-d8261bac91c2&quot;,
        &quot;unAuthorizedProps&quot;: {
          &quot;visible&quot;: false,
          &quot;disabled&quot;: false
        },
        &quot;actionName&quot;: &quot;Delete&quot;
      },
      {
        &quot;routePath&quot;: null,
        &quot;iconName&quot;: null,
        &quot;controllerName&quot;: &quot;Category&quot;,
        &quot;name&quot;: &quot;Category ListForFilter&quot;,
        &quot;displayOrder&quot;: 0,
        &quot;description&quot;: null,
        &quot;id&quot;: &quot;f057072d-c8d8-4140-880a-ad2a61df8381&quot;,
        &quot;isMenu&quot;: false,
        &quot;key&quot;: &quot;Category.ListForFilter&quot;,
        &quot;parentId&quot;: &quot;9bbddb67-d7f2-44d3-8d09-6bd04f8b6f79&quot;,
        &quot;unAuthorizedProps&quot;: {
          &quot;visible&quot;: false,
          &quot;disabled&quot;: false
        },
        &quot;actionName&quot;: &quot;ListForFilter&quot;
      },
      {
        &quot;routePath&quot;: &quot;categories&quot;,
        &quot;iconName&quot;: &quot;categorySVG&quot;,
        &quot;controllerName&quot;: &quot;Category&quot;,
        &quot;name&quot;: &quot;Categories&quot;,
        &quot;displayOrder&quot;: 400,
        &quot;description&quot;: null,
        &quot;id&quot;: &quot;501d66f1-cdeb-4f10-85d2-6e00d60e36c9&quot;,
        &quot;isMenu&quot;: true,
        &quot;key&quot;: &quot;Category.Index&quot;,
        &quot;parentId&quot;: &quot;8b40e125-ffeb-4cf1-ba4b-0ac72aac09d9&quot;,
        &quot;unAuthorizedProps&quot;: {
          &quot;visible&quot;: false,
          &quot;disabled&quot;: false
        },
        &quot;actionName&quot;: &quot;Index&quot;
      },
      {
        &quot;routePath&quot;: null,
        &quot;iconName&quot;: null,
        &quot;controllerName&quot;: &quot;ZipCode&quot;,
        &quot;name&quot;: &quot;ZipCode Edit&quot;,
        &quot;displayOrder&quot;: 0,
        &quot;description&quot;: null,
        &quot;id&quot;: &quot;a5fdf875-fb0a-456a-bd3d-8428d97760af&quot;,
        &quot;isMenu&quot;: false,
        &quot;key&quot;: &quot;ZipCode.Edit&quot;,
        &quot;parentId&quot;: &quot;8aa34e38-533b-4ab7-bad7-0eaa7b5dec9c&quot;,
        &quot;unAuthorizedProps&quot;: {
          &quot;visible&quot;: false,
          &quot;disabled&quot;: false
        },
        &quot;actionName&quot;: &quot;Edit&quot;
      },
      {
        &quot;routePath&quot;: null,
        &quot;iconName&quot;: null,
        &quot;controllerName&quot;: &quot;Order&quot;,
        &quot;name&quot;: &quot;Order FindOrdersByUserId&quot;,
        &quot;displayOrder&quot;: 0,
        &quot;description&quot;: null,
        &quot;id&quot;: &quot;68d99af4-6abe-48d5-9ef2-c1cdb594e356&quot;,
        &quot;isMenu&quot;: false,
        &quot;key&quot;: &quot;Order.FindOrdersByUserId&quot;,
        &quot;parentId&quot;: &quot;872b9f8c-c48d-dfeb-de32-1be0c3c38dbb&quot;,
        &quot;unAuthorizedProps&quot;: {
          &quot;visible&quot;: false,
          &quot;disabled&quot;: false
        },
        &quot;actionName&quot;: &quot;FindOrdersByUserId&quot;
      },
      {
        &quot;routePath&quot;: null,
        &quot;iconName&quot;: null,
        &quot;controllerName&quot;: &quot;Address&quot;,
        &quot;name&quot;: &quot;Address Index&quot;,
        &quot;displayOrder&quot;: 0,
        &quot;description&quot;: null,
        &quot;id&quot;: &quot;c3c514ef-1964-4c94-b13a-8bdd83a5b1cb&quot;,
        &quot;isMenu&quot;: false,
        &quot;key&quot;: &quot;Address.Index&quot;,
        &quot;parentId&quot;: null,
        &quot;unAuthorizedProps&quot;: {
          &quot;visible&quot;: false,
          &quot;disabled&quot;: false
        },
        &quot;actionName&quot;: &quot;Index&quot;
      },
      {
        &quot;routePath&quot;: null,
        &quot;iconName&quot;: null,
        &quot;controllerName&quot;: &quot;State&quot;,
        &quot;name&quot;: &quot;State Find&quot;,
        &quot;displayOrder&quot;: 0,
        &quot;description&quot;: null,
        &quot;id&quot;: &quot;749873e1-e852-4fc8-ab64-f1da0b433957&quot;,
        &quot;isMenu&quot;: false,
        &quot;key&quot;: &quot;State.Find&quot;,
        &quot;parentId&quot;: &quot;4842baa6-3b5e-40d1-ba2c-aa896962f8a7&quot;,
        &quot;unAuthorizedProps&quot;: {
          &quot;visible&quot;: false,
          &quot;disabled&quot;: false
        },
        &quot;actionName&quot;: &quot;Find&quot;
      },
      {
        &quot;routePath&quot;: null,
        &quot;iconName&quot;: null,
        &quot;controllerName&quot;: &quot;Order&quot;,
        &quot;name&quot;: &quot;Order Edit&quot;,
        &quot;displayOrder&quot;: 0,
        &quot;description&quot;: null,
        &quot;id&quot;: &quot;9ae4817f-4442-47af-a281-0b3c0d40862e&quot;,
        &quot;isMenu&quot;: false,
        &quot;key&quot;: &quot;Order.Edit&quot;,
        &quot;parentId&quot;: &quot;872b9f8c-c48d-dfeb-de32-1be0c3c38dbb&quot;,
        &quot;unAuthorizedProps&quot;: {
          &quot;visible&quot;: false,
          &quot;disabled&quot;: false
        },
        &quot;actionName&quot;: &quot;Edit&quot;
      },
      {
        &quot;routePath&quot;: null,
        &quot;iconName&quot;: null,
        &quot;controllerName&quot;: &quot;Customer&quot;,
        &quot;name&quot;: &quot;Customer RemoteSearchForCustomer&quot;,
        &quot;displayOrder&quot;: 0,
        &quot;description&quot;: null,
        &quot;id&quot;: &quot;6c5194cb-40ed-4c65-81e7-b8588de65998&quot;,
        &quot;isMenu&quot;: false,
        &quot;key&quot;: &quot;Customer.RemoteSearchForCustomer&quot;,
        &quot;parentId&quot;: &quot;07b60a01-5846-422c-b1c6-1c7a382dbd0e&quot;,
        &quot;unAuthorizedProps&quot;: {
          &quot;visible&quot;: false,
          &quot;disabled&quot;: false
        },
        &quot;actionName&quot;: &quot;RemoteSearchForCustomer&quot;
      },
      {
        &quot;routePath&quot;: null,
        &quot;iconName&quot;: null,
        &quot;controllerName&quot;: &quot;Campaign&quot;,
        &quot;name&quot;: &quot;Campaign Upload Picture&quot;,
        &quot;displayOrder&quot;: 0,
        &quot;description&quot;: null,
        &quot;id&quot;: &quot;939d1f32-170d-4457-ba5b-9e7963a1f44d&quot;,
        &quot;isMenu&quot;: false,
        &quot;key&quot;: &quot;Campaign.UploadCampaignPicture&quot;,
        &quot;parentId&quot;: &quot;fd2f794b-65fb-4da6-9bdb-835c466e4321&quot;,
        &quot;unAuthorizedProps&quot;: {
          &quot;visible&quot;: false,
          &quot;disabled&quot;: false
        },
        &quot;actionName&quot;: &quot;UploadCampaignPicture&quot;
      },
      {
        &quot;routePath&quot;: null,
        &quot;iconName&quot;: null,
        &quot;controllerName&quot;: &quot;Permission&quot;,
        &quot;name&quot;: &quot;Permission Edit&quot;,
        &quot;displayOrder&quot;: 0,
        &quot;description&quot;: null,
        &quot;id&quot;: &quot;fac3a453-994e-43cc-876d-e9c0edc059aa&quot;,
        &quot;isMenu&quot;: false,
        &quot;key&quot;: &quot;Permission.Edit&quot;,
        &quot;parentId&quot;: &quot;213aad81-551b-49f7-9d15-f11f5b9e7e88&quot;,
        &quot;unAuthorizedProps&quot;: {
          &quot;visible&quot;: false,
          &quot;disabled&quot;: false
        },
        &quot;actionName&quot;: &quot;Edit&quot;
      },
      {
        &quot;routePath&quot;: null,
        &quot;iconName&quot;: null,
        &quot;controllerName&quot;: &quot;SubRegion&quot;,
        &quot;name&quot;: &quot;SubRegion Find&quot;,
        &quot;displayOrder&quot;: 0,
        &quot;description&quot;: null,
        &quot;id&quot;: &quot;c04774f1-327c-4343-b9bb-35aa8cf11007&quot;,
        &quot;isMenu&quot;: false,
        &quot;key&quot;: &quot;SubRegion.Find&quot;,
        &quot;parentId&quot;: &quot;5016a026-6957-41ab-8cda-9bd37afe0841&quot;,
        &quot;unAuthorizedProps&quot;: {
          &quot;visible&quot;: false,
          &quot;disabled&quot;: false
        },
        &quot;actionName&quot;: &quot;Find&quot;
      },
      {
        &quot;routePath&quot;: &quot;resources&quot;,
        &quot;iconName&quot;: &quot;resourceSVG&quot;,
        &quot;controllerName&quot;: &quot;LocaleResource&quot;,
        &quot;name&quot;: &quot;Resource&quot;,
        &quot;displayOrder&quot;: 910,
        &quot;description&quot;: null,
        &quot;id&quot;: &quot;4c1a6c0d-765c-444a-b7c8-49e99f61d47b&quot;,
        &quot;isMenu&quot;: true,
        &quot;key&quot;: &quot;LocaleResource.Index&quot;,
        &quot;parentId&quot;: &quot;8f4ea0ae-2382-4769-8584-5f2f2b1520c8&quot;,
        &quot;unAuthorizedProps&quot;: {
          &quot;visible&quot;: false,
          &quot;disabled&quot;: false
        },
        &quot;actionName&quot;: &quot;Index&quot;
      },
      {
        &quot;routePath&quot;: null,
        &quot;iconName&quot;: &quot;blackListSVG&quot;,
        &quot;controllerName&quot;: &quot;BlackList&quot;,
        &quot;name&quot;: &quot;Black List List&quot;,
        &quot;displayOrder&quot;: 0,
        &quot;description&quot;: null,
        &quot;id&quot;: &quot;96f6bf8e-c5b2-46ee-ade0-f00025140813&quot;,
        &quot;isMenu&quot;: false,
        &quot;key&quot;: &quot;BlackList.List&quot;,
        &quot;parentId&quot;: &quot;d273c43d-77c8-4b88-8d35-9ec20a90bd11&quot;,
        &quot;unAuthorizedProps&quot;: {
          &quot;visible&quot;: false,
          &quot;disabled&quot;: false
        },
        &quot;actionName&quot;: &quot;List&quot;
      },
      {
        &quot;routePath&quot;: null,
        &quot;iconName&quot;: null,
        &quot;controllerName&quot;: &quot;County&quot;,
        &quot;name&quot;: &quot;County List&quot;,
        &quot;displayOrder&quot;: 0,
        &quot;description&quot;: null,
        &quot;id&quot;: &quot;b585755d-7f4f-43b0-8d1e-f2d807abcec4&quot;,
        &quot;isMenu&quot;: false,
        &quot;key&quot;: &quot;County.List&quot;,
        &quot;parentId&quot;: &quot;28a7ee86-bfd8-408f-97d3-82a96e1cbcc6&quot;,
        &quot;unAuthorizedProps&quot;: {
          &quot;visible&quot;: false,
          &quot;disabled&quot;: false
        },
        &quot;actionName&quot;: &quot;List&quot;
      },
      {
        &quot;routePath&quot;: null,
        &quot;iconName&quot;: null,
        &quot;controllerName&quot;: &quot;LocaleResource&quot;,
        &quot;name&quot;: &quot;LocaleResource Find&quot;,
        &quot;displayOrder&quot;: 0,
        &quot;description&quot;: null,
        &quot;id&quot;: &quot;8a3bd0e4-9a78-449b-bf34-61a097848b9b&quot;,
        &quot;isMenu&quot;: false,
        &quot;key&quot;: &quot;LocaleResource.Find&quot;,
        &quot;parentId&quot;: &quot;4c1a6c0d-765c-444a-b7c8-49e99f61d47b&quot;,
        &quot;unAuthorizedProps&quot;: {
          &quot;visible&quot;: false,
          &quot;disabled&quot;: false
        },
        &quot;actionName&quot;: &quot;Find&quot;
      },
      {
        &quot;routePath&quot;: null,
        &quot;iconName&quot;: null,
        &quot;controllerName&quot;: &quot;ServiceArea&quot;,
        &quot;name&quot;: &quot;ServiceArea Delete&quot;,
        &quot;displayOrder&quot;: 0,
        &quot;description&quot;: null,
        &quot;id&quot;: &quot;aa63520c-b6b3-4475-8516-d9ed4e71ae82&quot;,
        &quot;isMenu&quot;: false,
        &quot;key&quot;: &quot;ServiceArea.Delete&quot;,
        &quot;parentId&quot;: &quot;6510260c-2670-4f71-96ed-8f12986fb9cf&quot;,
        &quot;unAuthorizedProps&quot;: {
          &quot;visible&quot;: false,
          &quot;disabled&quot;: false
        },
        &quot;actionName&quot;: &quot;Delete&quot;
      },
      {
        &quot;routePath&quot;: null,
        &quot;iconName&quot;: null,
        &quot;controllerName&quot;: &quot;Permission&quot;,
        &quot;name&quot;: &quot;Permission Delete&quot;,
        &quot;displayOrder&quot;: 0,
        &quot;description&quot;: null,
        &quot;id&quot;: &quot;acdf48fe-e099-4a8c-a80c-75a3bfe58940&quot;,
        &quot;isMenu&quot;: false,
        &quot;key&quot;: &quot;Permission.Delete&quot;,
        &quot;parentId&quot;: &quot;213aad81-551b-49f7-9d15-f11f5b9e7e88&quot;,
        &quot;unAuthorizedProps&quot;: {
          &quot;visible&quot;: false,
          &quot;disabled&quot;: false
        },
        &quot;actionName&quot;: &quot;Delete&quot;
      },
      {
        &quot;routePath&quot;: &quot;tech-support&quot;,
        &quot;iconName&quot;: &quot;supportSVG&quot;,
        &quot;controllerName&quot;: &quot;Tech&quot;,
        &quot;name&quot;: &quot;Tech Support&quot;,
        &quot;displayOrder&quot;: 1000,
        &quot;description&quot;: null,
        &quot;id&quot;: &quot;7c8e8441-579f-4552-a9f8-b6d5a9f1df3c&quot;,
        &quot;isMenu&quot;: true,
        &quot;key&quot;: &quot;Tech.Support&quot;,
        &quot;parentId&quot;: &quot;5b7cb896-ff20-4798-8468-df6c7f3be073&quot;,
        &quot;unAuthorizedProps&quot;: {
          &quot;visible&quot;: false,
          &quot;disabled&quot;: false
        },
        &quot;actionName&quot;: &quot;Support&quot;
      },
      {
        &quot;routePath&quot;: null,
        &quot;iconName&quot;: null,
        &quot;controllerName&quot;: &quot;Region&quot;,
        &quot;name&quot;: &quot;Region Find&quot;,
        &quot;displayOrder&quot;: 0,
        &quot;description&quot;: null,
        &quot;id&quot;: &quot;373140df-79dd-4adc-b233-0d8f50f44dda&quot;,
        &quot;isMenu&quot;: false,
        &quot;key&quot;: &quot;Region.Find&quot;,
        &quot;parentId&quot;: &quot;636ed702-38d2-4f20-967d-54564a31315f&quot;,
        &quot;unAuthorizedProps&quot;: {
          &quot;visible&quot;: false,
          &quot;disabled&quot;: false
        },
        &quot;actionName&quot;: &quot;Find&quot;
      },
      {
        &quot;routePath&quot;: null,
        &quot;iconName&quot;: null,
        &quot;controllerName&quot;: &quot;County&quot;,
        &quot;name&quot;: &quot;County Delete&quot;,
        &quot;displayOrder&quot;: 0,
        &quot;description&quot;: null,
        &quot;id&quot;: &quot;b359ba12-bf6f-4788-9f9a-c8fd1798258b&quot;,
        &quot;isMenu&quot;: false,
        &quot;key&quot;: &quot;County.Delete&quot;,
        &quot;parentId&quot;: &quot;28a7ee86-bfd8-408f-97d3-82a96e1cbcc6&quot;,
        &quot;unAuthorizedProps&quot;: {
          &quot;visible&quot;: false,
          &quot;disabled&quot;: false
        },
        &quot;actionName&quot;: &quot;Delete&quot;
      },
      {
        &quot;routePath&quot;: null,
        &quot;iconName&quot;: null,
        &quot;controllerName&quot;: &quot;LocaleResource&quot;,
        &quot;name&quot;: &quot;LocaleResource Edit&quot;,
        &quot;displayOrder&quot;: 0,
        &quot;description&quot;: null,
        &quot;id&quot;: &quot;577e23af-d37c-4a77-bb18-40d89a3f6d66&quot;,
        &quot;isMenu&quot;: false,
        &quot;key&quot;: &quot;LocaleResource.Edit&quot;,
        &quot;parentId&quot;: &quot;4c1a6c0d-765c-444a-b7c8-49e99f61d47b&quot;,
        &quot;unAuthorizedProps&quot;: {
          &quot;visible&quot;: false,
          &quot;disabled&quot;: false
        },
        &quot;actionName&quot;: &quot;Edit&quot;
      },
      {
        &quot;routePath&quot;: &quot;map&quot;,
        &quot;iconName&quot;: &quot;mapSVG&quot;,
        &quot;controllerName&quot;: &quot;Admin&quot;,
        &quot;name&quot;: &quot;Map&quot;,
        &quot;displayOrder&quot;: 200,
        &quot;description&quot;: null,
        &quot;id&quot;: &quot;65e94cad-f24a-7d0e-3a21-de1a1e5e8765&quot;,
        &quot;isMenu&quot;: false,
        &quot;key&quot;: &quot;Admin.Map&quot;,
        &quot;parentId&quot;: null,
        &quot;unAuthorizedProps&quot;: {
          &quot;visible&quot;: false,
          &quot;disabled&quot;: false
        },
        &quot;actionName&quot;: &quot;Map&quot;
      },
      {
        &quot;routePath&quot;: null,
        &quot;iconName&quot;: null,
        &quot;controllerName&quot;: &quot;LocaleResource&quot;,
        &quot;name&quot;: &quot;LocaleResource Export&quot;,
        &quot;displayOrder&quot;: 0,
        &quot;description&quot;: null,
        &quot;id&quot;: &quot;cc2a0054-37f4-4f72-80cd-56e918590d0c&quot;,
        &quot;isMenu&quot;: false,
        &quot;key&quot;: &quot;LocaleResource.Export&quot;,
        &quot;parentId&quot;: &quot;4c1a6c0d-765c-444a-b7c8-49e99f61d47b&quot;,
        &quot;unAuthorizedProps&quot;: {
          &quot;visible&quot;: false,
          &quot;disabled&quot;: false
        },
        &quot;actionName&quot;: &quot;Export&quot;
      },
      {
        &quot;routePath&quot;: null,
        &quot;iconName&quot;: &quot;RemoteSearchForProductName&quot;,
        &quot;controllerName&quot;: &quot;Product&quot;,
        &quot;name&quot;: &quot;Product RemoteSearchForProductName&quot;,
        &quot;displayOrder&quot;: 0,
        &quot;description&quot;: null,
        &quot;id&quot;: &quot;5f84cdde-5800-48ce-b690-86628a41f98c&quot;,
        &quot;isMenu&quot;: false,
        &quot;key&quot;: &quot;Product.RemoteSearchForProductName&quot;,
        &quot;parentId&quot;: &quot;1858607f-58c2-4c69-8078-f2756c5ca81e&quot;,
        &quot;unAuthorizedProps&quot;: {
          &quot;visible&quot;: false,
          &quot;disabled&quot;: false
        },
        &quot;actionName&quot;: &quot;RemoteSearchForProductName&quot;
      },
      {
        &quot;routePath&quot;: &quot;&quot;,
        &quot;iconName&quot;: &quot;usersSVG&quot;,
        &quot;controllerName&quot;: &quot;User&quot;,
        &quot;name&quot;: &quot;Users&quot;,
        &quot;displayOrder&quot;: 600,
        &quot;description&quot;: null,
        &quot;id&quot;: &quot;8b04f24a-f777-5455-9d4b-5d32257d3d62&quot;,
        &quot;isMenu&quot;: true,
        &quot;key&quot;: &quot;User.Index&quot;,
        &quot;parentId&quot;: null,
        &quot;unAuthorizedProps&quot;: {
          &quot;visible&quot;: false,
          &quot;disabled&quot;: false
        },
        &quot;actionName&quot;: &quot;Index&quot;
      },
      {
        &quot;routePath&quot;: &quot;productmanagement&quot;,
        &quot;iconName&quot;: &quot;productSVG&quot;,
        &quot;controllerName&quot;: &quot;Product&quot;,
        &quot;name&quot;: &quot;Feature Ideation&quot;,
        &quot;displayOrder&quot;: 999,
        &quot;description&quot;: null,
        &quot;id&quot;: &quot;0d5f6f26-1114-4503-95da-fff6063915b6&quot;,
        &quot;isMenu&quot;: true,
        &quot;key&quot;: &quot;Product.Management&quot;,
        &quot;parentId&quot;: &quot;5b7cb896-ff20-4798-8468-df6c7f3be073&quot;,
        &quot;unAuthorizedProps&quot;: {
          &quot;visible&quot;: false,
          &quot;disabled&quot;: false
        },
        &quot;actionName&quot;: &quot;Management&quot;
      },
      {
        &quot;routePath&quot;: null,
        &quot;iconName&quot;: null,
        &quot;controllerName&quot;: &quot;Category&quot;,
        &quot;name&quot;: &quot;Category GetCategoryByParent&quot;,
        &quot;displayOrder&quot;: 0,
        &quot;description&quot;: null,
        &quot;id&quot;: &quot;5d731e1f-4111-4737-a729-9d476ac966a5&quot;,
        &quot;isMenu&quot;: false,
        &quot;key&quot;: &quot;Category.GetCategoryByParent&quot;,
        &quot;parentId&quot;: &quot;9bbddb67-d7f2-44d3-8d09-6bd04f8b6f79&quot;,
        &quot;unAuthorizedProps&quot;: {
          &quot;visible&quot;: false,
          &quot;disabled&quot;: false
        },
        &quot;actionName&quot;: &quot;GetCategoryByParent&quot;
      },
      {
        &quot;routePath&quot;: null,
        &quot;iconName&quot;: null,
        &quot;controllerName&quot;: &quot;Customer&quot;,
        &quot;name&quot;: &quot;Customer List&quot;,
        &quot;displayOrder&quot;: 0,
        &quot;description&quot;: null,
        &quot;id&quot;: &quot;bbe76549-965a-45b4-9680-86bac515fc1b&quot;,
        &quot;isMenu&quot;: false,
        &quot;key&quot;: &quot;Customer.List&quot;,
        &quot;parentId&quot;: &quot;07b60a01-5846-422c-b1c6-1c7a382dbd0e&quot;,
        &quot;unAuthorizedProps&quot;: {
          &quot;visible&quot;: false,
          &quot;disabled&quot;: false
        },
        &quot;actionName&quot;: &quot;List&quot;
      },
      {
        &quot;routePath&quot;: &quot;settings&quot;,
        &quot;iconName&quot;: &quot;settingsSVG&quot;,
        &quot;controllerName&quot;: &quot;Setting&quot;,
        &quot;name&quot;: &quot;Settings&quot;,
        &quot;displayOrder&quot;: 1000,
        &quot;description&quot;: null,
        &quot;id&quot;: &quot;ccc7592a-301d-4d63-aa26-09e92194ca01&quot;,
        &quot;isMenu&quot;: true,
        &quot;key&quot;: &quot;Setting.Index&quot;,
        &quot;parentId&quot;: null,
        &quot;unAuthorizedProps&quot;: {
          &quot;visible&quot;: false,
          &quot;disabled&quot;: false
        },
        &quot;actionName&quot;: &quot;Index&quot;
      },
      {
        &quot;routePath&quot;: null,
        &quot;iconName&quot;: null,
        &quot;controllerName&quot;: &quot;LocaleResource&quot;,
        &quot;name&quot;: &quot;LocaleResource Index&quot;,
        &quot;displayOrder&quot;: 0,
        &quot;description&quot;: &quot;LocaleResource Index &quot;,
        &quot;id&quot;: &quot;b88d0e35-5b99-4daf-9c2f-ff36aab9197e&quot;,
        &quot;isMenu&quot;: false,
        &quot;key&quot;: &quot;LocaleResource.Index&quot;,
        &quot;parentId&quot;: &quot;4c1a6c0d-765c-444a-b7c8-49e99f61d47b&quot;,
        &quot;unAuthorizedProps&quot;: {
          &quot;visible&quot;: false,
          &quot;disabled&quot;: false
        },
        &quot;actionName&quot;: &quot;Index&quot;
      },
      {
        &quot;routePath&quot;: null,
        &quot;iconName&quot;: null,
        &quot;controllerName&quot;: &quot;Warehouse&quot;,
        &quot;name&quot;: &quot;Warehouse EditWarehouseState&quot;,
        &quot;displayOrder&quot;: 0,
        &quot;description&quot;: null,
        &quot;id&quot;: &quot;fb7d3fd3-e816-4921-98ae-178c750b951a&quot;,
        &quot;isMenu&quot;: false,
        &quot;key&quot;: &quot;Warehouse.EditWarehouseState&quot;,
        &quot;parentId&quot;: &quot;7a99d565-0e98-95af-19bd-814011ea2417&quot;,
        &quot;unAuthorizedProps&quot;: {
          &quot;visible&quot;: false,
          &quot;disabled&quot;: false
        },
        &quot;actionName&quot;: &quot;EditWarehouseState&quot;
      },
      {
        &quot;routePath&quot;: &quot;vehicles&quot;,
        &quot;iconName&quot;: &quot;vehicleSVG&quot;,
        &quot;controllerName&quot;: &quot;Vehicle&quot;,
        &quot;name&quot;: &quot;Vehicles&quot;,
        &quot;displayOrder&quot;: 900,
        &quot;description&quot;: null,
        &quot;id&quot;: &quot;27436094-fc09-48ea-ae79-8ea2b4517866&quot;,
        &quot;isMenu&quot;: false,
        &quot;key&quot;: &quot;Vehicle.Index&quot;,
        &quot;parentId&quot;: null,
        &quot;unAuthorizedProps&quot;: {
          &quot;visible&quot;: false,
          &quot;disabled&quot;: false
        },
        &quot;actionName&quot;: &quot;Index&quot;
      },
      {
        &quot;routePath&quot;: null,
        &quot;iconName&quot;: null,
        &quot;controllerName&quot;: &quot;Warehouse&quot;,
        &quot;name&quot;: &quot;Warehouse List&quot;,
        &quot;displayOrder&quot;: 0,
        &quot;description&quot;: null,
        &quot;id&quot;: &quot;ac3e564a-4cc4-453d-8938-2563ef62921f&quot;,
        &quot;isMenu&quot;: false,
        &quot;key&quot;: &quot;Warehouse.List&quot;,
        &quot;parentId&quot;: &quot;7a99d565-0e98-95af-19bd-814011ea2417&quot;,
        &quot;unAuthorizedProps&quot;: {
          &quot;visible&quot;: false,
          &quot;disabled&quot;: false
        },
        &quot;actionName&quot;: &quot;List&quot;
      },
      {
        &quot;routePath&quot;: null,
        &quot;iconName&quot;: null,
        &quot;controllerName&quot;: &quot;CouponCode&quot;,
        &quot;name&quot;: &quot;CouponCode&quot;,
        &quot;displayOrder&quot;: 0,
        &quot;description&quot;: null,
        &quot;id&quot;: &quot;5aaef586-e311-4265-a241-6eb9758d6541&quot;,
        &quot;isMenu&quot;: false,
        &quot;key&quot;: &quot;CouponCode.ListForFilter&quot;,
        &quot;parentId&quot;: null,
        &quot;unAuthorizedProps&quot;: {
          &quot;visible&quot;: false,
          &quot;disabled&quot;: false
        },
        &quot;actionName&quot;: &quot;ListForFilter&quot;
      },
      {
        &quot;routePath&quot;: null,
        &quot;iconName&quot;: null,
        &quot;controllerName&quot;: &quot;State&quot;,
        &quot;name&quot;: &quot;State Edit&quot;,
        &quot;displayOrder&quot;: 0,
        &quot;description&quot;: null,
        &quot;id&quot;: &quot;581b4c8a-cce8-447b-98b5-1f29f9aae457&quot;,
        &quot;isMenu&quot;: false,
        &quot;key&quot;: &quot;State.Edit&quot;,
        &quot;parentId&quot;: &quot;4842baa6-3b5e-40d1-ba2c-aa896962f8a7&quot;,
        &quot;unAuthorizedProps&quot;: {
          &quot;visible&quot;: false,
          &quot;disabled&quot;: false
        },
        &quot;actionName&quot;: &quot;Edit&quot;
      },
      {
        &quot;routePath&quot;: null,
        &quot;iconName&quot;: null,
        &quot;controllerName&quot;: &quot;Country&quot;,
        &quot;name&quot;: &quot;Country Edit&quot;,
        &quot;displayOrder&quot;: 0,
        &quot;description&quot;: null,
        &quot;id&quot;: &quot;117355ed-1004-4b13-beb3-2ee0056892f1&quot;,
        &quot;isMenu&quot;: false,
        &quot;key&quot;: &quot;Country.Edit&quot;,
        &quot;parentId&quot;: &quot;9c15db73-badc-4894-ab1b-d8261bac91c2&quot;,
        &quot;unAuthorizedProps&quot;: {
          &quot;visible&quot;: false,
          &quot;disabled&quot;: false
        },
        &quot;actionName&quot;: &quot;Edit&quot;
      },
      {
        &quot;routePath&quot;: &quot;geo-areas&quot;,
        &quot;iconName&quot;: &quot;geo-areasSVG&quot;,
        &quot;controllerName&quot;: &quot;GeoArea&quot;,
        &quot;name&quot;: &quot;Geo Areas&quot;,
        &quot;displayOrder&quot;: 400,
        &quot;description&quot;: null,
        &quot;id&quot;: &quot;596bb8e1-9705-be47-b70e-e0cb48edc078&quot;,
        &quot;isMenu&quot;: true,
        &quot;key&quot;: &quot;GeoArea.Index&quot;,
        &quot;parentId&quot;: null,
        &quot;unAuthorizedProps&quot;: {
          &quot;visible&quot;: false,
          &quot;disabled&quot;: false
        },
        &quot;actionName&quot;: &quot;Index&quot;
      },
      {
        &quot;routePath&quot;: null,
        &quot;iconName&quot;: null,
        &quot;controllerName&quot;: &quot;Role&quot;,
        &quot;name&quot;: &quot;Role List&quot;,
        &quot;displayOrder&quot;: 0,
        &quot;description&quot;: null,
        &quot;id&quot;: &quot;ed6b7f77-7b07-4fdd-b4eb-5dc72ed21a53&quot;,
        &quot;isMenu&quot;: false,
        &quot;key&quot;: &quot;Role.List&quot;,
        &quot;parentId&quot;: &quot;e98d2f21-52f8-41cb-9b3f-fe979b5f0578&quot;,
        &quot;unAuthorizedProps&quot;: {
          &quot;visible&quot;: false,
          &quot;disabled&quot;: false
        },
        &quot;actionName&quot;: &quot;List&quot;
      },
      {
        &quot;routePath&quot;: null,
        &quot;iconName&quot;: null,
        &quot;controllerName&quot;: &quot;Warehouse&quot;,
        &quot;name&quot;: &quot;Warehouse ListBasic&quot;,
        &quot;displayOrder&quot;: 0,
        &quot;description&quot;: null,
        &quot;id&quot;: &quot;3cd0e960-08c5-488e-82bf-e81eb0481924&quot;,
        &quot;isMenu&quot;: false,
        &quot;key&quot;: &quot;Warehouse.ListBasic&quot;,
        &quot;parentId&quot;: &quot;7a99d565-0e98-95af-19bd-814011ea2417&quot;,
        &quot;unAuthorizedProps&quot;: {
          &quot;visible&quot;: false,
          &quot;disabled&quot;: false
        },
        &quot;actionName&quot;: &quot;ListBasic&quot;
      },
      {
        &quot;routePath&quot;: null,
        &quot;iconName&quot;: null,
        &quot;controllerName&quot;: &quot;Address&quot;,
        &quot;name&quot;: &quot;Address Edit&quot;,
        &quot;displayOrder&quot;: 0,
        &quot;description&quot;: null,
        &quot;id&quot;: &quot;3e821719-5809-4a64-979f-9f373f2510d4&quot;,
        &quot;isMenu&quot;: false,
        &quot;key&quot;: &quot;Address.Edit&quot;,
        &quot;parentId&quot;: &quot;c3c514ef-1964-4c94-b13a-8bdd83a5b1cb&quot;,
        &quot;unAuthorizedProps&quot;: {
          &quot;visible&quot;: false,
          &quot;disabled&quot;: false
        },
        &quot;actionName&quot;: &quot;Edit&quot;
      },
      {
        &quot;routePath&quot;: null,
        &quot;iconName&quot;: null,
        &quot;controllerName&quot;: &quot;ServiceArea&quot;,
        &quot;name&quot;: &quot;ServiceArea Create&quot;,
        &quot;displayOrder&quot;: 0,
        &quot;description&quot;: null,
        &quot;id&quot;: &quot;20738cab-a928-4c12-9a39-29eeaf60713a&quot;,
        &quot;isMenu&quot;: false,
        &quot;key&quot;: &quot;ServiceArea.Create&quot;,
        &quot;parentId&quot;: &quot;6510260c-2670-4f71-96ed-8f12986fb9cf&quot;,
        &quot;unAuthorizedProps&quot;: {
          &quot;visible&quot;: false,
          &quot;disabled&quot;: false
        },
        &quot;actionName&quot;: &quot;Create&quot;
      },
      {
        &quot;routePath&quot;: null,
        &quot;iconName&quot;: null,
        &quot;controllerName&quot;: &quot;Setting&quot;,
        &quot;name&quot;: &quot;Setting Find&quot;,
        &quot;displayOrder&quot;: 0,
        &quot;description&quot;: null,
        &quot;id&quot;: &quot;e57a84a5-6d3e-4513-82cd-1ec64740178b&quot;,
        &quot;isMenu&quot;: false,
        &quot;key&quot;: &quot;Setting.Find&quot;,
        &quot;parentId&quot;: &quot;ccc7592a-301d-4d63-aa26-09e92194ca01&quot;,
        &quot;unAuthorizedProps&quot;: {
          &quot;visible&quot;: false,
          &quot;disabled&quot;: false
        },
        &quot;actionName&quot;: &quot;Find&quot;
      },
      {
        &quot;routePath&quot;: null,
        &quot;iconName&quot;: null,
        &quot;controllerName&quot;: &quot;SubRegion&quot;,
        &quot;name&quot;: &quot;SubRegion Edit&quot;,
        &quot;displayOrder&quot;: 0,
        &quot;description&quot;: null,
        &quot;id&quot;: &quot;befec01d-311a-4d58-8875-390d7c5143ab&quot;,
        &quot;isMenu&quot;: false,
        &quot;key&quot;: &quot;SubRegion.Edit&quot;,
        &quot;parentId&quot;: &quot;5016a026-6957-41ab-8cda-9bd37afe0841&quot;,
        &quot;unAuthorizedProps&quot;: {
          &quot;visible&quot;: false,
          &quot;disabled&quot;: false
        },
        &quot;actionName&quot;: &quot;Edit&quot;
      },
      {
        &quot;routePath&quot;: null,
        &quot;iconName&quot;: null,
        &quot;controllerName&quot;: &quot;State&quot;,
        &quot;name&quot;: &quot;State Create&quot;,
        &quot;displayOrder&quot;: 0,
        &quot;description&quot;: null,
        &quot;id&quot;: &quot;88690c06-a8b6-4e95-a176-3963af2d2b79&quot;,
        &quot;isMenu&quot;: false,
        &quot;key&quot;: &quot;State.Create&quot;,
        &quot;parentId&quot;: &quot;4842baa6-3b5e-40d1-ba2c-aa896962f8a7&quot;,
        &quot;unAuthorizedProps&quot;: {
          &quot;visible&quot;: false,
          &quot;disabled&quot;: false
        },
        &quot;actionName&quot;: &quot;Create&quot;
      },
      {
        &quot;routePath&quot;: null,
        &quot;iconName&quot;: null,
        &quot;controllerName&quot;: &quot;LocaleResource&quot;,
        &quot;name&quot;: &quot;LocaleResource Import&quot;,
        &quot;displayOrder&quot;: 0,
        &quot;description&quot;: null,
        &quot;id&quot;: &quot;a0f85551-79e4-4fd8-b9dc-7b4e0bd3f3d9&quot;,
        &quot;isMenu&quot;: false,
        &quot;key&quot;: &quot;LocaleResource.Import&quot;,
        &quot;parentId&quot;: &quot;4c1a6c0d-765c-444a-b7c8-49e99f61d47b&quot;,
        &quot;unAuthorizedProps&quot;: {
          &quot;visible&quot;: false,
          &quot;disabled&quot;: false
        },
        &quot;actionName&quot;: &quot;Import&quot;
      },
      {
        &quot;routePath&quot;: null,
        &quot;iconName&quot;: null,
        &quot;controllerName&quot;: &quot;Country&quot;,
        &quot;name&quot;: &quot;Country Create&quot;,
        &quot;displayOrder&quot;: 0,
        &quot;description&quot;: null,
        &quot;id&quot;: &quot;b4e4f143-cdff-4839-a5db-7379c79b2cc1&quot;,
        &quot;isMenu&quot;: false,
        &quot;key&quot;: &quot;Country.Create&quot;,
        &quot;parentId&quot;: &quot;9c15db73-badc-4894-ab1b-d8261bac91c2&quot;,
        &quot;unAuthorizedProps&quot;: {
          &quot;visible&quot;: false,
          &quot;disabled&quot;: false
        },
        &quot;actionName&quot;: &quot;Create&quot;
      },
      {
        &quot;routePath&quot;: null,
        &quot;iconName&quot;: null,
        &quot;controllerName&quot;: &quot;Warehouse&quot;,
        &quot;name&quot;: &quot;Warehouse Delete&quot;,
        &quot;displayOrder&quot;: 0,
        &quot;description&quot;: null,
        &quot;id&quot;: &quot;dbc3a8dd-ea84-4a11-bbfe-02a476211462&quot;,
        &quot;isMenu&quot;: false,
        &quot;key&quot;: &quot;Warehouse.Delete&quot;,
        &quot;parentId&quot;: &quot;7a99d565-0e98-95af-19bd-814011ea2417&quot;,
        &quot;unAuthorizedProps&quot;: {
          &quot;visible&quot;: false,
          &quot;disabled&quot;: false
        },
        &quot;actionName&quot;: &quot;Delete&quot;
      },
      {
        &quot;routePath&quot;: &quot;blacklist&quot;,
        &quot;iconName&quot;: &quot;blackListSVG&quot;,
        &quot;controllerName&quot;: &quot;BlackList&quot;,
        &quot;name&quot;: &quot;Black List&quot;,
        &quot;displayOrder&quot;: 0,
        &quot;description&quot;: null,
        &quot;id&quot;: &quot;d273c43d-77c8-4b88-8d35-9ec20a90bd11&quot;,
        &quot;isMenu&quot;: false,
        &quot;key&quot;: &quot;BlackList.Index&quot;,
        &quot;parentId&quot;: &quot;8b04f24a-f777-5455-9d4b-5d32257d3d62&quot;,
        &quot;unAuthorizedProps&quot;: {
          &quot;visible&quot;: false,
          &quot;disabled&quot;: false
        },
        &quot;actionName&quot;: &quot;Index&quot;
      },
      {
        &quot;routePath&quot;: null,
        &quot;iconName&quot;: &quot;control&quot;,
        &quot;controllerName&quot;: &quot;DriverApp&quot;,
        &quot;name&quot;: &quot;Control&quot;,
        &quot;displayOrder&quot;: 0,
        &quot;description&quot;: &quot;&quot;,
        &quot;id&quot;: &quot;ac0083c7-bd11-4d5a-88bd-5fdfd029d71d&quot;,
        &quot;isMenu&quot;: true,
        &quot;key&quot;: &quot;DriverApp.Control&quot;,
        &quot;parentId&quot;: &quot;673cefc5-8638-47b5-9440-8f3fa459f0b1&quot;,
        &quot;unAuthorizedProps&quot;: {
          &quot;visible&quot;: false,
          &quot;disabled&quot;: false
        },
        &quot;actionName&quot;: &quot;Control&quot;
      },
      {
        &quot;routePath&quot;: null,
        &quot;iconName&quot;: null,
        &quot;controllerName&quot;: &quot;Permission&quot;,
        &quot;name&quot;: &quot;Permission Tree&quot;,
        &quot;displayOrder&quot;: 0,
        &quot;description&quot;: null,
        &quot;id&quot;: &quot;31bf9d11-e13f-483c-835e-c0507f1c001b&quot;,
        &quot;isMenu&quot;: false,
        &quot;key&quot;: &quot;Permission.PermissionTree&quot;,
        &quot;parentId&quot;: &quot;213aad81-551b-49f7-9d15-f11f5b9e7e88&quot;,
        &quot;unAuthorizedProps&quot;: {
          &quot;visible&quot;: false,
          &quot;disabled&quot;: false
        },
        &quot;actionName&quot;: &quot;PermissionTree&quot;
      },
      {
        &quot;routePath&quot;: &quot;dashboards&quot;,
        &quot;iconName&quot;: &quot;dashboardSVG&quot;,
        &quot;controllerName&quot;: &quot;Dashboard&quot;,
        &quot;name&quot;: &quot;Analytics&quot;,
        &quot;displayOrder&quot;: 300,
        &quot;description&quot;: &quot;Analytics&quot;,
        &quot;id&quot;: &quot;9160e49e-2340-41fd-aee7-f00fb79cca35&quot;,
        &quot;isMenu&quot;: false,
        &quot;key&quot;: &quot;Dashboard.GetDashboardIframe&quot;,
        &quot;parentId&quot;: null,
        &quot;unAuthorizedProps&quot;: {
          &quot;visible&quot;: false,
          &quot;disabled&quot;: false
        },
        &quot;actionName&quot;: &quot;GetDashboardIframe&quot;
      },
      {
        &quot;routePath&quot;: null,
        &quot;iconName&quot;: null,
        &quot;controllerName&quot;: &quot;Customer&quot;,
        &quot;name&quot;: &quot;Customer Find&quot;,
        &quot;displayOrder&quot;: 0,
        &quot;description&quot;: null,
        &quot;id&quot;: &quot;7e69895f-a4fe-470b-9dbd-3902631c5978&quot;,
        &quot;isMenu&quot;: false,
        &quot;key&quot;: &quot;Customer.Find&quot;,
        &quot;parentId&quot;: &quot;07b60a01-5846-422c-b1c6-1c7a382dbd0e&quot;,
        &quot;unAuthorizedProps&quot;: {
          &quot;visible&quot;: false,
          &quot;disabled&quot;: false
        },
        &quot;actionName&quot;: &quot;Find&quot;
      },
      {
        &quot;routePath&quot;: null,
        &quot;iconName&quot;: null,
        &quot;controllerName&quot;: &quot;Order&quot;,
        &quot;name&quot;: &quot;Order List&quot;,
        &quot;displayOrder&quot;: 0,
        &quot;description&quot;: null,
        &quot;id&quot;: &quot;68267f89-edc4-4c6b-a72b-06381cf0e532&quot;,
        &quot;isMenu&quot;: false,
        &quot;key&quot;: &quot;Order.List&quot;,
        &quot;parentId&quot;: &quot;872b9f8c-c48d-dfeb-de32-1be0c3c38dbb&quot;,
        &quot;unAuthorizedProps&quot;: {
          &quot;visible&quot;: false,
          &quot;disabled&quot;: false
        },
        &quot;actionName&quot;: &quot;List&quot;
      },
      {
        &quot;routePath&quot;: &quot;&quot;,
        &quot;iconName&quot;: &quot;ordersSVG&quot;,
        &quot;controllerName&quot;: &quot;Order&quot;,
        &quot;name&quot;: &quot;Orders&quot;,
        &quot;displayOrder&quot;: 100,
        &quot;description&quot;: null,
        &quot;id&quot;: &quot;872b9f8c-c48d-dfeb-de32-1be0c3c38dbb&quot;,
        &quot;isMenu&quot;: true,
        &quot;key&quot;: &quot;Order.Index&quot;,
        &quot;parentId&quot;: null,
        &quot;unAuthorizedProps&quot;: {
          &quot;visible&quot;: false,
          &quot;disabled&quot;: false
        },
        &quot;actionName&quot;: &quot;Index&quot;
      },
      {
        &quot;routePath&quot;: null,
        &quot;iconName&quot;: null,
        &quot;controllerName&quot;: &quot;Order&quot;,
        &quot;name&quot;: &quot;Order ReportOrderItem&quot;,
        &quot;displayOrder&quot;: 0,
        &quot;description&quot;: null,
        &quot;id&quot;: &quot;fc541f93-e00d-4204-bc10-21a8c66281d9&quot;,
        &quot;isMenu&quot;: false,
        &quot;key&quot;: &quot;Order.ReportOrderItem&quot;,
        &quot;parentId&quot;: &quot;872b9f8c-c48d-dfeb-de32-1be0c3c38dbb&quot;,
        &quot;unAuthorizedProps&quot;: {
          &quot;visible&quot;: false,
          &quot;disabled&quot;: false
        },
        &quot;actionName&quot;: &quot;ReportOrderItem&quot;
      },
      {
        &quot;routePath&quot;: null,
        &quot;iconName&quot;: null,
        &quot;controllerName&quot;: &quot;Country&quot;,
        &quot;name&quot;: &quot;Country List&quot;,
        &quot;displayOrder&quot;: 0,
        &quot;description&quot;: null,
        &quot;id&quot;: &quot;965f2723-9852-432a-8811-6d549e75b51c&quot;,
        &quot;isMenu&quot;: false,
        &quot;key&quot;: &quot;Country.List&quot;,
        &quot;parentId&quot;: &quot;9c15db73-badc-4894-ab1b-d8261bac91c2&quot;,
        &quot;unAuthorizedProps&quot;: {
          &quot;visible&quot;: false,
          &quot;disabled&quot;: false
        },
        &quot;actionName&quot;: &quot;List&quot;
      },
      {
        &quot;routePath&quot;: &quot;employees&quot;,
        &quot;iconName&quot;: &quot;employeeSVG&quot;,
        &quot;controllerName&quot;: &quot;Employee&quot;,
        &quot;name&quot;: &quot;Employee&quot;,
        &quot;displayOrder&quot;: 630,
        &quot;description&quot;: null,
        &quot;id&quot;: &quot;e4a8e904-698e-4596-92c3-b40206b19179&quot;,
        &quot;isMenu&quot;: true,
        &quot;key&quot;: &quot;Employee.Index&quot;,
        &quot;parentId&quot;: &quot;8b04f24a-f777-5455-9d4b-5d32257d3d62&quot;,
        &quot;unAuthorizedProps&quot;: {
          &quot;visible&quot;: false,
          &quot;disabled&quot;: false
        },
        &quot;actionName&quot;: &quot;Index&quot;
      },
      {
        &quot;routePath&quot;: null,
        &quot;iconName&quot;: &quot;ListForFilter&quot;,
        &quot;controllerName&quot;: &quot;Product&quot;,
        &quot;name&quot;: &quot;Product ListForFilter&quot;,
        &quot;displayOrder&quot;: 0,
        &quot;description&quot;: null,
        &quot;id&quot;: &quot;3e7badfa-60f6-46f4-ab65-60c10cf0158c&quot;,
        &quot;isMenu&quot;: false,
        &quot;key&quot;: &quot;Product.ListForFilter&quot;,
        &quot;parentId&quot;: null,
        &quot;unAuthorizedProps&quot;: {
          &quot;visible&quot;: false,
          &quot;disabled&quot;: false
        },
        &quot;actionName&quot;: &quot;ListForFilter&quot;
      },
      {
        &quot;routePath&quot;: null,
        &quot;iconName&quot;: null,
        &quot;controllerName&quot;: &quot;MessageTemplate&quot;,
        &quot;name&quot;: &quot;Message Template List&quot;,
        &quot;displayOrder&quot;: 0,
        &quot;description&quot;: null,
        &quot;id&quot;: &quot;f8b8770e-d3de-4fb9-8785-c6a52f0a3f2a&quot;,
        &quot;isMenu&quot;: false,
        &quot;key&quot;: &quot;MessageTemplate.List&quot;,
        &quot;parentId&quot;: &quot;570b7634-2234-498f-939b-440805527121&quot;,
        &quot;unAuthorizedProps&quot;: {
          &quot;visible&quot;: false,
          &quot;disabled&quot;: false
        },
        &quot;actionName&quot;: &quot;List&quot;
      },
      {
        &quot;routePath&quot;: null,
        &quot;iconName&quot;: null,
        &quot;controllerName&quot;: &quot;Warehouse&quot;,
        &quot;name&quot;: &quot;Warehouse UpdateWarehouseExpectedQuantity&quot;,
        &quot;displayOrder&quot;: 0,
        &quot;description&quot;: null,
        &quot;id&quot;: &quot;cbe00097-f735-4207-bd4d-a2be0ea5dfd3&quot;,
        &quot;isMenu&quot;: false,
        &quot;key&quot;: &quot;Warehouse.UpdateWarehouseExpectedQuantity&quot;,
        &quot;parentId&quot;: &quot;7a99d565-0e98-95af-19bd-814011ea2417&quot;,
        &quot;unAuthorizedProps&quot;: {
          &quot;visible&quot;: false,
          &quot;disabled&quot;: false
        },
        &quot;actionName&quot;: &quot;UpdateWarehouseExpectedQuantity&quot;
      },
      {
        &quot;routePath&quot;: null,
        &quot;iconName&quot;: &quot;RemoteSearchForCampaignName&quot;,
        &quot;controllerName&quot;: &quot;Campaign&quot;,
        &quot;name&quot;: &quot;Campaign RemoteSearchForCampaignName&quot;,
        &quot;displayOrder&quot;: 0,
        &quot;description&quot;: null,
        &quot;id&quot;: &quot;1b2371cf-283a-412c-9305-3f8d91cd2cf3&quot;,
        &quot;isMenu&quot;: false,
        &quot;key&quot;: &quot;Campaign.RemoteSearchForCampaignName&quot;,
        &quot;parentId&quot;: &quot;fd2f794b-65fb-4da6-9bdb-835c466e4321&quot;,
        &quot;unAuthorizedProps&quot;: {
          &quot;visible&quot;: false,
          &quot;disabled&quot;: false
        },
        &quot;actionName&quot;: &quot;RemoteSearchForCampaignName&quot;
      },
      {
        &quot;routePath&quot;: null,
        &quot;iconName&quot;: null,
        &quot;controllerName&quot;: &quot;Permission&quot;,
        &quot;name&quot;: &quot;Permission Find&quot;,
        &quot;displayOrder&quot;: 0,
        &quot;description&quot;: null,
        &quot;id&quot;: &quot;b8acd1fb-bb0c-49b0-9fe2-22574379a94d&quot;,
        &quot;isMenu&quot;: false,
        &quot;key&quot;: &quot;Permission.Find&quot;,
        &quot;parentId&quot;: &quot;213aad81-551b-49f7-9d15-f11f5b9e7e88&quot;,
        &quot;unAuthorizedProps&quot;: {
          &quot;visible&quot;: false,
          &quot;disabled&quot;: false
        },
        &quot;actionName&quot;: &quot;Find&quot;
      },
      {
        &quot;routePath&quot;: null,
        &quot;iconName&quot;: null,
        &quot;controllerName&quot;: &quot;Banner&quot;,
        &quot;name&quot;: &quot;Banner Create&quot;,
        &quot;displayOrder&quot;: 0,
        &quot;description&quot;: null,
        &quot;id&quot;: &quot;ad417e90-0acf-4d46-a875-a4b641cedbde&quot;,
        &quot;isMenu&quot;: false,
        &quot;key&quot;: &quot;Banner.Create&quot;,
        &quot;parentId&quot;: &quot;d01dd410-27ab-4ca2-ad2e-06ed18197543&quot;,
        &quot;unAuthorizedProps&quot;: {
          &quot;visible&quot;: false,
          &quot;disabled&quot;: false
        },
        &quot;actionName&quot;: &quot;Create&quot;
      },
      {
        &quot;routePath&quot;: null,
        &quot;iconName&quot;: null,
        &quot;controllerName&quot;: &quot;Banner&quot;,
        &quot;name&quot;: &quot;Banner Edit&quot;,
        &quot;displayOrder&quot;: 0,
        &quot;description&quot;: null,
        &quot;id&quot;: &quot;b638b6e5-7d89-4ab4-9a4e-fe8b0df52e36&quot;,
        &quot;isMenu&quot;: false,
        &quot;key&quot;: &quot;Banner.Edit&quot;,
        &quot;parentId&quot;: &quot;d01dd410-27ab-4ca2-ad2e-06ed18197543&quot;,
        &quot;unAuthorizedProps&quot;: {
          &quot;visible&quot;: false,
          &quot;disabled&quot;: false
        },
        &quot;actionName&quot;: &quot;Edit&quot;
      },
      {
        &quot;routePath&quot;: null,
        &quot;iconName&quot;: null,
        &quot;controllerName&quot;: &quot;Category&quot;,
        &quot;name&quot;: &quot;Category Edit&quot;,
        &quot;displayOrder&quot;: 0,
        &quot;description&quot;: null,
        &quot;id&quot;: &quot;0aaf230e-5f92-4e49-b3c7-c20c9df44c82&quot;,
        &quot;isMenu&quot;: false,
        &quot;key&quot;: &quot;Category.Edit&quot;,
        &quot;parentId&quot;: &quot;9bbddb67-d7f2-44d3-8d09-6bd04f8b6f79&quot;,
        &quot;unAuthorizedProps&quot;: {
          &quot;visible&quot;: false,
          &quot;disabled&quot;: false
        },
        &quot;actionName&quot;: &quot;Edit&quot;
      },
      {
        &quot;routePath&quot;: null,
        &quot;iconName&quot;: null,
        &quot;controllerName&quot;: &quot;ZipCode&quot;,
        &quot;name&quot;: &quot;ZipCode Delete&quot;,
        &quot;displayOrder&quot;: 0,
        &quot;description&quot;: null,
        &quot;id&quot;: &quot;deba5d66-42eb-43d0-8ee0-6d15f3c4b34c&quot;,
        &quot;isMenu&quot;: false,
        &quot;key&quot;: &quot;ZipCode.Delete&quot;,
        &quot;parentId&quot;: &quot;8aa34e38-533b-4ab7-bad7-0eaa7b5dec9c&quot;,
        &quot;unAuthorizedProps&quot;: {
          &quot;visible&quot;: false,
          &quot;disabled&quot;: false
        },
        &quot;actionName&quot;: &quot;Delete&quot;
      },
      {
        &quot;routePath&quot;: null,
        &quot;iconName&quot;: null,
        &quot;controllerName&quot;: &quot;Rider&quot;,
        &quot;name&quot;: &quot;Rider Create&quot;,
        &quot;displayOrder&quot;: 0,
        &quot;description&quot;: null,
        &quot;id&quot;: &quot;84e2ed51-0787-4e21-b0cc-78397324e38f&quot;,
        &quot;isMenu&quot;: false,
        &quot;key&quot;: &quot;Rider.Create&quot;,
        &quot;parentId&quot;: &quot;1b716d9c-2bf6-4a16-9bd1-2214d14b6cc7&quot;,
        &quot;unAuthorizedProps&quot;: {
          &quot;visible&quot;: false,
          &quot;disabled&quot;: false
        },
        &quot;actionName&quot;: &quot;Create&quot;
      },
      {
        &quot;routePath&quot;: null,
        &quot;iconName&quot;: null,
        &quot;controllerName&quot;: &quot;Employee&quot;,
        &quot;name&quot;: &quot;Employee Delete&quot;,
        &quot;displayOrder&quot;: 0,
        &quot;description&quot;: null,
        &quot;id&quot;: &quot;b6a62bb2-7083-4534-91af-146ca008cb31&quot;,
        &quot;isMenu&quot;: false,
        &quot;key&quot;: &quot;Employee.Delete&quot;,
        &quot;parentId&quot;: &quot;e4a8e904-698e-4596-92c3-b40206b19179&quot;,
        &quot;unAuthorizedProps&quot;: {
          &quot;visible&quot;: false,
          &quot;disabled&quot;: false
        },
        &quot;actionName&quot;: &quot;Delete&quot;
      },
      {
        &quot;routePath&quot;: &quot;active-orders&quot;,
        &quot;iconName&quot;: &quot;activeOrderSVG&quot;,
        &quot;controllerName&quot;: &quot;Order&quot;,
        &quot;name&quot;: &quot;Active Orders&quot;,
        &quot;displayOrder&quot;: 120,
        &quot;description&quot;: null,
        &quot;id&quot;: &quot;960eff6d-a581-4a4e-991b-a0b5c9881f14&quot;,
        &quot;isMenu&quot;: true,
        &quot;key&quot;: &quot;Order.Active&quot;,
        &quot;parentId&quot;: &quot;872b9f8c-c48d-dfeb-de32-1be0c3c38dbb&quot;,
        &quot;unAuthorizedProps&quot;: {
          &quot;visible&quot;: false,
          &quot;disabled&quot;: false
        },
        &quot;actionName&quot;: &quot;Active&quot;
      },
      {
        &quot;routePath&quot;: null,
        &quot;iconName&quot;: null,
        &quot;controllerName&quot;: &quot;MessageTemplate&quot;,
        &quot;name&quot;: &quot;Message Template Edit&quot;,
        &quot;displayOrder&quot;: 0,
        &quot;description&quot;: null,
        &quot;id&quot;: &quot;3cf8a343-ba23-4210-9f73-884eb309a3b4&quot;,
        &quot;isMenu&quot;: false,
        &quot;key&quot;: &quot;MessageTemplate.Edit&quot;,
        &quot;parentId&quot;: &quot;570b7634-2234-498f-939b-440805527121&quot;,
        &quot;unAuthorizedProps&quot;: {
          &quot;visible&quot;: false,
          &quot;disabled&quot;: false
        },
        &quot;actionName&quot;: &quot;Edit&quot;
      },
      {
        &quot;routePath&quot;: null,
        &quot;iconName&quot;: null,
        &quot;controllerName&quot;: &quot;MessageTemplate&quot;,
        &quot;name&quot;: &quot;Message Template Delete&quot;,
        &quot;displayOrder&quot;: 0,
        &quot;description&quot;: null,
        &quot;id&quot;: &quot;6829e619-f27c-415b-abf5-653573cb4ed5&quot;,
        &quot;isMenu&quot;: false,
        &quot;key&quot;: &quot;MessageTemplate.Delete&quot;,
        &quot;parentId&quot;: &quot;570b7634-2234-498f-939b-440805527121&quot;,
        &quot;unAuthorizedProps&quot;: {
          &quot;visible&quot;: false,
          &quot;disabled&quot;: false
        },
        &quot;actionName&quot;: &quot;Delete&quot;
      },
      {
        &quot;routePath&quot;: null,
        &quot;iconName&quot;: null,
        &quot;controllerName&quot;: &quot;Role&quot;,
        &quot;name&quot;: &quot;Role Create&quot;,
        &quot;displayOrder&quot;: 0,
        &quot;description&quot;: null,
        &quot;id&quot;: &quot;b29c939f-9d31-4a77-ab10-43b6363c9ca7&quot;,
        &quot;isMenu&quot;: false,
        &quot;key&quot;: &quot;Role.Create&quot;,
        &quot;parentId&quot;: &quot;e98d2f21-52f8-41cb-9b3f-fe979b5f0578&quot;,
        &quot;unAuthorizedProps&quot;: {
          &quot;visible&quot;: false,
          &quot;disabled&quot;: false
        },
        &quot;actionName&quot;: &quot;Create&quot;
      },
      {
        &quot;routePath&quot;: null,
        &quot;iconName&quot;: null,
        &quot;controllerName&quot;: &quot;County&quot;,
        &quot;name&quot;: &quot;County Create&quot;,
        &quot;displayOrder&quot;: 0,
        &quot;description&quot;: null,
        &quot;id&quot;: &quot;b0718fbd-a486-4f05-9804-82c5e474efb7&quot;,
        &quot;isMenu&quot;: false,
        &quot;key&quot;: &quot;County.Create&quot;,
        &quot;parentId&quot;: &quot;28a7ee86-bfd8-408f-97d3-82a96e1cbcc6&quot;,
        &quot;unAuthorizedProps&quot;: {
          &quot;visible&quot;: false,
          &quot;disabled&quot;: false
        },
        &quot;actionName&quot;: &quot;Create&quot;
      },
      {
        &quot;routePath&quot;: null,
        &quot;iconName&quot;: null,
        &quot;controllerName&quot;: &quot;Language&quot;,
        &quot;name&quot;: &quot;Language Edit&quot;,
        &quot;displayOrder&quot;: 0,
        &quot;description&quot;: null,
        &quot;id&quot;: &quot;765464f2-8b9f-4234-ac07-063e06f3e9f2&quot;,
        &quot;isMenu&quot;: false,
        &quot;key&quot;: &quot;Language.Edit&quot;,
        &quot;parentId&quot;: &quot;7d117917-ff5a-448f-ae1c-71b123ffabc0&quot;,
        &quot;unAuthorizedProps&quot;: {
          &quot;visible&quot;: false,
          &quot;disabled&quot;: false
        },
        &quot;actionName&quot;: &quot;Edit&quot;
      },
      {
        &quot;routePath&quot;: null,
        &quot;iconName&quot;: null,
        &quot;controllerName&quot;: &quot;ServiceArea&quot;,
        &quot;name&quot;: &quot;ServiceArea UpdateStatus&quot;,
        &quot;displayOrder&quot;: 0,
        &quot;description&quot;: null,
        &quot;id&quot;: &quot;13514276-84ab-43d6-8542-5f166acb9b80&quot;,
        &quot;isMenu&quot;: false,
        &quot;key&quot;: &quot;ServiceArea.UpdateStatus&quot;,
        &quot;parentId&quot;: &quot;6510260c-2670-4f71-96ed-8f12986fb9cf&quot;,
        &quot;unAuthorizedProps&quot;: {
          &quot;visible&quot;: false,
          &quot;disabled&quot;: false
        },
        &quot;actionName&quot;: &quot;UpdateStatus&quot;
      },
      {
        &quot;routePath&quot;: null,
        &quot;iconName&quot;: null,
        &quot;controllerName&quot;: &quot;Language&quot;,
        &quot;name&quot;: &quot;Language Create&quot;,
        &quot;displayOrder&quot;: 0,
        &quot;description&quot;: null,
        &quot;id&quot;: &quot;70055253-2953-481a-ad68-308069f59188&quot;,
        &quot;isMenu&quot;: false,
        &quot;key&quot;: &quot;Language.Create&quot;,
        &quot;parentId&quot;: &quot;7d117917-ff5a-448f-ae1c-71b123ffabc0&quot;,
        &quot;unAuthorizedProps&quot;: {
          &quot;visible&quot;: false,
          &quot;disabled&quot;: false
        },
        &quot;actionName&quot;: &quot;Create&quot;
      },
      {
        &quot;routePath&quot;: null,
        &quot;iconName&quot;: null,
        &quot;controllerName&quot;: &quot;Banner&quot;,
        &quot;name&quot;: &quot;Banner List&quot;,
        &quot;displayOrder&quot;: 0,
        &quot;description&quot;: null,
        &quot;id&quot;: &quot;2af1fb3b-36bf-4379-b7a6-03f3e68742b2&quot;,
        &quot;isMenu&quot;: false,
        &quot;key&quot;: &quot;Banner.List&quot;,
        &quot;parentId&quot;: &quot;d01dd410-27ab-4ca2-ad2e-06ed18197543&quot;,
        &quot;unAuthorizedProps&quot;: {
          &quot;visible&quot;: false,
          &quot;disabled&quot;: false
        },
        &quot;actionName&quot;: &quot;List&quot;
      },
      {
        &quot;routePath&quot;: null,
        &quot;iconName&quot;: &quot;orders&quot;,
        &quot;controllerName&quot;: &quot;DriverApp&quot;,
        &quot;name&quot;: &quot;Orders&quot;,
        &quot;displayOrder&quot;: 0,
        &quot;description&quot;: &quot;&quot;,
        &quot;id&quot;: &quot;6fa1df30-c04b-4bef-a1d1-a67c2748e0b4&quot;,
        &quot;isMenu&quot;: true,
        &quot;key&quot;: &quot;DriverApp.Orders&quot;,
        &quot;parentId&quot;: &quot;673cefc5-8638-47b5-9440-8f3fa459f0b1&quot;,
        &quot;unAuthorizedProps&quot;: {
          &quot;visible&quot;: false,
          &quot;disabled&quot;: false
        },
        &quot;actionName&quot;: &quot;Orders&quot;
      },
      {
        &quot;routePath&quot;: null,
        &quot;iconName&quot;: &quot;blackListSVG&quot;,
        &quot;controllerName&quot;: &quot;BlackList&quot;,
        &quot;name&quot;: &quot;Black List Find&quot;,
        &quot;displayOrder&quot;: 0,
        &quot;description&quot;: null,
        &quot;id&quot;: &quot;e8a2ad2f-7dad-41a3-9696-6adefc308eb8&quot;,
        &quot;isMenu&quot;: false,
        &quot;key&quot;: &quot;BlackList.Find&quot;,
        &quot;parentId&quot;: &quot;d273c43d-77c8-4b88-8d35-9ec20a90bd11&quot;,
        &quot;unAuthorizedProps&quot;: {
          &quot;visible&quot;: false,
          &quot;disabled&quot;: false
        },
        &quot;actionName&quot;: &quot;Find&quot;
      },
      {
        &quot;routePath&quot;: null,
        &quot;iconName&quot;: &quot;ExportForFilter&quot;,
        &quot;controllerName&quot;: &quot;Product&quot;,
        &quot;name&quot;: &quot;Product ExportForFilter&quot;,
        &quot;displayOrder&quot;: 0,
        &quot;description&quot;: null,
        &quot;id&quot;: &quot;c6781e0f-f938-4907-8dc5-a17d241a8148&quot;,
        &quot;isMenu&quot;: false,
        &quot;key&quot;: &quot;Product.ExportForFilter&quot;,
        &quot;parentId&quot;: &quot;1858607f-58c2-4c69-8078-f2756c5ca81e&quot;,
        &quot;unAuthorizedProps&quot;: {
          &quot;visible&quot;: false,
          &quot;disabled&quot;: false
        },
        &quot;actionName&quot;: &quot;ExportForFilter&quot;
      },
      {
        &quot;routePath&quot;: null,
        &quot;iconName&quot;: &quot;auditSVG&quot;,
        &quot;controllerName&quot;: &quot;Audit&quot;,
        &quot;name&quot;: &quot;Audit ListForFilter&quot;,
        &quot;displayOrder&quot;: 100000,
        &quot;description&quot;: null,
        &quot;id&quot;: &quot;6db73bbc-1114-4e80-a30d-424386ffd8f5&quot;,
        &quot;isMenu&quot;: false,
        &quot;key&quot;: &quot;Audit.ListForFilter&quot;,
        &quot;parentId&quot;: &quot;76070de9-f4f5-4096-aa99-2d2bac586b44&quot;,
        &quot;unAuthorizedProps&quot;: {
          &quot;visible&quot;: false,
          &quot;disabled&quot;: false
        },
        &quot;actionName&quot;: &quot;ListForFilter&quot;
      },
      {
        &quot;routePath&quot;: null,
        &quot;iconName&quot;: null,
        &quot;controllerName&quot;: &quot;County&quot;,
        &quot;name&quot;: &quot;County Find&quot;,
        &quot;displayOrder&quot;: 0,
        &quot;description&quot;: null,
        &quot;id&quot;: &quot;d82e0244-f728-4651-b0dc-37ee070aacef&quot;,
        &quot;isMenu&quot;: false,
        &quot;key&quot;: &quot;County.Find&quot;,
        &quot;parentId&quot;: &quot;28a7ee86-bfd8-408f-97d3-82a96e1cbcc6&quot;,
        &quot;unAuthorizedProps&quot;: {
          &quot;visible&quot;: false,
          &quot;disabled&quot;: false
        },
        &quot;actionName&quot;: &quot;Find&quot;
      },
      {
        &quot;routePath&quot;: null,
        &quot;iconName&quot;: null,
        &quot;controllerName&quot;: &quot;Customer&quot;,
        &quot;name&quot;: &quot;Customer Delete&quot;,
        &quot;displayOrder&quot;: 0,
        &quot;description&quot;: null,
        &quot;id&quot;: &quot;f347f3bc-6802-4ec4-82ef-220e0032ab69&quot;,
        &quot;isMenu&quot;: false,
        &quot;key&quot;: &quot;Customer.Delete&quot;,
        &quot;parentId&quot;: &quot;07b60a01-5846-422c-b1c6-1c7a382dbd0e&quot;,
        &quot;unAuthorizedProps&quot;: {
          &quot;visible&quot;: false,
          &quot;disabled&quot;: false
        },
        &quot;actionName&quot;: &quot;Delete&quot;
      },
      {
        &quot;routePath&quot;: null,
        &quot;iconName&quot;: null,
        &quot;controllerName&quot;: &quot;Warehouse&quot;,
        &quot;name&quot;: &quot;Warehouse Edit&quot;,
        &quot;displayOrder&quot;: 0,
        &quot;description&quot;: null,
        &quot;id&quot;: &quot;8897a642-3ebb-4ed8-a71f-8dbe303509f6&quot;,
        &quot;isMenu&quot;: false,
        &quot;key&quot;: &quot;Warehouse.Edit&quot;,
        &quot;parentId&quot;: &quot;7a99d565-0e98-95af-19bd-814011ea2417&quot;,
        &quot;unAuthorizedProps&quot;: {
          &quot;visible&quot;: false,
          &quot;disabled&quot;: false
        },
        &quot;actionName&quot;: &quot;Edit&quot;
      },
      {
        &quot;routePath&quot;: null,
        &quot;iconName&quot;: null,
        &quot;controllerName&quot;: &quot;MessageTemplate&quot;,
        &quot;name&quot;: &quot;Message Template Create&quot;,
        &quot;displayOrder&quot;: 0,
        &quot;description&quot;: null,
        &quot;id&quot;: &quot;87fde03a-f96f-4317-a8e2-0b2790460da2&quot;,
        &quot;isMenu&quot;: false,
        &quot;key&quot;: &quot;MessageTemplate.Create&quot;,
        &quot;parentId&quot;: &quot;570b7634-2234-498f-939b-440805527121&quot;,
        &quot;unAuthorizedProps&quot;: {
          &quot;visible&quot;: false,
          &quot;disabled&quot;: false
        },
        &quot;actionName&quot;: &quot;Create&quot;
      },
      {
        &quot;routePath&quot;: null,
        &quot;iconName&quot;: null,
        &quot;controllerName&quot;: &quot;ServiceArea&quot;,
        &quot;name&quot;: &quot;ServiceArea Import&quot;,
        &quot;displayOrder&quot;: 0,
        &quot;description&quot;: null,
        &quot;id&quot;: &quot;6652b5a5-e837-4941-9c9c-e6cc2ae53745&quot;,
        &quot;isMenu&quot;: false,
        &quot;key&quot;: &quot;ServiceArea.Import&quot;,
        &quot;parentId&quot;: &quot;6510260c-2670-4f71-96ed-8f12986fb9cf&quot;,
        &quot;unAuthorizedProps&quot;: {
          &quot;visible&quot;: false,
          &quot;disabled&quot;: false
        },
        &quot;actionName&quot;: &quot;Import&quot;
      },
      {
        &quot;routePath&quot;: null,
        &quot;iconName&quot;: null,
        &quot;controllerName&quot;: &quot;LocaleResource&quot;,
        &quot;name&quot;: &quot;LocaleResource Create&quot;,
        &quot;displayOrder&quot;: 0,
        &quot;description&quot;: null,
        &quot;id&quot;: &quot;46f8f313-95b6-4848-9004-c69ec2dc12f4&quot;,
        &quot;isMenu&quot;: false,
        &quot;key&quot;: &quot;LocaleResource.Create&quot;,
        &quot;parentId&quot;: &quot;4c1a6c0d-765c-444a-b7c8-49e99f61d47b&quot;,
        &quot;unAuthorizedProps&quot;: {
          &quot;visible&quot;: false,
          &quot;disabled&quot;: false
        },
        &quot;actionName&quot;: &quot;Create&quot;
      },
      {
        &quot;routePath&quot;: null,
        &quot;iconName&quot;: null,
        &quot;controllerName&quot;: &quot;Customer&quot;,
        &quot;name&quot;: &quot;Customer Create&quot;,
        &quot;displayOrder&quot;: 0,
        &quot;description&quot;: null,
        &quot;id&quot;: &quot;d6fdfd07-b0f1-44ef-898b-22906287c3ef&quot;,
        &quot;isMenu&quot;: false,
        &quot;key&quot;: &quot;Customer.Create&quot;,
        &quot;parentId&quot;: &quot;07b60a01-5846-422c-b1c6-1c7a382dbd0e&quot;,
        &quot;unAuthorizedProps&quot;: {
          &quot;visible&quot;: false,
          &quot;disabled&quot;: false
        },
        &quot;actionName&quot;: &quot;Create&quot;
      },
      {
        &quot;routePath&quot;: null,
        &quot;iconName&quot;: null,
        &quot;controllerName&quot;: &quot;Banner&quot;,
        &quot;name&quot;: &quot;Banner Update Display Order&quot;,
        &quot;displayOrder&quot;: 0,
        &quot;description&quot;: null,
        &quot;id&quot;: &quot;a578fd4b-564e-4d88-87d1-aabbb183a21a&quot;,
        &quot;isMenu&quot;: false,
        &quot;key&quot;: &quot;Banner.UpdateBannerDisplayOrder&quot;,
        &quot;parentId&quot;: &quot;d01dd410-27ab-4ca2-ad2e-06ed18197543&quot;,
        &quot;unAuthorizedProps&quot;: {
          &quot;visible&quot;: false,
          &quot;disabled&quot;: false
        },
        &quot;actionName&quot;: &quot;UpdateBannerDisplayOrder&quot;
      },
      {
        &quot;routePath&quot;: null,
        &quot;iconName&quot;: null,
        &quot;controllerName&quot;: &quot;Address&quot;,
        &quot;name&quot;: &quot;Address Find&quot;,
        &quot;displayOrder&quot;: 0,
        &quot;description&quot;: null,
        &quot;id&quot;: &quot;69cd17c7-88f0-435d-9e1c-e3a178d79e21&quot;,
        &quot;isMenu&quot;: false,
        &quot;key&quot;: &quot;Address.Find&quot;,
        &quot;parentId&quot;: &quot;c3c514ef-1964-4c94-b13a-8bdd83a5b1cb&quot;,
        &quot;unAuthorizedProps&quot;: {
          &quot;visible&quot;: false,
          &quot;disabled&quot;: false
        },
        &quot;actionName&quot;: &quot;Find&quot;
      },
      {
        &quot;routePath&quot;: null,
        &quot;iconName&quot;: &quot;driverApp&quot;,
        &quot;controllerName&quot;: &quot;DriverApp&quot;,
        &quot;name&quot;: &quot;Driver Permissions&quot;,
        &quot;displayOrder&quot;: 0,
        &quot;description&quot;: null,
        &quot;id&quot;: &quot;673cefc5-8638-47b5-9440-8f3fa459f0b1&quot;,
        &quot;isMenu&quot;: false,
        &quot;key&quot;: &quot;DriverApp.Index&quot;,
        &quot;parentId&quot;: null,
        &quot;unAuthorizedProps&quot;: {
          &quot;visible&quot;: false,
          &quot;disabled&quot;: false
        },
        &quot;actionName&quot;: &quot;Index&quot;
      },
      {
        &quot;routePath&quot;: null,
        &quot;iconName&quot;: &quot;RemoteSearchForLocation&quot;,
        &quot;controllerName&quot;: &quot;Product&quot;,
        &quot;name&quot;: &quot;Product RemoteSearchForLocation&quot;,
        &quot;displayOrder&quot;: 0,
        &quot;description&quot;: null,
        &quot;id&quot;: &quot;9c90fc94-df36-4459-9a3b-c01d1f4f2211&quot;,
        &quot;isMenu&quot;: false,
        &quot;key&quot;: &quot;Product.RemoteSearchForLocation&quot;,
        &quot;parentId&quot;: &quot;1858607f-58c2-4c69-8078-f2756c5ca81e&quot;,
        &quot;unAuthorizedProps&quot;: {
          &quot;visible&quot;: false,
          &quot;disabled&quot;: false
        },
        &quot;actionName&quot;: &quot;RemoteSearchForLocation&quot;
      },
      {
        &quot;routePath&quot;: null,
        &quot;iconName&quot;: null,
        &quot;controllerName&quot;: &quot;Order&quot;,
        &quot;name&quot;: &quot;Order Cancel&quot;,
        &quot;displayOrder&quot;: 0,
        &quot;description&quot;: null,
        &quot;id&quot;: &quot;f92b5f11-f8e9-4754-85e0-f5d8666c620f&quot;,
        &quot;isMenu&quot;: false,
        &quot;key&quot;: &quot;Order.Cancel&quot;,
        &quot;parentId&quot;: &quot;872b9f8c-c48d-dfeb-de32-1be0c3c38dbb&quot;,
        &quot;unAuthorizedProps&quot;: {
          &quot;visible&quot;: false,
          &quot;disabled&quot;: false
        },
        &quot;actionName&quot;: &quot;Cancel&quot;
      },
      {
        &quot;routePath&quot;: null,
        &quot;iconName&quot;: null,
        &quot;controllerName&quot;: &quot;Category&quot;,
        &quot;name&quot;: &quot;Category UploadImage&quot;,
        &quot;displayOrder&quot;: 0,
        &quot;description&quot;: null,
        &quot;id&quot;: &quot;ae860d95-cc13-4b86-a535-202aa716c973&quot;,
        &quot;isMenu&quot;: false,
        &quot;key&quot;: &quot;Category.UploadImage&quot;,
        &quot;parentId&quot;: &quot;9bbddb67-d7f2-44d3-8d09-6bd04f8b6f79&quot;,
        &quot;unAuthorizedProps&quot;: {
          &quot;visible&quot;: false,
          &quot;disabled&quot;: false
        },
        &quot;actionName&quot;: &quot;UploadImage&quot;
      },
      {
        &quot;routePath&quot;: null,
        &quot;iconName&quot;: null,
        &quot;controllerName&quot;: &quot;Warehouse&quot;,
        &quot;name&quot;: &quot;Warehouse UpdateWarehouseQuantity&quot;,
        &quot;displayOrder&quot;: 0,
        &quot;description&quot;: null,
        &quot;id&quot;: &quot;95ea9fb5-2548-4bf4-bcad-937757b47ea9&quot;,
        &quot;isMenu&quot;: false,
        &quot;key&quot;: &quot;Warehouse.UpdateWarehouseQuantity&quot;,
        &quot;parentId&quot;: &quot;7a99d565-0e98-95af-19bd-814011ea2417&quot;,
        &quot;unAuthorizedProps&quot;: {
          &quot;visible&quot;: false,
          &quot;disabled&quot;: false
        },
        &quot;actionName&quot;: &quot;UpdateWarehouseQuantity&quot;
      },
      {
        &quot;routePath&quot;: null,
        &quot;iconName&quot;: null,
        &quot;controllerName&quot;: &quot;Warehouse&quot;,
        &quot;name&quot;: &quot;Warehouse Find&quot;,
        &quot;displayOrder&quot;: 0,
        &quot;description&quot;: null,
        &quot;id&quot;: &quot;15cd689d-00ad-40d4-9b1d-7a231ecb323e&quot;,
        &quot;isMenu&quot;: false,
        &quot;key&quot;: &quot;Warehouse.Find&quot;,
        &quot;parentId&quot;: &quot;7a99d565-0e98-95af-19bd-814011ea2417&quot;,
        &quot;unAuthorizedProps&quot;: {
          &quot;visible&quot;: false,
          &quot;disabled&quot;: false
        },
        &quot;actionName&quot;: &quot;Find&quot;
      },
      {
        &quot;routePath&quot;: &quot;inventory&quot;,
        &quot;iconName&quot;: &quot;inventorySVG&quot;,
        &quot;controllerName&quot;: &quot;Inventory&quot;,
        &quot;name&quot;: &quot;Inventory&quot;,
        &quot;displayOrder&quot;: 400,
        &quot;description&quot;: null,
        &quot;id&quot;: &quot;40fdcf04-65b5-4fc0-8e17-ddd1f84b1b0a&quot;,
        &quot;isMenu&quot;: true,
        &quot;key&quot;: &quot;Inventory.Index&quot;,
        &quot;parentId&quot;: null,
        &quot;unAuthorizedProps&quot;: {
          &quot;visible&quot;: false,
          &quot;disabled&quot;: false
        },
        &quot;actionName&quot;: &quot;Index&quot;
      },
      {
        &quot;routePath&quot;: null,
        &quot;iconName&quot;: null,
        &quot;controllerName&quot;: &quot;Customer&quot;,
        &quot;name&quot;: &quot;Customer ListForCouponCode&quot;,
        &quot;displayOrder&quot;: 0,
        &quot;description&quot;: null,
        &quot;id&quot;: &quot;9ace28d6-ab7f-4459-a605-232a0b6d2a77&quot;,
        &quot;isMenu&quot;: false,
        &quot;key&quot;: &quot;Customer.ListForCouponCode&quot;,
        &quot;parentId&quot;: &quot;07b60a01-5846-422c-b1c6-1c7a382dbd0e&quot;,
        &quot;unAuthorizedProps&quot;: {
          &quot;visible&quot;: false,
          &quot;disabled&quot;: false
        },
        &quot;actionName&quot;: &quot;ListForCouponCode&quot;
      },
      {
        &quot;routePath&quot;: null,
        &quot;iconName&quot;: null,
        &quot;controllerName&quot;: &quot;Campaign&quot;,
        &quot;name&quot;: &quot;Campaign Delete&quot;,
        &quot;displayOrder&quot;: 0,
        &quot;description&quot;: null,
        &quot;id&quot;: &quot;fd0189db-b2a0-4e72-ae4f-bfc608a105cc&quot;,
        &quot;isMenu&quot;: false,
        &quot;key&quot;: &quot;Campaign.Delete&quot;,
        &quot;parentId&quot;: &quot;fd2f794b-65fb-4da6-9bdb-835c466e4321&quot;,
        &quot;unAuthorizedProps&quot;: {
          &quot;visible&quot;: false,
          &quot;disabled&quot;: false
        },
        &quot;actionName&quot;: &quot;Delete&quot;
      },
      {
        &quot;routePath&quot;: null,
        &quot;iconName&quot;: &quot;Edit&quot;,
        &quot;controllerName&quot;: &quot;Product&quot;,
        &quot;name&quot;: &quot;Product Edit&quot;,
        &quot;displayOrder&quot;: 0,
        &quot;description&quot;: null,
        &quot;id&quot;: &quot;14e27911-45ec-4d84-8519-6c780671a1d4&quot;,
        &quot;isMenu&quot;: false,
        &quot;key&quot;: &quot;Product.Edit&quot;,
        &quot;parentId&quot;: &quot;1858607f-58c2-4c69-8078-f2756c5ca81e&quot;,
        &quot;unAuthorizedProps&quot;: {
          &quot;visible&quot;: false,
          &quot;disabled&quot;: false
        },
        &quot;actionName&quot;: &quot;Edit&quot;
      },
      {
        &quot;routePath&quot;: null,
        &quot;iconName&quot;: &quot;categorySVG&quot;,
        &quot;controllerName&quot;: &quot;Catalog&quot;,
        &quot;name&quot;: &quot;Catalog&quot;,
        &quot;displayOrder&quot;: 300,
        &quot;description&quot;: null,
        &quot;id&quot;: &quot;8b40e125-ffeb-4cf1-ba4b-0ac72aac09d9&quot;,
        &quot;isMenu&quot;: true,
        &quot;key&quot;: &quot;Catalog.Index&quot;,
        &quot;parentId&quot;: null,
        &quot;unAuthorizedProps&quot;: {
          &quot;visible&quot;: false,
          &quot;disabled&quot;: false
        },
        &quot;actionName&quot;: &quot;Index&quot;
      },
      {
        &quot;routePath&quot;: null,
        &quot;iconName&quot;: null,
        &quot;controllerName&quot;: &quot;Rider&quot;,
        &quot;name&quot;: &quot;List Warehouse&quot;,
        &quot;displayOrder&quot;: 0,
        &quot;description&quot;: null,
        &quot;id&quot;: &quot;b3974f99-cfc1-4eea-a71d-cb2d63fbe23b&quot;,
        &quot;isMenu&quot;: false,
        &quot;key&quot;: &quot;Rider.ListWarehouse&quot;,
        &quot;parentId&quot;: &quot;1b716d9c-2bf6-4a16-9bd1-2214d14b6cc7&quot;,
        &quot;unAuthorizedProps&quot;: {
          &quot;visible&quot;: false,
          &quot;disabled&quot;: false
        },
        &quot;actionName&quot;: &quot;ListWarehouse&quot;
      },
      {
        &quot;routePath&quot;: null,
        &quot;iconName&quot;: null,
        &quot;controllerName&quot;: &quot;ZipCode&quot;,
        &quot;name&quot;: &quot;ZipCode Find&quot;,
        &quot;displayOrder&quot;: 0,
        &quot;description&quot;: null,
        &quot;id&quot;: &quot;6ce0a1fe-663d-4167-9095-41ead097b95d&quot;,
        &quot;isMenu&quot;: false,
        &quot;key&quot;: &quot;ZipCode.Find&quot;,
        &quot;parentId&quot;: &quot;8aa34e38-533b-4ab7-bad7-0eaa7b5dec9c&quot;,
        &quot;unAuthorizedProps&quot;: {
          &quot;visible&quot;: false,
          &quot;disabled&quot;: false
        },
        &quot;actionName&quot;: &quot;Find&quot;
      },
      {
        &quot;routePath&quot;: null,
        &quot;iconName&quot;: null,
        &quot;controllerName&quot;: &quot;Country&quot;,
        &quot;name&quot;: &quot;Country Index&quot;,
        &quot;displayOrder&quot;: 0,
        &quot;description&quot;: null,
        &quot;id&quot;: &quot;9c15db73-badc-4894-ab1b-d8261bac91c2&quot;,
        &quot;isMenu&quot;: false,
        &quot;key&quot;: &quot;Country.Index&quot;,
        &quot;parentId&quot;: null,
        &quot;unAuthorizedProps&quot;: {
          &quot;visible&quot;: false,
          &quot;disabled&quot;: false
        },
        &quot;actionName&quot;: &quot;Index&quot;
      },
      {
        &quot;routePath&quot;: &quot;campaigns&quot;,
        &quot;iconName&quot;: &quot;campaignSVG&quot;,
        &quot;controllerName&quot;: &quot;Campaign&quot;,
        &quot;name&quot;: &quot;Campaigns&quot;,
        &quot;displayOrder&quot;: 200,
        &quot;description&quot;: null,
        &quot;id&quot;: &quot;fd2f794b-65fb-4da6-9bdb-835c466e4321&quot;,
        &quot;isMenu&quot;: true,
        &quot;key&quot;: &quot;Campaign.Index&quot;,
        &quot;parentId&quot;: null,
        &quot;unAuthorizedProps&quot;: {
          &quot;visible&quot;: false,
          &quot;disabled&quot;: false
        },
        &quot;actionName&quot;: &quot;Index&quot;
      },
      {
        &quot;routePath&quot;: &quot;&quot;,
        &quot;iconName&quot;: &quot;resourcesSVG&quot;,
        &quot;controllerName&quot;: &quot;Resource&quot;,
        &quot;name&quot;: &quot;Resources&quot;,
        &quot;displayOrder&quot;: 900,
        &quot;description&quot;: null,
        &quot;id&quot;: &quot;8f4ea0ae-2382-4769-8584-5f2f2b1520c8&quot;,
        &quot;isMenu&quot;: true,
        &quot;key&quot;: &quot;Resource.Index&quot;,
        &quot;parentId&quot;: null,
        &quot;unAuthorizedProps&quot;: {
          &quot;visible&quot;: false,
          &quot;disabled&quot;: false
        },
        &quot;actionName&quot;: &quot;Index&quot;
      },
      {
        &quot;routePath&quot;: null,
        &quot;iconName&quot;: null,
        &quot;controllerName&quot;: &quot;State&quot;,
        &quot;name&quot;: &quot;State Index&quot;,
        &quot;displayOrder&quot;: 0,
        &quot;description&quot;: null,
        &quot;id&quot;: &quot;4842baa6-3b5e-40d1-ba2c-aa896962f8a7&quot;,
        &quot;isMenu&quot;: false,
        &quot;key&quot;: &quot;State.Index&quot;,
        &quot;parentId&quot;: null,
        &quot;unAuthorizedProps&quot;: {
          &quot;visible&quot;: false,
          &quot;disabled&quot;: false
        },
        &quot;actionName&quot;: &quot;Index&quot;
      },
      {
        &quot;routePath&quot;: null,
        &quot;iconName&quot;: null,
        &quot;controllerName&quot;: &quot;Order&quot;,
        &quot;name&quot;: &quot;Order Create&quot;,
        &quot;displayOrder&quot;: 0,
        &quot;description&quot;: null,
        &quot;id&quot;: &quot;5c9d78b5-a896-4f09-81f5-3772241f9c78&quot;,
        &quot;isMenu&quot;: false,
        &quot;key&quot;: &quot;Order.Create&quot;,
        &quot;parentId&quot;: &quot;872b9f8c-c48d-dfeb-de32-1be0c3c38dbb&quot;,
        &quot;unAuthorizedProps&quot;: {
          &quot;visible&quot;: false,
          &quot;disabled&quot;: false
        },
        &quot;actionName&quot;: &quot;Create&quot;
      },
      {
        &quot;routePath&quot;: null,
        &quot;iconName&quot;: &quot;blackListSVG&quot;,
        &quot;controllerName&quot;: &quot;BlackList&quot;,
        &quot;name&quot;: &quot;Black List Delete&quot;,
        &quot;displayOrder&quot;: 0,
        &quot;description&quot;: null,
        &quot;id&quot;: &quot;ac6ae6a5-d189-4a17-b8a0-26fbbc3f6e27&quot;,
        &quot;isMenu&quot;: false,
        &quot;key&quot;: &quot;BlackList.Delete&quot;,
        &quot;parentId&quot;: &quot;d273c43d-77c8-4b88-8d35-9ec20a90bd11&quot;,
        &quot;unAuthorizedProps&quot;: {
          &quot;visible&quot;: false,
          &quot;disabled&quot;: false
        },
        &quot;actionName&quot;: &quot;Delete&quot;
      },
      {
        &quot;routePath&quot;: null,
        &quot;iconName&quot;: null,
        &quot;controllerName&quot;: &quot;Role&quot;,
        &quot;name&quot;: &quot;Role Find&quot;,
        &quot;displayOrder&quot;: 0,
        &quot;description&quot;: null,
        &quot;id&quot;: &quot;93ff5806-4453-44a3-bc9b-557783976d40&quot;,
        &quot;isMenu&quot;: false,
        &quot;key&quot;: &quot;Role.Find&quot;,
        &quot;parentId&quot;: &quot;e98d2f21-52f8-41cb-9b3f-fe979b5f0578&quot;,
        &quot;unAuthorizedProps&quot;: {
          &quot;visible&quot;: false,
          &quot;disabled&quot;: false
        },
        &quot;actionName&quot;: &quot;Find&quot;
      },
      {
        &quot;routePath&quot;: null,
        &quot;iconName&quot;: &quot;RemoteSearchForSubCategories&quot;,
        &quot;controllerName&quot;: &quot;Category&quot;,
        &quot;name&quot;: &quot;Category RemoteSearchForSubCategories&quot;,
        &quot;displayOrder&quot;: 0,
        &quot;description&quot;: null,
        &quot;id&quot;: &quot;6db1a08e-e179-4c17-9191-fa48c4e91f43&quot;,
        &quot;isMenu&quot;: false,
        &quot;key&quot;: &quot;Category.RemoteSearchForSubCategories&quot;,
        &quot;parentId&quot;: &quot;501d66f1-cdeb-4f10-85d2-6e00d60e36c9&quot;,
        &quot;unAuthorizedProps&quot;: {
          &quot;visible&quot;: false,
          &quot;disabled&quot;: false
        },
        &quot;actionName&quot;: &quot;RemoteSearchForSubCategories&quot;
      },
      {
        &quot;routePath&quot;: null,
        &quot;iconName&quot;: null,
        &quot;controllerName&quot;: &quot;Warehouse&quot;,
        &quot;name&quot;: &quot;Warehouse ImportWarehouseStock&quot;,
        &quot;displayOrder&quot;: 0,
        &quot;description&quot;: null,
        &quot;id&quot;: &quot;32b123d7-64e0-437b-85ee-e231221123c4&quot;,
        &quot;isMenu&quot;: false,
        &quot;key&quot;: &quot;Warehouse.ImportWarehouseStock&quot;,
        &quot;parentId&quot;: &quot;7a99d565-0e98-95af-19bd-814011ea2417&quot;,
        &quot;unAuthorizedProps&quot;: {
          &quot;visible&quot;: false,
          &quot;disabled&quot;: false
        },
        &quot;actionName&quot;: &quot;ImportWarehouseStock&quot;
      },
      {
        &quot;routePath&quot;: &quot;&quot;,
        &quot;iconName&quot;: &quot;&quot;,
        &quot;controllerName&quot;: &quot;Category&quot;,
        &quot;name&quot;: &quot;Category DeleteImage&quot;,
        &quot;displayOrder&quot;: 0,
        &quot;description&quot;: &quot;&quot;,
        &quot;id&quot;: &quot;abfccc7e-7b90-4102-a774-6064c670950a&quot;,
        &quot;isMenu&quot;: false,
        &quot;key&quot;: &quot;Category.DeleteImage&quot;,
        &quot;parentId&quot;: &quot;9bbddb67-d7f2-44d3-8d09-6bd04f8b6f79&quot;,
        &quot;unAuthorizedProps&quot;: {
          &quot;visible&quot;: false,
          &quot;disabled&quot;: false
        },
        &quot;actionName&quot;: &quot;DeleteImage&quot;
      },
      {
        &quot;routePath&quot;: null,
        &quot;iconName&quot;: null,
        &quot;controllerName&quot;: &quot;Role&quot;,
        &quot;name&quot;: &quot;Role Edit&quot;,
        &quot;displayOrder&quot;: 0,
        &quot;description&quot;: null,
        &quot;id&quot;: &quot;e659fa87-caf3-44e3-b5c2-1e0a78323f20&quot;,
        &quot;isMenu&quot;: false,
        &quot;key&quot;: &quot;Role.Edit&quot;,
        &quot;parentId&quot;: &quot;e98d2f21-52f8-41cb-9b3f-fe979b5f0578&quot;,
        &quot;unAuthorizedProps&quot;: {
          &quot;visible&quot;: false,
          &quot;disabled&quot;: false
        },
        &quot;actionName&quot;: &quot;Edit&quot;
      },
      {
        &quot;routePath&quot;: null,
        &quot;iconName&quot;: null,
        &quot;controllerName&quot;: &quot;Banner&quot;,
        &quot;name&quot;: &quot;Banner Delete&quot;,
        &quot;displayOrder&quot;: 0,
        &quot;description&quot;: null,
        &quot;id&quot;: &quot;21357ea8-c21e-4c43-846a-714dc3de69b2&quot;,
        &quot;isMenu&quot;: false,
        &quot;key&quot;: &quot;Banner.Delete&quot;,
        &quot;parentId&quot;: &quot;d01dd410-27ab-4ca2-ad2e-06ed18197543&quot;,
        &quot;unAuthorizedProps&quot;: {
          &quot;visible&quot;: false,
          &quot;disabled&quot;: false
        },
        &quot;actionName&quot;: &quot;Delete&quot;
      },
      {
        &quot;routePath&quot;: &quot;message-templates&quot;,
        &quot;iconName&quot;: &quot;messageSVG&quot;,
        &quot;controllerName&quot;: &quot;MessageTemplate&quot;,
        &quot;name&quot;: &quot;Message Templates&quot;,
        &quot;displayOrder&quot;: 0,
        &quot;description&quot;: null,
        &quot;id&quot;: &quot;570b7634-2234-498f-939b-440805527121&quot;,
        &quot;isMenu&quot;: true,
        &quot;key&quot;: &quot;MessageTemplate.Index&quot;,
        &quot;parentId&quot;: &quot;8f4ea0ae-2382-4769-8584-5f2f2b1520c8&quot;,
        &quot;unAuthorizedProps&quot;: {
          &quot;visible&quot;: false,
          &quot;disabled&quot;: false
        },
        &quot;actionName&quot;: &quot;Index&quot;
      },
      {
        &quot;routePath&quot;: null,
        &quot;iconName&quot;: null,
        &quot;controllerName&quot;: &quot;Banner&quot;,
        &quot;name&quot;: &quot;Banner Find&quot;,
        &quot;displayOrder&quot;: 0,
        &quot;description&quot;: null,
        &quot;id&quot;: &quot;d251bc51-e2ad-4581-a0f3-30fa44141403&quot;,
        &quot;isMenu&quot;: false,
        &quot;key&quot;: &quot;Banner.Find&quot;,
        &quot;parentId&quot;: &quot;d01dd410-27ab-4ca2-ad2e-06ed18197543&quot;,
        &quot;unAuthorizedProps&quot;: {
          &quot;visible&quot;: false,
          &quot;disabled&quot;: false
        },
        &quot;actionName&quot;: &quot;Find&quot;
      },
      {
        &quot;routePath&quot;: null,
        &quot;iconName&quot;: null,
        &quot;controllerName&quot;: &quot;Region&quot;,
        &quot;name&quot;: &quot;Region&quot;,
        &quot;displayOrder&quot;: 0,
        &quot;description&quot;: null,
        &quot;id&quot;: &quot;ea3629e8-4946-4c94-831b-445ff5e05927&quot;,
        &quot;isMenu&quot;: false,
        &quot;key&quot;: &quot;Region.Delete&quot;,
        &quot;parentId&quot;: &quot;636ed702-38d2-4f20-967d-54564a31315f&quot;,
        &quot;unAuthorizedProps&quot;: {
          &quot;visible&quot;: false,
          &quot;disabled&quot;: false
        },
        &quot;actionName&quot;: &quot;Delete&quot;
      },
      {
        &quot;routePath&quot;: &quot;riders&quot;,
        &quot;iconName&quot;: &quot;riderSVG&quot;,
        &quot;controllerName&quot;: &quot;Rider&quot;,
        &quot;name&quot;: &quot;Driver&quot;,
        &quot;displayOrder&quot;: 620,
        &quot;description&quot;: null,
        &quot;id&quot;: &quot;1b716d9c-2bf6-4a16-9bd1-2214d14b6cc7&quot;,
        &quot;isMenu&quot;: true,
        &quot;key&quot;: &quot;Rider.Index&quot;,
        &quot;parentId&quot;: &quot;8b04f24a-f777-5455-9d4b-5d32257d3d62&quot;,
        &quot;unAuthorizedProps&quot;: {
          &quot;visible&quot;: false,
          &quot;disabled&quot;: false
        },
        &quot;actionName&quot;: &quot;Index&quot;
      },
      {
        &quot;routePath&quot;: &quot;permissions&quot;,
        &quot;iconName&quot;: &quot;permissionSVG&quot;,
        &quot;controllerName&quot;: &quot;Permission&quot;,
        &quot;name&quot;: &quot;Permissions&quot;,
        &quot;displayOrder&quot;: 640,
        &quot;description&quot;: null,
        &quot;id&quot;: &quot;213aad81-551b-49f7-9d15-f11f5b9e7e88&quot;,
        &quot;isMenu&quot;: true,
        &quot;key&quot;: &quot;Permission.Index&quot;,
        &quot;parentId&quot;: &quot;8b04f24a-f777-5455-9d4b-5d32257d3d62&quot;,
        &quot;unAuthorizedProps&quot;: {
          &quot;visible&quot;: false,
          &quot;disabled&quot;: false
        },
        &quot;actionName&quot;: &quot;Index&quot;
      },
      {
        &quot;routePath&quot;: null,
        &quot;iconName&quot;: null,
        &quot;controllerName&quot;: &quot;County&quot;,
        &quot;name&quot;: &quot;County Edit&quot;,
        &quot;displayOrder&quot;: 0,
        &quot;description&quot;: null,
        &quot;id&quot;: &quot;ba784849-f3ea-4d98-8dc8-194743397b68&quot;,
        &quot;isMenu&quot;: false,
        &quot;key&quot;: &quot;County.Edit&quot;,
        &quot;parentId&quot;: &quot;28a7ee86-bfd8-408f-97d3-82a96e1cbcc6&quot;,
        &quot;unAuthorizedProps&quot;: {
          &quot;visible&quot;: false,
          &quot;disabled&quot;: false
        },
        &quot;actionName&quot;: &quot;Edit&quot;
      },
      {
        &quot;routePath&quot;: null,
        &quot;iconName&quot;: null,
        &quot;controllerName&quot;: &quot;ZipCode&quot;,
        &quot;name&quot;: &quot;ZipCode List&quot;,
        &quot;displayOrder&quot;: 0,
        &quot;description&quot;: null,
        &quot;id&quot;: &quot;48ed0371-cd67-4620-b3d7-8c71e947c93f&quot;,
        &quot;isMenu&quot;: false,
        &quot;key&quot;: &quot;ZipCode.List&quot;,
        &quot;parentId&quot;: &quot;8aa34e38-533b-4ab7-bad7-0eaa7b5dec9c&quot;,
        &quot;unAuthorizedProps&quot;: {
          &quot;visible&quot;: false,
          &quot;disabled&quot;: false
        },
        &quot;actionName&quot;: &quot;List&quot;
      },
      {
        &quot;routePath&quot;: null,
        &quot;iconName&quot;: null,
        &quot;controllerName&quot;: &quot;Role&quot;,
        &quot;name&quot;: &quot;Role Delete&quot;,
        &quot;displayOrder&quot;: 0,
        &quot;description&quot;: null,
        &quot;id&quot;: &quot;72327532-7e7b-443e-8f6c-1af60992346e&quot;,
        &quot;isMenu&quot;: false,
        &quot;key&quot;: &quot;Role.Delete&quot;,
        &quot;parentId&quot;: &quot;e98d2f21-52f8-41cb-9b3f-fe979b5f0578&quot;,
        &quot;unAuthorizedProps&quot;: {
          &quot;visible&quot;: false,
          &quot;disabled&quot;: false
        },
        &quot;actionName&quot;: &quot;Delete&quot;
      },
      {
        &quot;routePath&quot;: null,
        &quot;iconName&quot;: null,
        &quot;controllerName&quot;: &quot;County&quot;,
        &quot;name&quot;: &quot;County List&quot;,
        &quot;displayOrder&quot;: 0,
        &quot;description&quot;: null,
        &quot;id&quot;: &quot;b585755d-7f4f-43b0-8d1e-f2d807abcec4&quot;,
        &quot;isMenu&quot;: false,
        &quot;key&quot;: &quot;County.List&quot;,
        &quot;parentId&quot;: &quot;28a7ee86-bfd8-408f-97d3-82a96e1cbcc6&quot;,
        &quot;unAuthorizedProps&quot;: {
          &quot;visible&quot;: false,
          &quot;disabled&quot;: false
        },
        &quot;actionName&quot;: &quot;List&quot;
      },
      {
        &quot;routePath&quot;: null,
        &quot;iconName&quot;: null,
        &quot;controllerName&quot;: &quot;State&quot;,
        &quot;name&quot;: &quot;State List&quot;,
        &quot;displayOrder&quot;: 0,
        &quot;description&quot;: null,
        &quot;id&quot;: &quot;b3223f02-9caa-4de6-9340-052b6c64b670&quot;,
        &quot;isMenu&quot;: false,
        &quot;key&quot;: &quot;State.List&quot;,
        &quot;parentId&quot;: &quot;4842baa6-3b5e-40d1-ba2c-aa896962f8a7&quot;,
        &quot;unAuthorizedProps&quot;: {
          &quot;visible&quot;: false,
          &quot;disabled&quot;: false
        },
        &quot;actionName&quot;: &quot;List&quot;
      },
      {
        &quot;routePath&quot;: &quot;orders&quot;,
        &quot;iconName&quot;: &quot;ordersSVG&quot;,
        &quot;controllerName&quot;: &quot;Order&quot;,
        &quot;name&quot;: &quot;Status Count&quot;,
        &quot;displayOrder&quot;: 0,
        &quot;description&quot;: null,
        &quot;id&quot;: &quot;cebe4f6e-97cb-4744-be13-802d6ec99207&quot;,
        &quot;isMenu&quot;: false,
        &quot;key&quot;: &quot;Order.OrderStatusCount&quot;,
        &quot;parentId&quot;: &quot;872b9f8c-c48d-dfeb-de32-1be0c3c38dbb&quot;,
        &quot;unAuthorizedProps&quot;: {
          &quot;visible&quot;: false,
          &quot;disabled&quot;: false
        },
        &quot;actionName&quot;: &quot;OrderStatusCount&quot;
      },
      {
        &quot;routePath&quot;: null,
        &quot;iconName&quot;: null,
        &quot;controllerName&quot;: &quot;Region&quot;,
        &quot;name&quot;: &quot;Region Index&quot;,
        &quot;displayOrder&quot;: 0,
        &quot;description&quot;: null,
        &quot;id&quot;: &quot;636ed702-38d2-4f20-967d-54564a31315f&quot;,
        &quot;isMenu&quot;: false,
        &quot;key&quot;: &quot;Region.Index&quot;,
        &quot;parentId&quot;: null,
        &quot;unAuthorizedProps&quot;: {
          &quot;visible&quot;: false,
          &quot;disabled&quot;: false
        },
        &quot;actionName&quot;: &quot;Index&quot;
      },
      {
        &quot;routePath&quot;: null,
        &quot;iconName&quot;: null,
        &quot;controllerName&quot;: &quot;Region&quot;,
        &quot;name&quot;: &quot;Region List&quot;,
        &quot;displayOrder&quot;: 0,
        &quot;description&quot;: null,
        &quot;id&quot;: &quot;9c05f19c-13b9-498e-aacb-e3c0f3e1d478&quot;,
        &quot;isMenu&quot;: false,
        &quot;key&quot;: &quot;Region.List&quot;,
        &quot;parentId&quot;: &quot;636ed702-38d2-4f20-967d-54564a31315f&quot;,
        &quot;unAuthorizedProps&quot;: {
          &quot;visible&quot;: false,
          &quot;disabled&quot;: false
        },
        &quot;actionName&quot;: &quot;List&quot;
      },
      {
        &quot;routePath&quot;: &quot;banners&quot;,
        &quot;iconName&quot;: &quot;bannerSVG&quot;,
        &quot;controllerName&quot;: &quot;Banner&quot;,
        &quot;name&quot;: &quot;Banner&quot;,
        &quot;displayOrder&quot;: 920,
        &quot;description&quot;: null,
        &quot;id&quot;: &quot;d01dd410-27ab-4ca2-ad2e-06ed18197543&quot;,
        &quot;isMenu&quot;: true,
        &quot;key&quot;: &quot;Banner.Index&quot;,
        &quot;parentId&quot;: &quot;8f4ea0ae-2382-4769-8584-5f2f2b1520c8&quot;,
        &quot;unAuthorizedProps&quot;: {
          &quot;visible&quot;: false,
          &quot;disabled&quot;: false
        },
        &quot;actionName&quot;: &quot;Index&quot;
      },
      {
        &quot;routePath&quot;: null,
        &quot;iconName&quot;: null,
        &quot;controllerName&quot;: &quot;MessageTemplate&quot;,
        &quot;name&quot;: &quot;Message Template Find&quot;,
        &quot;displayOrder&quot;: 0,
        &quot;description&quot;: null,
        &quot;id&quot;: &quot;c4cda510-6ac9-41c7-ae6e-74e42b8672b2&quot;,
        &quot;isMenu&quot;: false,
        &quot;key&quot;: &quot;MessageTemplate.Find&quot;,
        &quot;parentId&quot;: &quot;570b7634-2234-498f-939b-440805527121&quot;,
        &quot;unAuthorizedProps&quot;: {
          &quot;visible&quot;: false,
          &quot;disabled&quot;: false
        },
        &quot;actionName&quot;: &quot;Find&quot;
      },
      {
        &quot;routePath&quot;: null,
        &quot;iconName&quot;: null,
        &quot;controllerName&quot;: &quot;Address&quot;,
        &quot;name&quot;: &quot;Address Delete&quot;,
        &quot;displayOrder&quot;: 0,
        &quot;description&quot;: null,
        &quot;id&quot;: &quot;fbfbd05c-64df-4fd5-b4b1-8ae1d6d0ab09&quot;,
        &quot;isMenu&quot;: false,
        &quot;key&quot;: &quot;Address.Delete&quot;,
        &quot;parentId&quot;: &quot;c3c514ef-1964-4c94-b13a-8bdd83a5b1cb&quot;,
        &quot;unAuthorizedProps&quot;: {
          &quot;visible&quot;: false,
          &quot;disabled&quot;: false
        },
        &quot;actionName&quot;: &quot;Delete&quot;
      },
      {
        &quot;routePath&quot;: null,
        &quot;iconName&quot;: null,
        &quot;controllerName&quot;: &quot;CouponCode&quot;,
        &quot;name&quot;: &quot;CouponCode&quot;,
        &quot;displayOrder&quot;: 0,
        &quot;description&quot;: null,
        &quot;id&quot;: &quot;b9a73bf9-fbb5-4c88-92c2-f307b6441d6a&quot;,
        &quot;isMenu&quot;: false,
        &quot;key&quot;: &quot;CouponCode.Find&quot;,
        &quot;parentId&quot;: &quot;5aaef586-e311-4265-a241-6eb9758d6541&quot;,
        &quot;unAuthorizedProps&quot;: {
          &quot;visible&quot;: false,
          &quot;disabled&quot;: false
        },
        &quot;actionName&quot;: &quot;Find&quot;
      },
      {
        &quot;routePath&quot;: null,
        &quot;iconName&quot;: null,
        &quot;controllerName&quot;: &quot;Admin&quot;,
        &quot;name&quot;: &quot;Admin Access&quot;,
        &quot;displayOrder&quot;: 0,
        &quot;description&quot;: null,
        &quot;id&quot;: &quot;3e00e509-1d51-489b-b91a-55fe8f3c6edb&quot;,
        &quot;isMenu&quot;: false,
        &quot;key&quot;: &quot;Admin.Access&quot;,
        &quot;parentId&quot;: null,
        &quot;unAuthorizedProps&quot;: {
          &quot;visible&quot;: false,
          &quot;disabled&quot;: false
        },
        &quot;actionName&quot;: &quot;Access&quot;
      },
      {
        &quot;routePath&quot;: null,
        &quot;iconName&quot;: null,
        &quot;controllerName&quot;: &quot;Campaign&quot;,
        &quot;name&quot;: &quot;Campaign Edit&quot;,
        &quot;displayOrder&quot;: 0,
        &quot;description&quot;: null,
        &quot;id&quot;: &quot;dc1d5cc3-524b-4eaa-9a9f-ee84215e1861&quot;,
        &quot;isMenu&quot;: false,
        &quot;key&quot;: &quot;Campaign.Edit&quot;,
        &quot;parentId&quot;: &quot;fd2f794b-65fb-4da6-9bdb-835c466e4321&quot;,
        &quot;unAuthorizedProps&quot;: {
          &quot;visible&quot;: false,
          &quot;disabled&quot;: false
        },
        &quot;actionName&quot;: &quot;Edit&quot;
      },
      {
        &quot;routePath&quot;: null,
        &quot;iconName&quot;: null,
        &quot;controllerName&quot;: &quot;Category&quot;,
        &quot;name&quot;: &quot;Category Delete&quot;,
        &quot;displayOrder&quot;: 0,
        &quot;description&quot;: null,
        &quot;id&quot;: &quot;b83891f7-ad63-4ffc-8ce2-54f1fe6c2655&quot;,
        &quot;isMenu&quot;: false,
        &quot;key&quot;: &quot;Category.Delete&quot;,
        &quot;parentId&quot;: &quot;9bbddb67-d7f2-44d3-8d09-6bd04f8b6f79&quot;,
        &quot;unAuthorizedProps&quot;: {
          &quot;visible&quot;: false,
          &quot;disabled&quot;: false
        },
        &quot;actionName&quot;: &quot;Delete&quot;
      },
      {
        &quot;routePath&quot;: &quot;order-history&quot;,
        &quot;iconName&quot;: &quot;orderHistorySVG&quot;,
        &quot;controllerName&quot;: &quot;Order&quot;,
        &quot;name&quot;: &quot;Order History&quot;,
        &quot;displayOrder&quot;: 110,
        &quot;description&quot;: null,
        &quot;id&quot;: &quot;14cbd334-6cd3-42b3-9b65-6bbeff98691f&quot;,
        &quot;isMenu&quot;: true,
        &quot;key&quot;: &quot;Order.History&quot;,
        &quot;parentId&quot;: &quot;872b9f8c-c48d-dfeb-de32-1be0c3c38dbb&quot;,
        &quot;unAuthorizedProps&quot;: {
          &quot;visible&quot;: false,
          &quot;disabled&quot;: false
        },
        &quot;actionName&quot;: &quot;History&quot;
      },
      {
        &quot;routePath&quot;: null,
        &quot;iconName&quot;: &quot;GetWarehousesByProductQuantities&quot;,
        &quot;controllerName&quot;: &quot;Warehouse&quot;,
        &quot;name&quot;: &quot;Warehouse GetWarehousesByProductQuantities&quot;,
        &quot;displayOrder&quot;: 0,
        &quot;description&quot;: null,
        &quot;id&quot;: &quot;03c0e9ba-00e5-4526-bed3-8b92b5ed5b00&quot;,
        &quot;isMenu&quot;: false,
        &quot;key&quot;: &quot;Warehouse.GetWarehousesByProductQuantities&quot;,
        &quot;parentId&quot;: &quot;7a99d565-0e98-95af-19bd-814011ea2417&quot;,
        &quot;unAuthorizedProps&quot;: {
          &quot;visible&quot;: false,
          &quot;disabled&quot;: false
        },
        &quot;actionName&quot;: &quot;GetWarehousesByProductQuantities&quot;
      },
      {
        &quot;routePath&quot;: null,
        &quot;iconName&quot;: null,
        &quot;controllerName&quot;: &quot;Customer&quot;,
        &quot;name&quot;: &quot;Customer Edit&quot;,
        &quot;displayOrder&quot;: 0,
        &quot;description&quot;: null,
        &quot;id&quot;: &quot;16ec7648-8864-46c1-81f8-45ca74b6d400&quot;,
        &quot;isMenu&quot;: false,
        &quot;key&quot;: &quot;Customer.Edit&quot;,
        &quot;parentId&quot;: &quot;07b60a01-5846-422c-b1c6-1c7a382dbd0e&quot;,
        &quot;unAuthorizedProps&quot;: {
          &quot;visible&quot;: false,
          &quot;disabled&quot;: false
        },
        &quot;actionName&quot;: &quot;Edit&quot;
      },
      {
        &quot;routePath&quot;: null,
        &quot;iconName&quot;: null,
        &quot;controllerName&quot;: &quot;Customer&quot;,
        &quot;name&quot;: &quot;Customer ExportForFilter&quot;,
        &quot;displayOrder&quot;: 0,
        &quot;description&quot;: null,
        &quot;id&quot;: &quot;d035c702-e74b-4f21-a90f-0e5eab19b6ed&quot;,
        &quot;isMenu&quot;: false,
        &quot;key&quot;: &quot;Customer.ExportForFilter&quot;,
        &quot;parentId&quot;: &quot;07b60a01-5846-422c-b1c6-1c7a382dbd0e&quot;,
        &quot;unAuthorizedProps&quot;: {
          &quot;visible&quot;: false,
          &quot;disabled&quot;: false
        },
        &quot;actionName&quot;: &quot;ExportForFilter&quot;
      },
      {
        &quot;routePath&quot;: null,
        &quot;iconName&quot;: &quot;UpdateIsShowOutOfStock&quot;,
        &quot;controllerName&quot;: &quot;Product&quot;,
        &quot;name&quot;: &quot;Product UpdateIsShowOutOfStock&quot;,
        &quot;displayOrder&quot;: 0,
        &quot;description&quot;: null,
        &quot;id&quot;: &quot;3b089d65-e726-4606-9e48-0fade407b41a&quot;,
        &quot;isMenu&quot;: false,
        &quot;key&quot;: &quot;Product.UpdateIsShowOutOfStock&quot;,
        &quot;parentId&quot;: &quot;1858607f-58c2-4c69-8078-f2756c5ca81e&quot;,
        &quot;unAuthorizedProps&quot;: {
          &quot;visible&quot;: false,
          &quot;disabled&quot;: false
        },
        &quot;actionName&quot;: &quot;UpdateIsShowOutOfStock&quot;
      },
      {
        &quot;routePath&quot;: null,
        &quot;iconName&quot;: null,
        &quot;controllerName&quot;: &quot;Category&quot;,
        &quot;name&quot;: &quot;Category List&quot;,
        &quot;displayOrder&quot;: 0,
        &quot;description&quot;: null,
        &quot;id&quot;: &quot;60efba66-4656-4db1-bbc9-9192afaadc42&quot;,
        &quot;isMenu&quot;: false,
        &quot;key&quot;: &quot;Category.List&quot;,
        &quot;parentId&quot;: &quot;9bbddb67-d7f2-44d3-8d09-6bd04f8b6f79&quot;,
        &quot;unAuthorizedProps&quot;: {
          &quot;visible&quot;: false,
          &quot;disabled&quot;: false
        },
        &quot;actionName&quot;: &quot;List&quot;
      },
      {
        &quot;routePath&quot;: null,
        &quot;iconName&quot;: &quot;SendOrderReceipt&quot;,
        &quot;controllerName&quot;: &quot;Order&quot;,
        &quot;name&quot;: &quot;Order SendOrderReceipt&quot;,
        &quot;displayOrder&quot;: 0,
        &quot;description&quot;: null,
        &quot;id&quot;: &quot;61f6a2b2-3170-45fd-b952-763ab434e8cb&quot;,
        &quot;isMenu&quot;: false,
        &quot;key&quot;: &quot;Order.SendOrderReceipt&quot;,
        &quot;parentId&quot;: &quot;6fa1df30-c04b-4bef-a1d1-a67c2748e0b4&quot;,
        &quot;unAuthorizedProps&quot;: {
          &quot;visible&quot;: false,
          &quot;disabled&quot;: false
        },
        &quot;actionName&quot;: &quot;SendOrderReceipt&quot;
      },
      {
        &quot;routePath&quot;: null,
        &quot;iconName&quot;: null,
        &quot;controllerName&quot;: &quot;ServiceArea&quot;,
        &quot;name&quot;: &quot;ServiceArea Index&quot;,
        &quot;displayOrder&quot;: 0,
        &quot;description&quot;: null,
        &quot;id&quot;: &quot;6510260c-2670-4f71-96ed-8f12986fb9cf&quot;,
        &quot;isMenu&quot;: false,
        &quot;key&quot;: &quot;ServiceArea.Index&quot;,
        &quot;parentId&quot;: null,
        &quot;unAuthorizedProps&quot;: {
          &quot;visible&quot;: false,
          &quot;disabled&quot;: false
        },
        &quot;actionName&quot;: &quot;Index&quot;
      },
      {
        &quot;routePath&quot;: null,
        &quot;iconName&quot;: null,
        &quot;controllerName&quot;: &quot;Order&quot;,
        &quot;name&quot;: &quot;Order ExportForFilter&quot;,
        &quot;displayOrder&quot;: 0,
        &quot;description&quot;: null,
        &quot;id&quot;: &quot;1f7586e6-8ed7-4d27-bbab-05b597a942f3&quot;,
        &quot;isMenu&quot;: false,
        &quot;key&quot;: &quot;Order.ExportForFilter&quot;,
        &quot;parentId&quot;: &quot;872b9f8c-c48d-dfeb-de32-1be0c3c38dbb&quot;,
        &quot;unAuthorizedProps&quot;: {
          &quot;visible&quot;: false,
          &quot;disabled&quot;: false
        },
        &quot;actionName&quot;: &quot;ExportForFilter&quot;
      },
      {
        &quot;routePath&quot;: null,
        &quot;iconName&quot;: &quot;delete&quot;,
        &quot;controllerName&quot;: &quot;ProductMedia&quot;,
        &quot;name&quot;: &quot;ProductMedia Delete&quot;,
        &quot;displayOrder&quot;: 0,
        &quot;description&quot;: null,
        &quot;id&quot;: &quot;f95ffe40-8464-4dd7-997a-1e5f0e4ccc4a&quot;,
        &quot;isMenu&quot;: false,
        &quot;key&quot;: &quot;ProductMedia.Delete&quot;,
        &quot;parentId&quot;: &quot;1858607f-58c2-4c69-8078-f2756c5ca81e&quot;,
        &quot;unAuthorizedProps&quot;: {
          &quot;visible&quot;: false,
          &quot;disabled&quot;: false
        },
        &quot;actionName&quot;: &quot;Delete&quot;
      },
      {
        &quot;routePath&quot;: null,
        &quot;iconName&quot;: &quot;auditSVG&quot;,
        &quot;controllerName&quot;: &quot;Audit&quot;,
        &quot;name&quot;: &quot;Audit Find&quot;,
        &quot;displayOrder&quot;: 100000,
        &quot;description&quot;: null,
        &quot;id&quot;: &quot;0817b3ef-fe5a-4be2-b10b-cd008314489e&quot;,
        &quot;isMenu&quot;: false,
        &quot;key&quot;: &quot;Audit.Find&quot;,
        &quot;parentId&quot;: &quot;76070de9-f4f5-4096-aa99-2d2bac586b44&quot;,
        &quot;unAuthorizedProps&quot;: {
          &quot;visible&quot;: false,
          &quot;disabled&quot;: false
        },
        &quot;actionName&quot;: &quot;Find&quot;
      },
      {
        &quot;routePath&quot;: null,
        &quot;iconName&quot;: null,
        &quot;controllerName&quot;: &quot;Region&quot;,
        &quot;name&quot;: &quot;Region Edit&quot;,
        &quot;displayOrder&quot;: 0,
        &quot;description&quot;: null,
        &quot;id&quot;: &quot;dab192e4-1dbc-4537-964c-b9bcf9c0e94c&quot;,
        &quot;isMenu&quot;: false,
        &quot;key&quot;: &quot;Region.Edit&quot;,
        &quot;parentId&quot;: &quot;636ed702-38d2-4f20-967d-54564a31315f&quot;,
        &quot;unAuthorizedProps&quot;: {
          &quot;visible&quot;: false,
          &quot;disabled&quot;: false
        },
        &quot;actionName&quot;: &quot;Edit&quot;
      },
      {
        &quot;routePath&quot;: null,
        &quot;iconName&quot;: null,
        &quot;controllerName&quot;: &quot;ZipCode&quot;,
        &quot;name&quot;: &quot;ZipCode Create&quot;,
        &quot;displayOrder&quot;: 0,
        &quot;description&quot;: null,
        &quot;id&quot;: &quot;a402206e-61d3-4fca-9008-34013f50378e&quot;,
        &quot;isMenu&quot;: false,
        &quot;key&quot;: &quot;ZipCode.Create&quot;,
        &quot;parentId&quot;: &quot;8aa34e38-533b-4ab7-bad7-0eaa7b5dec9c&quot;,
        &quot;unAuthorizedProps&quot;: {
          &quot;visible&quot;: false,
          &quot;disabled&quot;: false
        },
        &quot;actionName&quot;: &quot;Create&quot;
      },
      {
        &quot;routePath&quot;: null,
        &quot;iconName&quot;: null,
        &quot;controllerName&quot;: &quot;Role&quot;,
        &quot;name&quot;: &quot;Role AssignPermission&quot;,
        &quot;displayOrder&quot;: 0,
        &quot;description&quot;: null,
        &quot;id&quot;: &quot;059c1d80-0fbe-4e73-abc8-3e20a3ee2901&quot;,
        &quot;isMenu&quot;: false,
        &quot;key&quot;: &quot;Role.AssignPermission&quot;,
        &quot;parentId&quot;: &quot;e98d2f21-52f8-41cb-9b3f-fe979b5f0578&quot;,
        &quot;unAuthorizedProps&quot;: {
          &quot;visible&quot;: false,
          &quot;disabled&quot;: false
        },
        &quot;actionName&quot;: &quot;AssignPermission&quot;
      },
      {
        &quot;routePath&quot;: null,
        &quot;iconName&quot;: null,
        &quot;controllerName&quot;: &quot;Category&quot;,
        &quot;name&quot;: &quot;Category Find&quot;,
        &quot;displayOrder&quot;: 0,
        &quot;description&quot;: null,
        &quot;id&quot;: &quot;9d76a667-e500-4b4e-861b-25b97c953dd9&quot;,
        &quot;isMenu&quot;: false,
        &quot;key&quot;: &quot;Category.Find&quot;,
        &quot;parentId&quot;: &quot;9bbddb67-d7f2-44d3-8d09-6bd04f8b6f79&quot;,
        &quot;unAuthorizedProps&quot;: {
          &quot;visible&quot;: false,
          &quot;disabled&quot;: false
        },
        &quot;actionName&quot;: &quot;Find&quot;
      },
      {
        &quot;routePath&quot;: null,
        &quot;iconName&quot;: null,
        &quot;controllerName&quot;: &quot;Employee&quot;,
        &quot;name&quot;: &quot;Employee Find&quot;,
        &quot;displayOrder&quot;: 0,
        &quot;description&quot;: null,
        &quot;id&quot;: &quot;329395f5-2a4f-412c-bfa4-ba7e3d40d4b3&quot;,
        &quot;isMenu&quot;: false,
        &quot;key&quot;: &quot;Employee.Find&quot;,
        &quot;parentId&quot;: &quot;e4a8e904-698e-4596-92c3-b40206b19179&quot;,
        &quot;unAuthorizedProps&quot;: {
          &quot;visible&quot;: false,
          &quot;disabled&quot;: false
        },
        &quot;actionName&quot;: &quot;Find&quot;
      },
      {
        &quot;routePath&quot;: null,
        &quot;iconName&quot;: &quot;find&quot;,
        &quot;controllerName&quot;: &quot;Product&quot;,
        &quot;name&quot;: &quot;Product Find&quot;,
        &quot;displayOrder&quot;: 0,
        &quot;description&quot;: null,
        &quot;id&quot;: &quot;bd420774-1ffd-4fa0-b172-3f04acbb6dfa&quot;,
        &quot;isMenu&quot;: false,
        &quot;key&quot;: &quot;Product.Find&quot;,
        &quot;parentId&quot;: &quot;1858607f-58c2-4c69-8078-f2756c5ca81e&quot;,
        &quot;unAuthorizedProps&quot;: {
          &quot;visible&quot;: false,
          &quot;disabled&quot;: false
        },
        &quot;actionName&quot;: &quot;Find&quot;
      },
      {
        &quot;routePath&quot;: null,
        &quot;iconName&quot;: null,
        &quot;controllerName&quot;: &quot;Employee&quot;,
        &quot;name&quot;: &quot;Employee Edit&quot;,
        &quot;displayOrder&quot;: 0,
        &quot;description&quot;: null,
        &quot;id&quot;: &quot;d9cfda39-3a58-4e03-955d-d7f7fc173dd5&quot;,
        &quot;isMenu&quot;: false,
        &quot;key&quot;: &quot;Employee.Edit&quot;,
        &quot;parentId&quot;: &quot;e4a8e904-698e-4596-92c3-b40206b19179&quot;,
        &quot;unAuthorizedProps&quot;: {
          &quot;visible&quot;: false,
          &quot;disabled&quot;: false
        },
        &quot;actionName&quot;: &quot;Edit&quot;
      },
      {
        &quot;routePath&quot;: null,
        &quot;iconName&quot;: null,
        &quot;controllerName&quot;: &quot;Language&quot;,
        &quot;name&quot;: &quot;Language List&quot;,
        &quot;displayOrder&quot;: 0,
        &quot;description&quot;: null,
        &quot;id&quot;: &quot;2f273f27-d9dd-406e-a4d4-2faac07a3d2d&quot;,
        &quot;isMenu&quot;: false,
        &quot;key&quot;: &quot;Language.List&quot;,
        &quot;parentId&quot;: &quot;7d117917-ff5a-448f-ae1c-71b123ffabc0&quot;,
        &quot;unAuthorizedProps&quot;: {
          &quot;visible&quot;: false,
          &quot;disabled&quot;: false
        },
        &quot;actionName&quot;: &quot;List&quot;
      },
      {
        &quot;routePath&quot;: null,
        &quot;iconName&quot;: null,
        &quot;controllerName&quot;: &quot;ZipCode&quot;,
        &quot;name&quot;: &quot;ZipCode Index&quot;,
        &quot;displayOrder&quot;: 0,
        &quot;description&quot;: null,
        &quot;id&quot;: &quot;8aa34e38-533b-4ab7-bad7-0eaa7b5dec9c&quot;,
        &quot;isMenu&quot;: false,
        &quot;key&quot;: &quot;ZipCode.Index&quot;,
        &quot;parentId&quot;: null,
        &quot;unAuthorizedProps&quot;: {
          &quot;visible&quot;: false,
          &quot;disabled&quot;: false
        },
        &quot;actionName&quot;: &quot;Index&quot;
      },
      {
        &quot;routePath&quot;: null,
        &quot;iconName&quot;: null,
        &quot;controllerName&quot;: &quot;State&quot;,
        &quot;name&quot;: &quot;State Delete&quot;,
        &quot;displayOrder&quot;: 0,
        &quot;description&quot;: null,
        &quot;id&quot;: &quot;701496e5-1817-49e7-9c31-4270a4174942&quot;,
        &quot;isMenu&quot;: false,
        &quot;key&quot;: &quot;State.Delete&quot;,
        &quot;parentId&quot;: &quot;4842baa6-3b5e-40d1-ba2c-aa896962f8a7&quot;,
        &quot;unAuthorizedProps&quot;: {
          &quot;visible&quot;: false,
          &quot;disabled&quot;: false
        },
        &quot;actionName&quot;: &quot;Delete&quot;
      },
      {
        &quot;routePath&quot;: null,
        &quot;iconName&quot;: null,
        &quot;controllerName&quot;: &quot;County&quot;,
        &quot;name&quot;: &quot;County Index&quot;,
        &quot;displayOrder&quot;: 0,
        &quot;description&quot;: null,
        &quot;id&quot;: &quot;28a7ee86-bfd8-408f-97d3-82a96e1cbcc6&quot;,
        &quot;isMenu&quot;: false,
        &quot;key&quot;: &quot;County.Index&quot;,
        &quot;parentId&quot;: null,
        &quot;unAuthorizedProps&quot;: {
          &quot;visible&quot;: false,
          &quot;disabled&quot;: false
        },
        &quot;actionName&quot;: &quot;Index&quot;
      },
      {
        &quot;routePath&quot;: null,
        &quot;iconName&quot;: null,
        &quot;controllerName&quot;: &quot;Rider&quot;,
        &quot;name&quot;: &quot;Rider Delete&quot;,
        &quot;displayOrder&quot;: 0,
        &quot;description&quot;: null,
        &quot;id&quot;: &quot;b6c199d0-e33a-484b-b8c7-8c6a204541da&quot;,
        &quot;isMenu&quot;: false,
        &quot;key&quot;: &quot;Rider.Delete&quot;,
        &quot;parentId&quot;: &quot;1b716d9c-2bf6-4a16-9bd1-2214d14b6cc7&quot;,
        &quot;unAuthorizedProps&quot;: {
          &quot;visible&quot;: false,
          &quot;disabled&quot;: false
        },
        &quot;actionName&quot;: &quot;Delete&quot;
      },
      {
        &quot;routePath&quot;: null,
        &quot;iconName&quot;: null,
        &quot;controllerName&quot;: &quot;SubRegion&quot;,
        &quot;name&quot;: &quot;SubRegion Index&quot;,
        &quot;displayOrder&quot;: 0,
        &quot;description&quot;: null,
        &quot;id&quot;: &quot;5016a026-6957-41ab-8cda-9bd37afe0841&quot;,
        &quot;isMenu&quot;: false,
        &quot;key&quot;: &quot;SubRegion.Index&quot;,
        &quot;parentId&quot;: null,
        &quot;unAuthorizedProps&quot;: {
          &quot;visible&quot;: false,
          &quot;disabled&quot;: false
        },
        &quot;actionName&quot;: &quot;Index&quot;
      },
      {
        &quot;routePath&quot;: null,
        &quot;iconName&quot;: null,
        &quot;controllerName&quot;: &quot;Campaign&quot;,
        &quot;name&quot;: &quot;Campaign Create&quot;,
        &quot;displayOrder&quot;: 0,
        &quot;description&quot;: null,
        &quot;id&quot;: &quot;d165df32-e036-4e90-9f58-fa07296951f4&quot;,
        &quot;isMenu&quot;: false,
        &quot;key&quot;: &quot;Campaign.Create&quot;,
        &quot;parentId&quot;: &quot;fd2f794b-65fb-4da6-9bdb-835c466e4321&quot;,
        &quot;unAuthorizedProps&quot;: {
          &quot;visible&quot;: false,
          &quot;disabled&quot;: false
        },
        &quot;actionName&quot;: &quot;Create&quot;
      },
      {
        &quot;routePath&quot;: null,
        &quot;iconName&quot;: null,
        &quot;controllerName&quot;: &quot;Region&quot;,
        &quot;name&quot;: &quot;Region Create&quot;,
        &quot;displayOrder&quot;: 0,
        &quot;description&quot;: null,
        &quot;id&quot;: &quot;73aaaf9f-f0ae-4082-8b27-087cd854a8ae&quot;,
        &quot;isMenu&quot;: false,
        &quot;key&quot;: &quot;Region.Create&quot;,
        &quot;parentId&quot;: &quot;636ed702-38d2-4f20-967d-54564a31315f&quot;,
        &quot;unAuthorizedProps&quot;: {
          &quot;visible&quot;: false,
          &quot;disabled&quot;: false
        },
        &quot;actionName&quot;: &quot;Create&quot;
      },
      {
        &quot;routePath&quot;: &quot;audit-logs&quot;,
        &quot;iconName&quot;: &quot;auditSVG&quot;,
        &quot;controllerName&quot;: &quot;Audit&quot;,
        &quot;name&quot;: &quot;Audits&quot;,
        &quot;displayOrder&quot;: 999,
        &quot;description&quot;: null,
        &quot;id&quot;: &quot;76070de9-f4f5-4096-aa99-2d2bac586b44&quot;,
        &quot;isMenu&quot;: true,
        &quot;key&quot;: &quot;Audit.Index&quot;,
        &quot;parentId&quot;: null,
        &quot;unAuthorizedProps&quot;: {
          &quot;visible&quot;: false,
          &quot;disabled&quot;: false
        },
        &quot;actionName&quot;: &quot;Index&quot;
      },
      {
        &quot;routePath&quot;: null,
        &quot;iconName&quot;: null,
        &quot;controllerName&quot;: &quot;Order&quot;,
        &quot;name&quot;: &quot;Order PartialRefund&quot;,
        &quot;displayOrder&quot;: 0,
        &quot;description&quot;: null,
        &quot;id&quot;: &quot;5a118c25-8cae-40b6-9728-4542683e02e7&quot;,
        &quot;isMenu&quot;: false,
        &quot;key&quot;: &quot;Order.PartialRefund&quot;,
        &quot;parentId&quot;: &quot;872b9f8c-c48d-dfeb-de32-1be0c3c38dbb&quot;,
        &quot;unAuthorizedProps&quot;: {
          &quot;visible&quot;: false,
          &quot;disabled&quot;: false
        },
        &quot;actionName&quot;: &quot;PartialRefund&quot;
      },
      {
        &quot;routePath&quot;: null,
        &quot;iconName&quot;: null,
        &quot;controllerName&quot;: &quot;Permission&quot;,
        &quot;name&quot;: &quot;Permission List&quot;,
        &quot;displayOrder&quot;: 0,
        &quot;description&quot;: null,
        &quot;id&quot;: &quot;efde75e6-f926-47b4-8fc7-a190415c9625&quot;,
        &quot;isMenu&quot;: false,
        &quot;key&quot;: &quot;Permission.List&quot;,
        &quot;parentId&quot;: &quot;213aad81-551b-49f7-9d15-f11f5b9e7e88&quot;,
        &quot;unAuthorizedProps&quot;: {
          &quot;visible&quot;: false,
          &quot;disabled&quot;: false
        },
        &quot;actionName&quot;: &quot;List&quot;
      },
      {
        &quot;routePath&quot;: null,
        &quot;iconName&quot;: null,
        &quot;controllerName&quot;: &quot;Order&quot;,
        &quot;name&quot;: &quot;Order ListForFilterByActiveOrders&quot;,
        &quot;displayOrder&quot;: 0,
        &quot;description&quot;: null,
        &quot;id&quot;: &quot;5b6e6765-324b-4573-9918-6495fb653c36&quot;,
        &quot;isMenu&quot;: false,
        &quot;key&quot;: &quot;Order.ListForFilterByActiveOrders&quot;,
        &quot;parentId&quot;: &quot;872b9f8c-c48d-dfeb-de32-1be0c3c38dbb&quot;,
        &quot;unAuthorizedProps&quot;: {
          &quot;visible&quot;: false,
          &quot;disabled&quot;: false
        },
        &quot;actionName&quot;: &quot;ListForFilterByActiveOrders&quot;
      },
      {
        &quot;routePath&quot;: null,
        &quot;iconName&quot;: &quot;ChangeStatusToCompleted&quot;,
        &quot;controllerName&quot;: &quot;Order&quot;,
        &quot;name&quot;: &quot;Order ChangeStatusToCompleted&quot;,
        &quot;displayOrder&quot;: 0,
        &quot;description&quot;: null,
        &quot;id&quot;: &quot;c0d476ba-4306-46e1-b6b4-4c9e459a7724&quot;,
        &quot;isMenu&quot;: false,
        &quot;key&quot;: &quot;Order.ChangeStatusToCompleted&quot;,
        &quot;parentId&quot;: &quot;872b9f8c-c48d-dfeb-de32-1be0c3c38dbb&quot;,
        &quot;unAuthorizedProps&quot;: {
          &quot;visible&quot;: false,
          &quot;disabled&quot;: false
        },
        &quot;actionName&quot;: &quot;ChangeStatusToCompleted&quot;
      },
      {
        &quot;routePath&quot;: &quot;dashboards&quot;,
        &quot;iconName&quot;: &quot;dashboardSVG&quot;,
        &quot;controllerName&quot;: &quot;Dashboard&quot;,
        &quot;name&quot;: &quot;Analytics&quot;,
        &quot;displayOrder&quot;: 400,
        &quot;description&quot;: &quot;Analytics&quot;,
        &quot;id&quot;: &quot;05f03ef2-ee9e-466b-b024-cfa79802f9ae&quot;,
        &quot;isMenu&quot;: false,
        &quot;key&quot;: &quot;Dashboard.List&quot;,
        &quot;parentId&quot;: null,
        &quot;unAuthorizedProps&quot;: {
          &quot;visible&quot;: false,
          &quot;disabled&quot;: false
        },
        &quot;actionName&quot;: &quot;List&quot;
      },
      {
        &quot;routePath&quot;: null,
        &quot;iconName&quot;: null,
        &quot;controllerName&quot;: &quot;Warehouse&quot;,
        &quot;name&quot;: &quot;Warehouse EditWarehouseStatus&quot;,
        &quot;displayOrder&quot;: 0,
        &quot;description&quot;: null,
        &quot;id&quot;: &quot;ceb79cf6-b1a8-468b-8b15-e73bb6c3ffe9&quot;,
        &quot;isMenu&quot;: false,
        &quot;key&quot;: &quot;Warehouse.EditWarehouseStatus&quot;,
        &quot;parentId&quot;: &quot;7a99d565-0e98-95af-19bd-814011ea2417&quot;,
        &quot;unAuthorizedProps&quot;: {
          &quot;visible&quot;: false,
          &quot;disabled&quot;: false
        },
        &quot;actionName&quot;: &quot;EditWarehouseStatus&quot;
      },
      {
        &quot;routePath&quot;: null,
        &quot;iconName&quot;: null,
        &quot;controllerName&quot;: &quot;Order&quot;,
        &quot;name&quot;: &quot;Order Delete&quot;,
        &quot;displayOrder&quot;: 0,
        &quot;description&quot;: null,
        &quot;id&quot;: &quot;e7fae6f1-e5f5-48e4-ab32-c61d6457b738&quot;,
        &quot;isMenu&quot;: false,
        &quot;key&quot;: &quot;Order.Delete&quot;,
        &quot;parentId&quot;: &quot;872b9f8c-c48d-dfeb-de32-1be0c3c38dbb&quot;,
        &quot;unAuthorizedProps&quot;: {
          &quot;visible&quot;: false,
          &quot;disabled&quot;: false
        },
        &quot;actionName&quot;: &quot;Delete&quot;
      },
      {
        &quot;routePath&quot;: null,
        &quot;iconName&quot;: &quot;RemoteSearchForCouponCode&quot;,
        &quot;controllerName&quot;: &quot;CouponCode&quot;,
        &quot;name&quot;: &quot;CouponCode RemoteSearchForCouponCode&quot;,
        &quot;displayOrder&quot;: 0,
        &quot;description&quot;: null,
        &quot;id&quot;: &quot;14ed0b92-dcc7-4309-aef9-522eec12fc08&quot;,
        &quot;isMenu&quot;: false,
        &quot;key&quot;: &quot;CouponCode.RemoteSearchForCouponCode&quot;,
        &quot;parentId&quot;: null,
        &quot;unAuthorizedProps&quot;: {
          &quot;visible&quot;: false,
          &quot;disabled&quot;: false
        },
        &quot;actionName&quot;: &quot;RemoteSearchForCouponCode&quot;
      },
      {
        &quot;routePath&quot;: null,
        &quot;iconName&quot;: null,
        &quot;controllerName&quot;: &quot;LocaleResource&quot;,
        &quot;name&quot;: &quot;LocaleResource List&quot;,
        &quot;displayOrder&quot;: 0,
        &quot;description&quot;: null,
        &quot;id&quot;: &quot;1f97b83f-e4aa-4e06-b490-eca7a7c7c5ef&quot;,
        &quot;isMenu&quot;: false,
        &quot;key&quot;: &quot;LocaleResource.List&quot;,
        &quot;parentId&quot;: &quot;4c1a6c0d-765c-444a-b7c8-49e99f61d47b&quot;,
        &quot;unAuthorizedProps&quot;: {
          &quot;visible&quot;: false,
          &quot;disabled&quot;: false
        },
        &quot;actionName&quot;: &quot;List&quot;
      },
      {
        &quot;routePath&quot;: &quot;roles&quot;,
        &quot;iconName&quot;: &quot;RolesSVG&quot;,
        &quot;controllerName&quot;: &quot;Role&quot;,
        &quot;name&quot;: &quot;Roles&quot;,
        &quot;displayOrder&quot;: 650,
        &quot;description&quot;: null,
        &quot;id&quot;: &quot;e98d2f21-52f8-41cb-9b3f-fe979b5f0578&quot;,
        &quot;isMenu&quot;: true,
        &quot;key&quot;: &quot;Role.Index&quot;,
        &quot;parentId&quot;: &quot;8b04f24a-f777-5455-9d4b-5d32257d3d62&quot;,
        &quot;unAuthorizedProps&quot;: {
          &quot;visible&quot;: false,
          &quot;disabled&quot;: false
        },
        &quot;actionName&quot;: &quot;Index&quot;
      },
      {
        &quot;routePath&quot;: null,
        &quot;iconName&quot;: null,
        &quot;controllerName&quot;: &quot;SubRegion&quot;,
        &quot;name&quot;: &quot;SubRegion Delete&quot;,
        &quot;displayOrder&quot;: 0,
        &quot;description&quot;: null,
        &quot;id&quot;: &quot;df7da069-b35d-4179-a5dc-8f61beab4226&quot;,
        &quot;isMenu&quot;: false,
        &quot;key&quot;: &quot;SubRegion.Delete&quot;,
        &quot;parentId&quot;: &quot;5016a026-6957-41ab-8cda-9bd37afe0841&quot;,
        &quot;unAuthorizedProps&quot;: {
          &quot;visible&quot;: false,
          &quot;disabled&quot;: false
        },
        &quot;actionName&quot;: &quot;Delete&quot;
      },
      {
        &quot;routePath&quot;: null,
        &quot;iconName&quot;: &quot;UploadProductMedia&quot;,
        &quot;controllerName&quot;: &quot;ProductMedia&quot;,
        &quot;name&quot;: &quot;ProductMedia UploadProductMedia&quot;,
        &quot;displayOrder&quot;: 0,
        &quot;description&quot;: null,
        &quot;id&quot;: &quot;f214be5c-985b-4aaa-aa42-d49e789d5ca6&quot;,
        &quot;isMenu&quot;: false,
        &quot;key&quot;: &quot;ProductMedia.UploadProductMedia&quot;,
        &quot;parentId&quot;: &quot;1858607f-58c2-4c69-8078-f2756c5ca81e&quot;,
        &quot;unAuthorizedProps&quot;: {
          &quot;visible&quot;: false,
          &quot;disabled&quot;: false
        },
        &quot;actionName&quot;: &quot;UploadProductMedia&quot;
      },
      {
        &quot;routePath&quot;: null,
        &quot;iconName&quot;: null,
        &quot;controllerName&quot;: &quot;Order&quot;,
        &quot;name&quot;: &quot;order ListForFilter&quot;,
        &quot;displayOrder&quot;: 0,
        &quot;description&quot;: null,
        &quot;id&quot;: &quot;f12e049a-8719-46d1-9507-00d1671d7c6d&quot;,
        &quot;isMenu&quot;: false,
        &quot;key&quot;: &quot;Order.ListForFilter&quot;,
        &quot;parentId&quot;: &quot;872b9f8c-c48d-dfeb-de32-1be0c3c38dbb&quot;,
        &quot;unAuthorizedProps&quot;: {
          &quot;visible&quot;: false,
          &quot;disabled&quot;: false
        },
        &quot;actionName&quot;: &quot;ListForFilter&quot;
      },
      {
        &quot;routePath&quot;: null,
        &quot;iconName&quot;: null,
        &quot;controllerName&quot;: &quot;CouponCode&quot;,
        &quot;name&quot;: &quot;CouponCode&quot;,
        &quot;displayOrder&quot;: 0,
        &quot;description&quot;: null,
        &quot;id&quot;: &quot;d2f7e3bf-712f-4991-994f-0f3e5e6cda1b&quot;,
        &quot;isMenu&quot;: false,
        &quot;key&quot;: &quot;CouponCode.FindByCode&quot;,
        &quot;parentId&quot;: &quot;5aaef586-e311-4265-a241-6eb9758d6541&quot;,
        &quot;unAuthorizedProps&quot;: {
          &quot;visible&quot;: false,
          &quot;disabled&quot;: false
        },
        &quot;actionName&quot;: &quot;FindByCode&quot;
      }
    ],
    &quot;imageUrl&quot;: null,
    &quot;phoneCountryId&quot;: &quot;a82b2d38-c995-4339-b436-43cabf8d3651&quot;,
    &quot;email&quot;: &quot;busraozdmr.80@gmail.com&quot;
  },
  &quot;refreshToken&quot;: &quot;3PtJH3qmDEnLm+5VZ2Sj62YYIuuStPmUUFyTBwQCShoawuSYvOvjosCVxCo=&quot;
}
 
15:26:25.605 [pool-1-thread-1] INFO  com.intuit.karate - [print] employee login response --&gt; {
  &quot;expiresIn&quot;: 3.15359999934528E7,
  &quot;accessToken&quot;: &quot;eyJhbGciOiJIUzUxMiIsInR5cCI6IkpXVCJ9.eyJuYW1laWQiOiJidXNyYUBwb3Bjb3JudmFuLmNvbSIsIm5hbWUiOiJiw7zFn3JhIGLDvMWfcmEiLCJVc2VyVHlwZSI6IkVtcGxveWVlIiwiTmFtZSI6ImLDvMWfcmEgYsO8xZ9yYSIsIkVtYWlsIjoiYnVzcmFAcG9wY29ybnZhbi5jb20iLCJVc2VySWQiOiIzYzA1ZjhjMS1iMmMzLTQ0NjUtYjRlNS03NmE1ZThlNzkzYTgiLCJuYmYiOjE2NDI1OTUxODUsImV4cCI6MTY3NDEzMTE4NSwiaWF0IjoxNjQyNTk1MTg1LCJpc3MiOiJodHRwczovL3BvcGNvcm52YW4uY29tLyIsImF1ZCI6Imh0dHBzOi8vcG9wY29ybnZhbi5jb20vIn0.MV07OVA3AAD7hByIytMUelvaH0fFFe2DI23A7HxHOU1Z6ka277o5NUfzT1dOR1DPsIveIdpqwppjnLkG4rUU5Q&quot;,
  &quot;user&quot;: {
    &quot;imagePath&quot;: null,
    &quot;roles&quot;: [
      {
        &quot;name&quot;: &quot;Super Admin&quot;,
        &quot;displayOrder&quot;: 0,
        &quot;description&quot;: null,
        &quot;colorCode&quot;: null,
        &quot;id&quot;: &quot;4f1058c6-0985-4139-8302-b50df344c339&quot;
      }
    ],
    &quot;languageId&quot;: null,
    &quot;fullName&quot;: &quot;büşra büşra&quot;,
    &quot;employeeId&quot;: &quot;25010a8b-17db-438c-983d-a97e68c569b1&quot;,
    &quot;languageCode&quot;: null,
    &quot;userId&quot;: &quot;3c05f8c1-b2c3-4465-b4e5-76a5e8e793a8&quot;,
    &quot;languageName&quot;: null,
    &quot;phoneAreaCode&quot;: &quot;+373&quot;,
    &quot;phoneNumber&quot;: &quot;6667788&quot;,
    &quot;externalUserId&quot;: &quot;00000000-0000-0000-0000-000000000000&quot;,
    &quot;permissions&quot;: [
      {
        &quot;routePath&quot;: &quot;overview&quot;,
        &quot;iconName&quot;: &quot;overviewSVG&quot;,
        &quot;controllerName&quot;: &quot;Admin&quot;,
        &quot;name&quot;: &quot;Overview&quot;,
        &quot;displayOrder&quot;: 100,
        &quot;description&quot;: null,
        &quot;id&quot;: &quot;f3ef6d44-bdda-9acc-2131-8885bd8e368b&quot;,
        &quot;isMenu&quot;: false,
        &quot;key&quot;: &quot;Admin.Overview&quot;,
        &quot;parentId&quot;: null,
        &quot;unAuthorizedProps&quot;: {
          &quot;visible&quot;: false,
          &quot;disabled&quot;: false
        },
        &quot;actionName&quot;: &quot;Overview&quot;
      },
      {
        &quot;routePath&quot;: null,
        &quot;iconName&quot;: null,
        &quot;controllerName&quot;: &quot;Pusher&quot;,
        &quot;name&quot;: &quot;Pusher Auth&quot;,
        &quot;displayOrder&quot;: 0,
        &quot;description&quot;: null,
        &quot;id&quot;: &quot;d3abc4d5-0841-435b-b27e-c1f8ff8f4d9f&quot;,
        &quot;isMenu&quot;: false,
        &quot;key&quot;: &quot;Pusher.Auth&quot;,
        &quot;parentId&quot;: null,
        &quot;unAuthorizedProps&quot;: {
          &quot;visible&quot;: false,
          &quot;disabled&quot;: false
        },
        &quot;actionName&quot;: &quot;Auth&quot;
      },
      {
        &quot;routePath&quot;: null,
        &quot;iconName&quot;: null,
        &quot;controllerName&quot;: &quot;ServiceArea&quot;,
        &quot;name&quot;: &quot;ServiceArea Find&quot;,
        &quot;displayOrder&quot;: 0,
        &quot;description&quot;: null,
        &quot;id&quot;: &quot;941ff53e-a0e7-4a97-9f21-5a071749fdcf&quot;,
        &quot;isMenu&quot;: false,
        &quot;key&quot;: &quot;ServiceArea.Find&quot;,
        &quot;parentId&quot;: &quot;6510260c-2670-4f71-96ed-8f12986fb9cf&quot;,
        &quot;unAuthorizedProps&quot;: {
          &quot;visible&quot;: false,
          &quot;disabled&quot;: false
        },
        &quot;actionName&quot;: &quot;Find&quot;
      },
      {
        &quot;routePath&quot;: null,
        &quot;iconName&quot;: null,
        &quot;controllerName&quot;: &quot;CouponCode&quot;,
        &quot;name&quot;: &quot;CouponCode&quot;,
        &quot;displayOrder&quot;: 0,
        &quot;description&quot;: null,
        &quot;id&quot;: &quot;a1ea1d92-37b1-41ec-b4cf-24f205e13ced&quot;,
        &quot;isMenu&quot;: false,
        &quot;key&quot;: &quot;CouponCode.Edit&quot;,
        &quot;parentId&quot;: &quot;5aaef586-e311-4265-a241-6eb9758d6541&quot;,
        &quot;unAuthorizedProps&quot;: {
          &quot;visible&quot;: false,
          &quot;disabled&quot;: false
        },
        &quot;actionName&quot;: &quot;Edit&quot;
      },
      {
        &quot;routePath&quot;: &quot;customers&quot;,
        &quot;iconName&quot;: &quot;customerSVG&quot;,
        &quot;controllerName&quot;: &quot;Customer&quot;,
        &quot;name&quot;: &quot;Customer&quot;,
        &quot;displayOrder&quot;: 610,
        &quot;description&quot;: null,
        &quot;id&quot;: &quot;07b60a01-5846-422c-b1c6-1c7a382dbd0e&quot;,
        &quot;isMenu&quot;: true,
        &quot;key&quot;: &quot;Customer.Index&quot;,
        &quot;parentId&quot;: &quot;8b04f24a-f777-5455-9d4b-5d32257d3d62&quot;,
        &quot;unAuthorizedProps&quot;: {
          &quot;visible&quot;: false,
          &quot;disabled&quot;: false
        },
        &quot;actionName&quot;: &quot;Index&quot;
      },
      {
        &quot;routePath&quot;: null,
        &quot;iconName&quot;: null,
        &quot;controllerName&quot;: &quot;ServiceArea&quot;,
        &quot;name&quot;: &quot;ServiceArea List&quot;,
        &quot;displayOrder&quot;: 0,
        &quot;description&quot;: null,
        &quot;id&quot;: &quot;d059ba5c-c4a9-44ee-89cb-167400d65355&quot;,
        &quot;isMenu&quot;: false,
        &quot;key&quot;: &quot;ServiceArea.List&quot;,
        &quot;parentId&quot;: &quot;6510260c-2670-4f71-96ed-8f12986fb9cf&quot;,
        &quot;unAuthorizedProps&quot;: {
          &quot;visible&quot;: false,
          &quot;disabled&quot;: false
        },
        &quot;actionName&quot;: &quot;List&quot;
      },
      {
        &quot;routePath&quot;: null,
        &quot;iconName&quot;: &quot;managementSVG&quot;,
        &quot;controllerName&quot;: &quot;Product&quot;,
        &quot;name&quot;: &quot;Product / Support&quot;,
        &quot;displayOrder&quot;: 999,
        &quot;description&quot;: null,
        &quot;id&quot;: &quot;5b7cb896-ff20-4798-8468-df6c7f3be073&quot;,
        &quot;isMenu&quot;: true,
        &quot;key&quot;: &quot;Product.Main&quot;,
        &quot;parentId&quot;: null,
        &quot;unAuthorizedProps&quot;: {
          &quot;visible&quot;: false,
          &quot;disabled&quot;: false
        },
        &quot;actionName&quot;: &quot;Main&quot;
      },
      {
        &quot;routePath&quot;: null,
        &quot;iconName&quot;: null,
        &quot;controllerName&quot;: &quot;Address&quot;,
        &quot;name&quot;: &quot;Address List&quot;,
        &quot;displayOrder&quot;: 0,
        &quot;description&quot;: null,
        &quot;id&quot;: &quot;6cf101e1-86c2-4b4b-b308-33a8c9e2fd19&quot;,
        &quot;isMenu&quot;: false,
        &quot;key&quot;: &quot;Address.List&quot;,
        &quot;parentId&quot;: &quot;c3c514ef-1964-4c94-b13a-8bdd83a5b1cb&quot;,
        &quot;unAuthorizedProps&quot;: {
          &quot;visible&quot;: false,
          &quot;disabled&quot;: false
        },
        &quot;actionName&quot;: &quot;List&quot;
      },
      {
        &quot;routePath&quot;: null,
        &quot;iconName&quot;: null,
        &quot;controllerName&quot;: &quot;LocaleResource&quot;,
        &quot;name&quot;: &quot;LocaleResource Delete&quot;,
        &quot;displayOrder&quot;: 0,
        &quot;description&quot;: null,
        &quot;id&quot;: &quot;62103116-c035-44d5-aa5d-577df0b20041&quot;,
        &quot;isMenu&quot;: false,
        &quot;key&quot;: &quot;LocaleResource.Delete&quot;,
        &quot;parentId&quot;: &quot;4c1a6c0d-765c-444a-b7c8-49e99f61d47b&quot;,
        &quot;unAuthorizedProps&quot;: {
          &quot;visible&quot;: false,
          &quot;disabled&quot;: false
        },
        &quot;actionName&quot;: &quot;Delete&quot;
      },
      {
        &quot;routePath&quot;: null,
        &quot;iconName&quot;: null,
        &quot;controllerName&quot;: &quot;Address&quot;,
        &quot;name&quot;: &quot;Address Create&quot;,
        &quot;displayOrder&quot;: 0,
        &quot;description&quot;: null,
        &quot;id&quot;: &quot;ba0b5525-39db-4928-8a6a-a3c450b1d747&quot;,
        &quot;isMenu&quot;: false,
        &quot;key&quot;: &quot;Address.Create&quot;,
        &quot;parentId&quot;: &quot;c3c514ef-1964-4c94-b13a-8bdd83a5b1cb&quot;,
        &quot;unAuthorizedProps&quot;: {
          &quot;visible&quot;: false,
          &quot;disabled&quot;: false
        },
        &quot;actionName&quot;: &quot;Create&quot;
      },
      {
        &quot;routePath&quot;: null,
        &quot;iconName&quot;: &quot;ExportForFilter&quot;,
        &quot;controllerName&quot;: &quot;Product&quot;,
        &quot;name&quot;: &quot;Product ExportFinaleReplenishmentReport&quot;,
        &quot;displayOrder&quot;: 0,
        &quot;description&quot;: null,
        &quot;id&quot;: &quot;557a9551-e3b6-4022-8c65-8fefe6bc8b76&quot;,
        &quot;isMenu&quot;: false,
        &quot;key&quot;: &quot;Product.ExportFinaleReplenishmentReport&quot;,
        &quot;parentId&quot;: &quot;1858607f-58c2-4c69-8078-f2756c5ca81e&quot;,
        &quot;unAuthorizedProps&quot;: {
          &quot;visible&quot;: false,
          &quot;disabled&quot;: false
        },
        &quot;actionName&quot;: &quot;ExportFinaleReplenishmentReport&quot;
      },
      {
        &quot;routePath&quot;: null,
        &quot;iconName&quot;: null,
        &quot;controllerName&quot;: &quot;Setting&quot;,
        &quot;name&quot;: &quot;Setting Delete&quot;,
        &quot;displayOrder&quot;: 0,
        &quot;description&quot;: null,
        &quot;id&quot;: &quot;f22745ab-c49b-4b6a-8a72-58e25565418e&quot;,
        &quot;isMenu&quot;: false,
        &quot;key&quot;: &quot;Setting.Delete&quot;,
        &quot;parentId&quot;: &quot;ccc7592a-301d-4d63-aa26-09e92194ca01&quot;,
        &quot;unAuthorizedProps&quot;: {
          &quot;visible&quot;: false,
          &quot;disabled&quot;: false
        },
        &quot;actionName&quot;: &quot;Delete&quot;
      },
      {
        &quot;routePath&quot;: null,
        &quot;iconName&quot;: null,
        &quot;controllerName&quot;: &quot;Setting&quot;,
        &quot;name&quot;: &quot;Setting Edit&quot;,
        &quot;displayOrder&quot;: 0,
        &quot;description&quot;: null,
        &quot;id&quot;: &quot;368d96d0-f0f8-4a6a-a02a-10f3dc4d6813&quot;,
        &quot;isMenu&quot;: false,
        &quot;key&quot;: &quot;Setting.Edit&quot;,
        &quot;parentId&quot;: &quot;ccc7592a-301d-4d63-aa26-09e92194ca01&quot;,
        &quot;unAuthorizedProps&quot;: {
          &quot;visible&quot;: false,
          &quot;disabled&quot;: false
        },
        &quot;actionName&quot;: &quot;Edit&quot;
      },
      {
        &quot;routePath&quot;: null,
        &quot;iconName&quot;: null,
        &quot;controllerName&quot;: &quot;Warehouse&quot;,
        &quot;name&quot;: &quot;Warehouse ListWarehouseStock&quot;,
        &quot;displayOrder&quot;: 0,
        &quot;description&quot;: null,
        &quot;id&quot;: &quot;10961a78-a6c9-47aa-865a-b4d9aaab89bf&quot;,
        &quot;isMenu&quot;: false,
        &quot;key&quot;: &quot;Warehouse.ListWarehouseStock&quot;,
        &quot;parentId&quot;: &quot;7a99d565-0e98-95af-19bd-814011ea2417&quot;,
        &quot;unAuthorizedProps&quot;: {
          &quot;visible&quot;: false,
          &quot;disabled&quot;: false
        },
        &quot;actionName&quot;: &quot;ListWarehouseStock&quot;
      },
      {
        &quot;routePath&quot;: null,
        &quot;iconName&quot;: &quot;blackListSVG&quot;,
        &quot;controllerName&quot;: &quot;BlackList&quot;,
        &quot;name&quot;: &quot;Black List Create&quot;,
        &quot;displayOrder&quot;: 0,
        &quot;description&quot;: null,
        &quot;id&quot;: &quot;70d6b8cb-7f48-4cd4-a796-cad4e227ccd5&quot;,
        &quot;isMenu&quot;: false,
        &quot;key&quot;: &quot;BlackList.Create&quot;,
        &quot;parentId&quot;: &quot;d273c43d-77c8-4b88-8d35-9ec20a90bd11&quot;,
        &quot;unAuthorizedProps&quot;: {
          &quot;visible&quot;: false,
          &quot;disabled&quot;: false
        },
        &quot;actionName&quot;: &quot;Create&quot;
      },
      {
        &quot;routePath&quot;: null,
        &quot;iconName&quot;: &quot;a&quot;,
        &quot;controllerName&quot;: &quot;Customer&quot;,
        &quot;name&quot;: &quot;Customer UpdateBlockedCodeCampaign&quot;,
        &quot;displayOrder&quot;: 0,
        &quot;description&quot;: null,
        &quot;id&quot;: &quot;e3d996d8-5b07-4015-825c-c87c12952def&quot;,
        &quot;isMenu&quot;: false,
        &quot;key&quot;: &quot;Customer.UpdateBlockedCodeCampaign&quot;,
        &quot;parentId&quot;: null,
        &quot;unAuthorizedProps&quot;: {
          &quot;visible&quot;: false,
          &quot;disabled&quot;: false
        },
        &quot;actionName&quot;: &quot;UpdateBlockedCodeCampaign&quot;
      },
      {
        &quot;routePath&quot;: null,
        &quot;iconName&quot;: null,
        &quot;controllerName&quot;: &quot;Warehouse&quot;,
        &quot;name&quot;: &quot;Warehouse ExportWarehouseStock&quot;,
        &quot;displayOrder&quot;: 0,
        &quot;description&quot;: null,
        &quot;id&quot;: &quot;c9b0c169-56cc-4793-a43d-7d18a47ae863&quot;,
        &quot;isMenu&quot;: false,
        &quot;key&quot;: &quot;Warehouse.ExportWarehouseStock&quot;,
        &quot;parentId&quot;: &quot;7a99d565-0e98-95af-19bd-814011ea2417&quot;,
        &quot;unAuthorizedProps&quot;: {
          &quot;visible&quot;: false,
          &quot;disabled&quot;: false
        },
        &quot;actionName&quot;: &quot;ExportWarehouseStock&quot;
      },
      {
        &quot;routePath&quot;: null,
        &quot;iconName&quot;: &quot;SuitableWarehousesForOrder&quot;,
        &quot;controllerName&quot;: &quot;Order&quot;,
        &quot;name&quot;: &quot;Order SuitableWarehousesForOrder&quot;,
        &quot;displayOrder&quot;: 0,
        &quot;description&quot;: null,
        &quot;id&quot;: &quot;2188f2ef-08fb-4757-b6a6-d734b8d72eea&quot;,
        &quot;isMenu&quot;: false,
        &quot;key&quot;: &quot;Order.SuitableWarehousesForOrder&quot;,
        &quot;parentId&quot;: &quot;872b9f8c-c48d-dfeb-de32-1be0c3c38dbb&quot;,
        &quot;unAuthorizedProps&quot;: {
          &quot;visible&quot;: false,
          &quot;disabled&quot;: false
        },
        &quot;actionName&quot;: &quot;SuitableWarehousesForOrder&quot;
      },
      {
        &quot;routePath&quot;: &quot;products&quot;,
        &quot;iconName&quot;: &quot;productSVG&quot;,
        &quot;controllerName&quot;: &quot;Product&quot;,
        &quot;name&quot;: &quot;Product&quot;,
        &quot;displayOrder&quot;: 390,
        &quot;description&quot;: null,
        &quot;id&quot;: &quot;1858607f-58c2-4c69-8078-f2756c5ca81e&quot;,
        &quot;isMenu&quot;: true,
        &quot;key&quot;: &quot;Product.Index&quot;,
        &quot;parentId&quot;: &quot;8b40e125-ffeb-4cf1-ba4b-0ac72aac09d9&quot;,
        &quot;unAuthorizedProps&quot;: {
          &quot;visible&quot;: false,
          &quot;disabled&quot;: false
        },
        &quot;actionName&quot;: &quot;Index&quot;
      },
      {
        &quot;routePath&quot;: null,
        &quot;iconName&quot;: &quot;blackListSVG&quot;,
        &quot;controllerName&quot;: &quot;BlackList&quot;,
        &quot;name&quot;: &quot;Black List Edit&quot;,
        &quot;displayOrder&quot;: 0,
        &quot;description&quot;: null,
        &quot;id&quot;: &quot;8935ed07-0379-4235-99d4-2188e923639a&quot;,
        &quot;isMenu&quot;: false,
        &quot;key&quot;: &quot;BlackList.Edit&quot;,
        &quot;parentId&quot;: &quot;d273c43d-77c8-4b88-8d35-9ec20a90bd11&quot;,
        &quot;unAuthorizedProps&quot;: {
          &quot;visible&quot;: false,
          &quot;disabled&quot;: false
        },
        &quot;actionName&quot;: &quot;Edit&quot;
      },
      {
        &quot;routePath&quot;: null,
        &quot;iconName&quot;: null,
        &quot;controllerName&quot;: &quot;Rider&quot;,
        &quot;name&quot;: &quot;Rider Find&quot;,
        &quot;displayOrder&quot;: 0,
        &quot;description&quot;: null,
        &quot;id&quot;: &quot;438a4584-500a-47a2-810f-012e4743a389&quot;,
        &quot;isMenu&quot;: false,
        &quot;key&quot;: &quot;Rider.Find&quot;,
        &quot;parentId&quot;: &quot;1b716d9c-2bf6-4a16-9bd1-2214d14b6cc7&quot;,
        &quot;unAuthorizedProps&quot;: {
          &quot;visible&quot;: false,
          &quot;disabled&quot;: false
        },
        &quot;actionName&quot;: &quot;Find&quot;
      },
      {
        &quot;routePath&quot;: null,
        &quot;iconName&quot;: null,
        &quot;controllerName&quot;: &quot;Rider&quot;,
        &quot;name&quot;: &quot;Rider List&quot;,
        &quot;displayOrder&quot;: 0,
        &quot;description&quot;: null,
        &quot;id&quot;: &quot;94789829-bd1b-44a3-ae1a-2c4ecf20e3b3&quot;,
        &quot;isMenu&quot;: false,
        &quot;key&quot;: &quot;Rider.List&quot;,
        &quot;parentId&quot;: &quot;1b716d9c-2bf6-4a16-9bd1-2214d14b6cc7&quot;,
        &quot;unAuthorizedProps&quot;: {
          &quot;visible&quot;: false,
          &quot;disabled&quot;: false
        },
        &quot;actionName&quot;: &quot;List&quot;
      },
      {
        &quot;routePath&quot;: null,
        &quot;iconName&quot;: null,
        &quot;controllerName&quot;: &quot;CouponCode&quot;,
        &quot;name&quot;: &quot;CouponCode&quot;,
        &quot;displayOrder&quot;: 0,
        &quot;description&quot;: null,
        &quot;id&quot;: &quot;82a51ef5-f9a9-4a9d-9bc4-241cda2df051&quot;,
        &quot;isMenu&quot;: false,
        &quot;key&quot;: &quot;CouponCode.Create&quot;,
        &quot;parentId&quot;: &quot;5aaef586-e311-4265-a241-6eb9758d6541&quot;,
        &quot;unAuthorizedProps&quot;: {
          &quot;visible&quot;: false,
          &quot;disabled&quot;: false
        },
        &quot;actionName&quot;: &quot;Create&quot;
      },
      {
        &quot;routePath&quot;: null,
        &quot;iconName&quot;: null,
        &quot;controllerName&quot;: &quot;Warehouse&quot;,
        &quot;name&quot;: &quot;Warehouse Create&quot;,
        &quot;displayOrder&quot;: 0,
        &quot;description&quot;: null,
        &quot;id&quot;: &quot;26bd14df-9135-4f4d-8468-6c439e8a737f&quot;,
        &quot;isMenu&quot;: false,
        &quot;key&quot;: &quot;Warehouse.Create&quot;,
        &quot;parentId&quot;: &quot;7a99d565-0e98-95af-19bd-814011ea2417&quot;,
        &quot;unAuthorizedProps&quot;: {
          &quot;visible&quot;: false,
          &quot;disabled&quot;: false
        },
        &quot;actionName&quot;: &quot;Create&quot;
      },
      {
        &quot;routePath&quot;: null,
        &quot;iconName&quot;: null,
        &quot;controllerName&quot;: &quot;CouponCode&quot;,
        &quot;name&quot;: &quot;Find Coupon Code By User Id&quot;,
        &quot;displayOrder&quot;: 0,
        &quot;description&quot;: null,
        &quot;id&quot;: &quot;75b2daf0-42e8-4ad7-b6a4-811d06d87c74&quot;,
        &quot;isMenu&quot;: false,
        &quot;key&quot;: &quot;CouponCode.FindByUserId&quot;,
        &quot;parentId&quot;: &quot;5aaef586-e311-4265-a241-6eb9758d6541&quot;,
        &quot;unAuthorizedProps&quot;: {
          &quot;visible&quot;: false,
          &quot;disabled&quot;: false
        },
        &quot;actionName&quot;: &quot;FindByUserId&quot;
      },
      {
        &quot;routePath&quot;: null,
        &quot;iconName&quot;: null,
        &quot;controllerName&quot;: &quot;Language&quot;,
        &quot;name&quot;: &quot;Language Index&quot;,
        &quot;displayOrder&quot;: 0,
        &quot;description&quot;: null,
        &quot;id&quot;: &quot;7d117917-ff5a-448f-ae1c-71b123ffabc0&quot;,
        &quot;isMenu&quot;: false,
        &quot;key&quot;: &quot;Language.Index&quot;,
        &quot;parentId&quot;: null,
        &quot;unAuthorizedProps&quot;: {
          &quot;visible&quot;: false,
          &quot;disabled&quot;: false
        },
        &quot;actionName&quot;: &quot;Index&quot;
      },
      {
        &quot;routePath&quot;: null,
        &quot;iconName&quot;: null,
        &quot;controllerName&quot;: &quot;Campaign&quot;,
        &quot;name&quot;: &quot;Campaign Find&quot;,
        &quot;displayOrder&quot;: 0,
        &quot;description&quot;: null,
        &quot;id&quot;: &quot;00b581e0-ec91-4feb-a7e7-f1b9101ad482&quot;,
        &quot;isMenu&quot;: false,
        &quot;key&quot;: &quot;Campaign.Find&quot;,
        &quot;parentId&quot;: &quot;fd2f794b-65fb-4da6-9bdb-835c466e4321&quot;,
        &quot;unAuthorizedProps&quot;: {
          &quot;visible&quot;: false,
          &quot;disabled&quot;: false
        },
        &quot;actionName&quot;: &quot;Find&quot;
      },
      {
        &quot;routePath&quot;: null,
        &quot;iconName&quot;: null,
        &quot;controllerName&quot;: &quot;Setting&quot;,
        &quot;name&quot;: &quot;Setting List&quot;,
        &quot;displayOrder&quot;: 0,
        &quot;description&quot;: null,
        &quot;id&quot;: &quot;9f68e0f0-57dc-4148-bd76-fb8c2a970786&quot;,
        &quot;isMenu&quot;: false,
        &quot;key&quot;: &quot;Setting.List&quot;,
        &quot;parentId&quot;: &quot;ccc7592a-301d-4d63-aa26-09e92194ca01&quot;,
        &quot;unAuthorizedProps&quot;: {
          &quot;visible&quot;: false,
          &quot;disabled&quot;: false
        },
        &quot;actionName&quot;: &quot;List&quot;
      },
      {
        &quot;routePath&quot;: null,
        &quot;iconName&quot;: null,
        &quot;controllerName&quot;: &quot;ServiceArea&quot;,
        &quot;name&quot;: &quot;ServiceArea UpdateGeoJson&quot;,
        &quot;displayOrder&quot;: 0,
        &quot;description&quot;: null,
        &quot;id&quot;: &quot;02e62924-50d4-4bc5-9403-2254969f04c0&quot;,
        &quot;isMenu&quot;: false,
        &quot;key&quot;: &quot;ServiceArea.UpdateGeoJson&quot;,
        &quot;parentId&quot;: &quot;6510260c-2670-4f71-96ed-8f12986fb9cf&quot;,
        &quot;unAuthorizedProps&quot;: {
          &quot;visible&quot;: false,
          &quot;disabled&quot;: false
        },
        &quot;actionName&quot;: &quot;UpdateGeoJson&quot;
      },
      {
        &quot;routePath&quot;: null,
        &quot;iconName&quot;: null,
        &quot;controllerName&quot;: &quot;Order&quot;,
        &quot;name&quot;: &quot;Order DeleteOrderItemCheck&quot;,
        &quot;displayOrder&quot;: 0,
        &quot;description&quot;: null,
        &quot;id&quot;: &quot;e07b0bce-91e5-4399-857b-936f93c302dd&quot;,
        &quot;isMenu&quot;: false,
        &quot;key&quot;: &quot;Order.DeleteOrderItemCheck&quot;,
        &quot;parentId&quot;: &quot;872b9f8c-c48d-dfeb-de32-1be0c3c38dbb&quot;,
        &quot;unAuthorizedProps&quot;: {
          &quot;visible&quot;: false,
          &quot;disabled&quot;: false
        },
        &quot;actionName&quot;: &quot;DeleteOrderItemCheck&quot;
      },
      {
        &quot;routePath&quot;: &quot;warehouses&quot;,
        &quot;iconName&quot;: &quot;warehousesSVG&quot;,
        &quot;controllerName&quot;: &quot;Warehouse&quot;,
        &quot;name&quot;: &quot;Warehouses&quot;,
        &quot;displayOrder&quot;: 500,
        &quot;description&quot;: null,
        &quot;id&quot;: &quot;7a99d565-0e98-95af-19bd-814011ea2417&quot;,
        &quot;isMenu&quot;: true,
        &quot;key&quot;: &quot;Warehouse.Index&quot;,
        &quot;parentId&quot;: null,
        &quot;unAuthorizedProps&quot;: {
          &quot;visible&quot;: false,
          &quot;disabled&quot;: false
        },
        &quot;actionName&quot;: &quot;Index&quot;
      },
      {
        &quot;routePath&quot;: null,
        &quot;iconName&quot;: null,
        &quot;controllerName&quot;: &quot;Category&quot;,
        &quot;name&quot;: &quot;Category Create&quot;,
        &quot;displayOrder&quot;: 0,
        &quot;description&quot;: null,
        &quot;id&quot;: &quot;ec3b6666-e8bf-4426-bb0a-6c46f175b9da&quot;,
        &quot;isMenu&quot;: false,
        &quot;key&quot;: &quot;Category.Create&quot;,
        &quot;parentId&quot;: &quot;9bbddb67-d7f2-44d3-8d09-6bd04f8b6f79&quot;,
        &quot;unAuthorizedProps&quot;: {
          &quot;visible&quot;: false,
          &quot;disabled&quot;: false
        },
        &quot;actionName&quot;: &quot;Create&quot;
      },
      {
        &quot;routePath&quot;: null,
        &quot;iconName&quot;: null,
        &quot;controllerName&quot;: &quot;Campaign&quot;,
        &quot;name&quot;: &quot;Campaign ListForFilter&quot;,
        &quot;displayOrder&quot;: 0,
        &quot;description&quot;: null,
        &quot;id&quot;: &quot;d4f0750c-5811-4863-9808-a95b2ab92af4&quot;,
        &quot;isMenu&quot;: false,
        &quot;key&quot;: &quot;Campaign.ListForFilter&quot;,
        &quot;parentId&quot;: &quot;fd2f794b-65fb-4da6-9bdb-835c466e4321&quot;,
        &quot;unAuthorizedProps&quot;: {
          &quot;visible&quot;: false,
          &quot;disabled&quot;: false
        },
        &quot;actionName&quot;: &quot;ListForFilter&quot;
      },
      {
        &quot;routePath&quot;: null,
        &quot;iconName&quot;: null,
        &quot;controllerName&quot;: &quot;Country&quot;,
        &quot;name&quot;: &quot;Country Find&quot;,
        &quot;displayOrder&quot;: 0,
        &quot;description&quot;: null,
        &quot;id&quot;: &quot;869a6e82-0d19-4ae8-a655-99db08529c33&quot;,
        &quot;isMenu&quot;: false,
        &quot;key&quot;: &quot;Country.Find&quot;,
        &quot;parentId&quot;: &quot;9c15db73-badc-4894-ab1b-d8261bac91c2&quot;,
        &quot;unAuthorizedProps&quot;: {
          &quot;visible&quot;: false,
          &quot;disabled&quot;: false
        },
        &quot;actionName&quot;: &quot;Find&quot;
      },
      {
        &quot;routePath&quot;: null,
        &quot;iconName&quot;: null,
        &quot;controllerName&quot;: &quot;SubRegion&quot;,
        &quot;name&quot;: &quot;SubRegion List&quot;,
        &quot;displayOrder&quot;: 0,
        &quot;description&quot;: null,
        &quot;id&quot;: &quot;75d1a3dc-c6ed-4c21-952e-54972310aeb7&quot;,
        &quot;isMenu&quot;: false,
        &quot;key&quot;: &quot;SubRegion.List&quot;,
        &quot;parentId&quot;: &quot;5016a026-6957-41ab-8cda-9bd37afe0841&quot;,
        &quot;unAuthorizedProps&quot;: {
          &quot;visible&quot;: false,
          &quot;disabled&quot;: false
        },
        &quot;actionName&quot;: &quot;List&quot;
      },
      {
        &quot;routePath&quot;: null,
        &quot;iconName&quot;: null,
        &quot;controllerName&quot;: &quot;Rider&quot;,
        &quot;name&quot;: &quot;Rider Edit&quot;,
        &quot;displayOrder&quot;: 0,
        &quot;description&quot;: null,
        &quot;id&quot;: &quot;8277937b-eb57-49db-b4e2-b71ca38abd9c&quot;,
        &quot;isMenu&quot;: false,
        &quot;key&quot;: &quot;Rider.Edit&quot;,
        &quot;parentId&quot;: &quot;1b716d9c-2bf6-4a16-9bd1-2214d14b6cc7&quot;,
        &quot;unAuthorizedProps&quot;: {
          &quot;visible&quot;: false,
          &quot;disabled&quot;: false
        },
        &quot;actionName&quot;: &quot;Edit&quot;
      },
      {
        &quot;routePath&quot;: null,
        &quot;iconName&quot;: null,
        &quot;controllerName&quot;: &quot;Setting&quot;,
        &quot;name&quot;: &quot;Setting Create&quot;,
        &quot;displayOrder&quot;: 0,
        &quot;description&quot;: null,
        &quot;id&quot;: &quot;238383c9-3a34-4c8a-b2a2-85f813a6f40a&quot;,
        &quot;isMenu&quot;: false,
        &quot;key&quot;: &quot;Setting.Create&quot;,
        &quot;parentId&quot;: &quot;ccc7592a-301d-4d63-aa26-09e92194ca01&quot;,
        &quot;unAuthorizedProps&quot;: {
          &quot;visible&quot;: false,
          &quot;disabled&quot;: false
        },
        &quot;actionName&quot;: &quot;Create&quot;
      },
      {
        &quot;routePath&quot;: null,
        &quot;iconName&quot;: null,
        &quot;controllerName&quot;: &quot;CouponCode&quot;,
        &quot;name&quot;: &quot;CouponCode&quot;,
        &quot;displayOrder&quot;: 0,
        &quot;description&quot;: null,
        &quot;id&quot;: &quot;d28ce774-c331-4733-b98f-c83f04e8c752&quot;,
        &quot;isMenu&quot;: false,
        &quot;key&quot;: &quot;CouponCode.Delete&quot;,
        &quot;parentId&quot;: &quot;5aaef586-e311-4265-a241-6eb9758d6541&quot;,
        &quot;unAuthorizedProps&quot;: {
          &quot;visible&quot;: false,
          &quot;disabled&quot;: false
        },
        &quot;actionName&quot;: &quot;Delete&quot;
      },
      {
        &quot;routePath&quot;: null,
        &quot;iconName&quot;: null,
        &quot;controllerName&quot;: &quot;Permission&quot;,
        &quot;name&quot;: &quot;Permission Create&quot;,
        &quot;displayOrder&quot;: 0,
        &quot;description&quot;: null,
        &quot;id&quot;: &quot;a1a303e1-73f3-40d4-b748-a725546f5ea8&quot;,
        &quot;isMenu&quot;: false,
        &quot;key&quot;: &quot;Permission.Create&quot;,
        &quot;parentId&quot;: &quot;213aad81-551b-49f7-9d15-f11f5b9e7e88&quot;,
        &quot;unAuthorizedProps&quot;: {
          &quot;visible&quot;: false,
          &quot;disabled&quot;: false
        },
        &quot;actionName&quot;: &quot;Create&quot;
      },
      {
        &quot;routePath&quot;: null,
        &quot;iconName&quot;: null,
        &quot;controllerName&quot;: &quot;Language&quot;,
        &quot;name&quot;: &quot;Language Delete&quot;,
        &quot;displayOrder&quot;: 0,
        &quot;description&quot;: null,
        &quot;id&quot;: &quot;16b92a62-28f2-4a62-b810-9d341253ffef&quot;,
        &quot;isMenu&quot;: false,
        &quot;key&quot;: &quot;Language.Delete&quot;,
        &quot;parentId&quot;: &quot;7d117917-ff5a-448f-ae1c-71b123ffabc0&quot;,
        &quot;unAuthorizedProps&quot;: {
          &quot;visible&quot;: false,
          &quot;disabled&quot;: false
        },
        &quot;actionName&quot;: &quot;Delete&quot;
      },
      {
        &quot;routePath&quot;: null,
        &quot;iconName&quot;: null,
        &quot;controllerName&quot;: &quot;Order&quot;,
        &quot;name&quot;: &quot;Order Find&quot;,
        &quot;displayOrder&quot;: 0,
        &quot;description&quot;: null,
        &quot;id&quot;: &quot;28593029-bc36-4e20-86b9-c1703b181edd&quot;,
        &quot;isMenu&quot;: false,
        &quot;key&quot;: &quot;Order.Find&quot;,
        &quot;parentId&quot;: &quot;872b9f8c-c48d-dfeb-de32-1be0c3c38dbb&quot;,
        &quot;unAuthorizedProps&quot;: {
          &quot;visible&quot;: false,
          &quot;disabled&quot;: false
        },
        &quot;actionName&quot;: &quot;Find&quot;
      },
      {
        &quot;routePath&quot;: null,
        &quot;iconName&quot;: null,
        &quot;controllerName&quot;: &quot;SubRegion&quot;,
        &quot;name&quot;: &quot;SubRegion Create&quot;,
        &quot;displayOrder&quot;: 0,
        &quot;description&quot;: null,
        &quot;id&quot;: &quot;5645a151-6053-4f7b-ab7b-d8503cbb1aba&quot;,
        &quot;isMenu&quot;: false,
        &quot;key&quot;: &quot;SubRegion.Create&quot;,
        &quot;parentId&quot;: &quot;5016a026-6957-41ab-8cda-9bd37afe0841&quot;,
        &quot;unAuthorizedProps&quot;: {
          &quot;visible&quot;: false,
          &quot;disabled&quot;: false
        },
        &quot;actionName&quot;: &quot;Create&quot;
      },
      {
        &quot;routePath&quot;: &quot;dashboards&quot;,
        &quot;iconName&quot;: &quot;dashboardSVG&quot;,
        &quot;controllerName&quot;: &quot;Dashboard&quot;,
        &quot;name&quot;: &quot;Analytics&quot;,
        &quot;displayOrder&quot;: 300,
        &quot;description&quot;: null,
        &quot;id&quot;: &quot;0b0fd9e8-2ae5-40f8-9373-deafc8c5770d&quot;,
        &quot;isMenu&quot;: true,
        &quot;key&quot;: &quot;Dashboard.Index&quot;,
        &quot;parentId&quot;: null,
        &quot;unAuthorizedProps&quot;: {
          &quot;visible&quot;: false,
          &quot;disabled&quot;: false
        },
        &quot;actionName&quot;: &quot;Index&quot;
      },
      {
        &quot;routePath&quot;: null,
        &quot;iconName&quot;: null,
        &quot;controllerName&quot;: &quot;ServiceArea&quot;,
        &quot;name&quot;: &quot;ServiceArea Edit&quot;,
        &quot;displayOrder&quot;: 0,
        &quot;description&quot;: null,
        &quot;id&quot;: &quot;dccac413-6147-41f2-a093-0f85c770405a&quot;,
        &quot;isMenu&quot;: false,
        &quot;key&quot;: &quot;ServiceArea.Edit&quot;,
        &quot;parentId&quot;: &quot;6510260c-2670-4f71-96ed-8f12986fb9cf&quot;,
        &quot;unAuthorizedProps&quot;: {
          &quot;visible&quot;: false,
          &quot;disabled&quot;: false
        },
        &quot;actionName&quot;: &quot;Edit&quot;
      },
      {
        &quot;routePath&quot;: null,
        &quot;iconName&quot;: null,
        &quot;controllerName&quot;: &quot;Employee&quot;,
        &quot;name&quot;: &quot;Employee Create&quot;,
        &quot;displayOrder&quot;: 0,
        &quot;description&quot;: null,
        &quot;id&quot;: &quot;c5270ce8-af43-4c0c-aae3-461b204b6154&quot;,
        &quot;isMenu&quot;: false,
        &quot;key&quot;: &quot;Employee.Create&quot;,
        &quot;parentId&quot;: &quot;e4a8e904-698e-4596-92c3-b40206b19179&quot;,
        &quot;unAuthorizedProps&quot;: {
          &quot;visible&quot;: false,
          &quot;disabled&quot;: false
        },
        &quot;actionName&quot;: &quot;Create&quot;
      },
      {
        &quot;routePath&quot;: null,
        &quot;iconName&quot;: null,
        &quot;controllerName&quot;: &quot;Order&quot;,
        &quot;name&quot;: &quot;Order List&quot;,
        &quot;displayOrder&quot;: 0,
        &quot;description&quot;: null,
        &quot;id&quot;: &quot;5644a0fc-aab8-4a88-9bcc-a71f29a6bb49&quot;,
        &quot;isMenu&quot;: false,
        &quot;key&quot;: &quot;Order.List&quot;,
        &quot;parentId&quot;: &quot;872b9f8c-c48d-dfeb-de32-1be0c3c38dbb&quot;,
        &quot;unAuthorizedProps&quot;: {
          &quot;visible&quot;: false,
          &quot;disabled&quot;: false
        },
        &quot;actionName&quot;: &quot;List&quot;
      },
      {
        &quot;routePath&quot;: null,
        &quot;iconName&quot;: null,
        &quot;controllerName&quot;: &quot;Language&quot;,
        &quot;name&quot;: &quot;Language Find&quot;,
        &quot;displayOrder&quot;: 0,
        &quot;description&quot;: null,
        &quot;id&quot;: &quot;ac47e514-e60f-466f-a16c-401a478bbce7&quot;,
        &quot;isMenu&quot;: false,
        &quot;key&quot;: &quot;Language.Find&quot;,
        &quot;parentId&quot;: &quot;7d117917-ff5a-448f-ae1c-71b123ffabc0&quot;,
        &quot;unAuthorizedProps&quot;: {
          &quot;visible&quot;: false,
          &quot;disabled&quot;: false
        },
        &quot;actionName&quot;: &quot;Find&quot;
      },
      {
        &quot;routePath&quot;: null,
        &quot;iconName&quot;: null,
        &quot;controllerName&quot;: &quot;Employee&quot;,
        &quot;name&quot;: &quot;Employee List&quot;,
        &quot;displayOrder&quot;: 0,
        &quot;description&quot;: null,
        &quot;id&quot;: &quot;85b2a11c-84bd-40bf-87b5-226546bb7272&quot;,
        &quot;isMenu&quot;: false,
        &quot;key&quot;: &quot;Employee.List&quot;,
        &quot;parentId&quot;: &quot;e4a8e904-698e-4596-92c3-b40206b19179&quot;,
        &quot;unAuthorizedProps&quot;: {
          &quot;visible&quot;: false,
          &quot;disabled&quot;: false
        },
        &quot;actionName&quot;: &quot;List&quot;
      },
      {
        &quot;routePath&quot;: null,
        &quot;iconName&quot;: null,
        &quot;controllerName&quot;: &quot;Country&quot;,
        &quot;name&quot;: &quot;Country Delete&quot;,
        &quot;displayOrder&quot;: 0,
        &quot;description&quot;: null,
        &quot;id&quot;: &quot;6107f9a1-4fbe-46fc-82eb-55acf38ead7d&quot;,
        &quot;isMenu&quot;: false,
        &quot;key&quot;: &quot;Country.Delete&quot;,
        &quot;parentId&quot;: &quot;9c15db73-badc-4894-ab1b-d8261bac91c2&quot;,
        &quot;unAuthorizedProps&quot;: {
          &quot;visible&quot;: false,
          &quot;disabled&quot;: false
        },
        &quot;actionName&quot;: &quot;Delete&quot;
      },
      {
        &quot;routePath&quot;: null,
        &quot;iconName&quot;: null,
        &quot;controllerName&quot;: &quot;Category&quot;,
        &quot;name&quot;: &quot;Category ListForFilter&quot;,
        &quot;displayOrder&quot;: 0,
        &quot;description&quot;: null,
        &quot;id&quot;: &quot;f057072d-c8d8-4140-880a-ad2a61df8381&quot;,
        &quot;isMenu&quot;: false,
        &quot;key&quot;: &quot;Category.ListForFilter&quot;,
        &quot;parentId&quot;: &quot;9bbddb67-d7f2-44d3-8d09-6bd04f8b6f79&quot;,
        &quot;unAuthorizedProps&quot;: {
          &quot;visible&quot;: false,
          &quot;disabled&quot;: false
        },
        &quot;actionName&quot;: &quot;ListForFilter&quot;
      },
      {
        &quot;routePath&quot;: &quot;categories&quot;,
        &quot;iconName&quot;: &quot;categorySVG&quot;,
        &quot;controllerName&quot;: &quot;Category&quot;,
        &quot;name&quot;: &quot;Categories&quot;,
        &quot;displayOrder&quot;: 400,
        &quot;description&quot;: null,
        &quot;id&quot;: &quot;501d66f1-cdeb-4f10-85d2-6e00d60e36c9&quot;,
        &quot;isMenu&quot;: true,
        &quot;key&quot;: &quot;Category.Index&quot;,
        &quot;parentId&quot;: &quot;8b40e125-ffeb-4cf1-ba4b-0ac72aac09d9&quot;,
        &quot;unAuthorizedProps&quot;: {
          &quot;visible&quot;: false,
          &quot;disabled&quot;: false
        },
        &quot;actionName&quot;: &quot;Index&quot;
      },
      {
        &quot;routePath&quot;: null,
        &quot;iconName&quot;: null,
        &quot;controllerName&quot;: &quot;ZipCode&quot;,
        &quot;name&quot;: &quot;ZipCode Edit&quot;,
        &quot;displayOrder&quot;: 0,
        &quot;description&quot;: null,
        &quot;id&quot;: &quot;a5fdf875-fb0a-456a-bd3d-8428d97760af&quot;,
        &quot;isMenu&quot;: false,
        &quot;key&quot;: &quot;ZipCode.Edit&quot;,
        &quot;parentId&quot;: &quot;8aa34e38-533b-4ab7-bad7-0eaa7b5dec9c&quot;,
        &quot;unAuthorizedProps&quot;: {
          &quot;visible&quot;: false,
          &quot;disabled&quot;: false
        },
        &quot;actionName&quot;: &quot;Edit&quot;
      },
      {
        &quot;routePath&quot;: null,
        &quot;iconName&quot;: null,
        &quot;controllerName&quot;: &quot;Order&quot;,
        &quot;name&quot;: &quot;Order FindOrdersByUserId&quot;,
        &quot;displayOrder&quot;: 0,
        &quot;description&quot;: null,
        &quot;id&quot;: &quot;68d99af4-6abe-48d5-9ef2-c1cdb594e356&quot;,
        &quot;isMenu&quot;: false,
        &quot;key&quot;: &quot;Order.FindOrdersByUserId&quot;,
        &quot;parentId&quot;: &quot;872b9f8c-c48d-dfeb-de32-1be0c3c38dbb&quot;,
        &quot;unAuthorizedProps&quot;: {
          &quot;visible&quot;: false,
          &quot;disabled&quot;: false
        },
        &quot;actionName&quot;: &quot;FindOrdersByUserId&quot;
      },
      {
        &quot;routePath&quot;: null,
        &quot;iconName&quot;: null,
        &quot;controllerName&quot;: &quot;Address&quot;,
        &quot;name&quot;: &quot;Address Index&quot;,
        &quot;displayOrder&quot;: 0,
        &quot;description&quot;: null,
        &quot;id&quot;: &quot;c3c514ef-1964-4c94-b13a-8bdd83a5b1cb&quot;,
        &quot;isMenu&quot;: false,
        &quot;key&quot;: &quot;Address.Index&quot;,
        &quot;parentId&quot;: null,
        &quot;unAuthorizedProps&quot;: {
          &quot;visible&quot;: false,
          &quot;disabled&quot;: false
        },
        &quot;actionName&quot;: &quot;Index&quot;
      },
      {
        &quot;routePath&quot;: null,
        &quot;iconName&quot;: null,
        &quot;controllerName&quot;: &quot;State&quot;,
        &quot;name&quot;: &quot;State Find&quot;,
        &quot;displayOrder&quot;: 0,
        &quot;description&quot;: null,
        &quot;id&quot;: &quot;749873e1-e852-4fc8-ab64-f1da0b433957&quot;,
        &quot;isMenu&quot;: false,
        &quot;key&quot;: &quot;State.Find&quot;,
        &quot;parentId&quot;: &quot;4842baa6-3b5e-40d1-ba2c-aa896962f8a7&quot;,
        &quot;unAuthorizedProps&quot;: {
          &quot;visible&quot;: false,
          &quot;disabled&quot;: false
        },
        &quot;actionName&quot;: &quot;Find&quot;
      },
      {
        &quot;routePath&quot;: null,
        &quot;iconName&quot;: null,
        &quot;controllerName&quot;: &quot;Order&quot;,
        &quot;name&quot;: &quot;Order Edit&quot;,
        &quot;displayOrder&quot;: 0,
        &quot;description&quot;: null,
        &quot;id&quot;: &quot;9ae4817f-4442-47af-a281-0b3c0d40862e&quot;,
        &quot;isMenu&quot;: false,
        &quot;key&quot;: &quot;Order.Edit&quot;,
        &quot;parentId&quot;: &quot;872b9f8c-c48d-dfeb-de32-1be0c3c38dbb&quot;,
        &quot;unAuthorizedProps&quot;: {
          &quot;visible&quot;: false,
          &quot;disabled&quot;: false
        },
        &quot;actionName&quot;: &quot;Edit&quot;
      },
      {
        &quot;routePath&quot;: null,
        &quot;iconName&quot;: null,
        &quot;controllerName&quot;: &quot;Customer&quot;,
        &quot;name&quot;: &quot;Customer RemoteSearchForCustomer&quot;,
        &quot;displayOrder&quot;: 0,
        &quot;description&quot;: null,
        &quot;id&quot;: &quot;6c5194cb-40ed-4c65-81e7-b8588de65998&quot;,
        &quot;isMenu&quot;: false,
        &quot;key&quot;: &quot;Customer.RemoteSearchForCustomer&quot;,
        &quot;parentId&quot;: &quot;07b60a01-5846-422c-b1c6-1c7a382dbd0e&quot;,
        &quot;unAuthorizedProps&quot;: {
          &quot;visible&quot;: false,
          &quot;disabled&quot;: false
        },
        &quot;actionName&quot;: &quot;RemoteSearchForCustomer&quot;
      },
      {
        &quot;routePath&quot;: null,
        &quot;iconName&quot;: null,
        &quot;controllerName&quot;: &quot;Campaign&quot;,
        &quot;name&quot;: &quot;Campaign Upload Picture&quot;,
        &quot;displayOrder&quot;: 0,
        &quot;description&quot;: null,
        &quot;id&quot;: &quot;939d1f32-170d-4457-ba5b-9e7963a1f44d&quot;,
        &quot;isMenu&quot;: false,
        &quot;key&quot;: &quot;Campaign.UploadCampaignPicture&quot;,
        &quot;parentId&quot;: &quot;fd2f794b-65fb-4da6-9bdb-835c466e4321&quot;,
        &quot;unAuthorizedProps&quot;: {
          &quot;visible&quot;: false,
          &quot;disabled&quot;: false
        },
        &quot;actionName&quot;: &quot;UploadCampaignPicture&quot;
      },
      {
        &quot;routePath&quot;: null,
        &quot;iconName&quot;: null,
        &quot;controllerName&quot;: &quot;Permission&quot;,
        &quot;name&quot;: &quot;Permission Edit&quot;,
        &quot;displayOrder&quot;: 0,
        &quot;description&quot;: null,
        &quot;id&quot;: &quot;fac3a453-994e-43cc-876d-e9c0edc059aa&quot;,
        &quot;isMenu&quot;: false,
        &quot;key&quot;: &quot;Permission.Edit&quot;,
        &quot;parentId&quot;: &quot;213aad81-551b-49f7-9d15-f11f5b9e7e88&quot;,
        &quot;unAuthorizedProps&quot;: {
          &quot;visible&quot;: false,
          &quot;disabled&quot;: false
        },
        &quot;actionName&quot;: &quot;Edit&quot;
      },
      {
        &quot;routePath&quot;: null,
        &quot;iconName&quot;: null,
        &quot;controllerName&quot;: &quot;SubRegion&quot;,
        &quot;name&quot;: &quot;SubRegion Find&quot;,
        &quot;displayOrder&quot;: 0,
        &quot;description&quot;: null,
        &quot;id&quot;: &quot;c04774f1-327c-4343-b9bb-35aa8cf11007&quot;,
        &quot;isMenu&quot;: false,
        &quot;key&quot;: &quot;SubRegion.Find&quot;,
        &quot;parentId&quot;: &quot;5016a026-6957-41ab-8cda-9bd37afe0841&quot;,
        &quot;unAuthorizedProps&quot;: {
          &quot;visible&quot;: false,
          &quot;disabled&quot;: false
        },
        &quot;actionName&quot;: &quot;Find&quot;
      },
      {
        &quot;routePath&quot;: &quot;resources&quot;,
        &quot;iconName&quot;: &quot;resourceSVG&quot;,
        &quot;controllerName&quot;: &quot;LocaleResource&quot;,
        &quot;name&quot;: &quot;Resource&quot;,
        &quot;displayOrder&quot;: 910,
        &quot;description&quot;: null,
        &quot;id&quot;: &quot;4c1a6c0d-765c-444a-b7c8-49e99f61d47b&quot;,
        &quot;isMenu&quot;: true,
        &quot;key&quot;: &quot;LocaleResource.Index&quot;,
        &quot;parentId&quot;: &quot;8f4ea0ae-2382-4769-8584-5f2f2b1520c8&quot;,
        &quot;unAuthorizedProps&quot;: {
          &quot;visible&quot;: false,
          &quot;disabled&quot;: false
        },
        &quot;actionName&quot;: &quot;Index&quot;
      },
      {
        &quot;routePath&quot;: null,
        &quot;iconName&quot;: &quot;blackListSVG&quot;,
        &quot;controllerName&quot;: &quot;BlackList&quot;,
        &quot;name&quot;: &quot;Black List List&quot;,
        &quot;displayOrder&quot;: 0,
        &quot;description&quot;: null,
        &quot;id&quot;: &quot;96f6bf8e-c5b2-46ee-ade0-f00025140813&quot;,
        &quot;isMenu&quot;: false,
        &quot;key&quot;: &quot;BlackList.List&quot;,
        &quot;parentId&quot;: &quot;d273c43d-77c8-4b88-8d35-9ec20a90bd11&quot;,
        &quot;unAuthorizedProps&quot;: {
          &quot;visible&quot;: false,
          &quot;disabled&quot;: false
        },
        &quot;actionName&quot;: &quot;List&quot;
      },
      {
        &quot;routePath&quot;: null,
        &quot;iconName&quot;: null,
        &quot;controllerName&quot;: &quot;County&quot;,
        &quot;name&quot;: &quot;County List&quot;,
        &quot;displayOrder&quot;: 0,
        &quot;description&quot;: null,
        &quot;id&quot;: &quot;b585755d-7f4f-43b0-8d1e-f2d807abcec4&quot;,
        &quot;isMenu&quot;: false,
        &quot;key&quot;: &quot;County.List&quot;,
        &quot;parentId&quot;: &quot;28a7ee86-bfd8-408f-97d3-82a96e1cbcc6&quot;,
        &quot;unAuthorizedProps&quot;: {
          &quot;visible&quot;: false,
          &quot;disabled&quot;: false
        },
        &quot;actionName&quot;: &quot;List&quot;
      },
      {
        &quot;routePath&quot;: null,
        &quot;iconName&quot;: null,
        &quot;controllerName&quot;: &quot;LocaleResource&quot;,
        &quot;name&quot;: &quot;LocaleResource Find&quot;,
        &quot;displayOrder&quot;: 0,
        &quot;description&quot;: null,
        &quot;id&quot;: &quot;8a3bd0e4-9a78-449b-bf34-61a097848b9b&quot;,
        &quot;isMenu&quot;: false,
        &quot;key&quot;: &quot;LocaleResource.Find&quot;,
        &quot;parentId&quot;: &quot;4c1a6c0d-765c-444a-b7c8-49e99f61d47b&quot;,
        &quot;unAuthorizedProps&quot;: {
          &quot;visible&quot;: false,
          &quot;disabled&quot;: false
        },
        &quot;actionName&quot;: &quot;Find&quot;
      },
      {
        &quot;routePath&quot;: null,
        &quot;iconName&quot;: null,
        &quot;controllerName&quot;: &quot;ServiceArea&quot;,
        &quot;name&quot;: &quot;ServiceArea Delete&quot;,
        &quot;displayOrder&quot;: 0,
        &quot;description&quot;: null,
        &quot;id&quot;: &quot;aa63520c-b6b3-4475-8516-d9ed4e71ae82&quot;,
        &quot;isMenu&quot;: false,
        &quot;key&quot;: &quot;ServiceArea.Delete&quot;,
        &quot;parentId&quot;: &quot;6510260c-2670-4f71-96ed-8f12986fb9cf&quot;,
        &quot;unAuthorizedProps&quot;: {
          &quot;visible&quot;: false,
          &quot;disabled&quot;: false
        },
        &quot;actionName&quot;: &quot;Delete&quot;
      },
      {
        &quot;routePath&quot;: null,
        &quot;iconName&quot;: null,
        &quot;controllerName&quot;: &quot;Permission&quot;,
        &quot;name&quot;: &quot;Permission Delete&quot;,
        &quot;displayOrder&quot;: 0,
        &quot;description&quot;: null,
        &quot;id&quot;: &quot;acdf48fe-e099-4a8c-a80c-75a3bfe58940&quot;,
        &quot;isMenu&quot;: false,
        &quot;key&quot;: &quot;Permission.Delete&quot;,
        &quot;parentId&quot;: &quot;213aad81-551b-49f7-9d15-f11f5b9e7e88&quot;,
        &quot;unAuthorizedProps&quot;: {
          &quot;visible&quot;: false,
          &quot;disabled&quot;: false
        },
        &quot;actionName&quot;: &quot;Delete&quot;
      },
      {
        &quot;routePath&quot;: &quot;tech-support&quot;,
        &quot;iconName&quot;: &quot;supportSVG&quot;,
        &quot;controllerName&quot;: &quot;Tech&quot;,
        &quot;name&quot;: &quot;Tech Support&quot;,
        &quot;displayOrder&quot;: 1000,
        &quot;description&quot;: null,
        &quot;id&quot;: &quot;7c8e8441-579f-4552-a9f8-b6d5a9f1df3c&quot;,
        &quot;isMenu&quot;: true,
        &quot;key&quot;: &quot;Tech.Support&quot;,
        &quot;parentId&quot;: &quot;5b7cb896-ff20-4798-8468-df6c7f3be073&quot;,
        &quot;unAuthorizedProps&quot;: {
          &quot;visible&quot;: false,
          &quot;disabled&quot;: false
        },
        &quot;actionName&quot;: &quot;Support&quot;
      },
      {
        &quot;routePath&quot;: null,
        &quot;iconName&quot;: null,
        &quot;controllerName&quot;: &quot;Region&quot;,
        &quot;name&quot;: &quot;Region Find&quot;,
        &quot;displayOrder&quot;: 0,
        &quot;description&quot;: null,
        &quot;id&quot;: &quot;373140df-79dd-4adc-b233-0d8f50f44dda&quot;,
        &quot;isMenu&quot;: false,
        &quot;key&quot;: &quot;Region.Find&quot;,
        &quot;parentId&quot;: &quot;636ed702-38d2-4f20-967d-54564a31315f&quot;,
        &quot;unAuthorizedProps&quot;: {
          &quot;visible&quot;: false,
          &quot;disabled&quot;: false
        },
        &quot;actionName&quot;: &quot;Find&quot;
      },
      {
        &quot;routePath&quot;: null,
        &quot;iconName&quot;: null,
        &quot;controllerName&quot;: &quot;County&quot;,
        &quot;name&quot;: &quot;County Delete&quot;,
        &quot;displayOrder&quot;: 0,
        &quot;description&quot;: null,
        &quot;id&quot;: &quot;b359ba12-bf6f-4788-9f9a-c8fd1798258b&quot;,
        &quot;isMenu&quot;: false,
        &quot;key&quot;: &quot;County.Delete&quot;,
        &quot;parentId&quot;: &quot;28a7ee86-bfd8-408f-97d3-82a96e1cbcc6&quot;,
        &quot;unAuthorizedProps&quot;: {
          &quot;visible&quot;: false,
          &quot;disabled&quot;: false
        },
        &quot;actionName&quot;: &quot;Delete&quot;
      },
      {
        &quot;routePath&quot;: null,
        &quot;iconName&quot;: null,
        &quot;controllerName&quot;: &quot;LocaleResource&quot;,
        &quot;name&quot;: &quot;LocaleResource Edit&quot;,
        &quot;displayOrder&quot;: 0,
        &quot;description&quot;: null,
        &quot;id&quot;: &quot;577e23af-d37c-4a77-bb18-40d89a3f6d66&quot;,
        &quot;isMenu&quot;: false,
        &quot;key&quot;: &quot;LocaleResource.Edit&quot;,
        &quot;parentId&quot;: &quot;4c1a6c0d-765c-444a-b7c8-49e99f61d47b&quot;,
        &quot;unAuthorizedProps&quot;: {
          &quot;visible&quot;: false,
          &quot;disabled&quot;: false
        },
        &quot;actionName&quot;: &quot;Edit&quot;
      },
      {
        &quot;routePath&quot;: &quot;map&quot;,
        &quot;iconName&quot;: &quot;mapSVG&quot;,
        &quot;controllerName&quot;: &quot;Admin&quot;,
        &quot;name&quot;: &quot;Map&quot;,
        &quot;displayOrder&quot;: 200,
        &quot;description&quot;: null,
        &quot;id&quot;: &quot;65e94cad-f24a-7d0e-3a21-de1a1e5e8765&quot;,
        &quot;isMenu&quot;: false,
        &quot;key&quot;: &quot;Admin.Map&quot;,
        &quot;parentId&quot;: null,
        &quot;unAuthorizedProps&quot;: {
          &quot;visible&quot;: false,
          &quot;disabled&quot;: false
        },
        &quot;actionName&quot;: &quot;Map&quot;
      },
      {
        &quot;routePath&quot;: null,
        &quot;iconName&quot;: null,
        &quot;controllerName&quot;: &quot;LocaleResource&quot;,
        &quot;name&quot;: &quot;LocaleResource Export&quot;,
        &quot;displayOrder&quot;: 0,
        &quot;description&quot;: null,
        &quot;id&quot;: &quot;cc2a0054-37f4-4f72-80cd-56e918590d0c&quot;,
        &quot;isMenu&quot;: false,
        &quot;key&quot;: &quot;LocaleResource.Export&quot;,
        &quot;parentId&quot;: &quot;4c1a6c0d-765c-444a-b7c8-49e99f61d47b&quot;,
        &quot;unAuthorizedProps&quot;: {
          &quot;visible&quot;: false,
          &quot;disabled&quot;: false
        },
        &quot;actionName&quot;: &quot;Export&quot;
      },
      {
        &quot;routePath&quot;: null,
        &quot;iconName&quot;: &quot;RemoteSearchForProductName&quot;,
        &quot;controllerName&quot;: &quot;Product&quot;,
        &quot;name&quot;: &quot;Product RemoteSearchForProductName&quot;,
        &quot;displayOrder&quot;: 0,
        &quot;description&quot;: null,
        &quot;id&quot;: &quot;5f84cdde-5800-48ce-b690-86628a41f98c&quot;,
        &quot;isMenu&quot;: false,
        &quot;key&quot;: &quot;Product.RemoteSearchForProductName&quot;,
        &quot;parentId&quot;: &quot;1858607f-58c2-4c69-8078-f2756c5ca81e&quot;,
        &quot;unAuthorizedProps&quot;: {
          &quot;visible&quot;: false,
          &quot;disabled&quot;: false
        },
        &quot;actionName&quot;: &quot;RemoteSearchForProductName&quot;
      },
      {
        &quot;routePath&quot;: &quot;&quot;,
        &quot;iconName&quot;: &quot;usersSVG&quot;,
        &quot;controllerName&quot;: &quot;User&quot;,
        &quot;name&quot;: &quot;Users&quot;,
        &quot;displayOrder&quot;: 600,
        &quot;description&quot;: null,
        &quot;id&quot;: &quot;8b04f24a-f777-5455-9d4b-5d32257d3d62&quot;,
        &quot;isMenu&quot;: true,
        &quot;key&quot;: &quot;User.Index&quot;,
        &quot;parentId&quot;: null,
        &quot;unAuthorizedProps&quot;: {
          &quot;visible&quot;: false,
          &quot;disabled&quot;: false
        },
        &quot;actionName&quot;: &quot;Index&quot;
      },
      {
        &quot;routePath&quot;: &quot;productmanagement&quot;,
        &quot;iconName&quot;: &quot;productSVG&quot;,
        &quot;controllerName&quot;: &quot;Product&quot;,
        &quot;name&quot;: &quot;Feature Ideation&quot;,
        &quot;displayOrder&quot;: 999,
        &quot;description&quot;: null,
        &quot;id&quot;: &quot;0d5f6f26-1114-4503-95da-fff6063915b6&quot;,
        &quot;isMenu&quot;: true,
        &quot;key&quot;: &quot;Product.Management&quot;,
        &quot;parentId&quot;: &quot;5b7cb896-ff20-4798-8468-df6c7f3be073&quot;,
        &quot;unAuthorizedProps&quot;: {
          &quot;visible&quot;: false,
          &quot;disabled&quot;: false
        },
        &quot;actionName&quot;: &quot;Management&quot;
      },
      {
        &quot;routePath&quot;: null,
        &quot;iconName&quot;: null,
        &quot;controllerName&quot;: &quot;Category&quot;,
        &quot;name&quot;: &quot;Category GetCategoryByParent&quot;,
        &quot;displayOrder&quot;: 0,
        &quot;description&quot;: null,
        &quot;id&quot;: &quot;5d731e1f-4111-4737-a729-9d476ac966a5&quot;,
        &quot;isMenu&quot;: false,
        &quot;key&quot;: &quot;Category.GetCategoryByParent&quot;,
        &quot;parentId&quot;: &quot;9bbddb67-d7f2-44d3-8d09-6bd04f8b6f79&quot;,
        &quot;unAuthorizedProps&quot;: {
          &quot;visible&quot;: false,
          &quot;disabled&quot;: false
        },
        &quot;actionName&quot;: &quot;GetCategoryByParent&quot;
      },
      {
        &quot;routePath&quot;: null,
        &quot;iconName&quot;: null,
        &quot;controllerName&quot;: &quot;Customer&quot;,
        &quot;name&quot;: &quot;Customer List&quot;,
        &quot;displayOrder&quot;: 0,
        &quot;description&quot;: null,
        &quot;id&quot;: &quot;bbe76549-965a-45b4-9680-86bac515fc1b&quot;,
        &quot;isMenu&quot;: false,
        &quot;key&quot;: &quot;Customer.List&quot;,
        &quot;parentId&quot;: &quot;07b60a01-5846-422c-b1c6-1c7a382dbd0e&quot;,
        &quot;unAuthorizedProps&quot;: {
          &quot;visible&quot;: false,
          &quot;disabled&quot;: false
        },
        &quot;actionName&quot;: &quot;List&quot;
      },
      {
        &quot;routePath&quot;: &quot;settings&quot;,
        &quot;iconName&quot;: &quot;settingsSVG&quot;,
        &quot;controllerName&quot;: &quot;Setting&quot;,
        &quot;name&quot;: &quot;Settings&quot;,
        &quot;displayOrder&quot;: 1000,
        &quot;description&quot;: null,
        &quot;id&quot;: &quot;ccc7592a-301d-4d63-aa26-09e92194ca01&quot;,
        &quot;isMenu&quot;: true,
        &quot;key&quot;: &quot;Setting.Index&quot;,
        &quot;parentId&quot;: null,
        &quot;unAuthorizedProps&quot;: {
          &quot;visible&quot;: false,
          &quot;disabled&quot;: false
        },
        &quot;actionName&quot;: &quot;Index&quot;
      },
      {
        &quot;routePath&quot;: null,
        &quot;iconName&quot;: null,
        &quot;controllerName&quot;: &quot;LocaleResource&quot;,
        &quot;name&quot;: &quot;LocaleResource Index&quot;,
        &quot;displayOrder&quot;: 0,
        &quot;description&quot;: &quot;LocaleResource Index &quot;,
        &quot;id&quot;: &quot;b88d0e35-5b99-4daf-9c2f-ff36aab9197e&quot;,
        &quot;isMenu&quot;: false,
        &quot;key&quot;: &quot;LocaleResource.Index&quot;,
        &quot;parentId&quot;: &quot;4c1a6c0d-765c-444a-b7c8-49e99f61d47b&quot;,
        &quot;unAuthorizedProps&quot;: {
          &quot;visible&quot;: false,
          &quot;disabled&quot;: false
        },
        &quot;actionName&quot;: &quot;Index&quot;
      },
      {
        &quot;routePath&quot;: null,
        &quot;iconName&quot;: null,
        &quot;controllerName&quot;: &quot;Warehouse&quot;,
        &quot;name&quot;: &quot;Warehouse EditWarehouseState&quot;,
        &quot;displayOrder&quot;: 0,
        &quot;description&quot;: null,
        &quot;id&quot;: &quot;fb7d3fd3-e816-4921-98ae-178c750b951a&quot;,
        &quot;isMenu&quot;: false,
        &quot;key&quot;: &quot;Warehouse.EditWarehouseState&quot;,
        &quot;parentId&quot;: &quot;7a99d565-0e98-95af-19bd-814011ea2417&quot;,
        &quot;unAuthorizedProps&quot;: {
          &quot;visible&quot;: false,
          &quot;disabled&quot;: false
        },
        &quot;actionName&quot;: &quot;EditWarehouseState&quot;
      },
      {
        &quot;routePath&quot;: &quot;vehicles&quot;,
        &quot;iconName&quot;: &quot;vehicleSVG&quot;,
        &quot;controllerName&quot;: &quot;Vehicle&quot;,
        &quot;name&quot;: &quot;Vehicles&quot;,
        &quot;displayOrder&quot;: 900,
        &quot;description&quot;: null,
        &quot;id&quot;: &quot;27436094-fc09-48ea-ae79-8ea2b4517866&quot;,
        &quot;isMenu&quot;: false,
        &quot;key&quot;: &quot;Vehicle.Index&quot;,
        &quot;parentId&quot;: null,
        &quot;unAuthorizedProps&quot;: {
          &quot;visible&quot;: false,
          &quot;disabled&quot;: false
        },
        &quot;actionName&quot;: &quot;Index&quot;
      },
      {
        &quot;routePath&quot;: null,
        &quot;iconName&quot;: null,
        &quot;controllerName&quot;: &quot;Warehouse&quot;,
        &quot;name&quot;: &quot;Warehouse List&quot;,
        &quot;displayOrder&quot;: 0,
        &quot;description&quot;: null,
        &quot;id&quot;: &quot;ac3e564a-4cc4-453d-8938-2563ef62921f&quot;,
        &quot;isMenu&quot;: false,
        &quot;key&quot;: &quot;Warehouse.List&quot;,
        &quot;parentId&quot;: &quot;7a99d565-0e98-95af-19bd-814011ea2417&quot;,
        &quot;unAuthorizedProps&quot;: {
          &quot;visible&quot;: false,
          &quot;disabled&quot;: false
        },
        &quot;actionName&quot;: &quot;List&quot;
      },
      {
        &quot;routePath&quot;: null,
        &quot;iconName&quot;: null,
        &quot;controllerName&quot;: &quot;CouponCode&quot;,
        &quot;name&quot;: &quot;CouponCode&quot;,
        &quot;displayOrder&quot;: 0,
        &quot;description&quot;: null,
        &quot;id&quot;: &quot;5aaef586-e311-4265-a241-6eb9758d6541&quot;,
        &quot;isMenu&quot;: false,
        &quot;key&quot;: &quot;CouponCode.ListForFilter&quot;,
        &quot;parentId&quot;: null,
        &quot;unAuthorizedProps&quot;: {
          &quot;visible&quot;: false,
          &quot;disabled&quot;: false
        },
        &quot;actionName&quot;: &quot;ListForFilter&quot;
      },
      {
        &quot;routePath&quot;: null,
        &quot;iconName&quot;: null,
        &quot;controllerName&quot;: &quot;State&quot;,
        &quot;name&quot;: &quot;State Edit&quot;,
        &quot;displayOrder&quot;: 0,
        &quot;description&quot;: null,
        &quot;id&quot;: &quot;581b4c8a-cce8-447b-98b5-1f29f9aae457&quot;,
        &quot;isMenu&quot;: false,
        &quot;key&quot;: &quot;State.Edit&quot;,
        &quot;parentId&quot;: &quot;4842baa6-3b5e-40d1-ba2c-aa896962f8a7&quot;,
        &quot;unAuthorizedProps&quot;: {
          &quot;visible&quot;: false,
          &quot;disabled&quot;: false
        },
        &quot;actionName&quot;: &quot;Edit&quot;
      },
      {
        &quot;routePath&quot;: null,
        &quot;iconName&quot;: null,
        &quot;controllerName&quot;: &quot;Country&quot;,
        &quot;name&quot;: &quot;Country Edit&quot;,
        &quot;displayOrder&quot;: 0,
        &quot;description&quot;: null,
        &quot;id&quot;: &quot;117355ed-1004-4b13-beb3-2ee0056892f1&quot;,
        &quot;isMenu&quot;: false,
        &quot;key&quot;: &quot;Country.Edit&quot;,
        &quot;parentId&quot;: &quot;9c15db73-badc-4894-ab1b-d8261bac91c2&quot;,
        &quot;unAuthorizedProps&quot;: {
          &quot;visible&quot;: false,
          &quot;disabled&quot;: false
        },
        &quot;actionName&quot;: &quot;Edit&quot;
      },
      {
        &quot;routePath&quot;: &quot;geo-areas&quot;,
        &quot;iconName&quot;: &quot;geo-areasSVG&quot;,
        &quot;controllerName&quot;: &quot;GeoArea&quot;,
        &quot;name&quot;: &quot;Geo Areas&quot;,
        &quot;displayOrder&quot;: 400,
        &quot;description&quot;: null,
        &quot;id&quot;: &quot;596bb8e1-9705-be47-b70e-e0cb48edc078&quot;,
        &quot;isMenu&quot;: true,
        &quot;key&quot;: &quot;GeoArea.Index&quot;,
        &quot;parentId&quot;: null,
        &quot;unAuthorizedProps&quot;: {
          &quot;visible&quot;: false,
          &quot;disabled&quot;: false
        },
        &quot;actionName&quot;: &quot;Index&quot;
      },
      {
        &quot;routePath&quot;: null,
        &quot;iconName&quot;: null,
        &quot;controllerName&quot;: &quot;Role&quot;,
        &quot;name&quot;: &quot;Role List&quot;,
        &quot;displayOrder&quot;: 0,
        &quot;description&quot;: null,
        &quot;id&quot;: &quot;ed6b7f77-7b07-4fdd-b4eb-5dc72ed21a53&quot;,
        &quot;isMenu&quot;: false,
        &quot;key&quot;: &quot;Role.List&quot;,
        &quot;parentId&quot;: &quot;e98d2f21-52f8-41cb-9b3f-fe979b5f0578&quot;,
        &quot;unAuthorizedProps&quot;: {
          &quot;visible&quot;: false,
          &quot;disabled&quot;: false
        },
        &quot;actionName&quot;: &quot;List&quot;
      },
      {
        &quot;routePath&quot;: null,
        &quot;iconName&quot;: null,
        &quot;controllerName&quot;: &quot;Warehouse&quot;,
        &quot;name&quot;: &quot;Warehouse ListBasic&quot;,
        &quot;displayOrder&quot;: 0,
        &quot;description&quot;: null,
        &quot;id&quot;: &quot;3cd0e960-08c5-488e-82bf-e81eb0481924&quot;,
        &quot;isMenu&quot;: false,
        &quot;key&quot;: &quot;Warehouse.ListBasic&quot;,
        &quot;parentId&quot;: &quot;7a99d565-0e98-95af-19bd-814011ea2417&quot;,
        &quot;unAuthorizedProps&quot;: {
          &quot;visible&quot;: false,
          &quot;disabled&quot;: false
        },
        &quot;actionName&quot;: &quot;ListBasic&quot;
      },
      {
        &quot;routePath&quot;: null,
        &quot;iconName&quot;: null,
        &quot;controllerName&quot;: &quot;Address&quot;,
        &quot;name&quot;: &quot;Address Edit&quot;,
        &quot;displayOrder&quot;: 0,
        &quot;description&quot;: null,
        &quot;id&quot;: &quot;3e821719-5809-4a64-979f-9f373f2510d4&quot;,
        &quot;isMenu&quot;: false,
        &quot;key&quot;: &quot;Address.Edit&quot;,
        &quot;parentId&quot;: &quot;c3c514ef-1964-4c94-b13a-8bdd83a5b1cb&quot;,
        &quot;unAuthorizedProps&quot;: {
          &quot;visible&quot;: false,
          &quot;disabled&quot;: false
        },
        &quot;actionName&quot;: &quot;Edit&quot;
      },
      {
        &quot;routePath&quot;: null,
        &quot;iconName&quot;: null,
        &quot;controllerName&quot;: &quot;ServiceArea&quot;,
        &quot;name&quot;: &quot;ServiceArea Create&quot;,
        &quot;displayOrder&quot;: 0,
        &quot;description&quot;: null,
        &quot;id&quot;: &quot;20738cab-a928-4c12-9a39-29eeaf60713a&quot;,
        &quot;isMenu&quot;: false,
        &quot;key&quot;: &quot;ServiceArea.Create&quot;,
        &quot;parentId&quot;: &quot;6510260c-2670-4f71-96ed-8f12986fb9cf&quot;,
        &quot;unAuthorizedProps&quot;: {
          &quot;visible&quot;: false,
          &quot;disabled&quot;: false
        },
        &quot;actionName&quot;: &quot;Create&quot;
      },
      {
        &quot;routePath&quot;: null,
        &quot;iconName&quot;: null,
        &quot;controllerName&quot;: &quot;Setting&quot;,
        &quot;name&quot;: &quot;Setting Find&quot;,
        &quot;displayOrder&quot;: 0,
        &quot;description&quot;: null,
        &quot;id&quot;: &quot;e57a84a5-6d3e-4513-82cd-1ec64740178b&quot;,
        &quot;isMenu&quot;: false,
        &quot;key&quot;: &quot;Setting.Find&quot;,
        &quot;parentId&quot;: &quot;ccc7592a-301d-4d63-aa26-09e92194ca01&quot;,
        &quot;unAuthorizedProps&quot;: {
          &quot;visible&quot;: false,
          &quot;disabled&quot;: false
        },
        &quot;actionName&quot;: &quot;Find&quot;
      },
      {
        &quot;routePath&quot;: null,
        &quot;iconName&quot;: null,
        &quot;controllerName&quot;: &quot;SubRegion&quot;,
        &quot;name&quot;: &quot;SubRegion Edit&quot;,
        &quot;displayOrder&quot;: 0,
        &quot;description&quot;: null,
        &quot;id&quot;: &quot;befec01d-311a-4d58-8875-390d7c5143ab&quot;,
        &quot;isMenu&quot;: false,
        &quot;key&quot;: &quot;SubRegion.Edit&quot;,
        &quot;parentId&quot;: &quot;5016a026-6957-41ab-8cda-9bd37afe0841&quot;,
        &quot;unAuthorizedProps&quot;: {
          &quot;visible&quot;: false,
          &quot;disabled&quot;: false
        },
        &quot;actionName&quot;: &quot;Edit&quot;
      },
      {
        &quot;routePath&quot;: null,
        &quot;iconName&quot;: null,
        &quot;controllerName&quot;: &quot;State&quot;,
        &quot;name&quot;: &quot;State Create&quot;,
        &quot;displayOrder&quot;: 0,
        &quot;description&quot;: null,
        &quot;id&quot;: &quot;88690c06-a8b6-4e95-a176-3963af2d2b79&quot;,
        &quot;isMenu&quot;: false,
        &quot;key&quot;: &quot;State.Create&quot;,
        &quot;parentId&quot;: &quot;4842baa6-3b5e-40d1-ba2c-aa896962f8a7&quot;,
        &quot;unAuthorizedProps&quot;: {
          &quot;visible&quot;: false,
          &quot;disabled&quot;: false
        },
        &quot;actionName&quot;: &quot;Create&quot;
      },
      {
        &quot;routePath&quot;: null,
        &quot;iconName&quot;: null,
        &quot;controllerName&quot;: &quot;LocaleResource&quot;,
        &quot;name&quot;: &quot;LocaleResource Import&quot;,
        &quot;displayOrder&quot;: 0,
        &quot;description&quot;: null,
        &quot;id&quot;: &quot;a0f85551-79e4-4fd8-b9dc-7b4e0bd3f3d9&quot;,
        &quot;isMenu&quot;: false,
        &quot;key&quot;: &quot;LocaleResource.Import&quot;,
        &quot;parentId&quot;: &quot;4c1a6c0d-765c-444a-b7c8-49e99f61d47b&quot;,
        &quot;unAuthorizedProps&quot;: {
          &quot;visible&quot;: false,
          &quot;disabled&quot;: false
        },
        &quot;actionName&quot;: &quot;Import&quot;
      },
      {
        &quot;routePath&quot;: null,
        &quot;iconName&quot;: null,
        &quot;controllerName&quot;: &quot;Country&quot;,
        &quot;name&quot;: &quot;Country Create&quot;,
        &quot;displayOrder&quot;: 0,
        &quot;description&quot;: null,
        &quot;id&quot;: &quot;b4e4f143-cdff-4839-a5db-7379c79b2cc1&quot;,
        &quot;isMenu&quot;: false,
        &quot;key&quot;: &quot;Country.Create&quot;,
        &quot;parentId&quot;: &quot;9c15db73-badc-4894-ab1b-d8261bac91c2&quot;,
        &quot;unAuthorizedProps&quot;: {
          &quot;visible&quot;: false,
          &quot;disabled&quot;: false
        },
        &quot;actionName&quot;: &quot;Create&quot;
      },
      {
        &quot;routePath&quot;: null,
        &quot;iconName&quot;: null,
        &quot;controllerName&quot;: &quot;Warehouse&quot;,
        &quot;name&quot;: &quot;Warehouse Delete&quot;,
        &quot;displayOrder&quot;: 0,
        &quot;description&quot;: null,
        &quot;id&quot;: &quot;dbc3a8dd-ea84-4a11-bbfe-02a476211462&quot;,
        &quot;isMenu&quot;: false,
        &quot;key&quot;: &quot;Warehouse.Delete&quot;,
        &quot;parentId&quot;: &quot;7a99d565-0e98-95af-19bd-814011ea2417&quot;,
        &quot;unAuthorizedProps&quot;: {
          &quot;visible&quot;: false,
          &quot;disabled&quot;: false
        },
        &quot;actionName&quot;: &quot;Delete&quot;
      },
      {
        &quot;routePath&quot;: &quot;blacklist&quot;,
        &quot;iconName&quot;: &quot;blackListSVG&quot;,
        &quot;controllerName&quot;: &quot;BlackList&quot;,
        &quot;name&quot;: &quot;Black List&quot;,
        &quot;displayOrder&quot;: 0,
        &quot;description&quot;: null,
        &quot;id&quot;: &quot;d273c43d-77c8-4b88-8d35-9ec20a90bd11&quot;,
        &quot;isMenu&quot;: false,
        &quot;key&quot;: &quot;BlackList.Index&quot;,
        &quot;parentId&quot;: &quot;8b04f24a-f777-5455-9d4b-5d32257d3d62&quot;,
        &quot;unAuthorizedProps&quot;: {
          &quot;visible&quot;: false,
          &quot;disabled&quot;: false
        },
        &quot;actionName&quot;: &quot;Index&quot;
      },
      {
        &quot;routePath&quot;: null,
        &quot;iconName&quot;: &quot;control&quot;,
        &quot;controllerName&quot;: &quot;DriverApp&quot;,
        &quot;name&quot;: &quot;Control&quot;,
        &quot;displayOrder&quot;: 0,
        &quot;description&quot;: &quot;&quot;,
        &quot;id&quot;: &quot;ac0083c7-bd11-4d5a-88bd-5fdfd029d71d&quot;,
        &quot;isMenu&quot;: true,
        &quot;key&quot;: &quot;DriverApp.Control&quot;,
        &quot;parentId&quot;: &quot;673cefc5-8638-47b5-9440-8f3fa459f0b1&quot;,
        &quot;unAuthorizedProps&quot;: {
          &quot;visible&quot;: false,
          &quot;disabled&quot;: false
        },
        &quot;actionName&quot;: &quot;Control&quot;
      },
      {
        &quot;routePath&quot;: null,
        &quot;iconName&quot;: null,
        &quot;controllerName&quot;: &quot;Permission&quot;,
        &quot;name&quot;: &quot;Permission Tree&quot;,
        &quot;displayOrder&quot;: 0,
        &quot;description&quot;: null,
        &quot;id&quot;: &quot;31bf9d11-e13f-483c-835e-c0507f1c001b&quot;,
        &quot;isMenu&quot;: false,
        &quot;key&quot;: &quot;Permission.PermissionTree&quot;,
        &quot;parentId&quot;: &quot;213aad81-551b-49f7-9d15-f11f5b9e7e88&quot;,
        &quot;unAuthorizedProps&quot;: {
          &quot;visible&quot;: false,
          &quot;disabled&quot;: false
        },
        &quot;actionName&quot;: &quot;PermissionTree&quot;
      },
      {
        &quot;routePath&quot;: &quot;dashboards&quot;,
        &quot;iconName&quot;: &quot;dashboardSVG&quot;,
        &quot;controllerName&quot;: &quot;Dashboard&quot;,
        &quot;name&quot;: &quot;Analytics&quot;,
        &quot;displayOrder&quot;: 300,
        &quot;description&quot;: &quot;Analytics&quot;,
        &quot;id&quot;: &quot;9160e49e-2340-41fd-aee7-f00fb79cca35&quot;,
        &quot;isMenu&quot;: false,
        &quot;key&quot;: &quot;Dashboard.GetDashboardIframe&quot;,
        &quot;parentId&quot;: null,
        &quot;unAuthorizedProps&quot;: {
          &quot;visible&quot;: false,
          &quot;disabled&quot;: false
        },
        &quot;actionName&quot;: &quot;GetDashboardIframe&quot;
      },
      {
        &quot;routePath&quot;: null,
        &quot;iconName&quot;: null,
        &quot;controllerName&quot;: &quot;Customer&quot;,
        &quot;name&quot;: &quot;Customer Find&quot;,
        &quot;displayOrder&quot;: 0,
        &quot;description&quot;: null,
        &quot;id&quot;: &quot;7e69895f-a4fe-470b-9dbd-3902631c5978&quot;,
        &quot;isMenu&quot;: false,
        &quot;key&quot;: &quot;Customer.Find&quot;,
        &quot;parentId&quot;: &quot;07b60a01-5846-422c-b1c6-1c7a382dbd0e&quot;,
        &quot;unAuthorizedProps&quot;: {
          &quot;visible&quot;: false,
          &quot;disabled&quot;: false
        },
        &quot;actionName&quot;: &quot;Find&quot;
      },
      {
        &quot;routePath&quot;: null,
        &quot;iconName&quot;: null,
        &quot;controllerName&quot;: &quot;Order&quot;,
        &quot;name&quot;: &quot;Order List&quot;,
        &quot;displayOrder&quot;: 0,
        &quot;description&quot;: null,
        &quot;id&quot;: &quot;68267f89-edc4-4c6b-a72b-06381cf0e532&quot;,
        &quot;isMenu&quot;: false,
        &quot;key&quot;: &quot;Order.List&quot;,
        &quot;parentId&quot;: &quot;872b9f8c-c48d-dfeb-de32-1be0c3c38dbb&quot;,
        &quot;unAuthorizedProps&quot;: {
          &quot;visible&quot;: false,
          &quot;disabled&quot;: false
        },
        &quot;actionName&quot;: &quot;List&quot;
      },
      {
        &quot;routePath&quot;: &quot;&quot;,
        &quot;iconName&quot;: &quot;ordersSVG&quot;,
        &quot;controllerName&quot;: &quot;Order&quot;,
        &quot;name&quot;: &quot;Orders&quot;,
        &quot;displayOrder&quot;: 100,
        &quot;description&quot;: null,
        &quot;id&quot;: &quot;872b9f8c-c48d-dfeb-de32-1be0c3c38dbb&quot;,
        &quot;isMenu&quot;: true,
        &quot;key&quot;: &quot;Order.Index&quot;,
        &quot;parentId&quot;: null,
        &quot;unAuthorizedProps&quot;: {
          &quot;visible&quot;: false,
          &quot;disabled&quot;: false
        },
        &quot;actionName&quot;: &quot;Index&quot;
      },
      {
        &quot;routePath&quot;: null,
        &quot;iconName&quot;: null,
        &quot;controllerName&quot;: &quot;Order&quot;,
        &quot;name&quot;: &quot;Order ReportOrderItem&quot;,
        &quot;displayOrder&quot;: 0,
        &quot;description&quot;: null,
        &quot;id&quot;: &quot;fc541f93-e00d-4204-bc10-21a8c66281d9&quot;,
        &quot;isMenu&quot;: false,
        &quot;key&quot;: &quot;Order.ReportOrderItem&quot;,
        &quot;parentId&quot;: &quot;872b9f8c-c48d-dfeb-de32-1be0c3c38dbb&quot;,
        &quot;unAuthorizedProps&quot;: {
          &quot;visible&quot;: false,
          &quot;disabled&quot;: false
        },
        &quot;actionName&quot;: &quot;ReportOrderItem&quot;
      },
      {
        &quot;routePath&quot;: null,
        &quot;iconName&quot;: null,
        &quot;controllerName&quot;: &quot;Country&quot;,
        &quot;name&quot;: &quot;Country List&quot;,
        &quot;displayOrder&quot;: 0,
        &quot;description&quot;: null,
        &quot;id&quot;: &quot;965f2723-9852-432a-8811-6d549e75b51c&quot;,
        &quot;isMenu&quot;: false,
        &quot;key&quot;: &quot;Country.List&quot;,
        &quot;parentId&quot;: &quot;9c15db73-badc-4894-ab1b-d8261bac91c2&quot;,
        &quot;unAuthorizedProps&quot;: {
          &quot;visible&quot;: false,
          &quot;disabled&quot;: false
        },
        &quot;actionName&quot;: &quot;List&quot;
      },
      {
        &quot;routePath&quot;: &quot;employees&quot;,
        &quot;iconName&quot;: &quot;employeeSVG&quot;,
        &quot;controllerName&quot;: &quot;Employee&quot;,
        &quot;name&quot;: &quot;Employee&quot;,
        &quot;displayOrder&quot;: 630,
        &quot;description&quot;: null,
        &quot;id&quot;: &quot;e4a8e904-698e-4596-92c3-b40206b19179&quot;,
        &quot;isMenu&quot;: true,
        &quot;key&quot;: &quot;Employee.Index&quot;,
        &quot;parentId&quot;: &quot;8b04f24a-f777-5455-9d4b-5d32257d3d62&quot;,
        &quot;unAuthorizedProps&quot;: {
          &quot;visible&quot;: false,
          &quot;disabled&quot;: false
        },
        &quot;actionName&quot;: &quot;Index&quot;
      },
      {
        &quot;routePath&quot;: null,
        &quot;iconName&quot;: &quot;ListForFilter&quot;,
        &quot;controllerName&quot;: &quot;Product&quot;,
        &quot;name&quot;: &quot;Product ListForFilter&quot;,
        &quot;displayOrder&quot;: 0,
        &quot;description&quot;: null,
        &quot;id&quot;: &quot;3e7badfa-60f6-46f4-ab65-60c10cf0158c&quot;,
        &quot;isMenu&quot;: false,
        &quot;key&quot;: &quot;Product.ListForFilter&quot;,
        &quot;parentId&quot;: null,
        &quot;unAuthorizedProps&quot;: {
          &quot;visible&quot;: false,
          &quot;disabled&quot;: false
        },
        &quot;actionName&quot;: &quot;ListForFilter&quot;
      },
      {
        &quot;routePath&quot;: null,
        &quot;iconName&quot;: null,
        &quot;controllerName&quot;: &quot;MessageTemplate&quot;,
        &quot;name&quot;: &quot;Message Template List&quot;,
        &quot;displayOrder&quot;: 0,
        &quot;description&quot;: null,
        &quot;id&quot;: &quot;f8b8770e-d3de-4fb9-8785-c6a52f0a3f2a&quot;,
        &quot;isMenu&quot;: false,
        &quot;key&quot;: &quot;MessageTemplate.List&quot;,
        &quot;parentId&quot;: &quot;570b7634-2234-498f-939b-440805527121&quot;,
        &quot;unAuthorizedProps&quot;: {
          &quot;visible&quot;: false,
          &quot;disabled&quot;: false
        },
        &quot;actionName&quot;: &quot;List&quot;
      },
      {
        &quot;routePath&quot;: null,
        &quot;iconName&quot;: null,
        &quot;controllerName&quot;: &quot;Warehouse&quot;,
        &quot;name&quot;: &quot;Warehouse UpdateWarehouseExpectedQuantity&quot;,
        &quot;displayOrder&quot;: 0,
        &quot;description&quot;: null,
        &quot;id&quot;: &quot;cbe00097-f735-4207-bd4d-a2be0ea5dfd3&quot;,
        &quot;isMenu&quot;: false,
        &quot;key&quot;: &quot;Warehouse.UpdateWarehouseExpectedQuantity&quot;,
        &quot;parentId&quot;: &quot;7a99d565-0e98-95af-19bd-814011ea2417&quot;,
        &quot;unAuthorizedProps&quot;: {
          &quot;visible&quot;: false,
          &quot;disabled&quot;: false
        },
        &quot;actionName&quot;: &quot;UpdateWarehouseExpectedQuantity&quot;
      },
      {
        &quot;routePath&quot;: null,
        &quot;iconName&quot;: &quot;RemoteSearchForCampaignName&quot;,
        &quot;controllerName&quot;: &quot;Campaign&quot;,
        &quot;name&quot;: &quot;Campaign RemoteSearchForCampaignName&quot;,
        &quot;displayOrder&quot;: 0,
        &quot;description&quot;: null,
        &quot;id&quot;: &quot;1b2371cf-283a-412c-9305-3f8d91cd2cf3&quot;,
        &quot;isMenu&quot;: false,
        &quot;key&quot;: &quot;Campaign.RemoteSearchForCampaignName&quot;,
        &quot;parentId&quot;: &quot;fd2f794b-65fb-4da6-9bdb-835c466e4321&quot;,
        &quot;unAuthorizedProps&quot;: {
          &quot;visible&quot;: false,
          &quot;disabled&quot;: false
        },
        &quot;actionName&quot;: &quot;RemoteSearchForCampaignName&quot;
      },
      {
        &quot;routePath&quot;: null,
        &quot;iconName&quot;: null,
        &quot;controllerName&quot;: &quot;Permission&quot;,
        &quot;name&quot;: &quot;Permission Find&quot;,
        &quot;displayOrder&quot;: 0,
        &quot;description&quot;: null,
        &quot;id&quot;: &quot;b8acd1fb-bb0c-49b0-9fe2-22574379a94d&quot;,
        &quot;isMenu&quot;: false,
        &quot;key&quot;: &quot;Permission.Find&quot;,
        &quot;parentId&quot;: &quot;213aad81-551b-49f7-9d15-f11f5b9e7e88&quot;,
        &quot;unAuthorizedProps&quot;: {
          &quot;visible&quot;: false,
          &quot;disabled&quot;: false
        },
        &quot;actionName&quot;: &quot;Find&quot;
      },
      {
        &quot;routePath&quot;: null,
        &quot;iconName&quot;: null,
        &quot;controllerName&quot;: &quot;Banner&quot;,
        &quot;name&quot;: &quot;Banner Create&quot;,
        &quot;displayOrder&quot;: 0,
        &quot;description&quot;: null,
        &quot;id&quot;: &quot;ad417e90-0acf-4d46-a875-a4b641cedbde&quot;,
        &quot;isMenu&quot;: false,
        &quot;key&quot;: &quot;Banner.Create&quot;,
        &quot;parentId&quot;: &quot;d01dd410-27ab-4ca2-ad2e-06ed18197543&quot;,
        &quot;unAuthorizedProps&quot;: {
          &quot;visible&quot;: false,
          &quot;disabled&quot;: false
        },
        &quot;actionName&quot;: &quot;Create&quot;
      },
      {
        &quot;routePath&quot;: null,
        &quot;iconName&quot;: null,
        &quot;controllerName&quot;: &quot;Banner&quot;,
        &quot;name&quot;: &quot;Banner Edit&quot;,
        &quot;displayOrder&quot;: 0,
        &quot;description&quot;: null,
        &quot;id&quot;: &quot;b638b6e5-7d89-4ab4-9a4e-fe8b0df52e36&quot;,
        &quot;isMenu&quot;: false,
        &quot;key&quot;: &quot;Banner.Edit&quot;,
        &quot;parentId&quot;: &quot;d01dd410-27ab-4ca2-ad2e-06ed18197543&quot;,
        &quot;unAuthorizedProps&quot;: {
          &quot;visible&quot;: false,
          &quot;disabled&quot;: false
        },
        &quot;actionName&quot;: &quot;Edit&quot;
      },
      {
        &quot;routePath&quot;: null,
        &quot;iconName&quot;: null,
        &quot;controllerName&quot;: &quot;Category&quot;,
        &quot;name&quot;: &quot;Category Edit&quot;,
        &quot;displayOrder&quot;: 0,
        &quot;description&quot;: null,
        &quot;id&quot;: &quot;0aaf230e-5f92-4e49-b3c7-c20c9df44c82&quot;,
        &quot;isMenu&quot;: false,
        &quot;key&quot;: &quot;Category.Edit&quot;,
        &quot;parentId&quot;: &quot;9bbddb67-d7f2-44d3-8d09-6bd04f8b6f79&quot;,
        &quot;unAuthorizedProps&quot;: {
          &quot;visible&quot;: false,
          &quot;disabled&quot;: false
        },
        &quot;actionName&quot;: &quot;Edit&quot;
      },
      {
        &quot;routePath&quot;: null,
        &quot;iconName&quot;: null,
        &quot;controllerName&quot;: &quot;ZipCode&quot;,
        &quot;name&quot;: &quot;ZipCode Delete&quot;,
        &quot;displayOrder&quot;: 0,
        &quot;description&quot;: null,
        &quot;id&quot;: &quot;deba5d66-42eb-43d0-8ee0-6d15f3c4b34c&quot;,
        &quot;isMenu&quot;: false,
        &quot;key&quot;: &quot;ZipCode.Delete&quot;,
        &quot;parentId&quot;: &quot;8aa34e38-533b-4ab7-bad7-0eaa7b5dec9c&quot;,
        &quot;unAuthorizedProps&quot;: {
          &quot;visible&quot;: false,
          &quot;disabled&quot;: false
        },
        &quot;actionName&quot;: &quot;Delete&quot;
      },
      {
        &quot;routePath&quot;: null,
        &quot;iconName&quot;: null,
        &quot;controllerName&quot;: &quot;Rider&quot;,
        &quot;name&quot;: &quot;Rider Create&quot;,
        &quot;displayOrder&quot;: 0,
        &quot;description&quot;: null,
        &quot;id&quot;: &quot;84e2ed51-0787-4e21-b0cc-78397324e38f&quot;,
        &quot;isMenu&quot;: false,
        &quot;key&quot;: &quot;Rider.Create&quot;,
        &quot;parentId&quot;: &quot;1b716d9c-2bf6-4a16-9bd1-2214d14b6cc7&quot;,
        &quot;unAuthorizedProps&quot;: {
          &quot;visible&quot;: false,
          &quot;disabled&quot;: false
        },
        &quot;actionName&quot;: &quot;Create&quot;
      },
      {
        &quot;routePath&quot;: null,
        &quot;iconName&quot;: null,
        &quot;controllerName&quot;: &quot;Employee&quot;,
        &quot;name&quot;: &quot;Employee Delete&quot;,
        &quot;displayOrder&quot;: 0,
        &quot;description&quot;: null,
        &quot;id&quot;: &quot;b6a62bb2-7083-4534-91af-146ca008cb31&quot;,
        &quot;isMenu&quot;: false,
        &quot;key&quot;: &quot;Employee.Delete&quot;,
        &quot;parentId&quot;: &quot;e4a8e904-698e-4596-92c3-b40206b19179&quot;,
        &quot;unAuthorizedProps&quot;: {
          &quot;visible&quot;: false,
          &quot;disabled&quot;: false
        },
        &quot;actionName&quot;: &quot;Delete&quot;
      },
      {
        &quot;routePath&quot;: &quot;active-orders&quot;,
        &quot;iconName&quot;: &quot;activeOrderSVG&quot;,
        &quot;controllerName&quot;: &quot;Order&quot;,
        &quot;name&quot;: &quot;Active Orders&quot;,
        &quot;displayOrder&quot;: 120,
        &quot;description&quot;: null,
        &quot;id&quot;: &quot;960eff6d-a581-4a4e-991b-a0b5c9881f14&quot;,
        &quot;isMenu&quot;: true,
        &quot;key&quot;: &quot;Order.Active&quot;,
        &quot;parentId&quot;: &quot;872b9f8c-c48d-dfeb-de32-1be0c3c38dbb&quot;,
        &quot;unAuthorizedProps&quot;: {
          &quot;visible&quot;: false,
          &quot;disabled&quot;: false
        },
        &quot;actionName&quot;: &quot;Active&quot;
      },
      {
        &quot;routePath&quot;: null,
        &quot;iconName&quot;: null,
        &quot;controllerName&quot;: &quot;MessageTemplate&quot;,
        &quot;name&quot;: &quot;Message Template Edit&quot;,
        &quot;displayOrder&quot;: 0,
        &quot;description&quot;: null,
        &quot;id&quot;: &quot;3cf8a343-ba23-4210-9f73-884eb309a3b4&quot;,
        &quot;isMenu&quot;: false,
        &quot;key&quot;: &quot;MessageTemplate.Edit&quot;,
        &quot;parentId&quot;: &quot;570b7634-2234-498f-939b-440805527121&quot;,
        &quot;unAuthorizedProps&quot;: {
          &quot;visible&quot;: false,
          &quot;disabled&quot;: false
        },
        &quot;actionName&quot;: &quot;Edit&quot;
      },
      {
        &quot;routePath&quot;: null,
        &quot;iconName&quot;: null,
        &quot;controllerName&quot;: &quot;MessageTemplate&quot;,
        &quot;name&quot;: &quot;Message Template Delete&quot;,
        &quot;displayOrder&quot;: 0,
        &quot;description&quot;: null,
        &quot;id&quot;: &quot;6829e619-f27c-415b-abf5-653573cb4ed5&quot;,
        &quot;isMenu&quot;: false,
        &quot;key&quot;: &quot;MessageTemplate.Delete&quot;,
        &quot;parentId&quot;: &quot;570b7634-2234-498f-939b-440805527121&quot;,
        &quot;unAuthorizedProps&quot;: {
          &quot;visible&quot;: false,
          &quot;disabled&quot;: false
        },
        &quot;actionName&quot;: &quot;Delete&quot;
      },
      {
        &quot;routePath&quot;: null,
        &quot;iconName&quot;: null,
        &quot;controllerName&quot;: &quot;Role&quot;,
        &quot;name&quot;: &quot;Role Create&quot;,
        &quot;displayOrder&quot;: 0,
        &quot;description&quot;: null,
        &quot;id&quot;: &quot;b29c939f-9d31-4a77-ab10-43b6363c9ca7&quot;,
        &quot;isMenu&quot;: false,
        &quot;key&quot;: &quot;Role.Create&quot;,
        &quot;parentId&quot;: &quot;e98d2f21-52f8-41cb-9b3f-fe979b5f0578&quot;,
        &quot;unAuthorizedProps&quot;: {
          &quot;visible&quot;: false,
          &quot;disabled&quot;: false
        },
        &quot;actionName&quot;: &quot;Create&quot;
      },
      {
        &quot;routePath&quot;: null,
        &quot;iconName&quot;: null,
        &quot;controllerName&quot;: &quot;County&quot;,
        &quot;name&quot;: &quot;County Create&quot;,
        &quot;displayOrder&quot;: 0,
        &quot;description&quot;: null,
        &quot;id&quot;: &quot;b0718fbd-a486-4f05-9804-82c5e474efb7&quot;,
        &quot;isMenu&quot;: false,
        &quot;key&quot;: &quot;County.Create&quot;,
        &quot;parentId&quot;: &quot;28a7ee86-bfd8-408f-97d3-82a96e1cbcc6&quot;,
        &quot;unAuthorizedProps&quot;: {
          &quot;visible&quot;: false,
          &quot;disabled&quot;: false
        },
        &quot;actionName&quot;: &quot;Create&quot;
      },
      {
        &quot;routePath&quot;: null,
        &quot;iconName&quot;: null,
        &quot;controllerName&quot;: &quot;Language&quot;,
        &quot;name&quot;: &quot;Language Edit&quot;,
        &quot;displayOrder&quot;: 0,
        &quot;description&quot;: null,
        &quot;id&quot;: &quot;765464f2-8b9f-4234-ac07-063e06f3e9f2&quot;,
        &quot;isMenu&quot;: false,
        &quot;key&quot;: &quot;Language.Edit&quot;,
        &quot;parentId&quot;: &quot;7d117917-ff5a-448f-ae1c-71b123ffabc0&quot;,
        &quot;unAuthorizedProps&quot;: {
          &quot;visible&quot;: false,
          &quot;disabled&quot;: false
        },
        &quot;actionName&quot;: &quot;Edit&quot;
      },
      {
        &quot;routePath&quot;: null,
        &quot;iconName&quot;: null,
        &quot;controllerName&quot;: &quot;ServiceArea&quot;,
        &quot;name&quot;: &quot;ServiceArea UpdateStatus&quot;,
        &quot;displayOrder&quot;: 0,
        &quot;description&quot;: null,
        &quot;id&quot;: &quot;13514276-84ab-43d6-8542-5f166acb9b80&quot;,
        &quot;isMenu&quot;: false,
        &quot;key&quot;: &quot;ServiceArea.UpdateStatus&quot;,
        &quot;parentId&quot;: &quot;6510260c-2670-4f71-96ed-8f12986fb9cf&quot;,
        &quot;unAuthorizedProps&quot;: {
          &quot;visible&quot;: false,
          &quot;disabled&quot;: false
        },
        &quot;actionName&quot;: &quot;UpdateStatus&quot;
      },
      {
        &quot;routePath&quot;: null,
        &quot;iconName&quot;: null,
        &quot;controllerName&quot;: &quot;Language&quot;,
        &quot;name&quot;: &quot;Language Create&quot;,
        &quot;displayOrder&quot;: 0,
        &quot;description&quot;: null,
        &quot;id&quot;: &quot;70055253-2953-481a-ad68-308069f59188&quot;,
        &quot;isMenu&quot;: false,
        &quot;key&quot;: &quot;Language.Create&quot;,
        &quot;parentId&quot;: &quot;7d117917-ff5a-448f-ae1c-71b123ffabc0&quot;,
        &quot;unAuthorizedProps&quot;: {
          &quot;visible&quot;: false,
          &quot;disabled&quot;: false
        },
        &quot;actionName&quot;: &quot;Create&quot;
      },
      {
        &quot;routePath&quot;: null,
        &quot;iconName&quot;: null,
        &quot;controllerName&quot;: &quot;Banner&quot;,
        &quot;name&quot;: &quot;Banner List&quot;,
        &quot;displayOrder&quot;: 0,
        &quot;description&quot;: null,
        &quot;id&quot;: &quot;2af1fb3b-36bf-4379-b7a6-03f3e68742b2&quot;,
        &quot;isMenu&quot;: false,
        &quot;key&quot;: &quot;Banner.List&quot;,
        &quot;parentId&quot;: &quot;d01dd410-27ab-4ca2-ad2e-06ed18197543&quot;,
        &quot;unAuthorizedProps&quot;: {
          &quot;visible&quot;: false,
          &quot;disabled&quot;: false
        },
        &quot;actionName&quot;: &quot;List&quot;
      },
      {
        &quot;routePath&quot;: null,
        &quot;iconName&quot;: &quot;orders&quot;,
        &quot;controllerName&quot;: &quot;DriverApp&quot;,
        &quot;name&quot;: &quot;Orders&quot;,
        &quot;displayOrder&quot;: 0,
        &quot;description&quot;: &quot;&quot;,
        &quot;id&quot;: &quot;6fa1df30-c04b-4bef-a1d1-a67c2748e0b4&quot;,
        &quot;isMenu&quot;: true,
        &quot;key&quot;: &quot;DriverApp.Orders&quot;,
        &quot;parentId&quot;: &quot;673cefc5-8638-47b5-9440-8f3fa459f0b1&quot;,
        &quot;unAuthorizedProps&quot;: {
          &quot;visible&quot;: false,
          &quot;disabled&quot;: false
        },
        &quot;actionName&quot;: &quot;Orders&quot;
      },
      {
        &quot;routePath&quot;: null,
        &quot;iconName&quot;: &quot;blackListSVG&quot;,
        &quot;controllerName&quot;: &quot;BlackList&quot;,
        &quot;name&quot;: &quot;Black List Find&quot;,
        &quot;displayOrder&quot;: 0,
        &quot;description&quot;: null,
        &quot;id&quot;: &quot;e8a2ad2f-7dad-41a3-9696-6adefc308eb8&quot;,
        &quot;isMenu&quot;: false,
        &quot;key&quot;: &quot;BlackList.Find&quot;,
        &quot;parentId&quot;: &quot;d273c43d-77c8-4b88-8d35-9ec20a90bd11&quot;,
        &quot;unAuthorizedProps&quot;: {
          &quot;visible&quot;: false,
          &quot;disabled&quot;: false
        },
        &quot;actionName&quot;: &quot;Find&quot;
      },
      {
        &quot;routePath&quot;: null,
        &quot;iconName&quot;: &quot;ExportForFilter&quot;,
        &quot;controllerName&quot;: &quot;Product&quot;,
        &quot;name&quot;: &quot;Product ExportForFilter&quot;,
        &quot;displayOrder&quot;: 0,
        &quot;description&quot;: null,
        &quot;id&quot;: &quot;c6781e0f-f938-4907-8dc5-a17d241a8148&quot;,
        &quot;isMenu&quot;: false,
        &quot;key&quot;: &quot;Product.ExportForFilter&quot;,
        &quot;parentId&quot;: &quot;1858607f-58c2-4c69-8078-f2756c5ca81e&quot;,
        &quot;unAuthorizedProps&quot;: {
          &quot;visible&quot;: false,
          &quot;disabled&quot;: false
        },
        &quot;actionName&quot;: &quot;ExportForFilter&quot;
      },
      {
        &quot;routePath&quot;: null,
        &quot;iconName&quot;: &quot;auditSVG&quot;,
        &quot;controllerName&quot;: &quot;Audit&quot;,
        &quot;name&quot;: &quot;Audit ListForFilter&quot;,
        &quot;displayOrder&quot;: 100000,
        &quot;description&quot;: null,
        &quot;id&quot;: &quot;6db73bbc-1114-4e80-a30d-424386ffd8f5&quot;,
        &quot;isMenu&quot;: false,
        &quot;key&quot;: &quot;Audit.ListForFilter&quot;,
        &quot;parentId&quot;: &quot;76070de9-f4f5-4096-aa99-2d2bac586b44&quot;,
        &quot;unAuthorizedProps&quot;: {
          &quot;visible&quot;: false,
          &quot;disabled&quot;: false
        },
        &quot;actionName&quot;: &quot;ListForFilter&quot;
      },
      {
        &quot;routePath&quot;: null,
        &quot;iconName&quot;: null,
        &quot;controllerName&quot;: &quot;County&quot;,
        &quot;name&quot;: &quot;County Find&quot;,
        &quot;displayOrder&quot;: 0,
        &quot;description&quot;: null,
        &quot;id&quot;: &quot;d82e0244-f728-4651-b0dc-37ee070aacef&quot;,
        &quot;isMenu&quot;: false,
        &quot;key&quot;: &quot;County.Find&quot;,
        &quot;parentId&quot;: &quot;28a7ee86-bfd8-408f-97d3-82a96e1cbcc6&quot;,
        &quot;unAuthorizedProps&quot;: {
          &quot;visible&quot;: false,
          &quot;disabled&quot;: false
        },
        &quot;actionName&quot;: &quot;Find&quot;
      },
      {
        &quot;routePath&quot;: null,
        &quot;iconName&quot;: null,
        &quot;controllerName&quot;: &quot;Customer&quot;,
        &quot;name&quot;: &quot;Customer Delete&quot;,
        &quot;displayOrder&quot;: 0,
        &quot;description&quot;: null,
        &quot;id&quot;: &quot;f347f3bc-6802-4ec4-82ef-220e0032ab69&quot;,
        &quot;isMenu&quot;: false,
        &quot;key&quot;: &quot;Customer.Delete&quot;,
        &quot;parentId&quot;: &quot;07b60a01-5846-422c-b1c6-1c7a382dbd0e&quot;,
        &quot;unAuthorizedProps&quot;: {
          &quot;visible&quot;: false,
          &quot;disabled&quot;: false
        },
        &quot;actionName&quot;: &quot;Delete&quot;
      },
      {
        &quot;routePath&quot;: null,
        &quot;iconName&quot;: null,
        &quot;controllerName&quot;: &quot;Warehouse&quot;,
        &quot;name&quot;: &quot;Warehouse Edit&quot;,
        &quot;displayOrder&quot;: 0,
        &quot;description&quot;: null,
        &quot;id&quot;: &quot;8897a642-3ebb-4ed8-a71f-8dbe303509f6&quot;,
        &quot;isMenu&quot;: false,
        &quot;key&quot;: &quot;Warehouse.Edit&quot;,
        &quot;parentId&quot;: &quot;7a99d565-0e98-95af-19bd-814011ea2417&quot;,
        &quot;unAuthorizedProps&quot;: {
          &quot;visible&quot;: false,
          &quot;disabled&quot;: false
        },
        &quot;actionName&quot;: &quot;Edit&quot;
      },
      {
        &quot;routePath&quot;: null,
        &quot;iconName&quot;: null,
        &quot;controllerName&quot;: &quot;MessageTemplate&quot;,
        &quot;name&quot;: &quot;Message Template Create&quot;,
        &quot;displayOrder&quot;: 0,
        &quot;description&quot;: null,
        &quot;id&quot;: &quot;87fde03a-f96f-4317-a8e2-0b2790460da2&quot;,
        &quot;isMenu&quot;: false,
        &quot;key&quot;: &quot;MessageTemplate.Create&quot;,
        &quot;parentId&quot;: &quot;570b7634-2234-498f-939b-440805527121&quot;,
        &quot;unAuthorizedProps&quot;: {
          &quot;visible&quot;: false,
          &quot;disabled&quot;: false
        },
        &quot;actionName&quot;: &quot;Create&quot;
      },
      {
        &quot;routePath&quot;: null,
        &quot;iconName&quot;: null,
        &quot;controllerName&quot;: &quot;ServiceArea&quot;,
        &quot;name&quot;: &quot;ServiceArea Import&quot;,
        &quot;displayOrder&quot;: 0,
        &quot;description&quot;: null,
        &quot;id&quot;: &quot;6652b5a5-e837-4941-9c9c-e6cc2ae53745&quot;,
        &quot;isMenu&quot;: false,
        &quot;key&quot;: &quot;ServiceArea.Import&quot;,
        &quot;parentId&quot;: &quot;6510260c-2670-4f71-96ed-8f12986fb9cf&quot;,
        &quot;unAuthorizedProps&quot;: {
          &quot;visible&quot;: false,
          &quot;disabled&quot;: false
        },
        &quot;actionName&quot;: &quot;Import&quot;
      },
      {
        &quot;routePath&quot;: null,
        &quot;iconName&quot;: null,
        &quot;controllerName&quot;: &quot;LocaleResource&quot;,
        &quot;name&quot;: &quot;LocaleResource Create&quot;,
        &quot;displayOrder&quot;: 0,
        &quot;description&quot;: null,
        &quot;id&quot;: &quot;46f8f313-95b6-4848-9004-c69ec2dc12f4&quot;,
        &quot;isMenu&quot;: false,
        &quot;key&quot;: &quot;LocaleResource.Create&quot;,
        &quot;parentId&quot;: &quot;4c1a6c0d-765c-444a-b7c8-49e99f61d47b&quot;,
        &quot;unAuthorizedProps&quot;: {
          &quot;visible&quot;: false,
          &quot;disabled&quot;: false
        },
        &quot;actionName&quot;: &quot;Create&quot;
      },
      {
        &quot;routePath&quot;: null,
        &quot;iconName&quot;: null,
        &quot;controllerName&quot;: &quot;Customer&quot;,
        &quot;name&quot;: &quot;Customer Create&quot;,
        &quot;displayOrder&quot;: 0,
        &quot;description&quot;: null,
        &quot;id&quot;: &quot;d6fdfd07-b0f1-44ef-898b-22906287c3ef&quot;,
        &quot;isMenu&quot;: false,
        &quot;key&quot;: &quot;Customer.Create&quot;,
        &quot;parentId&quot;: &quot;07b60a01-5846-422c-b1c6-1c7a382dbd0e&quot;,
        &quot;unAuthorizedProps&quot;: {
          &quot;visible&quot;: false,
          &quot;disabled&quot;: false
        },
        &quot;actionName&quot;: &quot;Create&quot;
      },
      {
        &quot;routePath&quot;: null,
        &quot;iconName&quot;: null,
        &quot;controllerName&quot;: &quot;Banner&quot;,
        &quot;name&quot;: &quot;Banner Update Display Order&quot;,
        &quot;displayOrder&quot;: 0,
        &quot;description&quot;: null,
        &quot;id&quot;: &quot;a578fd4b-564e-4d88-87d1-aabbb183a21a&quot;,
        &quot;isMenu&quot;: false,
        &quot;key&quot;: &quot;Banner.UpdateBannerDisplayOrder&quot;,
        &quot;parentId&quot;: &quot;d01dd410-27ab-4ca2-ad2e-06ed18197543&quot;,
        &quot;unAuthorizedProps&quot;: {
          &quot;visible&quot;: false,
          &quot;disabled&quot;: false
        },
        &quot;actionName&quot;: &quot;UpdateBannerDisplayOrder&quot;
      },
      {
        &quot;routePath&quot;: null,
        &quot;iconName&quot;: null,
        &quot;controllerName&quot;: &quot;Address&quot;,
        &quot;name&quot;: &quot;Address Find&quot;,
        &quot;displayOrder&quot;: 0,
        &quot;description&quot;: null,
        &quot;id&quot;: &quot;69cd17c7-88f0-435d-9e1c-e3a178d79e21&quot;,
        &quot;isMenu&quot;: false,
        &quot;key&quot;: &quot;Address.Find&quot;,
        &quot;parentId&quot;: &quot;c3c514ef-1964-4c94-b13a-8bdd83a5b1cb&quot;,
        &quot;unAuthorizedProps&quot;: {
          &quot;visible&quot;: false,
          &quot;disabled&quot;: false
        },
        &quot;actionName&quot;: &quot;Find&quot;
      },
      {
        &quot;routePath&quot;: null,
        &quot;iconName&quot;: &quot;driverApp&quot;,
        &quot;controllerName&quot;: &quot;DriverApp&quot;,
        &quot;name&quot;: &quot;Driver Permissions&quot;,
        &quot;displayOrder&quot;: 0,
        &quot;description&quot;: null,
        &quot;id&quot;: &quot;673cefc5-8638-47b5-9440-8f3fa459f0b1&quot;,
        &quot;isMenu&quot;: false,
        &quot;key&quot;: &quot;DriverApp.Index&quot;,
        &quot;parentId&quot;: null,
        &quot;unAuthorizedProps&quot;: {
          &quot;visible&quot;: false,
          &quot;disabled&quot;: false
        },
        &quot;actionName&quot;: &quot;Index&quot;
      },
      {
        &quot;routePath&quot;: null,
        &quot;iconName&quot;: &quot;RemoteSearchForLocation&quot;,
        &quot;controllerName&quot;: &quot;Product&quot;,
        &quot;name&quot;: &quot;Product RemoteSearchForLocation&quot;,
        &quot;displayOrder&quot;: 0,
        &quot;description&quot;: null,
        &quot;id&quot;: &quot;9c90fc94-df36-4459-9a3b-c01d1f4f2211&quot;,
        &quot;isMenu&quot;: false,
        &quot;key&quot;: &quot;Product.RemoteSearchForLocation&quot;,
        &quot;parentId&quot;: &quot;1858607f-58c2-4c69-8078-f2756c5ca81e&quot;,
        &quot;unAuthorizedProps&quot;: {
          &quot;visible&quot;: false,
          &quot;disabled&quot;: false
        },
        &quot;actionName&quot;: &quot;RemoteSearchForLocation&quot;
      },
      {
        &quot;routePath&quot;: null,
        &quot;iconName&quot;: null,
        &quot;controllerName&quot;: &quot;Order&quot;,
        &quot;name&quot;: &quot;Order Cancel&quot;,
        &quot;displayOrder&quot;: 0,
        &quot;description&quot;: null,
        &quot;id&quot;: &quot;f92b5f11-f8e9-4754-85e0-f5d8666c620f&quot;,
        &quot;isMenu&quot;: false,
        &quot;key&quot;: &quot;Order.Cancel&quot;,
        &quot;parentId&quot;: &quot;872b9f8c-c48d-dfeb-de32-1be0c3c38dbb&quot;,
        &quot;unAuthorizedProps&quot;: {
          &quot;visible&quot;: false,
          &quot;disabled&quot;: false
        },
        &quot;actionName&quot;: &quot;Cancel&quot;
      },
      {
        &quot;routePath&quot;: null,
        &quot;iconName&quot;: null,
        &quot;controllerName&quot;: &quot;Category&quot;,
        &quot;name&quot;: &quot;Category UploadImage&quot;,
        &quot;displayOrder&quot;: 0,
        &quot;description&quot;: null,
        &quot;id&quot;: &quot;ae860d95-cc13-4b86-a535-202aa716c973&quot;,
        &quot;isMenu&quot;: false,
        &quot;key&quot;: &quot;Category.UploadImage&quot;,
        &quot;parentId&quot;: &quot;9bbddb67-d7f2-44d3-8d09-6bd04f8b6f79&quot;,
        &quot;unAuthorizedProps&quot;: {
          &quot;visible&quot;: false,
          &quot;disabled&quot;: false
        },
        &quot;actionName&quot;: &quot;UploadImage&quot;
      },
      {
        &quot;routePath&quot;: null,
        &quot;iconName&quot;: null,
        &quot;controllerName&quot;: &quot;Warehouse&quot;,
        &quot;name&quot;: &quot;Warehouse UpdateWarehouseQuantity&quot;,
        &quot;displayOrder&quot;: 0,
        &quot;description&quot;: null,
        &quot;id&quot;: &quot;95ea9fb5-2548-4bf4-bcad-937757b47ea9&quot;,
        &quot;isMenu&quot;: false,
        &quot;key&quot;: &quot;Warehouse.UpdateWarehouseQuantity&quot;,
        &quot;parentId&quot;: &quot;7a99d565-0e98-95af-19bd-814011ea2417&quot;,
        &quot;unAuthorizedProps&quot;: {
          &quot;visible&quot;: false,
          &quot;disabled&quot;: false
        },
        &quot;actionName&quot;: &quot;UpdateWarehouseQuantity&quot;
      },
      {
        &quot;routePath&quot;: null,
        &quot;iconName&quot;: null,
        &quot;controllerName&quot;: &quot;Warehouse&quot;,
        &quot;name&quot;: &quot;Warehouse Find&quot;,
        &quot;displayOrder&quot;: 0,
        &quot;description&quot;: null,
        &quot;id&quot;: &quot;15cd689d-00ad-40d4-9b1d-7a231ecb323e&quot;,
        &quot;isMenu&quot;: false,
        &quot;key&quot;: &quot;Warehouse.Find&quot;,
        &quot;parentId&quot;: &quot;7a99d565-0e98-95af-19bd-814011ea2417&quot;,
        &quot;unAuthorizedProps&quot;: {
          &quot;visible&quot;: false,
          &quot;disabled&quot;: false
        },
        &quot;actionName&quot;: &quot;Find&quot;
      },
      {
        &quot;routePath&quot;: &quot;inventory&quot;,
        &quot;iconName&quot;: &quot;inventorySVG&quot;,
        &quot;controllerName&quot;: &quot;Inventory&quot;,
        &quot;name&quot;: &quot;Inventory&quot;,
        &quot;displayOrder&quot;: 400,
        &quot;description&quot;: null,
        &quot;id&quot;: &quot;40fdcf04-65b5-4fc0-8e17-ddd1f84b1b0a&quot;,
        &quot;isMenu&quot;: true,
        &quot;key&quot;: &quot;Inventory.Index&quot;,
        &quot;parentId&quot;: null,
        &quot;unAuthorizedProps&quot;: {
          &quot;visible&quot;: false,
          &quot;disabled&quot;: false
        },
        &quot;actionName&quot;: &quot;Index&quot;
      },
      {
        &quot;routePath&quot;: null,
        &quot;iconName&quot;: null,
        &quot;controllerName&quot;: &quot;Customer&quot;,
        &quot;name&quot;: &quot;Customer ListForCouponCode&quot;,
        &quot;displayOrder&quot;: 0,
        &quot;description&quot;: null,
        &quot;id&quot;: &quot;9ace28d6-ab7f-4459-a605-232a0b6d2a77&quot;,
        &quot;isMenu&quot;: false,
        &quot;key&quot;: &quot;Customer.ListForCouponCode&quot;,
        &quot;parentId&quot;: &quot;07b60a01-5846-422c-b1c6-1c7a382dbd0e&quot;,
        &quot;unAuthorizedProps&quot;: {
          &quot;visible&quot;: false,
          &quot;disabled&quot;: false
        },
        &quot;actionName&quot;: &quot;ListForCouponCode&quot;
      },
      {
        &quot;routePath&quot;: null,
        &quot;iconName&quot;: null,
        &quot;controllerName&quot;: &quot;Campaign&quot;,
        &quot;name&quot;: &quot;Campaign Delete&quot;,
        &quot;displayOrder&quot;: 0,
        &quot;description&quot;: null,
        &quot;id&quot;: &quot;fd0189db-b2a0-4e72-ae4f-bfc608a105cc&quot;,
        &quot;isMenu&quot;: false,
        &quot;key&quot;: &quot;Campaign.Delete&quot;,
        &quot;parentId&quot;: &quot;fd2f794b-65fb-4da6-9bdb-835c466e4321&quot;,
        &quot;unAuthorizedProps&quot;: {
          &quot;visible&quot;: false,
          &quot;disabled&quot;: false
        },
        &quot;actionName&quot;: &quot;Delete&quot;
      },
      {
        &quot;routePath&quot;: null,
        &quot;iconName&quot;: &quot;Edit&quot;,
        &quot;controllerName&quot;: &quot;Product&quot;,
        &quot;name&quot;: &quot;Product Edit&quot;,
        &quot;displayOrder&quot;: 0,
        &quot;description&quot;: null,
        &quot;id&quot;: &quot;14e27911-45ec-4d84-8519-6c780671a1d4&quot;,
        &quot;isMenu&quot;: false,
        &quot;key&quot;: &quot;Product.Edit&quot;,
        &quot;parentId&quot;: &quot;1858607f-58c2-4c69-8078-f2756c5ca81e&quot;,
        &quot;unAuthorizedProps&quot;: {
          &quot;visible&quot;: false,
          &quot;disabled&quot;: false
        },
        &quot;actionName&quot;: &quot;Edit&quot;
      },
      {
        &quot;routePath&quot;: null,
        &quot;iconName&quot;: &quot;categorySVG&quot;,
        &quot;controllerName&quot;: &quot;Catalog&quot;,
        &quot;name&quot;: &quot;Catalog&quot;,
        &quot;displayOrder&quot;: 300,
        &quot;description&quot;: null,
        &quot;id&quot;: &quot;8b40e125-ffeb-4cf1-ba4b-0ac72aac09d9&quot;,
        &quot;isMenu&quot;: true,
        &quot;key&quot;: &quot;Catalog.Index&quot;,
        &quot;parentId&quot;: null,
        &quot;unAuthorizedProps&quot;: {
          &quot;visible&quot;: false,
          &quot;disabled&quot;: false
        },
        &quot;actionName&quot;: &quot;Index&quot;
      },
      {
        &quot;routePath&quot;: null,
        &quot;iconName&quot;: null,
        &quot;controllerName&quot;: &quot;Rider&quot;,
        &quot;name&quot;: &quot;List Warehouse&quot;,
        &quot;displayOrder&quot;: 0,
        &quot;description&quot;: null,
        &quot;id&quot;: &quot;b3974f99-cfc1-4eea-a71d-cb2d63fbe23b&quot;,
        &quot;isMenu&quot;: false,
        &quot;key&quot;: &quot;Rider.ListWarehouse&quot;,
        &quot;parentId&quot;: &quot;1b716d9c-2bf6-4a16-9bd1-2214d14b6cc7&quot;,
        &quot;unAuthorizedProps&quot;: {
          &quot;visible&quot;: false,
          &quot;disabled&quot;: false
        },
        &quot;actionName&quot;: &quot;ListWarehouse&quot;
      },
      {
        &quot;routePath&quot;: null,
        &quot;iconName&quot;: null,
        &quot;controllerName&quot;: &quot;ZipCode&quot;,
        &quot;name&quot;: &quot;ZipCode Find&quot;,
        &quot;displayOrder&quot;: 0,
        &quot;description&quot;: null,
        &quot;id&quot;: &quot;6ce0a1fe-663d-4167-9095-41ead097b95d&quot;,
        &quot;isMenu&quot;: false,
        &quot;key&quot;: &quot;ZipCode.Find&quot;,
        &quot;parentId&quot;: &quot;8aa34e38-533b-4ab7-bad7-0eaa7b5dec9c&quot;,
        &quot;unAuthorizedProps&quot;: {
          &quot;visible&quot;: false,
          &quot;disabled&quot;: false
        },
        &quot;actionName&quot;: &quot;Find&quot;
      },
      {
        &quot;routePath&quot;: null,
        &quot;iconName&quot;: null,
        &quot;controllerName&quot;: &quot;Country&quot;,
        &quot;name&quot;: &quot;Country Index&quot;,
        &quot;displayOrder&quot;: 0,
        &quot;description&quot;: null,
        &quot;id&quot;: &quot;9c15db73-badc-4894-ab1b-d8261bac91c2&quot;,
        &quot;isMenu&quot;: false,
        &quot;key&quot;: &quot;Country.Index&quot;,
        &quot;parentId&quot;: null,
        &quot;unAuthorizedProps&quot;: {
          &quot;visible&quot;: false,
          &quot;disabled&quot;: false
        },
        &quot;actionName&quot;: &quot;Index&quot;
      },
      {
        &quot;routePath&quot;: &quot;campaigns&quot;,
        &quot;iconName&quot;: &quot;campaignSVG&quot;,
        &quot;controllerName&quot;: &quot;Campaign&quot;,
        &quot;name&quot;: &quot;Campaigns&quot;,
        &quot;displayOrder&quot;: 200,
        &quot;description&quot;: null,
        &quot;id&quot;: &quot;fd2f794b-65fb-4da6-9bdb-835c466e4321&quot;,
        &quot;isMenu&quot;: true,
        &quot;key&quot;: &quot;Campaign.Index&quot;,
        &quot;parentId&quot;: null,
        &quot;unAuthorizedProps&quot;: {
          &quot;visible&quot;: false,
          &quot;disabled&quot;: false
        },
        &quot;actionName&quot;: &quot;Index&quot;
      },
      {
        &quot;routePath&quot;: &quot;&quot;,
        &quot;iconName&quot;: &quot;resourcesSVG&quot;,
        &quot;controllerName&quot;: &quot;Resource&quot;,
        &quot;name&quot;: &quot;Resources&quot;,
        &quot;displayOrder&quot;: 900,
        &quot;description&quot;: null,
        &quot;id&quot;: &quot;8f4ea0ae-2382-4769-8584-5f2f2b1520c8&quot;,
        &quot;isMenu&quot;: true,
        &quot;key&quot;: &quot;Resource.Index&quot;,
        &quot;parentId&quot;: null,
        &quot;unAuthorizedProps&quot;: {
          &quot;visible&quot;: false,
          &quot;disabled&quot;: false
        },
        &quot;actionName&quot;: &quot;Index&quot;
      },
      {
        &quot;routePath&quot;: null,
        &quot;iconName&quot;: null,
        &quot;controllerName&quot;: &quot;State&quot;,
        &quot;name&quot;: &quot;State Index&quot;,
        &quot;displayOrder&quot;: 0,
        &quot;description&quot;: null,
        &quot;id&quot;: &quot;4842baa6-3b5e-40d1-ba2c-aa896962f8a7&quot;,
        &quot;isMenu&quot;: false,
        &quot;key&quot;: &quot;State.Index&quot;,
        &quot;parentId&quot;: null,
        &quot;unAuthorizedProps&quot;: {
          &quot;visible&quot;: false,
          &quot;disabled&quot;: false
        },
        &quot;actionName&quot;: &quot;Index&quot;
      },
      {
        &quot;routePath&quot;: null,
        &quot;iconName&quot;: null,
        &quot;controllerName&quot;: &quot;Order&quot;,
        &quot;name&quot;: &quot;Order Create&quot;,
        &quot;displayOrder&quot;: 0,
        &quot;description&quot;: null,
        &quot;id&quot;: &quot;5c9d78b5-a896-4f09-81f5-3772241f9c78&quot;,
        &quot;isMenu&quot;: false,
        &quot;key&quot;: &quot;Order.Create&quot;,
        &quot;parentId&quot;: &quot;872b9f8c-c48d-dfeb-de32-1be0c3c38dbb&quot;,
        &quot;unAuthorizedProps&quot;: {
          &quot;visible&quot;: false,
          &quot;disabled&quot;: false
        },
        &quot;actionName&quot;: &quot;Create&quot;
      },
      {
        &quot;routePath&quot;: null,
        &quot;iconName&quot;: &quot;blackListSVG&quot;,
        &quot;controllerName&quot;: &quot;BlackList&quot;,
        &quot;name&quot;: &quot;Black List Delete&quot;,
        &quot;displayOrder&quot;: 0,
        &quot;description&quot;: null,
        &quot;id&quot;: &quot;ac6ae6a5-d189-4a17-b8a0-26fbbc3f6e27&quot;,
        &quot;isMenu&quot;: false,
        &quot;key&quot;: &quot;BlackList.Delete&quot;,
        &quot;parentId&quot;: &quot;d273c43d-77c8-4b88-8d35-9ec20a90bd11&quot;,
        &quot;unAuthorizedProps&quot;: {
          &quot;visible&quot;: false,
          &quot;disabled&quot;: false
        },
        &quot;actionName&quot;: &quot;Delete&quot;
      },
      {
        &quot;routePath&quot;: null,
        &quot;iconName&quot;: null,
        &quot;controllerName&quot;: &quot;Role&quot;,
        &quot;name&quot;: &quot;Role Find&quot;,
        &quot;displayOrder&quot;: 0,
        &quot;description&quot;: null,
        &quot;id&quot;: &quot;93ff5806-4453-44a3-bc9b-557783976d40&quot;,
        &quot;isMenu&quot;: false,
        &quot;key&quot;: &quot;Role.Find&quot;,
        &quot;parentId&quot;: &quot;e98d2f21-52f8-41cb-9b3f-fe979b5f0578&quot;,
        &quot;unAuthorizedProps&quot;: {
          &quot;visible&quot;: false,
          &quot;disabled&quot;: false
        },
        &quot;actionName&quot;: &quot;Find&quot;
      },
      {
        &quot;routePath&quot;: null,
        &quot;iconName&quot;: &quot;RemoteSearchForSubCategories&quot;,
        &quot;controllerName&quot;: &quot;Category&quot;,
        &quot;name&quot;: &quot;Category RemoteSearchForSubCategories&quot;,
        &quot;displayOrder&quot;: 0,
        &quot;description&quot;: null,
        &quot;id&quot;: &quot;6db1a08e-e179-4c17-9191-fa48c4e91f43&quot;,
        &quot;isMenu&quot;: false,
        &quot;key&quot;: &quot;Category.RemoteSearchForSubCategories&quot;,
        &quot;parentId&quot;: &quot;501d66f1-cdeb-4f10-85d2-6e00d60e36c9&quot;,
        &quot;unAuthorizedProps&quot;: {
          &quot;visible&quot;: false,
          &quot;disabled&quot;: false
        },
        &quot;actionName&quot;: &quot;RemoteSearchForSubCategories&quot;
      },
      {
        &quot;routePath&quot;: null,
        &quot;iconName&quot;: null,
        &quot;controllerName&quot;: &quot;Warehouse&quot;,
        &quot;name&quot;: &quot;Warehouse ImportWarehouseStock&quot;,
        &quot;displayOrder&quot;: 0,
        &quot;description&quot;: null,
        &quot;id&quot;: &quot;32b123d7-64e0-437b-85ee-e231221123c4&quot;,
        &quot;isMenu&quot;: false,
        &quot;key&quot;: &quot;Warehouse.ImportWarehouseStock&quot;,
        &quot;parentId&quot;: &quot;7a99d565-0e98-95af-19bd-814011ea2417&quot;,
        &quot;unAuthorizedProps&quot;: {
          &quot;visible&quot;: false,
          &quot;disabled&quot;: false
        },
        &quot;actionName&quot;: &quot;ImportWarehouseStock&quot;
      },
      {
        &quot;routePath&quot;: &quot;&quot;,
        &quot;iconName&quot;: &quot;&quot;,
        &quot;controllerName&quot;: &quot;Category&quot;,
        &quot;name&quot;: &quot;Category DeleteImage&quot;,
        &quot;displayOrder&quot;: 0,
        &quot;description&quot;: &quot;&quot;,
        &quot;id&quot;: &quot;abfccc7e-7b90-4102-a774-6064c670950a&quot;,
        &quot;isMenu&quot;: false,
        &quot;key&quot;: &quot;Category.DeleteImage&quot;,
        &quot;parentId&quot;: &quot;9bbddb67-d7f2-44d3-8d09-6bd04f8b6f79&quot;,
        &quot;unAuthorizedProps&quot;: {
          &quot;visible&quot;: false,
          &quot;disabled&quot;: false
        },
        &quot;actionName&quot;: &quot;DeleteImage&quot;
      },
      {
        &quot;routePath&quot;: null,
        &quot;iconName&quot;: null,
        &quot;controllerName&quot;: &quot;Role&quot;,
        &quot;name&quot;: &quot;Role Edit&quot;,
        &quot;displayOrder&quot;: 0,
        &quot;description&quot;: null,
        &quot;id&quot;: &quot;e659fa87-caf3-44e3-b5c2-1e0a78323f20&quot;,
        &quot;isMenu&quot;: false,
        &quot;key&quot;: &quot;Role.Edit&quot;,
        &quot;parentId&quot;: &quot;e98d2f21-52f8-41cb-9b3f-fe979b5f0578&quot;,
        &quot;unAuthorizedProps&quot;: {
          &quot;visible&quot;: false,
          &quot;disabled&quot;: false
        },
        &quot;actionName&quot;: &quot;Edit&quot;
      },
      {
        &quot;routePath&quot;: null,
        &quot;iconName&quot;: null,
        &quot;controllerName&quot;: &quot;Banner&quot;,
        &quot;name&quot;: &quot;Banner Delete&quot;,
        &quot;displayOrder&quot;: 0,
        &quot;description&quot;: null,
        &quot;id&quot;: &quot;21357ea8-c21e-4c43-846a-714dc3de69b2&quot;,
        &quot;isMenu&quot;: false,
        &quot;key&quot;: &quot;Banner.Delete&quot;,
        &quot;parentId&quot;: &quot;d01dd410-27ab-4ca2-ad2e-06ed18197543&quot;,
        &quot;unAuthorizedProps&quot;: {
          &quot;visible&quot;: false,
          &quot;disabled&quot;: false
        },
        &quot;actionName&quot;: &quot;Delete&quot;
      },
      {
        &quot;routePath&quot;: &quot;message-templates&quot;,
        &quot;iconName&quot;: &quot;messageSVG&quot;,
        &quot;controllerName&quot;: &quot;MessageTemplate&quot;,
        &quot;name&quot;: &quot;Message Templates&quot;,
        &quot;displayOrder&quot;: 0,
        &quot;description&quot;: null,
        &quot;id&quot;: &quot;570b7634-2234-498f-939b-440805527121&quot;,
        &quot;isMenu&quot;: true,
        &quot;key&quot;: &quot;MessageTemplate.Index&quot;,
        &quot;parentId&quot;: &quot;8f4ea0ae-2382-4769-8584-5f2f2b1520c8&quot;,
        &quot;unAuthorizedProps&quot;: {
          &quot;visible&quot;: false,
          &quot;disabled&quot;: false
        },
        &quot;actionName&quot;: &quot;Index&quot;
      },
      {
        &quot;routePath&quot;: null,
        &quot;iconName&quot;: null,
        &quot;controllerName&quot;: &quot;Banner&quot;,
        &quot;name&quot;: &quot;Banner Find&quot;,
        &quot;displayOrder&quot;: 0,
        &quot;description&quot;: null,
        &quot;id&quot;: &quot;d251bc51-e2ad-4581-a0f3-30fa44141403&quot;,
        &quot;isMenu&quot;: false,
        &quot;key&quot;: &quot;Banner.Find&quot;,
        &quot;parentId&quot;: &quot;d01dd410-27ab-4ca2-ad2e-06ed18197543&quot;,
        &quot;unAuthorizedProps&quot;: {
          &quot;visible&quot;: false,
          &quot;disabled&quot;: false
        },
        &quot;actionName&quot;: &quot;Find&quot;
      },
      {
        &quot;routePath&quot;: null,
        &quot;iconName&quot;: null,
        &quot;controllerName&quot;: &quot;Region&quot;,
        &quot;name&quot;: &quot;Region&quot;,
        &quot;displayOrder&quot;: 0,
        &quot;description&quot;: null,
        &quot;id&quot;: &quot;ea3629e8-4946-4c94-831b-445ff5e05927&quot;,
        &quot;isMenu&quot;: false,
        &quot;key&quot;: &quot;Region.Delete&quot;,
        &quot;parentId&quot;: &quot;636ed702-38d2-4f20-967d-54564a31315f&quot;,
        &quot;unAuthorizedProps&quot;: {
          &quot;visible&quot;: false,
          &quot;disabled&quot;: false
        },
        &quot;actionName&quot;: &quot;Delete&quot;
      },
      {
        &quot;routePath&quot;: &quot;riders&quot;,
        &quot;iconName&quot;: &quot;riderSVG&quot;,
        &quot;controllerName&quot;: &quot;Rider&quot;,
        &quot;name&quot;: &quot;Driver&quot;,
        &quot;displayOrder&quot;: 620,
        &quot;description&quot;: null,
        &quot;id&quot;: &quot;1b716d9c-2bf6-4a16-9bd1-2214d14b6cc7&quot;,
        &quot;isMenu&quot;: true,
        &quot;key&quot;: &quot;Rider.Index&quot;,
        &quot;parentId&quot;: &quot;8b04f24a-f777-5455-9d4b-5d32257d3d62&quot;,
        &quot;unAuthorizedProps&quot;: {
          &quot;visible&quot;: false,
          &quot;disabled&quot;: false
        },
        &quot;actionName&quot;: &quot;Index&quot;
      },
      {
        &quot;routePath&quot;: &quot;permissions&quot;,
        &quot;iconName&quot;: &quot;permissionSVG&quot;,
        &quot;controllerName&quot;: &quot;Permission&quot;,
        &quot;name&quot;: &quot;Permissions&quot;,
        &quot;displayOrder&quot;: 640,
        &quot;description&quot;: null,
        &quot;id&quot;: &quot;213aad81-551b-49f7-9d15-f11f5b9e7e88&quot;,
        &quot;isMenu&quot;: true,
        &quot;key&quot;: &quot;Permission.Index&quot;,
        &quot;parentId&quot;: &quot;8b04f24a-f777-5455-9d4b-5d32257d3d62&quot;,
        &quot;unAuthorizedProps&quot;: {
          &quot;visible&quot;: false,
          &quot;disabled&quot;: false
        },
        &quot;actionName&quot;: &quot;Index&quot;
      },
      {
        &quot;routePath&quot;: null,
        &quot;iconName&quot;: null,
        &quot;controllerName&quot;: &quot;County&quot;,
        &quot;name&quot;: &quot;County Edit&quot;,
        &quot;displayOrder&quot;: 0,
        &quot;description&quot;: null,
        &quot;id&quot;: &quot;ba784849-f3ea-4d98-8dc8-194743397b68&quot;,
        &quot;isMenu&quot;: false,
        &quot;key&quot;: &quot;County.Edit&quot;,
        &quot;parentId&quot;: &quot;28a7ee86-bfd8-408f-97d3-82a96e1cbcc6&quot;,
        &quot;unAuthorizedProps&quot;: {
          &quot;visible&quot;: false,
          &quot;disabled&quot;: false
        },
        &quot;actionName&quot;: &quot;Edit&quot;
      },
      {
        &quot;routePath&quot;: null,
        &quot;iconName&quot;: null,
        &quot;controllerName&quot;: &quot;ZipCode&quot;,
        &quot;name&quot;: &quot;ZipCode List&quot;,
        &quot;displayOrder&quot;: 0,
        &quot;description&quot;: null,
        &quot;id&quot;: &quot;48ed0371-cd67-4620-b3d7-8c71e947c93f&quot;,
        &quot;isMenu&quot;: false,
        &quot;key&quot;: &quot;ZipCode.List&quot;,
        &quot;parentId&quot;: &quot;8aa34e38-533b-4ab7-bad7-0eaa7b5dec9c&quot;,
        &quot;unAuthorizedProps&quot;: {
          &quot;visible&quot;: false,
          &quot;disabled&quot;: false
        },
        &quot;actionName&quot;: &quot;List&quot;
      },
      {
        &quot;routePath&quot;: null,
        &quot;iconName&quot;: null,
        &quot;controllerName&quot;: &quot;Role&quot;,
        &quot;name&quot;: &quot;Role Delete&quot;,
        &quot;displayOrder&quot;: 0,
        &quot;description&quot;: null,
        &quot;id&quot;: &quot;72327532-7e7b-443e-8f6c-1af60992346e&quot;,
        &quot;isMenu&quot;: false,
        &quot;key&quot;: &quot;Role.Delete&quot;,
        &quot;parentId&quot;: &quot;e98d2f21-52f8-41cb-9b3f-fe979b5f0578&quot;,
        &quot;unAuthorizedProps&quot;: {
          &quot;visible&quot;: false,
          &quot;disabled&quot;: false
        },
        &quot;actionName&quot;: &quot;Delete&quot;
      },
      {
        &quot;routePath&quot;: null,
        &quot;iconName&quot;: null,
        &quot;controllerName&quot;: &quot;County&quot;,
        &quot;name&quot;: &quot;County List&quot;,
        &quot;displayOrder&quot;: 0,
        &quot;description&quot;: null,
        &quot;id&quot;: &quot;b585755d-7f4f-43b0-8d1e-f2d807abcec4&quot;,
        &quot;isMenu&quot;: false,
        &quot;key&quot;: &quot;County.List&quot;,
        &quot;parentId&quot;: &quot;28a7ee86-bfd8-408f-97d3-82a96e1cbcc6&quot;,
        &quot;unAuthorizedProps&quot;: {
          &quot;visible&quot;: false,
          &quot;disabled&quot;: false
        },
        &quot;actionName&quot;: &quot;List&quot;
      },
      {
        &quot;routePath&quot;: null,
        &quot;iconName&quot;: null,
        &quot;controllerName&quot;: &quot;State&quot;,
        &quot;name&quot;: &quot;State List&quot;,
        &quot;displayOrder&quot;: 0,
        &quot;description&quot;: null,
        &quot;id&quot;: &quot;b3223f02-9caa-4de6-9340-052b6c64b670&quot;,
        &quot;isMenu&quot;: false,
        &quot;key&quot;: &quot;State.List&quot;,
        &quot;parentId&quot;: &quot;4842baa6-3b5e-40d1-ba2c-aa896962f8a7&quot;,
        &quot;unAuthorizedProps&quot;: {
          &quot;visible&quot;: false,
          &quot;disabled&quot;: false
        },
        &quot;actionName&quot;: &quot;List&quot;
      },
      {
        &quot;routePath&quot;: &quot;orders&quot;,
        &quot;iconName&quot;: &quot;ordersSVG&quot;,
        &quot;controllerName&quot;: &quot;Order&quot;,
        &quot;name&quot;: &quot;Status Count&quot;,
        &quot;displayOrder&quot;: 0,
        &quot;description&quot;: null,
        &quot;id&quot;: &quot;cebe4f6e-97cb-4744-be13-802d6ec99207&quot;,
        &quot;isMenu&quot;: false,
        &quot;key&quot;: &quot;Order.OrderStatusCount&quot;,
        &quot;parentId&quot;: &quot;872b9f8c-c48d-dfeb-de32-1be0c3c38dbb&quot;,
        &quot;unAuthorizedProps&quot;: {
          &quot;visible&quot;: false,
          &quot;disabled&quot;: false
        },
        &quot;actionName&quot;: &quot;OrderStatusCount&quot;
      },
      {
        &quot;routePath&quot;: null,
        &quot;iconName&quot;: null,
        &quot;controllerName&quot;: &quot;Region&quot;,
        &quot;name&quot;: &quot;Region Index&quot;,
        &quot;displayOrder&quot;: 0,
        &quot;description&quot;: null,
        &quot;id&quot;: &quot;636ed702-38d2-4f20-967d-54564a31315f&quot;,
        &quot;isMenu&quot;: false,
        &quot;key&quot;: &quot;Region.Index&quot;,
        &quot;parentId&quot;: null,
        &quot;unAuthorizedProps&quot;: {
          &quot;visible&quot;: false,
          &quot;disabled&quot;: false
        },
        &quot;actionName&quot;: &quot;Index&quot;
      },
      {
        &quot;routePath&quot;: null,
        &quot;iconName&quot;: null,
        &quot;controllerName&quot;: &quot;Region&quot;,
        &quot;name&quot;: &quot;Region List&quot;,
        &quot;displayOrder&quot;: 0,
        &quot;description&quot;: null,
        &quot;id&quot;: &quot;9c05f19c-13b9-498e-aacb-e3c0f3e1d478&quot;,
        &quot;isMenu&quot;: false,
        &quot;key&quot;: &quot;Region.List&quot;,
        &quot;parentId&quot;: &quot;636ed702-38d2-4f20-967d-54564a31315f&quot;,
        &quot;unAuthorizedProps&quot;: {
          &quot;visible&quot;: false,
          &quot;disabled&quot;: false
        },
        &quot;actionName&quot;: &quot;List&quot;
      },
      {
        &quot;routePath&quot;: &quot;banners&quot;,
        &quot;iconName&quot;: &quot;bannerSVG&quot;,
        &quot;controllerName&quot;: &quot;Banner&quot;,
        &quot;name&quot;: &quot;Banner&quot;,
        &quot;displayOrder&quot;: 920,
        &quot;description&quot;: null,
        &quot;id&quot;: &quot;d01dd410-27ab-4ca2-ad2e-06ed18197543&quot;,
        &quot;isMenu&quot;: true,
        &quot;key&quot;: &quot;Banner.Index&quot;,
        &quot;parentId&quot;: &quot;8f4ea0ae-2382-4769-8584-5f2f2b1520c8&quot;,
        &quot;unAuthorizedProps&quot;: {
          &quot;visible&quot;: false,
          &quot;disabled&quot;: false
        },
        &quot;actionName&quot;: &quot;Index&quot;
      },
      {
        &quot;routePath&quot;: null,
        &quot;iconName&quot;: null,
        &quot;controllerName&quot;: &quot;MessageTemplate&quot;,
        &quot;name&quot;: &quot;Message Template Find&quot;,
        &quot;displayOrder&quot;: 0,
        &quot;description&quot;: null,
        &quot;id&quot;: &quot;c4cda510-6ac9-41c7-ae6e-74e42b8672b2&quot;,
        &quot;isMenu&quot;: false,
        &quot;key&quot;: &quot;MessageTemplate.Find&quot;,
        &quot;parentId&quot;: &quot;570b7634-2234-498f-939b-440805527121&quot;,
        &quot;unAuthorizedProps&quot;: {
          &quot;visible&quot;: false,
          &quot;disabled&quot;: false
        },
        &quot;actionName&quot;: &quot;Find&quot;
      },
      {
        &quot;routePath&quot;: null,
        &quot;iconName&quot;: null,
        &quot;controllerName&quot;: &quot;Address&quot;,
        &quot;name&quot;: &quot;Address Delete&quot;,
        &quot;displayOrder&quot;: 0,
        &quot;description&quot;: null,
        &quot;id&quot;: &quot;fbfbd05c-64df-4fd5-b4b1-8ae1d6d0ab09&quot;,
        &quot;isMenu&quot;: false,
        &quot;key&quot;: &quot;Address.Delete&quot;,
        &quot;parentId&quot;: &quot;c3c514ef-1964-4c94-b13a-8bdd83a5b1cb&quot;,
        &quot;unAuthorizedProps&quot;: {
          &quot;visible&quot;: false,
          &quot;disabled&quot;: false
        },
        &quot;actionName&quot;: &quot;Delete&quot;
      },
      {
        &quot;routePath&quot;: null,
        &quot;iconName&quot;: null,
        &quot;controllerName&quot;: &quot;CouponCode&quot;,
        &quot;name&quot;: &quot;CouponCode&quot;,
        &quot;displayOrder&quot;: 0,
        &quot;description&quot;: null,
        &quot;id&quot;: &quot;b9a73bf9-fbb5-4c88-92c2-f307b6441d6a&quot;,
        &quot;isMenu&quot;: false,
        &quot;key&quot;: &quot;CouponCode.Find&quot;,
        &quot;parentId&quot;: &quot;5aaef586-e311-4265-a241-6eb9758d6541&quot;,
        &quot;unAuthorizedProps&quot;: {
          &quot;visible&quot;: false,
          &quot;disabled&quot;: false
        },
        &quot;actionName&quot;: &quot;Find&quot;
      },
      {
        &quot;routePath&quot;: null,
        &quot;iconName&quot;: null,
        &quot;controllerName&quot;: &quot;Admin&quot;,
        &quot;name&quot;: &quot;Admin Access&quot;,
        &quot;displayOrder&quot;: 0,
        &quot;description&quot;: null,
        &quot;id&quot;: &quot;3e00e509-1d51-489b-b91a-55fe8f3c6edb&quot;,
        &quot;isMenu&quot;: false,
        &quot;key&quot;: &quot;Admin.Access&quot;,
        &quot;parentId&quot;: null,
        &quot;unAuthorizedProps&quot;: {
          &quot;visible&quot;: false,
          &quot;disabled&quot;: false
        },
        &quot;actionName&quot;: &quot;Access&quot;
      },
      {
        &quot;routePath&quot;: null,
        &quot;iconName&quot;: null,
        &quot;controllerName&quot;: &quot;Campaign&quot;,
        &quot;name&quot;: &quot;Campaign Edit&quot;,
        &quot;displayOrder&quot;: 0,
        &quot;description&quot;: null,
        &quot;id&quot;: &quot;dc1d5cc3-524b-4eaa-9a9f-ee84215e1861&quot;,
        &quot;isMenu&quot;: false,
        &quot;key&quot;: &quot;Campaign.Edit&quot;,
        &quot;parentId&quot;: &quot;fd2f794b-65fb-4da6-9bdb-835c466e4321&quot;,
        &quot;unAuthorizedProps&quot;: {
          &quot;visible&quot;: false,
          &quot;disabled&quot;: false
        },
        &quot;actionName&quot;: &quot;Edit&quot;
      },
      {
        &quot;routePath&quot;: null,
        &quot;iconName&quot;: null,
        &quot;controllerName&quot;: &quot;Category&quot;,
        &quot;name&quot;: &quot;Category Delete&quot;,
        &quot;displayOrder&quot;: 0,
        &quot;description&quot;: null,
        &quot;id&quot;: &quot;b83891f7-ad63-4ffc-8ce2-54f1fe6c2655&quot;,
        &quot;isMenu&quot;: false,
        &quot;key&quot;: &quot;Category.Delete&quot;,
        &quot;parentId&quot;: &quot;9bbddb67-d7f2-44d3-8d09-6bd04f8b6f79&quot;,
        &quot;unAuthorizedProps&quot;: {
          &quot;visible&quot;: false,
          &quot;disabled&quot;: false
        },
        &quot;actionName&quot;: &quot;Delete&quot;
      },
      {
        &quot;routePath&quot;: &quot;order-history&quot;,
        &quot;iconName&quot;: &quot;orderHistorySVG&quot;,
        &quot;controllerName&quot;: &quot;Order&quot;,
        &quot;name&quot;: &quot;Order History&quot;,
        &quot;displayOrder&quot;: 110,
        &quot;description&quot;: null,
        &quot;id&quot;: &quot;14cbd334-6cd3-42b3-9b65-6bbeff98691f&quot;,
        &quot;isMenu&quot;: true,
        &quot;key&quot;: &quot;Order.History&quot;,
        &quot;parentId&quot;: &quot;872b9f8c-c48d-dfeb-de32-1be0c3c38dbb&quot;,
        &quot;unAuthorizedProps&quot;: {
          &quot;visible&quot;: false,
          &quot;disabled&quot;: false
        },
        &quot;actionName&quot;: &quot;History&quot;
      },
      {
        &quot;routePath&quot;: null,
        &quot;iconName&quot;: &quot;GetWarehousesByProductQuantities&quot;,
        &quot;controllerName&quot;: &quot;Warehouse&quot;,
        &quot;name&quot;: &quot;Warehouse GetWarehousesByProductQuantities&quot;,
        &quot;displayOrder&quot;: 0,
        &quot;description&quot;: null,
        &quot;id&quot;: &quot;03c0e9ba-00e5-4526-bed3-8b92b5ed5b00&quot;,
        &quot;isMenu&quot;: false,
        &quot;key&quot;: &quot;Warehouse.GetWarehousesByProductQuantities&quot;,
        &quot;parentId&quot;: &quot;7a99d565-0e98-95af-19bd-814011ea2417&quot;,
        &quot;unAuthorizedProps&quot;: {
          &quot;visible&quot;: false,
          &quot;disabled&quot;: false
        },
        &quot;actionName&quot;: &quot;GetWarehousesByProductQuantities&quot;
      },
      {
        &quot;routePath&quot;: null,
        &quot;iconName&quot;: null,
        &quot;controllerName&quot;: &quot;Customer&quot;,
        &quot;name&quot;: &quot;Customer Edit&quot;,
        &quot;displayOrder&quot;: 0,
        &quot;description&quot;: null,
        &quot;id&quot;: &quot;16ec7648-8864-46c1-81f8-45ca74b6d400&quot;,
        &quot;isMenu&quot;: false,
        &quot;key&quot;: &quot;Customer.Edit&quot;,
        &quot;parentId&quot;: &quot;07b60a01-5846-422c-b1c6-1c7a382dbd0e&quot;,
        &quot;unAuthorizedProps&quot;: {
          &quot;visible&quot;: false,
          &quot;disabled&quot;: false
        },
        &quot;actionName&quot;: &quot;Edit&quot;
      },
      {
        &quot;routePath&quot;: null,
        &quot;iconName&quot;: null,
        &quot;controllerName&quot;: &quot;Customer&quot;,
        &quot;name&quot;: &quot;Customer ExportForFilter&quot;,
        &quot;displayOrder&quot;: 0,
        &quot;description&quot;: null,
        &quot;id&quot;: &quot;d035c702-e74b-4f21-a90f-0e5eab19b6ed&quot;,
        &quot;isMenu&quot;: false,
        &quot;key&quot;: &quot;Customer.ExportForFilter&quot;,
        &quot;parentId&quot;: &quot;07b60a01-5846-422c-b1c6-1c7a382dbd0e&quot;,
        &quot;unAuthorizedProps&quot;: {
          &quot;visible&quot;: false,
          &quot;disabled&quot;: false
        },
        &quot;actionName&quot;: &quot;ExportForFilter&quot;
      },
      {
        &quot;routePath&quot;: null,
        &quot;iconName&quot;: &quot;UpdateIsShowOutOfStock&quot;,
        &quot;controllerName&quot;: &quot;Product&quot;,
        &quot;name&quot;: &quot;Product UpdateIsShowOutOfStock&quot;,
        &quot;displayOrder&quot;: 0,
        &quot;description&quot;: null,
        &quot;id&quot;: &quot;3b089d65-e726-4606-9e48-0fade407b41a&quot;,
        &quot;isMenu&quot;: false,
        &quot;key&quot;: &quot;Product.UpdateIsShowOutOfStock&quot;,
        &quot;parentId&quot;: &quot;1858607f-58c2-4c69-8078-f2756c5ca81e&quot;,
        &quot;unAuthorizedProps&quot;: {
          &quot;visible&quot;: false,
          &quot;disabled&quot;: false
        },
        &quot;actionName&quot;: &quot;UpdateIsShowOutOfStock&quot;
      },
      {
        &quot;routePath&quot;: null,
        &quot;iconName&quot;: null,
        &quot;controllerName&quot;: &quot;Category&quot;,
        &quot;name&quot;: &quot;Category List&quot;,
        &quot;displayOrder&quot;: 0,
        &quot;description&quot;: null,
        &quot;id&quot;: &quot;60efba66-4656-4db1-bbc9-9192afaadc42&quot;,
        &quot;isMenu&quot;: false,
        &quot;key&quot;: &quot;Category.List&quot;,
        &quot;parentId&quot;: &quot;9bbddb67-d7f2-44d3-8d09-6bd04f8b6f79&quot;,
        &quot;unAuthorizedProps&quot;: {
          &quot;visible&quot;: false,
          &quot;disabled&quot;: false
        },
        &quot;actionName&quot;: &quot;List&quot;
      },
      {
        &quot;routePath&quot;: null,
        &quot;iconName&quot;: &quot;SendOrderReceipt&quot;,
        &quot;controllerName&quot;: &quot;Order&quot;,
        &quot;name&quot;: &quot;Order SendOrderReceipt&quot;,
        &quot;displayOrder&quot;: 0,
        &quot;description&quot;: null,
        &quot;id&quot;: &quot;61f6a2b2-3170-45fd-b952-763ab434e8cb&quot;,
        &quot;isMenu&quot;: false,
        &quot;key&quot;: &quot;Order.SendOrderReceipt&quot;,
        &quot;parentId&quot;: &quot;6fa1df30-c04b-4bef-a1d1-a67c2748e0b4&quot;,
        &quot;unAuthorizedProps&quot;: {
          &quot;visible&quot;: false,
          &quot;disabled&quot;: false
        },
        &quot;actionName&quot;: &quot;SendOrderReceipt&quot;
      },
      {
        &quot;routePath&quot;: null,
        &quot;iconName&quot;: null,
        &quot;controllerName&quot;: &quot;ServiceArea&quot;,
        &quot;name&quot;: &quot;ServiceArea Index&quot;,
        &quot;displayOrder&quot;: 0,
        &quot;description&quot;: null,
        &quot;id&quot;: &quot;6510260c-2670-4f71-96ed-8f12986fb9cf&quot;,
        &quot;isMenu&quot;: false,
        &quot;key&quot;: &quot;ServiceArea.Index&quot;,
        &quot;parentId&quot;: null,
        &quot;unAuthorizedProps&quot;: {
          &quot;visible&quot;: false,
          &quot;disabled&quot;: false
        },
        &quot;actionName&quot;: &quot;Index&quot;
      },
      {
        &quot;routePath&quot;: null,
        &quot;iconName&quot;: null,
        &quot;controllerName&quot;: &quot;Order&quot;,
        &quot;name&quot;: &quot;Order ExportForFilter&quot;,
        &quot;displayOrder&quot;: 0,
        &quot;description&quot;: null,
        &quot;id&quot;: &quot;1f7586e6-8ed7-4d27-bbab-05b597a942f3&quot;,
        &quot;isMenu&quot;: false,
        &quot;key&quot;: &quot;Order.ExportForFilter&quot;,
        &quot;parentId&quot;: &quot;872b9f8c-c48d-dfeb-de32-1be0c3c38dbb&quot;,
        &quot;unAuthorizedProps&quot;: {
          &quot;visible&quot;: false,
          &quot;disabled&quot;: false
        },
        &quot;actionName&quot;: &quot;ExportForFilter&quot;
      },
      {
        &quot;routePath&quot;: null,
        &quot;iconName&quot;: &quot;delete&quot;,
        &quot;controllerName&quot;: &quot;ProductMedia&quot;,
        &quot;name&quot;: &quot;ProductMedia Delete&quot;,
        &quot;displayOrder&quot;: 0,
        &quot;description&quot;: null,
        &quot;id&quot;: &quot;f95ffe40-8464-4dd7-997a-1e5f0e4ccc4a&quot;,
        &quot;isMenu&quot;: false,
        &quot;key&quot;: &quot;ProductMedia.Delete&quot;,
        &quot;parentId&quot;: &quot;1858607f-58c2-4c69-8078-f2756c5ca81e&quot;,
        &quot;unAuthorizedProps&quot;: {
          &quot;visible&quot;: false,
          &quot;disabled&quot;: false
        },
        &quot;actionName&quot;: &quot;Delete&quot;
      },
      {
        &quot;routePath&quot;: null,
        &quot;iconName&quot;: &quot;auditSVG&quot;,
        &quot;controllerName&quot;: &quot;Audit&quot;,
        &quot;name&quot;: &quot;Audit Find&quot;,
        &quot;displayOrder&quot;: 100000,
        &quot;description&quot;: null,
        &quot;id&quot;: &quot;0817b3ef-fe5a-4be2-b10b-cd008314489e&quot;,
        &quot;isMenu&quot;: false,
        &quot;key&quot;: &quot;Audit.Find&quot;,
        &quot;parentId&quot;: &quot;76070de9-f4f5-4096-aa99-2d2bac586b44&quot;,
        &quot;unAuthorizedProps&quot;: {
          &quot;visible&quot;: false,
          &quot;disabled&quot;: false
        },
        &quot;actionName&quot;: &quot;Find&quot;
      },
      {
        &quot;routePath&quot;: null,
        &quot;iconName&quot;: null,
        &quot;controllerName&quot;: &quot;Region&quot;,
        &quot;name&quot;: &quot;Region Edit&quot;,
        &quot;displayOrder&quot;: 0,
        &quot;description&quot;: null,
        &quot;id&quot;: &quot;dab192e4-1dbc-4537-964c-b9bcf9c0e94c&quot;,
        &quot;isMenu&quot;: false,
        &quot;key&quot;: &quot;Region.Edit&quot;,
        &quot;parentId&quot;: &quot;636ed702-38d2-4f20-967d-54564a31315f&quot;,
        &quot;unAuthorizedProps&quot;: {
          &quot;visible&quot;: false,
          &quot;disabled&quot;: false
        },
        &quot;actionName&quot;: &quot;Edit&quot;
      },
      {
        &quot;routePath&quot;: null,
        &quot;iconName&quot;: null,
        &quot;controllerName&quot;: &quot;ZipCode&quot;,
        &quot;name&quot;: &quot;ZipCode Create&quot;,
        &quot;displayOrder&quot;: 0,
        &quot;description&quot;: null,
        &quot;id&quot;: &quot;a402206e-61d3-4fca-9008-34013f50378e&quot;,
        &quot;isMenu&quot;: false,
        &quot;key&quot;: &quot;ZipCode.Create&quot;,
        &quot;parentId&quot;: &quot;8aa34e38-533b-4ab7-bad7-0eaa7b5dec9c&quot;,
        &quot;unAuthorizedProps&quot;: {
          &quot;visible&quot;: false,
          &quot;disabled&quot;: false
        },
        &quot;actionName&quot;: &quot;Create&quot;
      },
      {
        &quot;routePath&quot;: null,
        &quot;iconName&quot;: null,
        &quot;controllerName&quot;: &quot;Role&quot;,
        &quot;name&quot;: &quot;Role AssignPermission&quot;,
        &quot;displayOrder&quot;: 0,
        &quot;description&quot;: null,
        &quot;id&quot;: &quot;059c1d80-0fbe-4e73-abc8-3e20a3ee2901&quot;,
        &quot;isMenu&quot;: false,
        &quot;key&quot;: &quot;Role.AssignPermission&quot;,
        &quot;parentId&quot;: &quot;e98d2f21-52f8-41cb-9b3f-fe979b5f0578&quot;,
        &quot;unAuthorizedProps&quot;: {
          &quot;visible&quot;: false,
          &quot;disabled&quot;: false
        },
        &quot;actionName&quot;: &quot;AssignPermission&quot;
      },
      {
        &quot;routePath&quot;: null,
        &quot;iconName&quot;: null,
        &quot;controllerName&quot;: &quot;Category&quot;,
        &quot;name&quot;: &quot;Category Find&quot;,
        &quot;displayOrder&quot;: 0,
        &quot;description&quot;: null,
        &quot;id&quot;: &quot;9d76a667-e500-4b4e-861b-25b97c953dd9&quot;,
        &quot;isMenu&quot;: false,
        &quot;key&quot;: &quot;Category.Find&quot;,
        &quot;parentId&quot;: &quot;9bbddb67-d7f2-44d3-8d09-6bd04f8b6f79&quot;,
        &quot;unAuthorizedProps&quot;: {
          &quot;visible&quot;: false,
          &quot;disabled&quot;: false
        },
        &quot;actionName&quot;: &quot;Find&quot;
      },
      {
        &quot;routePath&quot;: null,
        &quot;iconName&quot;: null,
        &quot;controllerName&quot;: &quot;Employee&quot;,
        &quot;name&quot;: &quot;Employee Find&quot;,
        &quot;displayOrder&quot;: 0,
        &quot;description&quot;: null,
        &quot;id&quot;: &quot;329395f5-2a4f-412c-bfa4-ba7e3d40d4b3&quot;,
        &quot;isMenu&quot;: false,
        &quot;key&quot;: &quot;Employee.Find&quot;,
        &quot;parentId&quot;: &quot;e4a8e904-698e-4596-92c3-b40206b19179&quot;,
        &quot;unAuthorizedProps&quot;: {
          &quot;visible&quot;: false,
          &quot;disabled&quot;: false
        },
        &quot;actionName&quot;: &quot;Find&quot;
      },
      {
        &quot;routePath&quot;: null,
        &quot;iconName&quot;: &quot;find&quot;,
        &quot;controllerName&quot;: &quot;Product&quot;,
        &quot;name&quot;: &quot;Product Find&quot;,
        &quot;displayOrder&quot;: 0,
        &quot;description&quot;: null,
        &quot;id&quot;: &quot;bd420774-1ffd-4fa0-b172-3f04acbb6dfa&quot;,
        &quot;isMenu&quot;: false,
        &quot;key&quot;: &quot;Product.Find&quot;,
        &quot;parentId&quot;: &quot;1858607f-58c2-4c69-8078-f2756c5ca81e&quot;,
        &quot;unAuthorizedProps&quot;: {
          &quot;visible&quot;: false,
          &quot;disabled&quot;: false
        },
        &quot;actionName&quot;: &quot;Find&quot;
      },
      {
        &quot;routePath&quot;: null,
        &quot;iconName&quot;: null,
        &quot;controllerName&quot;: &quot;Employee&quot;,
        &quot;name&quot;: &quot;Employee Edit&quot;,
        &quot;displayOrder&quot;: 0,
        &quot;description&quot;: null,
        &quot;id&quot;: &quot;d9cfda39-3a58-4e03-955d-d7f7fc173dd5&quot;,
        &quot;isMenu&quot;: false,
        &quot;key&quot;: &quot;Employee.Edit&quot;,
        &quot;parentId&quot;: &quot;e4a8e904-698e-4596-92c3-b40206b19179&quot;,
        &quot;unAuthorizedProps&quot;: {
          &quot;visible&quot;: false,
          &quot;disabled&quot;: false
        },
        &quot;actionName&quot;: &quot;Edit&quot;
      },
      {
        &quot;routePath&quot;: null,
        &quot;iconName&quot;: null,
        &quot;controllerName&quot;: &quot;Language&quot;,
        &quot;name&quot;: &quot;Language List&quot;,
        &quot;displayOrder&quot;: 0,
        &quot;description&quot;: null,
        &quot;id&quot;: &quot;2f273f27-d9dd-406e-a4d4-2faac07a3d2d&quot;,
        &quot;isMenu&quot;: false,
        &quot;key&quot;: &quot;Language.List&quot;,
        &quot;parentId&quot;: &quot;7d117917-ff5a-448f-ae1c-71b123ffabc0&quot;,
        &quot;unAuthorizedProps&quot;: {
          &quot;visible&quot;: false,
          &quot;disabled&quot;: false
        },
        &quot;actionName&quot;: &quot;List&quot;
      },
      {
        &quot;routePath&quot;: null,
        &quot;iconName&quot;: null,
        &quot;controllerName&quot;: &quot;ZipCode&quot;,
        &quot;name&quot;: &quot;ZipCode Index&quot;,
        &quot;displayOrder&quot;: 0,
        &quot;description&quot;: null,
        &quot;id&quot;: &quot;8aa34e38-533b-4ab7-bad7-0eaa7b5dec9c&quot;,
        &quot;isMenu&quot;: false,
        &quot;key&quot;: &quot;ZipCode.Index&quot;,
        &quot;parentId&quot;: null,
        &quot;unAuthorizedProps&quot;: {
          &quot;visible&quot;: false,
          &quot;disabled&quot;: false
        },
        &quot;actionName&quot;: &quot;Index&quot;
      },
      {
        &quot;routePath&quot;: null,
        &quot;iconName&quot;: null,
        &quot;controllerName&quot;: &quot;State&quot;,
        &quot;name&quot;: &quot;State Delete&quot;,
        &quot;displayOrder&quot;: 0,
        &quot;description&quot;: null,
        &quot;id&quot;: &quot;701496e5-1817-49e7-9c31-4270a4174942&quot;,
        &quot;isMenu&quot;: false,
        &quot;key&quot;: &quot;State.Delete&quot;,
        &quot;parentId&quot;: &quot;4842baa6-3b5e-40d1-ba2c-aa896962f8a7&quot;,
        &quot;unAuthorizedProps&quot;: {
          &quot;visible&quot;: false,
          &quot;disabled&quot;: false
        },
        &quot;actionName&quot;: &quot;Delete&quot;
      },
      {
        &quot;routePath&quot;: null,
        &quot;iconName&quot;: null,
        &quot;controllerName&quot;: &quot;County&quot;,
        &quot;name&quot;: &quot;County Index&quot;,
        &quot;displayOrder&quot;: 0,
        &quot;description&quot;: null,
        &quot;id&quot;: &quot;28a7ee86-bfd8-408f-97d3-82a96e1cbcc6&quot;,
        &quot;isMenu&quot;: false,
        &quot;key&quot;: &quot;County.Index&quot;,
        &quot;parentId&quot;: null,
        &quot;unAuthorizedProps&quot;: {
          &quot;visible&quot;: false,
          &quot;disabled&quot;: false
        },
        &quot;actionName&quot;: &quot;Index&quot;
      },
      {
        &quot;routePath&quot;: null,
        &quot;iconName&quot;: null,
        &quot;controllerName&quot;: &quot;Rider&quot;,
        &quot;name&quot;: &quot;Rider Delete&quot;,
        &quot;displayOrder&quot;: 0,
        &quot;description&quot;: null,
        &quot;id&quot;: &quot;b6c199d0-e33a-484b-b8c7-8c6a204541da&quot;,
        &quot;isMenu&quot;: false,
        &quot;key&quot;: &quot;Rider.Delete&quot;,
        &quot;parentId&quot;: &quot;1b716d9c-2bf6-4a16-9bd1-2214d14b6cc7&quot;,
        &quot;unAuthorizedProps&quot;: {
          &quot;visible&quot;: false,
          &quot;disabled&quot;: false
        },
        &quot;actionName&quot;: &quot;Delete&quot;
      },
      {
        &quot;routePath&quot;: null,
        &quot;iconName&quot;: null,
        &quot;controllerName&quot;: &quot;SubRegion&quot;,
        &quot;name&quot;: &quot;SubRegion Index&quot;,
        &quot;displayOrder&quot;: 0,
        &quot;description&quot;: null,
        &quot;id&quot;: &quot;5016a026-6957-41ab-8cda-9bd37afe0841&quot;,
        &quot;isMenu&quot;: false,
        &quot;key&quot;: &quot;SubRegion.Index&quot;,
        &quot;parentId&quot;: null,
        &quot;unAuthorizedProps&quot;: {
          &quot;visible&quot;: false,
          &quot;disabled&quot;: false
        },
        &quot;actionName&quot;: &quot;Index&quot;
      },
      {
        &quot;routePath&quot;: null,
        &quot;iconName&quot;: null,
        &quot;controllerName&quot;: &quot;Campaign&quot;,
        &quot;name&quot;: &quot;Campaign Create&quot;,
        &quot;displayOrder&quot;: 0,
        &quot;description&quot;: null,
        &quot;id&quot;: &quot;d165df32-e036-4e90-9f58-fa07296951f4&quot;,
        &quot;isMenu&quot;: false,
        &quot;key&quot;: &quot;Campaign.Create&quot;,
        &quot;parentId&quot;: &quot;fd2f794b-65fb-4da6-9bdb-835c466e4321&quot;,
        &quot;unAuthorizedProps&quot;: {
          &quot;visible&quot;: false,
          &quot;disabled&quot;: false
        },
        &quot;actionName&quot;: &quot;Create&quot;
      },
      {
        &quot;routePath&quot;: null,
        &quot;iconName&quot;: null,
        &quot;controllerName&quot;: &quot;Region&quot;,
        &quot;name&quot;: &quot;Region Create&quot;,
        &quot;displayOrder&quot;: 0,
        &quot;description&quot;: null,
        &quot;id&quot;: &quot;73aaaf9f-f0ae-4082-8b27-087cd854a8ae&quot;,
        &quot;isMenu&quot;: false,
        &quot;key&quot;: &quot;Region.Create&quot;,
        &quot;parentId&quot;: &quot;636ed702-38d2-4f20-967d-54564a31315f&quot;,
        &quot;unAuthorizedProps&quot;: {
          &quot;visible&quot;: false,
          &quot;disabled&quot;: false
        },
        &quot;actionName&quot;: &quot;Create&quot;
      },
      {
        &quot;routePath&quot;: &quot;audit-logs&quot;,
        &quot;iconName&quot;: &quot;auditSVG&quot;,
        &quot;controllerName&quot;: &quot;Audit&quot;,
        &quot;name&quot;: &quot;Audits&quot;,
        &quot;displayOrder&quot;: 999,
        &quot;description&quot;: null,
        &quot;id&quot;: &quot;76070de9-f4f5-4096-aa99-2d2bac586b44&quot;,
        &quot;isMenu&quot;: true,
        &quot;key&quot;: &quot;Audit.Index&quot;,
        &quot;parentId&quot;: null,
        &quot;unAuthorizedProps&quot;: {
          &quot;visible&quot;: false,
          &quot;disabled&quot;: false
        },
        &quot;actionName&quot;: &quot;Index&quot;
      },
      {
        &quot;routePath&quot;: null,
        &quot;iconName&quot;: null,
        &quot;controllerName&quot;: &quot;Order&quot;,
        &quot;name&quot;: &quot;Order PartialRefund&quot;,
        &quot;displayOrder&quot;: 0,
        &quot;description&quot;: null,
        &quot;id&quot;: &quot;5a118c25-8cae-40b6-9728-4542683e02e7&quot;,
        &quot;isMenu&quot;: false,
        &quot;key&quot;: &quot;Order.PartialRefund&quot;,
        &quot;parentId&quot;: &quot;872b9f8c-c48d-dfeb-de32-1be0c3c38dbb&quot;,
        &quot;unAuthorizedProps&quot;: {
          &quot;visible&quot;: false,
          &quot;disabled&quot;: false
        },
        &quot;actionName&quot;: &quot;PartialRefund&quot;
      },
      {
        &quot;routePath&quot;: null,
        &quot;iconName&quot;: null,
        &quot;controllerName&quot;: &quot;Permission&quot;,
        &quot;name&quot;: &quot;Permission List&quot;,
        &quot;displayOrder&quot;: 0,
        &quot;description&quot;: null,
        &quot;id&quot;: &quot;efde75e6-f926-47b4-8fc7-a190415c9625&quot;,
        &quot;isMenu&quot;: false,
        &quot;key&quot;: &quot;Permission.List&quot;,
        &quot;parentId&quot;: &quot;213aad81-551b-49f7-9d15-f11f5b9e7e88&quot;,
        &quot;unAuthorizedProps&quot;: {
          &quot;visible&quot;: false,
          &quot;disabled&quot;: false
        },
        &quot;actionName&quot;: &quot;List&quot;
      },
      {
        &quot;routePath&quot;: null,
        &quot;iconName&quot;: null,
        &quot;controllerName&quot;: &quot;Order&quot;,
        &quot;name&quot;: &quot;Order ListForFilterByActiveOrders&quot;,
        &quot;displayOrder&quot;: 0,
        &quot;description&quot;: null,
        &quot;id&quot;: &quot;5b6e6765-324b-4573-9918-6495fb653c36&quot;,
        &quot;isMenu&quot;: false,
        &quot;key&quot;: &quot;Order.ListForFilterByActiveOrders&quot;,
        &quot;parentId&quot;: &quot;872b9f8c-c48d-dfeb-de32-1be0c3c38dbb&quot;,
        &quot;unAuthorizedProps&quot;: {
          &quot;visible&quot;: false,
          &quot;disabled&quot;: false
        },
        &quot;actionName&quot;: &quot;ListForFilterByActiveOrders&quot;
      },
      {
        &quot;routePath&quot;: null,
        &quot;iconName&quot;: &quot;ChangeStatusToCompleted&quot;,
        &quot;controllerName&quot;: &quot;Order&quot;,
        &quot;name&quot;: &quot;Order ChangeStatusToCompleted&quot;,
        &quot;displayOrder&quot;: 0,
        &quot;description&quot;: null,
        &quot;id&quot;: &quot;c0d476ba-4306-46e1-b6b4-4c9e459a7724&quot;,
        &quot;isMenu&quot;: false,
        &quot;key&quot;: &quot;Order.ChangeStatusToCompleted&quot;,
        &quot;parentId&quot;: &quot;872b9f8c-c48d-dfeb-de32-1be0c3c38dbb&quot;,
        &quot;unAuthorizedProps&quot;: {
          &quot;visible&quot;: false,
          &quot;disabled&quot;: false
        },
        &quot;actionName&quot;: &quot;ChangeStatusToCompleted&quot;
      },
      {
        &quot;routePath&quot;: &quot;dashboards&quot;,
        &quot;iconName&quot;: &quot;dashboardSVG&quot;,
        &quot;controllerName&quot;: &quot;Dashboard&quot;,
        &quot;name&quot;: &quot;Analytics&quot;,
        &quot;displayOrder&quot;: 400,
        &quot;description&quot;: &quot;Analytics&quot;,
        &quot;id&quot;: &quot;05f03ef2-ee9e-466b-b024-cfa79802f9ae&quot;,
        &quot;isMenu&quot;: false,
        &quot;key&quot;: &quot;Dashboard.List&quot;,
        &quot;parentId&quot;: null,
        &quot;unAuthorizedProps&quot;: {
          &quot;visible&quot;: false,
          &quot;disabled&quot;: false
        },
        &quot;actionName&quot;: &quot;List&quot;
      },
      {
        &quot;routePath&quot;: null,
        &quot;iconName&quot;: null,
        &quot;controllerName&quot;: &quot;Warehouse&quot;,
        &quot;name&quot;: &quot;Warehouse EditWarehouseStatus&quot;,
        &quot;displayOrder&quot;: 0,
        &quot;description&quot;: null,
        &quot;id&quot;: &quot;ceb79cf6-b1a8-468b-8b15-e73bb6c3ffe9&quot;,
        &quot;isMenu&quot;: false,
        &quot;key&quot;: &quot;Warehouse.EditWarehouseStatus&quot;,
        &quot;parentId&quot;: &quot;7a99d565-0e98-95af-19bd-814011ea2417&quot;,
        &quot;unAuthorizedProps&quot;: {
          &quot;visible&quot;: false,
          &quot;disabled&quot;: false
        },
        &quot;actionName&quot;: &quot;EditWarehouseStatus&quot;
      },
      {
        &quot;routePath&quot;: null,
        &quot;iconName&quot;: null,
        &quot;controllerName&quot;: &quot;Order&quot;,
        &quot;name&quot;: &quot;Order Delete&quot;,
        &quot;displayOrder&quot;: 0,
        &quot;description&quot;: null,
        &quot;id&quot;: &quot;e7fae6f1-e5f5-48e4-ab32-c61d6457b738&quot;,
        &quot;isMenu&quot;: false,
        &quot;key&quot;: &quot;Order.Delete&quot;,
        &quot;parentId&quot;: &quot;872b9f8c-c48d-dfeb-de32-1be0c3c38dbb&quot;,
        &quot;unAuthorizedProps&quot;: {
          &quot;visible&quot;: false,
          &quot;disabled&quot;: false
        },
        &quot;actionName&quot;: &quot;Delete&quot;
      },
      {
        &quot;routePath&quot;: null,
        &quot;iconName&quot;: &quot;RemoteSearchForCouponCode&quot;,
        &quot;controllerName&quot;: &quot;CouponCode&quot;,
        &quot;name&quot;: &quot;CouponCode RemoteSearchForCouponCode&quot;,
        &quot;displayOrder&quot;: 0,
        &quot;description&quot;: null,
        &quot;id&quot;: &quot;14ed0b92-dcc7-4309-aef9-522eec12fc08&quot;,
        &quot;isMenu&quot;: false,
        &quot;key&quot;: &quot;CouponCode.RemoteSearchForCouponCode&quot;,
        &quot;parentId&quot;: null,
        &quot;unAuthorizedProps&quot;: {
          &quot;visible&quot;: false,
          &quot;disabled&quot;: false
        },
        &quot;actionName&quot;: &quot;RemoteSearchForCouponCode&quot;
      },
      {
        &quot;routePath&quot;: null,
        &quot;iconName&quot;: null,
        &quot;controllerName&quot;: &quot;LocaleResource&quot;,
        &quot;name&quot;: &quot;LocaleResource List&quot;,
        &quot;displayOrder&quot;: 0,
        &quot;description&quot;: null,
        &quot;id&quot;: &quot;1f97b83f-e4aa-4e06-b490-eca7a7c7c5ef&quot;,
        &quot;isMenu&quot;: false,
        &quot;key&quot;: &quot;LocaleResource.List&quot;,
        &quot;parentId&quot;: &quot;4c1a6c0d-765c-444a-b7c8-49e99f61d47b&quot;,
        &quot;unAuthorizedProps&quot;: {
          &quot;visible&quot;: false,
          &quot;disabled&quot;: false
        },
        &quot;actionName&quot;: &quot;List&quot;
      },
      {
        &quot;routePath&quot;: &quot;roles&quot;,
        &quot;iconName&quot;: &quot;RolesSVG&quot;,
        &quot;controllerName&quot;: &quot;Role&quot;,
        &quot;name&quot;: &quot;Roles&quot;,
        &quot;displayOrder&quot;: 650,
        &quot;description&quot;: null,
        &quot;id&quot;: &quot;e98d2f21-52f8-41cb-9b3f-fe979b5f0578&quot;,
        &quot;isMenu&quot;: true,
        &quot;key&quot;: &quot;Role.Index&quot;,
        &quot;parentId&quot;: &quot;8b04f24a-f777-5455-9d4b-5d32257d3d62&quot;,
        &quot;unAuthorizedProps&quot;: {
          &quot;visible&quot;: false,
          &quot;disabled&quot;: false
        },
        &quot;actionName&quot;: &quot;Index&quot;
      },
      {
        &quot;routePath&quot;: null,
        &quot;iconName&quot;: null,
        &quot;controllerName&quot;: &quot;SubRegion&quot;,
        &quot;name&quot;: &quot;SubRegion Delete&quot;,
        &quot;displayOrder&quot;: 0,
        &quot;description&quot;: null,
        &quot;id&quot;: &quot;df7da069-b35d-4179-a5dc-8f61beab4226&quot;,
        &quot;isMenu&quot;: false,
        &quot;key&quot;: &quot;SubRegion.Delete&quot;,
        &quot;parentId&quot;: &quot;5016a026-6957-41ab-8cda-9bd37afe0841&quot;,
        &quot;unAuthorizedProps&quot;: {
          &quot;visible&quot;: false,
          &quot;disabled&quot;: false
        },
        &quot;actionName&quot;: &quot;Delete&quot;
      },
      {
        &quot;routePath&quot;: null,
        &quot;iconName&quot;: &quot;UploadProductMedia&quot;,
        &quot;controllerName&quot;: &quot;ProductMedia&quot;,
        &quot;name&quot;: &quot;ProductMedia UploadProductMedia&quot;,
        &quot;displayOrder&quot;: 0,
        &quot;description&quot;: null,
        &quot;id&quot;: &quot;f214be5c-985b-4aaa-aa42-d49e789d5ca6&quot;,
        &quot;isMenu&quot;: false,
        &quot;key&quot;: &quot;ProductMedia.UploadProductMedia&quot;,
        &quot;parentId&quot;: &quot;1858607f-58c2-4c69-8078-f2756c5ca81e&quot;,
        &quot;unAuthorizedProps&quot;: {
          &quot;visible&quot;: false,
          &quot;disabled&quot;: false
        },
        &quot;actionName&quot;: &quot;UploadProductMedia&quot;
      },
      {
        &quot;routePath&quot;: null,
        &quot;iconName&quot;: null,
        &quot;controllerName&quot;: &quot;Order&quot;,
        &quot;name&quot;: &quot;order ListForFilter&quot;,
        &quot;displayOrder&quot;: 0,
        &quot;description&quot;: null,
        &quot;id&quot;: &quot;f12e049a-8719-46d1-9507-00d1671d7c6d&quot;,
        &quot;isMenu&quot;: false,
        &quot;key&quot;: &quot;Order.ListForFilter&quot;,
        &quot;parentId&quot;: &quot;872b9f8c-c48d-dfeb-de32-1be0c3c38dbb&quot;,
        &quot;unAuthorizedProps&quot;: {
          &quot;visible&quot;: false,
          &quot;disabled&quot;: false
        },
        &quot;actionName&quot;: &quot;ListForFilter&quot;
      },
      {
        &quot;routePath&quot;: null,
        &quot;iconName&quot;: null,
        &quot;controllerName&quot;: &quot;CouponCode&quot;,
        &quot;name&quot;: &quot;CouponCode&quot;,
        &quot;displayOrder&quot;: 0,
        &quot;description&quot;: null,
        &quot;id&quot;: &quot;d2f7e3bf-712f-4991-994f-0f3e5e6cda1b&quot;,
        &quot;isMenu&quot;: false,
        &quot;key&quot;: &quot;CouponCode.FindByCode&quot;,
        &quot;parentId&quot;: &quot;5aaef586-e311-4265-a241-6eb9758d6541&quot;,
        &quot;unAuthorizedProps&quot;: {
          &quot;visible&quot;: false,
          &quot;disabled&quot;: false
        },
        &quot;actionName&quot;: &quot;FindByCode&quot;
      }
    ],
    &quot;imageUrl&quot;: null,
    &quot;phoneCountryId&quot;: &quot;f83c326d-cbf4-47cf-b592-f3f638a5a958&quot;,
    &quot;email&quot;: &quot;busra@popcornvan.com&quot;
  },
  &quot;refreshToken&quot;: &quot;PCFMkEHHsV8tLBJOr6IWkcyYO1gK9t4l8Y5qrwif+nGRtVFXf8xHfH04/qk=&quot;
}
 
15:26:25.805 [pool-1-thread-4] INFO  com.intuit.karate - [print] employee login response --&gt; {
  &quot;expiresIn&quot;: 3.15359999949736E7,
  &quot;accessToken&quot;: &quot;eyJhbGciOiJIUzUxMiIsInR5cCI6IkpXVCJ9.eyJuYW1laWQiOiJidXNyYUBwb3Bjb3JudmFuLmNvbSIsIm5hbWUiOiJiw7zFn3JhIGLDvMWfcmEiLCJVc2VyVHlwZSI6IkVtcGxveWVlIiwiTmFtZSI6ImLDvMWfcmEgYsO8xZ9yYSIsIkVtYWlsIjoiYnVzcmFAcG9wY29ybnZhbi5jb20iLCJVc2VySWQiOiIzYzA1ZjhjMS1iMmMzLTQ0NjUtYjRlNS03NmE1ZThlNzkzYTgiLCJuYmYiOjE2NDI1OTUxODUsImV4cCI6MTY3NDEzMTE4NSwiaWF0IjoxNjQyNTk1MTg1LCJpc3MiOiJodHRwczovL3BvcGNvcm52YW4uY29tLyIsImF1ZCI6Imh0dHBzOi8vcG9wY29ybnZhbi5jb20vIn0.MV07OVA3AAD7hByIytMUelvaH0fFFe2DI23A7HxHOU1Z6ka277o5NUfzT1dOR1DPsIveIdpqwppjnLkG4rUU5Q&quot;,
  &quot;user&quot;: {
    &quot;imagePath&quot;: null,
    &quot;roles&quot;: [
      {
        &quot;name&quot;: &quot;Super Admin&quot;,
        &quot;displayOrder&quot;: 0,
        &quot;description&quot;: null,
        &quot;colorCode&quot;: null,
        &quot;id&quot;: &quot;4f1058c6-0985-4139-8302-b50df344c339&quot;
      }
    ],
    &quot;languageId&quot;: null,
    &quot;fullName&quot;: &quot;büşra büşra&quot;,
    &quot;employeeId&quot;: &quot;25010a8b-17db-438c-983d-a97e68c569b1&quot;,
    &quot;languageCode&quot;: null,
    &quot;userId&quot;: &quot;3c05f8c1-b2c3-4465-b4e5-76a5e8e793a8&quot;,
    &quot;languageName&quot;: null,
    &quot;phoneAreaCode&quot;: &quot;+373&quot;,
    &quot;phoneNumber&quot;: &quot;6667788&quot;,
    &quot;externalUserId&quot;: &quot;00000000-0000-0000-0000-000000000000&quot;,
    &quot;permissions&quot;: [
      {
        &quot;routePath&quot;: &quot;overview&quot;,
        &quot;iconName&quot;: &quot;overviewSVG&quot;,
        &quot;controllerName&quot;: &quot;Admin&quot;,
        &quot;name&quot;: &quot;Overview&quot;,
        &quot;displayOrder&quot;: 100,
        &quot;description&quot;: null,
        &quot;id&quot;: &quot;f3ef6d44-bdda-9acc-2131-8885bd8e368b&quot;,
        &quot;isMenu&quot;: false,
        &quot;key&quot;: &quot;Admin.Overview&quot;,
        &quot;parentId&quot;: null,
        &quot;unAuthorizedProps&quot;: {
          &quot;visible&quot;: false,
          &quot;disabled&quot;: false
        },
        &quot;actionName&quot;: &quot;Overview&quot;
      },
      {
        &quot;routePath&quot;: null,
        &quot;iconName&quot;: null,
        &quot;controllerName&quot;: &quot;Pusher&quot;,
        &quot;name&quot;: &quot;Pusher Auth&quot;,
        &quot;displayOrder&quot;: 0,
        &quot;description&quot;: null,
        &quot;id&quot;: &quot;d3abc4d5-0841-435b-b27e-c1f8ff8f4d9f&quot;,
        &quot;isMenu&quot;: false,
        &quot;key&quot;: &quot;Pusher.Auth&quot;,
        &quot;parentId&quot;: null,
        &quot;unAuthorizedProps&quot;: {
          &quot;visible&quot;: false,
          &quot;disabled&quot;: false
        },
        &quot;actionName&quot;: &quot;Auth&quot;
      },
      {
        &quot;routePath&quot;: null,
        &quot;iconName&quot;: null,
        &quot;controllerName&quot;: &quot;ServiceArea&quot;,
        &quot;name&quot;: &quot;ServiceArea Find&quot;,
        &quot;displayOrder&quot;: 0,
        &quot;description&quot;: null,
        &quot;id&quot;: &quot;941ff53e-a0e7-4a97-9f21-5a071749fdcf&quot;,
        &quot;isMenu&quot;: false,
        &quot;key&quot;: &quot;ServiceArea.Find&quot;,
        &quot;parentId&quot;: &quot;6510260c-2670-4f71-96ed-8f12986fb9cf&quot;,
        &quot;unAuthorizedProps&quot;: {
          &quot;visible&quot;: false,
          &quot;disabled&quot;: false
        },
        &quot;actionName&quot;: &quot;Find&quot;
      },
      {
        &quot;routePath&quot;: null,
        &quot;iconName&quot;: null,
        &quot;controllerName&quot;: &quot;CouponCode&quot;,
        &quot;name&quot;: &quot;CouponCode&quot;,
        &quot;displayOrder&quot;: 0,
        &quot;description&quot;: null,
        &quot;id&quot;: &quot;a1ea1d92-37b1-41ec-b4cf-24f205e13ced&quot;,
        &quot;isMenu&quot;: false,
        &quot;key&quot;: &quot;CouponCode.Edit&quot;,
        &quot;parentId&quot;: &quot;5aaef586-e311-4265-a241-6eb9758d6541&quot;,
        &quot;unAuthorizedProps&quot;: {
          &quot;visible&quot;: false,
          &quot;disabled&quot;: false
        },
        &quot;actionName&quot;: &quot;Edit&quot;
      },
      {
        &quot;routePath&quot;: &quot;customers&quot;,
        &quot;iconName&quot;: &quot;customerSVG&quot;,
        &quot;controllerName&quot;: &quot;Customer&quot;,
        &quot;name&quot;: &quot;Customer&quot;,
        &quot;displayOrder&quot;: 610,
        &quot;description&quot;: null,
        &quot;id&quot;: &quot;07b60a01-5846-422c-b1c6-1c7a382dbd0e&quot;,
        &quot;isMenu&quot;: true,
        &quot;key&quot;: &quot;Customer.Index&quot;,
        &quot;parentId&quot;: &quot;8b04f24a-f777-5455-9d4b-5d32257d3d62&quot;,
        &quot;unAuthorizedProps&quot;: {
          &quot;visible&quot;: false,
          &quot;disabled&quot;: false
        },
        &quot;actionName&quot;: &quot;Index&quot;
      },
      {
        &quot;routePath&quot;: null,
        &quot;iconName&quot;: null,
        &quot;controllerName&quot;: &quot;ServiceArea&quot;,
        &quot;name&quot;: &quot;ServiceArea List&quot;,
        &quot;displayOrder&quot;: 0,
        &quot;description&quot;: null,
        &quot;id&quot;: &quot;d059ba5c-c4a9-44ee-89cb-167400d65355&quot;,
        &quot;isMenu&quot;: false,
        &quot;key&quot;: &quot;ServiceArea.List&quot;,
        &quot;parentId&quot;: &quot;6510260c-2670-4f71-96ed-8f12986fb9cf&quot;,
        &quot;unAuthorizedProps&quot;: {
          &quot;visible&quot;: false,
          &quot;disabled&quot;: false
        },
        &quot;actionName&quot;: &quot;List&quot;
      },
      {
        &quot;routePath&quot;: null,
        &quot;iconName&quot;: &quot;managementSVG&quot;,
        &quot;controllerName&quot;: &quot;Product&quot;,
        &quot;name&quot;: &quot;Product / Support&quot;,
        &quot;displayOrder&quot;: 999,
        &quot;description&quot;: null,
        &quot;id&quot;: &quot;5b7cb896-ff20-4798-8468-df6c7f3be073&quot;,
        &quot;isMenu&quot;: true,
        &quot;key&quot;: &quot;Product.Main&quot;,
        &quot;parentId&quot;: null,
        &quot;unAuthorizedProps&quot;: {
          &quot;visible&quot;: false,
          &quot;disabled&quot;: false
        },
        &quot;actionName&quot;: &quot;Main&quot;
      },
      {
        &quot;routePath&quot;: null,
        &quot;iconName&quot;: null,
        &quot;controllerName&quot;: &quot;Address&quot;,
        &quot;name&quot;: &quot;Address List&quot;,
        &quot;displayOrder&quot;: 0,
        &quot;description&quot;: null,
        &quot;id&quot;: &quot;6cf101e1-86c2-4b4b-b308-33a8c9e2fd19&quot;,
        &quot;isMenu&quot;: false,
        &quot;key&quot;: &quot;Address.List&quot;,
        &quot;parentId&quot;: &quot;c3c514ef-1964-4c94-b13a-8bdd83a5b1cb&quot;,
        &quot;unAuthorizedProps&quot;: {
          &quot;visible&quot;: false,
          &quot;disabled&quot;: false
        },
        &quot;actionName&quot;: &quot;List&quot;
      },
      {
        &quot;routePath&quot;: null,
        &quot;iconName&quot;: null,
        &quot;controllerName&quot;: &quot;LocaleResource&quot;,
        &quot;name&quot;: &quot;LocaleResource Delete&quot;,
        &quot;displayOrder&quot;: 0,
        &quot;description&quot;: null,
        &quot;id&quot;: &quot;62103116-c035-44d5-aa5d-577df0b20041&quot;,
        &quot;isMenu&quot;: false,
        &quot;key&quot;: &quot;LocaleResource.Delete&quot;,
        &quot;parentId&quot;: &quot;4c1a6c0d-765c-444a-b7c8-49e99f61d47b&quot;,
        &quot;unAuthorizedProps&quot;: {
          &quot;visible&quot;: false,
          &quot;disabled&quot;: false
        },
        &quot;actionName&quot;: &quot;Delete&quot;
      },
      {
        &quot;routePath&quot;: null,
        &quot;iconName&quot;: null,
        &quot;controllerName&quot;: &quot;Address&quot;,
        &quot;name&quot;: &quot;Address Create&quot;,
        &quot;displayOrder&quot;: 0,
        &quot;description&quot;: null,
        &quot;id&quot;: &quot;ba0b5525-39db-4928-8a6a-a3c450b1d747&quot;,
        &quot;isMenu&quot;: false,
        &quot;key&quot;: &quot;Address.Create&quot;,
        &quot;parentId&quot;: &quot;c3c514ef-1964-4c94-b13a-8bdd83a5b1cb&quot;,
        &quot;unAuthorizedProps&quot;: {
          &quot;visible&quot;: false,
          &quot;disabled&quot;: false
        },
        &quot;actionName&quot;: &quot;Create&quot;
      },
      {
        &quot;routePath&quot;: null,
        &quot;iconName&quot;: &quot;ExportForFilter&quot;,
        &quot;controllerName&quot;: &quot;Product&quot;,
        &quot;name&quot;: &quot;Product ExportFinaleReplenishmentReport&quot;,
        &quot;displayOrder&quot;: 0,
        &quot;description&quot;: null,
        &quot;id&quot;: &quot;557a9551-e3b6-4022-8c65-8fefe6bc8b76&quot;,
        &quot;isMenu&quot;: false,
        &quot;key&quot;: &quot;Product.ExportFinaleReplenishmentReport&quot;,
        &quot;parentId&quot;: &quot;1858607f-58c2-4c69-8078-f2756c5ca81e&quot;,
        &quot;unAuthorizedProps&quot;: {
          &quot;visible&quot;: false,
          &quot;disabled&quot;: false
        },
        &quot;actionName&quot;: &quot;ExportFinaleReplenishmentReport&quot;
      },
      {
        &quot;routePath&quot;: null,
        &quot;iconName&quot;: null,
        &quot;controllerName&quot;: &quot;Setting&quot;,
        &quot;name&quot;: &quot;Setting Delete&quot;,
        &quot;displayOrder&quot;: 0,
        &quot;description&quot;: null,
        &quot;id&quot;: &quot;f22745ab-c49b-4b6a-8a72-58e25565418e&quot;,
        &quot;isMenu&quot;: false,
        &quot;key&quot;: &quot;Setting.Delete&quot;,
        &quot;parentId&quot;: &quot;ccc7592a-301d-4d63-aa26-09e92194ca01&quot;,
        &quot;unAuthorizedProps&quot;: {
          &quot;visible&quot;: false,
          &quot;disabled&quot;: false
        },
        &quot;actionName&quot;: &quot;Delete&quot;
      },
      {
        &quot;routePath&quot;: null,
        &quot;iconName&quot;: null,
        &quot;controllerName&quot;: &quot;Setting&quot;,
        &quot;name&quot;: &quot;Setting Edit&quot;,
        &quot;displayOrder&quot;: 0,
        &quot;description&quot;: null,
        &quot;id&quot;: &quot;368d96d0-f0f8-4a6a-a02a-10f3dc4d6813&quot;,
        &quot;isMenu&quot;: false,
        &quot;key&quot;: &quot;Setting.Edit&quot;,
        &quot;parentId&quot;: &quot;ccc7592a-301d-4d63-aa26-09e92194ca01&quot;,
        &quot;unAuthorizedProps&quot;: {
          &quot;visible&quot;: false,
          &quot;disabled&quot;: false
        },
        &quot;actionName&quot;: &quot;Edit&quot;
      },
      {
        &quot;routePath&quot;: null,
        &quot;iconName&quot;: null,
        &quot;controllerName&quot;: &quot;Warehouse&quot;,
        &quot;name&quot;: &quot;Warehouse ListWarehouseStock&quot;,
        &quot;displayOrder&quot;: 0,
        &quot;description&quot;: null,
        &quot;id&quot;: &quot;10961a78-a6c9-47aa-865a-b4d9aaab89bf&quot;,
        &quot;isMenu&quot;: false,
        &quot;key&quot;: &quot;Warehouse.ListWarehouseStock&quot;,
        &quot;parentId&quot;: &quot;7a99d565-0e98-95af-19bd-814011ea2417&quot;,
        &quot;unAuthorizedProps&quot;: {
          &quot;visible&quot;: false,
          &quot;disabled&quot;: false
        },
        &quot;actionName&quot;: &quot;ListWarehouseStock&quot;
      },
      {
        &quot;routePath&quot;: null,
        &quot;iconName&quot;: &quot;blackListSVG&quot;,
        &quot;controllerName&quot;: &quot;BlackList&quot;,
        &quot;name&quot;: &quot;Black List Create&quot;,
        &quot;displayOrder&quot;: 0,
        &quot;description&quot;: null,
        &quot;id&quot;: &quot;70d6b8cb-7f48-4cd4-a796-cad4e227ccd5&quot;,
        &quot;isMenu&quot;: false,
        &quot;key&quot;: &quot;BlackList.Create&quot;,
        &quot;parentId&quot;: &quot;d273c43d-77c8-4b88-8d35-9ec20a90bd11&quot;,
        &quot;unAuthorizedProps&quot;: {
          &quot;visible&quot;: false,
          &quot;disabled&quot;: false
        },
        &quot;actionName&quot;: &quot;Create&quot;
      },
      {
        &quot;routePath&quot;: null,
        &quot;iconName&quot;: &quot;a&quot;,
        &quot;controllerName&quot;: &quot;Customer&quot;,
        &quot;name&quot;: &quot;Customer UpdateBlockedCodeCampaign&quot;,
        &quot;displayOrder&quot;: 0,
        &quot;description&quot;: null,
        &quot;id&quot;: &quot;e3d996d8-5b07-4015-825c-c87c12952def&quot;,
        &quot;isMenu&quot;: false,
        &quot;key&quot;: &quot;Customer.UpdateBlockedCodeCampaign&quot;,
        &quot;parentId&quot;: null,
        &quot;unAuthorizedProps&quot;: {
          &quot;visible&quot;: false,
          &quot;disabled&quot;: false
        },
        &quot;actionName&quot;: &quot;UpdateBlockedCodeCampaign&quot;
      },
      {
        &quot;routePath&quot;: null,
        &quot;iconName&quot;: null,
        &quot;controllerName&quot;: &quot;Warehouse&quot;,
        &quot;name&quot;: &quot;Warehouse ExportWarehouseStock&quot;,
        &quot;displayOrder&quot;: 0,
        &quot;description&quot;: null,
        &quot;id&quot;: &quot;c9b0c169-56cc-4793-a43d-7d18a47ae863&quot;,
        &quot;isMenu&quot;: false,
        &quot;key&quot;: &quot;Warehouse.ExportWarehouseStock&quot;,
        &quot;parentId&quot;: &quot;7a99d565-0e98-95af-19bd-814011ea2417&quot;,
        &quot;unAuthorizedProps&quot;: {
          &quot;visible&quot;: false,
          &quot;disabled&quot;: false
        },
        &quot;actionName&quot;: &quot;ExportWarehouseStock&quot;
      },
      {
        &quot;routePath&quot;: null,
        &quot;iconName&quot;: &quot;SuitableWarehousesForOrder&quot;,
        &quot;controllerName&quot;: &quot;Order&quot;,
        &quot;name&quot;: &quot;Order SuitableWarehousesForOrder&quot;,
        &quot;displayOrder&quot;: 0,
        &quot;description&quot;: null,
        &quot;id&quot;: &quot;2188f2ef-08fb-4757-b6a6-d734b8d72eea&quot;,
        &quot;isMenu&quot;: false,
        &quot;key&quot;: &quot;Order.SuitableWarehousesForOrder&quot;,
        &quot;parentId&quot;: &quot;872b9f8c-c48d-dfeb-de32-1be0c3c38dbb&quot;,
        &quot;unAuthorizedProps&quot;: {
          &quot;visible&quot;: false,
          &quot;disabled&quot;: false
        },
        &quot;actionName&quot;: &quot;SuitableWarehousesForOrder&quot;
      },
      {
        &quot;routePath&quot;: &quot;products&quot;,
        &quot;iconName&quot;: &quot;productSVG&quot;,
        &quot;controllerName&quot;: &quot;Product&quot;,
        &quot;name&quot;: &quot;Product&quot;,
        &quot;displayOrder&quot;: 390,
        &quot;description&quot;: null,
        &quot;id&quot;: &quot;1858607f-58c2-4c69-8078-f2756c5ca81e&quot;,
        &quot;isMenu&quot;: true,
        &quot;key&quot;: &quot;Product.Index&quot;,
        &quot;parentId&quot;: &quot;8b40e125-ffeb-4cf1-ba4b-0ac72aac09d9&quot;,
        &quot;unAuthorizedProps&quot;: {
          &quot;visible&quot;: false,
          &quot;disabled&quot;: false
        },
        &quot;actionName&quot;: &quot;Index&quot;
      },
      {
        &quot;routePath&quot;: null,
        &quot;iconName&quot;: &quot;blackListSVG&quot;,
        &quot;controllerName&quot;: &quot;BlackList&quot;,
        &quot;name&quot;: &quot;Black List Edit&quot;,
        &quot;displayOrder&quot;: 0,
        &quot;description&quot;: null,
        &quot;id&quot;: &quot;8935ed07-0379-4235-99d4-2188e923639a&quot;,
        &quot;isMenu&quot;: false,
        &quot;key&quot;: &quot;BlackList.Edit&quot;,
        &quot;parentId&quot;: &quot;d273c43d-77c8-4b88-8d35-9ec20a90bd11&quot;,
        &quot;unAuthorizedProps&quot;: {
          &quot;visible&quot;: false,
          &quot;disabled&quot;: false
        },
        &quot;actionName&quot;: &quot;Edit&quot;
      },
      {
        &quot;routePath&quot;: null,
        &quot;iconName&quot;: null,
        &quot;controllerName&quot;: &quot;Rider&quot;,
        &quot;name&quot;: &quot;Rider Find&quot;,
        &quot;displayOrder&quot;: 0,
        &quot;description&quot;: null,
        &quot;id&quot;: &quot;438a4584-500a-47a2-810f-012e4743a389&quot;,
        &quot;isMenu&quot;: false,
        &quot;key&quot;: &quot;Rider.Find&quot;,
        &quot;parentId&quot;: &quot;1b716d9c-2bf6-4a16-9bd1-2214d14b6cc7&quot;,
        &quot;unAuthorizedProps&quot;: {
          &quot;visible&quot;: false,
          &quot;disabled&quot;: false
        },
        &quot;actionName&quot;: &quot;Find&quot;
      },
      {
        &quot;routePath&quot;: null,
        &quot;iconName&quot;: null,
        &quot;controllerName&quot;: &quot;Rider&quot;,
        &quot;name&quot;: &quot;Rider List&quot;,
        &quot;displayOrder&quot;: 0,
        &quot;description&quot;: null,
        &quot;id&quot;: &quot;94789829-bd1b-44a3-ae1a-2c4ecf20e3b3&quot;,
        &quot;isMenu&quot;: false,
        &quot;key&quot;: &quot;Rider.List&quot;,
        &quot;parentId&quot;: &quot;1b716d9c-2bf6-4a16-9bd1-2214d14b6cc7&quot;,
        &quot;unAuthorizedProps&quot;: {
          &quot;visible&quot;: false,
          &quot;disabled&quot;: false
        },
        &quot;actionName&quot;: &quot;List&quot;
      },
      {
        &quot;routePath&quot;: null,
        &quot;iconName&quot;: null,
        &quot;controllerName&quot;: &quot;CouponCode&quot;,
        &quot;name&quot;: &quot;CouponCode&quot;,
        &quot;displayOrder&quot;: 0,
        &quot;description&quot;: null,
        &quot;id&quot;: &quot;82a51ef5-f9a9-4a9d-9bc4-241cda2df051&quot;,
        &quot;isMenu&quot;: false,
        &quot;key&quot;: &quot;CouponCode.Create&quot;,
        &quot;parentId&quot;: &quot;5aaef586-e311-4265-a241-6eb9758d6541&quot;,
        &quot;unAuthorizedProps&quot;: {
          &quot;visible&quot;: false,
          &quot;disabled&quot;: false
        },
        &quot;actionName&quot;: &quot;Create&quot;
      },
      {
        &quot;routePath&quot;: null,
        &quot;iconName&quot;: null,
        &quot;controllerName&quot;: &quot;Warehouse&quot;,
        &quot;name&quot;: &quot;Warehouse Create&quot;,
        &quot;displayOrder&quot;: 0,
        &quot;description&quot;: null,
        &quot;id&quot;: &quot;26bd14df-9135-4f4d-8468-6c439e8a737f&quot;,
        &quot;isMenu&quot;: false,
        &quot;key&quot;: &quot;Warehouse.Create&quot;,
        &quot;parentId&quot;: &quot;7a99d565-0e98-95af-19bd-814011ea2417&quot;,
        &quot;unAuthorizedProps&quot;: {
          &quot;visible&quot;: false,
          &quot;disabled&quot;: false
        },
        &quot;actionName&quot;: &quot;Create&quot;
      },
      {
        &quot;routePath&quot;: null,
        &quot;iconName&quot;: null,
        &quot;controllerName&quot;: &quot;CouponCode&quot;,
        &quot;name&quot;: &quot;Find Coupon Code By User Id&quot;,
        &quot;displayOrder&quot;: 0,
        &quot;description&quot;: null,
        &quot;id&quot;: &quot;75b2daf0-42e8-4ad7-b6a4-811d06d87c74&quot;,
        &quot;isMenu&quot;: false,
        &quot;key&quot;: &quot;CouponCode.FindByUserId&quot;,
        &quot;parentId&quot;: &quot;5aaef586-e311-4265-a241-6eb9758d6541&quot;,
        &quot;unAuthorizedProps&quot;: {
          &quot;visible&quot;: false,
          &quot;disabled&quot;: false
        },
        &quot;actionName&quot;: &quot;FindByUserId&quot;
      },
      {
        &quot;routePath&quot;: null,
        &quot;iconName&quot;: null,
        &quot;controllerName&quot;: &quot;Language&quot;,
        &quot;name&quot;: &quot;Language Index&quot;,
        &quot;displayOrder&quot;: 0,
        &quot;description&quot;: null,
        &quot;id&quot;: &quot;7d117917-ff5a-448f-ae1c-71b123ffabc0&quot;,
        &quot;isMenu&quot;: false,
        &quot;key&quot;: &quot;Language.Index&quot;,
        &quot;parentId&quot;: null,
        &quot;unAuthorizedProps&quot;: {
          &quot;visible&quot;: false,
          &quot;disabled&quot;: false
        },
        &quot;actionName&quot;: &quot;Index&quot;
      },
      {
        &quot;routePath&quot;: null,
        &quot;iconName&quot;: null,
        &quot;controllerName&quot;: &quot;Campaign&quot;,
        &quot;name&quot;: &quot;Campaign Find&quot;,
        &quot;displayOrder&quot;: 0,
        &quot;description&quot;: null,
        &quot;id&quot;: &quot;00b581e0-ec91-4feb-a7e7-f1b9101ad482&quot;,
        &quot;isMenu&quot;: false,
        &quot;key&quot;: &quot;Campaign.Find&quot;,
        &quot;parentId&quot;: &quot;fd2f794b-65fb-4da6-9bdb-835c466e4321&quot;,
        &quot;unAuthorizedProps&quot;: {
          &quot;visible&quot;: false,
          &quot;disabled&quot;: false
        },
        &quot;actionName&quot;: &quot;Find&quot;
      },
      {
        &quot;routePath&quot;: null,
        &quot;iconName&quot;: null,
        &quot;controllerName&quot;: &quot;Setting&quot;,
        &quot;name&quot;: &quot;Setting List&quot;,
        &quot;displayOrder&quot;: 0,
        &quot;description&quot;: null,
        &quot;id&quot;: &quot;9f68e0f0-57dc-4148-bd76-fb8c2a970786&quot;,
        &quot;isMenu&quot;: false,
        &quot;key&quot;: &quot;Setting.List&quot;,
        &quot;parentId&quot;: &quot;ccc7592a-301d-4d63-aa26-09e92194ca01&quot;,
        &quot;unAuthorizedProps&quot;: {
          &quot;visible&quot;: false,
          &quot;disabled&quot;: false
        },
        &quot;actionName&quot;: &quot;List&quot;
      },
      {
        &quot;routePath&quot;: null,
        &quot;iconName&quot;: null,
        &quot;controllerName&quot;: &quot;ServiceArea&quot;,
        &quot;name&quot;: &quot;ServiceArea UpdateGeoJson&quot;,
        &quot;displayOrder&quot;: 0,
        &quot;description&quot;: null,
        &quot;id&quot;: &quot;02e62924-50d4-4bc5-9403-2254969f04c0&quot;,
        &quot;isMenu&quot;: false,
        &quot;key&quot;: &quot;ServiceArea.UpdateGeoJson&quot;,
        &quot;parentId&quot;: &quot;6510260c-2670-4f71-96ed-8f12986fb9cf&quot;,
        &quot;unAuthorizedProps&quot;: {
          &quot;visible&quot;: false,
          &quot;disabled&quot;: false
        },
        &quot;actionName&quot;: &quot;UpdateGeoJson&quot;
      },
      {
        &quot;routePath&quot;: null,
        &quot;iconName&quot;: null,
        &quot;controllerName&quot;: &quot;Order&quot;,
        &quot;name&quot;: &quot;Order DeleteOrderItemCheck&quot;,
        &quot;displayOrder&quot;: 0,
        &quot;description&quot;: null,
        &quot;id&quot;: &quot;e07b0bce-91e5-4399-857b-936f93c302dd&quot;,
        &quot;isMenu&quot;: false,
        &quot;key&quot;: &quot;Order.DeleteOrderItemCheck&quot;,
        &quot;parentId&quot;: &quot;872b9f8c-c48d-dfeb-de32-1be0c3c38dbb&quot;,
        &quot;unAuthorizedProps&quot;: {
          &quot;visible&quot;: false,
          &quot;disabled&quot;: false
        },
        &quot;actionName&quot;: &quot;DeleteOrderItemCheck&quot;
      },
      {
        &quot;routePath&quot;: &quot;warehouses&quot;,
        &quot;iconName&quot;: &quot;warehousesSVG&quot;,
        &quot;controllerName&quot;: &quot;Warehouse&quot;,
        &quot;name&quot;: &quot;Warehouses&quot;,
        &quot;displayOrder&quot;: 500,
        &quot;description&quot;: null,
        &quot;id&quot;: &quot;7a99d565-0e98-95af-19bd-814011ea2417&quot;,
        &quot;isMenu&quot;: true,
        &quot;key&quot;: &quot;Warehouse.Index&quot;,
        &quot;parentId&quot;: null,
        &quot;unAuthorizedProps&quot;: {
          &quot;visible&quot;: false,
          &quot;disabled&quot;: false
        },
        &quot;actionName&quot;: &quot;Index&quot;
      },
      {
        &quot;routePath&quot;: null,
        &quot;iconName&quot;: null,
        &quot;controllerName&quot;: &quot;Category&quot;,
        &quot;name&quot;: &quot;Category Create&quot;,
        &quot;displayOrder&quot;: 0,
        &quot;description&quot;: null,
        &quot;id&quot;: &quot;ec3b6666-e8bf-4426-bb0a-6c46f175b9da&quot;,
        &quot;isMenu&quot;: false,
        &quot;key&quot;: &quot;Category.Create&quot;,
        &quot;parentId&quot;: &quot;9bbddb67-d7f2-44d3-8d09-6bd04f8b6f79&quot;,
        &quot;unAuthorizedProps&quot;: {
          &quot;visible&quot;: false,
          &quot;disabled&quot;: false
        },
        &quot;actionName&quot;: &quot;Create&quot;
      },
      {
        &quot;routePath&quot;: null,
        &quot;iconName&quot;: null,
        &quot;controllerName&quot;: &quot;Campaign&quot;,
        &quot;name&quot;: &quot;Campaign ListForFilter&quot;,
        &quot;displayOrder&quot;: 0,
        &quot;description&quot;: null,
        &quot;id&quot;: &quot;d4f0750c-5811-4863-9808-a95b2ab92af4&quot;,
        &quot;isMenu&quot;: false,
        &quot;key&quot;: &quot;Campaign.ListForFilter&quot;,
        &quot;parentId&quot;: &quot;fd2f794b-65fb-4da6-9bdb-835c466e4321&quot;,
        &quot;unAuthorizedProps&quot;: {
          &quot;visible&quot;: false,
          &quot;disabled&quot;: false
        },
        &quot;actionName&quot;: &quot;ListForFilter&quot;
      },
      {
        &quot;routePath&quot;: null,
        &quot;iconName&quot;: null,
        &quot;controllerName&quot;: &quot;Country&quot;,
        &quot;name&quot;: &quot;Country Find&quot;,
        &quot;displayOrder&quot;: 0,
        &quot;description&quot;: null,
        &quot;id&quot;: &quot;869a6e82-0d19-4ae8-a655-99db08529c33&quot;,
        &quot;isMenu&quot;: false,
        &quot;key&quot;: &quot;Country.Find&quot;,
        &quot;parentId&quot;: &quot;9c15db73-badc-4894-ab1b-d8261bac91c2&quot;,
        &quot;unAuthorizedProps&quot;: {
          &quot;visible&quot;: false,
          &quot;disabled&quot;: false
        },
        &quot;actionName&quot;: &quot;Find&quot;
      },
      {
        &quot;routePath&quot;: null,
        &quot;iconName&quot;: null,
        &quot;controllerName&quot;: &quot;SubRegion&quot;,
        &quot;name&quot;: &quot;SubRegion List&quot;,
        &quot;displayOrder&quot;: 0,
        &quot;description&quot;: null,
        &quot;id&quot;: &quot;75d1a3dc-c6ed-4c21-952e-54972310aeb7&quot;,
        &quot;isMenu&quot;: false,
        &quot;key&quot;: &quot;SubRegion.List&quot;,
        &quot;parentId&quot;: &quot;5016a026-6957-41ab-8cda-9bd37afe0841&quot;,
        &quot;unAuthorizedProps&quot;: {
          &quot;visible&quot;: false,
          &quot;disabled&quot;: false
        },
        &quot;actionName&quot;: &quot;List&quot;
      },
      {
        &quot;routePath&quot;: null,
        &quot;iconName&quot;: null,
        &quot;controllerName&quot;: &quot;Rider&quot;,
        &quot;name&quot;: &quot;Rider Edit&quot;,
        &quot;displayOrder&quot;: 0,
        &quot;description&quot;: null,
        &quot;id&quot;: &quot;8277937b-eb57-49db-b4e2-b71ca38abd9c&quot;,
        &quot;isMenu&quot;: false,
        &quot;key&quot;: &quot;Rider.Edit&quot;,
        &quot;parentId&quot;: &quot;1b716d9c-2bf6-4a16-9bd1-2214d14b6cc7&quot;,
        &quot;unAuthorizedProps&quot;: {
          &quot;visible&quot;: false,
          &quot;disabled&quot;: false
        },
        &quot;actionName&quot;: &quot;Edit&quot;
      },
      {
        &quot;routePath&quot;: null,
        &quot;iconName&quot;: null,
        &quot;controllerName&quot;: &quot;Setting&quot;,
        &quot;name&quot;: &quot;Setting Create&quot;,
        &quot;displayOrder&quot;: 0,
        &quot;description&quot;: null,
        &quot;id&quot;: &quot;238383c9-3a34-4c8a-b2a2-85f813a6f40a&quot;,
        &quot;isMenu&quot;: false,
        &quot;key&quot;: &quot;Setting.Create&quot;,
        &quot;parentId&quot;: &quot;ccc7592a-301d-4d63-aa26-09e92194ca01&quot;,
        &quot;unAuthorizedProps&quot;: {
          &quot;visible&quot;: false,
          &quot;disabled&quot;: false
        },
        &quot;actionName&quot;: &quot;Create&quot;
      },
      {
        &quot;routePath&quot;: null,
        &quot;iconName&quot;: null,
        &quot;controllerName&quot;: &quot;CouponCode&quot;,
        &quot;name&quot;: &quot;CouponCode&quot;,
        &quot;displayOrder&quot;: 0,
        &quot;description&quot;: null,
        &quot;id&quot;: &quot;d28ce774-c331-4733-b98f-c83f04e8c752&quot;,
        &quot;isMenu&quot;: false,
        &quot;key&quot;: &quot;CouponCode.Delete&quot;,
        &quot;parentId&quot;: &quot;5aaef586-e311-4265-a241-6eb9758d6541&quot;,
        &quot;unAuthorizedProps&quot;: {
          &quot;visible&quot;: false,
          &quot;disabled&quot;: false
        },
        &quot;actionName&quot;: &quot;Delete&quot;
      },
      {
        &quot;routePath&quot;: null,
        &quot;iconName&quot;: null,
        &quot;controllerName&quot;: &quot;Permission&quot;,
        &quot;name&quot;: &quot;Permission Create&quot;,
        &quot;displayOrder&quot;: 0,
        &quot;description&quot;: null,
        &quot;id&quot;: &quot;a1a303e1-73f3-40d4-b748-a725546f5ea8&quot;,
        &quot;isMenu&quot;: false,
        &quot;key&quot;: &quot;Permission.Create&quot;,
        &quot;parentId&quot;: &quot;213aad81-551b-49f7-9d15-f11f5b9e7e88&quot;,
        &quot;unAuthorizedProps&quot;: {
          &quot;visible&quot;: false,
          &quot;disabled&quot;: false
        },
        &quot;actionName&quot;: &quot;Create&quot;
      },
      {
        &quot;routePath&quot;: null,
        &quot;iconName&quot;: null,
        &quot;controllerName&quot;: &quot;Language&quot;,
        &quot;name&quot;: &quot;Language Delete&quot;,
        &quot;displayOrder&quot;: 0,
        &quot;description&quot;: null,
        &quot;id&quot;: &quot;16b92a62-28f2-4a62-b810-9d341253ffef&quot;,
        &quot;isMenu&quot;: false,
        &quot;key&quot;: &quot;Language.Delete&quot;,
        &quot;parentId&quot;: &quot;7d117917-ff5a-448f-ae1c-71b123ffabc0&quot;,
        &quot;unAuthorizedProps&quot;: {
          &quot;visible&quot;: false,
          &quot;disabled&quot;: false
        },
        &quot;actionName&quot;: &quot;Delete&quot;
      },
      {
        &quot;routePath&quot;: null,
        &quot;iconName&quot;: null,
        &quot;controllerName&quot;: &quot;Order&quot;,
        &quot;name&quot;: &quot;Order Find&quot;,
        &quot;displayOrder&quot;: 0,
        &quot;description&quot;: null,
        &quot;id&quot;: &quot;28593029-bc36-4e20-86b9-c1703b181edd&quot;,
        &quot;isMenu&quot;: false,
        &quot;key&quot;: &quot;Order.Find&quot;,
        &quot;parentId&quot;: &quot;872b9f8c-c48d-dfeb-de32-1be0c3c38dbb&quot;,
        &quot;unAuthorizedProps&quot;: {
          &quot;visible&quot;: false,
          &quot;disabled&quot;: false
        },
        &quot;actionName&quot;: &quot;Find&quot;
      },
      {
        &quot;routePath&quot;: null,
        &quot;iconName&quot;: null,
        &quot;controllerName&quot;: &quot;SubRegion&quot;,
        &quot;name&quot;: &quot;SubRegion Create&quot;,
        &quot;displayOrder&quot;: 0,
        &quot;description&quot;: null,
        &quot;id&quot;: &quot;5645a151-6053-4f7b-ab7b-d8503cbb1aba&quot;,
        &quot;isMenu&quot;: false,
        &quot;key&quot;: &quot;SubRegion.Create&quot;,
        &quot;parentId&quot;: &quot;5016a026-6957-41ab-8cda-9bd37afe0841&quot;,
        &quot;unAuthorizedProps&quot;: {
          &quot;visible&quot;: false,
          &quot;disabled&quot;: false
        },
        &quot;actionName&quot;: &quot;Create&quot;
      },
      {
        &quot;routePath&quot;: &quot;dashboards&quot;,
        &quot;iconName&quot;: &quot;dashboardSVG&quot;,
        &quot;controllerName&quot;: &quot;Dashboard&quot;,
        &quot;name&quot;: &quot;Analytics&quot;,
        &quot;displayOrder&quot;: 300,
        &quot;description&quot;: null,
        &quot;id&quot;: &quot;0b0fd9e8-2ae5-40f8-9373-deafc8c5770d&quot;,
        &quot;isMenu&quot;: true,
        &quot;key&quot;: &quot;Dashboard.Index&quot;,
        &quot;parentId&quot;: null,
        &quot;unAuthorizedProps&quot;: {
          &quot;visible&quot;: false,
          &quot;disabled&quot;: false
        },
        &quot;actionName&quot;: &quot;Index&quot;
      },
      {
        &quot;routePath&quot;: null,
        &quot;iconName&quot;: null,
        &quot;controllerName&quot;: &quot;ServiceArea&quot;,
        &quot;name&quot;: &quot;ServiceArea Edit&quot;,
        &quot;displayOrder&quot;: 0,
        &quot;description&quot;: null,
        &quot;id&quot;: &quot;dccac413-6147-41f2-a093-0f85c770405a&quot;,
        &quot;isMenu&quot;: false,
        &quot;key&quot;: &quot;ServiceArea.Edit&quot;,
        &quot;parentId&quot;: &quot;6510260c-2670-4f71-96ed-8f12986fb9cf&quot;,
        &quot;unAuthorizedProps&quot;: {
          &quot;visible&quot;: false,
          &quot;disabled&quot;: false
        },
        &quot;actionName&quot;: &quot;Edit&quot;
      },
      {
        &quot;routePath&quot;: null,
        &quot;iconName&quot;: null,
        &quot;controllerName&quot;: &quot;Employee&quot;,
        &quot;name&quot;: &quot;Employee Create&quot;,
        &quot;displayOrder&quot;: 0,
        &quot;description&quot;: null,
        &quot;id&quot;: &quot;c5270ce8-af43-4c0c-aae3-461b204b6154&quot;,
        &quot;isMenu&quot;: false,
        &quot;key&quot;: &quot;Employee.Create&quot;,
        &quot;parentId&quot;: &quot;e4a8e904-698e-4596-92c3-b40206b19179&quot;,
        &quot;unAuthorizedProps&quot;: {
          &quot;visible&quot;: false,
          &quot;disabled&quot;: false
        },
        &quot;actionName&quot;: &quot;Create&quot;
      },
      {
        &quot;routePath&quot;: null,
        &quot;iconName&quot;: null,
        &quot;controllerName&quot;: &quot;Order&quot;,
        &quot;name&quot;: &quot;Order List&quot;,
        &quot;displayOrder&quot;: 0,
        &quot;description&quot;: null,
        &quot;id&quot;: &quot;5644a0fc-aab8-4a88-9bcc-a71f29a6bb49&quot;,
        &quot;isMenu&quot;: false,
        &quot;key&quot;: &quot;Order.List&quot;,
        &quot;parentId&quot;: &quot;872b9f8c-c48d-dfeb-de32-1be0c3c38dbb&quot;,
        &quot;unAuthorizedProps&quot;: {
          &quot;visible&quot;: false,
          &quot;disabled&quot;: false
        },
        &quot;actionName&quot;: &quot;List&quot;
      },
      {
        &quot;routePath&quot;: null,
        &quot;iconName&quot;: null,
        &quot;controllerName&quot;: &quot;Language&quot;,
        &quot;name&quot;: &quot;Language Find&quot;,
        &quot;displayOrder&quot;: 0,
        &quot;description&quot;: null,
        &quot;id&quot;: &quot;ac47e514-e60f-466f-a16c-401a478bbce7&quot;,
        &quot;isMenu&quot;: false,
        &quot;key&quot;: &quot;Language.Find&quot;,
        &quot;parentId&quot;: &quot;7d117917-ff5a-448f-ae1c-71b123ffabc0&quot;,
        &quot;unAuthorizedProps&quot;: {
          &quot;visible&quot;: false,
          &quot;disabled&quot;: false
        },
        &quot;actionName&quot;: &quot;Find&quot;
      },
      {
        &quot;routePath&quot;: null,
        &quot;iconName&quot;: null,
        &quot;controllerName&quot;: &quot;Employee&quot;,
        &quot;name&quot;: &quot;Employee List&quot;,
        &quot;displayOrder&quot;: 0,
        &quot;description&quot;: null,
        &quot;id&quot;: &quot;85b2a11c-84bd-40bf-87b5-226546bb7272&quot;,
        &quot;isMenu&quot;: false,
        &quot;key&quot;: &quot;Employee.List&quot;,
        &quot;parentId&quot;: &quot;e4a8e904-698e-4596-92c3-b40206b19179&quot;,
        &quot;unAuthorizedProps&quot;: {
          &quot;visible&quot;: false,
          &quot;disabled&quot;: false
        },
        &quot;actionName&quot;: &quot;List&quot;
      },
      {
        &quot;routePath&quot;: null,
        &quot;iconName&quot;: null,
        &quot;controllerName&quot;: &quot;Country&quot;,
        &quot;name&quot;: &quot;Country Delete&quot;,
        &quot;displayOrder&quot;: 0,
        &quot;description&quot;: null,
        &quot;id&quot;: &quot;6107f9a1-4fbe-46fc-82eb-55acf38ead7d&quot;,
        &quot;isMenu&quot;: false,
        &quot;key&quot;: &quot;Country.Delete&quot;,
        &quot;parentId&quot;: &quot;9c15db73-badc-4894-ab1b-d8261bac91c2&quot;,
        &quot;unAuthorizedProps&quot;: {
          &quot;visible&quot;: false,
          &quot;disabled&quot;: false
        },
        &quot;actionName&quot;: &quot;Delete&quot;
      },
      {
        &quot;routePath&quot;: null,
        &quot;iconName&quot;: null,
        &quot;controllerName&quot;: &quot;Category&quot;,
        &quot;name&quot;: &quot;Category ListForFilter&quot;,
        &quot;displayOrder&quot;: 0,
        &quot;description&quot;: null,
        &quot;id&quot;: &quot;f057072d-c8d8-4140-880a-ad2a61df8381&quot;,
        &quot;isMenu&quot;: false,
        &quot;key&quot;: &quot;Category.ListForFilter&quot;,
        &quot;parentId&quot;: &quot;9bbddb67-d7f2-44d3-8d09-6bd04f8b6f79&quot;,
        &quot;unAuthorizedProps&quot;: {
          &quot;visible&quot;: false,
          &quot;disabled&quot;: false
        },
        &quot;actionName&quot;: &quot;ListForFilter&quot;
      },
      {
        &quot;routePath&quot;: &quot;categories&quot;,
        &quot;iconName&quot;: &quot;categorySVG&quot;,
        &quot;controllerName&quot;: &quot;Category&quot;,
        &quot;name&quot;: &quot;Categories&quot;,
        &quot;displayOrder&quot;: 400,
        &quot;description&quot;: null,
        &quot;id&quot;: &quot;501d66f1-cdeb-4f10-85d2-6e00d60e36c9&quot;,
        &quot;isMenu&quot;: true,
        &quot;key&quot;: &quot;Category.Index&quot;,
        &quot;parentId&quot;: &quot;8b40e125-ffeb-4cf1-ba4b-0ac72aac09d9&quot;,
        &quot;unAuthorizedProps&quot;: {
          &quot;visible&quot;: false,
          &quot;disabled&quot;: false
        },
        &quot;actionName&quot;: &quot;Index&quot;
      },
      {
        &quot;routePath&quot;: null,
        &quot;iconName&quot;: null,
        &quot;controllerName&quot;: &quot;ZipCode&quot;,
        &quot;name&quot;: &quot;ZipCode Edit&quot;,
        &quot;displayOrder&quot;: 0,
        &quot;description&quot;: null,
        &quot;id&quot;: &quot;a5fdf875-fb0a-456a-bd3d-8428d97760af&quot;,
        &quot;isMenu&quot;: false,
        &quot;key&quot;: &quot;ZipCode.Edit&quot;,
        &quot;parentId&quot;: &quot;8aa34e38-533b-4ab7-bad7-0eaa7b5dec9c&quot;,
        &quot;unAuthorizedProps&quot;: {
          &quot;visible&quot;: false,
          &quot;disabled&quot;: false
        },
        &quot;actionName&quot;: &quot;Edit&quot;
      },
      {
        &quot;routePath&quot;: null,
        &quot;iconName&quot;: null,
        &quot;controllerName&quot;: &quot;Order&quot;,
        &quot;name&quot;: &quot;Order FindOrdersByUserId&quot;,
        &quot;displayOrder&quot;: 0,
        &quot;description&quot;: null,
        &quot;id&quot;: &quot;68d99af4-6abe-48d5-9ef2-c1cdb594e356&quot;,
        &quot;isMenu&quot;: false,
        &quot;key&quot;: &quot;Order.FindOrdersByUserId&quot;,
        &quot;parentId&quot;: &quot;872b9f8c-c48d-dfeb-de32-1be0c3c38dbb&quot;,
        &quot;unAuthorizedProps&quot;: {
          &quot;visible&quot;: false,
          &quot;disabled&quot;: false
        },
        &quot;actionName&quot;: &quot;FindOrdersByUserId&quot;
      },
      {
        &quot;routePath&quot;: null,
        &quot;iconName&quot;: null,
        &quot;controllerName&quot;: &quot;Address&quot;,
        &quot;name&quot;: &quot;Address Index&quot;,
        &quot;displayOrder&quot;: 0,
        &quot;description&quot;: null,
        &quot;id&quot;: &quot;c3c514ef-1964-4c94-b13a-8bdd83a5b1cb&quot;,
        &quot;isMenu&quot;: false,
        &quot;key&quot;: &quot;Address.Index&quot;,
        &quot;parentId&quot;: null,
        &quot;unAuthorizedProps&quot;: {
          &quot;visible&quot;: false,
          &quot;disabled&quot;: false
        },
        &quot;actionName&quot;: &quot;Index&quot;
      },
      {
        &quot;routePath&quot;: null,
        &quot;iconName&quot;: null,
        &quot;controllerName&quot;: &quot;State&quot;,
        &quot;name&quot;: &quot;State Find&quot;,
        &quot;displayOrder&quot;: 0,
        &quot;description&quot;: null,
        &quot;id&quot;: &quot;749873e1-e852-4fc8-ab64-f1da0b433957&quot;,
        &quot;isMenu&quot;: false,
        &quot;key&quot;: &quot;State.Find&quot;,
        &quot;parentId&quot;: &quot;4842baa6-3b5e-40d1-ba2c-aa896962f8a7&quot;,
        &quot;unAuthorizedProps&quot;: {
          &quot;visible&quot;: false,
          &quot;disabled&quot;: false
        },
        &quot;actionName&quot;: &quot;Find&quot;
      },
      {
        &quot;routePath&quot;: null,
        &quot;iconName&quot;: null,
        &quot;controllerName&quot;: &quot;Order&quot;,
        &quot;name&quot;: &quot;Order Edit&quot;,
        &quot;displayOrder&quot;: 0,
        &quot;description&quot;: null,
        &quot;id&quot;: &quot;9ae4817f-4442-47af-a281-0b3c0d40862e&quot;,
        &quot;isMenu&quot;: false,
        &quot;key&quot;: &quot;Order.Edit&quot;,
        &quot;parentId&quot;: &quot;872b9f8c-c48d-dfeb-de32-1be0c3c38dbb&quot;,
        &quot;unAuthorizedProps&quot;: {
          &quot;visible&quot;: false,
          &quot;disabled&quot;: false
        },
        &quot;actionName&quot;: &quot;Edit&quot;
      },
      {
        &quot;routePath&quot;: null,
        &quot;iconName&quot;: null,
        &quot;controllerName&quot;: &quot;Customer&quot;,
        &quot;name&quot;: &quot;Customer RemoteSearchForCustomer&quot;,
        &quot;displayOrder&quot;: 0,
        &quot;description&quot;: null,
        &quot;id&quot;: &quot;6c5194cb-40ed-4c65-81e7-b8588de65998&quot;,
        &quot;isMenu&quot;: false,
        &quot;key&quot;: &quot;Customer.RemoteSearchForCustomer&quot;,
        &quot;parentId&quot;: &quot;07b60a01-5846-422c-b1c6-1c7a382dbd0e&quot;,
        &quot;unAuthorizedProps&quot;: {
          &quot;visible&quot;: false,
          &quot;disabled&quot;: false
        },
        &quot;actionName&quot;: &quot;RemoteSearchForCustomer&quot;
      },
      {
        &quot;routePath&quot;: null,
        &quot;iconName&quot;: null,
        &quot;controllerName&quot;: &quot;Campaign&quot;,
        &quot;name&quot;: &quot;Campaign Upload Picture&quot;,
        &quot;displayOrder&quot;: 0,
        &quot;description&quot;: null,
        &quot;id&quot;: &quot;939d1f32-170d-4457-ba5b-9e7963a1f44d&quot;,
        &quot;isMenu&quot;: false,
        &quot;key&quot;: &quot;Campaign.UploadCampaignPicture&quot;,
        &quot;parentId&quot;: &quot;fd2f794b-65fb-4da6-9bdb-835c466e4321&quot;,
        &quot;unAuthorizedProps&quot;: {
          &quot;visible&quot;: false,
          &quot;disabled&quot;: false
        },
        &quot;actionName&quot;: &quot;UploadCampaignPicture&quot;
      },
      {
        &quot;routePath&quot;: null,
        &quot;iconName&quot;: null,
        &quot;controllerName&quot;: &quot;Permission&quot;,
        &quot;name&quot;: &quot;Permission Edit&quot;,
        &quot;displayOrder&quot;: 0,
        &quot;description&quot;: null,
        &quot;id&quot;: &quot;fac3a453-994e-43cc-876d-e9c0edc059aa&quot;,
        &quot;isMenu&quot;: false,
        &quot;key&quot;: &quot;Permission.Edit&quot;,
        &quot;parentId&quot;: &quot;213aad81-551b-49f7-9d15-f11f5b9e7e88&quot;,
        &quot;unAuthorizedProps&quot;: {
          &quot;visible&quot;: false,
          &quot;disabled&quot;: false
        },
        &quot;actionName&quot;: &quot;Edit&quot;
      },
      {
        &quot;routePath&quot;: null,
        &quot;iconName&quot;: null,
        &quot;controllerName&quot;: &quot;SubRegion&quot;,
        &quot;name&quot;: &quot;SubRegion Find&quot;,
        &quot;displayOrder&quot;: 0,
        &quot;description&quot;: null,
        &quot;id&quot;: &quot;c04774f1-327c-4343-b9bb-35aa8cf11007&quot;,
        &quot;isMenu&quot;: false,
        &quot;key&quot;: &quot;SubRegion.Find&quot;,
        &quot;parentId&quot;: &quot;5016a026-6957-41ab-8cda-9bd37afe0841&quot;,
        &quot;unAuthorizedProps&quot;: {
          &quot;visible&quot;: false,
          &quot;disabled&quot;: false
        },
        &quot;actionName&quot;: &quot;Find&quot;
      },
      {
        &quot;routePath&quot;: &quot;resources&quot;,
        &quot;iconName&quot;: &quot;resourceSVG&quot;,
        &quot;controllerName&quot;: &quot;LocaleResource&quot;,
        &quot;name&quot;: &quot;Resource&quot;,
        &quot;displayOrder&quot;: 910,
        &quot;description&quot;: null,
        &quot;id&quot;: &quot;4c1a6c0d-765c-444a-b7c8-49e99f61d47b&quot;,
        &quot;isMenu&quot;: true,
        &quot;key&quot;: &quot;LocaleResource.Index&quot;,
        &quot;parentId&quot;: &quot;8f4ea0ae-2382-4769-8584-5f2f2b1520c8&quot;,
        &quot;unAuthorizedProps&quot;: {
          &quot;visible&quot;: false,
          &quot;disabled&quot;: false
        },
        &quot;actionName&quot;: &quot;Index&quot;
      },
      {
        &quot;routePath&quot;: null,
        &quot;iconName&quot;: &quot;blackListSVG&quot;,
        &quot;controllerName&quot;: &quot;BlackList&quot;,
        &quot;name&quot;: &quot;Black List List&quot;,
        &quot;displayOrder&quot;: 0,
        &quot;description&quot;: null,
        &quot;id&quot;: &quot;96f6bf8e-c5b2-46ee-ade0-f00025140813&quot;,
        &quot;isMenu&quot;: false,
        &quot;key&quot;: &quot;BlackList.List&quot;,
        &quot;parentId&quot;: &quot;d273c43d-77c8-4b88-8d35-9ec20a90bd11&quot;,
        &quot;unAuthorizedProps&quot;: {
          &quot;visible&quot;: false,
          &quot;disabled&quot;: false
        },
        &quot;actionName&quot;: &quot;List&quot;
      },
      {
        &quot;routePath&quot;: null,
        &quot;iconName&quot;: null,
        &quot;controllerName&quot;: &quot;County&quot;,
        &quot;name&quot;: &quot;County List&quot;,
        &quot;displayOrder&quot;: 0,
        &quot;description&quot;: null,
        &quot;id&quot;: &quot;b585755d-7f4f-43b0-8d1e-f2d807abcec4&quot;,
        &quot;isMenu&quot;: false,
        &quot;key&quot;: &quot;County.List&quot;,
        &quot;parentId&quot;: &quot;28a7ee86-bfd8-408f-97d3-82a96e1cbcc6&quot;,
        &quot;unAuthorizedProps&quot;: {
          &quot;visible&quot;: false,
          &quot;disabled&quot;: false
        },
        &quot;actionName&quot;: &quot;List&quot;
      },
      {
        &quot;routePath&quot;: null,
        &quot;iconName&quot;: null,
        &quot;controllerName&quot;: &quot;LocaleResource&quot;,
        &quot;name&quot;: &quot;LocaleResource Find&quot;,
        &quot;displayOrder&quot;: 0,
        &quot;description&quot;: null,
        &quot;id&quot;: &quot;8a3bd0e4-9a78-449b-bf34-61a097848b9b&quot;,
        &quot;isMenu&quot;: false,
        &quot;key&quot;: &quot;LocaleResource.Find&quot;,
        &quot;parentId&quot;: &quot;4c1a6c0d-765c-444a-b7c8-49e99f61d47b&quot;,
        &quot;unAuthorizedProps&quot;: {
          &quot;visible&quot;: false,
          &quot;disabled&quot;: false
        },
        &quot;actionName&quot;: &quot;Find&quot;
      },
      {
        &quot;routePath&quot;: null,
        &quot;iconName&quot;: null,
        &quot;controllerName&quot;: &quot;ServiceArea&quot;,
        &quot;name&quot;: &quot;ServiceArea Delete&quot;,
        &quot;displayOrder&quot;: 0,
        &quot;description&quot;: null,
        &quot;id&quot;: &quot;aa63520c-b6b3-4475-8516-d9ed4e71ae82&quot;,
        &quot;isMenu&quot;: false,
        &quot;key&quot;: &quot;ServiceArea.Delete&quot;,
        &quot;parentId&quot;: &quot;6510260c-2670-4f71-96ed-8f12986fb9cf&quot;,
        &quot;unAuthorizedProps&quot;: {
          &quot;visible&quot;: false,
          &quot;disabled&quot;: false
        },
        &quot;actionName&quot;: &quot;Delete&quot;
      },
      {
        &quot;routePath&quot;: null,
        &quot;iconName&quot;: null,
        &quot;controllerName&quot;: &quot;Permission&quot;,
        &quot;name&quot;: &quot;Permission Delete&quot;,
        &quot;displayOrder&quot;: 0,
        &quot;description&quot;: null,
        &quot;id&quot;: &quot;acdf48fe-e099-4a8c-a80c-75a3bfe58940&quot;,
        &quot;isMenu&quot;: false,
        &quot;key&quot;: &quot;Permission.Delete&quot;,
        &quot;parentId&quot;: &quot;213aad81-551b-49f7-9d15-f11f5b9e7e88&quot;,
        &quot;unAuthorizedProps&quot;: {
          &quot;visible&quot;: false,
          &quot;disabled&quot;: false
        },
        &quot;actionName&quot;: &quot;Delete&quot;
      },
      {
        &quot;routePath&quot;: &quot;tech-support&quot;,
        &quot;iconName&quot;: &quot;supportSVG&quot;,
        &quot;controllerName&quot;: &quot;Tech&quot;,
        &quot;name&quot;: &quot;Tech Support&quot;,
        &quot;displayOrder&quot;: 1000,
        &quot;description&quot;: null,
        &quot;id&quot;: &quot;7c8e8441-579f-4552-a9f8-b6d5a9f1df3c&quot;,
        &quot;isMenu&quot;: true,
        &quot;key&quot;: &quot;Tech.Support&quot;,
        &quot;parentId&quot;: &quot;5b7cb896-ff20-4798-8468-df6c7f3be073&quot;,
        &quot;unAuthorizedProps&quot;: {
          &quot;visible&quot;: false,
          &quot;disabled&quot;: false
        },
        &quot;actionName&quot;: &quot;Support&quot;
      },
      {
        &quot;routePath&quot;: null,
        &quot;iconName&quot;: null,
        &quot;controllerName&quot;: &quot;Region&quot;,
        &quot;name&quot;: &quot;Region Find&quot;,
        &quot;displayOrder&quot;: 0,
        &quot;description&quot;: null,
        &quot;id&quot;: &quot;373140df-79dd-4adc-b233-0d8f50f44dda&quot;,
        &quot;isMenu&quot;: false,
        &quot;key&quot;: &quot;Region.Find&quot;,
        &quot;parentId&quot;: &quot;636ed702-38d2-4f20-967d-54564a31315f&quot;,
        &quot;unAuthorizedProps&quot;: {
          &quot;visible&quot;: false,
          &quot;disabled&quot;: false
        },
        &quot;actionName&quot;: &quot;Find&quot;
      },
      {
        &quot;routePath&quot;: null,
        &quot;iconName&quot;: null,
        &quot;controllerName&quot;: &quot;County&quot;,
        &quot;name&quot;: &quot;County Delete&quot;,
        &quot;displayOrder&quot;: 0,
        &quot;description&quot;: null,
        &quot;id&quot;: &quot;b359ba12-bf6f-4788-9f9a-c8fd1798258b&quot;,
        &quot;isMenu&quot;: false,
        &quot;key&quot;: &quot;County.Delete&quot;,
        &quot;parentId&quot;: &quot;28a7ee86-bfd8-408f-97d3-82a96e1cbcc6&quot;,
        &quot;unAuthorizedProps&quot;: {
          &quot;visible&quot;: false,
          &quot;disabled&quot;: false
        },
        &quot;actionName&quot;: &quot;Delete&quot;
      },
      {
        &quot;routePath&quot;: null,
        &quot;iconName&quot;: null,
        &quot;controllerName&quot;: &quot;LocaleResource&quot;,
        &quot;name&quot;: &quot;LocaleResource Edit&quot;,
        &quot;displayOrder&quot;: 0,
        &quot;description&quot;: null,
        &quot;id&quot;: &quot;577e23af-d37c-4a77-bb18-40d89a3f6d66&quot;,
        &quot;isMenu&quot;: false,
        &quot;key&quot;: &quot;LocaleResource.Edit&quot;,
        &quot;parentId&quot;: &quot;4c1a6c0d-765c-444a-b7c8-49e99f61d47b&quot;,
        &quot;unAuthorizedProps&quot;: {
          &quot;visible&quot;: false,
          &quot;disabled&quot;: false
        },
        &quot;actionName&quot;: &quot;Edit&quot;
      },
      {
        &quot;routePath&quot;: &quot;map&quot;,
        &quot;iconName&quot;: &quot;mapSVG&quot;,
        &quot;controllerName&quot;: &quot;Admin&quot;,
        &quot;name&quot;: &quot;Map&quot;,
        &quot;displayOrder&quot;: 200,
        &quot;description&quot;: null,
        &quot;id&quot;: &quot;65e94cad-f24a-7d0e-3a21-de1a1e5e8765&quot;,
        &quot;isMenu&quot;: false,
        &quot;key&quot;: &quot;Admin.Map&quot;,
        &quot;parentId&quot;: null,
        &quot;unAuthorizedProps&quot;: {
          &quot;visible&quot;: false,
          &quot;disabled&quot;: false
        },
        &quot;actionName&quot;: &quot;Map&quot;
      },
      {
        &quot;routePath&quot;: null,
        &quot;iconName&quot;: null,
        &quot;controllerName&quot;: &quot;LocaleResource&quot;,
        &quot;name&quot;: &quot;LocaleResource Export&quot;,
        &quot;displayOrder&quot;: 0,
        &quot;description&quot;: null,
        &quot;id&quot;: &quot;cc2a0054-37f4-4f72-80cd-56e918590d0c&quot;,
        &quot;isMenu&quot;: false,
        &quot;key&quot;: &quot;LocaleResource.Export&quot;,
        &quot;parentId&quot;: &quot;4c1a6c0d-765c-444a-b7c8-49e99f61d47b&quot;,
        &quot;unAuthorizedProps&quot;: {
          &quot;visible&quot;: false,
          &quot;disabled&quot;: false
        },
        &quot;actionName&quot;: &quot;Export&quot;
      },
      {
        &quot;routePath&quot;: null,
        &quot;iconName&quot;: &quot;RemoteSearchForProductName&quot;,
        &quot;controllerName&quot;: &quot;Product&quot;,
        &quot;name&quot;: &quot;Product RemoteSearchForProductName&quot;,
        &quot;displayOrder&quot;: 0,
        &quot;description&quot;: null,
        &quot;id&quot;: &quot;5f84cdde-5800-48ce-b690-86628a41f98c&quot;,
        &quot;isMenu&quot;: false,
        &quot;key&quot;: &quot;Product.RemoteSearchForProductName&quot;,
        &quot;parentId&quot;: &quot;1858607f-58c2-4c69-8078-f2756c5ca81e&quot;,
        &quot;unAuthorizedProps&quot;: {
          &quot;visible&quot;: false,
          &quot;disabled&quot;: false
        },
        &quot;actionName&quot;: &quot;RemoteSearchForProductName&quot;
      },
      {
        &quot;routePath&quot;: &quot;&quot;,
        &quot;iconName&quot;: &quot;usersSVG&quot;,
        &quot;controllerName&quot;: &quot;User&quot;,
        &quot;name&quot;: &quot;Users&quot;,
        &quot;displayOrder&quot;: 600,
        &quot;description&quot;: null,
        &quot;id&quot;: &quot;8b04f24a-f777-5455-9d4b-5d32257d3d62&quot;,
        &quot;isMenu&quot;: true,
        &quot;key&quot;: &quot;User.Index&quot;,
        &quot;parentId&quot;: null,
        &quot;unAuthorizedProps&quot;: {
          &quot;visible&quot;: false,
          &quot;disabled&quot;: false
        },
        &quot;actionName&quot;: &quot;Index&quot;
      },
      {
        &quot;routePath&quot;: &quot;productmanagement&quot;,
        &quot;iconName&quot;: &quot;productSVG&quot;,
        &quot;controllerName&quot;: &quot;Product&quot;,
        &quot;name&quot;: &quot;Feature Ideation&quot;,
        &quot;displayOrder&quot;: 999,
        &quot;description&quot;: null,
        &quot;id&quot;: &quot;0d5f6f26-1114-4503-95da-fff6063915b6&quot;,
        &quot;isMenu&quot;: true,
        &quot;key&quot;: &quot;Product.Management&quot;,
        &quot;parentId&quot;: &quot;5b7cb896-ff20-4798-8468-df6c7f3be073&quot;,
        &quot;unAuthorizedProps&quot;: {
          &quot;visible&quot;: false,
          &quot;disabled&quot;: false
        },
        &quot;actionName&quot;: &quot;Management&quot;
      },
      {
        &quot;routePath&quot;: null,
        &quot;iconName&quot;: null,
        &quot;controllerName&quot;: &quot;Category&quot;,
        &quot;name&quot;: &quot;Category GetCategoryByParent&quot;,
        &quot;displayOrder&quot;: 0,
        &quot;description&quot;: null,
        &quot;id&quot;: &quot;5d731e1f-4111-4737-a729-9d476ac966a5&quot;,
        &quot;isMenu&quot;: false,
        &quot;key&quot;: &quot;Category.GetCategoryByParent&quot;,
        &quot;parentId&quot;: &quot;9bbddb67-d7f2-44d3-8d09-6bd04f8b6f79&quot;,
        &quot;unAuthorizedProps&quot;: {
          &quot;visible&quot;: false,
          &quot;disabled&quot;: false
        },
        &quot;actionName&quot;: &quot;GetCategoryByParent&quot;
      },
      {
        &quot;routePath&quot;: null,
        &quot;iconName&quot;: null,
        &quot;controllerName&quot;: &quot;Customer&quot;,
        &quot;name&quot;: &quot;Customer List&quot;,
        &quot;displayOrder&quot;: 0,
        &quot;description&quot;: null,
        &quot;id&quot;: &quot;bbe76549-965a-45b4-9680-86bac515fc1b&quot;,
        &quot;isMenu&quot;: false,
        &quot;key&quot;: &quot;Customer.List&quot;,
        &quot;parentId&quot;: &quot;07b60a01-5846-422c-b1c6-1c7a382dbd0e&quot;,
        &quot;unAuthorizedProps&quot;: {
          &quot;visible&quot;: false,
          &quot;disabled&quot;: false
        },
        &quot;actionName&quot;: &quot;List&quot;
      },
      {
        &quot;routePath&quot;: &quot;settings&quot;,
        &quot;iconName&quot;: &quot;settingsSVG&quot;,
        &quot;controllerName&quot;: &quot;Setting&quot;,
        &quot;name&quot;: &quot;Settings&quot;,
        &quot;displayOrder&quot;: 1000,
        &quot;description&quot;: null,
        &quot;id&quot;: &quot;ccc7592a-301d-4d63-aa26-09e92194ca01&quot;,
        &quot;isMenu&quot;: true,
        &quot;key&quot;: &quot;Setting.Index&quot;,
        &quot;parentId&quot;: null,
        &quot;unAuthorizedProps&quot;: {
          &quot;visible&quot;: false,
          &quot;disabled&quot;: false
        },
        &quot;actionName&quot;: &quot;Index&quot;
      },
      {
        &quot;routePath&quot;: null,
        &quot;iconName&quot;: null,
        &quot;controllerName&quot;: &quot;LocaleResource&quot;,
        &quot;name&quot;: &quot;LocaleResource Index&quot;,
        &quot;displayOrder&quot;: 0,
        &quot;description&quot;: &quot;LocaleResource Index &quot;,
        &quot;id&quot;: &quot;b88d0e35-5b99-4daf-9c2f-ff36aab9197e&quot;,
        &quot;isMenu&quot;: false,
        &quot;key&quot;: &quot;LocaleResource.Index&quot;,
        &quot;parentId&quot;: &quot;4c1a6c0d-765c-444a-b7c8-49e99f61d47b&quot;,
        &quot;unAuthorizedProps&quot;: {
          &quot;visible&quot;: false,
          &quot;disabled&quot;: false
        },
        &quot;actionName&quot;: &quot;Index&quot;
      },
      {
        &quot;routePath&quot;: null,
        &quot;iconName&quot;: null,
        &quot;controllerName&quot;: &quot;Warehouse&quot;,
        &quot;name&quot;: &quot;Warehouse EditWarehouseState&quot;,
        &quot;displayOrder&quot;: 0,
        &quot;description&quot;: null,
        &quot;id&quot;: &quot;fb7d3fd3-e816-4921-98ae-178c750b951a&quot;,
        &quot;isMenu&quot;: false,
        &quot;key&quot;: &quot;Warehouse.EditWarehouseState&quot;,
        &quot;parentId&quot;: &quot;7a99d565-0e98-95af-19bd-814011ea2417&quot;,
        &quot;unAuthorizedProps&quot;: {
          &quot;visible&quot;: false,
          &quot;disabled&quot;: false
        },
        &quot;actionName&quot;: &quot;EditWarehouseState&quot;
      },
      {
        &quot;routePath&quot;: &quot;vehicles&quot;,
        &quot;iconName&quot;: &quot;vehicleSVG&quot;,
        &quot;controllerName&quot;: &quot;Vehicle&quot;,
        &quot;name&quot;: &quot;Vehicles&quot;,
        &quot;displayOrder&quot;: 900,
        &quot;description&quot;: null,
        &quot;id&quot;: &quot;27436094-fc09-48ea-ae79-8ea2b4517866&quot;,
        &quot;isMenu&quot;: false,
        &quot;key&quot;: &quot;Vehicle.Index&quot;,
        &quot;parentId&quot;: null,
        &quot;unAuthorizedProps&quot;: {
          &quot;visible&quot;: false,
          &quot;disabled&quot;: false
        },
        &quot;actionName&quot;: &quot;Index&quot;
      },
      {
        &quot;routePath&quot;: null,
        &quot;iconName&quot;: null,
        &quot;controllerName&quot;: &quot;Warehouse&quot;,
        &quot;name&quot;: &quot;Warehouse List&quot;,
        &quot;displayOrder&quot;: 0,
        &quot;description&quot;: null,
        &quot;id&quot;: &quot;ac3e564a-4cc4-453d-8938-2563ef62921f&quot;,
        &quot;isMenu&quot;: false,
        &quot;key&quot;: &quot;Warehouse.List&quot;,
        &quot;parentId&quot;: &quot;7a99d565-0e98-95af-19bd-814011ea2417&quot;,
        &quot;unAuthorizedProps&quot;: {
          &quot;visible&quot;: false,
          &quot;disabled&quot;: false
        },
        &quot;actionName&quot;: &quot;List&quot;
      },
      {
        &quot;routePath&quot;: null,
        &quot;iconName&quot;: null,
        &quot;controllerName&quot;: &quot;CouponCode&quot;,
        &quot;name&quot;: &quot;CouponCode&quot;,
        &quot;displayOrder&quot;: 0,
        &quot;description&quot;: null,
        &quot;id&quot;: &quot;5aaef586-e311-4265-a241-6eb9758d6541&quot;,
        &quot;isMenu&quot;: false,
        &quot;key&quot;: &quot;CouponCode.ListForFilter&quot;,
        &quot;parentId&quot;: null,
        &quot;unAuthorizedProps&quot;: {
          &quot;visible&quot;: false,
          &quot;disabled&quot;: false
        },
        &quot;actionName&quot;: &quot;ListForFilter&quot;
      },
      {
        &quot;routePath&quot;: null,
        &quot;iconName&quot;: null,
        &quot;controllerName&quot;: &quot;State&quot;,
        &quot;name&quot;: &quot;State Edit&quot;,
        &quot;displayOrder&quot;: 0,
        &quot;description&quot;: null,
        &quot;id&quot;: &quot;581b4c8a-cce8-447b-98b5-1f29f9aae457&quot;,
        &quot;isMenu&quot;: false,
        &quot;key&quot;: &quot;State.Edit&quot;,
        &quot;parentId&quot;: &quot;4842baa6-3b5e-40d1-ba2c-aa896962f8a7&quot;,
        &quot;unAuthorizedProps&quot;: {
          &quot;visible&quot;: false,
          &quot;disabled&quot;: false
        },
        &quot;actionName&quot;: &quot;Edit&quot;
      },
      {
        &quot;routePath&quot;: null,
        &quot;iconName&quot;: null,
        &quot;controllerName&quot;: &quot;Country&quot;,
        &quot;name&quot;: &quot;Country Edit&quot;,
        &quot;displayOrder&quot;: 0,
        &quot;description&quot;: null,
        &quot;id&quot;: &quot;117355ed-1004-4b13-beb3-2ee0056892f1&quot;,
        &quot;isMenu&quot;: false,
        &quot;key&quot;: &quot;Country.Edit&quot;,
        &quot;parentId&quot;: &quot;9c15db73-badc-4894-ab1b-d8261bac91c2&quot;,
        &quot;unAuthorizedProps&quot;: {
          &quot;visible&quot;: false,
          &quot;disabled&quot;: false
        },
        &quot;actionName&quot;: &quot;Edit&quot;
      },
      {
        &quot;routePath&quot;: &quot;geo-areas&quot;,
        &quot;iconName&quot;: &quot;geo-areasSVG&quot;,
        &quot;controllerName&quot;: &quot;GeoArea&quot;,
        &quot;name&quot;: &quot;Geo Areas&quot;,
        &quot;displayOrder&quot;: 400,
        &quot;description&quot;: null,
        &quot;id&quot;: &quot;596bb8e1-9705-be47-b70e-e0cb48edc078&quot;,
        &quot;isMenu&quot;: true,
        &quot;key&quot;: &quot;GeoArea.Index&quot;,
        &quot;parentId&quot;: null,
        &quot;unAuthorizedProps&quot;: {
          &quot;visible&quot;: false,
          &quot;disabled&quot;: false
        },
        &quot;actionName&quot;: &quot;Index&quot;
      },
      {
        &quot;routePath&quot;: null,
        &quot;iconName&quot;: null,
        &quot;controllerName&quot;: &quot;Role&quot;,
        &quot;name&quot;: &quot;Role List&quot;,
        &quot;displayOrder&quot;: 0,
        &quot;description&quot;: null,
        &quot;id&quot;: &quot;ed6b7f77-7b07-4fdd-b4eb-5dc72ed21a53&quot;,
        &quot;isMenu&quot;: false,
        &quot;key&quot;: &quot;Role.List&quot;,
        &quot;parentId&quot;: &quot;e98d2f21-52f8-41cb-9b3f-fe979b5f0578&quot;,
        &quot;unAuthorizedProps&quot;: {
          &quot;visible&quot;: false,
          &quot;disabled&quot;: false
        },
        &quot;actionName&quot;: &quot;List&quot;
      },
      {
        &quot;routePath&quot;: null,
        &quot;iconName&quot;: null,
        &quot;controllerName&quot;: &quot;Warehouse&quot;,
        &quot;name&quot;: &quot;Warehouse ListBasic&quot;,
        &quot;displayOrder&quot;: 0,
        &quot;description&quot;: null,
        &quot;id&quot;: &quot;3cd0e960-08c5-488e-82bf-e81eb0481924&quot;,
        &quot;isMenu&quot;: false,
        &quot;key&quot;: &quot;Warehouse.ListBasic&quot;,
        &quot;parentId&quot;: &quot;7a99d565-0e98-95af-19bd-814011ea2417&quot;,
        &quot;unAuthorizedProps&quot;: {
          &quot;visible&quot;: false,
          &quot;disabled&quot;: false
        },
        &quot;actionName&quot;: &quot;ListBasic&quot;
      },
      {
        &quot;routePath&quot;: null,
        &quot;iconName&quot;: null,
        &quot;controllerName&quot;: &quot;Address&quot;,
        &quot;name&quot;: &quot;Address Edit&quot;,
        &quot;displayOrder&quot;: 0,
        &quot;description&quot;: null,
        &quot;id&quot;: &quot;3e821719-5809-4a64-979f-9f373f2510d4&quot;,
        &quot;isMenu&quot;: false,
        &quot;key&quot;: &quot;Address.Edit&quot;,
        &quot;parentId&quot;: &quot;c3c514ef-1964-4c94-b13a-8bdd83a5b1cb&quot;,
        &quot;unAuthorizedProps&quot;: {
          &quot;visible&quot;: false,
          &quot;disabled&quot;: false
        },
        &quot;actionName&quot;: &quot;Edit&quot;
      },
      {
        &quot;routePath&quot;: null,
        &quot;iconName&quot;: null,
        &quot;controllerName&quot;: &quot;ServiceArea&quot;,
        &quot;name&quot;: &quot;ServiceArea Create&quot;,
        &quot;displayOrder&quot;: 0,
        &quot;description&quot;: null,
        &quot;id&quot;: &quot;20738cab-a928-4c12-9a39-29eeaf60713a&quot;,
        &quot;isMenu&quot;: false,
        &quot;key&quot;: &quot;ServiceArea.Create&quot;,
        &quot;parentId&quot;: &quot;6510260c-2670-4f71-96ed-8f12986fb9cf&quot;,
        &quot;unAuthorizedProps&quot;: {
          &quot;visible&quot;: false,
          &quot;disabled&quot;: false
        },
        &quot;actionName&quot;: &quot;Create&quot;
      },
      {
        &quot;routePath&quot;: null,
        &quot;iconName&quot;: null,
        &quot;controllerName&quot;: &quot;Setting&quot;,
        &quot;name&quot;: &quot;Setting Find&quot;,
        &quot;displayOrder&quot;: 0,
        &quot;description&quot;: null,
        &quot;id&quot;: &quot;e57a84a5-6d3e-4513-82cd-1ec64740178b&quot;,
        &quot;isMenu&quot;: false,
        &quot;key&quot;: &quot;Setting.Find&quot;,
        &quot;parentId&quot;: &quot;ccc7592a-301d-4d63-aa26-09e92194ca01&quot;,
        &quot;unAuthorizedProps&quot;: {
          &quot;visible&quot;: false,
          &quot;disabled&quot;: false
        },
        &quot;actionName&quot;: &quot;Find&quot;
      },
      {
        &quot;routePath&quot;: null,
        &quot;iconName&quot;: null,
        &quot;controllerName&quot;: &quot;SubRegion&quot;,
        &quot;name&quot;: &quot;SubRegion Edit&quot;,
        &quot;displayOrder&quot;: 0,
        &quot;description&quot;: null,
        &quot;id&quot;: &quot;befec01d-311a-4d58-8875-390d7c5143ab&quot;,
        &quot;isMenu&quot;: false,
        &quot;key&quot;: &quot;SubRegion.Edit&quot;,
        &quot;parentId&quot;: &quot;5016a026-6957-41ab-8cda-9bd37afe0841&quot;,
        &quot;unAuthorizedProps&quot;: {
          &quot;visible&quot;: false,
          &quot;disabled&quot;: false
        },
        &quot;actionName&quot;: &quot;Edit&quot;
      },
      {
        &quot;routePath&quot;: null,
        &quot;iconName&quot;: null,
        &quot;controllerName&quot;: &quot;State&quot;,
        &quot;name&quot;: &quot;State Create&quot;,
        &quot;displayOrder&quot;: 0,
        &quot;description&quot;: null,
        &quot;id&quot;: &quot;88690c06-a8b6-4e95-a176-3963af2d2b79&quot;,
        &quot;isMenu&quot;: false,
        &quot;key&quot;: &quot;State.Create&quot;,
        &quot;parentId&quot;: &quot;4842baa6-3b5e-40d1-ba2c-aa896962f8a7&quot;,
        &quot;unAuthorizedProps&quot;: {
          &quot;visible&quot;: false,
          &quot;disabled&quot;: false
        },
        &quot;actionName&quot;: &quot;Create&quot;
      },
      {
        &quot;routePath&quot;: null,
        &quot;iconName&quot;: null,
        &quot;controllerName&quot;: &quot;LocaleResource&quot;,
        &quot;name&quot;: &quot;LocaleResource Import&quot;,
        &quot;displayOrder&quot;: 0,
        &quot;description&quot;: null,
        &quot;id&quot;: &quot;a0f85551-79e4-4fd8-b9dc-7b4e0bd3f3d9&quot;,
        &quot;isMenu&quot;: false,
        &quot;key&quot;: &quot;LocaleResource.Import&quot;,
        &quot;parentId&quot;: &quot;4c1a6c0d-765c-444a-b7c8-49e99f61d47b&quot;,
        &quot;unAuthorizedProps&quot;: {
          &quot;visible&quot;: false,
          &quot;disabled&quot;: false
        },
        &quot;actionName&quot;: &quot;Import&quot;
      },
      {
        &quot;routePath&quot;: null,
        &quot;iconName&quot;: null,
        &quot;controllerName&quot;: &quot;Country&quot;,
        &quot;name&quot;: &quot;Country Create&quot;,
        &quot;displayOrder&quot;: 0,
        &quot;description&quot;: null,
        &quot;id&quot;: &quot;b4e4f143-cdff-4839-a5db-7379c79b2cc1&quot;,
        &quot;isMenu&quot;: false,
        &quot;key&quot;: &quot;Country.Create&quot;,
        &quot;parentId&quot;: &quot;9c15db73-badc-4894-ab1b-d8261bac91c2&quot;,
        &quot;unAuthorizedProps&quot;: {
          &quot;visible&quot;: false,
          &quot;disabled&quot;: false
        },
        &quot;actionName&quot;: &quot;Create&quot;
      },
      {
        &quot;routePath&quot;: null,
        &quot;iconName&quot;: null,
        &quot;controllerName&quot;: &quot;Warehouse&quot;,
        &quot;name&quot;: &quot;Warehouse Delete&quot;,
        &quot;displayOrder&quot;: 0,
        &quot;description&quot;: null,
        &quot;id&quot;: &quot;dbc3a8dd-ea84-4a11-bbfe-02a476211462&quot;,
        &quot;isMenu&quot;: false,
        &quot;key&quot;: &quot;Warehouse.Delete&quot;,
        &quot;parentId&quot;: &quot;7a99d565-0e98-95af-19bd-814011ea2417&quot;,
        &quot;unAuthorizedProps&quot;: {
          &quot;visible&quot;: false,
          &quot;disabled&quot;: false
        },
        &quot;actionName&quot;: &quot;Delete&quot;
      },
      {
        &quot;routePath&quot;: &quot;blacklist&quot;,
        &quot;iconName&quot;: &quot;blackListSVG&quot;,
        &quot;controllerName&quot;: &quot;BlackList&quot;,
        &quot;name&quot;: &quot;Black List&quot;,
        &quot;displayOrder&quot;: 0,
        &quot;description&quot;: null,
        &quot;id&quot;: &quot;d273c43d-77c8-4b88-8d35-9ec20a90bd11&quot;,
        &quot;isMenu&quot;: false,
        &quot;key&quot;: &quot;BlackList.Index&quot;,
        &quot;parentId&quot;: &quot;8b04f24a-f777-5455-9d4b-5d32257d3d62&quot;,
        &quot;unAuthorizedProps&quot;: {
          &quot;visible&quot;: false,
          &quot;disabled&quot;: false
        },
        &quot;actionName&quot;: &quot;Index&quot;
      },
      {
        &quot;routePath&quot;: null,
        &quot;iconName&quot;: &quot;control&quot;,
        &quot;controllerName&quot;: &quot;DriverApp&quot;,
        &quot;name&quot;: &quot;Control&quot;,
        &quot;displayOrder&quot;: 0,
        &quot;description&quot;: &quot;&quot;,
        &quot;id&quot;: &quot;ac0083c7-bd11-4d5a-88bd-5fdfd029d71d&quot;,
        &quot;isMenu&quot;: true,
        &quot;key&quot;: &quot;DriverApp.Control&quot;,
        &quot;parentId&quot;: &quot;673cefc5-8638-47b5-9440-8f3fa459f0b1&quot;,
        &quot;unAuthorizedProps&quot;: {
          &quot;visible&quot;: false,
          &quot;disabled&quot;: false
        },
        &quot;actionName&quot;: &quot;Control&quot;
      },
      {
        &quot;routePath&quot;: null,
        &quot;iconName&quot;: null,
        &quot;controllerName&quot;: &quot;Permission&quot;,
        &quot;name&quot;: &quot;Permission Tree&quot;,
        &quot;displayOrder&quot;: 0,
        &quot;description&quot;: null,
        &quot;id&quot;: &quot;31bf9d11-e13f-483c-835e-c0507f1c001b&quot;,
        &quot;isMenu&quot;: false,
        &quot;key&quot;: &quot;Permission.PermissionTree&quot;,
        &quot;parentId&quot;: &quot;213aad81-551b-49f7-9d15-f11f5b9e7e88&quot;,
        &quot;unAuthorizedProps&quot;: {
          &quot;visible&quot;: false,
          &quot;disabled&quot;: false
        },
        &quot;actionName&quot;: &quot;PermissionTree&quot;
      },
      {
        &quot;routePath&quot;: &quot;dashboards&quot;,
        &quot;iconName&quot;: &quot;dashboardSVG&quot;,
        &quot;controllerName&quot;: &quot;Dashboard&quot;,
        &quot;name&quot;: &quot;Analytics&quot;,
        &quot;displayOrder&quot;: 300,
        &quot;description&quot;: &quot;Analytics&quot;,
        &quot;id&quot;: &quot;9160e49e-2340-41fd-aee7-f00fb79cca35&quot;,
        &quot;isMenu&quot;: false,
        &quot;key&quot;: &quot;Dashboard.GetDashboardIframe&quot;,
        &quot;parentId&quot;: null,
        &quot;unAuthorizedProps&quot;: {
          &quot;visible&quot;: false,
          &quot;disabled&quot;: false
        },
        &quot;actionName&quot;: &quot;GetDashboardIframe&quot;
      },
      {
        &quot;routePath&quot;: null,
        &quot;iconName&quot;: null,
        &quot;controllerName&quot;: &quot;Customer&quot;,
        &quot;name&quot;: &quot;Customer Find&quot;,
        &quot;displayOrder&quot;: 0,
        &quot;description&quot;: null,
        &quot;id&quot;: &quot;7e69895f-a4fe-470b-9dbd-3902631c5978&quot;,
        &quot;isMenu&quot;: false,
        &quot;key&quot;: &quot;Customer.Find&quot;,
        &quot;parentId&quot;: &quot;07b60a01-5846-422c-b1c6-1c7a382dbd0e&quot;,
        &quot;unAuthorizedProps&quot;: {
          &quot;visible&quot;: false,
          &quot;disabled&quot;: false
        },
        &quot;actionName&quot;: &quot;Find&quot;
      },
      {
        &quot;routePath&quot;: null,
        &quot;iconName&quot;: null,
        &quot;controllerName&quot;: &quot;Order&quot;,
        &quot;name&quot;: &quot;Order List&quot;,
        &quot;displayOrder&quot;: 0,
        &quot;description&quot;: null,
        &quot;id&quot;: &quot;68267f89-edc4-4c6b-a72b-06381cf0e532&quot;,
        &quot;isMenu&quot;: false,
        &quot;key&quot;: &quot;Order.List&quot;,
        &quot;parentId&quot;: &quot;872b9f8c-c48d-dfeb-de32-1be0c3c38dbb&quot;,
        &quot;unAuthorizedProps&quot;: {
          &quot;visible&quot;: false,
          &quot;disabled&quot;: false
        },
        &quot;actionName&quot;: &quot;List&quot;
      },
      {
        &quot;routePath&quot;: &quot;&quot;,
        &quot;iconName&quot;: &quot;ordersSVG&quot;,
        &quot;controllerName&quot;: &quot;Order&quot;,
        &quot;name&quot;: &quot;Orders&quot;,
        &quot;displayOrder&quot;: 100,
        &quot;description&quot;: null,
        &quot;id&quot;: &quot;872b9f8c-c48d-dfeb-de32-1be0c3c38dbb&quot;,
        &quot;isMenu&quot;: true,
        &quot;key&quot;: &quot;Order.Index&quot;,
        &quot;parentId&quot;: null,
        &quot;unAuthorizedProps&quot;: {
          &quot;visible&quot;: false,
          &quot;disabled&quot;: false
        },
        &quot;actionName&quot;: &quot;Index&quot;
      },
      {
        &quot;routePath&quot;: null,
        &quot;iconName&quot;: null,
        &quot;controllerName&quot;: &quot;Order&quot;,
        &quot;name&quot;: &quot;Order ReportOrderItem&quot;,
        &quot;displayOrder&quot;: 0,
        &quot;description&quot;: null,
        &quot;id&quot;: &quot;fc541f93-e00d-4204-bc10-21a8c66281d9&quot;,
        &quot;isMenu&quot;: false,
        &quot;key&quot;: &quot;Order.ReportOrderItem&quot;,
        &quot;parentId&quot;: &quot;872b9f8c-c48d-dfeb-de32-1be0c3c38dbb&quot;,
        &quot;unAuthorizedProps&quot;: {
          &quot;visible&quot;: false,
          &quot;disabled&quot;: false
        },
        &quot;actionName&quot;: &quot;ReportOrderItem&quot;
      },
      {
        &quot;routePath&quot;: null,
        &quot;iconName&quot;: null,
        &quot;controllerName&quot;: &quot;Country&quot;,
        &quot;name&quot;: &quot;Country List&quot;,
        &quot;displayOrder&quot;: 0,
        &quot;description&quot;: null,
        &quot;id&quot;: &quot;965f2723-9852-432a-8811-6d549e75b51c&quot;,
        &quot;isMenu&quot;: false,
        &quot;key&quot;: &quot;Country.List&quot;,
        &quot;parentId&quot;: &quot;9c15db73-badc-4894-ab1b-d8261bac91c2&quot;,
        &quot;unAuthorizedProps&quot;: {
          &quot;visible&quot;: false,
          &quot;disabled&quot;: false
        },
        &quot;actionName&quot;: &quot;List&quot;
      },
      {
        &quot;routePath&quot;: &quot;employees&quot;,
        &quot;iconName&quot;: &quot;employeeSVG&quot;,
        &quot;controllerName&quot;: &quot;Employee&quot;,
        &quot;name&quot;: &quot;Employee&quot;,
        &quot;displayOrder&quot;: 630,
        &quot;description&quot;: null,
        &quot;id&quot;: &quot;e4a8e904-698e-4596-92c3-b40206b19179&quot;,
        &quot;isMenu&quot;: true,
        &quot;key&quot;: &quot;Employee.Index&quot;,
        &quot;parentId&quot;: &quot;8b04f24a-f777-5455-9d4b-5d32257d3d62&quot;,
        &quot;unAuthorizedProps&quot;: {
          &quot;visible&quot;: false,
          &quot;disabled&quot;: false
        },
        &quot;actionName&quot;: &quot;Index&quot;
      },
      {
        &quot;routePath&quot;: null,
        &quot;iconName&quot;: &quot;ListForFilter&quot;,
        &quot;controllerName&quot;: &quot;Product&quot;,
        &quot;name&quot;: &quot;Product ListForFilter&quot;,
        &quot;displayOrder&quot;: 0,
        &quot;description&quot;: null,
        &quot;id&quot;: &quot;3e7badfa-60f6-46f4-ab65-60c10cf0158c&quot;,
        &quot;isMenu&quot;: false,
        &quot;key&quot;: &quot;Product.ListForFilter&quot;,
        &quot;parentId&quot;: null,
        &quot;unAuthorizedProps&quot;: {
          &quot;visible&quot;: false,
          &quot;disabled&quot;: false
        },
        &quot;actionName&quot;: &quot;ListForFilter&quot;
      },
      {
        &quot;routePath&quot;: null,
        &quot;iconName&quot;: null,
        &quot;controllerName&quot;: &quot;MessageTemplate&quot;,
        &quot;name&quot;: &quot;Message Template List&quot;,
        &quot;displayOrder&quot;: 0,
        &quot;description&quot;: null,
        &quot;id&quot;: &quot;f8b8770e-d3de-4fb9-8785-c6a52f0a3f2a&quot;,
        &quot;isMenu&quot;: false,
        &quot;key&quot;: &quot;MessageTemplate.List&quot;,
        &quot;parentId&quot;: &quot;570b7634-2234-498f-939b-440805527121&quot;,
        &quot;unAuthorizedProps&quot;: {
          &quot;visible&quot;: false,
          &quot;disabled&quot;: false
        },
        &quot;actionName&quot;: &quot;List&quot;
      },
      {
        &quot;routePath&quot;: null,
        &quot;iconName&quot;: null,
        &quot;controllerName&quot;: &quot;Warehouse&quot;,
        &quot;name&quot;: &quot;Warehouse UpdateWarehouseExpectedQuantity&quot;,
        &quot;displayOrder&quot;: 0,
        &quot;description&quot;: null,
        &quot;id&quot;: &quot;cbe00097-f735-4207-bd4d-a2be0ea5dfd3&quot;,
        &quot;isMenu&quot;: false,
        &quot;key&quot;: &quot;Warehouse.UpdateWarehouseExpectedQuantity&quot;,
        &quot;parentId&quot;: &quot;7a99d565-0e98-95af-19bd-814011ea2417&quot;,
        &quot;unAuthorizedProps&quot;: {
          &quot;visible&quot;: false,
          &quot;disabled&quot;: false
        },
        &quot;actionName&quot;: &quot;UpdateWarehouseExpectedQuantity&quot;
      },
      {
        &quot;routePath&quot;: null,
        &quot;iconName&quot;: &quot;RemoteSearchForCampaignName&quot;,
        &quot;controllerName&quot;: &quot;Campaign&quot;,
        &quot;name&quot;: &quot;Campaign RemoteSearchForCampaignName&quot;,
        &quot;displayOrder&quot;: 0,
        &quot;description&quot;: null,
        &quot;id&quot;: &quot;1b2371cf-283a-412c-9305-3f8d91cd2cf3&quot;,
        &quot;isMenu&quot;: false,
        &quot;key&quot;: &quot;Campaign.RemoteSearchForCampaignName&quot;,
        &quot;parentId&quot;: &quot;fd2f794b-65fb-4da6-9bdb-835c466e4321&quot;,
        &quot;unAuthorizedProps&quot;: {
          &quot;visible&quot;: false,
          &quot;disabled&quot;: false
        },
        &quot;actionName&quot;: &quot;RemoteSearchForCampaignName&quot;
      },
      {
        &quot;routePath&quot;: null,
        &quot;iconName&quot;: null,
        &quot;controllerName&quot;: &quot;Permission&quot;,
        &quot;name&quot;: &quot;Permission Find&quot;,
        &quot;displayOrder&quot;: 0,
        &quot;description&quot;: null,
        &quot;id&quot;: &quot;b8acd1fb-bb0c-49b0-9fe2-22574379a94d&quot;,
        &quot;isMenu&quot;: false,
        &quot;key&quot;: &quot;Permission.Find&quot;,
        &quot;parentId&quot;: &quot;213aad81-551b-49f7-9d15-f11f5b9e7e88&quot;,
        &quot;unAuthorizedProps&quot;: {
          &quot;visible&quot;: false,
          &quot;disabled&quot;: false
        },
        &quot;actionName&quot;: &quot;Find&quot;
      },
      {
        &quot;routePath&quot;: null,
        &quot;iconName&quot;: null,
        &quot;controllerName&quot;: &quot;Banner&quot;,
        &quot;name&quot;: &quot;Banner Create&quot;,
        &quot;displayOrder&quot;: 0,
        &quot;description&quot;: null,
        &quot;id&quot;: &quot;ad417e90-0acf-4d46-a875-a4b641cedbde&quot;,
        &quot;isMenu&quot;: false,
        &quot;key&quot;: &quot;Banner.Create&quot;,
        &quot;parentId&quot;: &quot;d01dd410-27ab-4ca2-ad2e-06ed18197543&quot;,
        &quot;unAuthorizedProps&quot;: {
          &quot;visible&quot;: false,
          &quot;disabled&quot;: false
        },
        &quot;actionName&quot;: &quot;Create&quot;
      },
      {
        &quot;routePath&quot;: null,
        &quot;iconName&quot;: null,
        &quot;controllerName&quot;: &quot;Banner&quot;,
        &quot;name&quot;: &quot;Banner Edit&quot;,
        &quot;displayOrder&quot;: 0,
        &quot;description&quot;: null,
        &quot;id&quot;: &quot;b638b6e5-7d89-4ab4-9a4e-fe8b0df52e36&quot;,
        &quot;isMenu&quot;: false,
        &quot;key&quot;: &quot;Banner.Edit&quot;,
        &quot;parentId&quot;: &quot;d01dd410-27ab-4ca2-ad2e-06ed18197543&quot;,
        &quot;unAuthorizedProps&quot;: {
          &quot;visible&quot;: false,
          &quot;disabled&quot;: false
        },
        &quot;actionName&quot;: &quot;Edit&quot;
      },
      {
        &quot;routePath&quot;: null,
        &quot;iconName&quot;: null,
        &quot;controllerName&quot;: &quot;Category&quot;,
        &quot;name&quot;: &quot;Category Edit&quot;,
        &quot;displayOrder&quot;: 0,
        &quot;description&quot;: null,
        &quot;id&quot;: &quot;0aaf230e-5f92-4e49-b3c7-c20c9df44c82&quot;,
        &quot;isMenu&quot;: false,
        &quot;key&quot;: &quot;Category.Edit&quot;,
        &quot;parentId&quot;: &quot;9bbddb67-d7f2-44d3-8d09-6bd04f8b6f79&quot;,
        &quot;unAuthorizedProps&quot;: {
          &quot;visible&quot;: false,
          &quot;disabled&quot;: false
        },
        &quot;actionName&quot;: &quot;Edit&quot;
      },
      {
        &quot;routePath&quot;: null,
        &quot;iconName&quot;: null,
        &quot;controllerName&quot;: &quot;ZipCode&quot;,
        &quot;name&quot;: &quot;ZipCode Delete&quot;,
        &quot;displayOrder&quot;: 0,
        &quot;description&quot;: null,
        &quot;id&quot;: &quot;deba5d66-42eb-43d0-8ee0-6d15f3c4b34c&quot;,
        &quot;isMenu&quot;: false,
        &quot;key&quot;: &quot;ZipCode.Delete&quot;,
        &quot;parentId&quot;: &quot;8aa34e38-533b-4ab7-bad7-0eaa7b5dec9c&quot;,
        &quot;unAuthorizedProps&quot;: {
          &quot;visible&quot;: false,
          &quot;disabled&quot;: false
        },
        &quot;actionName&quot;: &quot;Delete&quot;
      },
      {
        &quot;routePath&quot;: null,
        &quot;iconName&quot;: null,
        &quot;controllerName&quot;: &quot;Rider&quot;,
        &quot;name&quot;: &quot;Rider Create&quot;,
        &quot;displayOrder&quot;: 0,
        &quot;description&quot;: null,
        &quot;id&quot;: &quot;84e2ed51-0787-4e21-b0cc-78397324e38f&quot;,
        &quot;isMenu&quot;: false,
        &quot;key&quot;: &quot;Rider.Create&quot;,
        &quot;parentId&quot;: &quot;1b716d9c-2bf6-4a16-9bd1-2214d14b6cc7&quot;,
        &quot;unAuthorizedProps&quot;: {
          &quot;visible&quot;: false,
          &quot;disabled&quot;: false
        },
        &quot;actionName&quot;: &quot;Create&quot;
      },
      {
        &quot;routePath&quot;: null,
        &quot;iconName&quot;: null,
        &quot;controllerName&quot;: &quot;Employee&quot;,
        &quot;name&quot;: &quot;Employee Delete&quot;,
        &quot;displayOrder&quot;: 0,
        &quot;description&quot;: null,
        &quot;id&quot;: &quot;b6a62bb2-7083-4534-91af-146ca008cb31&quot;,
        &quot;isMenu&quot;: false,
        &quot;key&quot;: &quot;Employee.Delete&quot;,
        &quot;parentId&quot;: &quot;e4a8e904-698e-4596-92c3-b40206b19179&quot;,
        &quot;unAuthorizedProps&quot;: {
          &quot;visible&quot;: false,
          &quot;disabled&quot;: false
        },
        &quot;actionName&quot;: &quot;Delete&quot;
      },
      {
        &quot;routePath&quot;: &quot;active-orders&quot;,
        &quot;iconName&quot;: &quot;activeOrderSVG&quot;,
        &quot;controllerName&quot;: &quot;Order&quot;,
        &quot;name&quot;: &quot;Active Orders&quot;,
        &quot;displayOrder&quot;: 120,
        &quot;description&quot;: null,
        &quot;id&quot;: &quot;960eff6d-a581-4a4e-991b-a0b5c9881f14&quot;,
        &quot;isMenu&quot;: true,
        &quot;key&quot;: &quot;Order.Active&quot;,
        &quot;parentId&quot;: &quot;872b9f8c-c48d-dfeb-de32-1be0c3c38dbb&quot;,
        &quot;unAuthorizedProps&quot;: {
          &quot;visible&quot;: false,
          &quot;disabled&quot;: false
        },
        &quot;actionName&quot;: &quot;Active&quot;
      },
      {
        &quot;routePath&quot;: null,
        &quot;iconName&quot;: null,
        &quot;controllerName&quot;: &quot;MessageTemplate&quot;,
        &quot;name&quot;: &quot;Message Template Edit&quot;,
        &quot;displayOrder&quot;: 0,
        &quot;description&quot;: null,
        &quot;id&quot;: &quot;3cf8a343-ba23-4210-9f73-884eb309a3b4&quot;,
        &quot;isMenu&quot;: false,
        &quot;key&quot;: &quot;MessageTemplate.Edit&quot;,
        &quot;parentId&quot;: &quot;570b7634-2234-498f-939b-440805527121&quot;,
        &quot;unAuthorizedProps&quot;: {
          &quot;visible&quot;: false,
          &quot;disabled&quot;: false
        },
        &quot;actionName&quot;: &quot;Edit&quot;
      },
      {
        &quot;routePath&quot;: null,
        &quot;iconName&quot;: null,
        &quot;controllerName&quot;: &quot;MessageTemplate&quot;,
        &quot;name&quot;: &quot;Message Template Delete&quot;,
        &quot;displayOrder&quot;: 0,
        &quot;description&quot;: null,
        &quot;id&quot;: &quot;6829e619-f27c-415b-abf5-653573cb4ed5&quot;,
        &quot;isMenu&quot;: false,
        &quot;key&quot;: &quot;MessageTemplate.Delete&quot;,
        &quot;parentId&quot;: &quot;570b7634-2234-498f-939b-440805527121&quot;,
        &quot;unAuthorizedProps&quot;: {
          &quot;visible&quot;: false,
          &quot;disabled&quot;: false
        },
        &quot;actionName&quot;: &quot;Delete&quot;
      },
      {
        &quot;routePath&quot;: null,
        &quot;iconName&quot;: null,
        &quot;controllerName&quot;: &quot;Role&quot;,
        &quot;name&quot;: &quot;Role Create&quot;,
        &quot;displayOrder&quot;: 0,
        &quot;description&quot;: null,
        &quot;id&quot;: &quot;b29c939f-9d31-4a77-ab10-43b6363c9ca7&quot;,
        &quot;isMenu&quot;: false,
        &quot;key&quot;: &quot;Role.Create&quot;,
        &quot;parentId&quot;: &quot;e98d2f21-52f8-41cb-9b3f-fe979b5f0578&quot;,
        &quot;unAuthorizedProps&quot;: {
          &quot;visible&quot;: false,
          &quot;disabled&quot;: false
        },
        &quot;actionName&quot;: &quot;Create&quot;
      },
      {
        &quot;routePath&quot;: null,
        &quot;iconName&quot;: null,
        &quot;controllerName&quot;: &quot;County&quot;,
        &quot;name&quot;: &quot;County Create&quot;,
        &quot;displayOrder&quot;: 0,
        &quot;description&quot;: null,
        &quot;id&quot;: &quot;b0718fbd-a486-4f05-9804-82c5e474efb7&quot;,
        &quot;isMenu&quot;: false,
        &quot;key&quot;: &quot;County.Create&quot;,
        &quot;parentId&quot;: &quot;28a7ee86-bfd8-408f-97d3-82a96e1cbcc6&quot;,
        &quot;unAuthorizedProps&quot;: {
          &quot;visible&quot;: false,
          &quot;disabled&quot;: false
        },
        &quot;actionName&quot;: &quot;Create&quot;
      },
      {
        &quot;routePath&quot;: null,
        &quot;iconName&quot;: null,
        &quot;controllerName&quot;: &quot;Language&quot;,
        &quot;name&quot;: &quot;Language Edit&quot;,
        &quot;displayOrder&quot;: 0,
        &quot;description&quot;: null,
        &quot;id&quot;: &quot;765464f2-8b9f-4234-ac07-063e06f3e9f2&quot;,
        &quot;isMenu&quot;: false,
        &quot;key&quot;: &quot;Language.Edit&quot;,
        &quot;parentId&quot;: &quot;7d117917-ff5a-448f-ae1c-71b123ffabc0&quot;,
        &quot;unAuthorizedProps&quot;: {
          &quot;visible&quot;: false,
          &quot;disabled&quot;: false
        },
        &quot;actionName&quot;: &quot;Edit&quot;
      },
      {
        &quot;routePath&quot;: null,
        &quot;iconName&quot;: null,
        &quot;controllerName&quot;: &quot;ServiceArea&quot;,
        &quot;name&quot;: &quot;ServiceArea UpdateStatus&quot;,
        &quot;displayOrder&quot;: 0,
        &quot;description&quot;: null,
        &quot;id&quot;: &quot;13514276-84ab-43d6-8542-5f166acb9b80&quot;,
        &quot;isMenu&quot;: false,
        &quot;key&quot;: &quot;ServiceArea.UpdateStatus&quot;,
        &quot;parentId&quot;: &quot;6510260c-2670-4f71-96ed-8f12986fb9cf&quot;,
        &quot;unAuthorizedProps&quot;: {
          &quot;visible&quot;: false,
          &quot;disabled&quot;: false
        },
        &quot;actionName&quot;: &quot;UpdateStatus&quot;
      },
      {
        &quot;routePath&quot;: null,
        &quot;iconName&quot;: null,
        &quot;controllerName&quot;: &quot;Language&quot;,
        &quot;name&quot;: &quot;Language Create&quot;,
        &quot;displayOrder&quot;: 0,
        &quot;description&quot;: null,
        &quot;id&quot;: &quot;70055253-2953-481a-ad68-308069f59188&quot;,
        &quot;isMenu&quot;: false,
        &quot;key&quot;: &quot;Language.Create&quot;,
        &quot;parentId&quot;: &quot;7d117917-ff5a-448f-ae1c-71b123ffabc0&quot;,
        &quot;unAuthorizedProps&quot;: {
          &quot;visible&quot;: false,
          &quot;disabled&quot;: false
        },
        &quot;actionName&quot;: &quot;Create&quot;
      },
      {
        &quot;routePath&quot;: null,
        &quot;iconName&quot;: null,
        &quot;controllerName&quot;: &quot;Banner&quot;,
        &quot;name&quot;: &quot;Banner List&quot;,
        &quot;displayOrder&quot;: 0,
        &quot;description&quot;: null,
        &quot;id&quot;: &quot;2af1fb3b-36bf-4379-b7a6-03f3e68742b2&quot;,
        &quot;isMenu&quot;: false,
        &quot;key&quot;: &quot;Banner.List&quot;,
        &quot;parentId&quot;: &quot;d01dd410-27ab-4ca2-ad2e-06ed18197543&quot;,
        &quot;unAuthorizedProps&quot;: {
          &quot;visible&quot;: false,
          &quot;disabled&quot;: false
        },
        &quot;actionName&quot;: &quot;List&quot;
      },
      {
        &quot;routePath&quot;: null,
        &quot;iconName&quot;: &quot;orders&quot;,
        &quot;controllerName&quot;: &quot;DriverApp&quot;,
        &quot;name&quot;: &quot;Orders&quot;,
        &quot;displayOrder&quot;: 0,
        &quot;description&quot;: &quot;&quot;,
        &quot;id&quot;: &quot;6fa1df30-c04b-4bef-a1d1-a67c2748e0b4&quot;,
        &quot;isMenu&quot;: true,
        &quot;key&quot;: &quot;DriverApp.Orders&quot;,
        &quot;parentId&quot;: &quot;673cefc5-8638-47b5-9440-8f3fa459f0b1&quot;,
        &quot;unAuthorizedProps&quot;: {
          &quot;visible&quot;: false,
          &quot;disabled&quot;: false
        },
        &quot;actionName&quot;: &quot;Orders&quot;
      },
      {
        &quot;routePath&quot;: null,
        &quot;iconName&quot;: &quot;blackListSVG&quot;,
        &quot;controllerName&quot;: &quot;BlackList&quot;,
        &quot;name&quot;: &quot;Black List Find&quot;,
        &quot;displayOrder&quot;: 0,
        &quot;description&quot;: null,
        &quot;id&quot;: &quot;e8a2ad2f-7dad-41a3-9696-6adefc308eb8&quot;,
        &quot;isMenu&quot;: false,
        &quot;key&quot;: &quot;BlackList.Find&quot;,
        &quot;parentId&quot;: &quot;d273c43d-77c8-4b88-8d35-9ec20a90bd11&quot;,
        &quot;unAuthorizedProps&quot;: {
          &quot;visible&quot;: false,
          &quot;disabled&quot;: false
        },
        &quot;actionName&quot;: &quot;Find&quot;
      },
      {
        &quot;routePath&quot;: null,
        &quot;iconName&quot;: &quot;ExportForFilter&quot;,
        &quot;controllerName&quot;: &quot;Product&quot;,
        &quot;name&quot;: &quot;Product ExportForFilter&quot;,
        &quot;displayOrder&quot;: 0,
        &quot;description&quot;: null,
        &quot;id&quot;: &quot;c6781e0f-f938-4907-8dc5-a17d241a8148&quot;,
        &quot;isMenu&quot;: false,
        &quot;key&quot;: &quot;Product.ExportForFilter&quot;,
        &quot;parentId&quot;: &quot;1858607f-58c2-4c69-8078-f2756c5ca81e&quot;,
        &quot;unAuthorizedProps&quot;: {
          &quot;visible&quot;: false,
          &quot;disabled&quot;: false
        },
        &quot;actionName&quot;: &quot;ExportForFilter&quot;
      },
      {
        &quot;routePath&quot;: null,
        &quot;iconName&quot;: &quot;auditSVG&quot;,
        &quot;controllerName&quot;: &quot;Audit&quot;,
        &quot;name&quot;: &quot;Audit ListForFilter&quot;,
        &quot;displayOrder&quot;: 100000,
        &quot;description&quot;: null,
        &quot;id&quot;: &quot;6db73bbc-1114-4e80-a30d-424386ffd8f5&quot;,
        &quot;isMenu&quot;: false,
        &quot;key&quot;: &quot;Audit.ListForFilter&quot;,
        &quot;parentId&quot;: &quot;76070de9-f4f5-4096-aa99-2d2bac586b44&quot;,
        &quot;unAuthorizedProps&quot;: {
          &quot;visible&quot;: false,
          &quot;disabled&quot;: false
        },
        &quot;actionName&quot;: &quot;ListForFilter&quot;
      },
      {
        &quot;routePath&quot;: null,
        &quot;iconName&quot;: null,
        &quot;controllerName&quot;: &quot;County&quot;,
        &quot;name&quot;: &quot;County Find&quot;,
        &quot;displayOrder&quot;: 0,
        &quot;description&quot;: null,
        &quot;id&quot;: &quot;d82e0244-f728-4651-b0dc-37ee070aacef&quot;,
        &quot;isMenu&quot;: false,
        &quot;key&quot;: &quot;County.Find&quot;,
        &quot;parentId&quot;: &quot;28a7ee86-bfd8-408f-97d3-82a96e1cbcc6&quot;,
        &quot;unAuthorizedProps&quot;: {
          &quot;visible&quot;: false,
          &quot;disabled&quot;: false
        },
        &quot;actionName&quot;: &quot;Find&quot;
      },
      {
        &quot;routePath&quot;: null,
        &quot;iconName&quot;: null,
        &quot;controllerName&quot;: &quot;Customer&quot;,
        &quot;name&quot;: &quot;Customer Delete&quot;,
        &quot;displayOrder&quot;: 0,
        &quot;description&quot;: null,
        &quot;id&quot;: &quot;f347f3bc-6802-4ec4-82ef-220e0032ab69&quot;,
        &quot;isMenu&quot;: false,
        &quot;key&quot;: &quot;Customer.Delete&quot;,
        &quot;parentId&quot;: &quot;07b60a01-5846-422c-b1c6-1c7a382dbd0e&quot;,
        &quot;unAuthorizedProps&quot;: {
          &quot;visible&quot;: false,
          &quot;disabled&quot;: false
        },
        &quot;actionName&quot;: &quot;Delete&quot;
      },
      {
        &quot;routePath&quot;: null,
        &quot;iconName&quot;: null,
        &quot;controllerName&quot;: &quot;Warehouse&quot;,
        &quot;name&quot;: &quot;Warehouse Edit&quot;,
        &quot;displayOrder&quot;: 0,
        &quot;description&quot;: null,
        &quot;id&quot;: &quot;8897a642-3ebb-4ed8-a71f-8dbe303509f6&quot;,
        &quot;isMenu&quot;: false,
        &quot;key&quot;: &quot;Warehouse.Edit&quot;,
        &quot;parentId&quot;: &quot;7a99d565-0e98-95af-19bd-814011ea2417&quot;,
        &quot;unAuthorizedProps&quot;: {
          &quot;visible&quot;: false,
          &quot;disabled&quot;: false
        },
        &quot;actionName&quot;: &quot;Edit&quot;
      },
      {
        &quot;routePath&quot;: null,
        &quot;iconName&quot;: null,
        &quot;controllerName&quot;: &quot;MessageTemplate&quot;,
        &quot;name&quot;: &quot;Message Template Create&quot;,
        &quot;displayOrder&quot;: 0,
        &quot;description&quot;: null,
        &quot;id&quot;: &quot;87fde03a-f96f-4317-a8e2-0b2790460da2&quot;,
        &quot;isMenu&quot;: false,
        &quot;key&quot;: &quot;MessageTemplate.Create&quot;,
        &quot;parentId&quot;: &quot;570b7634-2234-498f-939b-440805527121&quot;,
        &quot;unAuthorizedProps&quot;: {
          &quot;visible&quot;: false,
          &quot;disabled&quot;: false
        },
        &quot;actionName&quot;: &quot;Create&quot;
      },
      {
        &quot;routePath&quot;: null,
        &quot;iconName&quot;: null,
        &quot;controllerName&quot;: &quot;ServiceArea&quot;,
        &quot;name&quot;: &quot;ServiceArea Import&quot;,
        &quot;displayOrder&quot;: 0,
        &quot;description&quot;: null,
        &quot;id&quot;: &quot;6652b5a5-e837-4941-9c9c-e6cc2ae53745&quot;,
        &quot;isMenu&quot;: false,
        &quot;key&quot;: &quot;ServiceArea.Import&quot;,
        &quot;parentId&quot;: &quot;6510260c-2670-4f71-96ed-8f12986fb9cf&quot;,
        &quot;unAuthorizedProps&quot;: {
          &quot;visible&quot;: false,
          &quot;disabled&quot;: false
        },
        &quot;actionName&quot;: &quot;Import&quot;
      },
      {
        &quot;routePath&quot;: null,
        &quot;iconName&quot;: null,
        &quot;controllerName&quot;: &quot;LocaleResource&quot;,
        &quot;name&quot;: &quot;LocaleResource Create&quot;,
        &quot;displayOrder&quot;: 0,
        &quot;description&quot;: null,
        &quot;id&quot;: &quot;46f8f313-95b6-4848-9004-c69ec2dc12f4&quot;,
        &quot;isMenu&quot;: false,
        &quot;key&quot;: &quot;LocaleResource.Create&quot;,
        &quot;parentId&quot;: &quot;4c1a6c0d-765c-444a-b7c8-49e99f61d47b&quot;,
        &quot;unAuthorizedProps&quot;: {
          &quot;visible&quot;: false,
          &quot;disabled&quot;: false
        },
        &quot;actionName&quot;: &quot;Create&quot;
      },
      {
        &quot;routePath&quot;: null,
        &quot;iconName&quot;: null,
        &quot;controllerName&quot;: &quot;Customer&quot;,
        &quot;name&quot;: &quot;Customer Create&quot;,
        &quot;displayOrder&quot;: 0,
        &quot;description&quot;: null,
        &quot;id&quot;: &quot;d6fdfd07-b0f1-44ef-898b-22906287c3ef&quot;,
        &quot;isMenu&quot;: false,
        &quot;key&quot;: &quot;Customer.Create&quot;,
        &quot;parentId&quot;: &quot;07b60a01-5846-422c-b1c6-1c7a382dbd0e&quot;,
        &quot;unAuthorizedProps&quot;: {
          &quot;visible&quot;: false,
          &quot;disabled&quot;: false
        },
        &quot;actionName&quot;: &quot;Create&quot;
      },
      {
        &quot;routePath&quot;: null,
        &quot;iconName&quot;: null,
        &quot;controllerName&quot;: &quot;Banner&quot;,
        &quot;name&quot;: &quot;Banner Update Display Order&quot;,
        &quot;displayOrder&quot;: 0,
        &quot;description&quot;: null,
        &quot;id&quot;: &quot;a578fd4b-564e-4d88-87d1-aabbb183a21a&quot;,
        &quot;isMenu&quot;: false,
        &quot;key&quot;: &quot;Banner.UpdateBannerDisplayOrder&quot;,
        &quot;parentId&quot;: &quot;d01dd410-27ab-4ca2-ad2e-06ed18197543&quot;,
        &quot;unAuthorizedProps&quot;: {
          &quot;visible&quot;: false,
          &quot;disabled&quot;: false
        },
        &quot;actionName&quot;: &quot;UpdateBannerDisplayOrder&quot;
      },
      {
        &quot;routePath&quot;: null,
        &quot;iconName&quot;: null,
        &quot;controllerName&quot;: &quot;Address&quot;,
        &quot;name&quot;: &quot;Address Find&quot;,
        &quot;displayOrder&quot;: 0,
        &quot;description&quot;: null,
        &quot;id&quot;: &quot;69cd17c7-88f0-435d-9e1c-e3a178d79e21&quot;,
        &quot;isMenu&quot;: false,
        &quot;key&quot;: &quot;Address.Find&quot;,
        &quot;parentId&quot;: &quot;c3c514ef-1964-4c94-b13a-8bdd83a5b1cb&quot;,
        &quot;unAuthorizedProps&quot;: {
          &quot;visible&quot;: false,
          &quot;disabled&quot;: false
        },
        &quot;actionName&quot;: &quot;Find&quot;
      },
      {
        &quot;routePath&quot;: null,
        &quot;iconName&quot;: &quot;driverApp&quot;,
        &quot;controllerName&quot;: &quot;DriverApp&quot;,
        &quot;name&quot;: &quot;Driver Permissions&quot;,
        &quot;displayOrder&quot;: 0,
        &quot;description&quot;: null,
        &quot;id&quot;: &quot;673cefc5-8638-47b5-9440-8f3fa459f0b1&quot;,
        &quot;isMenu&quot;: false,
        &quot;key&quot;: &quot;DriverApp.Index&quot;,
        &quot;parentId&quot;: null,
        &quot;unAuthorizedProps&quot;: {
          &quot;visible&quot;: false,
          &quot;disabled&quot;: false
        },
        &quot;actionName&quot;: &quot;Index&quot;
      },
      {
        &quot;routePath&quot;: null,
        &quot;iconName&quot;: &quot;RemoteSearchForLocation&quot;,
        &quot;controllerName&quot;: &quot;Product&quot;,
        &quot;name&quot;: &quot;Product RemoteSearchForLocation&quot;,
        &quot;displayOrder&quot;: 0,
        &quot;description&quot;: null,
        &quot;id&quot;: &quot;9c90fc94-df36-4459-9a3b-c01d1f4f2211&quot;,
        &quot;isMenu&quot;: false,
        &quot;key&quot;: &quot;Product.RemoteSearchForLocation&quot;,
        &quot;parentId&quot;: &quot;1858607f-58c2-4c69-8078-f2756c5ca81e&quot;,
        &quot;unAuthorizedProps&quot;: {
          &quot;visible&quot;: false,
          &quot;disabled&quot;: false
        },
        &quot;actionName&quot;: &quot;RemoteSearchForLocation&quot;
      },
      {
        &quot;routePath&quot;: null,
        &quot;iconName&quot;: null,
        &quot;controllerName&quot;: &quot;Order&quot;,
        &quot;name&quot;: &quot;Order Cancel&quot;,
        &quot;displayOrder&quot;: 0,
        &quot;description&quot;: null,
        &quot;id&quot;: &quot;f92b5f11-f8e9-4754-85e0-f5d8666c620f&quot;,
        &quot;isMenu&quot;: false,
        &quot;key&quot;: &quot;Order.Cancel&quot;,
        &quot;parentId&quot;: &quot;872b9f8c-c48d-dfeb-de32-1be0c3c38dbb&quot;,
        &quot;unAuthorizedProps&quot;: {
          &quot;visible&quot;: false,
          &quot;disabled&quot;: false
        },
        &quot;actionName&quot;: &quot;Cancel&quot;
      },
      {
        &quot;routePath&quot;: null,
        &quot;iconName&quot;: null,
        &quot;controllerName&quot;: &quot;Category&quot;,
        &quot;name&quot;: &quot;Category UploadImage&quot;,
        &quot;displayOrder&quot;: 0,
        &quot;description&quot;: null,
        &quot;id&quot;: &quot;ae860d95-cc13-4b86-a535-202aa716c973&quot;,
        &quot;isMenu&quot;: false,
        &quot;key&quot;: &quot;Category.UploadImage&quot;,
        &quot;parentId&quot;: &quot;9bbddb67-d7f2-44d3-8d09-6bd04f8b6f79&quot;,
        &quot;unAuthorizedProps&quot;: {
          &quot;visible&quot;: false,
          &quot;disabled&quot;: false
        },
        &quot;actionName&quot;: &quot;UploadImage&quot;
      },
      {
        &quot;routePath&quot;: null,
        &quot;iconName&quot;: null,
        &quot;controllerName&quot;: &quot;Warehouse&quot;,
        &quot;name&quot;: &quot;Warehouse UpdateWarehouseQuantity&quot;,
        &quot;displayOrder&quot;: 0,
        &quot;description&quot;: null,
        &quot;id&quot;: &quot;95ea9fb5-2548-4bf4-bcad-937757b47ea9&quot;,
        &quot;isMenu&quot;: false,
        &quot;key&quot;: &quot;Warehouse.UpdateWarehouseQuantity&quot;,
        &quot;parentId&quot;: &quot;7a99d565-0e98-95af-19bd-814011ea2417&quot;,
        &quot;unAuthorizedProps&quot;: {
          &quot;visible&quot;: false,
          &quot;disabled&quot;: false
        },
        &quot;actionName&quot;: &quot;UpdateWarehouseQuantity&quot;
      },
      {
        &quot;routePath&quot;: null,
        &quot;iconName&quot;: null,
        &quot;controllerName&quot;: &quot;Warehouse&quot;,
        &quot;name&quot;: &quot;Warehouse Find&quot;,
        &quot;displayOrder&quot;: 0,
        &quot;description&quot;: null,
        &quot;id&quot;: &quot;15cd689d-00ad-40d4-9b1d-7a231ecb323e&quot;,
        &quot;isMenu&quot;: false,
        &quot;key&quot;: &quot;Warehouse.Find&quot;,
        &quot;parentId&quot;: &quot;7a99d565-0e98-95af-19bd-814011ea2417&quot;,
        &quot;unAuthorizedProps&quot;: {
          &quot;visible&quot;: false,
          &quot;disabled&quot;: false
        },
        &quot;actionName&quot;: &quot;Find&quot;
      },
      {
        &quot;routePath&quot;: &quot;inventory&quot;,
        &quot;iconName&quot;: &quot;inventorySVG&quot;,
        &quot;controllerName&quot;: &quot;Inventory&quot;,
        &quot;name&quot;: &quot;Inventory&quot;,
        &quot;displayOrder&quot;: 400,
        &quot;description&quot;: null,
        &quot;id&quot;: &quot;40fdcf04-65b5-4fc0-8e17-ddd1f84b1b0a&quot;,
        &quot;isMenu&quot;: true,
        &quot;key&quot;: &quot;Inventory.Index&quot;,
        &quot;parentId&quot;: null,
        &quot;unAuthorizedProps&quot;: {
          &quot;visible&quot;: false,
          &quot;disabled&quot;: false
        },
        &quot;actionName&quot;: &quot;Index&quot;
      },
      {
        &quot;routePath&quot;: null,
        &quot;iconName&quot;: null,
        &quot;controllerName&quot;: &quot;Customer&quot;,
        &quot;name&quot;: &quot;Customer ListForCouponCode&quot;,
        &quot;displayOrder&quot;: 0,
        &quot;description&quot;: null,
        &quot;id&quot;: &quot;9ace28d6-ab7f-4459-a605-232a0b6d2a77&quot;,
        &quot;isMenu&quot;: false,
        &quot;key&quot;: &quot;Customer.ListForCouponCode&quot;,
        &quot;parentId&quot;: &quot;07b60a01-5846-422c-b1c6-1c7a382dbd0e&quot;,
        &quot;unAuthorizedProps&quot;: {
          &quot;visible&quot;: false,
          &quot;disabled&quot;: false
        },
        &quot;actionName&quot;: &quot;ListForCouponCode&quot;
      },
      {
        &quot;routePath&quot;: null,
        &quot;iconName&quot;: null,
        &quot;controllerName&quot;: &quot;Campaign&quot;,
        &quot;name&quot;: &quot;Campaign Delete&quot;,
        &quot;displayOrder&quot;: 0,
        &quot;description&quot;: null,
        &quot;id&quot;: &quot;fd0189db-b2a0-4e72-ae4f-bfc608a105cc&quot;,
        &quot;isMenu&quot;: false,
        &quot;key&quot;: &quot;Campaign.Delete&quot;,
        &quot;parentId&quot;: &quot;fd2f794b-65fb-4da6-9bdb-835c466e4321&quot;,
        &quot;unAuthorizedProps&quot;: {
          &quot;visible&quot;: false,
          &quot;disabled&quot;: false
        },
        &quot;actionName&quot;: &quot;Delete&quot;
      },
      {
        &quot;routePath&quot;: null,
        &quot;iconName&quot;: &quot;Edit&quot;,
        &quot;controllerName&quot;: &quot;Product&quot;,
        &quot;name&quot;: &quot;Product Edit&quot;,
        &quot;displayOrder&quot;: 0,
        &quot;description&quot;: null,
        &quot;id&quot;: &quot;14e27911-45ec-4d84-8519-6c780671a1d4&quot;,
        &quot;isMenu&quot;: false,
        &quot;key&quot;: &quot;Product.Edit&quot;,
        &quot;parentId&quot;: &quot;1858607f-58c2-4c69-8078-f2756c5ca81e&quot;,
        &quot;unAuthorizedProps&quot;: {
          &quot;visible&quot;: false,
          &quot;disabled&quot;: false
        },
        &quot;actionName&quot;: &quot;Edit&quot;
      },
      {
        &quot;routePath&quot;: null,
        &quot;iconName&quot;: &quot;categorySVG&quot;,
        &quot;controllerName&quot;: &quot;Catalog&quot;,
        &quot;name&quot;: &quot;Catalog&quot;,
        &quot;displayOrder&quot;: 300,
        &quot;description&quot;: null,
        &quot;id&quot;: &quot;8b40e125-ffeb-4cf1-ba4b-0ac72aac09d9&quot;,
        &quot;isMenu&quot;: true,
        &quot;key&quot;: &quot;Catalog.Index&quot;,
        &quot;parentId&quot;: null,
        &quot;unAuthorizedProps&quot;: {
          &quot;visible&quot;: false,
          &quot;disabled&quot;: false
        },
        &quot;actionName&quot;: &quot;Index&quot;
      },
      {
        &quot;routePath&quot;: null,
        &quot;iconName&quot;: null,
        &quot;controllerName&quot;: &quot;Rider&quot;,
        &quot;name&quot;: &quot;List Warehouse&quot;,
        &quot;displayOrder&quot;: 0,
        &quot;description&quot;: null,
        &quot;id&quot;: &quot;b3974f99-cfc1-4eea-a71d-cb2d63fbe23b&quot;,
        &quot;isMenu&quot;: false,
        &quot;key&quot;: &quot;Rider.ListWarehouse&quot;,
        &quot;parentId&quot;: &quot;1b716d9c-2bf6-4a16-9bd1-2214d14b6cc7&quot;,
        &quot;unAuthorizedProps&quot;: {
          &quot;visible&quot;: false,
          &quot;disabled&quot;: false
        },
        &quot;actionName&quot;: &quot;ListWarehouse&quot;
      },
      {
        &quot;routePath&quot;: null,
        &quot;iconName&quot;: null,
        &quot;controllerName&quot;: &quot;ZipCode&quot;,
        &quot;name&quot;: &quot;ZipCode Find&quot;,
        &quot;displayOrder&quot;: 0,
        &quot;description&quot;: null,
        &quot;id&quot;: &quot;6ce0a1fe-663d-4167-9095-41ead097b95d&quot;,
        &quot;isMenu&quot;: false,
        &quot;key&quot;: &quot;ZipCode.Find&quot;,
        &quot;parentId&quot;: &quot;8aa34e38-533b-4ab7-bad7-0eaa7b5dec9c&quot;,
        &quot;unAuthorizedProps&quot;: {
          &quot;visible&quot;: false,
          &quot;disabled&quot;: false
        },
        &quot;actionName&quot;: &quot;Find&quot;
      },
      {
        &quot;routePath&quot;: null,
        &quot;iconName&quot;: null,
        &quot;controllerName&quot;: &quot;Country&quot;,
        &quot;name&quot;: &quot;Country Index&quot;,
        &quot;displayOrder&quot;: 0,
        &quot;description&quot;: null,
        &quot;id&quot;: &quot;9c15db73-badc-4894-ab1b-d8261bac91c2&quot;,
        &quot;isMenu&quot;: false,
        &quot;key&quot;: &quot;Country.Index&quot;,
        &quot;parentId&quot;: null,
        &quot;unAuthorizedProps&quot;: {
          &quot;visible&quot;: false,
          &quot;disabled&quot;: false
        },
        &quot;actionName&quot;: &quot;Index&quot;
      },
      {
        &quot;routePath&quot;: &quot;campaigns&quot;,
        &quot;iconName&quot;: &quot;campaignSVG&quot;,
        &quot;controllerName&quot;: &quot;Campaign&quot;,
        &quot;name&quot;: &quot;Campaigns&quot;,
        &quot;displayOrder&quot;: 200,
        &quot;description&quot;: null,
        &quot;id&quot;: &quot;fd2f794b-65fb-4da6-9bdb-835c466e4321&quot;,
        &quot;isMenu&quot;: true,
        &quot;key&quot;: &quot;Campaign.Index&quot;,
        &quot;parentId&quot;: null,
        &quot;unAuthorizedProps&quot;: {
          &quot;visible&quot;: false,
          &quot;disabled&quot;: false
        },
        &quot;actionName&quot;: &quot;Index&quot;
      },
      {
        &quot;routePath&quot;: &quot;&quot;,
        &quot;iconName&quot;: &quot;resourcesSVG&quot;,
        &quot;controllerName&quot;: &quot;Resource&quot;,
        &quot;name&quot;: &quot;Resources&quot;,
        &quot;displayOrder&quot;: 900,
        &quot;description&quot;: null,
        &quot;id&quot;: &quot;8f4ea0ae-2382-4769-8584-5f2f2b1520c8&quot;,
        &quot;isMenu&quot;: true,
        &quot;key&quot;: &quot;Resource.Index&quot;,
        &quot;parentId&quot;: null,
        &quot;unAuthorizedProps&quot;: {
          &quot;visible&quot;: false,
          &quot;disabled&quot;: false
        },
        &quot;actionName&quot;: &quot;Index&quot;
      },
      {
        &quot;routePath&quot;: null,
        &quot;iconName&quot;: null,
        &quot;controllerName&quot;: &quot;State&quot;,
        &quot;name&quot;: &quot;State Index&quot;,
        &quot;displayOrder&quot;: 0,
        &quot;description&quot;: null,
        &quot;id&quot;: &quot;4842baa6-3b5e-40d1-ba2c-aa896962f8a7&quot;,
        &quot;isMenu&quot;: false,
        &quot;key&quot;: &quot;State.Index&quot;,
        &quot;parentId&quot;: null,
        &quot;unAuthorizedProps&quot;: {
          &quot;visible&quot;: false,
          &quot;disabled&quot;: false
        },
        &quot;actionName&quot;: &quot;Index&quot;
      },
      {
        &quot;routePath&quot;: null,
        &quot;iconName&quot;: null,
        &quot;controllerName&quot;: &quot;Order&quot;,
        &quot;name&quot;: &quot;Order Create&quot;,
        &quot;displayOrder&quot;: 0,
        &quot;description&quot;: null,
        &quot;id&quot;: &quot;5c9d78b5-a896-4f09-81f5-3772241f9c78&quot;,
        &quot;isMenu&quot;: false,
        &quot;key&quot;: &quot;Order.Create&quot;,
        &quot;parentId&quot;: &quot;872b9f8c-c48d-dfeb-de32-1be0c3c38dbb&quot;,
        &quot;unAuthorizedProps&quot;: {
          &quot;visible&quot;: false,
          &quot;disabled&quot;: false
        },
        &quot;actionName&quot;: &quot;Create&quot;
      },
      {
        &quot;routePath&quot;: null,
        &quot;iconName&quot;: &quot;blackListSVG&quot;,
        &quot;controllerName&quot;: &quot;BlackList&quot;,
        &quot;name&quot;: &quot;Black List Delete&quot;,
        &quot;displayOrder&quot;: 0,
        &quot;description&quot;: null,
        &quot;id&quot;: &quot;ac6ae6a5-d189-4a17-b8a0-26fbbc3f6e27&quot;,
        &quot;isMenu&quot;: false,
        &quot;key&quot;: &quot;BlackList.Delete&quot;,
        &quot;parentId&quot;: &quot;d273c43d-77c8-4b88-8d35-9ec20a90bd11&quot;,
        &quot;unAuthorizedProps&quot;: {
          &quot;visible&quot;: false,
          &quot;disabled&quot;: false
        },
        &quot;actionName&quot;: &quot;Delete&quot;
      },
      {
        &quot;routePath&quot;: null,
        &quot;iconName&quot;: null,
        &quot;controllerName&quot;: &quot;Role&quot;,
        &quot;name&quot;: &quot;Role Find&quot;,
        &quot;displayOrder&quot;: 0,
        &quot;description&quot;: null,
        &quot;id&quot;: &quot;93ff5806-4453-44a3-bc9b-557783976d40&quot;,
        &quot;isMenu&quot;: false,
        &quot;key&quot;: &quot;Role.Find&quot;,
        &quot;parentId&quot;: &quot;e98d2f21-52f8-41cb-9b3f-fe979b5f0578&quot;,
        &quot;unAuthorizedProps&quot;: {
          &quot;visible&quot;: false,
          &quot;disabled&quot;: false
        },
        &quot;actionName&quot;: &quot;Find&quot;
      },
      {
        &quot;routePath&quot;: null,
        &quot;iconName&quot;: &quot;RemoteSearchForSubCategories&quot;,
        &quot;controllerName&quot;: &quot;Category&quot;,
        &quot;name&quot;: &quot;Category RemoteSearchForSubCategories&quot;,
        &quot;displayOrder&quot;: 0,
        &quot;description&quot;: null,
        &quot;id&quot;: &quot;6db1a08e-e179-4c17-9191-fa48c4e91f43&quot;,
        &quot;isMenu&quot;: false,
        &quot;key&quot;: &quot;Category.RemoteSearchForSubCategories&quot;,
        &quot;parentId&quot;: &quot;501d66f1-cdeb-4f10-85d2-6e00d60e36c9&quot;,
        &quot;unAuthorizedProps&quot;: {
          &quot;visible&quot;: false,
          &quot;disabled&quot;: false
        },
        &quot;actionName&quot;: &quot;RemoteSearchForSubCategories&quot;
      },
      {
        &quot;routePath&quot;: null,
        &quot;iconName&quot;: null,
        &quot;controllerName&quot;: &quot;Warehouse&quot;,
        &quot;name&quot;: &quot;Warehouse ImportWarehouseStock&quot;,
        &quot;displayOrder&quot;: 0,
        &quot;description&quot;: null,
        &quot;id&quot;: &quot;32b123d7-64e0-437b-85ee-e231221123c4&quot;,
        &quot;isMenu&quot;: false,
        &quot;key&quot;: &quot;Warehouse.ImportWarehouseStock&quot;,
        &quot;parentId&quot;: &quot;7a99d565-0e98-95af-19bd-814011ea2417&quot;,
        &quot;unAuthorizedProps&quot;: {
          &quot;visible&quot;: false,
          &quot;disabled&quot;: false
        },
        &quot;actionName&quot;: &quot;ImportWarehouseStock&quot;
      },
      {
        &quot;routePath&quot;: &quot;&quot;,
        &quot;iconName&quot;: &quot;&quot;,
        &quot;controllerName&quot;: &quot;Category&quot;,
        &quot;name&quot;: &quot;Category DeleteImage&quot;,
        &quot;displayOrder&quot;: 0,
        &quot;description&quot;: &quot;&quot;,
        &quot;id&quot;: &quot;abfccc7e-7b90-4102-a774-6064c670950a&quot;,
        &quot;isMenu&quot;: false,
        &quot;key&quot;: &quot;Category.DeleteImage&quot;,
        &quot;parentId&quot;: &quot;9bbddb67-d7f2-44d3-8d09-6bd04f8b6f79&quot;,
        &quot;unAuthorizedProps&quot;: {
          &quot;visible&quot;: false,
          &quot;disabled&quot;: false
        },
        &quot;actionName&quot;: &quot;DeleteImage&quot;
      },
      {
        &quot;routePath&quot;: null,
        &quot;iconName&quot;: null,
        &quot;controllerName&quot;: &quot;Role&quot;,
        &quot;name&quot;: &quot;Role Edit&quot;,
        &quot;displayOrder&quot;: 0,
        &quot;description&quot;: null,
        &quot;id&quot;: &quot;e659fa87-caf3-44e3-b5c2-1e0a78323f20&quot;,
        &quot;isMenu&quot;: false,
        &quot;key&quot;: &quot;Role.Edit&quot;,
        &quot;parentId&quot;: &quot;e98d2f21-52f8-41cb-9b3f-fe979b5f0578&quot;,
        &quot;unAuthorizedProps&quot;: {
          &quot;visible&quot;: false,
          &quot;disabled&quot;: false
        },
        &quot;actionName&quot;: &quot;Edit&quot;
      },
      {
        &quot;routePath&quot;: null,
        &quot;iconName&quot;: null,
        &quot;controllerName&quot;: &quot;Banner&quot;,
        &quot;name&quot;: &quot;Banner Delete&quot;,
        &quot;displayOrder&quot;: 0,
        &quot;description&quot;: null,
        &quot;id&quot;: &quot;21357ea8-c21e-4c43-846a-714dc3de69b2&quot;,
        &quot;isMenu&quot;: false,
        &quot;key&quot;: &quot;Banner.Delete&quot;,
        &quot;parentId&quot;: &quot;d01dd410-27ab-4ca2-ad2e-06ed18197543&quot;,
        &quot;unAuthorizedProps&quot;: {
          &quot;visible&quot;: false,
          &quot;disabled&quot;: false
        },
        &quot;actionName&quot;: &quot;Delete&quot;
      },
      {
        &quot;routePath&quot;: &quot;message-templates&quot;,
        &quot;iconName&quot;: &quot;messageSVG&quot;,
        &quot;controllerName&quot;: &quot;MessageTemplate&quot;,
        &quot;name&quot;: &quot;Message Templates&quot;,
        &quot;displayOrder&quot;: 0,
        &quot;description&quot;: null,
        &quot;id&quot;: &quot;570b7634-2234-498f-939b-440805527121&quot;,
        &quot;isMenu&quot;: true,
        &quot;key&quot;: &quot;MessageTemplate.Index&quot;,
        &quot;parentId&quot;: &quot;8f4ea0ae-2382-4769-8584-5f2f2b1520c8&quot;,
        &quot;unAuthorizedProps&quot;: {
          &quot;visible&quot;: false,
          &quot;disabled&quot;: false
        },
        &quot;actionName&quot;: &quot;Index&quot;
      },
      {
        &quot;routePath&quot;: null,
        &quot;iconName&quot;: null,
        &quot;controllerName&quot;: &quot;Banner&quot;,
        &quot;name&quot;: &quot;Banner Find&quot;,
        &quot;displayOrder&quot;: 0,
        &quot;description&quot;: null,
        &quot;id&quot;: &quot;d251bc51-e2ad-4581-a0f3-30fa44141403&quot;,
        &quot;isMenu&quot;: false,
        &quot;key&quot;: &quot;Banner.Find&quot;,
        &quot;parentId&quot;: &quot;d01dd410-27ab-4ca2-ad2e-06ed18197543&quot;,
        &quot;unAuthorizedProps&quot;: {
          &quot;visible&quot;: false,
          &quot;disabled&quot;: false
        },
        &quot;actionName&quot;: &quot;Find&quot;
      },
      {
        &quot;routePath&quot;: null,
        &quot;iconName&quot;: null,
        &quot;controllerName&quot;: &quot;Region&quot;,
        &quot;name&quot;: &quot;Region&quot;,
        &quot;displayOrder&quot;: 0,
        &quot;description&quot;: null,
        &quot;id&quot;: &quot;ea3629e8-4946-4c94-831b-445ff5e05927&quot;,
        &quot;isMenu&quot;: false,
        &quot;key&quot;: &quot;Region.Delete&quot;,
        &quot;parentId&quot;: &quot;636ed702-38d2-4f20-967d-54564a31315f&quot;,
        &quot;unAuthorizedProps&quot;: {
          &quot;visible&quot;: false,
          &quot;disabled&quot;: false
        },
        &quot;actionName&quot;: &quot;Delete&quot;
      },
      {
        &quot;routePath&quot;: &quot;riders&quot;,
        &quot;iconName&quot;: &quot;riderSVG&quot;,
        &quot;controllerName&quot;: &quot;Rider&quot;,
        &quot;name&quot;: &quot;Driver&quot;,
        &quot;displayOrder&quot;: 620,
        &quot;description&quot;: null,
        &quot;id&quot;: &quot;1b716d9c-2bf6-4a16-9bd1-2214d14b6cc7&quot;,
        &quot;isMenu&quot;: true,
        &quot;key&quot;: &quot;Rider.Index&quot;,
        &quot;parentId&quot;: &quot;8b04f24a-f777-5455-9d4b-5d32257d3d62&quot;,
        &quot;unAuthorizedProps&quot;: {
          &quot;visible&quot;: false,
          &quot;disabled&quot;: false
        },
        &quot;actionName&quot;: &quot;Index&quot;
      },
      {
        &quot;routePath&quot;: &quot;permissions&quot;,
        &quot;iconName&quot;: &quot;permissionSVG&quot;,
        &quot;controllerName&quot;: &quot;Permission&quot;,
        &quot;name&quot;: &quot;Permissions&quot;,
        &quot;displayOrder&quot;: 640,
        &quot;description&quot;: null,
        &quot;id&quot;: &quot;213aad81-551b-49f7-9d15-f11f5b9e7e88&quot;,
        &quot;isMenu&quot;: true,
        &quot;key&quot;: &quot;Permission.Index&quot;,
        &quot;parentId&quot;: &quot;8b04f24a-f777-5455-9d4b-5d32257d3d62&quot;,
        &quot;unAuthorizedProps&quot;: {
          &quot;visible&quot;: false,
          &quot;disabled&quot;: false
        },
        &quot;actionName&quot;: &quot;Index&quot;
      },
      {
        &quot;routePath&quot;: null,
        &quot;iconName&quot;: null,
        &quot;controllerName&quot;: &quot;County&quot;,
        &quot;name&quot;: &quot;County Edit&quot;,
        &quot;displayOrder&quot;: 0,
        &quot;description&quot;: null,
        &quot;id&quot;: &quot;ba784849-f3ea-4d98-8dc8-194743397b68&quot;,
        &quot;isMenu&quot;: false,
        &quot;key&quot;: &quot;County.Edit&quot;,
        &quot;parentId&quot;: &quot;28a7ee86-bfd8-408f-97d3-82a96e1cbcc6&quot;,
        &quot;unAuthorizedProps&quot;: {
          &quot;visible&quot;: false,
          &quot;disabled&quot;: false
        },
        &quot;actionName&quot;: &quot;Edit&quot;
      },
      {
        &quot;routePath&quot;: null,
        &quot;iconName&quot;: null,
        &quot;controllerName&quot;: &quot;ZipCode&quot;,
        &quot;name&quot;: &quot;ZipCode List&quot;,
        &quot;displayOrder&quot;: 0,
        &quot;description&quot;: null,
        &quot;id&quot;: &quot;48ed0371-cd67-4620-b3d7-8c71e947c93f&quot;,
        &quot;isMenu&quot;: false,
        &quot;key&quot;: &quot;ZipCode.List&quot;,
        &quot;parentId&quot;: &quot;8aa34e38-533b-4ab7-bad7-0eaa7b5dec9c&quot;,
        &quot;unAuthorizedProps&quot;: {
          &quot;visible&quot;: false,
          &quot;disabled&quot;: false
        },
        &quot;actionName&quot;: &quot;List&quot;
      },
      {
        &quot;routePath&quot;: null,
        &quot;iconName&quot;: null,
        &quot;controllerName&quot;: &quot;Role&quot;,
        &quot;name&quot;: &quot;Role Delete&quot;,
        &quot;displayOrder&quot;: 0,
        &quot;description&quot;: null,
        &quot;id&quot;: &quot;72327532-7e7b-443e-8f6c-1af60992346e&quot;,
        &quot;isMenu&quot;: false,
        &quot;key&quot;: &quot;Role.Delete&quot;,
        &quot;parentId&quot;: &quot;e98d2f21-52f8-41cb-9b3f-fe979b5f0578&quot;,
        &quot;unAuthorizedProps&quot;: {
          &quot;visible&quot;: false,
          &quot;disabled&quot;: false
        },
        &quot;actionName&quot;: &quot;Delete&quot;
      },
      {
        &quot;routePath&quot;: null,
        &quot;iconName&quot;: null,
        &quot;controllerName&quot;: &quot;County&quot;,
        &quot;name&quot;: &quot;County List&quot;,
        &quot;displayOrder&quot;: 0,
        &quot;description&quot;: null,
        &quot;id&quot;: &quot;b585755d-7f4f-43b0-8d1e-f2d807abcec4&quot;,
        &quot;isMenu&quot;: false,
        &quot;key&quot;: &quot;County.List&quot;,
        &quot;parentId&quot;: &quot;28a7ee86-bfd8-408f-97d3-82a96e1cbcc6&quot;,
        &quot;unAuthorizedProps&quot;: {
          &quot;visible&quot;: false,
          &quot;disabled&quot;: false
        },
        &quot;actionName&quot;: &quot;List&quot;
      },
      {
        &quot;routePath&quot;: null,
        &quot;iconName&quot;: null,
        &quot;controllerName&quot;: &quot;State&quot;,
        &quot;name&quot;: &quot;State List&quot;,
        &quot;displayOrder&quot;: 0,
        &quot;description&quot;: null,
        &quot;id&quot;: &quot;b3223f02-9caa-4de6-9340-052b6c64b670&quot;,
        &quot;isMenu&quot;: false,
        &quot;key&quot;: &quot;State.List&quot;,
        &quot;parentId&quot;: &quot;4842baa6-3b5e-40d1-ba2c-aa896962f8a7&quot;,
        &quot;unAuthorizedProps&quot;: {
          &quot;visible&quot;: false,
          &quot;disabled&quot;: false
        },
        &quot;actionName&quot;: &quot;List&quot;
      },
      {
        &quot;routePath&quot;: &quot;orders&quot;,
        &quot;iconName&quot;: &quot;ordersSVG&quot;,
        &quot;controllerName&quot;: &quot;Order&quot;,
        &quot;name&quot;: &quot;Status Count&quot;,
        &quot;displayOrder&quot;: 0,
        &quot;description&quot;: null,
        &quot;id&quot;: &quot;cebe4f6e-97cb-4744-be13-802d6ec99207&quot;,
        &quot;isMenu&quot;: false,
        &quot;key&quot;: &quot;Order.OrderStatusCount&quot;,
        &quot;parentId&quot;: &quot;872b9f8c-c48d-dfeb-de32-1be0c3c38dbb&quot;,
        &quot;unAuthorizedProps&quot;: {
          &quot;visible&quot;: false,
          &quot;disabled&quot;: false
        },
        &quot;actionName&quot;: &quot;OrderStatusCount&quot;
      },
      {
        &quot;routePath&quot;: null,
        &quot;iconName&quot;: null,
        &quot;controllerName&quot;: &quot;Region&quot;,
        &quot;name&quot;: &quot;Region Index&quot;,
        &quot;displayOrder&quot;: 0,
        &quot;description&quot;: null,
        &quot;id&quot;: &quot;636ed702-38d2-4f20-967d-54564a31315f&quot;,
        &quot;isMenu&quot;: false,
        &quot;key&quot;: &quot;Region.Index&quot;,
        &quot;parentId&quot;: null,
        &quot;unAuthorizedProps&quot;: {
          &quot;visible&quot;: false,
          &quot;disabled&quot;: false
        },
        &quot;actionName&quot;: &quot;Index&quot;
      },
      {
        &quot;routePath&quot;: null,
        &quot;iconName&quot;: null,
        &quot;controllerName&quot;: &quot;Region&quot;,
        &quot;name&quot;: &quot;Region List&quot;,
        &quot;displayOrder&quot;: 0,
        &quot;description&quot;: null,
        &quot;id&quot;: &quot;9c05f19c-13b9-498e-aacb-e3c0f3e1d478&quot;,
        &quot;isMenu&quot;: false,
        &quot;key&quot;: &quot;Region.List&quot;,
        &quot;parentId&quot;: &quot;636ed702-38d2-4f20-967d-54564a31315f&quot;,
        &quot;unAuthorizedProps&quot;: {
          &quot;visible&quot;: false,
          &quot;disabled&quot;: false
        },
        &quot;actionName&quot;: &quot;List&quot;
      },
      {
        &quot;routePath&quot;: &quot;banners&quot;,
        &quot;iconName&quot;: &quot;bannerSVG&quot;,
        &quot;controllerName&quot;: &quot;Banner&quot;,
        &quot;name&quot;: &quot;Banner&quot;,
        &quot;displayOrder&quot;: 920,
        &quot;description&quot;: null,
        &quot;id&quot;: &quot;d01dd410-27ab-4ca2-ad2e-06ed18197543&quot;,
        &quot;isMenu&quot;: true,
        &quot;key&quot;: &quot;Banner.Index&quot;,
        &quot;parentId&quot;: &quot;8f4ea0ae-2382-4769-8584-5f2f2b1520c8&quot;,
        &quot;unAuthorizedProps&quot;: {
          &quot;visible&quot;: false,
          &quot;disabled&quot;: false
        },
        &quot;actionName&quot;: &quot;Index&quot;
      },
      {
        &quot;routePath&quot;: null,
        &quot;iconName&quot;: null,
        &quot;controllerName&quot;: &quot;MessageTemplate&quot;,
        &quot;name&quot;: &quot;Message Template Find&quot;,
        &quot;displayOrder&quot;: 0,
        &quot;description&quot;: null,
        &quot;id&quot;: &quot;c4cda510-6ac9-41c7-ae6e-74e42b8672b2&quot;,
        &quot;isMenu&quot;: false,
        &quot;key&quot;: &quot;MessageTemplate.Find&quot;,
        &quot;parentId&quot;: &quot;570b7634-2234-498f-939b-440805527121&quot;,
        &quot;unAuthorizedProps&quot;: {
          &quot;visible&quot;: false,
          &quot;disabled&quot;: false
        },
        &quot;actionName&quot;: &quot;Find&quot;
      },
      {
        &quot;routePath&quot;: null,
        &quot;iconName&quot;: null,
        &quot;controllerName&quot;: &quot;Address&quot;,
        &quot;name&quot;: &quot;Address Delete&quot;,
        &quot;displayOrder&quot;: 0,
        &quot;description&quot;: null,
        &quot;id&quot;: &quot;fbfbd05c-64df-4fd5-b4b1-8ae1d6d0ab09&quot;,
        &quot;isMenu&quot;: false,
        &quot;key&quot;: &quot;Address.Delete&quot;,
        &quot;parentId&quot;: &quot;c3c514ef-1964-4c94-b13a-8bdd83a5b1cb&quot;,
        &quot;unAuthorizedProps&quot;: {
          &quot;visible&quot;: false,
          &quot;disabled&quot;: false
        },
        &quot;actionName&quot;: &quot;Delete&quot;
      },
      {
        &quot;routePath&quot;: null,
        &quot;iconName&quot;: null,
        &quot;controllerName&quot;: &quot;CouponCode&quot;,
        &quot;name&quot;: &quot;CouponCode&quot;,
        &quot;displayOrder&quot;: 0,
        &quot;description&quot;: null,
        &quot;id&quot;: &quot;b9a73bf9-fbb5-4c88-92c2-f307b6441d6a&quot;,
        &quot;isMenu&quot;: false,
        &quot;key&quot;: &quot;CouponCode.Find&quot;,
        &quot;parentId&quot;: &quot;5aaef586-e311-4265-a241-6eb9758d6541&quot;,
        &quot;unAuthorizedProps&quot;: {
          &quot;visible&quot;: false,
          &quot;disabled&quot;: false
        },
        &quot;actionName&quot;: &quot;Find&quot;
      },
      {
        &quot;routePath&quot;: null,
        &quot;iconName&quot;: null,
        &quot;controllerName&quot;: &quot;Admin&quot;,
        &quot;name&quot;: &quot;Admin Access&quot;,
        &quot;displayOrder&quot;: 0,
        &quot;description&quot;: null,
        &quot;id&quot;: &quot;3e00e509-1d51-489b-b91a-55fe8f3c6edb&quot;,
        &quot;isMenu&quot;: false,
        &quot;key&quot;: &quot;Admin.Access&quot;,
        &quot;parentId&quot;: null,
        &quot;unAuthorizedProps&quot;: {
          &quot;visible&quot;: false,
          &quot;disabled&quot;: false
        },
        &quot;actionName&quot;: &quot;Access&quot;
      },
      {
        &quot;routePath&quot;: null,
        &quot;iconName&quot;: null,
        &quot;controllerName&quot;: &quot;Campaign&quot;,
        &quot;name&quot;: &quot;Campaign Edit&quot;,
        &quot;displayOrder&quot;: 0,
        &quot;description&quot;: null,
        &quot;id&quot;: &quot;dc1d5cc3-524b-4eaa-9a9f-ee84215e1861&quot;,
        &quot;isMenu&quot;: false,
        &quot;key&quot;: &quot;Campaign.Edit&quot;,
        &quot;parentId&quot;: &quot;fd2f794b-65fb-4da6-9bdb-835c466e4321&quot;,
        &quot;unAuthorizedProps&quot;: {
          &quot;visible&quot;: false,
          &quot;disabled&quot;: false
        },
        &quot;actionName&quot;: &quot;Edit&quot;
      },
      {
        &quot;routePath&quot;: null,
        &quot;iconName&quot;: null,
        &quot;controllerName&quot;: &quot;Category&quot;,
        &quot;name&quot;: &quot;Category Delete&quot;,
        &quot;displayOrder&quot;: 0,
        &quot;description&quot;: null,
        &quot;id&quot;: &quot;b83891f7-ad63-4ffc-8ce2-54f1fe6c2655&quot;,
        &quot;isMenu&quot;: false,
        &quot;key&quot;: &quot;Category.Delete&quot;,
        &quot;parentId&quot;: &quot;9bbddb67-d7f2-44d3-8d09-6bd04f8b6f79&quot;,
        &quot;unAuthorizedProps&quot;: {
          &quot;visible&quot;: false,
          &quot;disabled&quot;: false
        },
        &quot;actionName&quot;: &quot;Delete&quot;
      },
      {
        &quot;routePath&quot;: &quot;order-history&quot;,
        &quot;iconName&quot;: &quot;orderHistorySVG&quot;,
        &quot;controllerName&quot;: &quot;Order&quot;,
        &quot;name&quot;: &quot;Order History&quot;,
        &quot;displayOrder&quot;: 110,
        &quot;description&quot;: null,
        &quot;id&quot;: &quot;14cbd334-6cd3-42b3-9b65-6bbeff98691f&quot;,
        &quot;isMenu&quot;: true,
        &quot;key&quot;: &quot;Order.History&quot;,
        &quot;parentId&quot;: &quot;872b9f8c-c48d-dfeb-de32-1be0c3c38dbb&quot;,
        &quot;unAuthorizedProps&quot;: {
          &quot;visible&quot;: false,
          &quot;disabled&quot;: false
        },
        &quot;actionName&quot;: &quot;History&quot;
      },
      {
        &quot;routePath&quot;: null,
        &quot;iconName&quot;: &quot;GetWarehousesByProductQuantities&quot;,
        &quot;controllerName&quot;: &quot;Warehouse&quot;,
        &quot;name&quot;: &quot;Warehouse GetWarehousesByProductQuantities&quot;,
        &quot;displayOrder&quot;: 0,
        &quot;description&quot;: null,
        &quot;id&quot;: &quot;03c0e9ba-00e5-4526-bed3-8b92b5ed5b00&quot;,
        &quot;isMenu&quot;: false,
        &quot;key&quot;: &quot;Warehouse.GetWarehousesByProductQuantities&quot;,
        &quot;parentId&quot;: &quot;7a99d565-0e98-95af-19bd-814011ea2417&quot;,
        &quot;unAuthorizedProps&quot;: {
          &quot;visible&quot;: false,
          &quot;disabled&quot;: false
        },
        &quot;actionName&quot;: &quot;GetWarehousesByProductQuantities&quot;
      },
      {
        &quot;routePath&quot;: null,
        &quot;iconName&quot;: null,
        &quot;controllerName&quot;: &quot;Customer&quot;,
        &quot;name&quot;: &quot;Customer Edit&quot;,
        &quot;displayOrder&quot;: 0,
        &quot;description&quot;: null,
        &quot;id&quot;: &quot;16ec7648-8864-46c1-81f8-45ca74b6d400&quot;,
        &quot;isMenu&quot;: false,
        &quot;key&quot;: &quot;Customer.Edit&quot;,
        &quot;parentId&quot;: &quot;07b60a01-5846-422c-b1c6-1c7a382dbd0e&quot;,
        &quot;unAuthorizedProps&quot;: {
          &quot;visible&quot;: false,
          &quot;disabled&quot;: false
        },
        &quot;actionName&quot;: &quot;Edit&quot;
      },
      {
        &quot;routePath&quot;: null,
        &quot;iconName&quot;: null,
        &quot;controllerName&quot;: &quot;Customer&quot;,
        &quot;name&quot;: &quot;Customer ExportForFilter&quot;,
        &quot;displayOrder&quot;: 0,
        &quot;description&quot;: null,
        &quot;id&quot;: &quot;d035c702-e74b-4f21-a90f-0e5eab19b6ed&quot;,
        &quot;isMenu&quot;: false,
        &quot;key&quot;: &quot;Customer.ExportForFilter&quot;,
        &quot;parentId&quot;: &quot;07b60a01-5846-422c-b1c6-1c7a382dbd0e&quot;,
        &quot;unAuthorizedProps&quot;: {
          &quot;visible&quot;: false,
          &quot;disabled&quot;: false
        },
        &quot;actionName&quot;: &quot;ExportForFilter&quot;
      },
      {
        &quot;routePath&quot;: null,
        &quot;iconName&quot;: &quot;UpdateIsShowOutOfStock&quot;,
        &quot;controllerName&quot;: &quot;Product&quot;,
        &quot;name&quot;: &quot;Product UpdateIsShowOutOfStock&quot;,
        &quot;displayOrder&quot;: 0,
        &quot;description&quot;: null,
        &quot;id&quot;: &quot;3b089d65-e726-4606-9e48-0fade407b41a&quot;,
        &quot;isMenu&quot;: false,
        &quot;key&quot;: &quot;Product.UpdateIsShowOutOfStock&quot;,
        &quot;parentId&quot;: &quot;1858607f-58c2-4c69-8078-f2756c5ca81e&quot;,
        &quot;unAuthorizedProps&quot;: {
          &quot;visible&quot;: false,
          &quot;disabled&quot;: false
        },
        &quot;actionName&quot;: &quot;UpdateIsShowOutOfStock&quot;
      },
      {
        &quot;routePath&quot;: null,
        &quot;iconName&quot;: null,
        &quot;controllerName&quot;: &quot;Category&quot;,
        &quot;name&quot;: &quot;Category List&quot;,
        &quot;displayOrder&quot;: 0,
        &quot;description&quot;: null,
        &quot;id&quot;: &quot;60efba66-4656-4db1-bbc9-9192afaadc42&quot;,
        &quot;isMenu&quot;: false,
        &quot;key&quot;: &quot;Category.List&quot;,
        &quot;parentId&quot;: &quot;9bbddb67-d7f2-44d3-8d09-6bd04f8b6f79&quot;,
        &quot;unAuthorizedProps&quot;: {
          &quot;visible&quot;: false,
          &quot;disabled&quot;: false
        },
        &quot;actionName&quot;: &quot;List&quot;
      },
      {
        &quot;routePath&quot;: null,
        &quot;iconName&quot;: &quot;SendOrderReceipt&quot;,
        &quot;controllerName&quot;: &quot;Order&quot;,
        &quot;name&quot;: &quot;Order SendOrderReceipt&quot;,
        &quot;displayOrder&quot;: 0,
        &quot;description&quot;: null,
        &quot;id&quot;: &quot;61f6a2b2-3170-45fd-b952-763ab434e8cb&quot;,
        &quot;isMenu&quot;: false,
        &quot;key&quot;: &quot;Order.SendOrderReceipt&quot;,
        &quot;parentId&quot;: &quot;6fa1df30-c04b-4bef-a1d1-a67c2748e0b4&quot;,
        &quot;unAuthorizedProps&quot;: {
          &quot;visible&quot;: false,
          &quot;disabled&quot;: false
        },
        &quot;actionName&quot;: &quot;SendOrderReceipt&quot;
      },
      {
        &quot;routePath&quot;: null,
        &quot;iconName&quot;: null,
        &quot;controllerName&quot;: &quot;ServiceArea&quot;,
        &quot;name&quot;: &quot;ServiceArea Index&quot;,
        &quot;displayOrder&quot;: 0,
        &quot;description&quot;: null,
        &quot;id&quot;: &quot;6510260c-2670-4f71-96ed-8f12986fb9cf&quot;,
        &quot;isMenu&quot;: false,
        &quot;key&quot;: &quot;ServiceArea.Index&quot;,
        &quot;parentId&quot;: null,
        &quot;unAuthorizedProps&quot;: {
          &quot;visible&quot;: false,
          &quot;disabled&quot;: false
        },
        &quot;actionName&quot;: &quot;Index&quot;
      },
      {
        &quot;routePath&quot;: null,
        &quot;iconName&quot;: null,
        &quot;controllerName&quot;: &quot;Order&quot;,
        &quot;name&quot;: &quot;Order ExportForFilter&quot;,
        &quot;displayOrder&quot;: 0,
        &quot;description&quot;: null,
        &quot;id&quot;: &quot;1f7586e6-8ed7-4d27-bbab-05b597a942f3&quot;,
        &quot;isMenu&quot;: false,
        &quot;key&quot;: &quot;Order.ExportForFilter&quot;,
        &quot;parentId&quot;: &quot;872b9f8c-c48d-dfeb-de32-1be0c3c38dbb&quot;,
        &quot;unAuthorizedProps&quot;: {
          &quot;visible&quot;: false,
          &quot;disabled&quot;: false
        },
        &quot;actionName&quot;: &quot;ExportForFilter&quot;
      },
      {
        &quot;routePath&quot;: null,
        &quot;iconName&quot;: &quot;delete&quot;,
        &quot;controllerName&quot;: &quot;ProductMedia&quot;,
        &quot;name&quot;: &quot;ProductMedia Delete&quot;,
        &quot;displayOrder&quot;: 0,
        &quot;description&quot;: null,
        &quot;id&quot;: &quot;f95ffe40-8464-4dd7-997a-1e5f0e4ccc4a&quot;,
        &quot;isMenu&quot;: false,
        &quot;key&quot;: &quot;ProductMedia.Delete&quot;,
        &quot;parentId&quot;: &quot;1858607f-58c2-4c69-8078-f2756c5ca81e&quot;,
        &quot;unAuthorizedProps&quot;: {
          &quot;visible&quot;: false,
          &quot;disabled&quot;: false
        },
        &quot;actionName&quot;: &quot;Delete&quot;
      },
      {
        &quot;routePath&quot;: null,
        &quot;iconName&quot;: &quot;auditSVG&quot;,
        &quot;controllerName&quot;: &quot;Audit&quot;,
        &quot;name&quot;: &quot;Audit Find&quot;,
        &quot;displayOrder&quot;: 100000,
        &quot;description&quot;: null,
        &quot;id&quot;: &quot;0817b3ef-fe5a-4be2-b10b-cd008314489e&quot;,
        &quot;isMenu&quot;: false,
        &quot;key&quot;: &quot;Audit.Find&quot;,
        &quot;parentId&quot;: &quot;76070de9-f4f5-4096-aa99-2d2bac586b44&quot;,
        &quot;unAuthorizedProps&quot;: {
          &quot;visible&quot;: false,
          &quot;disabled&quot;: false
        },
        &quot;actionName&quot;: &quot;Find&quot;
      },
      {
        &quot;routePath&quot;: null,
        &quot;iconName&quot;: null,
        &quot;controllerName&quot;: &quot;Region&quot;,
        &quot;name&quot;: &quot;Region Edit&quot;,
        &quot;displayOrder&quot;: 0,
        &quot;description&quot;: null,
        &quot;id&quot;: &quot;dab192e4-1dbc-4537-964c-b9bcf9c0e94c&quot;,
        &quot;isMenu&quot;: false,
        &quot;key&quot;: &quot;Region.Edit&quot;,
        &quot;parentId&quot;: &quot;636ed702-38d2-4f20-967d-54564a31315f&quot;,
        &quot;unAuthorizedProps&quot;: {
          &quot;visible&quot;: false,
          &quot;disabled&quot;: false
        },
        &quot;actionName&quot;: &quot;Edit&quot;
      },
      {
        &quot;routePath&quot;: null,
        &quot;iconName&quot;: null,
        &quot;controllerName&quot;: &quot;ZipCode&quot;,
        &quot;name&quot;: &quot;ZipCode Create&quot;,
        &quot;displayOrder&quot;: 0,
        &quot;description&quot;: null,
        &quot;id&quot;: &quot;a402206e-61d3-4fca-9008-34013f50378e&quot;,
        &quot;isMenu&quot;: false,
        &quot;key&quot;: &quot;ZipCode.Create&quot;,
        &quot;parentId&quot;: &quot;8aa34e38-533b-4ab7-bad7-0eaa7b5dec9c&quot;,
        &quot;unAuthorizedProps&quot;: {
          &quot;visible&quot;: false,
          &quot;disabled&quot;: false
        },
        &quot;actionName&quot;: &quot;Create&quot;
      },
      {
        &quot;routePath&quot;: null,
        &quot;iconName&quot;: null,
        &quot;controllerName&quot;: &quot;Role&quot;,
        &quot;name&quot;: &quot;Role AssignPermission&quot;,
        &quot;displayOrder&quot;: 0,
        &quot;description&quot;: null,
        &quot;id&quot;: &quot;059c1d80-0fbe-4e73-abc8-3e20a3ee2901&quot;,
        &quot;isMenu&quot;: false,
        &quot;key&quot;: &quot;Role.AssignPermission&quot;,
        &quot;parentId&quot;: &quot;e98d2f21-52f8-41cb-9b3f-fe979b5f0578&quot;,
        &quot;unAuthorizedProps&quot;: {
          &quot;visible&quot;: false,
          &quot;disabled&quot;: false
        },
        &quot;actionName&quot;: &quot;AssignPermission&quot;
      },
      {
        &quot;routePath&quot;: null,
        &quot;iconName&quot;: null,
        &quot;controllerName&quot;: &quot;Category&quot;,
        &quot;name&quot;: &quot;Category Find&quot;,
        &quot;displayOrder&quot;: 0,
        &quot;description&quot;: null,
        &quot;id&quot;: &quot;9d76a667-e500-4b4e-861b-25b97c953dd9&quot;,
        &quot;isMenu&quot;: false,
        &quot;key&quot;: &quot;Category.Find&quot;,
        &quot;parentId&quot;: &quot;9bbddb67-d7f2-44d3-8d09-6bd04f8b6f79&quot;,
        &quot;unAuthorizedProps&quot;: {
          &quot;visible&quot;: false,
          &quot;disabled&quot;: false
        },
        &quot;actionName&quot;: &quot;Find&quot;
      },
      {
        &quot;routePath&quot;: null,
        &quot;iconName&quot;: null,
        &quot;controllerName&quot;: &quot;Employee&quot;,
        &quot;name&quot;: &quot;Employee Find&quot;,
        &quot;displayOrder&quot;: 0,
        &quot;description&quot;: null,
        &quot;id&quot;: &quot;329395f5-2a4f-412c-bfa4-ba7e3d40d4b3&quot;,
        &quot;isMenu&quot;: false,
        &quot;key&quot;: &quot;Employee.Find&quot;,
        &quot;parentId&quot;: &quot;e4a8e904-698e-4596-92c3-b40206b19179&quot;,
        &quot;unAuthorizedProps&quot;: {
          &quot;visible&quot;: false,
          &quot;disabled&quot;: false
        },
        &quot;actionName&quot;: &quot;Find&quot;
      },
      {
        &quot;routePath&quot;: null,
        &quot;iconName&quot;: &quot;find&quot;,
        &quot;controllerName&quot;: &quot;Product&quot;,
        &quot;name&quot;: &quot;Product Find&quot;,
        &quot;displayOrder&quot;: 0,
        &quot;description&quot;: null,
        &quot;id&quot;: &quot;bd420774-1ffd-4fa0-b172-3f04acbb6dfa&quot;,
        &quot;isMenu&quot;: false,
        &quot;key&quot;: &quot;Product.Find&quot;,
        &quot;parentId&quot;: &quot;1858607f-58c2-4c69-8078-f2756c5ca81e&quot;,
        &quot;unAuthorizedProps&quot;: {
          &quot;visible&quot;: false,
          &quot;disabled&quot;: false
        },
        &quot;actionName&quot;: &quot;Find&quot;
      },
      {
        &quot;routePath&quot;: null,
        &quot;iconName&quot;: null,
        &quot;controllerName&quot;: &quot;Employee&quot;,
        &quot;name&quot;: &quot;Employee Edit&quot;,
        &quot;displayOrder&quot;: 0,
        &quot;description&quot;: null,
        &quot;id&quot;: &quot;d9cfda39-3a58-4e03-955d-d7f7fc173dd5&quot;,
        &quot;isMenu&quot;: false,
        &quot;key&quot;: &quot;Employee.Edit&quot;,
        &quot;parentId&quot;: &quot;e4a8e904-698e-4596-92c3-b40206b19179&quot;,
        &quot;unAuthorizedProps&quot;: {
          &quot;visible&quot;: false,
          &quot;disabled&quot;: false
        },
        &quot;actionName&quot;: &quot;Edit&quot;
      },
      {
        &quot;routePath&quot;: null,
        &quot;iconName&quot;: null,
        &quot;controllerName&quot;: &quot;Language&quot;,
        &quot;name&quot;: &quot;Language List&quot;,
        &quot;displayOrder&quot;: 0,
        &quot;description&quot;: null,
        &quot;id&quot;: &quot;2f273f27-d9dd-406e-a4d4-2faac07a3d2d&quot;,
        &quot;isMenu&quot;: false,
        &quot;key&quot;: &quot;Language.List&quot;,
        &quot;parentId&quot;: &quot;7d117917-ff5a-448f-ae1c-71b123ffabc0&quot;,
        &quot;unAuthorizedProps&quot;: {
          &quot;visible&quot;: false,
          &quot;disabled&quot;: false
        },
        &quot;actionName&quot;: &quot;List&quot;
      },
      {
        &quot;routePath&quot;: null,
        &quot;iconName&quot;: null,
        &quot;controllerName&quot;: &quot;ZipCode&quot;,
        &quot;name&quot;: &quot;ZipCode Index&quot;,
        &quot;displayOrder&quot;: 0,
        &quot;description&quot;: null,
        &quot;id&quot;: &quot;8aa34e38-533b-4ab7-bad7-0eaa7b5dec9c&quot;,
        &quot;isMenu&quot;: false,
        &quot;key&quot;: &quot;ZipCode.Index&quot;,
        &quot;parentId&quot;: null,
        &quot;unAuthorizedProps&quot;: {
          &quot;visible&quot;: false,
          &quot;disabled&quot;: false
        },
        &quot;actionName&quot;: &quot;Index&quot;
      },
      {
        &quot;routePath&quot;: null,
        &quot;iconName&quot;: null,
        &quot;controllerName&quot;: &quot;State&quot;,
        &quot;name&quot;: &quot;State Delete&quot;,
        &quot;displayOrder&quot;: 0,
        &quot;description&quot;: null,
        &quot;id&quot;: &quot;701496e5-1817-49e7-9c31-4270a4174942&quot;,
        &quot;isMenu&quot;: false,
        &quot;key&quot;: &quot;State.Delete&quot;,
        &quot;parentId&quot;: &quot;4842baa6-3b5e-40d1-ba2c-aa896962f8a7&quot;,
        &quot;unAuthorizedProps&quot;: {
          &quot;visible&quot;: false,
          &quot;disabled&quot;: false
        },
        &quot;actionName&quot;: &quot;Delete&quot;
      },
      {
        &quot;routePath&quot;: null,
        &quot;iconName&quot;: null,
        &quot;controllerName&quot;: &quot;County&quot;,
        &quot;name&quot;: &quot;County Index&quot;,
        &quot;displayOrder&quot;: 0,
        &quot;description&quot;: null,
        &quot;id&quot;: &quot;28a7ee86-bfd8-408f-97d3-82a96e1cbcc6&quot;,
        &quot;isMenu&quot;: false,
        &quot;key&quot;: &quot;County.Index&quot;,
        &quot;parentId&quot;: null,
        &quot;unAuthorizedProps&quot;: {
          &quot;visible&quot;: false,
          &quot;disabled&quot;: false
        },
        &quot;actionName&quot;: &quot;Index&quot;
      },
      {
        &quot;routePath&quot;: null,
        &quot;iconName&quot;: null,
        &quot;controllerName&quot;: &quot;Rider&quot;,
        &quot;name&quot;: &quot;Rider Delete&quot;,
        &quot;displayOrder&quot;: 0,
        &quot;description&quot;: null,
        &quot;id&quot;: &quot;b6c199d0-e33a-484b-b8c7-8c6a204541da&quot;,
        &quot;isMenu&quot;: false,
        &quot;key&quot;: &quot;Rider.Delete&quot;,
        &quot;parentId&quot;: &quot;1b716d9c-2bf6-4a16-9bd1-2214d14b6cc7&quot;,
        &quot;unAuthorizedProps&quot;: {
          &quot;visible&quot;: false,
          &quot;disabled&quot;: false
        },
        &quot;actionName&quot;: &quot;Delete&quot;
      },
      {
        &quot;routePath&quot;: null,
        &quot;iconName&quot;: null,
        &quot;controllerName&quot;: &quot;SubRegion&quot;,
        &quot;name&quot;: &quot;SubRegion Index&quot;,
        &quot;displayOrder&quot;: 0,
        &quot;description&quot;: null,
        &quot;id&quot;: &quot;5016a026-6957-41ab-8cda-9bd37afe0841&quot;,
        &quot;isMenu&quot;: false,
        &quot;key&quot;: &quot;SubRegion.Index&quot;,
        &quot;parentId&quot;: null,
        &quot;unAuthorizedProps&quot;: {
          &quot;visible&quot;: false,
          &quot;disabled&quot;: false
        },
        &quot;actionName&quot;: &quot;Index&quot;
      },
      {
        &quot;routePath&quot;: null,
        &quot;iconName&quot;: null,
        &quot;controllerName&quot;: &quot;Campaign&quot;,
        &quot;name&quot;: &quot;Campaign Create&quot;,
        &quot;displayOrder&quot;: 0,
        &quot;description&quot;: null,
        &quot;id&quot;: &quot;d165df32-e036-4e90-9f58-fa07296951f4&quot;,
        &quot;isMenu&quot;: false,
        &quot;key&quot;: &quot;Campaign.Create&quot;,
        &quot;parentId&quot;: &quot;fd2f794b-65fb-4da6-9bdb-835c466e4321&quot;,
        &quot;unAuthorizedProps&quot;: {
          &quot;visible&quot;: false,
          &quot;disabled&quot;: false
        },
        &quot;actionName&quot;: &quot;Create&quot;
      },
      {
        &quot;routePath&quot;: null,
        &quot;iconName&quot;: null,
        &quot;controllerName&quot;: &quot;Region&quot;,
        &quot;name&quot;: &quot;Region Create&quot;,
        &quot;displayOrder&quot;: 0,
        &quot;description&quot;: null,
        &quot;id&quot;: &quot;73aaaf9f-f0ae-4082-8b27-087cd854a8ae&quot;,
        &quot;isMenu&quot;: false,
        &quot;key&quot;: &quot;Region.Create&quot;,
        &quot;parentId&quot;: &quot;636ed702-38d2-4f20-967d-54564a31315f&quot;,
        &quot;unAuthorizedProps&quot;: {
          &quot;visible&quot;: false,
          &quot;disabled&quot;: false
        },
        &quot;actionName&quot;: &quot;Create&quot;
      },
      {
        &quot;routePath&quot;: &quot;audit-logs&quot;,
        &quot;iconName&quot;: &quot;auditSVG&quot;,
        &quot;controllerName&quot;: &quot;Audit&quot;,
        &quot;name&quot;: &quot;Audits&quot;,
        &quot;displayOrder&quot;: 999,
        &quot;description&quot;: null,
        &quot;id&quot;: &quot;76070de9-f4f5-4096-aa99-2d2bac586b44&quot;,
        &quot;isMenu&quot;: true,
        &quot;key&quot;: &quot;Audit.Index&quot;,
        &quot;parentId&quot;: null,
        &quot;unAuthorizedProps&quot;: {
          &quot;visible&quot;: false,
          &quot;disabled&quot;: false
        },
        &quot;actionName&quot;: &quot;Index&quot;
      },
      {
        &quot;routePath&quot;: null,
        &quot;iconName&quot;: null,
        &quot;controllerName&quot;: &quot;Order&quot;,
        &quot;name&quot;: &quot;Order PartialRefund&quot;,
        &quot;displayOrder&quot;: 0,
        &quot;description&quot;: null,
        &quot;id&quot;: &quot;5a118c25-8cae-40b6-9728-4542683e02e7&quot;,
        &quot;isMenu&quot;: false,
        &quot;key&quot;: &quot;Order.PartialRefund&quot;,
        &quot;parentId&quot;: &quot;872b9f8c-c48d-dfeb-de32-1be0c3c38dbb&quot;,
        &quot;unAuthorizedProps&quot;: {
          &quot;visible&quot;: false,
          &quot;disabled&quot;: false
        },
        &quot;actionName&quot;: &quot;PartialRefund&quot;
      },
      {
        &quot;routePath&quot;: null,
        &quot;iconName&quot;: null,
        &quot;controllerName&quot;: &quot;Permission&quot;,
        &quot;name&quot;: &quot;Permission List&quot;,
        &quot;displayOrder&quot;: 0,
        &quot;description&quot;: null,
        &quot;id&quot;: &quot;efde75e6-f926-47b4-8fc7-a190415c9625&quot;,
        &quot;isMenu&quot;: false,
        &quot;key&quot;: &quot;Permission.List&quot;,
        &quot;parentId&quot;: &quot;213aad81-551b-49f7-9d15-f11f5b9e7e88&quot;,
        &quot;unAuthorizedProps&quot;: {
          &quot;visible&quot;: false,
          &quot;disabled&quot;: false
        },
        &quot;actionName&quot;: &quot;List&quot;
      },
      {
        &quot;routePath&quot;: null,
        &quot;iconName&quot;: null,
        &quot;controllerName&quot;: &quot;Order&quot;,
        &quot;name&quot;: &quot;Order ListForFilterByActiveOrders&quot;,
        &quot;displayOrder&quot;: 0,
        &quot;description&quot;: null,
        &quot;id&quot;: &quot;5b6e6765-324b-4573-9918-6495fb653c36&quot;,
        &quot;isMenu&quot;: false,
        &quot;key&quot;: &quot;Order.ListForFilterByActiveOrders&quot;,
        &quot;parentId&quot;: &quot;872b9f8c-c48d-dfeb-de32-1be0c3c38dbb&quot;,
        &quot;unAuthorizedProps&quot;: {
          &quot;visible&quot;: false,
          &quot;disabled&quot;: false
        },
        &quot;actionName&quot;: &quot;ListForFilterByActiveOrders&quot;
      },
      {
        &quot;routePath&quot;: null,
        &quot;iconName&quot;: &quot;ChangeStatusToCompleted&quot;,
        &quot;controllerName&quot;: &quot;Order&quot;,
        &quot;name&quot;: &quot;Order ChangeStatusToCompleted&quot;,
        &quot;displayOrder&quot;: 0,
        &quot;description&quot;: null,
        &quot;id&quot;: &quot;c0d476ba-4306-46e1-b6b4-4c9e459a7724&quot;,
        &quot;isMenu&quot;: false,
        &quot;key&quot;: &quot;Order.ChangeStatusToCompleted&quot;,
        &quot;parentId&quot;: &quot;872b9f8c-c48d-dfeb-de32-1be0c3c38dbb&quot;,
        &quot;unAuthorizedProps&quot;: {
          &quot;visible&quot;: false,
          &quot;disabled&quot;: false
        },
        &quot;actionName&quot;: &quot;ChangeStatusToCompleted&quot;
      },
      {
        &quot;routePath&quot;: &quot;dashboards&quot;,
        &quot;iconName&quot;: &quot;dashboardSVG&quot;,
        &quot;controllerName&quot;: &quot;Dashboard&quot;,
        &quot;name&quot;: &quot;Analytics&quot;,
        &quot;displayOrder&quot;: 400,
        &quot;description&quot;: &quot;Analytics&quot;,
        &quot;id&quot;: &quot;05f03ef2-ee9e-466b-b024-cfa79802f9ae&quot;,
        &quot;isMenu&quot;: false,
        &quot;key&quot;: &quot;Dashboard.List&quot;,
        &quot;parentId&quot;: null,
        &quot;unAuthorizedProps&quot;: {
          &quot;visible&quot;: false,
          &quot;disabled&quot;: false
        },
        &quot;actionName&quot;: &quot;List&quot;
      },
      {
        &quot;routePath&quot;: null,
        &quot;iconName&quot;: null,
        &quot;controllerName&quot;: &quot;Warehouse&quot;,
        &quot;name&quot;: &quot;Warehouse EditWarehouseStatus&quot;,
        &quot;displayOrder&quot;: 0,
        &quot;description&quot;: null,
        &quot;id&quot;: &quot;ceb79cf6-b1a8-468b-8b15-e73bb6c3ffe9&quot;,
        &quot;isMenu&quot;: false,
        &quot;key&quot;: &quot;Warehouse.EditWarehouseStatus&quot;,
        &quot;parentId&quot;: &quot;7a99d565-0e98-95af-19bd-814011ea2417&quot;,
        &quot;unAuthorizedProps&quot;: {
          &quot;visible&quot;: false,
          &quot;disabled&quot;: false
        },
        &quot;actionName&quot;: &quot;EditWarehouseStatus&quot;
      },
      {
        &quot;routePath&quot;: null,
        &quot;iconName&quot;: null,
        &quot;controllerName&quot;: &quot;Order&quot;,
        &quot;name&quot;: &quot;Order Delete&quot;,
        &quot;displayOrder&quot;: 0,
        &quot;description&quot;: null,
        &quot;id&quot;: &quot;e7fae6f1-e5f5-48e4-ab32-c61d6457b738&quot;,
        &quot;isMenu&quot;: false,
        &quot;key&quot;: &quot;Order.Delete&quot;,
        &quot;parentId&quot;: &quot;872b9f8c-c48d-dfeb-de32-1be0c3c38dbb&quot;,
        &quot;unAuthorizedProps&quot;: {
          &quot;visible&quot;: false,
          &quot;disabled&quot;: false
        },
        &quot;actionName&quot;: &quot;Delete&quot;
      },
      {
        &quot;routePath&quot;: null,
        &quot;iconName&quot;: &quot;RemoteSearchForCouponCode&quot;,
        &quot;controllerName&quot;: &quot;CouponCode&quot;,
        &quot;name&quot;: &quot;CouponCode RemoteSearchForCouponCode&quot;,
        &quot;displayOrder&quot;: 0,
        &quot;description&quot;: null,
        &quot;id&quot;: &quot;14ed0b92-dcc7-4309-aef9-522eec12fc08&quot;,
        &quot;isMenu&quot;: false,
        &quot;key&quot;: &quot;CouponCode.RemoteSearchForCouponCode&quot;,
        &quot;parentId&quot;: null,
        &quot;unAuthorizedProps&quot;: {
          &quot;visible&quot;: false,
          &quot;disabled&quot;: false
        },
        &quot;actionName&quot;: &quot;RemoteSearchForCouponCode&quot;
      },
      {
        &quot;routePath&quot;: null,
        &quot;iconName&quot;: null,
        &quot;controllerName&quot;: &quot;LocaleResource&quot;,
        &quot;name&quot;: &quot;LocaleResource List&quot;,
        &quot;displayOrder&quot;: 0,
        &quot;description&quot;: null,
        &quot;id&quot;: &quot;1f97b83f-e4aa-4e06-b490-eca7a7c7c5ef&quot;,
        &quot;isMenu&quot;: false,
        &quot;key&quot;: &quot;LocaleResource.List&quot;,
        &quot;parentId&quot;: &quot;4c1a6c0d-765c-444a-b7c8-49e99f61d47b&quot;,
        &quot;unAuthorizedProps&quot;: {
          &quot;visible&quot;: false,
          &quot;disabled&quot;: false
        },
        &quot;actionName&quot;: &quot;List&quot;
      },
      {
        &quot;routePath&quot;: &quot;roles&quot;,
        &quot;iconName&quot;: &quot;RolesSVG&quot;,
        &quot;controllerName&quot;: &quot;Role&quot;,
        &quot;name&quot;: &quot;Roles&quot;,
        &quot;displayOrder&quot;: 650,
        &quot;description&quot;: null,
        &quot;id&quot;: &quot;e98d2f21-52f8-41cb-9b3f-fe979b5f0578&quot;,
        &quot;isMenu&quot;: true,
        &quot;key&quot;: &quot;Role.Index&quot;,
        &quot;parentId&quot;: &quot;8b04f24a-f777-5455-9d4b-5d32257d3d62&quot;,
        &quot;unAuthorizedProps&quot;: {
          &quot;visible&quot;: false,
          &quot;disabled&quot;: false
        },
        &quot;actionName&quot;: &quot;Index&quot;
      },
      {
        &quot;routePath&quot;: null,
        &quot;iconName&quot;: null,
        &quot;controllerName&quot;: &quot;SubRegion&quot;,
        &quot;name&quot;: &quot;SubRegion Delete&quot;,
        &quot;displayOrder&quot;: 0,
        &quot;description&quot;: null,
        &quot;id&quot;: &quot;df7da069-b35d-4179-a5dc-8f61beab4226&quot;,
        &quot;isMenu&quot;: false,
        &quot;key&quot;: &quot;SubRegion.Delete&quot;,
        &quot;parentId&quot;: &quot;5016a026-6957-41ab-8cda-9bd37afe0841&quot;,
        &quot;unAuthorizedProps&quot;: {
          &quot;visible&quot;: false,
          &quot;disabled&quot;: false
        },
        &quot;actionName&quot;: &quot;Delete&quot;
      },
      {
        &quot;routePath&quot;: null,
        &quot;iconName&quot;: &quot;UploadProductMedia&quot;,
        &quot;controllerName&quot;: &quot;ProductMedia&quot;,
        &quot;name&quot;: &quot;ProductMedia UploadProductMedia&quot;,
        &quot;displayOrder&quot;: 0,
        &quot;description&quot;: null,
        &quot;id&quot;: &quot;f214be5c-985b-4aaa-aa42-d49e789d5ca6&quot;,
        &quot;isMenu&quot;: false,
        &quot;key&quot;: &quot;ProductMedia.UploadProductMedia&quot;,
        &quot;parentId&quot;: &quot;1858607f-58c2-4c69-8078-f2756c5ca81e&quot;,
        &quot;unAuthorizedProps&quot;: {
          &quot;visible&quot;: false,
          &quot;disabled&quot;: false
        },
        &quot;actionName&quot;: &quot;UploadProductMedia&quot;
      },
      {
        &quot;routePath&quot;: null,
        &quot;iconName&quot;: null,
        &quot;controllerName&quot;: &quot;Order&quot;,
        &quot;name&quot;: &quot;order ListForFilter&quot;,
        &quot;displayOrder&quot;: 0,
        &quot;description&quot;: null,
        &quot;id&quot;: &quot;f12e049a-8719-46d1-9507-00d1671d7c6d&quot;,
        &quot;isMenu&quot;: false,
        &quot;key&quot;: &quot;Order.ListForFilter&quot;,
        &quot;parentId&quot;: &quot;872b9f8c-c48d-dfeb-de32-1be0c3c38dbb&quot;,
        &quot;unAuthorizedProps&quot;: {
          &quot;visible&quot;: false,
          &quot;disabled&quot;: false
        },
        &quot;actionName&quot;: &quot;ListForFilter&quot;
      },
      {
        &quot;routePath&quot;: null,
        &quot;iconName&quot;: null,
        &quot;controllerName&quot;: &quot;CouponCode&quot;,
        &quot;name&quot;: &quot;CouponCode&quot;,
        &quot;displayOrder&quot;: 0,
        &quot;description&quot;: null,
        &quot;id&quot;: &quot;d2f7e3bf-712f-4991-994f-0f3e5e6cda1b&quot;,
        &quot;isMenu&quot;: false,
        &quot;key&quot;: &quot;CouponCode.FindByCode&quot;,
        &quot;parentId&quot;: &quot;5aaef586-e311-4265-a241-6eb9758d6541&quot;,
        &quot;unAuthorizedProps&quot;: {
          &quot;visible&quot;: false,
          &quot;disabled&quot;: false
        },
        &quot;actionName&quot;: &quot;FindByCode&quot;
      }
    ],
    &quot;imageUrl&quot;: null,
    &quot;phoneCountryId&quot;: &quot;f83c326d-cbf4-47cf-b592-f3f638a5a958&quot;,
    &quot;email&quot;: &quot;busra@popcornvan.com&quot;
  },
  &quot;refreshToken&quot;: &quot;2FqeSY74DrMb+WAGGmzO2aqBxmK6U8YkFClYtsb6gJVii1lBaSsZDwHhf/M=&quot;
}
 
15:26:26.066 [pool-1-thread-2] INFO  com.intuit.karate - [print] response employee login with phone--&gt;  {
  &quot;visible&quot;: true,
  &quot;action&quot;: &quot;default&quot;,
  &quot;messages&quot;: [
    &quot;UnAuthorized&quot;
  ],
  &quot;type&quot;: &quot;authorization&quot;,
  &quot;title&quot;: null,
  &quot;message&quot;: &quot;UnAuthorized&quot;,
  &quot;typeCode&quot;: 401
}
 
---------------------------------------------------------
feature: classpath:features/userApi/employee/employee_login_with_phone.feature
scenarios:  6 | passed:  6 | failed:  0 | time: 14.6637
---------------------------------------------------------

15:26:26.521 [pool-2-thread-1] INFO  com.intuit.karate.Suite - &lt;&lt;pass&gt;&gt; feature 31 of 33 (2 remaining) classpath:features/userApi/employee/employee_login_with_phone.feature
15:26:26.572 [pool-1-thread-4] INFO  com.intuit.karate - [print] employee validate token without authorization response --&gt;  {
  &quot;visible&quot;: true,
  &quot;action&quot;: &quot;default&quot;,
  &quot;messages&quot;: [
    &quot;User Authorization Error&quot;
  ],
  &quot;type&quot;: &quot;authorization&quot;,
  &quot;title&quot;: null,
  &quot;message&quot;: &quot;User Authorization Error&quot;,
  &quot;typeCode&quot;: 401
}
 
15:26:26.794 [pool-1-thread-3] INFO  com.intuit.karate - [print] refresh token response --&gt; {
  &quot;expiresIn&quot;: 3.15359999764889E7,
  &quot;accessToken&quot;: &quot;eyJhbGciOiJIUzUxMiIsInR5cCI6IkpXVCJ9.eyJuYW1laWQiOiJidXNyYW96ZG1yLjgwQGdtYWlsLmNvbSIsIm5hbWUiOiJidXNyYSB0ZXN0IiwiVXNlclR5cGUiOiJFbXBsb3llZSIsIk5hbWUiOiJidXNyYSB0ZXN0IiwiRW1haWwiOiJidXNyYW96ZG1yLjgwQGdtYWlsLmNvbSIsIlVzZXJJZCI6ImI4MTBjZWJmLTg3YWYtNGRiYy05ODI4LWMxZWJjYWY3YjI4OCIsIm5iZiI6MTY0MjU5NTE4NiwiZXhwIjoxNjc0MTMxMTg2LCJpYXQiOjE2NDI1OTUxODYsImlzcyI6Imh0dHBzOi8vcG9wY29ybnZhbi5jb20vIiwiYXVkIjoiaHR0cHM6Ly9wb3Bjb3JudmFuLmNvbS8ifQ.r1CFJM63-_5cwRFL79ysJpL7P8UNMLQYYeDnNLniyNp8VdW4Vl6bCO2ROl4B2YQu8RMomOtwuXBKPaSvLLS2iw&quot;,
  &quot;user&quot;: {
    &quot;imagePath&quot;: null,
    &quot;roles&quot;: [
      {
        &quot;name&quot;: &quot;Super Admin&quot;,
        &quot;displayOrder&quot;: 0,
        &quot;description&quot;: null,
        &quot;colorCode&quot;: null,
        &quot;id&quot;: &quot;4f1058c6-0985-4139-8302-b50df344c339&quot;
      }
    ],
    &quot;languageId&quot;: null,
    &quot;fullName&quot;: &quot;busra test&quot;,
    &quot;employeeId&quot;: &quot;30bfb8c9-f4b9-462c-8669-f43168642c25&quot;,
    &quot;languageCode&quot;: null,
    &quot;userId&quot;: &quot;b810cebf-87af-4dbc-9828-c1ebcaf7b288&quot;,
    &quot;languageName&quot;: null,
    &quot;phoneAreaCode&quot;: &quot;+43&quot;,
    &quot;phoneNumber&quot;: &quot;5541397672&quot;,
    &quot;externalUserId&quot;: &quot;00000000-0000-0000-0000-000000000000&quot;,
    &quot;permissions&quot;: [
      {
        &quot;routePath&quot;: &quot;overview&quot;,
        &quot;iconName&quot;: &quot;overviewSVG&quot;,
        &quot;controllerName&quot;: &quot;Admin&quot;,
        &quot;name&quot;: &quot;Overview&quot;,
        &quot;displayOrder&quot;: 100,
        &quot;description&quot;: null,
        &quot;id&quot;: &quot;f3ef6d44-bdda-9acc-2131-8885bd8e368b&quot;,
        &quot;isMenu&quot;: false,
        &quot;key&quot;: &quot;Admin.Overview&quot;,
        &quot;parentId&quot;: null,
        &quot;unAuthorizedProps&quot;: {
          &quot;visible&quot;: false,
          &quot;disabled&quot;: false
        },
        &quot;actionName&quot;: &quot;Overview&quot;
      },
      {
        &quot;routePath&quot;: null,
        &quot;iconName&quot;: null,
        &quot;controllerName&quot;: &quot;Pusher&quot;,
        &quot;name&quot;: &quot;Pusher Auth&quot;,
        &quot;displayOrder&quot;: 0,
        &quot;description&quot;: null,
        &quot;id&quot;: &quot;d3abc4d5-0841-435b-b27e-c1f8ff8f4d9f&quot;,
        &quot;isMenu&quot;: false,
        &quot;key&quot;: &quot;Pusher.Auth&quot;,
        &quot;parentId&quot;: null,
        &quot;unAuthorizedProps&quot;: {
          &quot;visible&quot;: false,
          &quot;disabled&quot;: false
        },
        &quot;actionName&quot;: &quot;Auth&quot;
      },
      {
        &quot;routePath&quot;: null,
        &quot;iconName&quot;: null,
        &quot;controllerName&quot;: &quot;ServiceArea&quot;,
        &quot;name&quot;: &quot;ServiceArea Find&quot;,
        &quot;displayOrder&quot;: 0,
        &quot;description&quot;: null,
        &quot;id&quot;: &quot;941ff53e-a0e7-4a97-9f21-5a071749fdcf&quot;,
        &quot;isMenu&quot;: false,
        &quot;key&quot;: &quot;ServiceArea.Find&quot;,
        &quot;parentId&quot;: &quot;6510260c-2670-4f71-96ed-8f12986fb9cf&quot;,
        &quot;unAuthorizedProps&quot;: {
          &quot;visible&quot;: false,
          &quot;disabled&quot;: false
        },
        &quot;actionName&quot;: &quot;Find&quot;
      },
      {
        &quot;routePath&quot;: null,
        &quot;iconName&quot;: null,
        &quot;controllerName&quot;: &quot;CouponCode&quot;,
        &quot;name&quot;: &quot;CouponCode&quot;,
        &quot;displayOrder&quot;: 0,
        &quot;description&quot;: null,
        &quot;id&quot;: &quot;a1ea1d92-37b1-41ec-b4cf-24f205e13ced&quot;,
        &quot;isMenu&quot;: false,
        &quot;key&quot;: &quot;CouponCode.Edit&quot;,
        &quot;parentId&quot;: &quot;5aaef586-e311-4265-a241-6eb9758d6541&quot;,
        &quot;unAuthorizedProps&quot;: {
          &quot;visible&quot;: false,
          &quot;disabled&quot;: false
        },
        &quot;actionName&quot;: &quot;Edit&quot;
      },
      {
        &quot;routePath&quot;: &quot;customers&quot;,
        &quot;iconName&quot;: &quot;customerSVG&quot;,
        &quot;controllerName&quot;: &quot;Customer&quot;,
        &quot;name&quot;: &quot;Customer&quot;,
        &quot;displayOrder&quot;: 610,
        &quot;description&quot;: null,
        &quot;id&quot;: &quot;07b60a01-5846-422c-b1c6-1c7a382dbd0e&quot;,
        &quot;isMenu&quot;: true,
        &quot;key&quot;: &quot;Customer.Index&quot;,
        &quot;parentId&quot;: &quot;8b04f24a-f777-5455-9d4b-5d32257d3d62&quot;,
        &quot;unAuthorizedProps&quot;: {
          &quot;visible&quot;: false,
          &quot;disabled&quot;: false
        },
        &quot;actionName&quot;: &quot;Index&quot;
      },
      {
        &quot;routePath&quot;: null,
        &quot;iconName&quot;: null,
        &quot;controllerName&quot;: &quot;ServiceArea&quot;,
        &quot;name&quot;: &quot;ServiceArea List&quot;,
        &quot;displayOrder&quot;: 0,
        &quot;description&quot;: null,
        &quot;id&quot;: &quot;d059ba5c-c4a9-44ee-89cb-167400d65355&quot;,
        &quot;isMenu&quot;: false,
        &quot;key&quot;: &quot;ServiceArea.List&quot;,
        &quot;parentId&quot;: &quot;6510260c-2670-4f71-96ed-8f12986fb9cf&quot;,
        &quot;unAuthorizedProps&quot;: {
          &quot;visible&quot;: false,
          &quot;disabled&quot;: false
        },
        &quot;actionName&quot;: &quot;List&quot;
      },
      {
        &quot;routePath&quot;: null,
        &quot;iconName&quot;: &quot;managementSVG&quot;,
        &quot;controllerName&quot;: &quot;Product&quot;,
        &quot;name&quot;: &quot;Product / Support&quot;,
        &quot;displayOrder&quot;: 999,
        &quot;description&quot;: null,
        &quot;id&quot;: &quot;5b7cb896-ff20-4798-8468-df6c7f3be073&quot;,
        &quot;isMenu&quot;: true,
        &quot;key&quot;: &quot;Product.Main&quot;,
        &quot;parentId&quot;: null,
        &quot;unAuthorizedProps&quot;: {
          &quot;visible&quot;: false,
          &quot;disabled&quot;: false
        },
        &quot;actionName&quot;: &quot;Main&quot;
      },
      {
        &quot;routePath&quot;: null,
        &quot;iconName&quot;: null,
        &quot;controllerName&quot;: &quot;Address&quot;,
        &quot;name&quot;: &quot;Address List&quot;,
        &quot;displayOrder&quot;: 0,
        &quot;description&quot;: null,
        &quot;id&quot;: &quot;6cf101e1-86c2-4b4b-b308-33a8c9e2fd19&quot;,
        &quot;isMenu&quot;: false,
        &quot;key&quot;: &quot;Address.List&quot;,
        &quot;parentId&quot;: &quot;c3c514ef-1964-4c94-b13a-8bdd83a5b1cb&quot;,
        &quot;unAuthorizedProps&quot;: {
          &quot;visible&quot;: false,
          &quot;disabled&quot;: false
        },
        &quot;actionName&quot;: &quot;List&quot;
      },
      {
        &quot;routePath&quot;: null,
        &quot;iconName&quot;: null,
        &quot;controllerName&quot;: &quot;LocaleResource&quot;,
        &quot;name&quot;: &quot;LocaleResource Delete&quot;,
        &quot;displayOrder&quot;: 0,
        &quot;description&quot;: null,
        &quot;id&quot;: &quot;62103116-c035-44d5-aa5d-577df0b20041&quot;,
        &quot;isMenu&quot;: false,
        &quot;key&quot;: &quot;LocaleResource.Delete&quot;,
        &quot;parentId&quot;: &quot;4c1a6c0d-765c-444a-b7c8-49e99f61d47b&quot;,
        &quot;unAuthorizedProps&quot;: {
          &quot;visible&quot;: false,
          &quot;disabled&quot;: false
        },
        &quot;actionName&quot;: &quot;Delete&quot;
      },
      {
        &quot;routePath&quot;: null,
        &quot;iconName&quot;: null,
        &quot;controllerName&quot;: &quot;Address&quot;,
        &quot;name&quot;: &quot;Address Create&quot;,
        &quot;displayOrder&quot;: 0,
        &quot;description&quot;: null,
        &quot;id&quot;: &quot;ba0b5525-39db-4928-8a6a-a3c450b1d747&quot;,
        &quot;isMenu&quot;: false,
        &quot;key&quot;: &quot;Address.Create&quot;,
        &quot;parentId&quot;: &quot;c3c514ef-1964-4c94-b13a-8bdd83a5b1cb&quot;,
        &quot;unAuthorizedProps&quot;: {
          &quot;visible&quot;: false,
          &quot;disabled&quot;: false
        },
        &quot;actionName&quot;: &quot;Create&quot;
      },
      {
        &quot;routePath&quot;: null,
        &quot;iconName&quot;: &quot;ExportForFilter&quot;,
        &quot;controllerName&quot;: &quot;Product&quot;,
        &quot;name&quot;: &quot;Product ExportFinaleReplenishmentReport&quot;,
        &quot;displayOrder&quot;: 0,
        &quot;description&quot;: null,
        &quot;id&quot;: &quot;557a9551-e3b6-4022-8c65-8fefe6bc8b76&quot;,
        &quot;isMenu&quot;: false,
        &quot;key&quot;: &quot;Product.ExportFinaleReplenishmentReport&quot;,
        &quot;parentId&quot;: &quot;1858607f-58c2-4c69-8078-f2756c5ca81e&quot;,
        &quot;unAuthorizedProps&quot;: {
          &quot;visible&quot;: false,
          &quot;disabled&quot;: false
        },
        &quot;actionName&quot;: &quot;ExportFinaleReplenishmentReport&quot;
      },
      {
        &quot;routePath&quot;: null,
        &quot;iconName&quot;: null,
        &quot;controllerName&quot;: &quot;Setting&quot;,
        &quot;name&quot;: &quot;Setting Delete&quot;,
        &quot;displayOrder&quot;: 0,
        &quot;description&quot;: null,
        &quot;id&quot;: &quot;f22745ab-c49b-4b6a-8a72-58e25565418e&quot;,
        &quot;isMenu&quot;: false,
        &quot;key&quot;: &quot;Setting.Delete&quot;,
        &quot;parentId&quot;: &quot;ccc7592a-301d-4d63-aa26-09e92194ca01&quot;,
        &quot;unAuthorizedProps&quot;: {
          &quot;visible&quot;: false,
          &quot;disabled&quot;: false
        },
        &quot;actionName&quot;: &quot;Delete&quot;
      },
      {
        &quot;routePath&quot;: null,
        &quot;iconName&quot;: null,
        &quot;controllerName&quot;: &quot;Setting&quot;,
        &quot;name&quot;: &quot;Setting Edit&quot;,
        &quot;displayOrder&quot;: 0,
        &quot;description&quot;: null,
        &quot;id&quot;: &quot;368d96d0-f0f8-4a6a-a02a-10f3dc4d6813&quot;,
        &quot;isMenu&quot;: false,
        &quot;key&quot;: &quot;Setting.Edit&quot;,
        &quot;parentId&quot;: &quot;ccc7592a-301d-4d63-aa26-09e92194ca01&quot;,
        &quot;unAuthorizedProps&quot;: {
          &quot;visible&quot;: false,
          &quot;disabled&quot;: false
        },
        &quot;actionName&quot;: &quot;Edit&quot;
      },
      {
        &quot;routePath&quot;: null,
        &quot;iconName&quot;: null,
        &quot;controllerName&quot;: &quot;Warehouse&quot;,
        &quot;name&quot;: &quot;Warehouse ListWarehouseStock&quot;,
        &quot;displayOrder&quot;: 0,
        &quot;description&quot;: null,
        &quot;id&quot;: &quot;10961a78-a6c9-47aa-865a-b4d9aaab89bf&quot;,
        &quot;isMenu&quot;: false,
        &quot;key&quot;: &quot;Warehouse.ListWarehouseStock&quot;,
        &quot;parentId&quot;: &quot;7a99d565-0e98-95af-19bd-814011ea2417&quot;,
        &quot;unAuthorizedProps&quot;: {
          &quot;visible&quot;: false,
          &quot;disabled&quot;: false
        },
        &quot;actionName&quot;: &quot;ListWarehouseStock&quot;
      },
      {
        &quot;routePath&quot;: null,
        &quot;iconName&quot;: &quot;blackListSVG&quot;,
        &quot;controllerName&quot;: &quot;BlackList&quot;,
        &quot;name&quot;: &quot;Black List Create&quot;,
        &quot;displayOrder&quot;: 0,
        &quot;description&quot;: null,
        &quot;id&quot;: &quot;70d6b8cb-7f48-4cd4-a796-cad4e227ccd5&quot;,
        &quot;isMenu&quot;: false,
        &quot;key&quot;: &quot;BlackList.Create&quot;,
        &quot;parentId&quot;: &quot;d273c43d-77c8-4b88-8d35-9ec20a90bd11&quot;,
        &quot;unAuthorizedProps&quot;: {
          &quot;visible&quot;: false,
          &quot;disabled&quot;: false
        },
        &quot;actionName&quot;: &quot;Create&quot;
      },
      {
        &quot;routePath&quot;: null,
        &quot;iconName&quot;: &quot;a&quot;,
        &quot;controllerName&quot;: &quot;Customer&quot;,
        &quot;name&quot;: &quot;Customer UpdateBlockedCodeCampaign&quot;,
        &quot;displayOrder&quot;: 0,
        &quot;description&quot;: null,
        &quot;id&quot;: &quot;e3d996d8-5b07-4015-825c-c87c12952def&quot;,
        &quot;isMenu&quot;: false,
        &quot;key&quot;: &quot;Customer.UpdateBlockedCodeCampaign&quot;,
        &quot;parentId&quot;: null,
        &quot;unAuthorizedProps&quot;: {
          &quot;visible&quot;: false,
          &quot;disabled&quot;: false
        },
        &quot;actionName&quot;: &quot;UpdateBlockedCodeCampaign&quot;
      },
      {
        &quot;routePath&quot;: null,
        &quot;iconName&quot;: null,
        &quot;controllerName&quot;: &quot;Warehouse&quot;,
        &quot;name&quot;: &quot;Warehouse ExportWarehouseStock&quot;,
        &quot;displayOrder&quot;: 0,
        &quot;description&quot;: null,
        &quot;id&quot;: &quot;c9b0c169-56cc-4793-a43d-7d18a47ae863&quot;,
        &quot;isMenu&quot;: false,
        &quot;key&quot;: &quot;Warehouse.ExportWarehouseStock&quot;,
        &quot;parentId&quot;: &quot;7a99d565-0e98-95af-19bd-814011ea2417&quot;,
        &quot;unAuthorizedProps&quot;: {
          &quot;visible&quot;: false,
          &quot;disabled&quot;: false
        },
        &quot;actionName&quot;: &quot;ExportWarehouseStock&quot;
      },
      {
        &quot;routePath&quot;: null,
        &quot;iconName&quot;: &quot;SuitableWarehousesForOrder&quot;,
        &quot;controllerName&quot;: &quot;Order&quot;,
        &quot;name&quot;: &quot;Order SuitableWarehousesForOrder&quot;,
        &quot;displayOrder&quot;: 0,
        &quot;description&quot;: null,
        &quot;id&quot;: &quot;2188f2ef-08fb-4757-b6a6-d734b8d72eea&quot;,
        &quot;isMenu&quot;: false,
        &quot;key&quot;: &quot;Order.SuitableWarehousesForOrder&quot;,
        &quot;parentId&quot;: &quot;872b9f8c-c48d-dfeb-de32-1be0c3c38dbb&quot;,
        &quot;unAuthorizedProps&quot;: {
          &quot;visible&quot;: false,
          &quot;disabled&quot;: false
        },
        &quot;actionName&quot;: &quot;SuitableWarehousesForOrder&quot;
      },
      {
        &quot;routePath&quot;: &quot;products&quot;,
        &quot;iconName&quot;: &quot;productSVG&quot;,
        &quot;controllerName&quot;: &quot;Product&quot;,
        &quot;name&quot;: &quot;Product&quot;,
        &quot;displayOrder&quot;: 390,
        &quot;description&quot;: null,
        &quot;id&quot;: &quot;1858607f-58c2-4c69-8078-f2756c5ca81e&quot;,
        &quot;isMenu&quot;: true,
        &quot;key&quot;: &quot;Product.Index&quot;,
        &quot;parentId&quot;: &quot;8b40e125-ffeb-4cf1-ba4b-0ac72aac09d9&quot;,
        &quot;unAuthorizedProps&quot;: {
          &quot;visible&quot;: false,
          &quot;disabled&quot;: false
        },
        &quot;actionName&quot;: &quot;Index&quot;
      },
      {
        &quot;routePath&quot;: null,
        &quot;iconName&quot;: &quot;blackListSVG&quot;,
        &quot;controllerName&quot;: &quot;BlackList&quot;,
        &quot;name&quot;: &quot;Black List Edit&quot;,
        &quot;displayOrder&quot;: 0,
        &quot;description&quot;: null,
        &quot;id&quot;: &quot;8935ed07-0379-4235-99d4-2188e923639a&quot;,
        &quot;isMenu&quot;: false,
        &quot;key&quot;: &quot;BlackList.Edit&quot;,
        &quot;parentId&quot;: &quot;d273c43d-77c8-4b88-8d35-9ec20a90bd11&quot;,
        &quot;unAuthorizedProps&quot;: {
          &quot;visible&quot;: false,
          &quot;disabled&quot;: false
        },
        &quot;actionName&quot;: &quot;Edit&quot;
      },
      {
        &quot;routePath&quot;: null,
        &quot;iconName&quot;: null,
        &quot;controllerName&quot;: &quot;Rider&quot;,
        &quot;name&quot;: &quot;Rider Find&quot;,
        &quot;displayOrder&quot;: 0,
        &quot;description&quot;: null,
        &quot;id&quot;: &quot;438a4584-500a-47a2-810f-012e4743a389&quot;,
        &quot;isMenu&quot;: false,
        &quot;key&quot;: &quot;Rider.Find&quot;,
        &quot;parentId&quot;: &quot;1b716d9c-2bf6-4a16-9bd1-2214d14b6cc7&quot;,
        &quot;unAuthorizedProps&quot;: {
          &quot;visible&quot;: false,
          &quot;disabled&quot;: false
        },
        &quot;actionName&quot;: &quot;Find&quot;
      },
      {
        &quot;routePath&quot;: null,
        &quot;iconName&quot;: null,
        &quot;controllerName&quot;: &quot;Rider&quot;,
        &quot;name&quot;: &quot;Rider List&quot;,
        &quot;displayOrder&quot;: 0,
        &quot;description&quot;: null,
        &quot;id&quot;: &quot;94789829-bd1b-44a3-ae1a-2c4ecf20e3b3&quot;,
        &quot;isMenu&quot;: false,
        &quot;key&quot;: &quot;Rider.List&quot;,
        &quot;parentId&quot;: &quot;1b716d9c-2bf6-4a16-9bd1-2214d14b6cc7&quot;,
        &quot;unAuthorizedProps&quot;: {
          &quot;visible&quot;: false,
          &quot;disabled&quot;: false
        },
        &quot;actionName&quot;: &quot;List&quot;
      },
      {
        &quot;routePath&quot;: null,
        &quot;iconName&quot;: null,
        &quot;controllerName&quot;: &quot;CouponCode&quot;,
        &quot;name&quot;: &quot;CouponCode&quot;,
        &quot;displayOrder&quot;: 0,
        &quot;description&quot;: null,
        &quot;id&quot;: &quot;82a51ef5-f9a9-4a9d-9bc4-241cda2df051&quot;,
        &quot;isMenu&quot;: false,
        &quot;key&quot;: &quot;CouponCode.Create&quot;,
        &quot;parentId&quot;: &quot;5aaef586-e311-4265-a241-6eb9758d6541&quot;,
        &quot;unAuthorizedProps&quot;: {
          &quot;visible&quot;: false,
          &quot;disabled&quot;: false
        },
        &quot;actionName&quot;: &quot;Create&quot;
      },
      {
        &quot;routePath&quot;: null,
        &quot;iconName&quot;: null,
        &quot;controllerName&quot;: &quot;Warehouse&quot;,
        &quot;name&quot;: &quot;Warehouse Create&quot;,
        &quot;displayOrder&quot;: 0,
        &quot;description&quot;: null,
        &quot;id&quot;: &quot;26bd14df-9135-4f4d-8468-6c439e8a737f&quot;,
        &quot;isMenu&quot;: false,
        &quot;key&quot;: &quot;Warehouse.Create&quot;,
        &quot;parentId&quot;: &quot;7a99d565-0e98-95af-19bd-814011ea2417&quot;,
        &quot;unAuthorizedProps&quot;: {
          &quot;visible&quot;: false,
          &quot;disabled&quot;: false
        },
        &quot;actionName&quot;: &quot;Create&quot;
      },
      {
        &quot;routePath&quot;: null,
        &quot;iconName&quot;: null,
        &quot;controllerName&quot;: &quot;CouponCode&quot;,
        &quot;name&quot;: &quot;Find Coupon Code By User Id&quot;,
        &quot;displayOrder&quot;: 0,
        &quot;description&quot;: null,
        &quot;id&quot;: &quot;75b2daf0-42e8-4ad7-b6a4-811d06d87c74&quot;,
        &quot;isMenu&quot;: false,
        &quot;key&quot;: &quot;CouponCode.FindByUserId&quot;,
        &quot;parentId&quot;: &quot;5aaef586-e311-4265-a241-6eb9758d6541&quot;,
        &quot;unAuthorizedProps&quot;: {
          &quot;visible&quot;: false,
          &quot;disabled&quot;: false
        },
        &quot;actionName&quot;: &quot;FindByUserId&quot;
      },
      {
        &quot;routePath&quot;: null,
        &quot;iconName&quot;: null,
        &quot;controllerName&quot;: &quot;Language&quot;,
        &quot;name&quot;: &quot;Language Index&quot;,
        &quot;displayOrder&quot;: 0,
        &quot;description&quot;: null,
        &quot;id&quot;: &quot;7d117917-ff5a-448f-ae1c-71b123ffabc0&quot;,
        &quot;isMenu&quot;: false,
        &quot;key&quot;: &quot;Language.Index&quot;,
        &quot;parentId&quot;: null,
        &quot;unAuthorizedProps&quot;: {
          &quot;visible&quot;: false,
          &quot;disabled&quot;: false
        },
        &quot;actionName&quot;: &quot;Index&quot;
      },
      {
        &quot;routePath&quot;: null,
        &quot;iconName&quot;: null,
        &quot;controllerName&quot;: &quot;Campaign&quot;,
        &quot;name&quot;: &quot;Campaign Find&quot;,
        &quot;displayOrder&quot;: 0,
        &quot;description&quot;: null,
        &quot;id&quot;: &quot;00b581e0-ec91-4feb-a7e7-f1b9101ad482&quot;,
        &quot;isMenu&quot;: false,
        &quot;key&quot;: &quot;Campaign.Find&quot;,
        &quot;parentId&quot;: &quot;fd2f794b-65fb-4da6-9bdb-835c466e4321&quot;,
        &quot;unAuthorizedProps&quot;: {
          &quot;visible&quot;: false,
          &quot;disabled&quot;: false
        },
        &quot;actionName&quot;: &quot;Find&quot;
      },
      {
        &quot;routePath&quot;: null,
        &quot;iconName&quot;: null,
        &quot;controllerName&quot;: &quot;Setting&quot;,
        &quot;name&quot;: &quot;Setting List&quot;,
        &quot;displayOrder&quot;: 0,
        &quot;description&quot;: null,
        &quot;id&quot;: &quot;9f68e0f0-57dc-4148-bd76-fb8c2a970786&quot;,
        &quot;isMenu&quot;: false,
        &quot;key&quot;: &quot;Setting.List&quot;,
        &quot;parentId&quot;: &quot;ccc7592a-301d-4d63-aa26-09e92194ca01&quot;,
        &quot;unAuthorizedProps&quot;: {
          &quot;visible&quot;: false,
          &quot;disabled&quot;: false
        },
        &quot;actionName&quot;: &quot;List&quot;
      },
      {
        &quot;routePath&quot;: null,
        &quot;iconName&quot;: null,
        &quot;controllerName&quot;: &quot;ServiceArea&quot;,
        &quot;name&quot;: &quot;ServiceArea UpdateGeoJson&quot;,
        &quot;displayOrder&quot;: 0,
        &quot;description&quot;: null,
        &quot;id&quot;: &quot;02e62924-50d4-4bc5-9403-2254969f04c0&quot;,
        &quot;isMenu&quot;: false,
        &quot;key&quot;: &quot;ServiceArea.UpdateGeoJson&quot;,
        &quot;parentId&quot;: &quot;6510260c-2670-4f71-96ed-8f12986fb9cf&quot;,
        &quot;unAuthorizedProps&quot;: {
          &quot;visible&quot;: false,
          &quot;disabled&quot;: false
        },
        &quot;actionName&quot;: &quot;UpdateGeoJson&quot;
      },
      {
        &quot;routePath&quot;: null,
        &quot;iconName&quot;: null,
        &quot;controllerName&quot;: &quot;Order&quot;,
        &quot;name&quot;: &quot;Order DeleteOrderItemCheck&quot;,
        &quot;displayOrder&quot;: 0,
        &quot;description&quot;: null,
        &quot;id&quot;: &quot;e07b0bce-91e5-4399-857b-936f93c302dd&quot;,
        &quot;isMenu&quot;: false,
        &quot;key&quot;: &quot;Order.DeleteOrderItemCheck&quot;,
        &quot;parentId&quot;: &quot;872b9f8c-c48d-dfeb-de32-1be0c3c38dbb&quot;,
        &quot;unAuthorizedProps&quot;: {
          &quot;visible&quot;: false,
          &quot;disabled&quot;: false
        },
        &quot;actionName&quot;: &quot;DeleteOrderItemCheck&quot;
      },
      {
        &quot;routePath&quot;: &quot;warehouses&quot;,
        &quot;iconName&quot;: &quot;warehousesSVG&quot;,
        &quot;controllerName&quot;: &quot;Warehouse&quot;,
        &quot;name&quot;: &quot;Warehouses&quot;,
        &quot;displayOrder&quot;: 500,
        &quot;description&quot;: null,
        &quot;id&quot;: &quot;7a99d565-0e98-95af-19bd-814011ea2417&quot;,
        &quot;isMenu&quot;: true,
        &quot;key&quot;: &quot;Warehouse.Index&quot;,
        &quot;parentId&quot;: null,
        &quot;unAuthorizedProps&quot;: {
          &quot;visible&quot;: false,
          &quot;disabled&quot;: false
        },
        &quot;actionName&quot;: &quot;Index&quot;
      },
      {
        &quot;routePath&quot;: null,
        &quot;iconName&quot;: null,
        &quot;controllerName&quot;: &quot;Category&quot;,
        &quot;name&quot;: &quot;Category Create&quot;,
        &quot;displayOrder&quot;: 0,
        &quot;description&quot;: null,
        &quot;id&quot;: &quot;ec3b6666-e8bf-4426-bb0a-6c46f175b9da&quot;,
        &quot;isMenu&quot;: false,
        &quot;key&quot;: &quot;Category.Create&quot;,
        &quot;parentId&quot;: &quot;9bbddb67-d7f2-44d3-8d09-6bd04f8b6f79&quot;,
        &quot;unAuthorizedProps&quot;: {
          &quot;visible&quot;: false,
          &quot;disabled&quot;: false
        },
        &quot;actionName&quot;: &quot;Create&quot;
      },
      {
        &quot;routePath&quot;: null,
        &quot;iconName&quot;: null,
        &quot;controllerName&quot;: &quot;Campaign&quot;,
        &quot;name&quot;: &quot;Campaign ListForFilter&quot;,
        &quot;displayOrder&quot;: 0,
        &quot;description&quot;: null,
        &quot;id&quot;: &quot;d4f0750c-5811-4863-9808-a95b2ab92af4&quot;,
        &quot;isMenu&quot;: false,
        &quot;key&quot;: &quot;Campaign.ListForFilter&quot;,
        &quot;parentId&quot;: &quot;fd2f794b-65fb-4da6-9bdb-835c466e4321&quot;,
        &quot;unAuthorizedProps&quot;: {
          &quot;visible&quot;: false,
          &quot;disabled&quot;: false
        },
        &quot;actionName&quot;: &quot;ListForFilter&quot;
      },
      {
        &quot;routePath&quot;: null,
        &quot;iconName&quot;: null,
        &quot;controllerName&quot;: &quot;Country&quot;,
        &quot;name&quot;: &quot;Country Find&quot;,
        &quot;displayOrder&quot;: 0,
        &quot;description&quot;: null,
        &quot;id&quot;: &quot;869a6e82-0d19-4ae8-a655-99db08529c33&quot;,
        &quot;isMenu&quot;: false,
        &quot;key&quot;: &quot;Country.Find&quot;,
        &quot;parentId&quot;: &quot;9c15db73-badc-4894-ab1b-d8261bac91c2&quot;,
        &quot;unAuthorizedProps&quot;: {
          &quot;visible&quot;: false,
          &quot;disabled&quot;: false
        },
        &quot;actionName&quot;: &quot;Find&quot;
      },
      {
        &quot;routePath&quot;: null,
        &quot;iconName&quot;: null,
        &quot;controllerName&quot;: &quot;SubRegion&quot;,
        &quot;name&quot;: &quot;SubRegion List&quot;,
        &quot;displayOrder&quot;: 0,
        &quot;description&quot;: null,
        &quot;id&quot;: &quot;75d1a3dc-c6ed-4c21-952e-54972310aeb7&quot;,
        &quot;isMenu&quot;: false,
        &quot;key&quot;: &quot;SubRegion.List&quot;,
        &quot;parentId&quot;: &quot;5016a026-6957-41ab-8cda-9bd37afe0841&quot;,
        &quot;unAuthorizedProps&quot;: {
          &quot;visible&quot;: false,
          &quot;disabled&quot;: false
        },
        &quot;actionName&quot;: &quot;List&quot;
      },
      {
        &quot;routePath&quot;: null,
        &quot;iconName&quot;: null,
        &quot;controllerName&quot;: &quot;Rider&quot;,
        &quot;name&quot;: &quot;Rider Edit&quot;,
        &quot;displayOrder&quot;: 0,
        &quot;description&quot;: null,
        &quot;id&quot;: &quot;8277937b-eb57-49db-b4e2-b71ca38abd9c&quot;,
        &quot;isMenu&quot;: false,
        &quot;key&quot;: &quot;Rider.Edit&quot;,
        &quot;parentId&quot;: &quot;1b716d9c-2bf6-4a16-9bd1-2214d14b6cc7&quot;,
        &quot;unAuthorizedProps&quot;: {
          &quot;visible&quot;: false,
          &quot;disabled&quot;: false
        },
        &quot;actionName&quot;: &quot;Edit&quot;
      },
      {
        &quot;routePath&quot;: null,
        &quot;iconName&quot;: null,
        &quot;controllerName&quot;: &quot;Setting&quot;,
        &quot;name&quot;: &quot;Setting Create&quot;,
        &quot;displayOrder&quot;: 0,
        &quot;description&quot;: null,
        &quot;id&quot;: &quot;238383c9-3a34-4c8a-b2a2-85f813a6f40a&quot;,
        &quot;isMenu&quot;: false,
        &quot;key&quot;: &quot;Setting.Create&quot;,
        &quot;parentId&quot;: &quot;ccc7592a-301d-4d63-aa26-09e92194ca01&quot;,
        &quot;unAuthorizedProps&quot;: {
          &quot;visible&quot;: false,
          &quot;disabled&quot;: false
        },
        &quot;actionName&quot;: &quot;Create&quot;
      },
      {
        &quot;routePath&quot;: null,
        &quot;iconName&quot;: null,
        &quot;controllerName&quot;: &quot;CouponCode&quot;,
        &quot;name&quot;: &quot;CouponCode&quot;,
        &quot;displayOrder&quot;: 0,
        &quot;description&quot;: null,
        &quot;id&quot;: &quot;d28ce774-c331-4733-b98f-c83f04e8c752&quot;,
        &quot;isMenu&quot;: false,
        &quot;key&quot;: &quot;CouponCode.Delete&quot;,
        &quot;parentId&quot;: &quot;5aaef586-e311-4265-a241-6eb9758d6541&quot;,
        &quot;unAuthorizedProps&quot;: {
          &quot;visible&quot;: false,
          &quot;disabled&quot;: false
        },
        &quot;actionName&quot;: &quot;Delete&quot;
      },
      {
        &quot;routePath&quot;: null,
        &quot;iconName&quot;: null,
        &quot;controllerName&quot;: &quot;Permission&quot;,
        &quot;name&quot;: &quot;Permission Create&quot;,
        &quot;displayOrder&quot;: 0,
        &quot;description&quot;: null,
        &quot;id&quot;: &quot;a1a303e1-73f3-40d4-b748-a725546f5ea8&quot;,
        &quot;isMenu&quot;: false,
        &quot;key&quot;: &quot;Permission.Create&quot;,
        &quot;parentId&quot;: &quot;213aad81-551b-49f7-9d15-f11f5b9e7e88&quot;,
        &quot;unAuthorizedProps&quot;: {
          &quot;visible&quot;: false,
          &quot;disabled&quot;: false
        },
        &quot;actionName&quot;: &quot;Create&quot;
      },
      {
        &quot;routePath&quot;: null,
        &quot;iconName&quot;: null,
        &quot;controllerName&quot;: &quot;Language&quot;,
        &quot;name&quot;: &quot;Language Delete&quot;,
        &quot;displayOrder&quot;: 0,
        &quot;description&quot;: null,
        &quot;id&quot;: &quot;16b92a62-28f2-4a62-b810-9d341253ffef&quot;,
        &quot;isMenu&quot;: false,
        &quot;key&quot;: &quot;Language.Delete&quot;,
        &quot;parentId&quot;: &quot;7d117917-ff5a-448f-ae1c-71b123ffabc0&quot;,
        &quot;unAuthorizedProps&quot;: {
          &quot;visible&quot;: false,
          &quot;disabled&quot;: false
        },
        &quot;actionName&quot;: &quot;Delete&quot;
      },
      {
        &quot;routePath&quot;: null,
        &quot;iconName&quot;: null,
        &quot;controllerName&quot;: &quot;Order&quot;,
        &quot;name&quot;: &quot;Order Find&quot;,
        &quot;displayOrder&quot;: 0,
        &quot;description&quot;: null,
        &quot;id&quot;: &quot;28593029-bc36-4e20-86b9-c1703b181edd&quot;,
        &quot;isMenu&quot;: false,
        &quot;key&quot;: &quot;Order.Find&quot;,
        &quot;parentId&quot;: &quot;872b9f8c-c48d-dfeb-de32-1be0c3c38dbb&quot;,
        &quot;unAuthorizedProps&quot;: {
          &quot;visible&quot;: false,
          &quot;disabled&quot;: false
        },
        &quot;actionName&quot;: &quot;Find&quot;
      },
      {
        &quot;routePath&quot;: null,
        &quot;iconName&quot;: null,
        &quot;controllerName&quot;: &quot;SubRegion&quot;,
        &quot;name&quot;: &quot;SubRegion Create&quot;,
        &quot;displayOrder&quot;: 0,
        &quot;description&quot;: null,
        &quot;id&quot;: &quot;5645a151-6053-4f7b-ab7b-d8503cbb1aba&quot;,
        &quot;isMenu&quot;: false,
        &quot;key&quot;: &quot;SubRegion.Create&quot;,
        &quot;parentId&quot;: &quot;5016a026-6957-41ab-8cda-9bd37afe0841&quot;,
        &quot;unAuthorizedProps&quot;: {
          &quot;visible&quot;: false,
          &quot;disabled&quot;: false
        },
        &quot;actionName&quot;: &quot;Create&quot;
      },
      {
        &quot;routePath&quot;: &quot;dashboards&quot;,
        &quot;iconName&quot;: &quot;dashboardSVG&quot;,
        &quot;controllerName&quot;: &quot;Dashboard&quot;,
        &quot;name&quot;: &quot;Analytics&quot;,
        &quot;displayOrder&quot;: 300,
        &quot;description&quot;: null,
        &quot;id&quot;: &quot;0b0fd9e8-2ae5-40f8-9373-deafc8c5770d&quot;,
        &quot;isMenu&quot;: true,
        &quot;key&quot;: &quot;Dashboard.Index&quot;,
        &quot;parentId&quot;: null,
        &quot;unAuthorizedProps&quot;: {
          &quot;visible&quot;: false,
          &quot;disabled&quot;: false
        },
        &quot;actionName&quot;: &quot;Index&quot;
      },
      {
        &quot;routePath&quot;: null,
        &quot;iconName&quot;: null,
        &quot;controllerName&quot;: &quot;ServiceArea&quot;,
        &quot;name&quot;: &quot;ServiceArea Edit&quot;,
        &quot;displayOrder&quot;: 0,
        &quot;description&quot;: null,
        &quot;id&quot;: &quot;dccac413-6147-41f2-a093-0f85c770405a&quot;,
        &quot;isMenu&quot;: false,
        &quot;key&quot;: &quot;ServiceArea.Edit&quot;,
        &quot;parentId&quot;: &quot;6510260c-2670-4f71-96ed-8f12986fb9cf&quot;,
        &quot;unAuthorizedProps&quot;: {
          &quot;visible&quot;: false,
          &quot;disabled&quot;: false
        },
        &quot;actionName&quot;: &quot;Edit&quot;
      },
      {
        &quot;routePath&quot;: null,
        &quot;iconName&quot;: null,
        &quot;controllerName&quot;: &quot;Employee&quot;,
        &quot;name&quot;: &quot;Employee Create&quot;,
        &quot;displayOrder&quot;: 0,
        &quot;description&quot;: null,
        &quot;id&quot;: &quot;c5270ce8-af43-4c0c-aae3-461b204b6154&quot;,
        &quot;isMenu&quot;: false,
        &quot;key&quot;: &quot;Employee.Create&quot;,
        &quot;parentId&quot;: &quot;e4a8e904-698e-4596-92c3-b40206b19179&quot;,
        &quot;unAuthorizedProps&quot;: {
          &quot;visible&quot;: false,
          &quot;disabled&quot;: false
        },
        &quot;actionName&quot;: &quot;Create&quot;
      },
      {
        &quot;routePath&quot;: null,
        &quot;iconName&quot;: null,
        &quot;controllerName&quot;: &quot;Order&quot;,
        &quot;name&quot;: &quot;Order List&quot;,
        &quot;displayOrder&quot;: 0,
        &quot;description&quot;: null,
        &quot;id&quot;: &quot;5644a0fc-aab8-4a88-9bcc-a71f29a6bb49&quot;,
        &quot;isMenu&quot;: false,
        &quot;key&quot;: &quot;Order.List&quot;,
        &quot;parentId&quot;: &quot;872b9f8c-c48d-dfeb-de32-1be0c3c38dbb&quot;,
        &quot;unAuthorizedProps&quot;: {
          &quot;visible&quot;: false,
          &quot;disabled&quot;: false
        },
        &quot;actionName&quot;: &quot;List&quot;
      },
      {
        &quot;routePath&quot;: null,
        &quot;iconName&quot;: null,
        &quot;controllerName&quot;: &quot;Language&quot;,
        &quot;name&quot;: &quot;Language Find&quot;,
        &quot;displayOrder&quot;: 0,
        &quot;description&quot;: null,
        &quot;id&quot;: &quot;ac47e514-e60f-466f-a16c-401a478bbce7&quot;,
        &quot;isMenu&quot;: false,
        &quot;key&quot;: &quot;Language.Find&quot;,
        &quot;parentId&quot;: &quot;7d117917-ff5a-448f-ae1c-71b123ffabc0&quot;,
        &quot;unAuthorizedProps&quot;: {
          &quot;visible&quot;: false,
          &quot;disabled&quot;: false
        },
        &quot;actionName&quot;: &quot;Find&quot;
      },
      {
        &quot;routePath&quot;: null,
        &quot;iconName&quot;: null,
        &quot;controllerName&quot;: &quot;Employee&quot;,
        &quot;name&quot;: &quot;Employee List&quot;,
        &quot;displayOrder&quot;: 0,
        &quot;description&quot;: null,
        &quot;id&quot;: &quot;85b2a11c-84bd-40bf-87b5-226546bb7272&quot;,
        &quot;isMenu&quot;: false,
        &quot;key&quot;: &quot;Employee.List&quot;,
        &quot;parentId&quot;: &quot;e4a8e904-698e-4596-92c3-b40206b19179&quot;,
        &quot;unAuthorizedProps&quot;: {
          &quot;visible&quot;: false,
          &quot;disabled&quot;: false
        },
        &quot;actionName&quot;: &quot;List&quot;
      },
      {
        &quot;routePath&quot;: null,
        &quot;iconName&quot;: null,
        &quot;controllerName&quot;: &quot;Country&quot;,
        &quot;name&quot;: &quot;Country Delete&quot;,
        &quot;displayOrder&quot;: 0,
        &quot;description&quot;: null,
        &quot;id&quot;: &quot;6107f9a1-4fbe-46fc-82eb-55acf38ead7d&quot;,
        &quot;isMenu&quot;: false,
        &quot;key&quot;: &quot;Country.Delete&quot;,
        &quot;parentId&quot;: &quot;9c15db73-badc-4894-ab1b-d8261bac91c2&quot;,
        &quot;unAuthorizedProps&quot;: {
          &quot;visible&quot;: false,
          &quot;disabled&quot;: false
        },
        &quot;actionName&quot;: &quot;Delete&quot;
      },
      {
        &quot;routePath&quot;: null,
        &quot;iconName&quot;: null,
        &quot;controllerName&quot;: &quot;Category&quot;,
        &quot;name&quot;: &quot;Category ListForFilter&quot;,
        &quot;displayOrder&quot;: 0,
        &quot;description&quot;: null,
        &quot;id&quot;: &quot;f057072d-c8d8-4140-880a-ad2a61df8381&quot;,
        &quot;isMenu&quot;: false,
        &quot;key&quot;: &quot;Category.ListForFilter&quot;,
        &quot;parentId&quot;: &quot;9bbddb67-d7f2-44d3-8d09-6bd04f8b6f79&quot;,
        &quot;unAuthorizedProps&quot;: {
          &quot;visible&quot;: false,
          &quot;disabled&quot;: false
        },
        &quot;actionName&quot;: &quot;ListForFilter&quot;
      },
      {
        &quot;routePath&quot;: &quot;categories&quot;,
        &quot;iconName&quot;: &quot;categorySVG&quot;,
        &quot;controllerName&quot;: &quot;Category&quot;,
        &quot;name&quot;: &quot;Categories&quot;,
        &quot;displayOrder&quot;: 400,
        &quot;description&quot;: null,
        &quot;id&quot;: &quot;501d66f1-cdeb-4f10-85d2-6e00d60e36c9&quot;,
        &quot;isMenu&quot;: true,
        &quot;key&quot;: &quot;Category.Index&quot;,
        &quot;parentId&quot;: &quot;8b40e125-ffeb-4cf1-ba4b-0ac72aac09d9&quot;,
        &quot;unAuthorizedProps&quot;: {
          &quot;visible&quot;: false,
          &quot;disabled&quot;: false
        },
        &quot;actionName&quot;: &quot;Index&quot;
      },
      {
        &quot;routePath&quot;: null,
        &quot;iconName&quot;: null,
        &quot;controllerName&quot;: &quot;ZipCode&quot;,
        &quot;name&quot;: &quot;ZipCode Edit&quot;,
        &quot;displayOrder&quot;: 0,
        &quot;description&quot;: null,
        &quot;id&quot;: &quot;a5fdf875-fb0a-456a-bd3d-8428d97760af&quot;,
        &quot;isMenu&quot;: false,
        &quot;key&quot;: &quot;ZipCode.Edit&quot;,
        &quot;parentId&quot;: &quot;8aa34e38-533b-4ab7-bad7-0eaa7b5dec9c&quot;,
        &quot;unAuthorizedProps&quot;: {
          &quot;visible&quot;: false,
          &quot;disabled&quot;: false
        },
        &quot;actionName&quot;: &quot;Edit&quot;
      },
      {
        &quot;routePath&quot;: null,
        &quot;iconName&quot;: null,
        &quot;controllerName&quot;: &quot;Order&quot;,
        &quot;name&quot;: &quot;Order FindOrdersByUserId&quot;,
        &quot;displayOrder&quot;: 0,
        &quot;description&quot;: null,
        &quot;id&quot;: &quot;68d99af4-6abe-48d5-9ef2-c1cdb594e356&quot;,
        &quot;isMenu&quot;: false,
        &quot;key&quot;: &quot;Order.FindOrdersByUserId&quot;,
        &quot;parentId&quot;: &quot;872b9f8c-c48d-dfeb-de32-1be0c3c38dbb&quot;,
        &quot;unAuthorizedProps&quot;: {
          &quot;visible&quot;: false,
          &quot;disabled&quot;: false
        },
        &quot;actionName&quot;: &quot;FindOrdersByUserId&quot;
      },
      {
        &quot;routePath&quot;: null,
        &quot;iconName&quot;: null,
        &quot;controllerName&quot;: &quot;Address&quot;,
        &quot;name&quot;: &quot;Address Index&quot;,
        &quot;displayOrder&quot;: 0,
        &quot;description&quot;: null,
        &quot;id&quot;: &quot;c3c514ef-1964-4c94-b13a-8bdd83a5b1cb&quot;,
        &quot;isMenu&quot;: false,
        &quot;key&quot;: &quot;Address.Index&quot;,
        &quot;parentId&quot;: null,
        &quot;unAuthorizedProps&quot;: {
          &quot;visible&quot;: false,
          &quot;disabled&quot;: false
        },
        &quot;actionName&quot;: &quot;Index&quot;
      },
      {
        &quot;routePath&quot;: null,
        &quot;iconName&quot;: null,
        &quot;controllerName&quot;: &quot;State&quot;,
        &quot;name&quot;: &quot;State Find&quot;,
        &quot;displayOrder&quot;: 0,
        &quot;description&quot;: null,
        &quot;id&quot;: &quot;749873e1-e852-4fc8-ab64-f1da0b433957&quot;,
        &quot;isMenu&quot;: false,
        &quot;key&quot;: &quot;State.Find&quot;,
        &quot;parentId&quot;: &quot;4842baa6-3b5e-40d1-ba2c-aa896962f8a7&quot;,
        &quot;unAuthorizedProps&quot;: {
          &quot;visible&quot;: false,
          &quot;disabled&quot;: false
        },
        &quot;actionName&quot;: &quot;Find&quot;
      },
      {
        &quot;routePath&quot;: null,
        &quot;iconName&quot;: null,
        &quot;controllerName&quot;: &quot;Order&quot;,
        &quot;name&quot;: &quot;Order Edit&quot;,
        &quot;displayOrder&quot;: 0,
        &quot;description&quot;: null,
        &quot;id&quot;: &quot;9ae4817f-4442-47af-a281-0b3c0d40862e&quot;,
        &quot;isMenu&quot;: false,
        &quot;key&quot;: &quot;Order.Edit&quot;,
        &quot;parentId&quot;: &quot;872b9f8c-c48d-dfeb-de32-1be0c3c38dbb&quot;,
        &quot;unAuthorizedProps&quot;: {
          &quot;visible&quot;: false,
          &quot;disabled&quot;: false
        },
        &quot;actionName&quot;: &quot;Edit&quot;
      },
      {
        &quot;routePath&quot;: null,
        &quot;iconName&quot;: null,
        &quot;controllerName&quot;: &quot;Customer&quot;,
        &quot;name&quot;: &quot;Customer RemoteSearchForCustomer&quot;,
        &quot;displayOrder&quot;: 0,
        &quot;description&quot;: null,
        &quot;id&quot;: &quot;6c5194cb-40ed-4c65-81e7-b8588de65998&quot;,
        &quot;isMenu&quot;: false,
        &quot;key&quot;: &quot;Customer.RemoteSearchForCustomer&quot;,
        &quot;parentId&quot;: &quot;07b60a01-5846-422c-b1c6-1c7a382dbd0e&quot;,
        &quot;unAuthorizedProps&quot;: {
          &quot;visible&quot;: false,
          &quot;disabled&quot;: false
        },
        &quot;actionName&quot;: &quot;RemoteSearchForCustomer&quot;
      },
      {
        &quot;routePath&quot;: null,
        &quot;iconName&quot;: null,
        &quot;controllerName&quot;: &quot;Campaign&quot;,
        &quot;name&quot;: &quot;Campaign Upload Picture&quot;,
        &quot;displayOrder&quot;: 0,
        &quot;description&quot;: null,
        &quot;id&quot;: &quot;939d1f32-170d-4457-ba5b-9e7963a1f44d&quot;,
        &quot;isMenu&quot;: false,
        &quot;key&quot;: &quot;Campaign.UploadCampaignPicture&quot;,
        &quot;parentId&quot;: &quot;fd2f794b-65fb-4da6-9bdb-835c466e4321&quot;,
        &quot;unAuthorizedProps&quot;: {
          &quot;visible&quot;: false,
          &quot;disabled&quot;: false
        },
        &quot;actionName&quot;: &quot;UploadCampaignPicture&quot;
      },
      {
        &quot;routePath&quot;: null,
        &quot;iconName&quot;: null,
        &quot;controllerName&quot;: &quot;Permission&quot;,
        &quot;name&quot;: &quot;Permission Edit&quot;,
        &quot;displayOrder&quot;: 0,
        &quot;description&quot;: null,
        &quot;id&quot;: &quot;fac3a453-994e-43cc-876d-e9c0edc059aa&quot;,
        &quot;isMenu&quot;: false,
        &quot;key&quot;: &quot;Permission.Edit&quot;,
        &quot;parentId&quot;: &quot;213aad81-551b-49f7-9d15-f11f5b9e7e88&quot;,
        &quot;unAuthorizedProps&quot;: {
          &quot;visible&quot;: false,
          &quot;disabled&quot;: false
        },
        &quot;actionName&quot;: &quot;Edit&quot;
      },
      {
        &quot;routePath&quot;: null,
        &quot;iconName&quot;: null,
        &quot;controllerName&quot;: &quot;SubRegion&quot;,
        &quot;name&quot;: &quot;SubRegion Find&quot;,
        &quot;displayOrder&quot;: 0,
        &quot;description&quot;: null,
        &quot;id&quot;: &quot;c04774f1-327c-4343-b9bb-35aa8cf11007&quot;,
        &quot;isMenu&quot;: false,
        &quot;key&quot;: &quot;SubRegion.Find&quot;,
        &quot;parentId&quot;: &quot;5016a026-6957-41ab-8cda-9bd37afe0841&quot;,
        &quot;unAuthorizedProps&quot;: {
          &quot;visible&quot;: false,
          &quot;disabled&quot;: false
        },
        &quot;actionName&quot;: &quot;Find&quot;
      },
      {
        &quot;routePath&quot;: &quot;resources&quot;,
        &quot;iconName&quot;: &quot;resourceSVG&quot;,
        &quot;controllerName&quot;: &quot;LocaleResource&quot;,
        &quot;name&quot;: &quot;Resource&quot;,
        &quot;displayOrder&quot;: 910,
        &quot;description&quot;: null,
        &quot;id&quot;: &quot;4c1a6c0d-765c-444a-b7c8-49e99f61d47b&quot;,
        &quot;isMenu&quot;: true,
        &quot;key&quot;: &quot;LocaleResource.Index&quot;,
        &quot;parentId&quot;: &quot;8f4ea0ae-2382-4769-8584-5f2f2b1520c8&quot;,
        &quot;unAuthorizedProps&quot;: {
          &quot;visible&quot;: false,
          &quot;disabled&quot;: false
        },
        &quot;actionName&quot;: &quot;Index&quot;
      },
      {
        &quot;routePath&quot;: null,
        &quot;iconName&quot;: &quot;blackListSVG&quot;,
        &quot;controllerName&quot;: &quot;BlackList&quot;,
        &quot;name&quot;: &quot;Black List List&quot;,
        &quot;displayOrder&quot;: 0,
        &quot;description&quot;: null,
        &quot;id&quot;: &quot;96f6bf8e-c5b2-46ee-ade0-f00025140813&quot;,
        &quot;isMenu&quot;: false,
        &quot;key&quot;: &quot;BlackList.List&quot;,
        &quot;parentId&quot;: &quot;d273c43d-77c8-4b88-8d35-9ec20a90bd11&quot;,
        &quot;unAuthorizedProps&quot;: {
          &quot;visible&quot;: false,
          &quot;disabled&quot;: false
        },
        &quot;actionName&quot;: &quot;List&quot;
      },
      {
        &quot;routePath&quot;: null,
        &quot;iconName&quot;: null,
        &quot;controllerName&quot;: &quot;County&quot;,
        &quot;name&quot;: &quot;County List&quot;,
        &quot;displayOrder&quot;: 0,
        &quot;description&quot;: null,
        &quot;id&quot;: &quot;b585755d-7f4f-43b0-8d1e-f2d807abcec4&quot;,
        &quot;isMenu&quot;: false,
        &quot;key&quot;: &quot;County.List&quot;,
        &quot;parentId&quot;: &quot;28a7ee86-bfd8-408f-97d3-82a96e1cbcc6&quot;,
        &quot;unAuthorizedProps&quot;: {
          &quot;visible&quot;: false,
          &quot;disabled&quot;: false
        },
        &quot;actionName&quot;: &quot;List&quot;
      },
      {
        &quot;routePath&quot;: null,
        &quot;iconName&quot;: null,
        &quot;controllerName&quot;: &quot;LocaleResource&quot;,
        &quot;name&quot;: &quot;LocaleResource Find&quot;,
        &quot;displayOrder&quot;: 0,
        &quot;description&quot;: null,
        &quot;id&quot;: &quot;8a3bd0e4-9a78-449b-bf34-61a097848b9b&quot;,
        &quot;isMenu&quot;: false,
        &quot;key&quot;: &quot;LocaleResource.Find&quot;,
        &quot;parentId&quot;: &quot;4c1a6c0d-765c-444a-b7c8-49e99f61d47b&quot;,
        &quot;unAuthorizedProps&quot;: {
          &quot;visible&quot;: false,
          &quot;disabled&quot;: false
        },
        &quot;actionName&quot;: &quot;Find&quot;
      },
      {
        &quot;routePath&quot;: null,
        &quot;iconName&quot;: null,
        &quot;controllerName&quot;: &quot;ServiceArea&quot;,
        &quot;name&quot;: &quot;ServiceArea Delete&quot;,
        &quot;displayOrder&quot;: 0,
        &quot;description&quot;: null,
        &quot;id&quot;: &quot;aa63520c-b6b3-4475-8516-d9ed4e71ae82&quot;,
        &quot;isMenu&quot;: false,
        &quot;key&quot;: &quot;ServiceArea.Delete&quot;,
        &quot;parentId&quot;: &quot;6510260c-2670-4f71-96ed-8f12986fb9cf&quot;,
        &quot;unAuthorizedProps&quot;: {
          &quot;visible&quot;: false,
          &quot;disabled&quot;: false
        },
        &quot;actionName&quot;: &quot;Delete&quot;
      },
      {
        &quot;routePath&quot;: null,
        &quot;iconName&quot;: null,
        &quot;controllerName&quot;: &quot;Permission&quot;,
        &quot;name&quot;: &quot;Permission Delete&quot;,
        &quot;displayOrder&quot;: 0,
        &quot;description&quot;: null,
        &quot;id&quot;: &quot;acdf48fe-e099-4a8c-a80c-75a3bfe58940&quot;,
        &quot;isMenu&quot;: false,
        &quot;key&quot;: &quot;Permission.Delete&quot;,
        &quot;parentId&quot;: &quot;213aad81-551b-49f7-9d15-f11f5b9e7e88&quot;,
        &quot;unAuthorizedProps&quot;: {
          &quot;visible&quot;: false,
          &quot;disabled&quot;: false
        },
        &quot;actionName&quot;: &quot;Delete&quot;
      },
      {
        &quot;routePath&quot;: &quot;tech-support&quot;,
        &quot;iconName&quot;: &quot;supportSVG&quot;,
        &quot;controllerName&quot;: &quot;Tech&quot;,
        &quot;name&quot;: &quot;Tech Support&quot;,
        &quot;displayOrder&quot;: 1000,
        &quot;description&quot;: null,
        &quot;id&quot;: &quot;7c8e8441-579f-4552-a9f8-b6d5a9f1df3c&quot;,
        &quot;isMenu&quot;: true,
        &quot;key&quot;: &quot;Tech.Support&quot;,
        &quot;parentId&quot;: &quot;5b7cb896-ff20-4798-8468-df6c7f3be073&quot;,
        &quot;unAuthorizedProps&quot;: {
          &quot;visible&quot;: false,
          &quot;disabled&quot;: false
        },
        &quot;actionName&quot;: &quot;Support&quot;
      },
      {
        &quot;routePath&quot;: null,
        &quot;iconName&quot;: null,
        &quot;controllerName&quot;: &quot;Region&quot;,
        &quot;name&quot;: &quot;Region Find&quot;,
        &quot;displayOrder&quot;: 0,
        &quot;description&quot;: null,
        &quot;id&quot;: &quot;373140df-79dd-4adc-b233-0d8f50f44dda&quot;,
        &quot;isMenu&quot;: false,
        &quot;key&quot;: &quot;Region.Find&quot;,
        &quot;parentId&quot;: &quot;636ed702-38d2-4f20-967d-54564a31315f&quot;,
        &quot;unAuthorizedProps&quot;: {
          &quot;visible&quot;: false,
          &quot;disabled&quot;: false
        },
        &quot;actionName&quot;: &quot;Find&quot;
      },
      {
        &quot;routePath&quot;: null,
        &quot;iconName&quot;: null,
        &quot;controllerName&quot;: &quot;County&quot;,
        &quot;name&quot;: &quot;County Delete&quot;,
        &quot;displayOrder&quot;: 0,
        &quot;description&quot;: null,
        &quot;id&quot;: &quot;b359ba12-bf6f-4788-9f9a-c8fd1798258b&quot;,
        &quot;isMenu&quot;: false,
        &quot;key&quot;: &quot;County.Delete&quot;,
        &quot;parentId&quot;: &quot;28a7ee86-bfd8-408f-97d3-82a96e1cbcc6&quot;,
        &quot;unAuthorizedProps&quot;: {
          &quot;visible&quot;: false,
          &quot;disabled&quot;: false
        },
        &quot;actionName&quot;: &quot;Delete&quot;
      },
      {
        &quot;routePath&quot;: null,
        &quot;iconName&quot;: null,
        &quot;controllerName&quot;: &quot;LocaleResource&quot;,
        &quot;name&quot;: &quot;LocaleResource Edit&quot;,
        &quot;displayOrder&quot;: 0,
        &quot;description&quot;: null,
        &quot;id&quot;: &quot;577e23af-d37c-4a77-bb18-40d89a3f6d66&quot;,
        &quot;isMenu&quot;: false,
        &quot;key&quot;: &quot;LocaleResource.Edit&quot;,
        &quot;parentId&quot;: &quot;4c1a6c0d-765c-444a-b7c8-49e99f61d47b&quot;,
        &quot;unAuthorizedProps&quot;: {
          &quot;visible&quot;: false,
          &quot;disabled&quot;: false
        },
        &quot;actionName&quot;: &quot;Edit&quot;
      },
      {
        &quot;routePath&quot;: &quot;map&quot;,
        &quot;iconName&quot;: &quot;mapSVG&quot;,
        &quot;controllerName&quot;: &quot;Admin&quot;,
        &quot;name&quot;: &quot;Map&quot;,
        &quot;displayOrder&quot;: 200,
        &quot;description&quot;: null,
        &quot;id&quot;: &quot;65e94cad-f24a-7d0e-3a21-de1a1e5e8765&quot;,
        &quot;isMenu&quot;: false,
        &quot;key&quot;: &quot;Admin.Map&quot;,
        &quot;parentId&quot;: null,
        &quot;unAuthorizedProps&quot;: {
          &quot;visible&quot;: false,
          &quot;disabled&quot;: false
        },
        &quot;actionName&quot;: &quot;Map&quot;
      },
      {
        &quot;routePath&quot;: null,
        &quot;iconName&quot;: null,
        &quot;controllerName&quot;: &quot;LocaleResource&quot;,
        &quot;name&quot;: &quot;LocaleResource Export&quot;,
        &quot;displayOrder&quot;: 0,
        &quot;description&quot;: null,
        &quot;id&quot;: &quot;cc2a0054-37f4-4f72-80cd-56e918590d0c&quot;,
        &quot;isMenu&quot;: false,
        &quot;key&quot;: &quot;LocaleResource.Export&quot;,
        &quot;parentId&quot;: &quot;4c1a6c0d-765c-444a-b7c8-49e99f61d47b&quot;,
        &quot;unAuthorizedProps&quot;: {
          &quot;visible&quot;: false,
          &quot;disabled&quot;: false
        },
        &quot;actionName&quot;: &quot;Export&quot;
      },
      {
        &quot;routePath&quot;: null,
        &quot;iconName&quot;: &quot;RemoteSearchForProductName&quot;,
        &quot;controllerName&quot;: &quot;Product&quot;,
        &quot;name&quot;: &quot;Product RemoteSearchForProductName&quot;,
        &quot;displayOrder&quot;: 0,
        &quot;description&quot;: null,
        &quot;id&quot;: &quot;5f84cdde-5800-48ce-b690-86628a41f98c&quot;,
        &quot;isMenu&quot;: false,
        &quot;key&quot;: &quot;Product.RemoteSearchForProductName&quot;,
        &quot;parentId&quot;: &quot;1858607f-58c2-4c69-8078-f2756c5ca81e&quot;,
        &quot;unAuthorizedProps&quot;: {
          &quot;visible&quot;: false,
          &quot;disabled&quot;: false
        },
        &quot;actionName&quot;: &quot;RemoteSearchForProductName&quot;
      },
      {
        &quot;routePath&quot;: &quot;&quot;,
        &quot;iconName&quot;: &quot;usersSVG&quot;,
        &quot;controllerName&quot;: &quot;User&quot;,
        &quot;name&quot;: &quot;Users&quot;,
        &quot;displayOrder&quot;: 600,
        &quot;description&quot;: null,
        &quot;id&quot;: &quot;8b04f24a-f777-5455-9d4b-5d32257d3d62&quot;,
        &quot;isMenu&quot;: true,
        &quot;key&quot;: &quot;User.Index&quot;,
        &quot;parentId&quot;: null,
        &quot;unAuthorizedProps&quot;: {
          &quot;visible&quot;: false,
          &quot;disabled&quot;: false
        },
        &quot;actionName&quot;: &quot;Index&quot;
      },
      {
        &quot;routePath&quot;: &quot;productmanagement&quot;,
        &quot;iconName&quot;: &quot;productSVG&quot;,
        &quot;controllerName&quot;: &quot;Product&quot;,
        &quot;name&quot;: &quot;Feature Ideation&quot;,
        &quot;displayOrder&quot;: 999,
        &quot;description&quot;: null,
        &quot;id&quot;: &quot;0d5f6f26-1114-4503-95da-fff6063915b6&quot;,
        &quot;isMenu&quot;: true,
        &quot;key&quot;: &quot;Product.Management&quot;,
        &quot;parentId&quot;: &quot;5b7cb896-ff20-4798-8468-df6c7f3be073&quot;,
        &quot;unAuthorizedProps&quot;: {
          &quot;visible&quot;: false,
          &quot;disabled&quot;: false
        },
        &quot;actionName&quot;: &quot;Management&quot;
      },
      {
        &quot;routePath&quot;: null,
        &quot;iconName&quot;: null,
        &quot;controllerName&quot;: &quot;Category&quot;,
        &quot;name&quot;: &quot;Category GetCategoryByParent&quot;,
        &quot;displayOrder&quot;: 0,
        &quot;description&quot;: null,
        &quot;id&quot;: &quot;5d731e1f-4111-4737-a729-9d476ac966a5&quot;,
        &quot;isMenu&quot;: false,
        &quot;key&quot;: &quot;Category.GetCategoryByParent&quot;,
        &quot;parentId&quot;: &quot;9bbddb67-d7f2-44d3-8d09-6bd04f8b6f79&quot;,
        &quot;unAuthorizedProps&quot;: {
          &quot;visible&quot;: false,
          &quot;disabled&quot;: false
        },
        &quot;actionName&quot;: &quot;GetCategoryByParent&quot;
      },
      {
        &quot;routePath&quot;: null,
        &quot;iconName&quot;: null,
        &quot;controllerName&quot;: &quot;Customer&quot;,
        &quot;name&quot;: &quot;Customer List&quot;,
        &quot;displayOrder&quot;: 0,
        &quot;description&quot;: null,
        &quot;id&quot;: &quot;bbe76549-965a-45b4-9680-86bac515fc1b&quot;,
        &quot;isMenu&quot;: false,
        &quot;key&quot;: &quot;Customer.List&quot;,
        &quot;parentId&quot;: &quot;07b60a01-5846-422c-b1c6-1c7a382dbd0e&quot;,
        &quot;unAuthorizedProps&quot;: {
          &quot;visible&quot;: false,
          &quot;disabled&quot;: false
        },
        &quot;actionName&quot;: &quot;List&quot;
      },
      {
        &quot;routePath&quot;: &quot;settings&quot;,
        &quot;iconName&quot;: &quot;settingsSVG&quot;,
        &quot;controllerName&quot;: &quot;Setting&quot;,
        &quot;name&quot;: &quot;Settings&quot;,
        &quot;displayOrder&quot;: 1000,
        &quot;description&quot;: null,
        &quot;id&quot;: &quot;ccc7592a-301d-4d63-aa26-09e92194ca01&quot;,
        &quot;isMenu&quot;: true,
        &quot;key&quot;: &quot;Setting.Index&quot;,
        &quot;parentId&quot;: null,
        &quot;unAuthorizedProps&quot;: {
          &quot;visible&quot;: false,
          &quot;disabled&quot;: false
        },
        &quot;actionName&quot;: &quot;Index&quot;
      },
      {
        &quot;routePath&quot;: null,
        &quot;iconName&quot;: null,
        &quot;controllerName&quot;: &quot;LocaleResource&quot;,
        &quot;name&quot;: &quot;LocaleResource Index&quot;,
        &quot;displayOrder&quot;: 0,
        &quot;description&quot;: &quot;LocaleResource Index &quot;,
        &quot;id&quot;: &quot;b88d0e35-5b99-4daf-9c2f-ff36aab9197e&quot;,
        &quot;isMenu&quot;: false,
        &quot;key&quot;: &quot;LocaleResource.Index&quot;,
        &quot;parentId&quot;: &quot;4c1a6c0d-765c-444a-b7c8-49e99f61d47b&quot;,
        &quot;unAuthorizedProps&quot;: {
          &quot;visible&quot;: false,
          &quot;disabled&quot;: false
        },
        &quot;actionName&quot;: &quot;Index&quot;
      },
      {
        &quot;routePath&quot;: null,
        &quot;iconName&quot;: null,
        &quot;controllerName&quot;: &quot;Warehouse&quot;,
        &quot;name&quot;: &quot;Warehouse EditWarehouseState&quot;,
        &quot;displayOrder&quot;: 0,
        &quot;description&quot;: null,
        &quot;id&quot;: &quot;fb7d3fd3-e816-4921-98ae-178c750b951a&quot;,
        &quot;isMenu&quot;: false,
        &quot;key&quot;: &quot;Warehouse.EditWarehouseState&quot;,
        &quot;parentId&quot;: &quot;7a99d565-0e98-95af-19bd-814011ea2417&quot;,
        &quot;unAuthorizedProps&quot;: {
          &quot;visible&quot;: false,
          &quot;disabled&quot;: false
        },
        &quot;actionName&quot;: &quot;EditWarehouseState&quot;
      },
      {
        &quot;routePath&quot;: &quot;vehicles&quot;,
        &quot;iconName&quot;: &quot;vehicleSVG&quot;,
        &quot;controllerName&quot;: &quot;Vehicle&quot;,
        &quot;name&quot;: &quot;Vehicles&quot;,
        &quot;displayOrder&quot;: 900,
        &quot;description&quot;: null,
        &quot;id&quot;: &quot;27436094-fc09-48ea-ae79-8ea2b4517866&quot;,
        &quot;isMenu&quot;: false,
        &quot;key&quot;: &quot;Vehicle.Index&quot;,
        &quot;parentId&quot;: null,
        &quot;unAuthorizedProps&quot;: {
          &quot;visible&quot;: false,
          &quot;disabled&quot;: false
        },
        &quot;actionName&quot;: &quot;Index&quot;
      },
      {
        &quot;routePath&quot;: null,
        &quot;iconName&quot;: null,
        &quot;controllerName&quot;: &quot;Warehouse&quot;,
        &quot;name&quot;: &quot;Warehouse List&quot;,
        &quot;displayOrder&quot;: 0,
        &quot;description&quot;: null,
        &quot;id&quot;: &quot;ac3e564a-4cc4-453d-8938-2563ef62921f&quot;,
        &quot;isMenu&quot;: false,
        &quot;key&quot;: &quot;Warehouse.List&quot;,
        &quot;parentId&quot;: &quot;7a99d565-0e98-95af-19bd-814011ea2417&quot;,
        &quot;unAuthorizedProps&quot;: {
          &quot;visible&quot;: false,
          &quot;disabled&quot;: false
        },
        &quot;actionName&quot;: &quot;List&quot;
      },
      {
        &quot;routePath&quot;: null,
        &quot;iconName&quot;: null,
        &quot;controllerName&quot;: &quot;CouponCode&quot;,
        &quot;name&quot;: &quot;CouponCode&quot;,
        &quot;displayOrder&quot;: 0,
        &quot;description&quot;: null,
        &quot;id&quot;: &quot;5aaef586-e311-4265-a241-6eb9758d6541&quot;,
        &quot;isMenu&quot;: false,
        &quot;key&quot;: &quot;CouponCode.ListForFilter&quot;,
        &quot;parentId&quot;: null,
        &quot;unAuthorizedProps&quot;: {
          &quot;visible&quot;: false,
          &quot;disabled&quot;: false
        },
        &quot;actionName&quot;: &quot;ListForFilter&quot;
      },
      {
        &quot;routePath&quot;: null,
        &quot;iconName&quot;: null,
        &quot;controllerName&quot;: &quot;State&quot;,
        &quot;name&quot;: &quot;State Edit&quot;,
        &quot;displayOrder&quot;: 0,
        &quot;description&quot;: null,
        &quot;id&quot;: &quot;581b4c8a-cce8-447b-98b5-1f29f9aae457&quot;,
        &quot;isMenu&quot;: false,
        &quot;key&quot;: &quot;State.Edit&quot;,
        &quot;parentId&quot;: &quot;4842baa6-3b5e-40d1-ba2c-aa896962f8a7&quot;,
        &quot;unAuthorizedProps&quot;: {
          &quot;visible&quot;: false,
          &quot;disabled&quot;: false
        },
        &quot;actionName&quot;: &quot;Edit&quot;
      },
      {
        &quot;routePath&quot;: null,
        &quot;iconName&quot;: null,
        &quot;controllerName&quot;: &quot;Country&quot;,
        &quot;name&quot;: &quot;Country Edit&quot;,
        &quot;displayOrder&quot;: 0,
        &quot;description&quot;: null,
        &quot;id&quot;: &quot;117355ed-1004-4b13-beb3-2ee0056892f1&quot;,
        &quot;isMenu&quot;: false,
        &quot;key&quot;: &quot;Country.Edit&quot;,
        &quot;parentId&quot;: &quot;9c15db73-badc-4894-ab1b-d8261bac91c2&quot;,
        &quot;unAuthorizedProps&quot;: {
          &quot;visible&quot;: false,
          &quot;disabled&quot;: false
        },
        &quot;actionName&quot;: &quot;Edit&quot;
      },
      {
        &quot;routePath&quot;: &quot;geo-areas&quot;,
        &quot;iconName&quot;: &quot;geo-areasSVG&quot;,
        &quot;controllerName&quot;: &quot;GeoArea&quot;,
        &quot;name&quot;: &quot;Geo Areas&quot;,
        &quot;displayOrder&quot;: 400,
        &quot;description&quot;: null,
        &quot;id&quot;: &quot;596bb8e1-9705-be47-b70e-e0cb48edc078&quot;,
        &quot;isMenu&quot;: true,
        &quot;key&quot;: &quot;GeoArea.Index&quot;,
        &quot;parentId&quot;: null,
        &quot;unAuthorizedProps&quot;: {
          &quot;visible&quot;: false,
          &quot;disabled&quot;: false
        },
        &quot;actionName&quot;: &quot;Index&quot;
      },
      {
        &quot;routePath&quot;: null,
        &quot;iconName&quot;: null,
        &quot;controllerName&quot;: &quot;Role&quot;,
        &quot;name&quot;: &quot;Role List&quot;,
        &quot;displayOrder&quot;: 0,
        &quot;description&quot;: null,
        &quot;id&quot;: &quot;ed6b7f77-7b07-4fdd-b4eb-5dc72ed21a53&quot;,
        &quot;isMenu&quot;: false,
        &quot;key&quot;: &quot;Role.List&quot;,
        &quot;parentId&quot;: &quot;e98d2f21-52f8-41cb-9b3f-fe979b5f0578&quot;,
        &quot;unAuthorizedProps&quot;: {
          &quot;visible&quot;: false,
          &quot;disabled&quot;: false
        },
        &quot;actionName&quot;: &quot;List&quot;
      },
      {
        &quot;routePath&quot;: null,
        &quot;iconName&quot;: null,
        &quot;controllerName&quot;: &quot;Warehouse&quot;,
        &quot;name&quot;: &quot;Warehouse ListBasic&quot;,
        &quot;displayOrder&quot;: 0,
        &quot;description&quot;: null,
        &quot;id&quot;: &quot;3cd0e960-08c5-488e-82bf-e81eb0481924&quot;,
        &quot;isMenu&quot;: false,
        &quot;key&quot;: &quot;Warehouse.ListBasic&quot;,
        &quot;parentId&quot;: &quot;7a99d565-0e98-95af-19bd-814011ea2417&quot;,
        &quot;unAuthorizedProps&quot;: {
          &quot;visible&quot;: false,
          &quot;disabled&quot;: false
        },
        &quot;actionName&quot;: &quot;ListBasic&quot;
      },
      {
        &quot;routePath&quot;: null,
        &quot;iconName&quot;: null,
        &quot;controllerName&quot;: &quot;Address&quot;,
        &quot;name&quot;: &quot;Address Edit&quot;,
        &quot;displayOrder&quot;: 0,
        &quot;description&quot;: null,
        &quot;id&quot;: &quot;3e821719-5809-4a64-979f-9f373f2510d4&quot;,
        &quot;isMenu&quot;: false,
        &quot;key&quot;: &quot;Address.Edit&quot;,
        &quot;parentId&quot;: &quot;c3c514ef-1964-4c94-b13a-8bdd83a5b1cb&quot;,
        &quot;unAuthorizedProps&quot;: {
          &quot;visible&quot;: false,
          &quot;disabled&quot;: false
        },
        &quot;actionName&quot;: &quot;Edit&quot;
      },
      {
        &quot;routePath&quot;: null,
        &quot;iconName&quot;: null,
        &quot;controllerName&quot;: &quot;ServiceArea&quot;,
        &quot;name&quot;: &quot;ServiceArea Create&quot;,
        &quot;displayOrder&quot;: 0,
        &quot;description&quot;: null,
        &quot;id&quot;: &quot;20738cab-a928-4c12-9a39-29eeaf60713a&quot;,
        &quot;isMenu&quot;: false,
        &quot;key&quot;: &quot;ServiceArea.Create&quot;,
        &quot;parentId&quot;: &quot;6510260c-2670-4f71-96ed-8f12986fb9cf&quot;,
        &quot;unAuthorizedProps&quot;: {
          &quot;visible&quot;: false,
          &quot;disabled&quot;: false
        },
        &quot;actionName&quot;: &quot;Create&quot;
      },
      {
        &quot;routePath&quot;: null,
        &quot;iconName&quot;: null,
        &quot;controllerName&quot;: &quot;Setting&quot;,
        &quot;name&quot;: &quot;Setting Find&quot;,
        &quot;displayOrder&quot;: 0,
        &quot;description&quot;: null,
        &quot;id&quot;: &quot;e57a84a5-6d3e-4513-82cd-1ec64740178b&quot;,
        &quot;isMenu&quot;: false,
        &quot;key&quot;: &quot;Setting.Find&quot;,
        &quot;parentId&quot;: &quot;ccc7592a-301d-4d63-aa26-09e92194ca01&quot;,
        &quot;unAuthorizedProps&quot;: {
          &quot;visible&quot;: false,
          &quot;disabled&quot;: false
        },
        &quot;actionName&quot;: &quot;Find&quot;
      },
      {
        &quot;routePath&quot;: null,
        &quot;iconName&quot;: null,
        &quot;controllerName&quot;: &quot;SubRegion&quot;,
        &quot;name&quot;: &quot;SubRegion Edit&quot;,
        &quot;displayOrder&quot;: 0,
        &quot;description&quot;: null,
        &quot;id&quot;: &quot;befec01d-311a-4d58-8875-390d7c5143ab&quot;,
        &quot;isMenu&quot;: false,
        &quot;key&quot;: &quot;SubRegion.Edit&quot;,
        &quot;parentId&quot;: &quot;5016a026-6957-41ab-8cda-9bd37afe0841&quot;,
        &quot;unAuthorizedProps&quot;: {
          &quot;visible&quot;: false,
          &quot;disabled&quot;: false
        },
        &quot;actionName&quot;: &quot;Edit&quot;
      },
      {
        &quot;routePath&quot;: null,
        &quot;iconName&quot;: null,
        &quot;controllerName&quot;: &quot;State&quot;,
        &quot;name&quot;: &quot;State Create&quot;,
        &quot;displayOrder&quot;: 0,
        &quot;description&quot;: null,
        &quot;id&quot;: &quot;88690c06-a8b6-4e95-a176-3963af2d2b79&quot;,
        &quot;isMenu&quot;: false,
        &quot;key&quot;: &quot;State.Create&quot;,
        &quot;parentId&quot;: &quot;4842baa6-3b5e-40d1-ba2c-aa896962f8a7&quot;,
        &quot;unAuthorizedProps&quot;: {
          &quot;visible&quot;: false,
          &quot;disabled&quot;: false
        },
        &quot;actionName&quot;: &quot;Create&quot;
      },
      {
        &quot;routePath&quot;: null,
        &quot;iconName&quot;: null,
        &quot;controllerName&quot;: &quot;LocaleResource&quot;,
        &quot;name&quot;: &quot;LocaleResource Import&quot;,
        &quot;displayOrder&quot;: 0,
        &quot;description&quot;: null,
        &quot;id&quot;: &quot;a0f85551-79e4-4fd8-b9dc-7b4e0bd3f3d9&quot;,
        &quot;isMenu&quot;: false,
        &quot;key&quot;: &quot;LocaleResource.Import&quot;,
        &quot;parentId&quot;: &quot;4c1a6c0d-765c-444a-b7c8-49e99f61d47b&quot;,
        &quot;unAuthorizedProps&quot;: {
          &quot;visible&quot;: false,
          &quot;disabled&quot;: false
        },
        &quot;actionName&quot;: &quot;Import&quot;
      },
      {
        &quot;routePath&quot;: null,
        &quot;iconName&quot;: null,
        &quot;controllerName&quot;: &quot;Country&quot;,
        &quot;name&quot;: &quot;Country Create&quot;,
        &quot;displayOrder&quot;: 0,
        &quot;description&quot;: null,
        &quot;id&quot;: &quot;b4e4f143-cdff-4839-a5db-7379c79b2cc1&quot;,
        &quot;isMenu&quot;: false,
        &quot;key&quot;: &quot;Country.Create&quot;,
        &quot;parentId&quot;: &quot;9c15db73-badc-4894-ab1b-d8261bac91c2&quot;,
        &quot;unAuthorizedProps&quot;: {
          &quot;visible&quot;: false,
          &quot;disabled&quot;: false
        },
        &quot;actionName&quot;: &quot;Create&quot;
      },
      {
        &quot;routePath&quot;: null,
        &quot;iconName&quot;: null,
        &quot;controllerName&quot;: &quot;Warehouse&quot;,
        &quot;name&quot;: &quot;Warehouse Delete&quot;,
        &quot;displayOrder&quot;: 0,
        &quot;description&quot;: null,
        &quot;id&quot;: &quot;dbc3a8dd-ea84-4a11-bbfe-02a476211462&quot;,
        &quot;isMenu&quot;: false,
        &quot;key&quot;: &quot;Warehouse.Delete&quot;,
        &quot;parentId&quot;: &quot;7a99d565-0e98-95af-19bd-814011ea2417&quot;,
        &quot;unAuthorizedProps&quot;: {
          &quot;visible&quot;: false,
          &quot;disabled&quot;: false
        },
        &quot;actionName&quot;: &quot;Delete&quot;
      },
      {
        &quot;routePath&quot;: &quot;blacklist&quot;,
        &quot;iconName&quot;: &quot;blackListSVG&quot;,
        &quot;controllerName&quot;: &quot;BlackList&quot;,
        &quot;name&quot;: &quot;Black List&quot;,
        &quot;displayOrder&quot;: 0,
        &quot;description&quot;: null,
        &quot;id&quot;: &quot;d273c43d-77c8-4b88-8d35-9ec20a90bd11&quot;,
        &quot;isMenu&quot;: false,
        &quot;key&quot;: &quot;BlackList.Index&quot;,
        &quot;parentId&quot;: &quot;8b04f24a-f777-5455-9d4b-5d32257d3d62&quot;,
        &quot;unAuthorizedProps&quot;: {
          &quot;visible&quot;: false,
          &quot;disabled&quot;: false
        },
        &quot;actionName&quot;: &quot;Index&quot;
      },
      {
        &quot;routePath&quot;: null,
        &quot;iconName&quot;: &quot;control&quot;,
        &quot;controllerName&quot;: &quot;DriverApp&quot;,
        &quot;name&quot;: &quot;Control&quot;,
        &quot;displayOrder&quot;: 0,
        &quot;description&quot;: &quot;&quot;,
        &quot;id&quot;: &quot;ac0083c7-bd11-4d5a-88bd-5fdfd029d71d&quot;,
        &quot;isMenu&quot;: true,
        &quot;key&quot;: &quot;DriverApp.Control&quot;,
        &quot;parentId&quot;: &quot;673cefc5-8638-47b5-9440-8f3fa459f0b1&quot;,
        &quot;unAuthorizedProps&quot;: {
          &quot;visible&quot;: false,
          &quot;disabled&quot;: false
        },
        &quot;actionName&quot;: &quot;Control&quot;
      },
      {
        &quot;routePath&quot;: null,
        &quot;iconName&quot;: null,
        &quot;controllerName&quot;: &quot;Permission&quot;,
        &quot;name&quot;: &quot;Permission Tree&quot;,
        &quot;displayOrder&quot;: 0,
        &quot;description&quot;: null,
        &quot;id&quot;: &quot;31bf9d11-e13f-483c-835e-c0507f1c001b&quot;,
        &quot;isMenu&quot;: false,
        &quot;key&quot;: &quot;Permission.PermissionTree&quot;,
        &quot;parentId&quot;: &quot;213aad81-551b-49f7-9d15-f11f5b9e7e88&quot;,
        &quot;unAuthorizedProps&quot;: {
          &quot;visible&quot;: false,
          &quot;disabled&quot;: false
        },
        &quot;actionName&quot;: &quot;PermissionTree&quot;
      },
      {
        &quot;routePath&quot;: &quot;dashboards&quot;,
        &quot;iconName&quot;: &quot;dashboardSVG&quot;,
        &quot;controllerName&quot;: &quot;Dashboard&quot;,
        &quot;name&quot;: &quot;Analytics&quot;,
        &quot;displayOrder&quot;: 300,
        &quot;description&quot;: &quot;Analytics&quot;,
        &quot;id&quot;: &quot;9160e49e-2340-41fd-aee7-f00fb79cca35&quot;,
        &quot;isMenu&quot;: false,
        &quot;key&quot;: &quot;Dashboard.GetDashboardIframe&quot;,
        &quot;parentId&quot;: null,
        &quot;unAuthorizedProps&quot;: {
          &quot;visible&quot;: false,
          &quot;disabled&quot;: false
        },
        &quot;actionName&quot;: &quot;GetDashboardIframe&quot;
      },
      {
        &quot;routePath&quot;: null,
        &quot;iconName&quot;: null,
        &quot;controllerName&quot;: &quot;Customer&quot;,
        &quot;name&quot;: &quot;Customer Find&quot;,
        &quot;displayOrder&quot;: 0,
        &quot;description&quot;: null,
        &quot;id&quot;: &quot;7e69895f-a4fe-470b-9dbd-3902631c5978&quot;,
        &quot;isMenu&quot;: false,
        &quot;key&quot;: &quot;Customer.Find&quot;,
        &quot;parentId&quot;: &quot;07b60a01-5846-422c-b1c6-1c7a382dbd0e&quot;,
        &quot;unAuthorizedProps&quot;: {
          &quot;visible&quot;: false,
          &quot;disabled&quot;: false
        },
        &quot;actionName&quot;: &quot;Find&quot;
      },
      {
        &quot;routePath&quot;: null,
        &quot;iconName&quot;: null,
        &quot;controllerName&quot;: &quot;Order&quot;,
        &quot;name&quot;: &quot;Order List&quot;,
        &quot;displayOrder&quot;: 0,
        &quot;description&quot;: null,
        &quot;id&quot;: &quot;68267f89-edc4-4c6b-a72b-06381cf0e532&quot;,
        &quot;isMenu&quot;: false,
        &quot;key&quot;: &quot;Order.List&quot;,
        &quot;parentId&quot;: &quot;872b9f8c-c48d-dfeb-de32-1be0c3c38dbb&quot;,
        &quot;unAuthorizedProps&quot;: {
          &quot;visible&quot;: false,
          &quot;disabled&quot;: false
        },
        &quot;actionName&quot;: &quot;List&quot;
      },
      {
        &quot;routePath&quot;: &quot;&quot;,
        &quot;iconName&quot;: &quot;ordersSVG&quot;,
        &quot;controllerName&quot;: &quot;Order&quot;,
        &quot;name&quot;: &quot;Orders&quot;,
        &quot;displayOrder&quot;: 100,
        &quot;description&quot;: null,
        &quot;id&quot;: &quot;872b9f8c-c48d-dfeb-de32-1be0c3c38dbb&quot;,
        &quot;isMenu&quot;: true,
        &quot;key&quot;: &quot;Order.Index&quot;,
        &quot;parentId&quot;: null,
        &quot;unAuthorizedProps&quot;: {
          &quot;visible&quot;: false,
          &quot;disabled&quot;: false
        },
        &quot;actionName&quot;: &quot;Index&quot;
      },
      {
        &quot;routePath&quot;: null,
        &quot;iconName&quot;: null,
        &quot;controllerName&quot;: &quot;Order&quot;,
        &quot;name&quot;: &quot;Order ReportOrderItem&quot;,
        &quot;displayOrder&quot;: 0,
        &quot;description&quot;: null,
        &quot;id&quot;: &quot;fc541f93-e00d-4204-bc10-21a8c66281d9&quot;,
        &quot;isMenu&quot;: false,
        &quot;key&quot;: &quot;Order.ReportOrderItem&quot;,
        &quot;parentId&quot;: &quot;872b9f8c-c48d-dfeb-de32-1be0c3c38dbb&quot;,
        &quot;unAuthorizedProps&quot;: {
          &quot;visible&quot;: false,
          &quot;disabled&quot;: false
        },
        &quot;actionName&quot;: &quot;ReportOrderItem&quot;
      },
      {
        &quot;routePath&quot;: null,
        &quot;iconName&quot;: null,
        &quot;controllerName&quot;: &quot;Country&quot;,
        &quot;name&quot;: &quot;Country List&quot;,
        &quot;displayOrder&quot;: 0,
        &quot;description&quot;: null,
        &quot;id&quot;: &quot;965f2723-9852-432a-8811-6d549e75b51c&quot;,
        &quot;isMenu&quot;: false,
        &quot;key&quot;: &quot;Country.List&quot;,
        &quot;parentId&quot;: &quot;9c15db73-badc-4894-ab1b-d8261bac91c2&quot;,
        &quot;unAuthorizedProps&quot;: {
          &quot;visible&quot;: false,
          &quot;disabled&quot;: false
        },
        &quot;actionName&quot;: &quot;List&quot;
      },
      {
        &quot;routePath&quot;: &quot;employees&quot;,
        &quot;iconName&quot;: &quot;employeeSVG&quot;,
        &quot;controllerName&quot;: &quot;Employee&quot;,
        &quot;name&quot;: &quot;Employee&quot;,
        &quot;displayOrder&quot;: 630,
        &quot;description&quot;: null,
        &quot;id&quot;: &quot;e4a8e904-698e-4596-92c3-b40206b19179&quot;,
        &quot;isMenu&quot;: true,
        &quot;key&quot;: &quot;Employee.Index&quot;,
        &quot;parentId&quot;: &quot;8b04f24a-f777-5455-9d4b-5d32257d3d62&quot;,
        &quot;unAuthorizedProps&quot;: {
          &quot;visible&quot;: false,
          &quot;disabled&quot;: false
        },
        &quot;actionName&quot;: &quot;Index&quot;
      },
      {
        &quot;routePath&quot;: null,
        &quot;iconName&quot;: &quot;ListForFilter&quot;,
        &quot;controllerName&quot;: &quot;Product&quot;,
        &quot;name&quot;: &quot;Product ListForFilter&quot;,
        &quot;displayOrder&quot;: 0,
        &quot;description&quot;: null,
        &quot;id&quot;: &quot;3e7badfa-60f6-46f4-ab65-60c10cf0158c&quot;,
        &quot;isMenu&quot;: false,
        &quot;key&quot;: &quot;Product.ListForFilter&quot;,
        &quot;parentId&quot;: null,
        &quot;unAuthorizedProps&quot;: {
          &quot;visible&quot;: false,
          &quot;disabled&quot;: false
        },
        &quot;actionName&quot;: &quot;ListForFilter&quot;
      },
      {
        &quot;routePath&quot;: null,
        &quot;iconName&quot;: null,
        &quot;controllerName&quot;: &quot;MessageTemplate&quot;,
        &quot;name&quot;: &quot;Message Template List&quot;,
        &quot;displayOrder&quot;: 0,
        &quot;description&quot;: null,
        &quot;id&quot;: &quot;f8b8770e-d3de-4fb9-8785-c6a52f0a3f2a&quot;,
        &quot;isMenu&quot;: false,
        &quot;key&quot;: &quot;MessageTemplate.List&quot;,
        &quot;parentId&quot;: &quot;570b7634-2234-498f-939b-440805527121&quot;,
        &quot;unAuthorizedProps&quot;: {
          &quot;visible&quot;: false,
          &quot;disabled&quot;: false
        },
        &quot;actionName&quot;: &quot;List&quot;
      },
      {
        &quot;routePath&quot;: null,
        &quot;iconName&quot;: null,
        &quot;controllerName&quot;: &quot;Warehouse&quot;,
        &quot;name&quot;: &quot;Warehouse UpdateWarehouseExpectedQuantity&quot;,
        &quot;displayOrder&quot;: 0,
        &quot;description&quot;: null,
        &quot;id&quot;: &quot;cbe00097-f735-4207-bd4d-a2be0ea5dfd3&quot;,
        &quot;isMenu&quot;: false,
        &quot;key&quot;: &quot;Warehouse.UpdateWarehouseExpectedQuantity&quot;,
        &quot;parentId&quot;: &quot;7a99d565-0e98-95af-19bd-814011ea2417&quot;,
        &quot;unAuthorizedProps&quot;: {
          &quot;visible&quot;: false,
          &quot;disabled&quot;: false
        },
        &quot;actionName&quot;: &quot;UpdateWarehouseExpectedQuantity&quot;
      },
      {
        &quot;routePath&quot;: null,
        &quot;iconName&quot;: &quot;RemoteSearchForCampaignName&quot;,
        &quot;controllerName&quot;: &quot;Campaign&quot;,
        &quot;name&quot;: &quot;Campaign RemoteSearchForCampaignName&quot;,
        &quot;displayOrder&quot;: 0,
        &quot;description&quot;: null,
        &quot;id&quot;: &quot;1b2371cf-283a-412c-9305-3f8d91cd2cf3&quot;,
        &quot;isMenu&quot;: false,
        &quot;key&quot;: &quot;Campaign.RemoteSearchForCampaignName&quot;,
        &quot;parentId&quot;: &quot;fd2f794b-65fb-4da6-9bdb-835c466e4321&quot;,
        &quot;unAuthorizedProps&quot;: {
          &quot;visible&quot;: false,
          &quot;disabled&quot;: false
        },
        &quot;actionName&quot;: &quot;RemoteSearchForCampaignName&quot;
      },
      {
        &quot;routePath&quot;: null,
        &quot;iconName&quot;: null,
        &quot;controllerName&quot;: &quot;Permission&quot;,
        &quot;name&quot;: &quot;Permission Find&quot;,
        &quot;displayOrder&quot;: 0,
        &quot;description&quot;: null,
        &quot;id&quot;: &quot;b8acd1fb-bb0c-49b0-9fe2-22574379a94d&quot;,
        &quot;isMenu&quot;: false,
        &quot;key&quot;: &quot;Permission.Find&quot;,
        &quot;parentId&quot;: &quot;213aad81-551b-49f7-9d15-f11f5b9e7e88&quot;,
        &quot;unAuthorizedProps&quot;: {
          &quot;visible&quot;: false,
          &quot;disabled&quot;: false
        },
        &quot;actionName&quot;: &quot;Find&quot;
      },
      {
        &quot;routePath&quot;: null,
        &quot;iconName&quot;: null,
        &quot;controllerName&quot;: &quot;Banner&quot;,
        &quot;name&quot;: &quot;Banner Create&quot;,
        &quot;displayOrder&quot;: 0,
        &quot;description&quot;: null,
        &quot;id&quot;: &quot;ad417e90-0acf-4d46-a875-a4b641cedbde&quot;,
        &quot;isMenu&quot;: false,
        &quot;key&quot;: &quot;Banner.Create&quot;,
        &quot;parentId&quot;: &quot;d01dd410-27ab-4ca2-ad2e-06ed18197543&quot;,
        &quot;unAuthorizedProps&quot;: {
          &quot;visible&quot;: false,
          &quot;disabled&quot;: false
        },
        &quot;actionName&quot;: &quot;Create&quot;
      },
      {
        &quot;routePath&quot;: null,
        &quot;iconName&quot;: null,
        &quot;controllerName&quot;: &quot;Banner&quot;,
        &quot;name&quot;: &quot;Banner Edit&quot;,
        &quot;displayOrder&quot;: 0,
        &quot;description&quot;: null,
        &quot;id&quot;: &quot;b638b6e5-7d89-4ab4-9a4e-fe8b0df52e36&quot;,
        &quot;isMenu&quot;: false,
        &quot;key&quot;: &quot;Banner.Edit&quot;,
        &quot;parentId&quot;: &quot;d01dd410-27ab-4ca2-ad2e-06ed18197543&quot;,
        &quot;unAuthorizedProps&quot;: {
          &quot;visible&quot;: false,
          &quot;disabled&quot;: false
        },
        &quot;actionName&quot;: &quot;Edit&quot;
      },
      {
        &quot;routePath&quot;: null,
        &quot;iconName&quot;: null,
        &quot;controllerName&quot;: &quot;Category&quot;,
        &quot;name&quot;: &quot;Category Edit&quot;,
        &quot;displayOrder&quot;: 0,
        &quot;description&quot;: null,
        &quot;id&quot;: &quot;0aaf230e-5f92-4e49-b3c7-c20c9df44c82&quot;,
        &quot;isMenu&quot;: false,
        &quot;key&quot;: &quot;Category.Edit&quot;,
        &quot;parentId&quot;: &quot;9bbddb67-d7f2-44d3-8d09-6bd04f8b6f79&quot;,
        &quot;unAuthorizedProps&quot;: {
          &quot;visible&quot;: false,
          &quot;disabled&quot;: false
        },
        &quot;actionName&quot;: &quot;Edit&quot;
      },
      {
        &quot;routePath&quot;: null,
        &quot;iconName&quot;: null,
        &quot;controllerName&quot;: &quot;ZipCode&quot;,
        &quot;name&quot;: &quot;ZipCode Delete&quot;,
        &quot;displayOrder&quot;: 0,
        &quot;description&quot;: null,
        &quot;id&quot;: &quot;deba5d66-42eb-43d0-8ee0-6d15f3c4b34c&quot;,
        &quot;isMenu&quot;: false,
        &quot;key&quot;: &quot;ZipCode.Delete&quot;,
        &quot;parentId&quot;: &quot;8aa34e38-533b-4ab7-bad7-0eaa7b5dec9c&quot;,
        &quot;unAuthorizedProps&quot;: {
          &quot;visible&quot;: false,
          &quot;disabled&quot;: false
        },
        &quot;actionName&quot;: &quot;Delete&quot;
      },
      {
        &quot;routePath&quot;: null,
        &quot;iconName&quot;: null,
        &quot;controllerName&quot;: &quot;Rider&quot;,
        &quot;name&quot;: &quot;Rider Create&quot;,
        &quot;displayOrder&quot;: 0,
        &quot;description&quot;: null,
        &quot;id&quot;: &quot;84e2ed51-0787-4e21-b0cc-78397324e38f&quot;,
        &quot;isMenu&quot;: false,
        &quot;key&quot;: &quot;Rider.Create&quot;,
        &quot;parentId&quot;: &quot;1b716d9c-2bf6-4a16-9bd1-2214d14b6cc7&quot;,
        &quot;unAuthorizedProps&quot;: {
          &quot;visible&quot;: false,
          &quot;disabled&quot;: false
        },
        &quot;actionName&quot;: &quot;Create&quot;
      },
      {
        &quot;routePath&quot;: null,
        &quot;iconName&quot;: null,
        &quot;controllerName&quot;: &quot;Employee&quot;,
        &quot;name&quot;: &quot;Employee Delete&quot;,
        &quot;displayOrder&quot;: 0,
        &quot;description&quot;: null,
        &quot;id&quot;: &quot;b6a62bb2-7083-4534-91af-146ca008cb31&quot;,
        &quot;isMenu&quot;: false,
        &quot;key&quot;: &quot;Employee.Delete&quot;,
        &quot;parentId&quot;: &quot;e4a8e904-698e-4596-92c3-b40206b19179&quot;,
        &quot;unAuthorizedProps&quot;: {
          &quot;visible&quot;: false,
          &quot;disabled&quot;: false
        },
        &quot;actionName&quot;: &quot;Delete&quot;
      },
      {
        &quot;routePath&quot;: &quot;active-orders&quot;,
        &quot;iconName&quot;: &quot;activeOrderSVG&quot;,
        &quot;controllerName&quot;: &quot;Order&quot;,
        &quot;name&quot;: &quot;Active Orders&quot;,
        &quot;displayOrder&quot;: 120,
        &quot;description&quot;: null,
        &quot;id&quot;: &quot;960eff6d-a581-4a4e-991b-a0b5c9881f14&quot;,
        &quot;isMenu&quot;: true,
        &quot;key&quot;: &quot;Order.Active&quot;,
        &quot;parentId&quot;: &quot;872b9f8c-c48d-dfeb-de32-1be0c3c38dbb&quot;,
        &quot;unAuthorizedProps&quot;: {
          &quot;visible&quot;: false,
          &quot;disabled&quot;: false
        },
        &quot;actionName&quot;: &quot;Active&quot;
      },
      {
        &quot;routePath&quot;: null,
        &quot;iconName&quot;: null,
        &quot;controllerName&quot;: &quot;MessageTemplate&quot;,
        &quot;name&quot;: &quot;Message Template Edit&quot;,
        &quot;displayOrder&quot;: 0,
        &quot;description&quot;: null,
        &quot;id&quot;: &quot;3cf8a343-ba23-4210-9f73-884eb309a3b4&quot;,
        &quot;isMenu&quot;: false,
        &quot;key&quot;: &quot;MessageTemplate.Edit&quot;,
        &quot;parentId&quot;: &quot;570b7634-2234-498f-939b-440805527121&quot;,
        &quot;unAuthorizedProps&quot;: {
          &quot;visible&quot;: false,
          &quot;disabled&quot;: false
        },
        &quot;actionName&quot;: &quot;Edit&quot;
      },
      {
        &quot;routePath&quot;: null,
        &quot;iconName&quot;: null,
        &quot;controllerName&quot;: &quot;MessageTemplate&quot;,
        &quot;name&quot;: &quot;Message Template Delete&quot;,
        &quot;displayOrder&quot;: 0,
        &quot;description&quot;: null,
        &quot;id&quot;: &quot;6829e619-f27c-415b-abf5-653573cb4ed5&quot;,
        &quot;isMenu&quot;: false,
        &quot;key&quot;: &quot;MessageTemplate.Delete&quot;,
        &quot;parentId&quot;: &quot;570b7634-2234-498f-939b-440805527121&quot;,
        &quot;unAuthorizedProps&quot;: {
          &quot;visible&quot;: false,
          &quot;disabled&quot;: false
        },
        &quot;actionName&quot;: &quot;Delete&quot;
      },
      {
        &quot;routePath&quot;: null,
        &quot;iconName&quot;: null,
        &quot;controllerName&quot;: &quot;Role&quot;,
        &quot;name&quot;: &quot;Role Create&quot;,
        &quot;displayOrder&quot;: 0,
        &quot;description&quot;: null,
        &quot;id&quot;: &quot;b29c939f-9d31-4a77-ab10-43b6363c9ca7&quot;,
        &quot;isMenu&quot;: false,
        &quot;key&quot;: &quot;Role.Create&quot;,
        &quot;parentId&quot;: &quot;e98d2f21-52f8-41cb-9b3f-fe979b5f0578&quot;,
        &quot;unAuthorizedProps&quot;: {
          &quot;visible&quot;: false,
          &quot;disabled&quot;: false
        },
        &quot;actionName&quot;: &quot;Create&quot;
      },
      {
        &quot;routePath&quot;: null,
        &quot;iconName&quot;: null,
        &quot;controllerName&quot;: &quot;County&quot;,
        &quot;name&quot;: &quot;County Create&quot;,
        &quot;displayOrder&quot;: 0,
        &quot;description&quot;: null,
        &quot;id&quot;: &quot;b0718fbd-a486-4f05-9804-82c5e474efb7&quot;,
        &quot;isMenu&quot;: false,
        &quot;key&quot;: &quot;County.Create&quot;,
        &quot;parentId&quot;: &quot;28a7ee86-bfd8-408f-97d3-82a96e1cbcc6&quot;,
        &quot;unAuthorizedProps&quot;: {
          &quot;visible&quot;: false,
          &quot;disabled&quot;: false
        },
        &quot;actionName&quot;: &quot;Create&quot;
      },
      {
        &quot;routePath&quot;: null,
        &quot;iconName&quot;: null,
        &quot;controllerName&quot;: &quot;Language&quot;,
        &quot;name&quot;: &quot;Language Edit&quot;,
        &quot;displayOrder&quot;: 0,
        &quot;description&quot;: null,
        &quot;id&quot;: &quot;765464f2-8b9f-4234-ac07-063e06f3e9f2&quot;,
        &quot;isMenu&quot;: false,
        &quot;key&quot;: &quot;Language.Edit&quot;,
        &quot;parentId&quot;: &quot;7d117917-ff5a-448f-ae1c-71b123ffabc0&quot;,
        &quot;unAuthorizedProps&quot;: {
          &quot;visible&quot;: false,
          &quot;disabled&quot;: false
        },
        &quot;actionName&quot;: &quot;Edit&quot;
      },
      {
        &quot;routePath&quot;: null,
        &quot;iconName&quot;: null,
        &quot;controllerName&quot;: &quot;ServiceArea&quot;,
        &quot;name&quot;: &quot;ServiceArea UpdateStatus&quot;,
        &quot;displayOrder&quot;: 0,
        &quot;description&quot;: null,
        &quot;id&quot;: &quot;13514276-84ab-43d6-8542-5f166acb9b80&quot;,
        &quot;isMenu&quot;: false,
        &quot;key&quot;: &quot;ServiceArea.UpdateStatus&quot;,
        &quot;parentId&quot;: &quot;6510260c-2670-4f71-96ed-8f12986fb9cf&quot;,
        &quot;unAuthorizedProps&quot;: {
          &quot;visible&quot;: false,
          &quot;disabled&quot;: false
        },
        &quot;actionName&quot;: &quot;UpdateStatus&quot;
      },
      {
        &quot;routePath&quot;: null,
        &quot;iconName&quot;: null,
        &quot;controllerName&quot;: &quot;Language&quot;,
        &quot;name&quot;: &quot;Language Create&quot;,
        &quot;displayOrder&quot;: 0,
        &quot;description&quot;: null,
        &quot;id&quot;: &quot;70055253-2953-481a-ad68-308069f59188&quot;,
        &quot;isMenu&quot;: false,
        &quot;key&quot;: &quot;Language.Create&quot;,
        &quot;parentId&quot;: &quot;7d117917-ff5a-448f-ae1c-71b123ffabc0&quot;,
        &quot;unAuthorizedProps&quot;: {
          &quot;visible&quot;: false,
          &quot;disabled&quot;: false
        },
        &quot;actionName&quot;: &quot;Create&quot;
      },
      {
        &quot;routePath&quot;: null,
        &quot;iconName&quot;: null,
        &quot;controllerName&quot;: &quot;Banner&quot;,
        &quot;name&quot;: &quot;Banner List&quot;,
        &quot;displayOrder&quot;: 0,
        &quot;description&quot;: null,
        &quot;id&quot;: &quot;2af1fb3b-36bf-4379-b7a6-03f3e68742b2&quot;,
        &quot;isMenu&quot;: false,
        &quot;key&quot;: &quot;Banner.List&quot;,
        &quot;parentId&quot;: &quot;d01dd410-27ab-4ca2-ad2e-06ed18197543&quot;,
        &quot;unAuthorizedProps&quot;: {
          &quot;visible&quot;: false,
          &quot;disabled&quot;: false
        },
        &quot;actionName&quot;: &quot;List&quot;
      },
      {
        &quot;routePath&quot;: null,
        &quot;iconName&quot;: &quot;orders&quot;,
        &quot;controllerName&quot;: &quot;DriverApp&quot;,
        &quot;name&quot;: &quot;Orders&quot;,
        &quot;displayOrder&quot;: 0,
        &quot;description&quot;: &quot;&quot;,
        &quot;id&quot;: &quot;6fa1df30-c04b-4bef-a1d1-a67c2748e0b4&quot;,
        &quot;isMenu&quot;: true,
        &quot;key&quot;: &quot;DriverApp.Orders&quot;,
        &quot;parentId&quot;: &quot;673cefc5-8638-47b5-9440-8f3fa459f0b1&quot;,
        &quot;unAuthorizedProps&quot;: {
          &quot;visible&quot;: false,
          &quot;disabled&quot;: false
        },
        &quot;actionName&quot;: &quot;Orders&quot;
      },
      {
        &quot;routePath&quot;: null,
        &quot;iconName&quot;: &quot;blackListSVG&quot;,
        &quot;controllerName&quot;: &quot;BlackList&quot;,
        &quot;name&quot;: &quot;Black List Find&quot;,
        &quot;displayOrder&quot;: 0,
        &quot;description&quot;: null,
        &quot;id&quot;: &quot;e8a2ad2f-7dad-41a3-9696-6adefc308eb8&quot;,
        &quot;isMenu&quot;: false,
        &quot;key&quot;: &quot;BlackList.Find&quot;,
        &quot;parentId&quot;: &quot;d273c43d-77c8-4b88-8d35-9ec20a90bd11&quot;,
        &quot;unAuthorizedProps&quot;: {
          &quot;visible&quot;: false,
          &quot;disabled&quot;: false
        },
        &quot;actionName&quot;: &quot;Find&quot;
      },
      {
        &quot;routePath&quot;: null,
        &quot;iconName&quot;: &quot;ExportForFilter&quot;,
        &quot;controllerName&quot;: &quot;Product&quot;,
        &quot;name&quot;: &quot;Product ExportForFilter&quot;,
        &quot;displayOrder&quot;: 0,
        &quot;description&quot;: null,
        &quot;id&quot;: &quot;c6781e0f-f938-4907-8dc5-a17d241a8148&quot;,
        &quot;isMenu&quot;: false,
        &quot;key&quot;: &quot;Product.ExportForFilter&quot;,
        &quot;parentId&quot;: &quot;1858607f-58c2-4c69-8078-f2756c5ca81e&quot;,
        &quot;unAuthorizedProps&quot;: {
          &quot;visible&quot;: false,
          &quot;disabled&quot;: false
        },
        &quot;actionName&quot;: &quot;ExportForFilter&quot;
      },
      {
        &quot;routePath&quot;: null,
        &quot;iconName&quot;: &quot;auditSVG&quot;,
        &quot;controllerName&quot;: &quot;Audit&quot;,
        &quot;name&quot;: &quot;Audit ListForFilter&quot;,
        &quot;displayOrder&quot;: 100000,
        &quot;description&quot;: null,
        &quot;id&quot;: &quot;6db73bbc-1114-4e80-a30d-424386ffd8f5&quot;,
        &quot;isMenu&quot;: false,
        &quot;key&quot;: &quot;Audit.ListForFilter&quot;,
        &quot;parentId&quot;: &quot;76070de9-f4f5-4096-aa99-2d2bac586b44&quot;,
        &quot;unAuthorizedProps&quot;: {
          &quot;visible&quot;: false,
          &quot;disabled&quot;: false
        },
        &quot;actionName&quot;: &quot;ListForFilter&quot;
      },
      {
        &quot;routePath&quot;: null,
        &quot;iconName&quot;: null,
        &quot;controllerName&quot;: &quot;County&quot;,
        &quot;name&quot;: &quot;County Find&quot;,
        &quot;displayOrder&quot;: 0,
        &quot;description&quot;: null,
        &quot;id&quot;: &quot;d82e0244-f728-4651-b0dc-37ee070aacef&quot;,
        &quot;isMenu&quot;: false,
        &quot;key&quot;: &quot;County.Find&quot;,
        &quot;parentId&quot;: &quot;28a7ee86-bfd8-408f-97d3-82a96e1cbcc6&quot;,
        &quot;unAuthorizedProps&quot;: {
          &quot;visible&quot;: false,
          &quot;disabled&quot;: false
        },
        &quot;actionName&quot;: &quot;Find&quot;
      },
      {
        &quot;routePath&quot;: null,
        &quot;iconName&quot;: null,
        &quot;controllerName&quot;: &quot;Customer&quot;,
        &quot;name&quot;: &quot;Customer Delete&quot;,
        &quot;displayOrder&quot;: 0,
        &quot;description&quot;: null,
        &quot;id&quot;: &quot;f347f3bc-6802-4ec4-82ef-220e0032ab69&quot;,
        &quot;isMenu&quot;: false,
        &quot;key&quot;: &quot;Customer.Delete&quot;,
        &quot;parentId&quot;: &quot;07b60a01-5846-422c-b1c6-1c7a382dbd0e&quot;,
        &quot;unAuthorizedProps&quot;: {
          &quot;visible&quot;: false,
          &quot;disabled&quot;: false
        },
        &quot;actionName&quot;: &quot;Delete&quot;
      },
      {
        &quot;routePath&quot;: null,
        &quot;iconName&quot;: null,
        &quot;controllerName&quot;: &quot;Warehouse&quot;,
        &quot;name&quot;: &quot;Warehouse Edit&quot;,
        &quot;displayOrder&quot;: 0,
        &quot;description&quot;: null,
        &quot;id&quot;: &quot;8897a642-3ebb-4ed8-a71f-8dbe303509f6&quot;,
        &quot;isMenu&quot;: false,
        &quot;key&quot;: &quot;Warehouse.Edit&quot;,
        &quot;parentId&quot;: &quot;7a99d565-0e98-95af-19bd-814011ea2417&quot;,
        &quot;unAuthorizedProps&quot;: {
          &quot;visible&quot;: false,
          &quot;disabled&quot;: false
        },
        &quot;actionName&quot;: &quot;Edit&quot;
      },
      {
        &quot;routePath&quot;: null,
        &quot;iconName&quot;: null,
        &quot;controllerName&quot;: &quot;MessageTemplate&quot;,
        &quot;name&quot;: &quot;Message Template Create&quot;,
        &quot;displayOrder&quot;: 0,
        &quot;description&quot;: null,
        &quot;id&quot;: &quot;87fde03a-f96f-4317-a8e2-0b2790460da2&quot;,
        &quot;isMenu&quot;: false,
        &quot;key&quot;: &quot;MessageTemplate.Create&quot;,
        &quot;parentId&quot;: &quot;570b7634-2234-498f-939b-440805527121&quot;,
        &quot;unAuthorizedProps&quot;: {
          &quot;visible&quot;: false,
          &quot;disabled&quot;: false
        },
        &quot;actionName&quot;: &quot;Create&quot;
      },
      {
        &quot;routePath&quot;: null,
        &quot;iconName&quot;: null,
        &quot;controllerName&quot;: &quot;ServiceArea&quot;,
        &quot;name&quot;: &quot;ServiceArea Import&quot;,
        &quot;displayOrder&quot;: 0,
        &quot;description&quot;: null,
        &quot;id&quot;: &quot;6652b5a5-e837-4941-9c9c-e6cc2ae53745&quot;,
        &quot;isMenu&quot;: false,
        &quot;key&quot;: &quot;ServiceArea.Import&quot;,
        &quot;parentId&quot;: &quot;6510260c-2670-4f71-96ed-8f12986fb9cf&quot;,
        &quot;unAuthorizedProps&quot;: {
          &quot;visible&quot;: false,
          &quot;disabled&quot;: false
        },
        &quot;actionName&quot;: &quot;Import&quot;
      },
      {
        &quot;routePath&quot;: null,
        &quot;iconName&quot;: null,
        &quot;controllerName&quot;: &quot;LocaleResource&quot;,
        &quot;name&quot;: &quot;LocaleResource Create&quot;,
        &quot;displayOrder&quot;: 0,
        &quot;description&quot;: null,
        &quot;id&quot;: &quot;46f8f313-95b6-4848-9004-c69ec2dc12f4&quot;,
        &quot;isMenu&quot;: false,
        &quot;key&quot;: &quot;LocaleResource.Create&quot;,
        &quot;parentId&quot;: &quot;4c1a6c0d-765c-444a-b7c8-49e99f61d47b&quot;,
        &quot;unAuthorizedProps&quot;: {
          &quot;visible&quot;: false,
          &quot;disabled&quot;: false
        },
        &quot;actionName&quot;: &quot;Create&quot;
      },
      {
        &quot;routePath&quot;: null,
        &quot;iconName&quot;: null,
        &quot;controllerName&quot;: &quot;Customer&quot;,
        &quot;name&quot;: &quot;Customer Create&quot;,
        &quot;displayOrder&quot;: 0,
        &quot;description&quot;: null,
        &quot;id&quot;: &quot;d6fdfd07-b0f1-44ef-898b-22906287c3ef&quot;,
        &quot;isMenu&quot;: false,
        &quot;key&quot;: &quot;Customer.Create&quot;,
        &quot;parentId&quot;: &quot;07b60a01-5846-422c-b1c6-1c7a382dbd0e&quot;,
        &quot;unAuthorizedProps&quot;: {
          &quot;visible&quot;: false,
          &quot;disabled&quot;: false
        },
        &quot;actionName&quot;: &quot;Create&quot;
      },
      {
        &quot;routePath&quot;: null,
        &quot;iconName&quot;: null,
        &quot;controllerName&quot;: &quot;Banner&quot;,
        &quot;name&quot;: &quot;Banner Update Display Order&quot;,
        &quot;displayOrder&quot;: 0,
        &quot;description&quot;: null,
        &quot;id&quot;: &quot;a578fd4b-564e-4d88-87d1-aabbb183a21a&quot;,
        &quot;isMenu&quot;: false,
        &quot;key&quot;: &quot;Banner.UpdateBannerDisplayOrder&quot;,
        &quot;parentId&quot;: &quot;d01dd410-27ab-4ca2-ad2e-06ed18197543&quot;,
        &quot;unAuthorizedProps&quot;: {
          &quot;visible&quot;: false,
          &quot;disabled&quot;: false
        },
        &quot;actionName&quot;: &quot;UpdateBannerDisplayOrder&quot;
      },
      {
        &quot;routePath&quot;: null,
        &quot;iconName&quot;: null,
        &quot;controllerName&quot;: &quot;Address&quot;,
        &quot;name&quot;: &quot;Address Find&quot;,
        &quot;displayOrder&quot;: 0,
        &quot;description&quot;: null,
        &quot;id&quot;: &quot;69cd17c7-88f0-435d-9e1c-e3a178d79e21&quot;,
        &quot;isMenu&quot;: false,
        &quot;key&quot;: &quot;Address.Find&quot;,
        &quot;parentId&quot;: &quot;c3c514ef-1964-4c94-b13a-8bdd83a5b1cb&quot;,
        &quot;unAuthorizedProps&quot;: {
          &quot;visible&quot;: false,
          &quot;disabled&quot;: false
        },
        &quot;actionName&quot;: &quot;Find&quot;
      },
      {
        &quot;routePath&quot;: null,
        &quot;iconName&quot;: &quot;driverApp&quot;,
        &quot;controllerName&quot;: &quot;DriverApp&quot;,
        &quot;name&quot;: &quot;Driver Permissions&quot;,
        &quot;displayOrder&quot;: 0,
        &quot;description&quot;: null,
        &quot;id&quot;: &quot;673cefc5-8638-47b5-9440-8f3fa459f0b1&quot;,
        &quot;isMenu&quot;: false,
        &quot;key&quot;: &quot;DriverApp.Index&quot;,
        &quot;parentId&quot;: null,
        &quot;unAuthorizedProps&quot;: {
          &quot;visible&quot;: false,
          &quot;disabled&quot;: false
        },
        &quot;actionName&quot;: &quot;Index&quot;
      },
      {
        &quot;routePath&quot;: null,
        &quot;iconName&quot;: &quot;RemoteSearchForLocation&quot;,
        &quot;controllerName&quot;: &quot;Product&quot;,
        &quot;name&quot;: &quot;Product RemoteSearchForLocation&quot;,
        &quot;displayOrder&quot;: 0,
        &quot;description&quot;: null,
        &quot;id&quot;: &quot;9c90fc94-df36-4459-9a3b-c01d1f4f2211&quot;,
        &quot;isMenu&quot;: false,
        &quot;key&quot;: &quot;Product.RemoteSearchForLocation&quot;,
        &quot;parentId&quot;: &quot;1858607f-58c2-4c69-8078-f2756c5ca81e&quot;,
        &quot;unAuthorizedProps&quot;: {
          &quot;visible&quot;: false,
          &quot;disabled&quot;: false
        },
        &quot;actionName&quot;: &quot;RemoteSearchForLocation&quot;
      },
      {
        &quot;routePath&quot;: null,
        &quot;iconName&quot;: null,
        &quot;controllerName&quot;: &quot;Order&quot;,
        &quot;name&quot;: &quot;Order Cancel&quot;,
        &quot;displayOrder&quot;: 0,
        &quot;description&quot;: null,
        &quot;id&quot;: &quot;f92b5f11-f8e9-4754-85e0-f5d8666c620f&quot;,
        &quot;isMenu&quot;: false,
        &quot;key&quot;: &quot;Order.Cancel&quot;,
        &quot;parentId&quot;: &quot;872b9f8c-c48d-dfeb-de32-1be0c3c38dbb&quot;,
        &quot;unAuthorizedProps&quot;: {
          &quot;visible&quot;: false,
          &quot;disabled&quot;: false
        },
        &quot;actionName&quot;: &quot;Cancel&quot;
      },
      {
        &quot;routePath&quot;: null,
        &quot;iconName&quot;: null,
        &quot;controllerName&quot;: &quot;Category&quot;,
        &quot;name&quot;: &quot;Category UploadImage&quot;,
        &quot;displayOrder&quot;: 0,
        &quot;description&quot;: null,
        &quot;id&quot;: &quot;ae860d95-cc13-4b86-a535-202aa716c973&quot;,
        &quot;isMenu&quot;: false,
        &quot;key&quot;: &quot;Category.UploadImage&quot;,
        &quot;parentId&quot;: &quot;9bbddb67-d7f2-44d3-8d09-6bd04f8b6f79&quot;,
        &quot;unAuthorizedProps&quot;: {
          &quot;visible&quot;: false,
          &quot;disabled&quot;: false
        },
        &quot;actionName&quot;: &quot;UploadImage&quot;
      },
      {
        &quot;routePath&quot;: null,
        &quot;iconName&quot;: null,
        &quot;controllerName&quot;: &quot;Warehouse&quot;,
        &quot;name&quot;: &quot;Warehouse UpdateWarehouseQuantity&quot;,
        &quot;displayOrder&quot;: 0,
        &quot;description&quot;: null,
        &quot;id&quot;: &quot;95ea9fb5-2548-4bf4-bcad-937757b47ea9&quot;,
        &quot;isMenu&quot;: false,
        &quot;key&quot;: &quot;Warehouse.UpdateWarehouseQuantity&quot;,
        &quot;parentId&quot;: &quot;7a99d565-0e98-95af-19bd-814011ea2417&quot;,
        &quot;unAuthorizedProps&quot;: {
          &quot;visible&quot;: false,
          &quot;disabled&quot;: false
        },
        &quot;actionName&quot;: &quot;UpdateWarehouseQuantity&quot;
      },
      {
        &quot;routePath&quot;: null,
        &quot;iconName&quot;: null,
        &quot;controllerName&quot;: &quot;Warehouse&quot;,
        &quot;name&quot;: &quot;Warehouse Find&quot;,
        &quot;displayOrder&quot;: 0,
        &quot;description&quot;: null,
        &quot;id&quot;: &quot;15cd689d-00ad-40d4-9b1d-7a231ecb323e&quot;,
        &quot;isMenu&quot;: false,
        &quot;key&quot;: &quot;Warehouse.Find&quot;,
        &quot;parentId&quot;: &quot;7a99d565-0e98-95af-19bd-814011ea2417&quot;,
        &quot;unAuthorizedProps&quot;: {
          &quot;visible&quot;: false,
          &quot;disabled&quot;: false
        },
        &quot;actionName&quot;: &quot;Find&quot;
      },
      {
        &quot;routePath&quot;: &quot;inventory&quot;,
        &quot;iconName&quot;: &quot;inventorySVG&quot;,
        &quot;controllerName&quot;: &quot;Inventory&quot;,
        &quot;name&quot;: &quot;Inventory&quot;,
        &quot;displayOrder&quot;: 400,
        &quot;description&quot;: null,
        &quot;id&quot;: &quot;40fdcf04-65b5-4fc0-8e17-ddd1f84b1b0a&quot;,
        &quot;isMenu&quot;: true,
        &quot;key&quot;: &quot;Inventory.Index&quot;,
        &quot;parentId&quot;: null,
        &quot;unAuthorizedProps&quot;: {
          &quot;visible&quot;: false,
          &quot;disabled&quot;: false
        },
        &quot;actionName&quot;: &quot;Index&quot;
      },
      {
        &quot;routePath&quot;: null,
        &quot;iconName&quot;: null,
        &quot;controllerName&quot;: &quot;Customer&quot;,
        &quot;name&quot;: &quot;Customer ListForCouponCode&quot;,
        &quot;displayOrder&quot;: 0,
        &quot;description&quot;: null,
        &quot;id&quot;: &quot;9ace28d6-ab7f-4459-a605-232a0b6d2a77&quot;,
        &quot;isMenu&quot;: false,
        &quot;key&quot;: &quot;Customer.ListForCouponCode&quot;,
        &quot;parentId&quot;: &quot;07b60a01-5846-422c-b1c6-1c7a382dbd0e&quot;,
        &quot;unAuthorizedProps&quot;: {
          &quot;visible&quot;: false,
          &quot;disabled&quot;: false
        },
        &quot;actionName&quot;: &quot;ListForCouponCode&quot;
      },
      {
        &quot;routePath&quot;: null,
        &quot;iconName&quot;: null,
        &quot;controllerName&quot;: &quot;Campaign&quot;,
        &quot;name&quot;: &quot;Campaign Delete&quot;,
        &quot;displayOrder&quot;: 0,
        &quot;description&quot;: null,
        &quot;id&quot;: &quot;fd0189db-b2a0-4e72-ae4f-bfc608a105cc&quot;,
        &quot;isMenu&quot;: false,
        &quot;key&quot;: &quot;Campaign.Delete&quot;,
        &quot;parentId&quot;: &quot;fd2f794b-65fb-4da6-9bdb-835c466e4321&quot;,
        &quot;unAuthorizedProps&quot;: {
          &quot;visible&quot;: false,
          &quot;disabled&quot;: false
        },
        &quot;actionName&quot;: &quot;Delete&quot;
      },
      {
        &quot;routePath&quot;: null,
        &quot;iconName&quot;: &quot;Edit&quot;,
        &quot;controllerName&quot;: &quot;Product&quot;,
        &quot;name&quot;: &quot;Product Edit&quot;,
        &quot;displayOrder&quot;: 0,
        &quot;description&quot;: null,
        &quot;id&quot;: &quot;14e27911-45ec-4d84-8519-6c780671a1d4&quot;,
        &quot;isMenu&quot;: false,
        &quot;key&quot;: &quot;Product.Edit&quot;,
        &quot;parentId&quot;: &quot;1858607f-58c2-4c69-8078-f2756c5ca81e&quot;,
        &quot;unAuthorizedProps&quot;: {
          &quot;visible&quot;: false,
          &quot;disabled&quot;: false
        },
        &quot;actionName&quot;: &quot;Edit&quot;
      },
      {
        &quot;routePath&quot;: null,
        &quot;iconName&quot;: &quot;categorySVG&quot;,
        &quot;controllerName&quot;: &quot;Catalog&quot;,
        &quot;name&quot;: &quot;Catalog&quot;,
        &quot;displayOrder&quot;: 300,
        &quot;description&quot;: null,
        &quot;id&quot;: &quot;8b40e125-ffeb-4cf1-ba4b-0ac72aac09d9&quot;,
        &quot;isMenu&quot;: true,
        &quot;key&quot;: &quot;Catalog.Index&quot;,
        &quot;parentId&quot;: null,
        &quot;unAuthorizedProps&quot;: {
          &quot;visible&quot;: false,
          &quot;disabled&quot;: false
        },
        &quot;actionName&quot;: &quot;Index&quot;
      },
      {
        &quot;routePath&quot;: null,
        &quot;iconName&quot;: null,
        &quot;controllerName&quot;: &quot;Rider&quot;,
        &quot;name&quot;: &quot;List Warehouse&quot;,
        &quot;displayOrder&quot;: 0,
        &quot;description&quot;: null,
        &quot;id&quot;: &quot;b3974f99-cfc1-4eea-a71d-cb2d63fbe23b&quot;,
        &quot;isMenu&quot;: false,
        &quot;key&quot;: &quot;Rider.ListWarehouse&quot;,
        &quot;parentId&quot;: &quot;1b716d9c-2bf6-4a16-9bd1-2214d14b6cc7&quot;,
        &quot;unAuthorizedProps&quot;: {
          &quot;visible&quot;: false,
          &quot;disabled&quot;: false
        },
        &quot;actionName&quot;: &quot;ListWarehouse&quot;
      },
      {
        &quot;routePath&quot;: null,
        &quot;iconName&quot;: null,
        &quot;controllerName&quot;: &quot;ZipCode&quot;,
        &quot;name&quot;: &quot;ZipCode Find&quot;,
        &quot;displayOrder&quot;: 0,
        &quot;description&quot;: null,
        &quot;id&quot;: &quot;6ce0a1fe-663d-4167-9095-41ead097b95d&quot;,
        &quot;isMenu&quot;: false,
        &quot;key&quot;: &quot;ZipCode.Find&quot;,
        &quot;parentId&quot;: &quot;8aa34e38-533b-4ab7-bad7-0eaa7b5dec9c&quot;,
        &quot;unAuthorizedProps&quot;: {
          &quot;visible&quot;: false,
          &quot;disabled&quot;: false
        },
        &quot;actionName&quot;: &quot;Find&quot;
      },
      {
        &quot;routePath&quot;: null,
        &quot;iconName&quot;: null,
        &quot;controllerName&quot;: &quot;Country&quot;,
        &quot;name&quot;: &quot;Country Index&quot;,
        &quot;displayOrder&quot;: 0,
        &quot;description&quot;: null,
        &quot;id&quot;: &quot;9c15db73-badc-4894-ab1b-d8261bac91c2&quot;,
        &quot;isMenu&quot;: false,
        &quot;key&quot;: &quot;Country.Index&quot;,
        &quot;parentId&quot;: null,
        &quot;unAuthorizedProps&quot;: {
          &quot;visible&quot;: false,
          &quot;disabled&quot;: false
        },
        &quot;actionName&quot;: &quot;Index&quot;
      },
      {
        &quot;routePath&quot;: &quot;campaigns&quot;,
        &quot;iconName&quot;: &quot;campaignSVG&quot;,
        &quot;controllerName&quot;: &quot;Campaign&quot;,
        &quot;name&quot;: &quot;Campaigns&quot;,
        &quot;displayOrder&quot;: 200,
        &quot;description&quot;: null,
        &quot;id&quot;: &quot;fd2f794b-65fb-4da6-9bdb-835c466e4321&quot;,
        &quot;isMenu&quot;: true,
        &quot;key&quot;: &quot;Campaign.Index&quot;,
        &quot;parentId&quot;: null,
        &quot;unAuthorizedProps&quot;: {
          &quot;visible&quot;: false,
          &quot;disabled&quot;: false
        },
        &quot;actionName&quot;: &quot;Index&quot;
      },
      {
        &quot;routePath&quot;: &quot;&quot;,
        &quot;iconName&quot;: &quot;resourcesSVG&quot;,
        &quot;controllerName&quot;: &quot;Resource&quot;,
        &quot;name&quot;: &quot;Resources&quot;,
        &quot;displayOrder&quot;: 900,
        &quot;description&quot;: null,
        &quot;id&quot;: &quot;8f4ea0ae-2382-4769-8584-5f2f2b1520c8&quot;,
        &quot;isMenu&quot;: true,
        &quot;key&quot;: &quot;Resource.Index&quot;,
        &quot;parentId&quot;: null,
        &quot;unAuthorizedProps&quot;: {
          &quot;visible&quot;: false,
          &quot;disabled&quot;: false
        },
        &quot;actionName&quot;: &quot;Index&quot;
      },
      {
        &quot;routePath&quot;: null,
        &quot;iconName&quot;: null,
        &quot;controllerName&quot;: &quot;State&quot;,
        &quot;name&quot;: &quot;State Index&quot;,
        &quot;displayOrder&quot;: 0,
        &quot;description&quot;: null,
        &quot;id&quot;: &quot;4842baa6-3b5e-40d1-ba2c-aa896962f8a7&quot;,
        &quot;isMenu&quot;: false,
        &quot;key&quot;: &quot;State.Index&quot;,
        &quot;parentId&quot;: null,
        &quot;unAuthorizedProps&quot;: {
          &quot;visible&quot;: false,
          &quot;disabled&quot;: false
        },
        &quot;actionName&quot;: &quot;Index&quot;
      },
      {
        &quot;routePath&quot;: null,
        &quot;iconName&quot;: null,
        &quot;controllerName&quot;: &quot;Order&quot;,
        &quot;name&quot;: &quot;Order Create&quot;,
        &quot;displayOrder&quot;: 0,
        &quot;description&quot;: null,
        &quot;id&quot;: &quot;5c9d78b5-a896-4f09-81f5-3772241f9c78&quot;,
        &quot;isMenu&quot;: false,
        &quot;key&quot;: &quot;Order.Create&quot;,
        &quot;parentId&quot;: &quot;872b9f8c-c48d-dfeb-de32-1be0c3c38dbb&quot;,
        &quot;unAuthorizedProps&quot;: {
          &quot;visible&quot;: false,
          &quot;disabled&quot;: false
        },
        &quot;actionName&quot;: &quot;Create&quot;
      },
      {
        &quot;routePath&quot;: null,
        &quot;iconName&quot;: &quot;blackListSVG&quot;,
        &quot;controllerName&quot;: &quot;BlackList&quot;,
        &quot;name&quot;: &quot;Black List Delete&quot;,
        &quot;displayOrder&quot;: 0,
        &quot;description&quot;: null,
        &quot;id&quot;: &quot;ac6ae6a5-d189-4a17-b8a0-26fbbc3f6e27&quot;,
        &quot;isMenu&quot;: false,
        &quot;key&quot;: &quot;BlackList.Delete&quot;,
        &quot;parentId&quot;: &quot;d273c43d-77c8-4b88-8d35-9ec20a90bd11&quot;,
        &quot;unAuthorizedProps&quot;: {
          &quot;visible&quot;: false,
          &quot;disabled&quot;: false
        },
        &quot;actionName&quot;: &quot;Delete&quot;
      },
      {
        &quot;routePath&quot;: null,
        &quot;iconName&quot;: null,
        &quot;controllerName&quot;: &quot;Role&quot;,
        &quot;name&quot;: &quot;Role Find&quot;,
        &quot;displayOrder&quot;: 0,
        &quot;description&quot;: null,
        &quot;id&quot;: &quot;93ff5806-4453-44a3-bc9b-557783976d40&quot;,
        &quot;isMenu&quot;: false,
        &quot;key&quot;: &quot;Role.Find&quot;,
        &quot;parentId&quot;: &quot;e98d2f21-52f8-41cb-9b3f-fe979b5f0578&quot;,
        &quot;unAuthorizedProps&quot;: {
          &quot;visible&quot;: false,
          &quot;disabled&quot;: false
        },
        &quot;actionName&quot;: &quot;Find&quot;
      },
      {
        &quot;routePath&quot;: null,
        &quot;iconName&quot;: &quot;RemoteSearchForSubCategories&quot;,
        &quot;controllerName&quot;: &quot;Category&quot;,
        &quot;name&quot;: &quot;Category RemoteSearchForSubCategories&quot;,
        &quot;displayOrder&quot;: 0,
        &quot;description&quot;: null,
        &quot;id&quot;: &quot;6db1a08e-e179-4c17-9191-fa48c4e91f43&quot;,
        &quot;isMenu&quot;: false,
        &quot;key&quot;: &quot;Category.RemoteSearchForSubCategories&quot;,
        &quot;parentId&quot;: &quot;501d66f1-cdeb-4f10-85d2-6e00d60e36c9&quot;,
        &quot;unAuthorizedProps&quot;: {
          &quot;visible&quot;: false,
          &quot;disabled&quot;: false
        },
        &quot;actionName&quot;: &quot;RemoteSearchForSubCategories&quot;
      },
      {
        &quot;routePath&quot;: null,
        &quot;iconName&quot;: null,
        &quot;controllerName&quot;: &quot;Warehouse&quot;,
        &quot;name&quot;: &quot;Warehouse ImportWarehouseStock&quot;,
        &quot;displayOrder&quot;: 0,
        &quot;description&quot;: null,
        &quot;id&quot;: &quot;32b123d7-64e0-437b-85ee-e231221123c4&quot;,
        &quot;isMenu&quot;: false,
        &quot;key&quot;: &quot;Warehouse.ImportWarehouseStock&quot;,
        &quot;parentId&quot;: &quot;7a99d565-0e98-95af-19bd-814011ea2417&quot;,
        &quot;unAuthorizedProps&quot;: {
          &quot;visible&quot;: false,
          &quot;disabled&quot;: false
        },
        &quot;actionName&quot;: &quot;ImportWarehouseStock&quot;
      },
      {
        &quot;routePath&quot;: &quot;&quot;,
        &quot;iconName&quot;: &quot;&quot;,
        &quot;controllerName&quot;: &quot;Category&quot;,
        &quot;name&quot;: &quot;Category DeleteImage&quot;,
        &quot;displayOrder&quot;: 0,
        &quot;description&quot;: &quot;&quot;,
        &quot;id&quot;: &quot;abfccc7e-7b90-4102-a774-6064c670950a&quot;,
        &quot;isMenu&quot;: false,
        &quot;key&quot;: &quot;Category.DeleteImage&quot;,
        &quot;parentId&quot;: &quot;9bbddb67-d7f2-44d3-8d09-6bd04f8b6f79&quot;,
        &quot;unAuthorizedProps&quot;: {
          &quot;visible&quot;: false,
          &quot;disabled&quot;: false
        },
        &quot;actionName&quot;: &quot;DeleteImage&quot;
      },
      {
        &quot;routePath&quot;: null,
        &quot;iconName&quot;: null,
        &quot;controllerName&quot;: &quot;Role&quot;,
        &quot;name&quot;: &quot;Role Edit&quot;,
        &quot;displayOrder&quot;: 0,
        &quot;description&quot;: null,
        &quot;id&quot;: &quot;e659fa87-caf3-44e3-b5c2-1e0a78323f20&quot;,
        &quot;isMenu&quot;: false,
        &quot;key&quot;: &quot;Role.Edit&quot;,
        &quot;parentId&quot;: &quot;e98d2f21-52f8-41cb-9b3f-fe979b5f0578&quot;,
        &quot;unAuthorizedProps&quot;: {
          &quot;visible&quot;: false,
          &quot;disabled&quot;: false
        },
        &quot;actionName&quot;: &quot;Edit&quot;
      },
      {
        &quot;routePath&quot;: null,
        &quot;iconName&quot;: null,
        &quot;controllerName&quot;: &quot;Banner&quot;,
        &quot;name&quot;: &quot;Banner Delete&quot;,
        &quot;displayOrder&quot;: 0,
        &quot;description&quot;: null,
        &quot;id&quot;: &quot;21357ea8-c21e-4c43-846a-714dc3de69b2&quot;,
        &quot;isMenu&quot;: false,
        &quot;key&quot;: &quot;Banner.Delete&quot;,
        &quot;parentId&quot;: &quot;d01dd410-27ab-4ca2-ad2e-06ed18197543&quot;,
        &quot;unAuthorizedProps&quot;: {
          &quot;visible&quot;: false,
          &quot;disabled&quot;: false
        },
        &quot;actionName&quot;: &quot;Delete&quot;
      },
      {
        &quot;routePath&quot;: &quot;message-templates&quot;,
        &quot;iconName&quot;: &quot;messageSVG&quot;,
        &quot;controllerName&quot;: &quot;MessageTemplate&quot;,
        &quot;name&quot;: &quot;Message Templates&quot;,
        &quot;displayOrder&quot;: 0,
        &quot;description&quot;: null,
        &quot;id&quot;: &quot;570b7634-2234-498f-939b-440805527121&quot;,
        &quot;isMenu&quot;: true,
        &quot;key&quot;: &quot;MessageTemplate.Index&quot;,
        &quot;parentId&quot;: &quot;8f4ea0ae-2382-4769-8584-5f2f2b1520c8&quot;,
        &quot;unAuthorizedProps&quot;: {
          &quot;visible&quot;: false,
          &quot;disabled&quot;: false
        },
        &quot;actionName&quot;: &quot;Index&quot;
      },
      {
        &quot;routePath&quot;: null,
        &quot;iconName&quot;: null,
        &quot;controllerName&quot;: &quot;Banner&quot;,
        &quot;name&quot;: &quot;Banner Find&quot;,
        &quot;displayOrder&quot;: 0,
        &quot;description&quot;: null,
        &quot;id&quot;: &quot;d251bc51-e2ad-4581-a0f3-30fa44141403&quot;,
        &quot;isMenu&quot;: false,
        &quot;key&quot;: &quot;Banner.Find&quot;,
        &quot;parentId&quot;: &quot;d01dd410-27ab-4ca2-ad2e-06ed18197543&quot;,
        &quot;unAuthorizedProps&quot;: {
          &quot;visible&quot;: false,
          &quot;disabled&quot;: false
        },
        &quot;actionName&quot;: &quot;Find&quot;
      },
      {
        &quot;routePath&quot;: null,
        &quot;iconName&quot;: null,
        &quot;controllerName&quot;: &quot;Region&quot;,
        &quot;name&quot;: &quot;Region&quot;,
        &quot;displayOrder&quot;: 0,
        &quot;description&quot;: null,
        &quot;id&quot;: &quot;ea3629e8-4946-4c94-831b-445ff5e05927&quot;,
        &quot;isMenu&quot;: false,
        &quot;key&quot;: &quot;Region.Delete&quot;,
        &quot;parentId&quot;: &quot;636ed702-38d2-4f20-967d-54564a31315f&quot;,
        &quot;unAuthorizedProps&quot;: {
          &quot;visible&quot;: false,
          &quot;disabled&quot;: false
        },
        &quot;actionName&quot;: &quot;Delete&quot;
      },
      {
        &quot;routePath&quot;: &quot;riders&quot;,
        &quot;iconName&quot;: &quot;riderSVG&quot;,
        &quot;controllerName&quot;: &quot;Rider&quot;,
        &quot;name&quot;: &quot;Driver&quot;,
        &quot;displayOrder&quot;: 620,
        &quot;description&quot;: null,
        &quot;id&quot;: &quot;1b716d9c-2bf6-4a16-9bd1-2214d14b6cc7&quot;,
        &quot;isMenu&quot;: true,
        &quot;key&quot;: &quot;Rider.Index&quot;,
        &quot;parentId&quot;: &quot;8b04f24a-f777-5455-9d4b-5d32257d3d62&quot;,
        &quot;unAuthorizedProps&quot;: {
          &quot;visible&quot;: false,
          &quot;disabled&quot;: false
        },
        &quot;actionName&quot;: &quot;Index&quot;
      },
      {
        &quot;routePath&quot;: &quot;permissions&quot;,
        &quot;iconName&quot;: &quot;permissionSVG&quot;,
        &quot;controllerName&quot;: &quot;Permission&quot;,
        &quot;name&quot;: &quot;Permissions&quot;,
        &quot;displayOrder&quot;: 640,
        &quot;description&quot;: null,
        &quot;id&quot;: &quot;213aad81-551b-49f7-9d15-f11f5b9e7e88&quot;,
        &quot;isMenu&quot;: true,
        &quot;key&quot;: &quot;Permission.Index&quot;,
        &quot;parentId&quot;: &quot;8b04f24a-f777-5455-9d4b-5d32257d3d62&quot;,
        &quot;unAuthorizedProps&quot;: {
          &quot;visible&quot;: false,
          &quot;disabled&quot;: false
        },
        &quot;actionName&quot;: &quot;Index&quot;
      },
      {
        &quot;routePath&quot;: null,
        &quot;iconName&quot;: null,
        &quot;controllerName&quot;: &quot;County&quot;,
        &quot;name&quot;: &quot;County Edit&quot;,
        &quot;displayOrder&quot;: 0,
        &quot;description&quot;: null,
        &quot;id&quot;: &quot;ba784849-f3ea-4d98-8dc8-194743397b68&quot;,
        &quot;isMenu&quot;: false,
        &quot;key&quot;: &quot;County.Edit&quot;,
        &quot;parentId&quot;: &quot;28a7ee86-bfd8-408f-97d3-82a96e1cbcc6&quot;,
        &quot;unAuthorizedProps&quot;: {
          &quot;visible&quot;: false,
          &quot;disabled&quot;: false
        },
        &quot;actionName&quot;: &quot;Edit&quot;
      },
      {
        &quot;routePath&quot;: null,
        &quot;iconName&quot;: null,
        &quot;controllerName&quot;: &quot;ZipCode&quot;,
        &quot;name&quot;: &quot;ZipCode List&quot;,
        &quot;displayOrder&quot;: 0,
        &quot;description&quot;: null,
        &quot;id&quot;: &quot;48ed0371-cd67-4620-b3d7-8c71e947c93f&quot;,
        &quot;isMenu&quot;: false,
        &quot;key&quot;: &quot;ZipCode.List&quot;,
        &quot;parentId&quot;: &quot;8aa34e38-533b-4ab7-bad7-0eaa7b5dec9c&quot;,
        &quot;unAuthorizedProps&quot;: {
          &quot;visible&quot;: false,
          &quot;disabled&quot;: false
        },
        &quot;actionName&quot;: &quot;List&quot;
      },
      {
        &quot;routePath&quot;: null,
        &quot;iconName&quot;: null,
        &quot;controllerName&quot;: &quot;Role&quot;,
        &quot;name&quot;: &quot;Role Delete&quot;,
        &quot;displayOrder&quot;: 0,
        &quot;description&quot;: null,
        &quot;id&quot;: &quot;72327532-7e7b-443e-8f6c-1af60992346e&quot;,
        &quot;isMenu&quot;: false,
        &quot;key&quot;: &quot;Role.Delete&quot;,
        &quot;parentId&quot;: &quot;e98d2f21-52f8-41cb-9b3f-fe979b5f0578&quot;,
        &quot;unAuthorizedProps&quot;: {
          &quot;visible&quot;: false,
          &quot;disabled&quot;: false
        },
        &quot;actionName&quot;: &quot;Delete&quot;
      },
      {
        &quot;routePath&quot;: null,
        &quot;iconName&quot;: null,
        &quot;controllerName&quot;: &quot;County&quot;,
        &quot;name&quot;: &quot;County List&quot;,
        &quot;displayOrder&quot;: 0,
        &quot;description&quot;: null,
        &quot;id&quot;: &quot;b585755d-7f4f-43b0-8d1e-f2d807abcec4&quot;,
        &quot;isMenu&quot;: false,
        &quot;key&quot;: &quot;County.List&quot;,
        &quot;parentId&quot;: &quot;28a7ee86-bfd8-408f-97d3-82a96e1cbcc6&quot;,
        &quot;unAuthorizedProps&quot;: {
          &quot;visible&quot;: false,
          &quot;disabled&quot;: false
        },
        &quot;actionName&quot;: &quot;List&quot;
      },
      {
        &quot;routePath&quot;: null,
        &quot;iconName&quot;: null,
        &quot;controllerName&quot;: &quot;State&quot;,
        &quot;name&quot;: &quot;State List&quot;,
        &quot;displayOrder&quot;: 0,
        &quot;description&quot;: null,
        &quot;id&quot;: &quot;b3223f02-9caa-4de6-9340-052b6c64b670&quot;,
        &quot;isMenu&quot;: false,
        &quot;key&quot;: &quot;State.List&quot;,
        &quot;parentId&quot;: &quot;4842baa6-3b5e-40d1-ba2c-aa896962f8a7&quot;,
        &quot;unAuthorizedProps&quot;: {
          &quot;visible&quot;: false,
          &quot;disabled&quot;: false
        },
        &quot;actionName&quot;: &quot;List&quot;
      },
      {
        &quot;routePath&quot;: &quot;orders&quot;,
        &quot;iconName&quot;: &quot;ordersSVG&quot;,
        &quot;controllerName&quot;: &quot;Order&quot;,
        &quot;name&quot;: &quot;Status Count&quot;,
        &quot;displayOrder&quot;: 0,
        &quot;description&quot;: null,
        &quot;id&quot;: &quot;cebe4f6e-97cb-4744-be13-802d6ec99207&quot;,
        &quot;isMenu&quot;: false,
        &quot;key&quot;: &quot;Order.OrderStatusCount&quot;,
        &quot;parentId&quot;: &quot;872b9f8c-c48d-dfeb-de32-1be0c3c38dbb&quot;,
        &quot;unAuthorizedProps&quot;: {
          &quot;visible&quot;: false,
          &quot;disabled&quot;: false
        },
        &quot;actionName&quot;: &quot;OrderStatusCount&quot;
      },
      {
        &quot;routePath&quot;: null,
        &quot;iconName&quot;: null,
        &quot;controllerName&quot;: &quot;Region&quot;,
        &quot;name&quot;: &quot;Region Index&quot;,
        &quot;displayOrder&quot;: 0,
        &quot;description&quot;: null,
        &quot;id&quot;: &quot;636ed702-38d2-4f20-967d-54564a31315f&quot;,
        &quot;isMenu&quot;: false,
        &quot;key&quot;: &quot;Region.Index&quot;,
        &quot;parentId&quot;: null,
        &quot;unAuthorizedProps&quot;: {
          &quot;visible&quot;: false,
          &quot;disabled&quot;: false
        },
        &quot;actionName&quot;: &quot;Index&quot;
      },
      {
        &quot;routePath&quot;: null,
        &quot;iconName&quot;: null,
        &quot;controllerName&quot;: &quot;Region&quot;,
        &quot;name&quot;: &quot;Region List&quot;,
        &quot;displayOrder&quot;: 0,
        &quot;description&quot;: null,
        &quot;id&quot;: &quot;9c05f19c-13b9-498e-aacb-e3c0f3e1d478&quot;,
        &quot;isMenu&quot;: false,
        &quot;key&quot;: &quot;Region.List&quot;,
        &quot;parentId&quot;: &quot;636ed702-38d2-4f20-967d-54564a31315f&quot;,
        &quot;unAuthorizedProps&quot;: {
          &quot;visible&quot;: false,
          &quot;disabled&quot;: false
        },
        &quot;actionName&quot;: &quot;List&quot;
      },
      {
        &quot;routePath&quot;: &quot;banners&quot;,
        &quot;iconName&quot;: &quot;bannerSVG&quot;,
        &quot;controllerName&quot;: &quot;Banner&quot;,
        &quot;name&quot;: &quot;Banner&quot;,
        &quot;displayOrder&quot;: 920,
        &quot;description&quot;: null,
        &quot;id&quot;: &quot;d01dd410-27ab-4ca2-ad2e-06ed18197543&quot;,
        &quot;isMenu&quot;: true,
        &quot;key&quot;: &quot;Banner.Index&quot;,
        &quot;parentId&quot;: &quot;8f4ea0ae-2382-4769-8584-5f2f2b1520c8&quot;,
        &quot;unAuthorizedProps&quot;: {
          &quot;visible&quot;: false,
          &quot;disabled&quot;: false
        },
        &quot;actionName&quot;: &quot;Index&quot;
      },
      {
        &quot;routePath&quot;: null,
        &quot;iconName&quot;: null,
        &quot;controllerName&quot;: &quot;MessageTemplate&quot;,
        &quot;name&quot;: &quot;Message Template Find&quot;,
        &quot;displayOrder&quot;: 0,
        &quot;description&quot;: null,
        &quot;id&quot;: &quot;c4cda510-6ac9-41c7-ae6e-74e42b8672b2&quot;,
        &quot;isMenu&quot;: false,
        &quot;key&quot;: &quot;MessageTemplate.Find&quot;,
        &quot;parentId&quot;: &quot;570b7634-2234-498f-939b-440805527121&quot;,
        &quot;unAuthorizedProps&quot;: {
          &quot;visible&quot;: false,
          &quot;disabled&quot;: false
        },
        &quot;actionName&quot;: &quot;Find&quot;
      },
      {
        &quot;routePath&quot;: null,
        &quot;iconName&quot;: null,
        &quot;controllerName&quot;: &quot;Address&quot;,
        &quot;name&quot;: &quot;Address Delete&quot;,
        &quot;displayOrder&quot;: 0,
        &quot;description&quot;: null,
        &quot;id&quot;: &quot;fbfbd05c-64df-4fd5-b4b1-8ae1d6d0ab09&quot;,
        &quot;isMenu&quot;: false,
        &quot;key&quot;: &quot;Address.Delete&quot;,
        &quot;parentId&quot;: &quot;c3c514ef-1964-4c94-b13a-8bdd83a5b1cb&quot;,
        &quot;unAuthorizedProps&quot;: {
          &quot;visible&quot;: false,
          &quot;disabled&quot;: false
        },
        &quot;actionName&quot;: &quot;Delete&quot;
      },
      {
        &quot;routePath&quot;: null,
        &quot;iconName&quot;: null,
        &quot;controllerName&quot;: &quot;CouponCode&quot;,
        &quot;name&quot;: &quot;CouponCode&quot;,
        &quot;displayOrder&quot;: 0,
        &quot;description&quot;: null,
        &quot;id&quot;: &quot;b9a73bf9-fbb5-4c88-92c2-f307b6441d6a&quot;,
        &quot;isMenu&quot;: false,
        &quot;key&quot;: &quot;CouponCode.Find&quot;,
        &quot;parentId&quot;: &quot;5aaef586-e311-4265-a241-6eb9758d6541&quot;,
        &quot;unAuthorizedProps&quot;: {
          &quot;visible&quot;: false,
          &quot;disabled&quot;: false
        },
        &quot;actionName&quot;: &quot;Find&quot;
      },
      {
        &quot;routePath&quot;: null,
        &quot;iconName&quot;: null,
        &quot;controllerName&quot;: &quot;Admin&quot;,
        &quot;name&quot;: &quot;Admin Access&quot;,
        &quot;displayOrder&quot;: 0,
        &quot;description&quot;: null,
        &quot;id&quot;: &quot;3e00e509-1d51-489b-b91a-55fe8f3c6edb&quot;,
        &quot;isMenu&quot;: false,
        &quot;key&quot;: &quot;Admin.Access&quot;,
        &quot;parentId&quot;: null,
        &quot;unAuthorizedProps&quot;: {
          &quot;visible&quot;: false,
          &quot;disabled&quot;: false
        },
        &quot;actionName&quot;: &quot;Access&quot;
      },
      {
        &quot;routePath&quot;: null,
        &quot;iconName&quot;: null,
        &quot;controllerName&quot;: &quot;Campaign&quot;,
        &quot;name&quot;: &quot;Campaign Edit&quot;,
        &quot;displayOrder&quot;: 0,
        &quot;description&quot;: null,
        &quot;id&quot;: &quot;dc1d5cc3-524b-4eaa-9a9f-ee84215e1861&quot;,
        &quot;isMenu&quot;: false,
        &quot;key&quot;: &quot;Campaign.Edit&quot;,
        &quot;parentId&quot;: &quot;fd2f794b-65fb-4da6-9bdb-835c466e4321&quot;,
        &quot;unAuthorizedProps&quot;: {
          &quot;visible&quot;: false,
          &quot;disabled&quot;: false
        },
        &quot;actionName&quot;: &quot;Edit&quot;
      },
      {
        &quot;routePath&quot;: null,
        &quot;iconName&quot;: null,
        &quot;controllerName&quot;: &quot;Category&quot;,
        &quot;name&quot;: &quot;Category Delete&quot;,
        &quot;displayOrder&quot;: 0,
        &quot;description&quot;: null,
        &quot;id&quot;: &quot;b83891f7-ad63-4ffc-8ce2-54f1fe6c2655&quot;,
        &quot;isMenu&quot;: false,
        &quot;key&quot;: &quot;Category.Delete&quot;,
        &quot;parentId&quot;: &quot;9bbddb67-d7f2-44d3-8d09-6bd04f8b6f79&quot;,
        &quot;unAuthorizedProps&quot;: {
          &quot;visible&quot;: false,
          &quot;disabled&quot;: false
        },
        &quot;actionName&quot;: &quot;Delete&quot;
      },
      {
        &quot;routePath&quot;: &quot;order-history&quot;,
        &quot;iconName&quot;: &quot;orderHistorySVG&quot;,
        &quot;controllerName&quot;: &quot;Order&quot;,
        &quot;name&quot;: &quot;Order History&quot;,
        &quot;displayOrder&quot;: 110,
        &quot;description&quot;: null,
        &quot;id&quot;: &quot;14cbd334-6cd3-42b3-9b65-6bbeff98691f&quot;,
        &quot;isMenu&quot;: true,
        &quot;key&quot;: &quot;Order.History&quot;,
        &quot;parentId&quot;: &quot;872b9f8c-c48d-dfeb-de32-1be0c3c38dbb&quot;,
        &quot;unAuthorizedProps&quot;: {
          &quot;visible&quot;: false,
          &quot;disabled&quot;: false
        },
        &quot;actionName&quot;: &quot;History&quot;
      },
      {
        &quot;routePath&quot;: null,
        &quot;iconName&quot;: &quot;GetWarehousesByProductQuantities&quot;,
        &quot;controllerName&quot;: &quot;Warehouse&quot;,
        &quot;name&quot;: &quot;Warehouse GetWarehousesByProductQuantities&quot;,
        &quot;displayOrder&quot;: 0,
        &quot;description&quot;: null,
        &quot;id&quot;: &quot;03c0e9ba-00e5-4526-bed3-8b92b5ed5b00&quot;,
        &quot;isMenu&quot;: false,
        &quot;key&quot;: &quot;Warehouse.GetWarehousesByProductQuantities&quot;,
        &quot;parentId&quot;: &quot;7a99d565-0e98-95af-19bd-814011ea2417&quot;,
        &quot;unAuthorizedProps&quot;: {
          &quot;visible&quot;: false,
          &quot;disabled&quot;: false
        },
        &quot;actionName&quot;: &quot;GetWarehousesByProductQuantities&quot;
      },
      {
        &quot;routePath&quot;: null,
        &quot;iconName&quot;: null,
        &quot;controllerName&quot;: &quot;Customer&quot;,
        &quot;name&quot;: &quot;Customer Edit&quot;,
        &quot;displayOrder&quot;: 0,
        &quot;description&quot;: null,
        &quot;id&quot;: &quot;16ec7648-8864-46c1-81f8-45ca74b6d400&quot;,
        &quot;isMenu&quot;: false,
        &quot;key&quot;: &quot;Customer.Edit&quot;,
        &quot;parentId&quot;: &quot;07b60a01-5846-422c-b1c6-1c7a382dbd0e&quot;,
        &quot;unAuthorizedProps&quot;: {
          &quot;visible&quot;: false,
          &quot;disabled&quot;: false
        },
        &quot;actionName&quot;: &quot;Edit&quot;
      },
      {
        &quot;routePath&quot;: null,
        &quot;iconName&quot;: null,
        &quot;controllerName&quot;: &quot;Customer&quot;,
        &quot;name&quot;: &quot;Customer ExportForFilter&quot;,
        &quot;displayOrder&quot;: 0,
        &quot;description&quot;: null,
        &quot;id&quot;: &quot;d035c702-e74b-4f21-a90f-0e5eab19b6ed&quot;,
        &quot;isMenu&quot;: false,
        &quot;key&quot;: &quot;Customer.ExportForFilter&quot;,
        &quot;parentId&quot;: &quot;07b60a01-5846-422c-b1c6-1c7a382dbd0e&quot;,
        &quot;unAuthorizedProps&quot;: {
          &quot;visible&quot;: false,
          &quot;disabled&quot;: false
        },
        &quot;actionName&quot;: &quot;ExportForFilter&quot;
      },
      {
        &quot;routePath&quot;: null,
        &quot;iconName&quot;: &quot;UpdateIsShowOutOfStock&quot;,
        &quot;controllerName&quot;: &quot;Product&quot;,
        &quot;name&quot;: &quot;Product UpdateIsShowOutOfStock&quot;,
        &quot;displayOrder&quot;: 0,
        &quot;description&quot;: null,
        &quot;id&quot;: &quot;3b089d65-e726-4606-9e48-0fade407b41a&quot;,
        &quot;isMenu&quot;: false,
        &quot;key&quot;: &quot;Product.UpdateIsShowOutOfStock&quot;,
        &quot;parentId&quot;: &quot;1858607f-58c2-4c69-8078-f2756c5ca81e&quot;,
        &quot;unAuthorizedProps&quot;: {
          &quot;visible&quot;: false,
          &quot;disabled&quot;: false
        },
        &quot;actionName&quot;: &quot;UpdateIsShowOutOfStock&quot;
      },
      {
        &quot;routePath&quot;: null,
        &quot;iconName&quot;: null,
        &quot;controllerName&quot;: &quot;Category&quot;,
        &quot;name&quot;: &quot;Category List&quot;,
        &quot;displayOrder&quot;: 0,
        &quot;description&quot;: null,
        &quot;id&quot;: &quot;60efba66-4656-4db1-bbc9-9192afaadc42&quot;,
        &quot;isMenu&quot;: false,
        &quot;key&quot;: &quot;Category.List&quot;,
        &quot;parentId&quot;: &quot;9bbddb67-d7f2-44d3-8d09-6bd04f8b6f79&quot;,
        &quot;unAuthorizedProps&quot;: {
          &quot;visible&quot;: false,
          &quot;disabled&quot;: false
        },
        &quot;actionName&quot;: &quot;List&quot;
      },
      {
        &quot;routePath&quot;: null,
        &quot;iconName&quot;: &quot;SendOrderReceipt&quot;,
        &quot;controllerName&quot;: &quot;Order&quot;,
        &quot;name&quot;: &quot;Order SendOrderReceipt&quot;,
        &quot;displayOrder&quot;: 0,
        &quot;description&quot;: null,
        &quot;id&quot;: &quot;61f6a2b2-3170-45fd-b952-763ab434e8cb&quot;,
        &quot;isMenu&quot;: false,
        &quot;key&quot;: &quot;Order.SendOrderReceipt&quot;,
        &quot;parentId&quot;: &quot;6fa1df30-c04b-4bef-a1d1-a67c2748e0b4&quot;,
        &quot;unAuthorizedProps&quot;: {
          &quot;visible&quot;: false,
          &quot;disabled&quot;: false
        },
        &quot;actionName&quot;: &quot;SendOrderReceipt&quot;
      },
      {
        &quot;routePath&quot;: null,
        &quot;iconName&quot;: null,
        &quot;controllerName&quot;: &quot;ServiceArea&quot;,
        &quot;name&quot;: &quot;ServiceArea Index&quot;,
        &quot;displayOrder&quot;: 0,
        &quot;description&quot;: null,
        &quot;id&quot;: &quot;6510260c-2670-4f71-96ed-8f12986fb9cf&quot;,
        &quot;isMenu&quot;: false,
        &quot;key&quot;: &quot;ServiceArea.Index&quot;,
        &quot;parentId&quot;: null,
        &quot;unAuthorizedProps&quot;: {
          &quot;visible&quot;: false,
          &quot;disabled&quot;: false
        },
        &quot;actionName&quot;: &quot;Index&quot;
      },
      {
        &quot;routePath&quot;: null,
        &quot;iconName&quot;: null,
        &quot;controllerName&quot;: &quot;Order&quot;,
        &quot;name&quot;: &quot;Order ExportForFilter&quot;,
        &quot;displayOrder&quot;: 0,
        &quot;description&quot;: null,
        &quot;id&quot;: &quot;1f7586e6-8ed7-4d27-bbab-05b597a942f3&quot;,
        &quot;isMenu&quot;: false,
        &quot;key&quot;: &quot;Order.ExportForFilter&quot;,
        &quot;parentId&quot;: &quot;872b9f8c-c48d-dfeb-de32-1be0c3c38dbb&quot;,
        &quot;unAuthorizedProps&quot;: {
          &quot;visible&quot;: false,
          &quot;disabled&quot;: false
        },
        &quot;actionName&quot;: &quot;ExportForFilter&quot;
      },
      {
        &quot;routePath&quot;: null,
        &quot;iconName&quot;: &quot;delete&quot;,
        &quot;controllerName&quot;: &quot;ProductMedia&quot;,
        &quot;name&quot;: &quot;ProductMedia Delete&quot;,
        &quot;displayOrder&quot;: 0,
        &quot;description&quot;: null,
        &quot;id&quot;: &quot;f95ffe40-8464-4dd7-997a-1e5f0e4ccc4a&quot;,
        &quot;isMenu&quot;: false,
        &quot;key&quot;: &quot;ProductMedia.Delete&quot;,
        &quot;parentId&quot;: &quot;1858607f-58c2-4c69-8078-f2756c5ca81e&quot;,
        &quot;unAuthorizedProps&quot;: {
          &quot;visible&quot;: false,
          &quot;disabled&quot;: false
        },
        &quot;actionName&quot;: &quot;Delete&quot;
      },
      {
        &quot;routePath&quot;: null,
        &quot;iconName&quot;: &quot;auditSVG&quot;,
        &quot;controllerName&quot;: &quot;Audit&quot;,
        &quot;name&quot;: &quot;Audit Find&quot;,
        &quot;displayOrder&quot;: 100000,
        &quot;description&quot;: null,
        &quot;id&quot;: &quot;0817b3ef-fe5a-4be2-b10b-cd008314489e&quot;,
        &quot;isMenu&quot;: false,
        &quot;key&quot;: &quot;Audit.Find&quot;,
        &quot;parentId&quot;: &quot;76070de9-f4f5-4096-aa99-2d2bac586b44&quot;,
        &quot;unAuthorizedProps&quot;: {
          &quot;visible&quot;: false,
          &quot;disabled&quot;: false
        },
        &quot;actionName&quot;: &quot;Find&quot;
      },
      {
        &quot;routePath&quot;: null,
        &quot;iconName&quot;: null,
        &quot;controllerName&quot;: &quot;Region&quot;,
        &quot;name&quot;: &quot;Region Edit&quot;,
        &quot;displayOrder&quot;: 0,
        &quot;description&quot;: null,
        &quot;id&quot;: &quot;dab192e4-1dbc-4537-964c-b9bcf9c0e94c&quot;,
        &quot;isMenu&quot;: false,
        &quot;key&quot;: &quot;Region.Edit&quot;,
        &quot;parentId&quot;: &quot;636ed702-38d2-4f20-967d-54564a31315f&quot;,
        &quot;unAuthorizedProps&quot;: {
          &quot;visible&quot;: false,
          &quot;disabled&quot;: false
        },
        &quot;actionName&quot;: &quot;Edit&quot;
      },
      {
        &quot;routePath&quot;: null,
        &quot;iconName&quot;: null,
        &quot;controllerName&quot;: &quot;ZipCode&quot;,
        &quot;name&quot;: &quot;ZipCode Create&quot;,
        &quot;displayOrder&quot;: 0,
        &quot;description&quot;: null,
        &quot;id&quot;: &quot;a402206e-61d3-4fca-9008-34013f50378e&quot;,
        &quot;isMenu&quot;: false,
        &quot;key&quot;: &quot;ZipCode.Create&quot;,
        &quot;parentId&quot;: &quot;8aa34e38-533b-4ab7-bad7-0eaa7b5dec9c&quot;,
        &quot;unAuthorizedProps&quot;: {
          &quot;visible&quot;: false,
          &quot;disabled&quot;: false
        },
        &quot;actionName&quot;: &quot;Create&quot;
      },
      {
        &quot;routePath&quot;: null,
        &quot;iconName&quot;: null,
        &quot;controllerName&quot;: &quot;Role&quot;,
        &quot;name&quot;: &quot;Role AssignPermission&quot;,
        &quot;displayOrder&quot;: 0,
        &quot;description&quot;: null,
        &quot;id&quot;: &quot;059c1d80-0fbe-4e73-abc8-3e20a3ee2901&quot;,
        &quot;isMenu&quot;: false,
        &quot;key&quot;: &quot;Role.AssignPermission&quot;,
        &quot;parentId&quot;: &quot;e98d2f21-52f8-41cb-9b3f-fe979b5f0578&quot;,
        &quot;unAuthorizedProps&quot;: {
          &quot;visible&quot;: false,
          &quot;disabled&quot;: false
        },
        &quot;actionName&quot;: &quot;AssignPermission&quot;
      },
      {
        &quot;routePath&quot;: null,
        &quot;iconName&quot;: null,
        &quot;controllerName&quot;: &quot;Category&quot;,
        &quot;name&quot;: &quot;Category Find&quot;,
        &quot;displayOrder&quot;: 0,
        &quot;description&quot;: null,
        &quot;id&quot;: &quot;9d76a667-e500-4b4e-861b-25b97c953dd9&quot;,
        &quot;isMenu&quot;: false,
        &quot;key&quot;: &quot;Category.Find&quot;,
        &quot;parentId&quot;: &quot;9bbddb67-d7f2-44d3-8d09-6bd04f8b6f79&quot;,
        &quot;unAuthorizedProps&quot;: {
          &quot;visible&quot;: false,
          &quot;disabled&quot;: false
        },
        &quot;actionName&quot;: &quot;Find&quot;
      },
      {
        &quot;routePath&quot;: null,
        &quot;iconName&quot;: null,
        &quot;controllerName&quot;: &quot;Employee&quot;,
        &quot;name&quot;: &quot;Employee Find&quot;,
        &quot;displayOrder&quot;: 0,
        &quot;description&quot;: null,
        &quot;id&quot;: &quot;329395f5-2a4f-412c-bfa4-ba7e3d40d4b3&quot;,
        &quot;isMenu&quot;: false,
        &quot;key&quot;: &quot;Employee.Find&quot;,
        &quot;parentId&quot;: &quot;e4a8e904-698e-4596-92c3-b40206b19179&quot;,
        &quot;unAuthorizedProps&quot;: {
          &quot;visible&quot;: false,
          &quot;disabled&quot;: false
        },
        &quot;actionName&quot;: &quot;Find&quot;
      },
      {
        &quot;routePath&quot;: null,
        &quot;iconName&quot;: &quot;find&quot;,
        &quot;controllerName&quot;: &quot;Product&quot;,
        &quot;name&quot;: &quot;Product Find&quot;,
        &quot;displayOrder&quot;: 0,
        &quot;description&quot;: null,
        &quot;id&quot;: &quot;bd420774-1ffd-4fa0-b172-3f04acbb6dfa&quot;,
        &quot;isMenu&quot;: false,
        &quot;key&quot;: &quot;Product.Find&quot;,
        &quot;parentId&quot;: &quot;1858607f-58c2-4c69-8078-f2756c5ca81e&quot;,
        &quot;unAuthorizedProps&quot;: {
          &quot;visible&quot;: false,
          &quot;disabled&quot;: false
        },
        &quot;actionName&quot;: &quot;Find&quot;
      },
      {
        &quot;routePath&quot;: null,
        &quot;iconName&quot;: null,
        &quot;controllerName&quot;: &quot;Employee&quot;,
        &quot;name&quot;: &quot;Employee Edit&quot;,
        &quot;displayOrder&quot;: 0,
        &quot;description&quot;: null,
        &quot;id&quot;: &quot;d9cfda39-3a58-4e03-955d-d7f7fc173dd5&quot;,
        &quot;isMenu&quot;: false,
        &quot;key&quot;: &quot;Employee.Edit&quot;,
        &quot;parentId&quot;: &quot;e4a8e904-698e-4596-92c3-b40206b19179&quot;,
        &quot;unAuthorizedProps&quot;: {
          &quot;visible&quot;: false,
          &quot;disabled&quot;: false
        },
        &quot;actionName&quot;: &quot;Edit&quot;
      },
      {
        &quot;routePath&quot;: null,
        &quot;iconName&quot;: null,
        &quot;controllerName&quot;: &quot;Language&quot;,
        &quot;name&quot;: &quot;Language List&quot;,
        &quot;displayOrder&quot;: 0,
        &quot;description&quot;: null,
        &quot;id&quot;: &quot;2f273f27-d9dd-406e-a4d4-2faac07a3d2d&quot;,
        &quot;isMenu&quot;: false,
        &quot;key&quot;: &quot;Language.List&quot;,
        &quot;parentId&quot;: &quot;7d117917-ff5a-448f-ae1c-71b123ffabc0&quot;,
        &quot;unAuthorizedProps&quot;: {
          &quot;visible&quot;: false,
          &quot;disabled&quot;: false
        },
        &quot;actionName&quot;: &quot;List&quot;
      },
      {
        &quot;routePath&quot;: null,
        &quot;iconName&quot;: null,
        &quot;controllerName&quot;: &quot;ZipCode&quot;,
        &quot;name&quot;: &quot;ZipCode Index&quot;,
        &quot;displayOrder&quot;: 0,
        &quot;description&quot;: null,
        &quot;id&quot;: &quot;8aa34e38-533b-4ab7-bad7-0eaa7b5dec9c&quot;,
        &quot;isMenu&quot;: false,
        &quot;key&quot;: &quot;ZipCode.Index&quot;,
        &quot;parentId&quot;: null,
        &quot;unAuthorizedProps&quot;: {
          &quot;visible&quot;: false,
          &quot;disabled&quot;: false
        },
        &quot;actionName&quot;: &quot;Index&quot;
      },
      {
        &quot;routePath&quot;: null,
        &quot;iconName&quot;: null,
        &quot;controllerName&quot;: &quot;State&quot;,
        &quot;name&quot;: &quot;State Delete&quot;,
        &quot;displayOrder&quot;: 0,
        &quot;description&quot;: null,
        &quot;id&quot;: &quot;701496e5-1817-49e7-9c31-4270a4174942&quot;,
        &quot;isMenu&quot;: false,
        &quot;key&quot;: &quot;State.Delete&quot;,
        &quot;parentId&quot;: &quot;4842baa6-3b5e-40d1-ba2c-aa896962f8a7&quot;,
        &quot;unAuthorizedProps&quot;: {
          &quot;visible&quot;: false,
          &quot;disabled&quot;: false
        },
        &quot;actionName&quot;: &quot;Delete&quot;
      },
      {
        &quot;routePath&quot;: null,
        &quot;iconName&quot;: null,
        &quot;controllerName&quot;: &quot;County&quot;,
        &quot;name&quot;: &quot;County Index&quot;,
        &quot;displayOrder&quot;: 0,
        &quot;description&quot;: null,
        &quot;id&quot;: &quot;28a7ee86-bfd8-408f-97d3-82a96e1cbcc6&quot;,
        &quot;isMenu&quot;: false,
        &quot;key&quot;: &quot;County.Index&quot;,
        &quot;parentId&quot;: null,
        &quot;unAuthorizedProps&quot;: {
          &quot;visible&quot;: false,
          &quot;disabled&quot;: false
        },
        &quot;actionName&quot;: &quot;Index&quot;
      },
      {
        &quot;routePath&quot;: null,
        &quot;iconName&quot;: null,
        &quot;controllerName&quot;: &quot;Rider&quot;,
        &quot;name&quot;: &quot;Rider Delete&quot;,
        &quot;displayOrder&quot;: 0,
        &quot;description&quot;: null,
        &quot;id&quot;: &quot;b6c199d0-e33a-484b-b8c7-8c6a204541da&quot;,
        &quot;isMenu&quot;: false,
        &quot;key&quot;: &quot;Rider.Delete&quot;,
        &quot;parentId&quot;: &quot;1b716d9c-2bf6-4a16-9bd1-2214d14b6cc7&quot;,
        &quot;unAuthorizedProps&quot;: {
          &quot;visible&quot;: false,
          &quot;disabled&quot;: false
        },
        &quot;actionName&quot;: &quot;Delete&quot;
      },
      {
        &quot;routePath&quot;: null,
        &quot;iconName&quot;: null,
        &quot;controllerName&quot;: &quot;SubRegion&quot;,
        &quot;name&quot;: &quot;SubRegion Index&quot;,
        &quot;displayOrder&quot;: 0,
        &quot;description&quot;: null,
        &quot;id&quot;: &quot;5016a026-6957-41ab-8cda-9bd37afe0841&quot;,
        &quot;isMenu&quot;: false,
        &quot;key&quot;: &quot;SubRegion.Index&quot;,
        &quot;parentId&quot;: null,
        &quot;unAuthorizedProps&quot;: {
          &quot;visible&quot;: false,
          &quot;disabled&quot;: false
        },
        &quot;actionName&quot;: &quot;Index&quot;
      },
      {
        &quot;routePath&quot;: null,
        &quot;iconName&quot;: null,
        &quot;controllerName&quot;: &quot;Campaign&quot;,
        &quot;name&quot;: &quot;Campaign Create&quot;,
        &quot;displayOrder&quot;: 0,
        &quot;description&quot;: null,
        &quot;id&quot;: &quot;d165df32-e036-4e90-9f58-fa07296951f4&quot;,
        &quot;isMenu&quot;: false,
        &quot;key&quot;: &quot;Campaign.Create&quot;,
        &quot;parentId&quot;: &quot;fd2f794b-65fb-4da6-9bdb-835c466e4321&quot;,
        &quot;unAuthorizedProps&quot;: {
          &quot;visible&quot;: false,
          &quot;disabled&quot;: false
        },
        &quot;actionName&quot;: &quot;Create&quot;
      },
      {
        &quot;routePath&quot;: null,
        &quot;iconName&quot;: null,
        &quot;controllerName&quot;: &quot;Region&quot;,
        &quot;name&quot;: &quot;Region Create&quot;,
        &quot;displayOrder&quot;: 0,
        &quot;description&quot;: null,
        &quot;id&quot;: &quot;73aaaf9f-f0ae-4082-8b27-087cd854a8ae&quot;,
        &quot;isMenu&quot;: false,
        &quot;key&quot;: &quot;Region.Create&quot;,
        &quot;parentId&quot;: &quot;636ed702-38d2-4f20-967d-54564a31315f&quot;,
        &quot;unAuthorizedProps&quot;: {
          &quot;visible&quot;: false,
          &quot;disabled&quot;: false
        },
        &quot;actionName&quot;: &quot;Create&quot;
      },
      {
        &quot;routePath&quot;: &quot;audit-logs&quot;,
        &quot;iconName&quot;: &quot;auditSVG&quot;,
        &quot;controllerName&quot;: &quot;Audit&quot;,
        &quot;name&quot;: &quot;Audits&quot;,
        &quot;displayOrder&quot;: 999,
        &quot;description&quot;: null,
        &quot;id&quot;: &quot;76070de9-f4f5-4096-aa99-2d2bac586b44&quot;,
        &quot;isMenu&quot;: true,
        &quot;key&quot;: &quot;Audit.Index&quot;,
        &quot;parentId&quot;: null,
        &quot;unAuthorizedProps&quot;: {
          &quot;visible&quot;: false,
          &quot;disabled&quot;: false
        },
        &quot;actionName&quot;: &quot;Index&quot;
      },
      {
        &quot;routePath&quot;: null,
        &quot;iconName&quot;: null,
        &quot;controllerName&quot;: &quot;Order&quot;,
        &quot;name&quot;: &quot;Order PartialRefund&quot;,
        &quot;displayOrder&quot;: 0,
        &quot;description&quot;: null,
        &quot;id&quot;: &quot;5a118c25-8cae-40b6-9728-4542683e02e7&quot;,
        &quot;isMenu&quot;: false,
        &quot;key&quot;: &quot;Order.PartialRefund&quot;,
        &quot;parentId&quot;: &quot;872b9f8c-c48d-dfeb-de32-1be0c3c38dbb&quot;,
        &quot;unAuthorizedProps&quot;: {
          &quot;visible&quot;: false,
          &quot;disabled&quot;: false
        },
        &quot;actionName&quot;: &quot;PartialRefund&quot;
      },
      {
        &quot;routePath&quot;: null,
        &quot;iconName&quot;: null,
        &quot;controllerName&quot;: &quot;Permission&quot;,
        &quot;name&quot;: &quot;Permission List&quot;,
        &quot;displayOrder&quot;: 0,
        &quot;description&quot;: null,
        &quot;id&quot;: &quot;efde75e6-f926-47b4-8fc7-a190415c9625&quot;,
        &quot;isMenu&quot;: false,
        &quot;key&quot;: &quot;Permission.List&quot;,
        &quot;parentId&quot;: &quot;213aad81-551b-49f7-9d15-f11f5b9e7e88&quot;,
        &quot;unAuthorizedProps&quot;: {
          &quot;visible&quot;: false,
          &quot;disabled&quot;: false
        },
        &quot;actionName&quot;: &quot;List&quot;
      },
      {
        &quot;routePath&quot;: null,
        &quot;iconName&quot;: null,
        &quot;controllerName&quot;: &quot;Order&quot;,
        &quot;name&quot;: &quot;Order ListForFilterByActiveOrders&quot;,
        &quot;displayOrder&quot;: 0,
        &quot;description&quot;: null,
        &quot;id&quot;: &quot;5b6e6765-324b-4573-9918-6495fb653c36&quot;,
        &quot;isMenu&quot;: false,
        &quot;key&quot;: &quot;Order.ListForFilterByActiveOrders&quot;,
        &quot;parentId&quot;: &quot;872b9f8c-c48d-dfeb-de32-1be0c3c38dbb&quot;,
        &quot;unAuthorizedProps&quot;: {
          &quot;visible&quot;: false,
          &quot;disabled&quot;: false
        },
        &quot;actionName&quot;: &quot;ListForFilterByActiveOrders&quot;
      },
      {
        &quot;routePath&quot;: null,
        &quot;iconName&quot;: &quot;ChangeStatusToCompleted&quot;,
        &quot;controllerName&quot;: &quot;Order&quot;,
        &quot;name&quot;: &quot;Order ChangeStatusToCompleted&quot;,
        &quot;displayOrder&quot;: 0,
        &quot;description&quot;: null,
        &quot;id&quot;: &quot;c0d476ba-4306-46e1-b6b4-4c9e459a7724&quot;,
        &quot;isMenu&quot;: false,
        &quot;key&quot;: &quot;Order.ChangeStatusToCompleted&quot;,
        &quot;parentId&quot;: &quot;872b9f8c-c48d-dfeb-de32-1be0c3c38dbb&quot;,
        &quot;unAuthorizedProps&quot;: {
          &quot;visible&quot;: false,
          &quot;disabled&quot;: false
        },
        &quot;actionName&quot;: &quot;ChangeStatusToCompleted&quot;
      },
      {
        &quot;routePath&quot;: &quot;dashboards&quot;,
        &quot;iconName&quot;: &quot;dashboardSVG&quot;,
        &quot;controllerName&quot;: &quot;Dashboard&quot;,
        &quot;name&quot;: &quot;Analytics&quot;,
        &quot;displayOrder&quot;: 400,
        &quot;description&quot;: &quot;Analytics&quot;,
        &quot;id&quot;: &quot;05f03ef2-ee9e-466b-b024-cfa79802f9ae&quot;,
        &quot;isMenu&quot;: false,
        &quot;key&quot;: &quot;Dashboard.List&quot;,
        &quot;parentId&quot;: null,
        &quot;unAuthorizedProps&quot;: {
          &quot;visible&quot;: false,
          &quot;disabled&quot;: false
        },
        &quot;actionName&quot;: &quot;List&quot;
      },
      {
        &quot;routePath&quot;: null,
        &quot;iconName&quot;: null,
        &quot;controllerName&quot;: &quot;Warehouse&quot;,
        &quot;name&quot;: &quot;Warehouse EditWarehouseStatus&quot;,
        &quot;displayOrder&quot;: 0,
        &quot;description&quot;: null,
        &quot;id&quot;: &quot;ceb79cf6-b1a8-468b-8b15-e73bb6c3ffe9&quot;,
        &quot;isMenu&quot;: false,
        &quot;key&quot;: &quot;Warehouse.EditWarehouseStatus&quot;,
        &quot;parentId&quot;: &quot;7a99d565-0e98-95af-19bd-814011ea2417&quot;,
        &quot;unAuthorizedProps&quot;: {
          &quot;visible&quot;: false,
          &quot;disabled&quot;: false
        },
        &quot;actionName&quot;: &quot;EditWarehouseStatus&quot;
      },
      {
        &quot;routePath&quot;: null,
        &quot;iconName&quot;: null,
        &quot;controllerName&quot;: &quot;Order&quot;,
        &quot;name&quot;: &quot;Order Delete&quot;,
        &quot;displayOrder&quot;: 0,
        &quot;description&quot;: null,
        &quot;id&quot;: &quot;e7fae6f1-e5f5-48e4-ab32-c61d6457b738&quot;,
        &quot;isMenu&quot;: false,
        &quot;key&quot;: &quot;Order.Delete&quot;,
        &quot;parentId&quot;: &quot;872b9f8c-c48d-dfeb-de32-1be0c3c38dbb&quot;,
        &quot;unAuthorizedProps&quot;: {
          &quot;visible&quot;: false,
          &quot;disabled&quot;: false
        },
        &quot;actionName&quot;: &quot;Delete&quot;
      },
      {
        &quot;routePath&quot;: null,
        &quot;iconName&quot;: &quot;RemoteSearchForCouponCode&quot;,
        &quot;controllerName&quot;: &quot;CouponCode&quot;,
        &quot;name&quot;: &quot;CouponCode RemoteSearchForCouponCode&quot;,
        &quot;displayOrder&quot;: 0,
        &quot;description&quot;: null,
        &quot;id&quot;: &quot;14ed0b92-dcc7-4309-aef9-522eec12fc08&quot;,
        &quot;isMenu&quot;: false,
        &quot;key&quot;: &quot;CouponCode.RemoteSearchForCouponCode&quot;,
        &quot;parentId&quot;: null,
        &quot;unAuthorizedProps&quot;: {
          &quot;visible&quot;: false,
          &quot;disabled&quot;: false
        },
        &quot;actionName&quot;: &quot;RemoteSearchForCouponCode&quot;
      },
      {
        &quot;routePath&quot;: null,
        &quot;iconName&quot;: null,
        &quot;controllerName&quot;: &quot;LocaleResource&quot;,
        &quot;name&quot;: &quot;LocaleResource List&quot;,
        &quot;displayOrder&quot;: 0,
        &quot;description&quot;: null,
        &quot;id&quot;: &quot;1f97b83f-e4aa-4e06-b490-eca7a7c7c5ef&quot;,
        &quot;isMenu&quot;: false,
        &quot;key&quot;: &quot;LocaleResource.List&quot;,
        &quot;parentId&quot;: &quot;4c1a6c0d-765c-444a-b7c8-49e99f61d47b&quot;,
        &quot;unAuthorizedProps&quot;: {
          &quot;visible&quot;: false,
          &quot;disabled&quot;: false
        },
        &quot;actionName&quot;: &quot;List&quot;
      },
      {
        &quot;routePath&quot;: &quot;roles&quot;,
        &quot;iconName&quot;: &quot;RolesSVG&quot;,
        &quot;controllerName&quot;: &quot;Role&quot;,
        &quot;name&quot;: &quot;Roles&quot;,
        &quot;displayOrder&quot;: 650,
        &quot;description&quot;: null,
        &quot;id&quot;: &quot;e98d2f21-52f8-41cb-9b3f-fe979b5f0578&quot;,
        &quot;isMenu&quot;: true,
        &quot;key&quot;: &quot;Role.Index&quot;,
        &quot;parentId&quot;: &quot;8b04f24a-f777-5455-9d4b-5d32257d3d62&quot;,
        &quot;unAuthorizedProps&quot;: {
          &quot;visible&quot;: false,
          &quot;disabled&quot;: false
        },
        &quot;actionName&quot;: &quot;Index&quot;
      },
      {
        &quot;routePath&quot;: null,
        &quot;iconName&quot;: null,
        &quot;controllerName&quot;: &quot;SubRegion&quot;,
        &quot;name&quot;: &quot;SubRegion Delete&quot;,
        &quot;displayOrder&quot;: 0,
        &quot;description&quot;: null,
        &quot;id&quot;: &quot;df7da069-b35d-4179-a5dc-8f61beab4226&quot;,
        &quot;isMenu&quot;: false,
        &quot;key&quot;: &quot;SubRegion.Delete&quot;,
        &quot;parentId&quot;: &quot;5016a026-6957-41ab-8cda-9bd37afe0841&quot;,
        &quot;unAuthorizedProps&quot;: {
          &quot;visible&quot;: false,
          &quot;disabled&quot;: false
        },
        &quot;actionName&quot;: &quot;Delete&quot;
      },
      {
        &quot;routePath&quot;: null,
        &quot;iconName&quot;: &quot;UploadProductMedia&quot;,
        &quot;controllerName&quot;: &quot;ProductMedia&quot;,
        &quot;name&quot;: &quot;ProductMedia UploadProductMedia&quot;,
        &quot;displayOrder&quot;: 0,
        &quot;description&quot;: null,
        &quot;id&quot;: &quot;f214be5c-985b-4aaa-aa42-d49e789d5ca6&quot;,
        &quot;isMenu&quot;: false,
        &quot;key&quot;: &quot;ProductMedia.UploadProductMedia&quot;,
        &quot;parentId&quot;: &quot;1858607f-58c2-4c69-8078-f2756c5ca81e&quot;,
        &quot;unAuthorizedProps&quot;: {
          &quot;visible&quot;: false,
          &quot;disabled&quot;: false
        },
        &quot;actionName&quot;: &quot;UploadProductMedia&quot;
      },
      {
        &quot;routePath&quot;: null,
        &quot;iconName&quot;: null,
        &quot;controllerName&quot;: &quot;Order&quot;,
        &quot;name&quot;: &quot;order ListForFilter&quot;,
        &quot;displayOrder&quot;: 0,
        &quot;description&quot;: null,
        &quot;id&quot;: &quot;f12e049a-8719-46d1-9507-00d1671d7c6d&quot;,
        &quot;isMenu&quot;: false,
        &quot;key&quot;: &quot;Order.ListForFilter&quot;,
        &quot;parentId&quot;: &quot;872b9f8c-c48d-dfeb-de32-1be0c3c38dbb&quot;,
        &quot;unAuthorizedProps&quot;: {
          &quot;visible&quot;: false,
          &quot;disabled&quot;: false
        },
        &quot;actionName&quot;: &quot;ListForFilter&quot;
      },
      {
        &quot;routePath&quot;: null,
        &quot;iconName&quot;: null,
        &quot;controllerName&quot;: &quot;CouponCode&quot;,
        &quot;name&quot;: &quot;CouponCode&quot;,
        &quot;displayOrder&quot;: 0,
        &quot;description&quot;: null,
        &quot;id&quot;: &quot;d2f7e3bf-712f-4991-994f-0f3e5e6cda1b&quot;,
        &quot;isMenu&quot;: false,
        &quot;key&quot;: &quot;CouponCode.FindByCode&quot;,
        &quot;parentId&quot;: &quot;5aaef586-e311-4265-a241-6eb9758d6541&quot;,
        &quot;unAuthorizedProps&quot;: {
          &quot;visible&quot;: false,
          &quot;disabled&quot;: false
        },
        &quot;actionName&quot;: &quot;FindByCode&quot;
      }
    ],
    &quot;imageUrl&quot;: null,
    &quot;phoneCountryId&quot;: &quot;a82b2d38-c995-4339-b436-43cabf8d3651&quot;,
    &quot;email&quot;: &quot;busraozdmr.80@gmail.com&quot;
  },
  &quot;refreshToken&quot;: &quot;Dvtu2YQd1XRNOKmm4mDeiWEVMoh6jLaWkEB1j/8azM7+YXuNRNWg+obFiwg=&quot;
}
 
---------------------------------------------------------
feature: classpath:features/userApi/employee/employee_refresh_token.feature
scenarios:  1 | passed:  1 | failed:  0 | time: 2.4371
---------------------------------------------------------

15:26:26.878 [pool-2-thread-1] INFO  com.intuit.karate.Suite - &lt;&lt;pass&gt;&gt; feature 32 of 33 (1 remaining) classpath:features/userApi/employee/employee_refresh_token.feature
15:26:27.065 [pool-1-thread-1] INFO  com.intuit.karate - [print] employee validate token response --&gt;  {
  &quot;imagePath&quot;: null,
  &quot;roles&quot;: [
    {
      &quot;name&quot;: &quot;Super Admin&quot;,
      &quot;displayOrder&quot;: 0,
      &quot;description&quot;: null,
      &quot;colorCode&quot;: null,
      &quot;id&quot;: &quot;4f1058c6-0985-4139-8302-b50df344c339&quot;
    }
  ],
  &quot;languageId&quot;: null,
  &quot;fullName&quot;: &quot;büşra büşra&quot;,
  &quot;employeeId&quot;: &quot;25010a8b-17db-438c-983d-a97e68c569b1&quot;,
  &quot;languageCode&quot;: null,
  &quot;userId&quot;: &quot;3c05f8c1-b2c3-4465-b4e5-76a5e8e793a8&quot;,
  &quot;languageName&quot;: null,
  &quot;phoneAreaCode&quot;: &quot;+373&quot;,
  &quot;phoneNumber&quot;: &quot;6667788&quot;,
  &quot;externalUserId&quot;: &quot;00000000-0000-0000-0000-000000000000&quot;,
  &quot;permissions&quot;: [
    {
      &quot;routePath&quot;: &quot;overview&quot;,
      &quot;iconName&quot;: &quot;overviewSVG&quot;,
      &quot;controllerName&quot;: &quot;Admin&quot;,
      &quot;name&quot;: &quot;Overview&quot;,
      &quot;displayOrder&quot;: 100,
      &quot;description&quot;: null,
      &quot;id&quot;: &quot;f3ef6d44-bdda-9acc-2131-8885bd8e368b&quot;,
      &quot;isMenu&quot;: false,
      &quot;key&quot;: &quot;Admin.Overview&quot;,
      &quot;parentId&quot;: null,
      &quot;unAuthorizedProps&quot;: {
        &quot;visible&quot;: false,
        &quot;disabled&quot;: false
      },
      &quot;actionName&quot;: &quot;Overview&quot;
    },
    {
      &quot;routePath&quot;: null,
      &quot;iconName&quot;: null,
      &quot;controllerName&quot;: &quot;Pusher&quot;,
      &quot;name&quot;: &quot;Pusher Auth&quot;,
      &quot;displayOrder&quot;: 0,
      &quot;description&quot;: null,
      &quot;id&quot;: &quot;d3abc4d5-0841-435b-b27e-c1f8ff8f4d9f&quot;,
      &quot;isMenu&quot;: false,
      &quot;key&quot;: &quot;Pusher.Auth&quot;,
      &quot;parentId&quot;: null,
      &quot;unAuthorizedProps&quot;: {
        &quot;visible&quot;: false,
        &quot;disabled&quot;: false
      },
      &quot;actionName&quot;: &quot;Auth&quot;
    },
    {
      &quot;routePath&quot;: null,
      &quot;iconName&quot;: null,
      &quot;controllerName&quot;: &quot;ServiceArea&quot;,
      &quot;name&quot;: &quot;ServiceArea Find&quot;,
      &quot;displayOrder&quot;: 0,
      &quot;description&quot;: null,
      &quot;id&quot;: &quot;941ff53e-a0e7-4a97-9f21-5a071749fdcf&quot;,
      &quot;isMenu&quot;: false,
      &quot;key&quot;: &quot;ServiceArea.Find&quot;,
      &quot;parentId&quot;: &quot;6510260c-2670-4f71-96ed-8f12986fb9cf&quot;,
      &quot;unAuthorizedProps&quot;: {
        &quot;visible&quot;: false,
        &quot;disabled&quot;: false
      },
      &quot;actionName&quot;: &quot;Find&quot;
    },
    {
      &quot;routePath&quot;: null,
      &quot;iconName&quot;: null,
      &quot;controllerName&quot;: &quot;CouponCode&quot;,
      &quot;name&quot;: &quot;CouponCode&quot;,
      &quot;displayOrder&quot;: 0,
      &quot;description&quot;: null,
      &quot;id&quot;: &quot;a1ea1d92-37b1-41ec-b4cf-24f205e13ced&quot;,
      &quot;isMenu&quot;: false,
      &quot;key&quot;: &quot;CouponCode.Edit&quot;,
      &quot;parentId&quot;: &quot;5aaef586-e311-4265-a241-6eb9758d6541&quot;,
      &quot;unAuthorizedProps&quot;: {
        &quot;visible&quot;: false,
        &quot;disabled&quot;: false
      },
      &quot;actionName&quot;: &quot;Edit&quot;
    },
    {
      &quot;routePath&quot;: &quot;customers&quot;,
      &quot;iconName&quot;: &quot;customerSVG&quot;,
      &quot;controllerName&quot;: &quot;Customer&quot;,
      &quot;name&quot;: &quot;Customer&quot;,
      &quot;displayOrder&quot;: 610,
      &quot;description&quot;: null,
      &quot;id&quot;: &quot;07b60a01-5846-422c-b1c6-1c7a382dbd0e&quot;,
      &quot;isMenu&quot;: true,
      &quot;key&quot;: &quot;Customer.Index&quot;,
      &quot;parentId&quot;: &quot;8b04f24a-f777-5455-9d4b-5d32257d3d62&quot;,
      &quot;unAuthorizedProps&quot;: {
        &quot;visible&quot;: false,
        &quot;disabled&quot;: false
      },
      &quot;actionName&quot;: &quot;Index&quot;
    },
    {
      &quot;routePath&quot;: null,
      &quot;iconName&quot;: null,
      &quot;controllerName&quot;: &quot;ServiceArea&quot;,
      &quot;name&quot;: &quot;ServiceArea List&quot;,
      &quot;displayOrder&quot;: 0,
      &quot;description&quot;: null,
      &quot;id&quot;: &quot;d059ba5c-c4a9-44ee-89cb-167400d65355&quot;,
      &quot;isMenu&quot;: false,
      &quot;key&quot;: &quot;ServiceArea.List&quot;,
      &quot;parentId&quot;: &quot;6510260c-2670-4f71-96ed-8f12986fb9cf&quot;,
      &quot;unAuthorizedProps&quot;: {
        &quot;visible&quot;: false,
        &quot;disabled&quot;: false
      },
      &quot;actionName&quot;: &quot;List&quot;
    },
    {
      &quot;routePath&quot;: null,
      &quot;iconName&quot;: &quot;managementSVG&quot;,
      &quot;controllerName&quot;: &quot;Product&quot;,
      &quot;name&quot;: &quot;Product / Support&quot;,
      &quot;displayOrder&quot;: 999,
      &quot;description&quot;: null,
      &quot;id&quot;: &quot;5b7cb896-ff20-4798-8468-df6c7f3be073&quot;,
      &quot;isMenu&quot;: true,
      &quot;key&quot;: &quot;Product.Main&quot;,
      &quot;parentId&quot;: null,
      &quot;unAuthorizedProps&quot;: {
        &quot;visible&quot;: false,
        &quot;disabled&quot;: false
      },
      &quot;actionName&quot;: &quot;Main&quot;
    },
    {
      &quot;routePath&quot;: null,
      &quot;iconName&quot;: null,
      &quot;controllerName&quot;: &quot;Address&quot;,
      &quot;name&quot;: &quot;Address List&quot;,
      &quot;displayOrder&quot;: 0,
      &quot;description&quot;: null,
      &quot;id&quot;: &quot;6cf101e1-86c2-4b4b-b308-33a8c9e2fd19&quot;,
      &quot;isMenu&quot;: false,
      &quot;key&quot;: &quot;Address.List&quot;,
      &quot;parentId&quot;: &quot;c3c514ef-1964-4c94-b13a-8bdd83a5b1cb&quot;,
      &quot;unAuthorizedProps&quot;: {
        &quot;visible&quot;: false,
        &quot;disabled&quot;: false
      },
      &quot;actionName&quot;: &quot;List&quot;
    },
    {
      &quot;routePath&quot;: null,
      &quot;iconName&quot;: null,
      &quot;controllerName&quot;: &quot;LocaleResource&quot;,
      &quot;name&quot;: &quot;LocaleResource Delete&quot;,
      &quot;displayOrder&quot;: 0,
      &quot;description&quot;: null,
      &quot;id&quot;: &quot;62103116-c035-44d5-aa5d-577df0b20041&quot;,
      &quot;isMenu&quot;: false,
      &quot;key&quot;: &quot;LocaleResource.Delete&quot;,
      &quot;parentId&quot;: &quot;4c1a6c0d-765c-444a-b7c8-49e99f61d47b&quot;,
      &quot;unAuthorizedProps&quot;: {
        &quot;visible&quot;: false,
        &quot;disabled&quot;: false
      },
      &quot;actionName&quot;: &quot;Delete&quot;
    },
    {
      &quot;routePath&quot;: null,
      &quot;iconName&quot;: null,
      &quot;controllerName&quot;: &quot;Address&quot;,
      &quot;name&quot;: &quot;Address Create&quot;,
      &quot;displayOrder&quot;: 0,
      &quot;description&quot;: null,
      &quot;id&quot;: &quot;ba0b5525-39db-4928-8a6a-a3c450b1d747&quot;,
      &quot;isMenu&quot;: false,
      &quot;key&quot;: &quot;Address.Create&quot;,
      &quot;parentId&quot;: &quot;c3c514ef-1964-4c94-b13a-8bdd83a5b1cb&quot;,
      &quot;unAuthorizedProps&quot;: {
        &quot;visible&quot;: false,
        &quot;disabled&quot;: false
      },
      &quot;actionName&quot;: &quot;Create&quot;
    },
    {
      &quot;routePath&quot;: null,
      &quot;iconName&quot;: &quot;ExportForFilter&quot;,
      &quot;controllerName&quot;: &quot;Product&quot;,
      &quot;name&quot;: &quot;Product ExportFinaleReplenishmentReport&quot;,
      &quot;displayOrder&quot;: 0,
      &quot;description&quot;: null,
      &quot;id&quot;: &quot;557a9551-e3b6-4022-8c65-8fefe6bc8b76&quot;,
      &quot;isMenu&quot;: false,
      &quot;key&quot;: &quot;Product.ExportFinaleReplenishmentReport&quot;,
      &quot;parentId&quot;: &quot;1858607f-58c2-4c69-8078-f2756c5ca81e&quot;,
      &quot;unAuthorizedProps&quot;: {
        &quot;visible&quot;: false,
        &quot;disabled&quot;: false
      },
      &quot;actionName&quot;: &quot;ExportFinaleReplenishmentReport&quot;
    },
    {
      &quot;routePath&quot;: null,
      &quot;iconName&quot;: null,
      &quot;controllerName&quot;: &quot;Setting&quot;,
      &quot;name&quot;: &quot;Setting Delete&quot;,
      &quot;displayOrder&quot;: 0,
      &quot;description&quot;: null,
      &quot;id&quot;: &quot;f22745ab-c49b-4b6a-8a72-58e25565418e&quot;,
      &quot;isMenu&quot;: false,
      &quot;key&quot;: &quot;Setting.Delete&quot;,
      &quot;parentId&quot;: &quot;ccc7592a-301d-4d63-aa26-09e92194ca01&quot;,
      &quot;unAuthorizedProps&quot;: {
        &quot;visible&quot;: false,
        &quot;disabled&quot;: false
      },
      &quot;actionName&quot;: &quot;Delete&quot;
    },
    {
      &quot;routePath&quot;: null,
      &quot;iconName&quot;: null,
      &quot;controllerName&quot;: &quot;Setting&quot;,
      &quot;name&quot;: &quot;Setting Edit&quot;,
      &quot;displayOrder&quot;: 0,
      &quot;description&quot;: null,
      &quot;id&quot;: &quot;368d96d0-f0f8-4a6a-a02a-10f3dc4d6813&quot;,
      &quot;isMenu&quot;: false,
      &quot;key&quot;: &quot;Setting.Edit&quot;,
      &quot;parentId&quot;: &quot;ccc7592a-301d-4d63-aa26-09e92194ca01&quot;,
      &quot;unAuthorizedProps&quot;: {
        &quot;visible&quot;: false,
        &quot;disabled&quot;: false
      },
      &quot;actionName&quot;: &quot;Edit&quot;
    },
    {
      &quot;routePath&quot;: null,
      &quot;iconName&quot;: null,
      &quot;controllerName&quot;: &quot;Warehouse&quot;,
      &quot;name&quot;: &quot;Warehouse ListWarehouseStock&quot;,
      &quot;displayOrder&quot;: 0,
      &quot;description&quot;: null,
      &quot;id&quot;: &quot;10961a78-a6c9-47aa-865a-b4d9aaab89bf&quot;,
      &quot;isMenu&quot;: false,
      &quot;key&quot;: &quot;Warehouse.ListWarehouseStock&quot;,
      &quot;parentId&quot;: &quot;7a99d565-0e98-95af-19bd-814011ea2417&quot;,
      &quot;unAuthorizedProps&quot;: {
        &quot;visible&quot;: false,
        &quot;disabled&quot;: false
      },
      &quot;actionName&quot;: &quot;ListWarehouseStock&quot;
    },
    {
      &quot;routePath&quot;: null,
      &quot;iconName&quot;: &quot;blackListSVG&quot;,
      &quot;controllerName&quot;: &quot;BlackList&quot;,
      &quot;name&quot;: &quot;Black List Create&quot;,
      &quot;displayOrder&quot;: 0,
      &quot;description&quot;: null,
      &quot;id&quot;: &quot;70d6b8cb-7f48-4cd4-a796-cad4e227ccd5&quot;,
      &quot;isMenu&quot;: false,
      &quot;key&quot;: &quot;BlackList.Create&quot;,
      &quot;parentId&quot;: &quot;d273c43d-77c8-4b88-8d35-9ec20a90bd11&quot;,
      &quot;unAuthorizedProps&quot;: {
        &quot;visible&quot;: false,
        &quot;disabled&quot;: false
      },
      &quot;actionName&quot;: &quot;Create&quot;
    },
    {
      &quot;routePath&quot;: null,
      &quot;iconName&quot;: &quot;a&quot;,
      &quot;controllerName&quot;: &quot;Customer&quot;,
      &quot;name&quot;: &quot;Customer UpdateBlockedCodeCampaign&quot;,
      &quot;displayOrder&quot;: 0,
      &quot;description&quot;: null,
      &quot;id&quot;: &quot;e3d996d8-5b07-4015-825c-c87c12952def&quot;,
      &quot;isMenu&quot;: false,
      &quot;key&quot;: &quot;Customer.UpdateBlockedCodeCampaign&quot;,
      &quot;parentId&quot;: null,
      &quot;unAuthorizedProps&quot;: {
        &quot;visible&quot;: false,
        &quot;disabled&quot;: false
      },
      &quot;actionName&quot;: &quot;UpdateBlockedCodeCampaign&quot;
    },
    {
      &quot;routePath&quot;: null,
      &quot;iconName&quot;: null,
      &quot;controllerName&quot;: &quot;Warehouse&quot;,
      &quot;name&quot;: &quot;Warehouse ExportWarehouseStock&quot;,
      &quot;displayOrder&quot;: 0,
      &quot;description&quot;: null,
      &quot;id&quot;: &quot;c9b0c169-56cc-4793-a43d-7d18a47ae863&quot;,
      &quot;isMenu&quot;: false,
      &quot;key&quot;: &quot;Warehouse.ExportWarehouseStock&quot;,
      &quot;parentId&quot;: &quot;7a99d565-0e98-95af-19bd-814011ea2417&quot;,
      &quot;unAuthorizedProps&quot;: {
        &quot;visible&quot;: false,
        &quot;disabled&quot;: false
      },
      &quot;actionName&quot;: &quot;ExportWarehouseStock&quot;
    },
    {
      &quot;routePath&quot;: null,
      &quot;iconName&quot;: &quot;SuitableWarehousesForOrder&quot;,
      &quot;controllerName&quot;: &quot;Order&quot;,
      &quot;name&quot;: &quot;Order SuitableWarehousesForOrder&quot;,
      &quot;displayOrder&quot;: 0,
      &quot;description&quot;: null,
      &quot;id&quot;: &quot;2188f2ef-08fb-4757-b6a6-d734b8d72eea&quot;,
      &quot;isMenu&quot;: false,
      &quot;key&quot;: &quot;Order.SuitableWarehousesForOrder&quot;,
      &quot;parentId&quot;: &quot;872b9f8c-c48d-dfeb-de32-1be0c3c38dbb&quot;,
      &quot;unAuthorizedProps&quot;: {
        &quot;visible&quot;: false,
        &quot;disabled&quot;: false
      },
      &quot;actionName&quot;: &quot;SuitableWarehousesForOrder&quot;
    },
    {
      &quot;routePath&quot;: &quot;products&quot;,
      &quot;iconName&quot;: &quot;productSVG&quot;,
      &quot;controllerName&quot;: &quot;Product&quot;,
      &quot;name&quot;: &quot;Product&quot;,
      &quot;displayOrder&quot;: 390,
      &quot;description&quot;: null,
      &quot;id&quot;: &quot;1858607f-58c2-4c69-8078-f2756c5ca81e&quot;,
      &quot;isMenu&quot;: true,
      &quot;key&quot;: &quot;Product.Index&quot;,
      &quot;parentId&quot;: &quot;8b40e125-ffeb-4cf1-ba4b-0ac72aac09d9&quot;,
      &quot;unAuthorizedProps&quot;: {
        &quot;visible&quot;: false,
        &quot;disabled&quot;: false
      },
      &quot;actionName&quot;: &quot;Index&quot;
    },
    {
      &quot;routePath&quot;: null,
      &quot;iconName&quot;: &quot;blackListSVG&quot;,
      &quot;controllerName&quot;: &quot;BlackList&quot;,
      &quot;name&quot;: &quot;Black List Edit&quot;,
      &quot;displayOrder&quot;: 0,
      &quot;description&quot;: null,
      &quot;id&quot;: &quot;8935ed07-0379-4235-99d4-2188e923639a&quot;,
      &quot;isMenu&quot;: false,
      &quot;key&quot;: &quot;BlackList.Edit&quot;,
      &quot;parentId&quot;: &quot;d273c43d-77c8-4b88-8d35-9ec20a90bd11&quot;,
      &quot;unAuthorizedProps&quot;: {
        &quot;visible&quot;: false,
        &quot;disabled&quot;: false
      },
      &quot;actionName&quot;: &quot;Edit&quot;
    },
    {
      &quot;routePath&quot;: null,
      &quot;iconName&quot;: null,
      &quot;controllerName&quot;: &quot;Rider&quot;,
      &quot;name&quot;: &quot;Rider Find&quot;,
      &quot;displayOrder&quot;: 0,
      &quot;description&quot;: null,
      &quot;id&quot;: &quot;438a4584-500a-47a2-810f-012e4743a389&quot;,
      &quot;isMenu&quot;: false,
      &quot;key&quot;: &quot;Rider.Find&quot;,
      &quot;parentId&quot;: &quot;1b716d9c-2bf6-4a16-9bd1-2214d14b6cc7&quot;,
      &quot;unAuthorizedProps&quot;: {
        &quot;visible&quot;: false,
        &quot;disabled&quot;: false
      },
      &quot;actionName&quot;: &quot;Find&quot;
    },
    {
      &quot;routePath&quot;: null,
      &quot;iconName&quot;: null,
      &quot;controllerName&quot;: &quot;Rider&quot;,
      &quot;name&quot;: &quot;Rider List&quot;,
      &quot;displayOrder&quot;: 0,
      &quot;description&quot;: null,
      &quot;id&quot;: &quot;94789829-bd1b-44a3-ae1a-2c4ecf20e3b3&quot;,
      &quot;isMenu&quot;: false,
      &quot;key&quot;: &quot;Rider.List&quot;,
      &quot;parentId&quot;: &quot;1b716d9c-2bf6-4a16-9bd1-2214d14b6cc7&quot;,
      &quot;unAuthorizedProps&quot;: {
        &quot;visible&quot;: false,
        &quot;disabled&quot;: false
      },
      &quot;actionName&quot;: &quot;List&quot;
    },
    {
      &quot;routePath&quot;: null,
      &quot;iconName&quot;: null,
      &quot;controllerName&quot;: &quot;CouponCode&quot;,
      &quot;name&quot;: &quot;CouponCode&quot;,
      &quot;displayOrder&quot;: 0,
      &quot;description&quot;: null,
      &quot;id&quot;: &quot;82a51ef5-f9a9-4a9d-9bc4-241cda2df051&quot;,
      &quot;isMenu&quot;: false,
      &quot;key&quot;: &quot;CouponCode.Create&quot;,
      &quot;parentId&quot;: &quot;5aaef586-e311-4265-a241-6eb9758d6541&quot;,
      &quot;unAuthorizedProps&quot;: {
        &quot;visible&quot;: false,
        &quot;disabled&quot;: false
      },
      &quot;actionName&quot;: &quot;Create&quot;
    },
    {
      &quot;routePath&quot;: null,
      &quot;iconName&quot;: null,
      &quot;controllerName&quot;: &quot;Warehouse&quot;,
      &quot;name&quot;: &quot;Warehouse Create&quot;,
      &quot;displayOrder&quot;: 0,
      &quot;description&quot;: null,
      &quot;id&quot;: &quot;26bd14df-9135-4f4d-8468-6c439e8a737f&quot;,
      &quot;isMenu&quot;: false,
      &quot;key&quot;: &quot;Warehouse.Create&quot;,
      &quot;parentId&quot;: &quot;7a99d565-0e98-95af-19bd-814011ea2417&quot;,
      &quot;unAuthorizedProps&quot;: {
        &quot;visible&quot;: false,
        &quot;disabled&quot;: false
      },
      &quot;actionName&quot;: &quot;Create&quot;
    },
    {
      &quot;routePath&quot;: null,
      &quot;iconName&quot;: null,
      &quot;controllerName&quot;: &quot;CouponCode&quot;,
      &quot;name&quot;: &quot;Find Coupon Code By User Id&quot;,
      &quot;displayOrder&quot;: 0,
      &quot;description&quot;: null,
      &quot;id&quot;: &quot;75b2daf0-42e8-4ad7-b6a4-811d06d87c74&quot;,
      &quot;isMenu&quot;: false,
      &quot;key&quot;: &quot;CouponCode.FindByUserId&quot;,
      &quot;parentId&quot;: &quot;5aaef586-e311-4265-a241-6eb9758d6541&quot;,
      &quot;unAuthorizedProps&quot;: {
        &quot;visible&quot;: false,
        &quot;disabled&quot;: false
      },
      &quot;actionName&quot;: &quot;FindByUserId&quot;
    },
    {
      &quot;routePath&quot;: null,
      &quot;iconName&quot;: null,
      &quot;controllerName&quot;: &quot;Language&quot;,
      &quot;name&quot;: &quot;Language Index&quot;,
      &quot;displayOrder&quot;: 0,
      &quot;description&quot;: null,
      &quot;id&quot;: &quot;7d117917-ff5a-448f-ae1c-71b123ffabc0&quot;,
      &quot;isMenu&quot;: false,
      &quot;key&quot;: &quot;Language.Index&quot;,
      &quot;parentId&quot;: null,
      &quot;unAuthorizedProps&quot;: {
        &quot;visible&quot;: false,
        &quot;disabled&quot;: false
      },
      &quot;actionName&quot;: &quot;Index&quot;
    },
    {
      &quot;routePath&quot;: null,
      &quot;iconName&quot;: null,
      &quot;controllerName&quot;: &quot;Campaign&quot;,
      &quot;name&quot;: &quot;Campaign Find&quot;,
      &quot;displayOrder&quot;: 0,
      &quot;description&quot;: null,
      &quot;id&quot;: &quot;00b581e0-ec91-4feb-a7e7-f1b9101ad482&quot;,
      &quot;isMenu&quot;: false,
      &quot;key&quot;: &quot;Campaign.Find&quot;,
      &quot;parentId&quot;: &quot;fd2f794b-65fb-4da6-9bdb-835c466e4321&quot;,
      &quot;unAuthorizedProps&quot;: {
        &quot;visible&quot;: false,
        &quot;disabled&quot;: false
      },
      &quot;actionName&quot;: &quot;Find&quot;
    },
    {
      &quot;routePath&quot;: null,
      &quot;iconName&quot;: null,
      &quot;controllerName&quot;: &quot;Setting&quot;,
      &quot;name&quot;: &quot;Setting List&quot;,
      &quot;displayOrder&quot;: 0,
      &quot;description&quot;: null,
      &quot;id&quot;: &quot;9f68e0f0-57dc-4148-bd76-fb8c2a970786&quot;,
      &quot;isMenu&quot;: false,
      &quot;key&quot;: &quot;Setting.List&quot;,
      &quot;parentId&quot;: &quot;ccc7592a-301d-4d63-aa26-09e92194ca01&quot;,
      &quot;unAuthorizedProps&quot;: {
        &quot;visible&quot;: false,
        &quot;disabled&quot;: false
      },
      &quot;actionName&quot;: &quot;List&quot;
    },
    {
      &quot;routePath&quot;: null,
      &quot;iconName&quot;: null,
      &quot;controllerName&quot;: &quot;ServiceArea&quot;,
      &quot;name&quot;: &quot;ServiceArea UpdateGeoJson&quot;,
      &quot;displayOrder&quot;: 0,
      &quot;description&quot;: null,
      &quot;id&quot;: &quot;02e62924-50d4-4bc5-9403-2254969f04c0&quot;,
      &quot;isMenu&quot;: false,
      &quot;key&quot;: &quot;ServiceArea.UpdateGeoJson&quot;,
      &quot;parentId&quot;: &quot;6510260c-2670-4f71-96ed-8f12986fb9cf&quot;,
      &quot;unAuthorizedProps&quot;: {
        &quot;visible&quot;: false,
        &quot;disabled&quot;: false
      },
      &quot;actionName&quot;: &quot;UpdateGeoJson&quot;
    },
    {
      &quot;routePath&quot;: null,
      &quot;iconName&quot;: null,
      &quot;controllerName&quot;: &quot;Order&quot;,
      &quot;name&quot;: &quot;Order DeleteOrderItemCheck&quot;,
      &quot;displayOrder&quot;: 0,
      &quot;description&quot;: null,
      &quot;id&quot;: &quot;e07b0bce-91e5-4399-857b-936f93c302dd&quot;,
      &quot;isMenu&quot;: false,
      &quot;key&quot;: &quot;Order.DeleteOrderItemCheck&quot;,
      &quot;parentId&quot;: &quot;872b9f8c-c48d-dfeb-de32-1be0c3c38dbb&quot;,
      &quot;unAuthorizedProps&quot;: {
        &quot;visible&quot;: false,
        &quot;disabled&quot;: false
      },
      &quot;actionName&quot;: &quot;DeleteOrderItemCheck&quot;
    },
    {
      &quot;routePath&quot;: &quot;warehouses&quot;,
      &quot;iconName&quot;: &quot;warehousesSVG&quot;,
      &quot;controllerName&quot;: &quot;Warehouse&quot;,
      &quot;name&quot;: &quot;Warehouses&quot;,
      &quot;displayOrder&quot;: 500,
      &quot;description&quot;: null,
      &quot;id&quot;: &quot;7a99d565-0e98-95af-19bd-814011ea2417&quot;,
      &quot;isMenu&quot;: true,
      &quot;key&quot;: &quot;Warehouse.Index&quot;,
      &quot;parentId&quot;: null,
      &quot;unAuthorizedProps&quot;: {
        &quot;visible&quot;: false,
        &quot;disabled&quot;: false
      },
      &quot;actionName&quot;: &quot;Index&quot;
    },
    {
      &quot;routePath&quot;: null,
      &quot;iconName&quot;: null,
      &quot;controllerName&quot;: &quot;Category&quot;,
      &quot;name&quot;: &quot;Category Create&quot;,
      &quot;displayOrder&quot;: 0,
      &quot;description&quot;: null,
      &quot;id&quot;: &quot;ec3b6666-e8bf-4426-bb0a-6c46f175b9da&quot;,
      &quot;isMenu&quot;: false,
      &quot;key&quot;: &quot;Category.Create&quot;,
      &quot;parentId&quot;: &quot;9bbddb67-d7f2-44d3-8d09-6bd04f8b6f79&quot;,
      &quot;unAuthorizedProps&quot;: {
        &quot;visible&quot;: false,
        &quot;disabled&quot;: false
      },
      &quot;actionName&quot;: &quot;Create&quot;
    },
    {
      &quot;routePath&quot;: null,
      &quot;iconName&quot;: null,
      &quot;controllerName&quot;: &quot;Campaign&quot;,
      &quot;name&quot;: &quot;Campaign ListForFilter&quot;,
      &quot;displayOrder&quot;: 0,
      &quot;description&quot;: null,
      &quot;id&quot;: &quot;d4f0750c-5811-4863-9808-a95b2ab92af4&quot;,
      &quot;isMenu&quot;: false,
      &quot;key&quot;: &quot;Campaign.ListForFilter&quot;,
      &quot;parentId&quot;: &quot;fd2f794b-65fb-4da6-9bdb-835c466e4321&quot;,
      &quot;unAuthorizedProps&quot;: {
        &quot;visible&quot;: false,
        &quot;disabled&quot;: false
      },
      &quot;actionName&quot;: &quot;ListForFilter&quot;
    },
    {
      &quot;routePath&quot;: null,
      &quot;iconName&quot;: null,
      &quot;controllerName&quot;: &quot;Country&quot;,
      &quot;name&quot;: &quot;Country Find&quot;,
      &quot;displayOrder&quot;: 0,
      &quot;description&quot;: null,
      &quot;id&quot;: &quot;869a6e82-0d19-4ae8-a655-99db08529c33&quot;,
      &quot;isMenu&quot;: false,
      &quot;key&quot;: &quot;Country.Find&quot;,
      &quot;parentId&quot;: &quot;9c15db73-badc-4894-ab1b-d8261bac91c2&quot;,
      &quot;unAuthorizedProps&quot;: {
        &quot;visible&quot;: false,
        &quot;disabled&quot;: false
      },
      &quot;actionName&quot;: &quot;Find&quot;
    },
    {
      &quot;routePath&quot;: null,
      &quot;iconName&quot;: null,
      &quot;controllerName&quot;: &quot;SubRegion&quot;,
      &quot;name&quot;: &quot;SubRegion List&quot;,
      &quot;displayOrder&quot;: 0,
      &quot;description&quot;: null,
      &quot;id&quot;: &quot;75d1a3dc-c6ed-4c21-952e-54972310aeb7&quot;,
      &quot;isMenu&quot;: false,
      &quot;key&quot;: &quot;SubRegion.List&quot;,
      &quot;parentId&quot;: &quot;5016a026-6957-41ab-8cda-9bd37afe0841&quot;,
      &quot;unAuthorizedProps&quot;: {
        &quot;visible&quot;: false,
        &quot;disabled&quot;: false
      },
      &quot;actionName&quot;: &quot;List&quot;
    },
    {
      &quot;routePath&quot;: null,
      &quot;iconName&quot;: null,
      &quot;controllerName&quot;: &quot;Rider&quot;,
      &quot;name&quot;: &quot;Rider Edit&quot;,
      &quot;displayOrder&quot;: 0,
      &quot;description&quot;: null,
      &quot;id&quot;: &quot;8277937b-eb57-49db-b4e2-b71ca38abd9c&quot;,
      &quot;isMenu&quot;: false,
      &quot;key&quot;: &quot;Rider.Edit&quot;,
      &quot;parentId&quot;: &quot;1b716d9c-2bf6-4a16-9bd1-2214d14b6cc7&quot;,
      &quot;unAuthorizedProps&quot;: {
        &quot;visible&quot;: false,
        &quot;disabled&quot;: false
      },
      &quot;actionName&quot;: &quot;Edit&quot;
    },
    {
      &quot;routePath&quot;: null,
      &quot;iconName&quot;: null,
      &quot;controllerName&quot;: &quot;Setting&quot;,
      &quot;name&quot;: &quot;Setting Create&quot;,
      &quot;displayOrder&quot;: 0,
      &quot;description&quot;: null,
      &quot;id&quot;: &quot;238383c9-3a34-4c8a-b2a2-85f813a6f40a&quot;,
      &quot;isMenu&quot;: false,
      &quot;key&quot;: &quot;Setting.Create&quot;,
      &quot;parentId&quot;: &quot;ccc7592a-301d-4d63-aa26-09e92194ca01&quot;,
      &quot;unAuthorizedProps&quot;: {
        &quot;visible&quot;: false,
        &quot;disabled&quot;: false
      },
      &quot;actionName&quot;: &quot;Create&quot;
    },
    {
      &quot;routePath&quot;: null,
      &quot;iconName&quot;: null,
      &quot;controllerName&quot;: &quot;CouponCode&quot;,
      &quot;name&quot;: &quot;CouponCode&quot;,
      &quot;displayOrder&quot;: 0,
      &quot;description&quot;: null,
      &quot;id&quot;: &quot;d28ce774-c331-4733-b98f-c83f04e8c752&quot;,
      &quot;isMenu&quot;: false,
      &quot;key&quot;: &quot;CouponCode.Delete&quot;,
      &quot;parentId&quot;: &quot;5aaef586-e311-4265-a241-6eb9758d6541&quot;,
      &quot;unAuthorizedProps&quot;: {
        &quot;visible&quot;: false,
        &quot;disabled&quot;: false
      },
      &quot;actionName&quot;: &quot;Delete&quot;
    },
    {
      &quot;routePath&quot;: null,
      &quot;iconName&quot;: null,
      &quot;controllerName&quot;: &quot;Permission&quot;,
      &quot;name&quot;: &quot;Permission Create&quot;,
      &quot;displayOrder&quot;: 0,
      &quot;description&quot;: null,
      &quot;id&quot;: &quot;a1a303e1-73f3-40d4-b748-a725546f5ea8&quot;,
      &quot;isMenu&quot;: false,
      &quot;key&quot;: &quot;Permission.Create&quot;,
      &quot;parentId&quot;: &quot;213aad81-551b-49f7-9d15-f11f5b9e7e88&quot;,
      &quot;unAuthorizedProps&quot;: {
        &quot;visible&quot;: false,
        &quot;disabled&quot;: false
      },
      &quot;actionName&quot;: &quot;Create&quot;
    },
    {
      &quot;routePath&quot;: null,
      &quot;iconName&quot;: null,
      &quot;controllerName&quot;: &quot;Language&quot;,
      &quot;name&quot;: &quot;Language Delete&quot;,
      &quot;displayOrder&quot;: 0,
      &quot;description&quot;: null,
      &quot;id&quot;: &quot;16b92a62-28f2-4a62-b810-9d341253ffef&quot;,
      &quot;isMenu&quot;: false,
      &quot;key&quot;: &quot;Language.Delete&quot;,
      &quot;parentId&quot;: &quot;7d117917-ff5a-448f-ae1c-71b123ffabc0&quot;,
      &quot;unAuthorizedProps&quot;: {
        &quot;visible&quot;: false,
        &quot;disabled&quot;: false
      },
      &quot;actionName&quot;: &quot;Delete&quot;
    },
    {
      &quot;routePath&quot;: null,
      &quot;iconName&quot;: null,
      &quot;controllerName&quot;: &quot;Order&quot;,
      &quot;name&quot;: &quot;Order Find&quot;,
      &quot;displayOrder&quot;: 0,
      &quot;description&quot;: null,
      &quot;id&quot;: &quot;28593029-bc36-4e20-86b9-c1703b181edd&quot;,
      &quot;isMenu&quot;: false,
      &quot;key&quot;: &quot;Order.Find&quot;,
      &quot;parentId&quot;: &quot;872b9f8c-c48d-dfeb-de32-1be0c3c38dbb&quot;,
      &quot;unAuthorizedProps&quot;: {
        &quot;visible&quot;: false,
        &quot;disabled&quot;: false
      },
      &quot;actionName&quot;: &quot;Find&quot;
    },
    {
      &quot;routePath&quot;: null,
      &quot;iconName&quot;: null,
      &quot;controllerName&quot;: &quot;SubRegion&quot;,
      &quot;name&quot;: &quot;SubRegion Create&quot;,
      &quot;displayOrder&quot;: 0,
      &quot;description&quot;: null,
      &quot;id&quot;: &quot;5645a151-6053-4f7b-ab7b-d8503cbb1aba&quot;,
      &quot;isMenu&quot;: false,
      &quot;key&quot;: &quot;SubRegion.Create&quot;,
      &quot;parentId&quot;: &quot;5016a026-6957-41ab-8cda-9bd37afe0841&quot;,
      &quot;unAuthorizedProps&quot;: {
        &quot;visible&quot;: false,
        &quot;disabled&quot;: false
      },
      &quot;actionName&quot;: &quot;Create&quot;
    },
    {
      &quot;routePath&quot;: &quot;dashboards&quot;,
      &quot;iconName&quot;: &quot;dashboardSVG&quot;,
      &quot;controllerName&quot;: &quot;Dashboard&quot;,
      &quot;name&quot;: &quot;Analytics&quot;,
      &quot;displayOrder&quot;: 300,
      &quot;description&quot;: null,
      &quot;id&quot;: &quot;0b0fd9e8-2ae5-40f8-9373-deafc8c5770d&quot;,
      &quot;isMenu&quot;: true,
      &quot;key&quot;: &quot;Dashboard.Index&quot;,
      &quot;parentId&quot;: null,
      &quot;unAuthorizedProps&quot;: {
        &quot;visible&quot;: false,
        &quot;disabled&quot;: false
      },
      &quot;actionName&quot;: &quot;Index&quot;
    },
    {
      &quot;routePath&quot;: null,
      &quot;iconName&quot;: null,
      &quot;controllerName&quot;: &quot;ServiceArea&quot;,
      &quot;name&quot;: &quot;ServiceArea Edit&quot;,
      &quot;displayOrder&quot;: 0,
      &quot;description&quot;: null,
      &quot;id&quot;: &quot;dccac413-6147-41f2-a093-0f85c770405a&quot;,
      &quot;isMenu&quot;: false,
      &quot;key&quot;: &quot;ServiceArea.Edit&quot;,
      &quot;parentId&quot;: &quot;6510260c-2670-4f71-96ed-8f12986fb9cf&quot;,
      &quot;unAuthorizedProps&quot;: {
        &quot;visible&quot;: false,
        &quot;disabled&quot;: false
      },
      &quot;actionName&quot;: &quot;Edit&quot;
    },
    {
      &quot;routePath&quot;: null,
      &quot;iconName&quot;: null,
      &quot;controllerName&quot;: &quot;Employee&quot;,
      &quot;name&quot;: &quot;Employee Create&quot;,
      &quot;displayOrder&quot;: 0,
      &quot;description&quot;: null,
      &quot;id&quot;: &quot;c5270ce8-af43-4c0c-aae3-461b204b6154&quot;,
      &quot;isMenu&quot;: false,
      &quot;key&quot;: &quot;Employee.Create&quot;,
      &quot;parentId&quot;: &quot;e4a8e904-698e-4596-92c3-b40206b19179&quot;,
      &quot;unAuthorizedProps&quot;: {
        &quot;visible&quot;: false,
        &quot;disabled&quot;: false
      },
      &quot;actionName&quot;: &quot;Create&quot;
    },
    {
      &quot;routePath&quot;: null,
      &quot;iconName&quot;: null,
      &quot;controllerName&quot;: &quot;Order&quot;,
      &quot;name&quot;: &quot;Order List&quot;,
      &quot;displayOrder&quot;: 0,
      &quot;description&quot;: null,
      &quot;id&quot;: &quot;5644a0fc-aab8-4a88-9bcc-a71f29a6bb49&quot;,
      &quot;isMenu&quot;: false,
      &quot;key&quot;: &quot;Order.List&quot;,
      &quot;parentId&quot;: &quot;872b9f8c-c48d-dfeb-de32-1be0c3c38dbb&quot;,
      &quot;unAuthorizedProps&quot;: {
        &quot;visible&quot;: false,
        &quot;disabled&quot;: false
      },
      &quot;actionName&quot;: &quot;List&quot;
    },
    {
      &quot;routePath&quot;: null,
      &quot;iconName&quot;: null,
      &quot;controllerName&quot;: &quot;Language&quot;,
      &quot;name&quot;: &quot;Language Find&quot;,
      &quot;displayOrder&quot;: 0,
      &quot;description&quot;: null,
      &quot;id&quot;: &quot;ac47e514-e60f-466f-a16c-401a478bbce7&quot;,
      &quot;isMenu&quot;: false,
      &quot;key&quot;: &quot;Language.Find&quot;,
      &quot;parentId&quot;: &quot;7d117917-ff5a-448f-ae1c-71b123ffabc0&quot;,
      &quot;unAuthorizedProps&quot;: {
        &quot;visible&quot;: false,
        &quot;disabled&quot;: false
      },
      &quot;actionName&quot;: &quot;Find&quot;
    },
    {
      &quot;routePath&quot;: null,
      &quot;iconName&quot;: null,
      &quot;controllerName&quot;: &quot;Employee&quot;,
      &quot;name&quot;: &quot;Employee List&quot;,
      &quot;displayOrder&quot;: 0,
      &quot;description&quot;: null,
      &quot;id&quot;: &quot;85b2a11c-84bd-40bf-87b5-226546bb7272&quot;,
      &quot;isMenu&quot;: false,
      &quot;key&quot;: &quot;Employee.List&quot;,
      &quot;parentId&quot;: &quot;e4a8e904-698e-4596-92c3-b40206b19179&quot;,
      &quot;unAuthorizedProps&quot;: {
        &quot;visible&quot;: false,
        &quot;disabled&quot;: false
      },
      &quot;actionName&quot;: &quot;List&quot;
    },
    {
      &quot;routePath&quot;: null,
      &quot;iconName&quot;: null,
      &quot;controllerName&quot;: &quot;Country&quot;,
      &quot;name&quot;: &quot;Country Delete&quot;,
      &quot;displayOrder&quot;: 0,
      &quot;description&quot;: null,
      &quot;id&quot;: &quot;6107f9a1-4fbe-46fc-82eb-55acf38ead7d&quot;,
      &quot;isMenu&quot;: false,
      &quot;key&quot;: &quot;Country.Delete&quot;,
      &quot;parentId&quot;: &quot;9c15db73-badc-4894-ab1b-d8261bac91c2&quot;,
      &quot;unAuthorizedProps&quot;: {
        &quot;visible&quot;: false,
        &quot;disabled&quot;: false
      },
      &quot;actionName&quot;: &quot;Delete&quot;
    },
    {
      &quot;routePath&quot;: null,
      &quot;iconName&quot;: null,
      &quot;controllerName&quot;: &quot;Category&quot;,
      &quot;name&quot;: &quot;Category ListForFilter&quot;,
      &quot;displayOrder&quot;: 0,
      &quot;description&quot;: null,
      &quot;id&quot;: &quot;f057072d-c8d8-4140-880a-ad2a61df8381&quot;,
      &quot;isMenu&quot;: false,
      &quot;key&quot;: &quot;Category.ListForFilter&quot;,
      &quot;parentId&quot;: &quot;9bbddb67-d7f2-44d3-8d09-6bd04f8b6f79&quot;,
      &quot;unAuthorizedProps&quot;: {
        &quot;visible&quot;: false,
        &quot;disabled&quot;: false
      },
      &quot;actionName&quot;: &quot;ListForFilter&quot;
    },
    {
      &quot;routePath&quot;: &quot;categories&quot;,
      &quot;iconName&quot;: &quot;categorySVG&quot;,
      &quot;controllerName&quot;: &quot;Category&quot;,
      &quot;name&quot;: &quot;Categories&quot;,
      &quot;displayOrder&quot;: 400,
      &quot;description&quot;: null,
      &quot;id&quot;: &quot;501d66f1-cdeb-4f10-85d2-6e00d60e36c9&quot;,
      &quot;isMenu&quot;: true,
      &quot;key&quot;: &quot;Category.Index&quot;,
      &quot;parentId&quot;: &quot;8b40e125-ffeb-4cf1-ba4b-0ac72aac09d9&quot;,
      &quot;unAuthorizedProps&quot;: {
        &quot;visible&quot;: false,
        &quot;disabled&quot;: false
      },
      &quot;actionName&quot;: &quot;Index&quot;
    },
    {
      &quot;routePath&quot;: null,
      &quot;iconName&quot;: null,
      &quot;controllerName&quot;: &quot;ZipCode&quot;,
      &quot;name&quot;: &quot;ZipCode Edit&quot;,
      &quot;displayOrder&quot;: 0,
      &quot;description&quot;: null,
      &quot;id&quot;: &quot;a5fdf875-fb0a-456a-bd3d-8428d97760af&quot;,
      &quot;isMenu&quot;: false,
      &quot;key&quot;: &quot;ZipCode.Edit&quot;,
      &quot;parentId&quot;: &quot;8aa34e38-533b-4ab7-bad7-0eaa7b5dec9c&quot;,
      &quot;unAuthorizedProps&quot;: {
        &quot;visible&quot;: false,
        &quot;disabled&quot;: false
      },
      &quot;actionName&quot;: &quot;Edit&quot;
    },
    {
      &quot;routePath&quot;: null,
      &quot;iconName&quot;: null,
      &quot;controllerName&quot;: &quot;Order&quot;,
      &quot;name&quot;: &quot;Order FindOrdersByUserId&quot;,
      &quot;displayOrder&quot;: 0,
      &quot;description&quot;: null,
      &quot;id&quot;: &quot;68d99af4-6abe-48d5-9ef2-c1cdb594e356&quot;,
      &quot;isMenu&quot;: false,
      &quot;key&quot;: &quot;Order.FindOrdersByUserId&quot;,
      &quot;parentId&quot;: &quot;872b9f8c-c48d-dfeb-de32-1be0c3c38dbb&quot;,
      &quot;unAuthorizedProps&quot;: {
        &quot;visible&quot;: false,
        &quot;disabled&quot;: false
      },
      &quot;actionName&quot;: &quot;FindOrdersByUserId&quot;
    },
    {
      &quot;routePath&quot;: null,
      &quot;iconName&quot;: null,
      &quot;controllerName&quot;: &quot;Address&quot;,
      &quot;name&quot;: &quot;Address Index&quot;,
      &quot;displayOrder&quot;: 0,
      &quot;description&quot;: null,
      &quot;id&quot;: &quot;c3c514ef-1964-4c94-b13a-8bdd83a5b1cb&quot;,
      &quot;isMenu&quot;: false,
      &quot;key&quot;: &quot;Address.Index&quot;,
      &quot;parentId&quot;: null,
      &quot;unAuthorizedProps&quot;: {
        &quot;visible&quot;: false,
        &quot;disabled&quot;: false
      },
      &quot;actionName&quot;: &quot;Index&quot;
    },
    {
      &quot;routePath&quot;: null,
      &quot;iconName&quot;: null,
      &quot;controllerName&quot;: &quot;State&quot;,
      &quot;name&quot;: &quot;State Find&quot;,
      &quot;displayOrder&quot;: 0,
      &quot;description&quot;: null,
      &quot;id&quot;: &quot;749873e1-e852-4fc8-ab64-f1da0b433957&quot;,
      &quot;isMenu&quot;: false,
      &quot;key&quot;: &quot;State.Find&quot;,
      &quot;parentId&quot;: &quot;4842baa6-3b5e-40d1-ba2c-aa896962f8a7&quot;,
      &quot;unAuthorizedProps&quot;: {
        &quot;visible&quot;: false,
        &quot;disabled&quot;: false
      },
      &quot;actionName&quot;: &quot;Find&quot;
    },
    {
      &quot;routePath&quot;: null,
      &quot;iconName&quot;: null,
      &quot;controllerName&quot;: &quot;Order&quot;,
      &quot;name&quot;: &quot;Order Edit&quot;,
      &quot;displayOrder&quot;: 0,
      &quot;description&quot;: null,
      &quot;id&quot;: &quot;9ae4817f-4442-47af-a281-0b3c0d40862e&quot;,
      &quot;isMenu&quot;: false,
      &quot;key&quot;: &quot;Order.Edit&quot;,
      &quot;parentId&quot;: &quot;872b9f8c-c48d-dfeb-de32-1be0c3c38dbb&quot;,
      &quot;unAuthorizedProps&quot;: {
        &quot;visible&quot;: false,
        &quot;disabled&quot;: false
      },
      &quot;actionName&quot;: &quot;Edit&quot;
    },
    {
      &quot;routePath&quot;: null,
      &quot;iconName&quot;: null,
      &quot;controllerName&quot;: &quot;Customer&quot;,
      &quot;name&quot;: &quot;Customer RemoteSearchForCustomer&quot;,
      &quot;displayOrder&quot;: 0,
      &quot;description&quot;: null,
      &quot;id&quot;: &quot;6c5194cb-40ed-4c65-81e7-b8588de65998&quot;,
      &quot;isMenu&quot;: false,
      &quot;key&quot;: &quot;Customer.RemoteSearchForCustomer&quot;,
      &quot;parentId&quot;: &quot;07b60a01-5846-422c-b1c6-1c7a382dbd0e&quot;,
      &quot;unAuthorizedProps&quot;: {
        &quot;visible&quot;: false,
        &quot;disabled&quot;: false
      },
      &quot;actionName&quot;: &quot;RemoteSearchForCustomer&quot;
    },
    {
      &quot;routePath&quot;: null,
      &quot;iconName&quot;: null,
      &quot;controllerName&quot;: &quot;Campaign&quot;,
      &quot;name&quot;: &quot;Campaign Upload Picture&quot;,
      &quot;displayOrder&quot;: 0,
      &quot;description&quot;: null,
      &quot;id&quot;: &quot;939d1f32-170d-4457-ba5b-9e7963a1f44d&quot;,
      &quot;isMenu&quot;: false,
      &quot;key&quot;: &quot;Campaign.UploadCampaignPicture&quot;,
      &quot;parentId&quot;: &quot;fd2f794b-65fb-4da6-9bdb-835c466e4321&quot;,
      &quot;unAuthorizedProps&quot;: {
        &quot;visible&quot;: false,
        &quot;disabled&quot;: false
      },
      &quot;actionName&quot;: &quot;UploadCampaignPicture&quot;
    },
    {
      &quot;routePath&quot;: null,
      &quot;iconName&quot;: null,
      &quot;controllerName&quot;: &quot;Permission&quot;,
      &quot;name&quot;: &quot;Permission Edit&quot;,
      &quot;displayOrder&quot;: 0,
      &quot;description&quot;: null,
      &quot;id&quot;: &quot;fac3a453-994e-43cc-876d-e9c0edc059aa&quot;,
      &quot;isMenu&quot;: false,
      &quot;key&quot;: &quot;Permission.Edit&quot;,
      &quot;parentId&quot;: &quot;213aad81-551b-49f7-9d15-f11f5b9e7e88&quot;,
      &quot;unAuthorizedProps&quot;: {
        &quot;visible&quot;: false,
        &quot;disabled&quot;: false
      },
      &quot;actionName&quot;: &quot;Edit&quot;
    },
    {
      &quot;routePath&quot;: null,
      &quot;iconName&quot;: null,
      &quot;controllerName&quot;: &quot;SubRegion&quot;,
      &quot;name&quot;: &quot;SubRegion Find&quot;,
      &quot;displayOrder&quot;: 0,
      &quot;description&quot;: null,
      &quot;id&quot;: &quot;c04774f1-327c-4343-b9bb-35aa8cf11007&quot;,
      &quot;isMenu&quot;: false,
      &quot;key&quot;: &quot;SubRegion.Find&quot;,
      &quot;parentId&quot;: &quot;5016a026-6957-41ab-8cda-9bd37afe0841&quot;,
      &quot;unAuthorizedProps&quot;: {
        &quot;visible&quot;: false,
        &quot;disabled&quot;: false
      },
      &quot;actionName&quot;: &quot;Find&quot;
    },
    {
      &quot;routePath&quot;: &quot;resources&quot;,
      &quot;iconName&quot;: &quot;resourceSVG&quot;,
      &quot;controllerName&quot;: &quot;LocaleResource&quot;,
      &quot;name&quot;: &quot;Resource&quot;,
      &quot;displayOrder&quot;: 910,
      &quot;description&quot;: null,
      &quot;id&quot;: &quot;4c1a6c0d-765c-444a-b7c8-49e99f61d47b&quot;,
      &quot;isMenu&quot;: true,
      &quot;key&quot;: &quot;LocaleResource.Index&quot;,
      &quot;parentId&quot;: &quot;8f4ea0ae-2382-4769-8584-5f2f2b1520c8&quot;,
      &quot;unAuthorizedProps&quot;: {
        &quot;visible&quot;: false,
        &quot;disabled&quot;: false
      },
      &quot;actionName&quot;: &quot;Index&quot;
    },
    {
      &quot;routePath&quot;: null,
      &quot;iconName&quot;: &quot;blackListSVG&quot;,
      &quot;controllerName&quot;: &quot;BlackList&quot;,
      &quot;name&quot;: &quot;Black List List&quot;,
      &quot;displayOrder&quot;: 0,
      &quot;description&quot;: null,
      &quot;id&quot;: &quot;96f6bf8e-c5b2-46ee-ade0-f00025140813&quot;,
      &quot;isMenu&quot;: false,
      &quot;key&quot;: &quot;BlackList.List&quot;,
      &quot;parentId&quot;: &quot;d273c43d-77c8-4b88-8d35-9ec20a90bd11&quot;,
      &quot;unAuthorizedProps&quot;: {
        &quot;visible&quot;: false,
        &quot;disabled&quot;: false
      },
      &quot;actionName&quot;: &quot;List&quot;
    },
    {
      &quot;routePath&quot;: null,
      &quot;iconName&quot;: null,
      &quot;controllerName&quot;: &quot;County&quot;,
      &quot;name&quot;: &quot;County List&quot;,
      &quot;displayOrder&quot;: 0,
      &quot;description&quot;: null,
      &quot;id&quot;: &quot;b585755d-7f4f-43b0-8d1e-f2d807abcec4&quot;,
      &quot;isMenu&quot;: false,
      &quot;key&quot;: &quot;County.List&quot;,
      &quot;parentId&quot;: &quot;28a7ee86-bfd8-408f-97d3-82a96e1cbcc6&quot;,
      &quot;unAuthorizedProps&quot;: {
        &quot;visible&quot;: false,
        &quot;disabled&quot;: false
      },
      &quot;actionName&quot;: &quot;List&quot;
    },
    {
      &quot;routePath&quot;: null,
      &quot;iconName&quot;: null,
      &quot;controllerName&quot;: &quot;LocaleResource&quot;,
      &quot;name&quot;: &quot;LocaleResource Find&quot;,
      &quot;displayOrder&quot;: 0,
      &quot;description&quot;: null,
      &quot;id&quot;: &quot;8a3bd0e4-9a78-449b-bf34-61a097848b9b&quot;,
      &quot;isMenu&quot;: false,
      &quot;key&quot;: &quot;LocaleResource.Find&quot;,
      &quot;parentId&quot;: &quot;4c1a6c0d-765c-444a-b7c8-49e99f61d47b&quot;,
      &quot;unAuthorizedProps&quot;: {
        &quot;visible&quot;: false,
        &quot;disabled&quot;: false
      },
      &quot;actionName&quot;: &quot;Find&quot;
    },
    {
      &quot;routePath&quot;: null,
      &quot;iconName&quot;: null,
      &quot;controllerName&quot;: &quot;ServiceArea&quot;,
      &quot;name&quot;: &quot;ServiceArea Delete&quot;,
      &quot;displayOrder&quot;: 0,
      &quot;description&quot;: null,
      &quot;id&quot;: &quot;aa63520c-b6b3-4475-8516-d9ed4e71ae82&quot;,
      &quot;isMenu&quot;: false,
      &quot;key&quot;: &quot;ServiceArea.Delete&quot;,
      &quot;parentId&quot;: &quot;6510260c-2670-4f71-96ed-8f12986fb9cf&quot;,
      &quot;unAuthorizedProps&quot;: {
        &quot;visible&quot;: false,
        &quot;disabled&quot;: false
      },
      &quot;actionName&quot;: &quot;Delete&quot;
    },
    {
      &quot;routePath&quot;: null,
      &quot;iconName&quot;: null,
      &quot;controllerName&quot;: &quot;Permission&quot;,
      &quot;name&quot;: &quot;Permission Delete&quot;,
      &quot;displayOrder&quot;: 0,
      &quot;description&quot;: null,
      &quot;id&quot;: &quot;acdf48fe-e099-4a8c-a80c-75a3bfe58940&quot;,
      &quot;isMenu&quot;: false,
      &quot;key&quot;: &quot;Permission.Delete&quot;,
      &quot;parentId&quot;: &quot;213aad81-551b-49f7-9d15-f11f5b9e7e88&quot;,
      &quot;unAuthorizedProps&quot;: {
        &quot;visible&quot;: false,
        &quot;disabled&quot;: false
      },
      &quot;actionName&quot;: &quot;Delete&quot;
    },
    {
      &quot;routePath&quot;: &quot;tech-support&quot;,
      &quot;iconName&quot;: &quot;supportSVG&quot;,
      &quot;controllerName&quot;: &quot;Tech&quot;,
      &quot;name&quot;: &quot;Tech Support&quot;,
      &quot;displayOrder&quot;: 1000,
      &quot;description&quot;: null,
      &quot;id&quot;: &quot;7c8e8441-579f-4552-a9f8-b6d5a9f1df3c&quot;,
      &quot;isMenu&quot;: true,
      &quot;key&quot;: &quot;Tech.Support&quot;,
      &quot;parentId&quot;: &quot;5b7cb896-ff20-4798-8468-df6c7f3be073&quot;,
      &quot;unAuthorizedProps&quot;: {
        &quot;visible&quot;: false,
        &quot;disabled&quot;: false
      },
      &quot;actionName&quot;: &quot;Support&quot;
    },
    {
      &quot;routePath&quot;: null,
      &quot;iconName&quot;: null,
      &quot;controllerName&quot;: &quot;Region&quot;,
      &quot;name&quot;: &quot;Region Find&quot;,
      &quot;displayOrder&quot;: 0,
      &quot;description&quot;: null,
      &quot;id&quot;: &quot;373140df-79dd-4adc-b233-0d8f50f44dda&quot;,
      &quot;isMenu&quot;: false,
      &quot;key&quot;: &quot;Region.Find&quot;,
      &quot;parentId&quot;: &quot;636ed702-38d2-4f20-967d-54564a31315f&quot;,
      &quot;unAuthorizedProps&quot;: {
        &quot;visible&quot;: false,
        &quot;disabled&quot;: false
      },
      &quot;actionName&quot;: &quot;Find&quot;
    },
    {
      &quot;routePath&quot;: null,
      &quot;iconName&quot;: null,
      &quot;controllerName&quot;: &quot;County&quot;,
      &quot;name&quot;: &quot;County Delete&quot;,
      &quot;displayOrder&quot;: 0,
      &quot;description&quot;: null,
      &quot;id&quot;: &quot;b359ba12-bf6f-4788-9f9a-c8fd1798258b&quot;,
      &quot;isMenu&quot;: false,
      &quot;key&quot;: &quot;County.Delete&quot;,
      &quot;parentId&quot;: &quot;28a7ee86-bfd8-408f-97d3-82a96e1cbcc6&quot;,
      &quot;unAuthorizedProps&quot;: {
        &quot;visible&quot;: false,
        &quot;disabled&quot;: false
      },
      &quot;actionName&quot;: &quot;Delete&quot;
    },
    {
      &quot;routePath&quot;: null,
      &quot;iconName&quot;: null,
      &quot;controllerName&quot;: &quot;LocaleResource&quot;,
      &quot;name&quot;: &quot;LocaleResource Edit&quot;,
      &quot;displayOrder&quot;: 0,
      &quot;description&quot;: null,
      &quot;id&quot;: &quot;577e23af-d37c-4a77-bb18-40d89a3f6d66&quot;,
      &quot;isMenu&quot;: false,
      &quot;key&quot;: &quot;LocaleResource.Edit&quot;,
      &quot;parentId&quot;: &quot;4c1a6c0d-765c-444a-b7c8-49e99f61d47b&quot;,
      &quot;unAuthorizedProps&quot;: {
        &quot;visible&quot;: false,
        &quot;disabled&quot;: false
      },
      &quot;actionName&quot;: &quot;Edit&quot;
    },
    {
      &quot;routePath&quot;: &quot;map&quot;,
      &quot;iconName&quot;: &quot;mapSVG&quot;,
      &quot;controllerName&quot;: &quot;Admin&quot;,
      &quot;name&quot;: &quot;Map&quot;,
      &quot;displayOrder&quot;: 200,
      &quot;description&quot;: null,
      &quot;id&quot;: &quot;65e94cad-f24a-7d0e-3a21-de1a1e5e8765&quot;,
      &quot;isMenu&quot;: false,
      &quot;key&quot;: &quot;Admin.Map&quot;,
      &quot;parentId&quot;: null,
      &quot;unAuthorizedProps&quot;: {
        &quot;visible&quot;: false,
        &quot;disabled&quot;: false
      },
      &quot;actionName&quot;: &quot;Map&quot;
    },
    {
      &quot;routePath&quot;: null,
      &quot;iconName&quot;: null,
      &quot;controllerName&quot;: &quot;LocaleResource&quot;,
      &quot;name&quot;: &quot;LocaleResource Export&quot;,
      &quot;displayOrder&quot;: 0,
      &quot;description&quot;: null,
      &quot;id&quot;: &quot;cc2a0054-37f4-4f72-80cd-56e918590d0c&quot;,
      &quot;isMenu&quot;: false,
      &quot;key&quot;: &quot;LocaleResource.Export&quot;,
      &quot;parentId&quot;: &quot;4c1a6c0d-765c-444a-b7c8-49e99f61d47b&quot;,
      &quot;unAuthorizedProps&quot;: {
        &quot;visible&quot;: false,
        &quot;disabled&quot;: false
      },
      &quot;actionName&quot;: &quot;Export&quot;
    },
    {
      &quot;routePath&quot;: null,
      &quot;iconName&quot;: &quot;RemoteSearchForProductName&quot;,
      &quot;controllerName&quot;: &quot;Product&quot;,
      &quot;name&quot;: &quot;Product RemoteSearchForProductName&quot;,
      &quot;displayOrder&quot;: 0,
      &quot;description&quot;: null,
      &quot;id&quot;: &quot;5f84cdde-5800-48ce-b690-86628a41f98c&quot;,
      &quot;isMenu&quot;: false,
      &quot;key&quot;: &quot;Product.RemoteSearchForProductName&quot;,
      &quot;parentId&quot;: &quot;1858607f-58c2-4c69-8078-f2756c5ca81e&quot;,
      &quot;unAuthorizedProps&quot;: {
        &quot;visible&quot;: false,
        &quot;disabled&quot;: false
      },
      &quot;actionName&quot;: &quot;RemoteSearchForProductName&quot;
    },
    {
      &quot;routePath&quot;: &quot;&quot;,
      &quot;iconName&quot;: &quot;usersSVG&quot;,
      &quot;controllerName&quot;: &quot;User&quot;,
      &quot;name&quot;: &quot;Users&quot;,
      &quot;displayOrder&quot;: 600,
      &quot;description&quot;: null,
      &quot;id&quot;: &quot;8b04f24a-f777-5455-9d4b-5d32257d3d62&quot;,
      &quot;isMenu&quot;: true,
      &quot;key&quot;: &quot;User.Index&quot;,
      &quot;parentId&quot;: null,
      &quot;unAuthorizedProps&quot;: {
        &quot;visible&quot;: false,
        &quot;disabled&quot;: false
      },
      &quot;actionName&quot;: &quot;Index&quot;
    },
    {
      &quot;routePath&quot;: &quot;productmanagement&quot;,
      &quot;iconName&quot;: &quot;productSVG&quot;,
      &quot;controllerName&quot;: &quot;Product&quot;,
      &quot;name&quot;: &quot;Feature Ideation&quot;,
      &quot;displayOrder&quot;: 999,
      &quot;description&quot;: null,
      &quot;id&quot;: &quot;0d5f6f26-1114-4503-95da-fff6063915b6&quot;,
      &quot;isMenu&quot;: true,
      &quot;key&quot;: &quot;Product.Management&quot;,
      &quot;parentId&quot;: &quot;5b7cb896-ff20-4798-8468-df6c7f3be073&quot;,
      &quot;unAuthorizedProps&quot;: {
        &quot;visible&quot;: false,
        &quot;disabled&quot;: false
      },
      &quot;actionName&quot;: &quot;Management&quot;
    },
    {
      &quot;routePath&quot;: null,
      &quot;iconName&quot;: null,
      &quot;controllerName&quot;: &quot;Category&quot;,
      &quot;name&quot;: &quot;Category GetCategoryByParent&quot;,
      &quot;displayOrder&quot;: 0,
      &quot;description&quot;: null,
      &quot;id&quot;: &quot;5d731e1f-4111-4737-a729-9d476ac966a5&quot;,
      &quot;isMenu&quot;: false,
      &quot;key&quot;: &quot;Category.GetCategoryByParent&quot;,
      &quot;parentId&quot;: &quot;9bbddb67-d7f2-44d3-8d09-6bd04f8b6f79&quot;,
      &quot;unAuthorizedProps&quot;: {
        &quot;visible&quot;: false,
        &quot;disabled&quot;: false
      },
      &quot;actionName&quot;: &quot;GetCategoryByParent&quot;
    },
    {
      &quot;routePath&quot;: null,
      &quot;iconName&quot;: null,
      &quot;controllerName&quot;: &quot;Customer&quot;,
      &quot;name&quot;: &quot;Customer List&quot;,
      &quot;displayOrder&quot;: 0,
      &quot;description&quot;: null,
      &quot;id&quot;: &quot;bbe76549-965a-45b4-9680-86bac515fc1b&quot;,
      &quot;isMenu&quot;: false,
      &quot;key&quot;: &quot;Customer.List&quot;,
      &quot;parentId&quot;: &quot;07b60a01-5846-422c-b1c6-1c7a382dbd0e&quot;,
      &quot;unAuthorizedProps&quot;: {
        &quot;visible&quot;: false,
        &quot;disabled&quot;: false
      },
      &quot;actionName&quot;: &quot;List&quot;
    },
    {
      &quot;routePath&quot;: &quot;settings&quot;,
      &quot;iconName&quot;: &quot;settingsSVG&quot;,
      &quot;controllerName&quot;: &quot;Setting&quot;,
      &quot;name&quot;: &quot;Settings&quot;,
      &quot;displayOrder&quot;: 1000,
      &quot;description&quot;: null,
      &quot;id&quot;: &quot;ccc7592a-301d-4d63-aa26-09e92194ca01&quot;,
      &quot;isMenu&quot;: true,
      &quot;key&quot;: &quot;Setting.Index&quot;,
      &quot;parentId&quot;: null,
      &quot;unAuthorizedProps&quot;: {
        &quot;visible&quot;: false,
        &quot;disabled&quot;: false
      },
      &quot;actionName&quot;: &quot;Index&quot;
    },
    {
      &quot;routePath&quot;: null,
      &quot;iconName&quot;: null,
      &quot;controllerName&quot;: &quot;LocaleResource&quot;,
      &quot;name&quot;: &quot;LocaleResource Index&quot;,
      &quot;displayOrder&quot;: 0,
      &quot;description&quot;: &quot;LocaleResource Index &quot;,
      &quot;id&quot;: &quot;b88d0e35-5b99-4daf-9c2f-ff36aab9197e&quot;,
      &quot;isMenu&quot;: false,
      &quot;key&quot;: &quot;LocaleResource.Index&quot;,
      &quot;parentId&quot;: &quot;4c1a6c0d-765c-444a-b7c8-49e99f61d47b&quot;,
      &quot;unAuthorizedProps&quot;: {
        &quot;visible&quot;: false,
        &quot;disabled&quot;: false
      },
      &quot;actionName&quot;: &quot;Index&quot;
    },
    {
      &quot;routePath&quot;: null,
      &quot;iconName&quot;: null,
      &quot;controllerName&quot;: &quot;Warehouse&quot;,
      &quot;name&quot;: &quot;Warehouse EditWarehouseState&quot;,
      &quot;displayOrder&quot;: 0,
      &quot;description&quot;: null,
      &quot;id&quot;: &quot;fb7d3fd3-e816-4921-98ae-178c750b951a&quot;,
      &quot;isMenu&quot;: false,
      &quot;key&quot;: &quot;Warehouse.EditWarehouseState&quot;,
      &quot;parentId&quot;: &quot;7a99d565-0e98-95af-19bd-814011ea2417&quot;,
      &quot;unAuthorizedProps&quot;: {
        &quot;visible&quot;: false,
        &quot;disabled&quot;: false
      },
      &quot;actionName&quot;: &quot;EditWarehouseState&quot;
    },
    {
      &quot;routePath&quot;: &quot;vehicles&quot;,
      &quot;iconName&quot;: &quot;vehicleSVG&quot;,
      &quot;controllerName&quot;: &quot;Vehicle&quot;,
      &quot;name&quot;: &quot;Vehicles&quot;,
      &quot;displayOrder&quot;: 900,
      &quot;description&quot;: null,
      &quot;id&quot;: &quot;27436094-fc09-48ea-ae79-8ea2b4517866&quot;,
      &quot;isMenu&quot;: false,
      &quot;key&quot;: &quot;Vehicle.Index&quot;,
      &quot;parentId&quot;: null,
      &quot;unAuthorizedProps&quot;: {
        &quot;visible&quot;: false,
        &quot;disabled&quot;: false
      },
      &quot;actionName&quot;: &quot;Index&quot;
    },
    {
      &quot;routePath&quot;: null,
      &quot;iconName&quot;: null,
      &quot;controllerName&quot;: &quot;Warehouse&quot;,
      &quot;name&quot;: &quot;Warehouse List&quot;,
      &quot;displayOrder&quot;: 0,
      &quot;description&quot;: null,
      &quot;id&quot;: &quot;ac3e564a-4cc4-453d-8938-2563ef62921f&quot;,
      &quot;isMenu&quot;: false,
      &quot;key&quot;: &quot;Warehouse.List&quot;,
      &quot;parentId&quot;: &quot;7a99d565-0e98-95af-19bd-814011ea2417&quot;,
      &quot;unAuthorizedProps&quot;: {
        &quot;visible&quot;: false,
        &quot;disabled&quot;: false
      },
      &quot;actionName&quot;: &quot;List&quot;
    },
    {
      &quot;routePath&quot;: null,
      &quot;iconName&quot;: null,
      &quot;controllerName&quot;: &quot;CouponCode&quot;,
      &quot;name&quot;: &quot;CouponCode&quot;,
      &quot;displayOrder&quot;: 0,
      &quot;description&quot;: null,
      &quot;id&quot;: &quot;5aaef586-e311-4265-a241-6eb9758d6541&quot;,
      &quot;isMenu&quot;: false,
      &quot;key&quot;: &quot;CouponCode.ListForFilter&quot;,
      &quot;parentId&quot;: null,
      &quot;unAuthorizedProps&quot;: {
        &quot;visible&quot;: false,
        &quot;disabled&quot;: false
      },
      &quot;actionName&quot;: &quot;ListForFilter&quot;
    },
    {
      &quot;routePath&quot;: null,
      &quot;iconName&quot;: null,
      &quot;controllerName&quot;: &quot;State&quot;,
      &quot;name&quot;: &quot;State Edit&quot;,
      &quot;displayOrder&quot;: 0,
      &quot;description&quot;: null,
      &quot;id&quot;: &quot;581b4c8a-cce8-447b-98b5-1f29f9aae457&quot;,
      &quot;isMenu&quot;: false,
      &quot;key&quot;: &quot;State.Edit&quot;,
      &quot;parentId&quot;: &quot;4842baa6-3b5e-40d1-ba2c-aa896962f8a7&quot;,
      &quot;unAuthorizedProps&quot;: {
        &quot;visible&quot;: false,
        &quot;disabled&quot;: false
      },
      &quot;actionName&quot;: &quot;Edit&quot;
    },
    {
      &quot;routePath&quot;: null,
      &quot;iconName&quot;: null,
      &quot;controllerName&quot;: &quot;Country&quot;,
      &quot;name&quot;: &quot;Country Edit&quot;,
      &quot;displayOrder&quot;: 0,
      &quot;description&quot;: null,
      &quot;id&quot;: &quot;117355ed-1004-4b13-beb3-2ee0056892f1&quot;,
      &quot;isMenu&quot;: false,
      &quot;key&quot;: &quot;Country.Edit&quot;,
      &quot;parentId&quot;: &quot;9c15db73-badc-4894-ab1b-d8261bac91c2&quot;,
      &quot;unAuthorizedProps&quot;: {
        &quot;visible&quot;: false,
        &quot;disabled&quot;: false
      },
      &quot;actionName&quot;: &quot;Edit&quot;
    },
    {
      &quot;routePath&quot;: &quot;geo-areas&quot;,
      &quot;iconName&quot;: &quot;geo-areasSVG&quot;,
      &quot;controllerName&quot;: &quot;GeoArea&quot;,
      &quot;name&quot;: &quot;Geo Areas&quot;,
      &quot;displayOrder&quot;: 400,
      &quot;description&quot;: null,
      &quot;id&quot;: &quot;596bb8e1-9705-be47-b70e-e0cb48edc078&quot;,
      &quot;isMenu&quot;: true,
      &quot;key&quot;: &quot;GeoArea.Index&quot;,
      &quot;parentId&quot;: null,
      &quot;unAuthorizedProps&quot;: {
        &quot;visible&quot;: false,
        &quot;disabled&quot;: false
      },
      &quot;actionName&quot;: &quot;Index&quot;
    },
    {
      &quot;routePath&quot;: null,
      &quot;iconName&quot;: null,
      &quot;controllerName&quot;: &quot;Role&quot;,
      &quot;name&quot;: &quot;Role List&quot;,
      &quot;displayOrder&quot;: 0,
      &quot;description&quot;: null,
      &quot;id&quot;: &quot;ed6b7f77-7b07-4fdd-b4eb-5dc72ed21a53&quot;,
      &quot;isMenu&quot;: false,
      &quot;key&quot;: &quot;Role.List&quot;,
      &quot;parentId&quot;: &quot;e98d2f21-52f8-41cb-9b3f-fe979b5f0578&quot;,
      &quot;unAuthorizedProps&quot;: {
        &quot;visible&quot;: false,
        &quot;disabled&quot;: false
      },
      &quot;actionName&quot;: &quot;List&quot;
    },
    {
      &quot;routePath&quot;: null,
      &quot;iconName&quot;: null,
      &quot;controllerName&quot;: &quot;Warehouse&quot;,
      &quot;name&quot;: &quot;Warehouse ListBasic&quot;,
      &quot;displayOrder&quot;: 0,
      &quot;description&quot;: null,
      &quot;id&quot;: &quot;3cd0e960-08c5-488e-82bf-e81eb0481924&quot;,
      &quot;isMenu&quot;: false,
      &quot;key&quot;: &quot;Warehouse.ListBasic&quot;,
      &quot;parentId&quot;: &quot;7a99d565-0e98-95af-19bd-814011ea2417&quot;,
      &quot;unAuthorizedProps&quot;: {
        &quot;visible&quot;: false,
        &quot;disabled&quot;: false
      },
      &quot;actionName&quot;: &quot;ListBasic&quot;
    },
    {
      &quot;routePath&quot;: null,
      &quot;iconName&quot;: null,
      &quot;controllerName&quot;: &quot;Address&quot;,
      &quot;name&quot;: &quot;Address Edit&quot;,
      &quot;displayOrder&quot;: 0,
      &quot;description&quot;: null,
      &quot;id&quot;: &quot;3e821719-5809-4a64-979f-9f373f2510d4&quot;,
      &quot;isMenu&quot;: false,
      &quot;key&quot;: &quot;Address.Edit&quot;,
      &quot;parentId&quot;: &quot;c3c514ef-1964-4c94-b13a-8bdd83a5b1cb&quot;,
      &quot;unAuthorizedProps&quot;: {
        &quot;visible&quot;: false,
        &quot;disabled&quot;: false
      },
      &quot;actionName&quot;: &quot;Edit&quot;
    },
    {
      &quot;routePath&quot;: null,
      &quot;iconName&quot;: null,
      &quot;controllerName&quot;: &quot;ServiceArea&quot;,
      &quot;name&quot;: &quot;ServiceArea Create&quot;,
      &quot;displayOrder&quot;: 0,
      &quot;description&quot;: null,
      &quot;id&quot;: &quot;20738cab-a928-4c12-9a39-29eeaf60713a&quot;,
      &quot;isMenu&quot;: false,
      &quot;key&quot;: &quot;ServiceArea.Create&quot;,
      &quot;parentId&quot;: &quot;6510260c-2670-4f71-96ed-8f12986fb9cf&quot;,
      &quot;unAuthorizedProps&quot;: {
        &quot;visible&quot;: false,
        &quot;disabled&quot;: false
      },
      &quot;actionName&quot;: &quot;Create&quot;
    },
    {
      &quot;routePath&quot;: null,
      &quot;iconName&quot;: null,
      &quot;controllerName&quot;: &quot;Setting&quot;,
      &quot;name&quot;: &quot;Setting Find&quot;,
      &quot;displayOrder&quot;: 0,
      &quot;description&quot;: null,
      &quot;id&quot;: &quot;e57a84a5-6d3e-4513-82cd-1ec64740178b&quot;,
      &quot;isMenu&quot;: false,
      &quot;key&quot;: &quot;Setting.Find&quot;,
      &quot;parentId&quot;: &quot;ccc7592a-301d-4d63-aa26-09e92194ca01&quot;,
      &quot;unAuthorizedProps&quot;: {
        &quot;visible&quot;: false,
        &quot;disabled&quot;: false
      },
      &quot;actionName&quot;: &quot;Find&quot;
    },
    {
      &quot;routePath&quot;: null,
      &quot;iconName&quot;: null,
      &quot;controllerName&quot;: &quot;SubRegion&quot;,
      &quot;name&quot;: &quot;SubRegion Edit&quot;,
      &quot;displayOrder&quot;: 0,
      &quot;description&quot;: null,
      &quot;id&quot;: &quot;befec01d-311a-4d58-8875-390d7c5143ab&quot;,
      &quot;isMenu&quot;: false,
      &quot;key&quot;: &quot;SubRegion.Edit&quot;,
      &quot;parentId&quot;: &quot;5016a026-6957-41ab-8cda-9bd37afe0841&quot;,
      &quot;unAuthorizedProps&quot;: {
        &quot;visible&quot;: false,
        &quot;disabled&quot;: false
      },
      &quot;actionName&quot;: &quot;Edit&quot;
    },
    {
      &quot;routePath&quot;: null,
      &quot;iconName&quot;: null,
      &quot;controllerName&quot;: &quot;State&quot;,
      &quot;name&quot;: &quot;State Create&quot;,
      &quot;displayOrder&quot;: 0,
      &quot;description&quot;: null,
      &quot;id&quot;: &quot;88690c06-a8b6-4e95-a176-3963af2d2b79&quot;,
      &quot;isMenu&quot;: false,
      &quot;key&quot;: &quot;State.Create&quot;,
      &quot;parentId&quot;: &quot;4842baa6-3b5e-40d1-ba2c-aa896962f8a7&quot;,
      &quot;unAuthorizedProps&quot;: {
        &quot;visible&quot;: false,
        &quot;disabled&quot;: false
      },
      &quot;actionName&quot;: &quot;Create&quot;
    },
    {
      &quot;routePath&quot;: null,
      &quot;iconName&quot;: null,
      &quot;controllerName&quot;: &quot;LocaleResource&quot;,
      &quot;name&quot;: &quot;LocaleResource Import&quot;,
      &quot;displayOrder&quot;: 0,
      &quot;description&quot;: null,
      &quot;id&quot;: &quot;a0f85551-79e4-4fd8-b9dc-7b4e0bd3f3d9&quot;,
      &quot;isMenu&quot;: false,
      &quot;key&quot;: &quot;LocaleResource.Import&quot;,
      &quot;parentId&quot;: &quot;4c1a6c0d-765c-444a-b7c8-49e99f61d47b&quot;,
      &quot;unAuthorizedProps&quot;: {
        &quot;visible&quot;: false,
        &quot;disabled&quot;: false
      },
      &quot;actionName&quot;: &quot;Import&quot;
    },
    {
      &quot;routePath&quot;: null,
      &quot;iconName&quot;: null,
      &quot;controllerName&quot;: &quot;Country&quot;,
      &quot;name&quot;: &quot;Country Create&quot;,
      &quot;displayOrder&quot;: 0,
      &quot;description&quot;: null,
      &quot;id&quot;: &quot;b4e4f143-cdff-4839-a5db-7379c79b2cc1&quot;,
      &quot;isMenu&quot;: false,
      &quot;key&quot;: &quot;Country.Create&quot;,
      &quot;parentId&quot;: &quot;9c15db73-badc-4894-ab1b-d8261bac91c2&quot;,
      &quot;unAuthorizedProps&quot;: {
        &quot;visible&quot;: false,
        &quot;disabled&quot;: false
      },
      &quot;actionName&quot;: &quot;Create&quot;
    },
    {
      &quot;routePath&quot;: null,
      &quot;iconName&quot;: null,
      &quot;controllerName&quot;: &quot;Warehouse&quot;,
      &quot;name&quot;: &quot;Warehouse Delete&quot;,
      &quot;displayOrder&quot;: 0,
      &quot;description&quot;: null,
      &quot;id&quot;: &quot;dbc3a8dd-ea84-4a11-bbfe-02a476211462&quot;,
      &quot;isMenu&quot;: false,
      &quot;key&quot;: &quot;Warehouse.Delete&quot;,
      &quot;parentId&quot;: &quot;7a99d565-0e98-95af-19bd-814011ea2417&quot;,
      &quot;unAuthorizedProps&quot;: {
        &quot;visible&quot;: false,
        &quot;disabled&quot;: false
      },
      &quot;actionName&quot;: &quot;Delete&quot;
    },
    {
      &quot;routePath&quot;: &quot;blacklist&quot;,
      &quot;iconName&quot;: &quot;blackListSVG&quot;,
      &quot;controllerName&quot;: &quot;BlackList&quot;,
      &quot;name&quot;: &quot;Black List&quot;,
      &quot;displayOrder&quot;: 0,
      &quot;description&quot;: null,
      &quot;id&quot;: &quot;d273c43d-77c8-4b88-8d35-9ec20a90bd11&quot;,
      &quot;isMenu&quot;: false,
      &quot;key&quot;: &quot;BlackList.Index&quot;,
      &quot;parentId&quot;: &quot;8b04f24a-f777-5455-9d4b-5d32257d3d62&quot;,
      &quot;unAuthorizedProps&quot;: {
        &quot;visible&quot;: false,
        &quot;disabled&quot;: false
      },
      &quot;actionName&quot;: &quot;Index&quot;
    },
    {
      &quot;routePath&quot;: null,
      &quot;iconName&quot;: &quot;control&quot;,
      &quot;controllerName&quot;: &quot;DriverApp&quot;,
      &quot;name&quot;: &quot;Control&quot;,
      &quot;displayOrder&quot;: 0,
      &quot;description&quot;: &quot;&quot;,
      &quot;id&quot;: &quot;ac0083c7-bd11-4d5a-88bd-5fdfd029d71d&quot;,
      &quot;isMenu&quot;: true,
      &quot;key&quot;: &quot;DriverApp.Control&quot;,
      &quot;parentId&quot;: &quot;673cefc5-8638-47b5-9440-8f3fa459f0b1&quot;,
      &quot;unAuthorizedProps&quot;: {
        &quot;visible&quot;: false,
        &quot;disabled&quot;: false
      },
      &quot;actionName&quot;: &quot;Control&quot;
    },
    {
      &quot;routePath&quot;: null,
      &quot;iconName&quot;: null,
      &quot;controllerName&quot;: &quot;Permission&quot;,
      &quot;name&quot;: &quot;Permission Tree&quot;,
      &quot;displayOrder&quot;: 0,
      &quot;description&quot;: null,
      &quot;id&quot;: &quot;31bf9d11-e13f-483c-835e-c0507f1c001b&quot;,
      &quot;isMenu&quot;: false,
      &quot;key&quot;: &quot;Permission.PermissionTree&quot;,
      &quot;parentId&quot;: &quot;213aad81-551b-49f7-9d15-f11f5b9e7e88&quot;,
      &quot;unAuthorizedProps&quot;: {
        &quot;visible&quot;: false,
        &quot;disabled&quot;: false
      },
      &quot;actionName&quot;: &quot;PermissionTree&quot;
    },
    {
      &quot;routePath&quot;: &quot;dashboards&quot;,
      &quot;iconName&quot;: &quot;dashboardSVG&quot;,
      &quot;controllerName&quot;: &quot;Dashboard&quot;,
      &quot;name&quot;: &quot;Analytics&quot;,
      &quot;displayOrder&quot;: 300,
      &quot;description&quot;: &quot;Analytics&quot;,
      &quot;id&quot;: &quot;9160e49e-2340-41fd-aee7-f00fb79cca35&quot;,
      &quot;isMenu&quot;: false,
      &quot;key&quot;: &quot;Dashboard.GetDashboardIframe&quot;,
      &quot;parentId&quot;: null,
      &quot;unAuthorizedProps&quot;: {
        &quot;visible&quot;: false,
        &quot;disabled&quot;: false
      },
      &quot;actionName&quot;: &quot;GetDashboardIframe&quot;
    },
    {
      &quot;routePath&quot;: null,
      &quot;iconName&quot;: null,
      &quot;controllerName&quot;: &quot;Customer&quot;,
      &quot;name&quot;: &quot;Customer Find&quot;,
      &quot;displayOrder&quot;: 0,
      &quot;description&quot;: null,
      &quot;id&quot;: &quot;7e69895f-a4fe-470b-9dbd-3902631c5978&quot;,
      &quot;isMenu&quot;: false,
      &quot;key&quot;: &quot;Customer.Find&quot;,
      &quot;parentId&quot;: &quot;07b60a01-5846-422c-b1c6-1c7a382dbd0e&quot;,
      &quot;unAuthorizedProps&quot;: {
        &quot;visible&quot;: false,
        &quot;disabled&quot;: false
      },
      &quot;actionName&quot;: &quot;Find&quot;
    },
    {
      &quot;routePath&quot;: null,
      &quot;iconName&quot;: null,
      &quot;controllerName&quot;: &quot;Order&quot;,
      &quot;name&quot;: &quot;Order List&quot;,
      &quot;displayOrder&quot;: 0,
      &quot;description&quot;: null,
      &quot;id&quot;: &quot;68267f89-edc4-4c6b-a72b-06381cf0e532&quot;,
      &quot;isMenu&quot;: false,
      &quot;key&quot;: &quot;Order.List&quot;,
      &quot;parentId&quot;: &quot;872b9f8c-c48d-dfeb-de32-1be0c3c38dbb&quot;,
      &quot;unAuthorizedProps&quot;: {
        &quot;visible&quot;: false,
        &quot;disabled&quot;: false
      },
      &quot;actionName&quot;: &quot;List&quot;
    },
    {
      &quot;routePath&quot;: &quot;&quot;,
      &quot;iconName&quot;: &quot;ordersSVG&quot;,
      &quot;controllerName&quot;: &quot;Order&quot;,
      &quot;name&quot;: &quot;Orders&quot;,
      &quot;displayOrder&quot;: 100,
      &quot;description&quot;: null,
      &quot;id&quot;: &quot;872b9f8c-c48d-dfeb-de32-1be0c3c38dbb&quot;,
      &quot;isMenu&quot;: true,
      &quot;key&quot;: &quot;Order.Index&quot;,
      &quot;parentId&quot;: null,
      &quot;unAuthorizedProps&quot;: {
        &quot;visible&quot;: false,
        &quot;disabled&quot;: false
      },
      &quot;actionName&quot;: &quot;Index&quot;
    },
    {
      &quot;routePath&quot;: null,
      &quot;iconName&quot;: null,
      &quot;controllerName&quot;: &quot;Order&quot;,
      &quot;name&quot;: &quot;Order ReportOrderItem&quot;,
      &quot;displayOrder&quot;: 0,
      &quot;description&quot;: null,
      &quot;id&quot;: &quot;fc541f93-e00d-4204-bc10-21a8c66281d9&quot;,
      &quot;isMenu&quot;: false,
      &quot;key&quot;: &quot;Order.ReportOrderItem&quot;,
      &quot;parentId&quot;: &quot;872b9f8c-c48d-dfeb-de32-1be0c3c38dbb&quot;,
      &quot;unAuthorizedProps&quot;: {
        &quot;visible&quot;: false,
        &quot;disabled&quot;: false
      },
      &quot;actionName&quot;: &quot;ReportOrderItem&quot;
    },
    {
      &quot;routePath&quot;: null,
      &quot;iconName&quot;: null,
      &quot;controllerName&quot;: &quot;Country&quot;,
      &quot;name&quot;: &quot;Country List&quot;,
      &quot;displayOrder&quot;: 0,
      &quot;description&quot;: null,
      &quot;id&quot;: &quot;965f2723-9852-432a-8811-6d549e75b51c&quot;,
      &quot;isMenu&quot;: false,
      &quot;key&quot;: &quot;Country.List&quot;,
      &quot;parentId&quot;: &quot;9c15db73-badc-4894-ab1b-d8261bac91c2&quot;,
      &quot;unAuthorizedProps&quot;: {
        &quot;visible&quot;: false,
        &quot;disabled&quot;: false
      },
      &quot;actionName&quot;: &quot;List&quot;
    },
    {
      &quot;routePath&quot;: &quot;employees&quot;,
      &quot;iconName&quot;: &quot;employeeSVG&quot;,
      &quot;controllerName&quot;: &quot;Employee&quot;,
      &quot;name&quot;: &quot;Employee&quot;,
      &quot;displayOrder&quot;: 630,
      &quot;description&quot;: null,
      &quot;id&quot;: &quot;e4a8e904-698e-4596-92c3-b40206b19179&quot;,
      &quot;isMenu&quot;: true,
      &quot;key&quot;: &quot;Employee.Index&quot;,
      &quot;parentId&quot;: &quot;8b04f24a-f777-5455-9d4b-5d32257d3d62&quot;,
      &quot;unAuthorizedProps&quot;: {
        &quot;visible&quot;: false,
        &quot;disabled&quot;: false
      },
      &quot;actionName&quot;: &quot;Index&quot;
    },
    {
      &quot;routePath&quot;: null,
      &quot;iconName&quot;: &quot;ListForFilter&quot;,
      &quot;controllerName&quot;: &quot;Product&quot;,
      &quot;name&quot;: &quot;Product ListForFilter&quot;,
      &quot;displayOrder&quot;: 0,
      &quot;description&quot;: null,
      &quot;id&quot;: &quot;3e7badfa-60f6-46f4-ab65-60c10cf0158c&quot;,
      &quot;isMenu&quot;: false,
      &quot;key&quot;: &quot;Product.ListForFilter&quot;,
      &quot;parentId&quot;: null,
      &quot;unAuthorizedProps&quot;: {
        &quot;visible&quot;: false,
        &quot;disabled&quot;: false
      },
      &quot;actionName&quot;: &quot;ListForFilter&quot;
    },
    {
      &quot;routePath&quot;: null,
      &quot;iconName&quot;: null,
      &quot;controllerName&quot;: &quot;MessageTemplate&quot;,
      &quot;name&quot;: &quot;Message Template List&quot;,
      &quot;displayOrder&quot;: 0,
      &quot;description&quot;: null,
      &quot;id&quot;: &quot;f8b8770e-d3de-4fb9-8785-c6a52f0a3f2a&quot;,
      &quot;isMenu&quot;: false,
      &quot;key&quot;: &quot;MessageTemplate.List&quot;,
      &quot;parentId&quot;: &quot;570b7634-2234-498f-939b-440805527121&quot;,
      &quot;unAuthorizedProps&quot;: {
        &quot;visible&quot;: false,
        &quot;disabled&quot;: false
      },
      &quot;actionName&quot;: &quot;List&quot;
    },
    {
      &quot;routePath&quot;: null,
      &quot;iconName&quot;: null,
      &quot;controllerName&quot;: &quot;Warehouse&quot;,
      &quot;name&quot;: &quot;Warehouse UpdateWarehouseExpectedQuantity&quot;,
      &quot;displayOrder&quot;: 0,
      &quot;description&quot;: null,
      &quot;id&quot;: &quot;cbe00097-f735-4207-bd4d-a2be0ea5dfd3&quot;,
      &quot;isMenu&quot;: false,
      &quot;key&quot;: &quot;Warehouse.UpdateWarehouseExpectedQuantity&quot;,
      &quot;parentId&quot;: &quot;7a99d565-0e98-95af-19bd-814011ea2417&quot;,
      &quot;unAuthorizedProps&quot;: {
        &quot;visible&quot;: false,
        &quot;disabled&quot;: false
      },
      &quot;actionName&quot;: &quot;UpdateWarehouseExpectedQuantity&quot;
    },
    {
      &quot;routePath&quot;: null,
      &quot;iconName&quot;: &quot;RemoteSearchForCampaignName&quot;,
      &quot;controllerName&quot;: &quot;Campaign&quot;,
      &quot;name&quot;: &quot;Campaign RemoteSearchForCampaignName&quot;,
      &quot;displayOrder&quot;: 0,
      &quot;description&quot;: null,
      &quot;id&quot;: &quot;1b2371cf-283a-412c-9305-3f8d91cd2cf3&quot;,
      &quot;isMenu&quot;: false,
      &quot;key&quot;: &quot;Campaign.RemoteSearchForCampaignName&quot;,
      &quot;parentId&quot;: &quot;fd2f794b-65fb-4da6-9bdb-835c466e4321&quot;,
      &quot;unAuthorizedProps&quot;: {
        &quot;visible&quot;: false,
        &quot;disabled&quot;: false
      },
      &quot;actionName&quot;: &quot;RemoteSearchForCampaignName&quot;
    },
    {
      &quot;routePath&quot;: null,
      &quot;iconName&quot;: null,
      &quot;controllerName&quot;: &quot;Permission&quot;,
      &quot;name&quot;: &quot;Permission Find&quot;,
      &quot;displayOrder&quot;: 0,
      &quot;description&quot;: null,
      &quot;id&quot;: &quot;b8acd1fb-bb0c-49b0-9fe2-22574379a94d&quot;,
      &quot;isMenu&quot;: false,
      &quot;key&quot;: &quot;Permission.Find&quot;,
      &quot;parentId&quot;: &quot;213aad81-551b-49f7-9d15-f11f5b9e7e88&quot;,
      &quot;unAuthorizedProps&quot;: {
        &quot;visible&quot;: false,
        &quot;disabled&quot;: false
      },
      &quot;actionName&quot;: &quot;Find&quot;
    },
    {
      &quot;routePath&quot;: null,
      &quot;iconName&quot;: null,
      &quot;controllerName&quot;: &quot;Banner&quot;,
      &quot;name&quot;: &quot;Banner Create&quot;,
      &quot;displayOrder&quot;: 0,
      &quot;description&quot;: null,
      &quot;id&quot;: &quot;ad417e90-0acf-4d46-a875-a4b641cedbde&quot;,
      &quot;isMenu&quot;: false,
      &quot;key&quot;: &quot;Banner.Create&quot;,
      &quot;parentId&quot;: &quot;d01dd410-27ab-4ca2-ad2e-06ed18197543&quot;,
      &quot;unAuthorizedProps&quot;: {
        &quot;visible&quot;: false,
        &quot;disabled&quot;: false
      },
      &quot;actionName&quot;: &quot;Create&quot;
    },
    {
      &quot;routePath&quot;: null,
      &quot;iconName&quot;: null,
      &quot;controllerName&quot;: &quot;Banner&quot;,
      &quot;name&quot;: &quot;Banner Edit&quot;,
      &quot;displayOrder&quot;: 0,
      &quot;description&quot;: null,
      &quot;id&quot;: &quot;b638b6e5-7d89-4ab4-9a4e-fe8b0df52e36&quot;,
      &quot;isMenu&quot;: false,
      &quot;key&quot;: &quot;Banner.Edit&quot;,
      &quot;parentId&quot;: &quot;d01dd410-27ab-4ca2-ad2e-06ed18197543&quot;,
      &quot;unAuthorizedProps&quot;: {
        &quot;visible&quot;: false,
        &quot;disabled&quot;: false
      },
      &quot;actionName&quot;: &quot;Edit&quot;
    },
    {
      &quot;routePath&quot;: null,
      &quot;iconName&quot;: null,
      &quot;controllerName&quot;: &quot;Category&quot;,
      &quot;name&quot;: &quot;Category Edit&quot;,
      &quot;displayOrder&quot;: 0,
      &quot;description&quot;: null,
      &quot;id&quot;: &quot;0aaf230e-5f92-4e49-b3c7-c20c9df44c82&quot;,
      &quot;isMenu&quot;: false,
      &quot;key&quot;: &quot;Category.Edit&quot;,
      &quot;parentId&quot;: &quot;9bbddb67-d7f2-44d3-8d09-6bd04f8b6f79&quot;,
      &quot;unAuthorizedProps&quot;: {
        &quot;visible&quot;: false,
        &quot;disabled&quot;: false
      },
      &quot;actionName&quot;: &quot;Edit&quot;
    },
    {
      &quot;routePath&quot;: null,
      &quot;iconName&quot;: null,
      &quot;controllerName&quot;: &quot;ZipCode&quot;,
      &quot;name&quot;: &quot;ZipCode Delete&quot;,
      &quot;displayOrder&quot;: 0,
      &quot;description&quot;: null,
      &quot;id&quot;: &quot;deba5d66-42eb-43d0-8ee0-6d15f3c4b34c&quot;,
      &quot;isMenu&quot;: false,
      &quot;key&quot;: &quot;ZipCode.Delete&quot;,
      &quot;parentId&quot;: &quot;8aa34e38-533b-4ab7-bad7-0eaa7b5dec9c&quot;,
      &quot;unAuthorizedProps&quot;: {
        &quot;visible&quot;: false,
        &quot;disabled&quot;: false
      },
      &quot;actionName&quot;: &quot;Delete&quot;
    },
    {
      &quot;routePath&quot;: null,
      &quot;iconName&quot;: null,
      &quot;controllerName&quot;: &quot;Rider&quot;,
      &quot;name&quot;: &quot;Rider Create&quot;,
      &quot;displayOrder&quot;: 0,
      &quot;description&quot;: null,
      &quot;id&quot;: &quot;84e2ed51-0787-4e21-b0cc-78397324e38f&quot;,
      &quot;isMenu&quot;: false,
      &quot;key&quot;: &quot;Rider.Create&quot;,
      &quot;parentId&quot;: &quot;1b716d9c-2bf6-4a16-9bd1-2214d14b6cc7&quot;,
      &quot;unAuthorizedProps&quot;: {
        &quot;visible&quot;: false,
        &quot;disabled&quot;: false
      },
      &quot;actionName&quot;: &quot;Create&quot;
    },
    {
      &quot;routePath&quot;: null,
      &quot;iconName&quot;: null,
      &quot;controllerName&quot;: &quot;Employee&quot;,
      &quot;name&quot;: &quot;Employee Delete&quot;,
      &quot;displayOrder&quot;: 0,
      &quot;description&quot;: null,
      &quot;id&quot;: &quot;b6a62bb2-7083-4534-91af-146ca008cb31&quot;,
      &quot;isMenu&quot;: false,
      &quot;key&quot;: &quot;Employee.Delete&quot;,
      &quot;parentId&quot;: &quot;e4a8e904-698e-4596-92c3-b40206b19179&quot;,
      &quot;unAuthorizedProps&quot;: {
        &quot;visible&quot;: false,
        &quot;disabled&quot;: false
      },
      &quot;actionName&quot;: &quot;Delete&quot;
    },
    {
      &quot;routePath&quot;: &quot;active-orders&quot;,
      &quot;iconName&quot;: &quot;activeOrderSVG&quot;,
      &quot;controllerName&quot;: &quot;Order&quot;,
      &quot;name&quot;: &quot;Active Orders&quot;,
      &quot;displayOrder&quot;: 120,
      &quot;description&quot;: null,
      &quot;id&quot;: &quot;960eff6d-a581-4a4e-991b-a0b5c9881f14&quot;,
      &quot;isMenu&quot;: true,
      &quot;key&quot;: &quot;Order.Active&quot;,
      &quot;parentId&quot;: &quot;872b9f8c-c48d-dfeb-de32-1be0c3c38dbb&quot;,
      &quot;unAuthorizedProps&quot;: {
        &quot;visible&quot;: false,
        &quot;disabled&quot;: false
      },
      &quot;actionName&quot;: &quot;Active&quot;
    },
    {
      &quot;routePath&quot;: null,
      &quot;iconName&quot;: null,
      &quot;controllerName&quot;: &quot;MessageTemplate&quot;,
      &quot;name&quot;: &quot;Message Template Edit&quot;,
      &quot;displayOrder&quot;: 0,
      &quot;description&quot;: null,
      &quot;id&quot;: &quot;3cf8a343-ba23-4210-9f73-884eb309a3b4&quot;,
      &quot;isMenu&quot;: false,
      &quot;key&quot;: &quot;MessageTemplate.Edit&quot;,
      &quot;parentId&quot;: &quot;570b7634-2234-498f-939b-440805527121&quot;,
      &quot;unAuthorizedProps&quot;: {
        &quot;visible&quot;: false,
        &quot;disabled&quot;: false
      },
      &quot;actionName&quot;: &quot;Edit&quot;
    },
    {
      &quot;routePath&quot;: null,
      &quot;iconName&quot;: null,
      &quot;controllerName&quot;: &quot;MessageTemplate&quot;,
      &quot;name&quot;: &quot;Message Template Delete&quot;,
      &quot;displayOrder&quot;: 0,
      &quot;description&quot;: null,
      &quot;id&quot;: &quot;6829e619-f27c-415b-abf5-653573cb4ed5&quot;,
      &quot;isMenu&quot;: false,
      &quot;key&quot;: &quot;MessageTemplate.Delete&quot;,
      &quot;parentId&quot;: &quot;570b7634-2234-498f-939b-440805527121&quot;,
      &quot;unAuthorizedProps&quot;: {
        &quot;visible&quot;: false,
        &quot;disabled&quot;: false
      },
      &quot;actionName&quot;: &quot;Delete&quot;
    },
    {
      &quot;routePath&quot;: null,
      &quot;iconName&quot;: null,
      &quot;controllerName&quot;: &quot;Role&quot;,
      &quot;name&quot;: &quot;Role Create&quot;,
      &quot;displayOrder&quot;: 0,
      &quot;description&quot;: null,
      &quot;id&quot;: &quot;b29c939f-9d31-4a77-ab10-43b6363c9ca7&quot;,
      &quot;isMenu&quot;: false,
      &quot;key&quot;: &quot;Role.Create&quot;,
      &quot;parentId&quot;: &quot;e98d2f21-52f8-41cb-9b3f-fe979b5f0578&quot;,
      &quot;unAuthorizedProps&quot;: {
        &quot;visible&quot;: false,
        &quot;disabled&quot;: false
      },
      &quot;actionName&quot;: &quot;Create&quot;
    },
    {
      &quot;routePath&quot;: null,
      &quot;iconName&quot;: null,
      &quot;controllerName&quot;: &quot;County&quot;,
      &quot;name&quot;: &quot;County Create&quot;,
      &quot;displayOrder&quot;: 0,
      &quot;description&quot;: null,
      &quot;id&quot;: &quot;b0718fbd-a486-4f05-9804-82c5e474efb7&quot;,
      &quot;isMenu&quot;: false,
      &quot;key&quot;: &quot;County.Create&quot;,
      &quot;parentId&quot;: &quot;28a7ee86-bfd8-408f-97d3-82a96e1cbcc6&quot;,
      &quot;unAuthorizedProps&quot;: {
        &quot;visible&quot;: false,
        &quot;disabled&quot;: false
      },
      &quot;actionName&quot;: &quot;Create&quot;
    },
    {
      &quot;routePath&quot;: null,
      &quot;iconName&quot;: null,
      &quot;controllerName&quot;: &quot;Language&quot;,
      &quot;name&quot;: &quot;Language Edit&quot;,
      &quot;displayOrder&quot;: 0,
      &quot;description&quot;: null,
      &quot;id&quot;: &quot;765464f2-8b9f-4234-ac07-063e06f3e9f2&quot;,
      &quot;isMenu&quot;: false,
      &quot;key&quot;: &quot;Language.Edit&quot;,
      &quot;parentId&quot;: &quot;7d117917-ff5a-448f-ae1c-71b123ffabc0&quot;,
      &quot;unAuthorizedProps&quot;: {
        &quot;visible&quot;: false,
        &quot;disabled&quot;: false
      },
      &quot;actionName&quot;: &quot;Edit&quot;
    },
    {
      &quot;routePath&quot;: null,
      &quot;iconName&quot;: null,
      &quot;controllerName&quot;: &quot;ServiceArea&quot;,
      &quot;name&quot;: &quot;ServiceArea UpdateStatus&quot;,
      &quot;displayOrder&quot;: 0,
      &quot;description&quot;: null,
      &quot;id&quot;: &quot;13514276-84ab-43d6-8542-5f166acb9b80&quot;,
      &quot;isMenu&quot;: false,
      &quot;key&quot;: &quot;ServiceArea.UpdateStatus&quot;,
      &quot;parentId&quot;: &quot;6510260c-2670-4f71-96ed-8f12986fb9cf&quot;,
      &quot;unAuthorizedProps&quot;: {
        &quot;visible&quot;: false,
        &quot;disabled&quot;: false
      },
      &quot;actionName&quot;: &quot;UpdateStatus&quot;
    },
    {
      &quot;routePath&quot;: null,
      &quot;iconName&quot;: null,
      &quot;controllerName&quot;: &quot;Language&quot;,
      &quot;name&quot;: &quot;Language Create&quot;,
      &quot;displayOrder&quot;: 0,
      &quot;description&quot;: null,
      &quot;id&quot;: &quot;70055253-2953-481a-ad68-308069f59188&quot;,
      &quot;isMenu&quot;: false,
      &quot;key&quot;: &quot;Language.Create&quot;,
      &quot;parentId&quot;: &quot;7d117917-ff5a-448f-ae1c-71b123ffabc0&quot;,
      &quot;unAuthorizedProps&quot;: {
        &quot;visible&quot;: false,
        &quot;disabled&quot;: false
      },
      &quot;actionName&quot;: &quot;Create&quot;
    },
    {
      &quot;routePath&quot;: null,
      &quot;iconName&quot;: null,
      &quot;controllerName&quot;: &quot;Banner&quot;,
      &quot;name&quot;: &quot;Banner List&quot;,
      &quot;displayOrder&quot;: 0,
      &quot;description&quot;: null,
      &quot;id&quot;: &quot;2af1fb3b-36bf-4379-b7a6-03f3e68742b2&quot;,
      &quot;isMenu&quot;: false,
      &quot;key&quot;: &quot;Banner.List&quot;,
      &quot;parentId&quot;: &quot;d01dd410-27ab-4ca2-ad2e-06ed18197543&quot;,
      &quot;unAuthorizedProps&quot;: {
        &quot;visible&quot;: false,
        &quot;disabled&quot;: false
      },
      &quot;actionName&quot;: &quot;List&quot;
    },
    {
      &quot;routePath&quot;: null,
      &quot;iconName&quot;: &quot;orders&quot;,
      &quot;controllerName&quot;: &quot;DriverApp&quot;,
      &quot;name&quot;: &quot;Orders&quot;,
      &quot;displayOrder&quot;: 0,
      &quot;description&quot;: &quot;&quot;,
      &quot;id&quot;: &quot;6fa1df30-c04b-4bef-a1d1-a67c2748e0b4&quot;,
      &quot;isMenu&quot;: true,
      &quot;key&quot;: &quot;DriverApp.Orders&quot;,
      &quot;parentId&quot;: &quot;673cefc5-8638-47b5-9440-8f3fa459f0b1&quot;,
      &quot;unAuthorizedProps&quot;: {
        &quot;visible&quot;: false,
        &quot;disabled&quot;: false
      },
      &quot;actionName&quot;: &quot;Orders&quot;
    },
    {
      &quot;routePath&quot;: null,
      &quot;iconName&quot;: &quot;blackListSVG&quot;,
      &quot;controllerName&quot;: &quot;BlackList&quot;,
      &quot;name&quot;: &quot;Black List Find&quot;,
      &quot;displayOrder&quot;: 0,
      &quot;description&quot;: null,
      &quot;id&quot;: &quot;e8a2ad2f-7dad-41a3-9696-6adefc308eb8&quot;,
      &quot;isMenu&quot;: false,
      &quot;key&quot;: &quot;BlackList.Find&quot;,
      &quot;parentId&quot;: &quot;d273c43d-77c8-4b88-8d35-9ec20a90bd11&quot;,
      &quot;unAuthorizedProps&quot;: {
        &quot;visible&quot;: false,
        &quot;disabled&quot;: false
      },
      &quot;actionName&quot;: &quot;Find&quot;
    },
    {
      &quot;routePath&quot;: null,
      &quot;iconName&quot;: &quot;ExportForFilter&quot;,
      &quot;controllerName&quot;: &quot;Product&quot;,
      &quot;name&quot;: &quot;Product ExportForFilter&quot;,
      &quot;displayOrder&quot;: 0,
      &quot;description&quot;: null,
      &quot;id&quot;: &quot;c6781e0f-f938-4907-8dc5-a17d241a8148&quot;,
      &quot;isMenu&quot;: false,
      &quot;key&quot;: &quot;Product.ExportForFilter&quot;,
      &quot;parentId&quot;: &quot;1858607f-58c2-4c69-8078-f2756c5ca81e&quot;,
      &quot;unAuthorizedProps&quot;: {
        &quot;visible&quot;: false,
        &quot;disabled&quot;: false
      },
      &quot;actionName&quot;: &quot;ExportForFilter&quot;
    },
    {
      &quot;routePath&quot;: null,
      &quot;iconName&quot;: &quot;auditSVG&quot;,
      &quot;controllerName&quot;: &quot;Audit&quot;,
      &quot;name&quot;: &quot;Audit ListForFilter&quot;,
      &quot;displayOrder&quot;: 100000,
      &quot;description&quot;: null,
      &quot;id&quot;: &quot;6db73bbc-1114-4e80-a30d-424386ffd8f5&quot;,
      &quot;isMenu&quot;: false,
      &quot;key&quot;: &quot;Audit.ListForFilter&quot;,
      &quot;parentId&quot;: &quot;76070de9-f4f5-4096-aa99-2d2bac586b44&quot;,
      &quot;unAuthorizedProps&quot;: {
        &quot;visible&quot;: false,
        &quot;disabled&quot;: false
      },
      &quot;actionName&quot;: &quot;ListForFilter&quot;
    },
    {
      &quot;routePath&quot;: null,
      &quot;iconName&quot;: null,
      &quot;controllerName&quot;: &quot;County&quot;,
      &quot;name&quot;: &quot;County Find&quot;,
      &quot;displayOrder&quot;: 0,
      &quot;description&quot;: null,
      &quot;id&quot;: &quot;d82e0244-f728-4651-b0dc-37ee070aacef&quot;,
      &quot;isMenu&quot;: false,
      &quot;key&quot;: &quot;County.Find&quot;,
      &quot;parentId&quot;: &quot;28a7ee86-bfd8-408f-97d3-82a96e1cbcc6&quot;,
      &quot;unAuthorizedProps&quot;: {
        &quot;visible&quot;: false,
        &quot;disabled&quot;: false
      },
      &quot;actionName&quot;: &quot;Find&quot;
    },
    {
      &quot;routePath&quot;: null,
      &quot;iconName&quot;: null,
      &quot;controllerName&quot;: &quot;Customer&quot;,
      &quot;name&quot;: &quot;Customer Delete&quot;,
      &quot;displayOrder&quot;: 0,
      &quot;description&quot;: null,
      &quot;id&quot;: &quot;f347f3bc-6802-4ec4-82ef-220e0032ab69&quot;,
      &quot;isMenu&quot;: false,
      &quot;key&quot;: &quot;Customer.Delete&quot;,
      &quot;parentId&quot;: &quot;07b60a01-5846-422c-b1c6-1c7a382dbd0e&quot;,
      &quot;unAuthorizedProps&quot;: {
        &quot;visible&quot;: false,
        &quot;disabled&quot;: false
      },
      &quot;actionName&quot;: &quot;Delete&quot;
    },
    {
      &quot;routePath&quot;: null,
      &quot;iconName&quot;: null,
      &quot;controllerName&quot;: &quot;Warehouse&quot;,
      &quot;name&quot;: &quot;Warehouse Edit&quot;,
      &quot;displayOrder&quot;: 0,
      &quot;description&quot;: null,
      &quot;id&quot;: &quot;8897a642-3ebb-4ed8-a71f-8dbe303509f6&quot;,
      &quot;isMenu&quot;: false,
      &quot;key&quot;: &quot;Warehouse.Edit&quot;,
      &quot;parentId&quot;: &quot;7a99d565-0e98-95af-19bd-814011ea2417&quot;,
      &quot;unAuthorizedProps&quot;: {
        &quot;visible&quot;: false,
        &quot;disabled&quot;: false
      },
      &quot;actionName&quot;: &quot;Edit&quot;
    },
    {
      &quot;routePath&quot;: null,
      &quot;iconName&quot;: null,
      &quot;controllerName&quot;: &quot;MessageTemplate&quot;,
      &quot;name&quot;: &quot;Message Template Create&quot;,
      &quot;displayOrder&quot;: 0,
      &quot;description&quot;: null,
      &quot;id&quot;: &quot;87fde03a-f96f-4317-a8e2-0b2790460da2&quot;,
      &quot;isMenu&quot;: false,
      &quot;key&quot;: &quot;MessageTemplate.Create&quot;,
      &quot;parentId&quot;: &quot;570b7634-2234-498f-939b-440805527121&quot;,
      &quot;unAuthorizedProps&quot;: {
        &quot;visible&quot;: false,
        &quot;disabled&quot;: false
      },
      &quot;actionName&quot;: &quot;Create&quot;
    },
    {
      &quot;routePath&quot;: null,
      &quot;iconName&quot;: null,
      &quot;controllerName&quot;: &quot;ServiceArea&quot;,
      &quot;name&quot;: &quot;ServiceArea Import&quot;,
      &quot;displayOrder&quot;: 0,
      &quot;description&quot;: null,
      &quot;id&quot;: &quot;6652b5a5-e837-4941-9c9c-e6cc2ae53745&quot;,
      &quot;isMenu&quot;: false,
      &quot;key&quot;: &quot;ServiceArea.Import&quot;,
      &quot;parentId&quot;: &quot;6510260c-2670-4f71-96ed-8f12986fb9cf&quot;,
      &quot;unAuthorizedProps&quot;: {
        &quot;visible&quot;: false,
        &quot;disabled&quot;: false
      },
      &quot;actionName&quot;: &quot;Import&quot;
    },
    {
      &quot;routePath&quot;: null,
      &quot;iconName&quot;: null,
      &quot;controllerName&quot;: &quot;LocaleResource&quot;,
      &quot;name&quot;: &quot;LocaleResource Create&quot;,
      &quot;displayOrder&quot;: 0,
      &quot;description&quot;: null,
      &quot;id&quot;: &quot;46f8f313-95b6-4848-9004-c69ec2dc12f4&quot;,
      &quot;isMenu&quot;: false,
      &quot;key&quot;: &quot;LocaleResource.Create&quot;,
      &quot;parentId&quot;: &quot;4c1a6c0d-765c-444a-b7c8-49e99f61d47b&quot;,
      &quot;unAuthorizedProps&quot;: {
        &quot;visible&quot;: false,
        &quot;disabled&quot;: false
      },
      &quot;actionName&quot;: &quot;Create&quot;
    },
    {
      &quot;routePath&quot;: null,
      &quot;iconName&quot;: null,
      &quot;controllerName&quot;: &quot;Customer&quot;,
      &quot;name&quot;: &quot;Customer Create&quot;,
      &quot;displayOrder&quot;: 0,
      &quot;description&quot;: null,
      &quot;id&quot;: &quot;d6fdfd07-b0f1-44ef-898b-22906287c3ef&quot;,
      &quot;isMenu&quot;: false,
      &quot;key&quot;: &quot;Customer.Create&quot;,
      &quot;parentId&quot;: &quot;07b60a01-5846-422c-b1c6-1c7a382dbd0e&quot;,
      &quot;unAuthorizedProps&quot;: {
        &quot;visible&quot;: false,
        &quot;disabled&quot;: false
      },
      &quot;actionName&quot;: &quot;Create&quot;
    },
    {
      &quot;routePath&quot;: null,
      &quot;iconName&quot;: null,
      &quot;controllerName&quot;: &quot;Banner&quot;,
      &quot;name&quot;: &quot;Banner Update Display Order&quot;,
      &quot;displayOrder&quot;: 0,
      &quot;description&quot;: null,
      &quot;id&quot;: &quot;a578fd4b-564e-4d88-87d1-aabbb183a21a&quot;,
      &quot;isMenu&quot;: false,
      &quot;key&quot;: &quot;Banner.UpdateBannerDisplayOrder&quot;,
      &quot;parentId&quot;: &quot;d01dd410-27ab-4ca2-ad2e-06ed18197543&quot;,
      &quot;unAuthorizedProps&quot;: {
        &quot;visible&quot;: false,
        &quot;disabled&quot;: false
      },
      &quot;actionName&quot;: &quot;UpdateBannerDisplayOrder&quot;
    },
    {
      &quot;routePath&quot;: null,
      &quot;iconName&quot;: null,
      &quot;controllerName&quot;: &quot;Address&quot;,
      &quot;name&quot;: &quot;Address Find&quot;,
      &quot;displayOrder&quot;: 0,
      &quot;description&quot;: null,
      &quot;id&quot;: &quot;69cd17c7-88f0-435d-9e1c-e3a178d79e21&quot;,
      &quot;isMenu&quot;: false,
      &quot;key&quot;: &quot;Address.Find&quot;,
      &quot;parentId&quot;: &quot;c3c514ef-1964-4c94-b13a-8bdd83a5b1cb&quot;,
      &quot;unAuthorizedProps&quot;: {
        &quot;visible&quot;: false,
        &quot;disabled&quot;: false
      },
      &quot;actionName&quot;: &quot;Find&quot;
    },
    {
      &quot;routePath&quot;: null,
      &quot;iconName&quot;: &quot;driverApp&quot;,
      &quot;controllerName&quot;: &quot;DriverApp&quot;,
      &quot;name&quot;: &quot;Driver Permissions&quot;,
      &quot;displayOrder&quot;: 0,
      &quot;description&quot;: null,
      &quot;id&quot;: &quot;673cefc5-8638-47b5-9440-8f3fa459f0b1&quot;,
      &quot;isMenu&quot;: false,
      &quot;key&quot;: &quot;DriverApp.Index&quot;,
      &quot;parentId&quot;: null,
      &quot;unAuthorizedProps&quot;: {
        &quot;visible&quot;: false,
        &quot;disabled&quot;: false
      },
      &quot;actionName&quot;: &quot;Index&quot;
    },
    {
      &quot;routePath&quot;: null,
      &quot;iconName&quot;: &quot;RemoteSearchForLocation&quot;,
      &quot;controllerName&quot;: &quot;Product&quot;,
      &quot;name&quot;: &quot;Product RemoteSearchForLocation&quot;,
      &quot;displayOrder&quot;: 0,
      &quot;description&quot;: null,
      &quot;id&quot;: &quot;9c90fc94-df36-4459-9a3b-c01d1f4f2211&quot;,
      &quot;isMenu&quot;: false,
      &quot;key&quot;: &quot;Product.RemoteSearchForLocation&quot;,
      &quot;parentId&quot;: &quot;1858607f-58c2-4c69-8078-f2756c5ca81e&quot;,
      &quot;unAuthorizedProps&quot;: {
        &quot;visible&quot;: false,
        &quot;disabled&quot;: false
      },
      &quot;actionName&quot;: &quot;RemoteSearchForLocation&quot;
    },
    {
      &quot;routePath&quot;: null,
      &quot;iconName&quot;: null,
      &quot;controllerName&quot;: &quot;Order&quot;,
      &quot;name&quot;: &quot;Order Cancel&quot;,
      &quot;displayOrder&quot;: 0,
      &quot;description&quot;: null,
      &quot;id&quot;: &quot;f92b5f11-f8e9-4754-85e0-f5d8666c620f&quot;,
      &quot;isMenu&quot;: false,
      &quot;key&quot;: &quot;Order.Cancel&quot;,
      &quot;parentId&quot;: &quot;872b9f8c-c48d-dfeb-de32-1be0c3c38dbb&quot;,
      &quot;unAuthorizedProps&quot;: {
        &quot;visible&quot;: false,
        &quot;disabled&quot;: false
      },
      &quot;actionName&quot;: &quot;Cancel&quot;
    },
    {
      &quot;routePath&quot;: null,
      &quot;iconName&quot;: null,
      &quot;controllerName&quot;: &quot;Category&quot;,
      &quot;name&quot;: &quot;Category UploadImage&quot;,
      &quot;displayOrder&quot;: 0,
      &quot;description&quot;: null,
      &quot;id&quot;: &quot;ae860d95-cc13-4b86-a535-202aa716c973&quot;,
      &quot;isMenu&quot;: false,
      &quot;key&quot;: &quot;Category.UploadImage&quot;,
      &quot;parentId&quot;: &quot;9bbddb67-d7f2-44d3-8d09-6bd04f8b6f79&quot;,
      &quot;unAuthorizedProps&quot;: {
        &quot;visible&quot;: false,
        &quot;disabled&quot;: false
      },
      &quot;actionName&quot;: &quot;UploadImage&quot;
    },
    {
      &quot;routePath&quot;: null,
      &quot;iconName&quot;: null,
      &quot;controllerName&quot;: &quot;Warehouse&quot;,
      &quot;name&quot;: &quot;Warehouse UpdateWarehouseQuantity&quot;,
      &quot;displayOrder&quot;: 0,
      &quot;description&quot;: null,
      &quot;id&quot;: &quot;95ea9fb5-2548-4bf4-bcad-937757b47ea9&quot;,
      &quot;isMenu&quot;: false,
      &quot;key&quot;: &quot;Warehouse.UpdateWarehouseQuantity&quot;,
      &quot;parentId&quot;: &quot;7a99d565-0e98-95af-19bd-814011ea2417&quot;,
      &quot;unAuthorizedProps&quot;: {
        &quot;visible&quot;: false,
        &quot;disabled&quot;: false
      },
      &quot;actionName&quot;: &quot;UpdateWarehouseQuantity&quot;
    },
    {
      &quot;routePath&quot;: null,
      &quot;iconName&quot;: null,
      &quot;controllerName&quot;: &quot;Warehouse&quot;,
      &quot;name&quot;: &quot;Warehouse Find&quot;,
      &quot;displayOrder&quot;: 0,
      &quot;description&quot;: null,
      &quot;id&quot;: &quot;15cd689d-00ad-40d4-9b1d-7a231ecb323e&quot;,
      &quot;isMenu&quot;: false,
      &quot;key&quot;: &quot;Warehouse.Find&quot;,
      &quot;parentId&quot;: &quot;7a99d565-0e98-95af-19bd-814011ea2417&quot;,
      &quot;unAuthorizedProps&quot;: {
        &quot;visible&quot;: false,
        &quot;disabled&quot;: false
      },
      &quot;actionName&quot;: &quot;Find&quot;
    },
    {
      &quot;routePath&quot;: &quot;inventory&quot;,
      &quot;iconName&quot;: &quot;inventorySVG&quot;,
      &quot;controllerName&quot;: &quot;Inventory&quot;,
      &quot;name&quot;: &quot;Inventory&quot;,
      &quot;displayOrder&quot;: 400,
      &quot;description&quot;: null,
      &quot;id&quot;: &quot;40fdcf04-65b5-4fc0-8e17-ddd1f84b1b0a&quot;,
      &quot;isMenu&quot;: true,
      &quot;key&quot;: &quot;Inventory.Index&quot;,
      &quot;parentId&quot;: null,
      &quot;unAuthorizedProps&quot;: {
        &quot;visible&quot;: false,
        &quot;disabled&quot;: false
      },
      &quot;actionName&quot;: &quot;Index&quot;
    },
    {
      &quot;routePath&quot;: null,
      &quot;iconName&quot;: null,
      &quot;controllerName&quot;: &quot;Customer&quot;,
      &quot;name&quot;: &quot;Customer ListForCouponCode&quot;,
      &quot;displayOrder&quot;: 0,
      &quot;description&quot;: null,
      &quot;id&quot;: &quot;9ace28d6-ab7f-4459-a605-232a0b6d2a77&quot;,
      &quot;isMenu&quot;: false,
      &quot;key&quot;: &quot;Customer.ListForCouponCode&quot;,
      &quot;parentId&quot;: &quot;07b60a01-5846-422c-b1c6-1c7a382dbd0e&quot;,
      &quot;unAuthorizedProps&quot;: {
        &quot;visible&quot;: false,
        &quot;disabled&quot;: false
      },
      &quot;actionName&quot;: &quot;ListForCouponCode&quot;
    },
    {
      &quot;routePath&quot;: null,
      &quot;iconName&quot;: null,
      &quot;controllerName&quot;: &quot;Campaign&quot;,
      &quot;name&quot;: &quot;Campaign Delete&quot;,
      &quot;displayOrder&quot;: 0,
      &quot;description&quot;: null,
      &quot;id&quot;: &quot;fd0189db-b2a0-4e72-ae4f-bfc608a105cc&quot;,
      &quot;isMenu&quot;: false,
      &quot;key&quot;: &quot;Campaign.Delete&quot;,
      &quot;parentId&quot;: &quot;fd2f794b-65fb-4da6-9bdb-835c466e4321&quot;,
      &quot;unAuthorizedProps&quot;: {
        &quot;visible&quot;: false,
        &quot;disabled&quot;: false
      },
      &quot;actionName&quot;: &quot;Delete&quot;
    },
    {
      &quot;routePath&quot;: null,
      &quot;iconName&quot;: &quot;Edit&quot;,
      &quot;controllerName&quot;: &quot;Product&quot;,
      &quot;name&quot;: &quot;Product Edit&quot;,
      &quot;displayOrder&quot;: 0,
      &quot;description&quot;: null,
      &quot;id&quot;: &quot;14e27911-45ec-4d84-8519-6c780671a1d4&quot;,
      &quot;isMenu&quot;: false,
      &quot;key&quot;: &quot;Product.Edit&quot;,
      &quot;parentId&quot;: &quot;1858607f-58c2-4c69-8078-f2756c5ca81e&quot;,
      &quot;unAuthorizedProps&quot;: {
        &quot;visible&quot;: false,
        &quot;disabled&quot;: false
      },
      &quot;actionName&quot;: &quot;Edit&quot;
    },
    {
      &quot;routePath&quot;: null,
      &quot;iconName&quot;: &quot;categorySVG&quot;,
      &quot;controllerName&quot;: &quot;Catalog&quot;,
      &quot;name&quot;: &quot;Catalog&quot;,
      &quot;displayOrder&quot;: 300,
      &quot;description&quot;: null,
      &quot;id&quot;: &quot;8b40e125-ffeb-4cf1-ba4b-0ac72aac09d9&quot;,
      &quot;isMenu&quot;: true,
      &quot;key&quot;: &quot;Catalog.Index&quot;,
      &quot;parentId&quot;: null,
      &quot;unAuthorizedProps&quot;: {
        &quot;visible&quot;: false,
        &quot;disabled&quot;: false
      },
      &quot;actionName&quot;: &quot;Index&quot;
    },
    {
      &quot;routePath&quot;: null,
      &quot;iconName&quot;: null,
      &quot;controllerName&quot;: &quot;Rider&quot;,
      &quot;name&quot;: &quot;List Warehouse&quot;,
      &quot;displayOrder&quot;: 0,
      &quot;description&quot;: null,
      &quot;id&quot;: &quot;b3974f99-cfc1-4eea-a71d-cb2d63fbe23b&quot;,
      &quot;isMenu&quot;: false,
      &quot;key&quot;: &quot;Rider.ListWarehouse&quot;,
      &quot;parentId&quot;: &quot;1b716d9c-2bf6-4a16-9bd1-2214d14b6cc7&quot;,
      &quot;unAuthorizedProps&quot;: {
        &quot;visible&quot;: false,
        &quot;disabled&quot;: false
      },
      &quot;actionName&quot;: &quot;ListWarehouse&quot;
    },
    {
      &quot;routePath&quot;: null,
      &quot;iconName&quot;: null,
      &quot;controllerName&quot;: &quot;ZipCode&quot;,
      &quot;name&quot;: &quot;ZipCode Find&quot;,
      &quot;displayOrder&quot;: 0,
      &quot;description&quot;: null,
      &quot;id&quot;: &quot;6ce0a1fe-663d-4167-9095-41ead097b95d&quot;,
      &quot;isMenu&quot;: false,
      &quot;key&quot;: &quot;ZipCode.Find&quot;,
      &quot;parentId&quot;: &quot;8aa34e38-533b-4ab7-bad7-0eaa7b5dec9c&quot;,
      &quot;unAuthorizedProps&quot;: {
        &quot;visible&quot;: false,
        &quot;disabled&quot;: false
      },
      &quot;actionName&quot;: &quot;Find&quot;
    },
    {
      &quot;routePath&quot;: null,
      &quot;iconName&quot;: null,
      &quot;controllerName&quot;: &quot;Country&quot;,
      &quot;name&quot;: &quot;Country Index&quot;,
      &quot;displayOrder&quot;: 0,
      &quot;description&quot;: null,
      &quot;id&quot;: &quot;9c15db73-badc-4894-ab1b-d8261bac91c2&quot;,
      &quot;isMenu&quot;: false,
      &quot;key&quot;: &quot;Country.Index&quot;,
      &quot;parentId&quot;: null,
      &quot;unAuthorizedProps&quot;: {
        &quot;visible&quot;: false,
        &quot;disabled&quot;: false
      },
      &quot;actionName&quot;: &quot;Index&quot;
    },
    {
      &quot;routePath&quot;: &quot;campaigns&quot;,
      &quot;iconName&quot;: &quot;campaignSVG&quot;,
      &quot;controllerName&quot;: &quot;Campaign&quot;,
      &quot;name&quot;: &quot;Campaigns&quot;,
      &quot;displayOrder&quot;: 200,
      &quot;description&quot;: null,
      &quot;id&quot;: &quot;fd2f794b-65fb-4da6-9bdb-835c466e4321&quot;,
      &quot;isMenu&quot;: true,
      &quot;key&quot;: &quot;Campaign.Index&quot;,
      &quot;parentId&quot;: null,
      &quot;unAuthorizedProps&quot;: {
        &quot;visible&quot;: false,
        &quot;disabled&quot;: false
      },
      &quot;actionName&quot;: &quot;Index&quot;
    },
    {
      &quot;routePath&quot;: &quot;&quot;,
      &quot;iconName&quot;: &quot;resourcesSVG&quot;,
      &quot;controllerName&quot;: &quot;Resource&quot;,
      &quot;name&quot;: &quot;Resources&quot;,
      &quot;displayOrder&quot;: 900,
      &quot;description&quot;: null,
      &quot;id&quot;: &quot;8f4ea0ae-2382-4769-8584-5f2f2b1520c8&quot;,
      &quot;isMenu&quot;: true,
      &quot;key&quot;: &quot;Resource.Index&quot;,
      &quot;parentId&quot;: null,
      &quot;unAuthorizedProps&quot;: {
        &quot;visible&quot;: false,
        &quot;disabled&quot;: false
      },
      &quot;actionName&quot;: &quot;Index&quot;
    },
    {
      &quot;routePath&quot;: null,
      &quot;iconName&quot;: null,
      &quot;controllerName&quot;: &quot;State&quot;,
      &quot;name&quot;: &quot;State Index&quot;,
      &quot;displayOrder&quot;: 0,
      &quot;description&quot;: null,
      &quot;id&quot;: &quot;4842baa6-3b5e-40d1-ba2c-aa896962f8a7&quot;,
      &quot;isMenu&quot;: false,
      &quot;key&quot;: &quot;State.Index&quot;,
      &quot;parentId&quot;: null,
      &quot;unAuthorizedProps&quot;: {
        &quot;visible&quot;: false,
        &quot;disabled&quot;: false
      },
      &quot;actionName&quot;: &quot;Index&quot;
    },
    {
      &quot;routePath&quot;: null,
      &quot;iconName&quot;: null,
      &quot;controllerName&quot;: &quot;Order&quot;,
      &quot;name&quot;: &quot;Order Create&quot;,
      &quot;displayOrder&quot;: 0,
      &quot;description&quot;: null,
      &quot;id&quot;: &quot;5c9d78b5-a896-4f09-81f5-3772241f9c78&quot;,
      &quot;isMenu&quot;: false,
      &quot;key&quot;: &quot;Order.Create&quot;,
      &quot;parentId&quot;: &quot;872b9f8c-c48d-dfeb-de32-1be0c3c38dbb&quot;,
      &quot;unAuthorizedProps&quot;: {
        &quot;visible&quot;: false,
        &quot;disabled&quot;: false
      },
      &quot;actionName&quot;: &quot;Create&quot;
    },
    {
      &quot;routePath&quot;: null,
      &quot;iconName&quot;: &quot;blackListSVG&quot;,
      &quot;controllerName&quot;: &quot;BlackList&quot;,
      &quot;name&quot;: &quot;Black List Delete&quot;,
      &quot;displayOrder&quot;: 0,
      &quot;description&quot;: null,
      &quot;id&quot;: &quot;ac6ae6a5-d189-4a17-b8a0-26fbbc3f6e27&quot;,
      &quot;isMenu&quot;: false,
      &quot;key&quot;: &quot;BlackList.Delete&quot;,
      &quot;parentId&quot;: &quot;d273c43d-77c8-4b88-8d35-9ec20a90bd11&quot;,
      &quot;unAuthorizedProps&quot;: {
        &quot;visible&quot;: false,
        &quot;disabled&quot;: false
      },
      &quot;actionName&quot;: &quot;Delete&quot;
    },
    {
      &quot;routePath&quot;: null,
      &quot;iconName&quot;: null,
      &quot;controllerName&quot;: &quot;Role&quot;,
      &quot;name&quot;: &quot;Role Find&quot;,
      &quot;displayOrder&quot;: 0,
      &quot;description&quot;: null,
      &quot;id&quot;: &quot;93ff5806-4453-44a3-bc9b-557783976d40&quot;,
      &quot;isMenu&quot;: false,
      &quot;key&quot;: &quot;Role.Find&quot;,
      &quot;parentId&quot;: &quot;e98d2f21-52f8-41cb-9b3f-fe979b5f0578&quot;,
      &quot;unAuthorizedProps&quot;: {
        &quot;visible&quot;: false,
        &quot;disabled&quot;: false
      },
      &quot;actionName&quot;: &quot;Find&quot;
    },
    {
      &quot;routePath&quot;: null,
      &quot;iconName&quot;: &quot;RemoteSearchForSubCategories&quot;,
      &quot;controllerName&quot;: &quot;Category&quot;,
      &quot;name&quot;: &quot;Category RemoteSearchForSubCategories&quot;,
      &quot;displayOrder&quot;: 0,
      &quot;description&quot;: null,
      &quot;id&quot;: &quot;6db1a08e-e179-4c17-9191-fa48c4e91f43&quot;,
      &quot;isMenu&quot;: false,
      &quot;key&quot;: &quot;Category.RemoteSearchForSubCategories&quot;,
      &quot;parentId&quot;: &quot;501d66f1-cdeb-4f10-85d2-6e00d60e36c9&quot;,
      &quot;unAuthorizedProps&quot;: {
        &quot;visible&quot;: false,
        &quot;disabled&quot;: false
      },
      &quot;actionName&quot;: &quot;RemoteSearchForSubCategories&quot;
    },
    {
      &quot;routePath&quot;: null,
      &quot;iconName&quot;: null,
      &quot;controllerName&quot;: &quot;Warehouse&quot;,
      &quot;name&quot;: &quot;Warehouse ImportWarehouseStock&quot;,
      &quot;displayOrder&quot;: 0,
      &quot;description&quot;: null,
      &quot;id&quot;: &quot;32b123d7-64e0-437b-85ee-e231221123c4&quot;,
      &quot;isMenu&quot;: false,
      &quot;key&quot;: &quot;Warehouse.ImportWarehouseStock&quot;,
      &quot;parentId&quot;: &quot;7a99d565-0e98-95af-19bd-814011ea2417&quot;,
      &quot;unAuthorizedProps&quot;: {
        &quot;visible&quot;: false,
        &quot;disabled&quot;: false
      },
      &quot;actionName&quot;: &quot;ImportWarehouseStock&quot;
    },
    {
      &quot;routePath&quot;: &quot;&quot;,
      &quot;iconName&quot;: &quot;&quot;,
      &quot;controllerName&quot;: &quot;Category&quot;,
      &quot;name&quot;: &quot;Category DeleteImage&quot;,
      &quot;displayOrder&quot;: 0,
      &quot;description&quot;: &quot;&quot;,
      &quot;id&quot;: &quot;abfccc7e-7b90-4102-a774-6064c670950a&quot;,
      &quot;isMenu&quot;: false,
      &quot;key&quot;: &quot;Category.DeleteImage&quot;,
      &quot;parentId&quot;: &quot;9bbddb67-d7f2-44d3-8d09-6bd04f8b6f79&quot;,
      &quot;unAuthorizedProps&quot;: {
        &quot;visible&quot;: false,
        &quot;disabled&quot;: false
      },
      &quot;actionName&quot;: &quot;DeleteImage&quot;
    },
    {
      &quot;routePath&quot;: null,
      &quot;iconName&quot;: null,
      &quot;controllerName&quot;: &quot;Role&quot;,
      &quot;name&quot;: &quot;Role Edit&quot;,
      &quot;displayOrder&quot;: 0,
      &quot;description&quot;: null,
      &quot;id&quot;: &quot;e659fa87-caf3-44e3-b5c2-1e0a78323f20&quot;,
      &quot;isMenu&quot;: false,
      &quot;key&quot;: &quot;Role.Edit&quot;,
      &quot;parentId&quot;: &quot;e98d2f21-52f8-41cb-9b3f-fe979b5f0578&quot;,
      &quot;unAuthorizedProps&quot;: {
        &quot;visible&quot;: false,
        &quot;disabled&quot;: false
      },
      &quot;actionName&quot;: &quot;Edit&quot;
    },
    {
      &quot;routePath&quot;: null,
      &quot;iconName&quot;: null,
      &quot;controllerName&quot;: &quot;Banner&quot;,
      &quot;name&quot;: &quot;Banner Delete&quot;,
      &quot;displayOrder&quot;: 0,
      &quot;description&quot;: null,
      &quot;id&quot;: &quot;21357ea8-c21e-4c43-846a-714dc3de69b2&quot;,
      &quot;isMenu&quot;: false,
      &quot;key&quot;: &quot;Banner.Delete&quot;,
      &quot;parentId&quot;: &quot;d01dd410-27ab-4ca2-ad2e-06ed18197543&quot;,
      &quot;unAuthorizedProps&quot;: {
        &quot;visible&quot;: false,
        &quot;disabled&quot;: false
      },
      &quot;actionName&quot;: &quot;Delete&quot;
    },
    {
      &quot;routePath&quot;: &quot;message-templates&quot;,
      &quot;iconName&quot;: &quot;messageSVG&quot;,
      &quot;controllerName&quot;: &quot;MessageTemplate&quot;,
      &quot;name&quot;: &quot;Message Templates&quot;,
      &quot;displayOrder&quot;: 0,
      &quot;description&quot;: null,
      &quot;id&quot;: &quot;570b7634-2234-498f-939b-440805527121&quot;,
      &quot;isMenu&quot;: true,
      &quot;key&quot;: &quot;MessageTemplate.Index&quot;,
      &quot;parentId&quot;: &quot;8f4ea0ae-2382-4769-8584-5f2f2b1520c8&quot;,
      &quot;unAuthorizedProps&quot;: {
        &quot;visible&quot;: false,
        &quot;disabled&quot;: false
      },
      &quot;actionName&quot;: &quot;Index&quot;
    },
    {
      &quot;routePath&quot;: null,
      &quot;iconName&quot;: null,
      &quot;controllerName&quot;: &quot;Banner&quot;,
      &quot;name&quot;: &quot;Banner Find&quot;,
      &quot;displayOrder&quot;: 0,
      &quot;description&quot;: null,
      &quot;id&quot;: &quot;d251bc51-e2ad-4581-a0f3-30fa44141403&quot;,
      &quot;isMenu&quot;: false,
      &quot;key&quot;: &quot;Banner.Find&quot;,
      &quot;parentId&quot;: &quot;d01dd410-27ab-4ca2-ad2e-06ed18197543&quot;,
      &quot;unAuthorizedProps&quot;: {
        &quot;visible&quot;: false,
        &quot;disabled&quot;: false
      },
      &quot;actionName&quot;: &quot;Find&quot;
    },
    {
      &quot;routePath&quot;: null,
      &quot;iconName&quot;: null,
      &quot;controllerName&quot;: &quot;Region&quot;,
      &quot;name&quot;: &quot;Region&quot;,
      &quot;displayOrder&quot;: 0,
      &quot;description&quot;: null,
      &quot;id&quot;: &quot;ea3629e8-4946-4c94-831b-445ff5e05927&quot;,
      &quot;isMenu&quot;: false,
      &quot;key&quot;: &quot;Region.Delete&quot;,
      &quot;parentId&quot;: &quot;636ed702-38d2-4f20-967d-54564a31315f&quot;,
      &quot;unAuthorizedProps&quot;: {
        &quot;visible&quot;: false,
        &quot;disabled&quot;: false
      },
      &quot;actionName&quot;: &quot;Delete&quot;
    },
    {
      &quot;routePath&quot;: &quot;riders&quot;,
      &quot;iconName&quot;: &quot;riderSVG&quot;,
      &quot;controllerName&quot;: &quot;Rider&quot;,
      &quot;name&quot;: &quot;Driver&quot;,
      &quot;displayOrder&quot;: 620,
      &quot;description&quot;: null,
      &quot;id&quot;: &quot;1b716d9c-2bf6-4a16-9bd1-2214d14b6cc7&quot;,
      &quot;isMenu&quot;: true,
      &quot;key&quot;: &quot;Rider.Index&quot;,
      &quot;parentId&quot;: &quot;8b04f24a-f777-5455-9d4b-5d32257d3d62&quot;,
      &quot;unAuthorizedProps&quot;: {
        &quot;visible&quot;: false,
        &quot;disabled&quot;: false
      },
      &quot;actionName&quot;: &quot;Index&quot;
    },
    {
      &quot;routePath&quot;: &quot;permissions&quot;,
      &quot;iconName&quot;: &quot;permissionSVG&quot;,
      &quot;controllerName&quot;: &quot;Permission&quot;,
      &quot;name&quot;: &quot;Permissions&quot;,
      &quot;displayOrder&quot;: 640,
      &quot;description&quot;: null,
      &quot;id&quot;: &quot;213aad81-551b-49f7-9d15-f11f5b9e7e88&quot;,
      &quot;isMenu&quot;: true,
      &quot;key&quot;: &quot;Permission.Index&quot;,
      &quot;parentId&quot;: &quot;8b04f24a-f777-5455-9d4b-5d32257d3d62&quot;,
      &quot;unAuthorizedProps&quot;: {
        &quot;visible&quot;: false,
        &quot;disabled&quot;: false
      },
      &quot;actionName&quot;: &quot;Index&quot;
    },
    {
      &quot;routePath&quot;: null,
      &quot;iconName&quot;: null,
      &quot;controllerName&quot;: &quot;County&quot;,
      &quot;name&quot;: &quot;County Edit&quot;,
      &quot;displayOrder&quot;: 0,
      &quot;description&quot;: null,
      &quot;id&quot;: &quot;ba784849-f3ea-4d98-8dc8-194743397b68&quot;,
      &quot;isMenu&quot;: false,
      &quot;key&quot;: &quot;County.Edit&quot;,
      &quot;parentId&quot;: &quot;28a7ee86-bfd8-408f-97d3-82a96e1cbcc6&quot;,
      &quot;unAuthorizedProps&quot;: {
        &quot;visible&quot;: false,
        &quot;disabled&quot;: false
      },
      &quot;actionName&quot;: &quot;Edit&quot;
    },
    {
      &quot;routePath&quot;: null,
      &quot;iconName&quot;: null,
      &quot;controllerName&quot;: &quot;ZipCode&quot;,
      &quot;name&quot;: &quot;ZipCode List&quot;,
      &quot;displayOrder&quot;: 0,
      &quot;description&quot;: null,
      &quot;id&quot;: &quot;48ed0371-cd67-4620-b3d7-8c71e947c93f&quot;,
      &quot;isMenu&quot;: false,
      &quot;key&quot;: &quot;ZipCode.List&quot;,
      &quot;parentId&quot;: &quot;8aa34e38-533b-4ab7-bad7-0eaa7b5dec9c&quot;,
      &quot;unAuthorizedProps&quot;: {
        &quot;visible&quot;: false,
        &quot;disabled&quot;: false
      },
      &quot;actionName&quot;: &quot;List&quot;
    },
    {
      &quot;routePath&quot;: null,
      &quot;iconName&quot;: null,
      &quot;controllerName&quot;: &quot;Role&quot;,
      &quot;name&quot;: &quot;Role Delete&quot;,
      &quot;displayOrder&quot;: 0,
      &quot;description&quot;: null,
      &quot;id&quot;: &quot;72327532-7e7b-443e-8f6c-1af60992346e&quot;,
      &quot;isMenu&quot;: false,
      &quot;key&quot;: &quot;Role.Delete&quot;,
      &quot;parentId&quot;: &quot;e98d2f21-52f8-41cb-9b3f-fe979b5f0578&quot;,
      &quot;unAuthorizedProps&quot;: {
        &quot;visible&quot;: false,
        &quot;disabled&quot;: false
      },
      &quot;actionName&quot;: &quot;Delete&quot;
    },
    {
      &quot;routePath&quot;: null,
      &quot;iconName&quot;: null,
      &quot;controllerName&quot;: &quot;County&quot;,
      &quot;name&quot;: &quot;County List&quot;,
      &quot;displayOrder&quot;: 0,
      &quot;description&quot;: null,
      &quot;id&quot;: &quot;b585755d-7f4f-43b0-8d1e-f2d807abcec4&quot;,
      &quot;isMenu&quot;: false,
      &quot;key&quot;: &quot;County.List&quot;,
      &quot;parentId&quot;: &quot;28a7ee86-bfd8-408f-97d3-82a96e1cbcc6&quot;,
      &quot;unAuthorizedProps&quot;: {
        &quot;visible&quot;: false,
        &quot;disabled&quot;: false
      },
      &quot;actionName&quot;: &quot;List&quot;
    },
    {
      &quot;routePath&quot;: null,
      &quot;iconName&quot;: null,
      &quot;controllerName&quot;: &quot;State&quot;,
      &quot;name&quot;: &quot;State List&quot;,
      &quot;displayOrder&quot;: 0,
      &quot;description&quot;: null,
      &quot;id&quot;: &quot;b3223f02-9caa-4de6-9340-052b6c64b670&quot;,
      &quot;isMenu&quot;: false,
      &quot;key&quot;: &quot;State.List&quot;,
      &quot;parentId&quot;: &quot;4842baa6-3b5e-40d1-ba2c-aa896962f8a7&quot;,
      &quot;unAuthorizedProps&quot;: {
        &quot;visible&quot;: false,
        &quot;disabled&quot;: false
      },
      &quot;actionName&quot;: &quot;List&quot;
    },
    {
      &quot;routePath&quot;: &quot;orders&quot;,
      &quot;iconName&quot;: &quot;ordersSVG&quot;,
      &quot;controllerName&quot;: &quot;Order&quot;,
      &quot;name&quot;: &quot;Status Count&quot;,
      &quot;displayOrder&quot;: 0,
      &quot;description&quot;: null,
      &quot;id&quot;: &quot;cebe4f6e-97cb-4744-be13-802d6ec99207&quot;,
      &quot;isMenu&quot;: false,
      &quot;key&quot;: &quot;Order.OrderStatusCount&quot;,
      &quot;parentId&quot;: &quot;872b9f8c-c48d-dfeb-de32-1be0c3c38dbb&quot;,
      &quot;unAuthorizedProps&quot;: {
        &quot;visible&quot;: false,
        &quot;disabled&quot;: false
      },
      &quot;actionName&quot;: &quot;OrderStatusCount&quot;
    },
    {
      &quot;routePath&quot;: null,
      &quot;iconName&quot;: null,
      &quot;controllerName&quot;: &quot;Region&quot;,
      &quot;name&quot;: &quot;Region Index&quot;,
      &quot;displayOrder&quot;: 0,
      &quot;description&quot;: null,
      &quot;id&quot;: &quot;636ed702-38d2-4f20-967d-54564a31315f&quot;,
      &quot;isMenu&quot;: false,
      &quot;key&quot;: &quot;Region.Index&quot;,
      &quot;parentId&quot;: null,
      &quot;unAuthorizedProps&quot;: {
        &quot;visible&quot;: false,
        &quot;disabled&quot;: false
      },
      &quot;actionName&quot;: &quot;Index&quot;
    },
    {
      &quot;routePath&quot;: null,
      &quot;iconName&quot;: null,
      &quot;controllerName&quot;: &quot;Region&quot;,
      &quot;name&quot;: &quot;Region List&quot;,
      &quot;displayOrder&quot;: 0,
      &quot;description&quot;: null,
      &quot;id&quot;: &quot;9c05f19c-13b9-498e-aacb-e3c0f3e1d478&quot;,
      &quot;isMenu&quot;: false,
      &quot;key&quot;: &quot;Region.List&quot;,
      &quot;parentId&quot;: &quot;636ed702-38d2-4f20-967d-54564a31315f&quot;,
      &quot;unAuthorizedProps&quot;: {
        &quot;visible&quot;: false,
        &quot;disabled&quot;: false
      },
      &quot;actionName&quot;: &quot;List&quot;
    },
    {
      &quot;routePath&quot;: &quot;banners&quot;,
      &quot;iconName&quot;: &quot;bannerSVG&quot;,
      &quot;controllerName&quot;: &quot;Banner&quot;,
      &quot;name&quot;: &quot;Banner&quot;,
      &quot;displayOrder&quot;: 920,
      &quot;description&quot;: null,
      &quot;id&quot;: &quot;d01dd410-27ab-4ca2-ad2e-06ed18197543&quot;,
      &quot;isMenu&quot;: true,
      &quot;key&quot;: &quot;Banner.Index&quot;,
      &quot;parentId&quot;: &quot;8f4ea0ae-2382-4769-8584-5f2f2b1520c8&quot;,
      &quot;unAuthorizedProps&quot;: {
        &quot;visible&quot;: false,
        &quot;disabled&quot;: false
      },
      &quot;actionName&quot;: &quot;Index&quot;
    },
    {
      &quot;routePath&quot;: null,
      &quot;iconName&quot;: null,
      &quot;controllerName&quot;: &quot;MessageTemplate&quot;,
      &quot;name&quot;: &quot;Message Template Find&quot;,
      &quot;displayOrder&quot;: 0,
      &quot;description&quot;: null,
      &quot;id&quot;: &quot;c4cda510-6ac9-41c7-ae6e-74e42b8672b2&quot;,
      &quot;isMenu&quot;: false,
      &quot;key&quot;: &quot;MessageTemplate.Find&quot;,
      &quot;parentId&quot;: &quot;570b7634-2234-498f-939b-440805527121&quot;,
      &quot;unAuthorizedProps&quot;: {
        &quot;visible&quot;: false,
        &quot;disabled&quot;: false
      },
      &quot;actionName&quot;: &quot;Find&quot;
    },
    {
      &quot;routePath&quot;: null,
      &quot;iconName&quot;: null,
      &quot;controllerName&quot;: &quot;Address&quot;,
      &quot;name&quot;: &quot;Address Delete&quot;,
      &quot;displayOrder&quot;: 0,
      &quot;description&quot;: null,
      &quot;id&quot;: &quot;fbfbd05c-64df-4fd5-b4b1-8ae1d6d0ab09&quot;,
      &quot;isMenu&quot;: false,
      &quot;key&quot;: &quot;Address.Delete&quot;,
      &quot;parentId&quot;: &quot;c3c514ef-1964-4c94-b13a-8bdd83a5b1cb&quot;,
      &quot;unAuthorizedProps&quot;: {
        &quot;visible&quot;: false,
        &quot;disabled&quot;: false
      },
      &quot;actionName&quot;: &quot;Delete&quot;
    },
    {
      &quot;routePath&quot;: null,
      &quot;iconName&quot;: null,
      &quot;controllerName&quot;: &quot;CouponCode&quot;,
      &quot;name&quot;: &quot;CouponCode&quot;,
      &quot;displayOrder&quot;: 0,
      &quot;description&quot;: null,
      &quot;id&quot;: &quot;b9a73bf9-fbb5-4c88-92c2-f307b6441d6a&quot;,
      &quot;isMenu&quot;: false,
      &quot;key&quot;: &quot;CouponCode.Find&quot;,
      &quot;parentId&quot;: &quot;5aaef586-e311-4265-a241-6eb9758d6541&quot;,
      &quot;unAuthorizedProps&quot;: {
        &quot;visible&quot;: false,
        &quot;disabled&quot;: false
      },
      &quot;actionName&quot;: &quot;Find&quot;
    },
    {
      &quot;routePath&quot;: null,
      &quot;iconName&quot;: null,
      &quot;controllerName&quot;: &quot;Admin&quot;,
      &quot;name&quot;: &quot;Admin Access&quot;,
      &quot;displayOrder&quot;: 0,
      &quot;description&quot;: null,
      &quot;id&quot;: &quot;3e00e509-1d51-489b-b91a-55fe8f3c6edb&quot;,
      &quot;isMenu&quot;: false,
      &quot;key&quot;: &quot;Admin.Access&quot;,
      &quot;parentId&quot;: null,
      &quot;unAuthorizedProps&quot;: {
        &quot;visible&quot;: false,
        &quot;disabled&quot;: false
      },
      &quot;actionName&quot;: &quot;Access&quot;
    },
    {
      &quot;routePath&quot;: null,
      &quot;iconName&quot;: null,
      &quot;controllerName&quot;: &quot;Campaign&quot;,
      &quot;name&quot;: &quot;Campaign Edit&quot;,
      &quot;displayOrder&quot;: 0,
      &quot;description&quot;: null,
      &quot;id&quot;: &quot;dc1d5cc3-524b-4eaa-9a9f-ee84215e1861&quot;,
      &quot;isMenu&quot;: false,
      &quot;key&quot;: &quot;Campaign.Edit&quot;,
      &quot;parentId&quot;: &quot;fd2f794b-65fb-4da6-9bdb-835c466e4321&quot;,
      &quot;unAuthorizedProps&quot;: {
        &quot;visible&quot;: false,
        &quot;disabled&quot;: false
      },
      &quot;actionName&quot;: &quot;Edit&quot;
    },
    {
      &quot;routePath&quot;: null,
      &quot;iconName&quot;: null,
      &quot;controllerName&quot;: &quot;Category&quot;,
      &quot;name&quot;: &quot;Category Delete&quot;,
      &quot;displayOrder&quot;: 0,
      &quot;description&quot;: null,
      &quot;id&quot;: &quot;b83891f7-ad63-4ffc-8ce2-54f1fe6c2655&quot;,
      &quot;isMenu&quot;: false,
      &quot;key&quot;: &quot;Category.Delete&quot;,
      &quot;parentId&quot;: &quot;9bbddb67-d7f2-44d3-8d09-6bd04f8b6f79&quot;,
      &quot;unAuthorizedProps&quot;: {
        &quot;visible&quot;: false,
        &quot;disabled&quot;: false
      },
      &quot;actionName&quot;: &quot;Delete&quot;
    },
    {
      &quot;routePath&quot;: &quot;order-history&quot;,
      &quot;iconName&quot;: &quot;orderHistorySVG&quot;,
      &quot;controllerName&quot;: &quot;Order&quot;,
      &quot;name&quot;: &quot;Order History&quot;,
      &quot;displayOrder&quot;: 110,
      &quot;description&quot;: null,
      &quot;id&quot;: &quot;14cbd334-6cd3-42b3-9b65-6bbeff98691f&quot;,
      &quot;isMenu&quot;: true,
      &quot;key&quot;: &quot;Order.History&quot;,
      &quot;parentId&quot;: &quot;872b9f8c-c48d-dfeb-de32-1be0c3c38dbb&quot;,
      &quot;unAuthorizedProps&quot;: {
        &quot;visible&quot;: false,
        &quot;disabled&quot;: false
      },
      &quot;actionName&quot;: &quot;History&quot;
    },
    {
      &quot;routePath&quot;: null,
      &quot;iconName&quot;: &quot;GetWarehousesByProductQuantities&quot;,
      &quot;controllerName&quot;: &quot;Warehouse&quot;,
      &quot;name&quot;: &quot;Warehouse GetWarehousesByProductQuantities&quot;,
      &quot;displayOrder&quot;: 0,
      &quot;description&quot;: null,
      &quot;id&quot;: &quot;03c0e9ba-00e5-4526-bed3-8b92b5ed5b00&quot;,
      &quot;isMenu&quot;: false,
      &quot;key&quot;: &quot;Warehouse.GetWarehousesByProductQuantities&quot;,
      &quot;parentId&quot;: &quot;7a99d565-0e98-95af-19bd-814011ea2417&quot;,
      &quot;unAuthorizedProps&quot;: {
        &quot;visible&quot;: false,
        &quot;disabled&quot;: false
      },
      &quot;actionName&quot;: &quot;GetWarehousesByProductQuantities&quot;
    },
    {
      &quot;routePath&quot;: null,
      &quot;iconName&quot;: null,
      &quot;controllerName&quot;: &quot;Customer&quot;,
      &quot;name&quot;: &quot;Customer Edit&quot;,
      &quot;displayOrder&quot;: 0,
      &quot;description&quot;: null,
      &quot;id&quot;: &quot;16ec7648-8864-46c1-81f8-45ca74b6d400&quot;,
      &quot;isMenu&quot;: false,
      &quot;key&quot;: &quot;Customer.Edit&quot;,
      &quot;parentId&quot;: &quot;07b60a01-5846-422c-b1c6-1c7a382dbd0e&quot;,
      &quot;unAuthorizedProps&quot;: {
        &quot;visible&quot;: false,
        &quot;disabled&quot;: false
      },
      &quot;actionName&quot;: &quot;Edit&quot;
    },
    {
      &quot;routePath&quot;: null,
      &quot;iconName&quot;: null,
      &quot;controllerName&quot;: &quot;Customer&quot;,
      &quot;name&quot;: &quot;Customer ExportForFilter&quot;,
      &quot;displayOrder&quot;: 0,
      &quot;description&quot;: null,
      &quot;id&quot;: &quot;d035c702-e74b-4f21-a90f-0e5eab19b6ed&quot;,
      &quot;isMenu&quot;: false,
      &quot;key&quot;: &quot;Customer.ExportForFilter&quot;,
      &quot;parentId&quot;: &quot;07b60a01-5846-422c-b1c6-1c7a382dbd0e&quot;,
      &quot;unAuthorizedProps&quot;: {
        &quot;visible&quot;: false,
        &quot;disabled&quot;: false
      },
      &quot;actionName&quot;: &quot;ExportForFilter&quot;
    },
    {
      &quot;routePath&quot;: null,
      &quot;iconName&quot;: &quot;UpdateIsShowOutOfStock&quot;,
      &quot;controllerName&quot;: &quot;Product&quot;,
      &quot;name&quot;: &quot;Product UpdateIsShowOutOfStock&quot;,
      &quot;displayOrder&quot;: 0,
      &quot;description&quot;: null,
      &quot;id&quot;: &quot;3b089d65-e726-4606-9e48-0fade407b41a&quot;,
      &quot;isMenu&quot;: false,
      &quot;key&quot;: &quot;Product.UpdateIsShowOutOfStock&quot;,
      &quot;parentId&quot;: &quot;1858607f-58c2-4c69-8078-f2756c5ca81e&quot;,
      &quot;unAuthorizedProps&quot;: {
        &quot;visible&quot;: false,
        &quot;disabled&quot;: false
      },
      &quot;actionName&quot;: &quot;UpdateIsShowOutOfStock&quot;
    },
    {
      &quot;routePath&quot;: null,
      &quot;iconName&quot;: null,
      &quot;controllerName&quot;: &quot;Category&quot;,
      &quot;name&quot;: &quot;Category List&quot;,
      &quot;displayOrder&quot;: 0,
      &quot;description&quot;: null,
      &quot;id&quot;: &quot;60efba66-4656-4db1-bbc9-9192afaadc42&quot;,
      &quot;isMenu&quot;: false,
      &quot;key&quot;: &quot;Category.List&quot;,
      &quot;parentId&quot;: &quot;9bbddb67-d7f2-44d3-8d09-6bd04f8b6f79&quot;,
      &quot;unAuthorizedProps&quot;: {
        &quot;visible&quot;: false,
        &quot;disabled&quot;: false
      },
      &quot;actionName&quot;: &quot;List&quot;
    },
    {
      &quot;routePath&quot;: null,
      &quot;iconName&quot;: &quot;SendOrderReceipt&quot;,
      &quot;controllerName&quot;: &quot;Order&quot;,
      &quot;name&quot;: &quot;Order SendOrderReceipt&quot;,
      &quot;displayOrder&quot;: 0,
      &quot;description&quot;: null,
      &quot;id&quot;: &quot;61f6a2b2-3170-45fd-b952-763ab434e8cb&quot;,
      &quot;isMenu&quot;: false,
      &quot;key&quot;: &quot;Order.SendOrderReceipt&quot;,
      &quot;parentId&quot;: &quot;6fa1df30-c04b-4bef-a1d1-a67c2748e0b4&quot;,
      &quot;unAuthorizedProps&quot;: {
        &quot;visible&quot;: false,
        &quot;disabled&quot;: false
      },
      &quot;actionName&quot;: &quot;SendOrderReceipt&quot;
    },
    {
      &quot;routePath&quot;: null,
      &quot;iconName&quot;: null,
      &quot;controllerName&quot;: &quot;ServiceArea&quot;,
      &quot;name&quot;: &quot;ServiceArea Index&quot;,
      &quot;displayOrder&quot;: 0,
      &quot;description&quot;: null,
      &quot;id&quot;: &quot;6510260c-2670-4f71-96ed-8f12986fb9cf&quot;,
      &quot;isMenu&quot;: false,
      &quot;key&quot;: &quot;ServiceArea.Index&quot;,
      &quot;parentId&quot;: null,
      &quot;unAuthorizedProps&quot;: {
        &quot;visible&quot;: false,
        &quot;disabled&quot;: false
      },
      &quot;actionName&quot;: &quot;Index&quot;
    },
    {
      &quot;routePath&quot;: null,
      &quot;iconName&quot;: null,
      &quot;controllerName&quot;: &quot;Order&quot;,
      &quot;name&quot;: &quot;Order ExportForFilter&quot;,
      &quot;displayOrder&quot;: 0,
      &quot;description&quot;: null,
      &quot;id&quot;: &quot;1f7586e6-8ed7-4d27-bbab-05b597a942f3&quot;,
      &quot;isMenu&quot;: false,
      &quot;key&quot;: &quot;Order.ExportForFilter&quot;,
      &quot;parentId&quot;: &quot;872b9f8c-c48d-dfeb-de32-1be0c3c38dbb&quot;,
      &quot;unAuthorizedProps&quot;: {
        &quot;visible&quot;: false,
        &quot;disabled&quot;: false
      },
      &quot;actionName&quot;: &quot;ExportForFilter&quot;
    },
    {
      &quot;routePath&quot;: null,
      &quot;iconName&quot;: &quot;delete&quot;,
      &quot;controllerName&quot;: &quot;ProductMedia&quot;,
      &quot;name&quot;: &quot;ProductMedia Delete&quot;,
      &quot;displayOrder&quot;: 0,
      &quot;description&quot;: null,
      &quot;id&quot;: &quot;f95ffe40-8464-4dd7-997a-1e5f0e4ccc4a&quot;,
      &quot;isMenu&quot;: false,
      &quot;key&quot;: &quot;ProductMedia.Delete&quot;,
      &quot;parentId&quot;: &quot;1858607f-58c2-4c69-8078-f2756c5ca81e&quot;,
      &quot;unAuthorizedProps&quot;: {
        &quot;visible&quot;: false,
        &quot;disabled&quot;: false
      },
      &quot;actionName&quot;: &quot;Delete&quot;
    },
    {
      &quot;routePath&quot;: null,
      &quot;iconName&quot;: &quot;auditSVG&quot;,
      &quot;controllerName&quot;: &quot;Audit&quot;,
      &quot;name&quot;: &quot;Audit Find&quot;,
      &quot;displayOrder&quot;: 100000,
      &quot;description&quot;: null,
      &quot;id&quot;: &quot;0817b3ef-fe5a-4be2-b10b-cd008314489e&quot;,
      &quot;isMenu&quot;: false,
      &quot;key&quot;: &quot;Audit.Find&quot;,
      &quot;parentId&quot;: &quot;76070de9-f4f5-4096-aa99-2d2bac586b44&quot;,
      &quot;unAuthorizedProps&quot;: {
        &quot;visible&quot;: false,
        &quot;disabled&quot;: false
      },
      &quot;actionName&quot;: &quot;Find&quot;
    },
    {
      &quot;routePath&quot;: null,
      &quot;iconName&quot;: null,
      &quot;controllerName&quot;: &quot;Region&quot;,
      &quot;name&quot;: &quot;Region Edit&quot;,
      &quot;displayOrder&quot;: 0,
      &quot;description&quot;: null,
      &quot;id&quot;: &quot;dab192e4-1dbc-4537-964c-b9bcf9c0e94c&quot;,
      &quot;isMenu&quot;: false,
      &quot;key&quot;: &quot;Region.Edit&quot;,
      &quot;parentId&quot;: &quot;636ed702-38d2-4f20-967d-54564a31315f&quot;,
      &quot;unAuthorizedProps&quot;: {
        &quot;visible&quot;: false,
        &quot;disabled&quot;: false
      },
      &quot;actionName&quot;: &quot;Edit&quot;
    },
    {
      &quot;routePath&quot;: null,
      &quot;iconName&quot;: null,
      &quot;controllerName&quot;: &quot;ZipCode&quot;,
      &quot;name&quot;: &quot;ZipCode Create&quot;,
      &quot;displayOrder&quot;: 0,
      &quot;description&quot;: null,
      &quot;id&quot;: &quot;a402206e-61d3-4fca-9008-34013f50378e&quot;,
      &quot;isMenu&quot;: false,
      &quot;key&quot;: &quot;ZipCode.Create&quot;,
      &quot;parentId&quot;: &quot;8aa34e38-533b-4ab7-bad7-0eaa7b5dec9c&quot;,
      &quot;unAuthorizedProps&quot;: {
        &quot;visible&quot;: false,
        &quot;disabled&quot;: false
      },
      &quot;actionName&quot;: &quot;Create&quot;
    },
    {
      &quot;routePath&quot;: null,
      &quot;iconName&quot;: null,
      &quot;controllerName&quot;: &quot;Role&quot;,
      &quot;name&quot;: &quot;Role AssignPermission&quot;,
      &quot;displayOrder&quot;: 0,
      &quot;description&quot;: null,
      &quot;id&quot;: &quot;059c1d80-0fbe-4e73-abc8-3e20a3ee2901&quot;,
      &quot;isMenu&quot;: false,
      &quot;key&quot;: &quot;Role.AssignPermission&quot;,
      &quot;parentId&quot;: &quot;e98d2f21-52f8-41cb-9b3f-fe979b5f0578&quot;,
      &quot;unAuthorizedProps&quot;: {
        &quot;visible&quot;: false,
        &quot;disabled&quot;: false
      },
      &quot;actionName&quot;: &quot;AssignPermission&quot;
    },
    {
      &quot;routePath&quot;: null,
      &quot;iconName&quot;: null,
      &quot;controllerName&quot;: &quot;Category&quot;,
      &quot;name&quot;: &quot;Category Find&quot;,
      &quot;displayOrder&quot;: 0,
      &quot;description&quot;: null,
      &quot;id&quot;: &quot;9d76a667-e500-4b4e-861b-25b97c953dd9&quot;,
      &quot;isMenu&quot;: false,
      &quot;key&quot;: &quot;Category.Find&quot;,
      &quot;parentId&quot;: &quot;9bbddb67-d7f2-44d3-8d09-6bd04f8b6f79&quot;,
      &quot;unAuthorizedProps&quot;: {
        &quot;visible&quot;: false,
        &quot;disabled&quot;: false
      },
      &quot;actionName&quot;: &quot;Find&quot;
    },
    {
      &quot;routePath&quot;: null,
      &quot;iconName&quot;: null,
      &quot;controllerName&quot;: &quot;Employee&quot;,
      &quot;name&quot;: &quot;Employee Find&quot;,
      &quot;displayOrder&quot;: 0,
      &quot;description&quot;: null,
      &quot;id&quot;: &quot;329395f5-2a4f-412c-bfa4-ba7e3d40d4b3&quot;,
      &quot;isMenu&quot;: false,
      &quot;key&quot;: &quot;Employee.Find&quot;,
      &quot;parentId&quot;: &quot;e4a8e904-698e-4596-92c3-b40206b19179&quot;,
      &quot;unAuthorizedProps&quot;: {
        &quot;visible&quot;: false,
        &quot;disabled&quot;: false
      },
      &quot;actionName&quot;: &quot;Find&quot;
    },
    {
      &quot;routePath&quot;: null,
      &quot;iconName&quot;: &quot;find&quot;,
      &quot;controllerName&quot;: &quot;Product&quot;,
      &quot;name&quot;: &quot;Product Find&quot;,
      &quot;displayOrder&quot;: 0,
      &quot;description&quot;: null,
      &quot;id&quot;: &quot;bd420774-1ffd-4fa0-b172-3f04acbb6dfa&quot;,
      &quot;isMenu&quot;: false,
      &quot;key&quot;: &quot;Product.Find&quot;,
      &quot;parentId&quot;: &quot;1858607f-58c2-4c69-8078-f2756c5ca81e&quot;,
      &quot;unAuthorizedProps&quot;: {
        &quot;visible&quot;: false,
        &quot;disabled&quot;: false
      },
      &quot;actionName&quot;: &quot;Find&quot;
    },
    {
      &quot;routePath&quot;: null,
      &quot;iconName&quot;: null,
      &quot;controllerName&quot;: &quot;Employee&quot;,
      &quot;name&quot;: &quot;Employee Edit&quot;,
      &quot;displayOrder&quot;: 0,
      &quot;description&quot;: null,
      &quot;id&quot;: &quot;d9cfda39-3a58-4e03-955d-d7f7fc173dd5&quot;,
      &quot;isMenu&quot;: false,
      &quot;key&quot;: &quot;Employee.Edit&quot;,
      &quot;parentId&quot;: &quot;e4a8e904-698e-4596-92c3-b40206b19179&quot;,
      &quot;unAuthorizedProps&quot;: {
        &quot;visible&quot;: false,
        &quot;disabled&quot;: false
      },
      &quot;actionName&quot;: &quot;Edit&quot;
    },
    {
      &quot;routePath&quot;: null,
      &quot;iconName&quot;: null,
      &quot;controllerName&quot;: &quot;Language&quot;,
      &quot;name&quot;: &quot;Language List&quot;,
      &quot;displayOrder&quot;: 0,
      &quot;description&quot;: null,
      &quot;id&quot;: &quot;2f273f27-d9dd-406e-a4d4-2faac07a3d2d&quot;,
      &quot;isMenu&quot;: false,
      &quot;key&quot;: &quot;Language.List&quot;,
      &quot;parentId&quot;: &quot;7d117917-ff5a-448f-ae1c-71b123ffabc0&quot;,
      &quot;unAuthorizedProps&quot;: {
        &quot;visible&quot;: false,
        &quot;disabled&quot;: false
      },
      &quot;actionName&quot;: &quot;List&quot;
    },
    {
      &quot;routePath&quot;: null,
      &quot;iconName&quot;: null,
      &quot;controllerName&quot;: &quot;ZipCode&quot;,
      &quot;name&quot;: &quot;ZipCode Index&quot;,
      &quot;displayOrder&quot;: 0,
      &quot;description&quot;: null,
      &quot;id&quot;: &quot;8aa34e38-533b-4ab7-bad7-0eaa7b5dec9c&quot;,
      &quot;isMenu&quot;: false,
      &quot;key&quot;: &quot;ZipCode.Index&quot;,
      &quot;parentId&quot;: null,
      &quot;unAuthorizedProps&quot;: {
        &quot;visible&quot;: false,
        &quot;disabled&quot;: false
      },
      &quot;actionName&quot;: &quot;Index&quot;
    },
    {
      &quot;routePath&quot;: null,
      &quot;iconName&quot;: null,
      &quot;controllerName&quot;: &quot;State&quot;,
      &quot;name&quot;: &quot;State Delete&quot;,
      &quot;displayOrder&quot;: 0,
      &quot;description&quot;: null,
      &quot;id&quot;: &quot;701496e5-1817-49e7-9c31-4270a4174942&quot;,
      &quot;isMenu&quot;: false,
      &quot;key&quot;: &quot;State.Delete&quot;,
      &quot;parentId&quot;: &quot;4842baa6-3b5e-40d1-ba2c-aa896962f8a7&quot;,
      &quot;unAuthorizedProps&quot;: {
        &quot;visible&quot;: false,
        &quot;disabled&quot;: false
      },
      &quot;actionName&quot;: &quot;Delete&quot;
    },
    {
      &quot;routePath&quot;: null,
      &quot;iconName&quot;: null,
      &quot;controllerName&quot;: &quot;County&quot;,
      &quot;name&quot;: &quot;County Index&quot;,
      &quot;displayOrder&quot;: 0,
      &quot;description&quot;: null,
      &quot;id&quot;: &quot;28a7ee86-bfd8-408f-97d3-82a96e1cbcc6&quot;,
      &quot;isMenu&quot;: false,
      &quot;key&quot;: &quot;County.Index&quot;,
      &quot;parentId&quot;: null,
      &quot;unAuthorizedProps&quot;: {
        &quot;visible&quot;: false,
        &quot;disabled&quot;: false
      },
      &quot;actionName&quot;: &quot;Index&quot;
    },
    {
      &quot;routePath&quot;: null,
      &quot;iconName&quot;: null,
      &quot;controllerName&quot;: &quot;Rider&quot;,
      &quot;name&quot;: &quot;Rider Delete&quot;,
      &quot;displayOrder&quot;: 0,
      &quot;description&quot;: null,
      &quot;id&quot;: &quot;b6c199d0-e33a-484b-b8c7-8c6a204541da&quot;,
      &quot;isMenu&quot;: false,
      &quot;key&quot;: &quot;Rider.Delete&quot;,
      &quot;parentId&quot;: &quot;1b716d9c-2bf6-4a16-9bd1-2214d14b6cc7&quot;,
      &quot;unAuthorizedProps&quot;: {
        &quot;visible&quot;: false,
        &quot;disabled&quot;: false
      },
      &quot;actionName&quot;: &quot;Delete&quot;
    },
    {
      &quot;routePath&quot;: null,
      &quot;iconName&quot;: null,
      &quot;controllerName&quot;: &quot;SubRegion&quot;,
      &quot;name&quot;: &quot;SubRegion Index&quot;,
      &quot;displayOrder&quot;: 0,
      &quot;description&quot;: null,
      &quot;id&quot;: &quot;5016a026-6957-41ab-8cda-9bd37afe0841&quot;,
      &quot;isMenu&quot;: false,
      &quot;key&quot;: &quot;SubRegion.Index&quot;,
      &quot;parentId&quot;: null,
      &quot;unAuthorizedProps&quot;: {
        &quot;visible&quot;: false,
        &quot;disabled&quot;: false
      },
      &quot;actionName&quot;: &quot;Index&quot;
    },
    {
      &quot;routePath&quot;: null,
      &quot;iconName&quot;: null,
      &quot;controllerName&quot;: &quot;Campaign&quot;,
      &quot;name&quot;: &quot;Campaign Create&quot;,
      &quot;displayOrder&quot;: 0,
      &quot;description&quot;: null,
      &quot;id&quot;: &quot;d165df32-e036-4e90-9f58-fa07296951f4&quot;,
      &quot;isMenu&quot;: false,
      &quot;key&quot;: &quot;Campaign.Create&quot;,
      &quot;parentId&quot;: &quot;fd2f794b-65fb-4da6-9bdb-835c466e4321&quot;,
      &quot;unAuthorizedProps&quot;: {
        &quot;visible&quot;: false,
        &quot;disabled&quot;: false
      },
      &quot;actionName&quot;: &quot;Create&quot;
    },
    {
      &quot;routePath&quot;: null,
      &quot;iconName&quot;: null,
      &quot;controllerName&quot;: &quot;Region&quot;,
      &quot;name&quot;: &quot;Region Create&quot;,
      &quot;displayOrder&quot;: 0,
      &quot;description&quot;: null,
      &quot;id&quot;: &quot;73aaaf9f-f0ae-4082-8b27-087cd854a8ae&quot;,
      &quot;isMenu&quot;: false,
      &quot;key&quot;: &quot;Region.Create&quot;,
      &quot;parentId&quot;: &quot;636ed702-38d2-4f20-967d-54564a31315f&quot;,
      &quot;unAuthorizedProps&quot;: {
        &quot;visible&quot;: false,
        &quot;disabled&quot;: false
      },
      &quot;actionName&quot;: &quot;Create&quot;
    },
    {
      &quot;routePath&quot;: &quot;audit-logs&quot;,
      &quot;iconName&quot;: &quot;auditSVG&quot;,
      &quot;controllerName&quot;: &quot;Audit&quot;,
      &quot;name&quot;: &quot;Audits&quot;,
      &quot;displayOrder&quot;: 999,
      &quot;description&quot;: null,
      &quot;id&quot;: &quot;76070de9-f4f5-4096-aa99-2d2bac586b44&quot;,
      &quot;isMenu&quot;: true,
      &quot;key&quot;: &quot;Audit.Index&quot;,
      &quot;parentId&quot;: null,
      &quot;unAuthorizedProps&quot;: {
        &quot;visible&quot;: false,
        &quot;disabled&quot;: false
      },
      &quot;actionName&quot;: &quot;Index&quot;
    },
    {
      &quot;routePath&quot;: null,
      &quot;iconName&quot;: null,
      &quot;controllerName&quot;: &quot;Order&quot;,
      &quot;name&quot;: &quot;Order PartialRefund&quot;,
      &quot;displayOrder&quot;: 0,
      &quot;description&quot;: null,
      &quot;id&quot;: &quot;5a118c25-8cae-40b6-9728-4542683e02e7&quot;,
      &quot;isMenu&quot;: false,
      &quot;key&quot;: &quot;Order.PartialRefund&quot;,
      &quot;parentId&quot;: &quot;872b9f8c-c48d-dfeb-de32-1be0c3c38dbb&quot;,
      &quot;unAuthorizedProps&quot;: {
        &quot;visible&quot;: false,
        &quot;disabled&quot;: false
      },
      &quot;actionName&quot;: &quot;PartialRefund&quot;
    },
    {
      &quot;routePath&quot;: null,
      &quot;iconName&quot;: null,
      &quot;controllerName&quot;: &quot;Permission&quot;,
      &quot;name&quot;: &quot;Permission List&quot;,
      &quot;displayOrder&quot;: 0,
      &quot;description&quot;: null,
      &quot;id&quot;: &quot;efde75e6-f926-47b4-8fc7-a190415c9625&quot;,
      &quot;isMenu&quot;: false,
      &quot;key&quot;: &quot;Permission.List&quot;,
      &quot;parentId&quot;: &quot;213aad81-551b-49f7-9d15-f11f5b9e7e88&quot;,
      &quot;unAuthorizedProps&quot;: {
        &quot;visible&quot;: false,
        &quot;disabled&quot;: false
      },
      &quot;actionName&quot;: &quot;List&quot;
    },
    {
      &quot;routePath&quot;: null,
      &quot;iconName&quot;: null,
      &quot;controllerName&quot;: &quot;Order&quot;,
      &quot;name&quot;: &quot;Order ListForFilterByActiveOrders&quot;,
      &quot;displayOrder&quot;: 0,
      &quot;description&quot;: null,
      &quot;id&quot;: &quot;5b6e6765-324b-4573-9918-6495fb653c36&quot;,
      &quot;isMenu&quot;: false,
      &quot;key&quot;: &quot;Order.ListForFilterByActiveOrders&quot;,
      &quot;parentId&quot;: &quot;872b9f8c-c48d-dfeb-de32-1be0c3c38dbb&quot;,
      &quot;unAuthorizedProps&quot;: {
        &quot;visible&quot;: false,
        &quot;disabled&quot;: false
      },
      &quot;actionName&quot;: &quot;ListForFilterByActiveOrders&quot;
    },
    {
      &quot;routePath&quot;: null,
      &quot;iconName&quot;: &quot;ChangeStatusToCompleted&quot;,
      &quot;controllerName&quot;: &quot;Order&quot;,
      &quot;name&quot;: &quot;Order ChangeStatusToCompleted&quot;,
      &quot;displayOrder&quot;: 0,
      &quot;description&quot;: null,
      &quot;id&quot;: &quot;c0d476ba-4306-46e1-b6b4-4c9e459a7724&quot;,
      &quot;isMenu&quot;: false,
      &quot;key&quot;: &quot;Order.ChangeStatusToCompleted&quot;,
      &quot;parentId&quot;: &quot;872b9f8c-c48d-dfeb-de32-1be0c3c38dbb&quot;,
      &quot;unAuthorizedProps&quot;: {
        &quot;visible&quot;: false,
        &quot;disabled&quot;: false
      },
      &quot;actionName&quot;: &quot;ChangeStatusToCompleted&quot;
    },
    {
      &quot;routePath&quot;: &quot;dashboards&quot;,
      &quot;iconName&quot;: &quot;dashboardSVG&quot;,
      &quot;controllerName&quot;: &quot;Dashboard&quot;,
      &quot;name&quot;: &quot;Analytics&quot;,
      &quot;displayOrder&quot;: 400,
      &quot;description&quot;: &quot;Analytics&quot;,
      &quot;id&quot;: &quot;05f03ef2-ee9e-466b-b024-cfa79802f9ae&quot;,
      &quot;isMenu&quot;: false,
      &quot;key&quot;: &quot;Dashboard.List&quot;,
      &quot;parentId&quot;: null,
      &quot;unAuthorizedProps&quot;: {
        &quot;visible&quot;: false,
        &quot;disabled&quot;: false
      },
      &quot;actionName&quot;: &quot;List&quot;
    },
    {
      &quot;routePath&quot;: null,
      &quot;iconName&quot;: null,
      &quot;controllerName&quot;: &quot;Warehouse&quot;,
      &quot;name&quot;: &quot;Warehouse EditWarehouseStatus&quot;,
      &quot;displayOrder&quot;: 0,
      &quot;description&quot;: null,
      &quot;id&quot;: &quot;ceb79cf6-b1a8-468b-8b15-e73bb6c3ffe9&quot;,
      &quot;isMenu&quot;: false,
      &quot;key&quot;: &quot;Warehouse.EditWarehouseStatus&quot;,
      &quot;parentId&quot;: &quot;7a99d565-0e98-95af-19bd-814011ea2417&quot;,
      &quot;unAuthorizedProps&quot;: {
        &quot;visible&quot;: false,
        &quot;disabled&quot;: false
      },
      &quot;actionName&quot;: &quot;EditWarehouseStatus&quot;
    },
    {
      &quot;routePath&quot;: null,
      &quot;iconName&quot;: null,
      &quot;controllerName&quot;: &quot;Order&quot;,
      &quot;name&quot;: &quot;Order Delete&quot;,
      &quot;displayOrder&quot;: 0,
      &quot;description&quot;: null,
      &quot;id&quot;: &quot;e7fae6f1-e5f5-48e4-ab32-c61d6457b738&quot;,
      &quot;isMenu&quot;: false,
      &quot;key&quot;: &quot;Order.Delete&quot;,
      &quot;parentId&quot;: &quot;872b9f8c-c48d-dfeb-de32-1be0c3c38dbb&quot;,
      &quot;unAuthorizedProps&quot;: {
        &quot;visible&quot;: false,
        &quot;disabled&quot;: false
      },
      &quot;actionName&quot;: &quot;Delete&quot;
    },
    {
      &quot;routePath&quot;: null,
      &quot;iconName&quot;: &quot;RemoteSearchForCouponCode&quot;,
      &quot;controllerName&quot;: &quot;CouponCode&quot;,
      &quot;name&quot;: &quot;CouponCode RemoteSearchForCouponCode&quot;,
      &quot;displayOrder&quot;: 0,
      &quot;description&quot;: null,
      &quot;id&quot;: &quot;14ed0b92-dcc7-4309-aef9-522eec12fc08&quot;,
      &quot;isMenu&quot;: false,
      &quot;key&quot;: &quot;CouponCode.RemoteSearchForCouponCode&quot;,
      &quot;parentId&quot;: null,
      &quot;unAuthorizedProps&quot;: {
        &quot;visible&quot;: false,
        &quot;disabled&quot;: false
      },
      &quot;actionName&quot;: &quot;RemoteSearchForCouponCode&quot;
    },
    {
      &quot;routePath&quot;: null,
      &quot;iconName&quot;: null,
      &quot;controllerName&quot;: &quot;LocaleResource&quot;,
      &quot;name&quot;: &quot;LocaleResource List&quot;,
      &quot;displayOrder&quot;: 0,
      &quot;description&quot;: null,
      &quot;id&quot;: &quot;1f97b83f-e4aa-4e06-b490-eca7a7c7c5ef&quot;,
      &quot;isMenu&quot;: false,
      &quot;key&quot;: &quot;LocaleResource.List&quot;,
      &quot;parentId&quot;: &quot;4c1a6c0d-765c-444a-b7c8-49e99f61d47b&quot;,
      &quot;unAuthorizedProps&quot;: {
        &quot;visible&quot;: false,
        &quot;disabled&quot;: false
      },
      &quot;actionName&quot;: &quot;List&quot;
    },
    {
      &quot;routePath&quot;: &quot;roles&quot;,
      &quot;iconName&quot;: &quot;RolesSVG&quot;,
      &quot;controllerName&quot;: &quot;Role&quot;,
      &quot;name&quot;: &quot;Roles&quot;,
      &quot;displayOrder&quot;: 650,
      &quot;description&quot;: null,
      &quot;id&quot;: &quot;e98d2f21-52f8-41cb-9b3f-fe979b5f0578&quot;,
      &quot;isMenu&quot;: true,
      &quot;key&quot;: &quot;Role.Index&quot;,
      &quot;parentId&quot;: &quot;8b04f24a-f777-5455-9d4b-5d32257d3d62&quot;,
      &quot;unAuthorizedProps&quot;: {
        &quot;visible&quot;: false,
        &quot;disabled&quot;: false
      },
      &quot;actionName&quot;: &quot;Index&quot;
    },
    {
      &quot;routePath&quot;: null,
      &quot;iconName&quot;: null,
      &quot;controllerName&quot;: &quot;SubRegion&quot;,
      &quot;name&quot;: &quot;SubRegion Delete&quot;,
      &quot;displayOrder&quot;: 0,
      &quot;description&quot;: null,
      &quot;id&quot;: &quot;df7da069-b35d-4179-a5dc-8f61beab4226&quot;,
      &quot;isMenu&quot;: false,
      &quot;key&quot;: &quot;SubRegion.Delete&quot;,
      &quot;parentId&quot;: &quot;5016a026-6957-41ab-8cda-9bd37afe0841&quot;,
      &quot;unAuthorizedProps&quot;: {
        &quot;visible&quot;: false,
        &quot;disabled&quot;: false
      },
      &quot;actionName&quot;: &quot;Delete&quot;
    },
    {
      &quot;routePath&quot;: null,
      &quot;iconName&quot;: &quot;UploadProductMedia&quot;,
      &quot;controllerName&quot;: &quot;ProductMedia&quot;,
      &quot;name&quot;: &quot;ProductMedia UploadProductMedia&quot;,
      &quot;displayOrder&quot;: 0,
      &quot;description&quot;: null,
      &quot;id&quot;: &quot;f214be5c-985b-4aaa-aa42-d49e789d5ca6&quot;,
      &quot;isMenu&quot;: false,
      &quot;key&quot;: &quot;ProductMedia.UploadProductMedia&quot;,
      &quot;parentId&quot;: &quot;1858607f-58c2-4c69-8078-f2756c5ca81e&quot;,
      &quot;unAuthorizedProps&quot;: {
        &quot;visible&quot;: false,
        &quot;disabled&quot;: false
      },
      &quot;actionName&quot;: &quot;UploadProductMedia&quot;
    },
    {
      &quot;routePath&quot;: null,
      &quot;iconName&quot;: null,
      &quot;controllerName&quot;: &quot;Order&quot;,
      &quot;name&quot;: &quot;order ListForFilter&quot;,
      &quot;displayOrder&quot;: 0,
      &quot;description&quot;: null,
      &quot;id&quot;: &quot;f12e049a-8719-46d1-9507-00d1671d7c6d&quot;,
      &quot;isMenu&quot;: false,
      &quot;key&quot;: &quot;Order.ListForFilter&quot;,
      &quot;parentId&quot;: &quot;872b9f8c-c48d-dfeb-de32-1be0c3c38dbb&quot;,
      &quot;unAuthorizedProps&quot;: {
        &quot;visible&quot;: false,
        &quot;disabled&quot;: false
      },
      &quot;actionName&quot;: &quot;ListForFilter&quot;
    },
    {
      &quot;routePath&quot;: null,
      &quot;iconName&quot;: null,
      &quot;controllerName&quot;: &quot;CouponCode&quot;,
      &quot;name&quot;: &quot;CouponCode&quot;,
      &quot;displayOrder&quot;: 0,
      &quot;description&quot;: null,
      &quot;id&quot;: &quot;d2f7e3bf-712f-4991-994f-0f3e5e6cda1b&quot;,
      &quot;isMenu&quot;: false,
      &quot;key&quot;: &quot;CouponCode.FindByCode&quot;,
      &quot;parentId&quot;: &quot;5aaef586-e311-4265-a241-6eb9758d6541&quot;,
      &quot;unAuthorizedProps&quot;: {
        &quot;visible&quot;: false,
        &quot;disabled&quot;: false
      },
      &quot;actionName&quot;: &quot;FindByCode&quot;
    }
  ],
  &quot;imageUrl&quot;: null,
  &quot;phoneCountryId&quot;: &quot;f83c326d-cbf4-47cf-b592-f3f638a5a958&quot;,
  &quot;email&quot;: &quot;busra@popcornvan.com&quot;
}
 
---------------------------------------------------------
feature: classpath:features/userApi/employee/employee_validate_token.feature
scenarios:  2 | passed:  2 | failed:  0 | time: 4.4729
---------------------------------------------------------

15:26:27.178 [pool-2-thread-1] INFO  com.intuit.karate.Suite - &lt;&lt;pass&gt;&gt; feature 33 of 33 (0 remaining) classpath:features/userApi/employee/employee_validate_token.feature
Karate version: 1.0.1
======================================================
elapsed:  67.09 | threads:    5 | thread time: 296.96 
features:    33 | skipped:    0 | efficiency: 0.89
scenarios:  129 | passed:   123 | failed: 6
======================================================
&gt;&gt;&gt; failed features:
match failed: CONTAINS
  $ | actual does not contain expected (STRING:STRING)
  &apos;Unexpected character encountered while parsing value: {. Path &apos;fullName&apos;, line 1, position 13.&apos;
  &apos;Email.NotValid&apos;

classpath:features/userApi/customer/customer_create.feature:101
match failed: CONTAINS
  $ | actual does not contain expected (STRING:STRING)
  &apos;Unexpected character encountered while parsing value: {. Path &apos;fullName&apos;, line 1, position 13.&apos;
  &apos;Phone.AlreadyUsed&apos;

classpath:features/userApi/customer/customer_create.feature:101
match failed: CONTAINS
  $ | actual does not contain expected (STRING:STRING)
  &apos;Unexpected character encountered while parsing value: {. Path &apos;fullName&apos;, line 1, position 13.&apos;
  &apos;Phone.AlreadyUsed&apos;

classpath:features/userApi/customer/customer_create.feature:101
match failed: CONTAINS
  $ | actual does not contain expected (STRING:STRING)
  &apos;Unexpected character encountered while parsing value: {. Path &apos;fullName&apos;, line 1, position 13.&apos;
  &apos;Email.NotValid&apos;

classpath:features/userApi/customer/customer_create.feature:101
match failed: CONTAINS
  $ | actual does not contain expected (STRING:STRING)
  &apos;Unexpected character encountered while parsing value: {. Path &apos;fullName&apos;, line 1, position 13.&apos;
  &apos;Error converting value&apos;

classpath:features/userApi/customer/customer_create.feature:101
match failed: CONTAINS
  $ | actual does not contain expected (STRING:STRING)
  &apos;Unexpected character encountered while parsing value: {. Path &apos;fullName&apos;, line 1, position 13.&apos;
  &apos;Error converting value&apos;

classpath:features/userApi/customer/customer_create.feature:101
&lt;&lt;&lt;

HTML report: (paste into browser to view) | Karate version: 1.0.1
file:///Users/busraozdemir/Documents/popcornApiAutomation/target/karate-reports/karate-summary.html
===================================================================

</system-out>
    <system-err>ERROR StatusLogger No log4j2 configuration file found. Using default configuration: logging only errors to the console.
</system-err>
  </testcase>
</testsuite>