<?xml version="1.0" encoding="UTF-8" ?>
<testsuite tests="1" failures="1" name="TestRunner" time="45.038" errors="0" skipped="0">
  <properties>
    <property name="java.runtime.name" value="Java(TM) SE Runtime Environment"/>
    <property name="java.vm.version" value="17.0.1+12-LTS-39"/>
    <property name="sun.boot.library.path" value="/Library/Java/JavaVirtualMachines/jdk-17.0.1.jdk/Contents/Home/lib"/>
    <property name="maven.multiModuleProjectDirectory" value="/Users/busraozdemir/Documents/popcornApiAutomation"/>
    <property name="java.vm.vendor" value="Oracle Corporation"/>
    <property name="java.vendor.url" value="https://java.oracle.com/"/>
    <property name="guice.disable.misplaced.annotation.check" value="true"/>
    <property name="path.separator" value=":"/>
    <property name="java.vm.name" value="Java HotSpot(TM) 64-Bit Server VM"/>
    <property name="user.country" value="TR"/>
    <property name="sun.java.launcher" value="SUN_STANDARD"/>
    <property name="java.vm.specification.name" value="Java Virtual Machine Specification"/>
    <property name="user.dir" value="/Users/busraozdemir/Documents/popcornApiAutomation"/>
    <property name="java.vm.compressedOopsMode" value="Zero based"/>
    <property name="java.runtime.version" value="17.0.1+12-LTS-39"/>
    <property name="os.arch" value="x86_64"/>
    <property name="java.io.tmpdir" value="/var/folders/3m/wgqsnlts0j72yp4h0chjfbnw0000gn/T/"/>
    <property name="line.separator" value="
"/>
    <property name="java.vm.specification.vendor" value="Oracle Corporation"/>
    <property name="os.name" value="Mac OS X"/>
    <property name="classworlds.conf" value="/opt/homebrew/Cellar/maven/3.8.4/libexec/bin/m2.conf"/>
    <property name="sun.jnu.encoding" value="UTF-8"/>
    <property name="java.library.path" value="/Users/busraozdemir/Library/Java/Extensions:/Library/Java/Extensions:/Network/Library/Java/Extensions:/System/Library/Java/Extensions:/usr/lib/java:."/>
    <property name="maven.conf" value="/opt/homebrew/Cellar/maven/3.8.4/libexec/conf"/>
    <property name="jdk.debug" value="release"/>
    <property name="java.class.version" value="61.0"/>
    <property name="java.specification.name" value="Java Platform API Specification"/>
    <property name="sun.management.compiler" value="HotSpot 64-Bit Tiered Compilers"/>
    <property name="os.version" value="12.0.1"/>
    <property name="library.jansi.path" value="/opt/homebrew/Cellar/maven/3.8.4/libexec/lib/jansi-native"/>
    <property name="http.nonProxyHosts" value="local|*.local|169.254/16|*.169.254/16"/>
    <property name="user.home" value="/Users/busraozdemir"/>
    <property name="user.timezone" value="Europe/Istanbul"/>
    <property name="file.encoding" value="UTF-8"/>
    <property name="java.specification.version" value="17"/>
    <property name="user.name" value="busraozdemir"/>
    <property name="java.class.path" value="/opt/homebrew/Cellar/maven/3.8.4/libexec/boot/plexus-classworlds-2.6.0.jar"/>
    <property name="java.vm.specification.version" value="17"/>
    <property name="sun.arch.data.model" value="64"/>
    <property name="sun.java.command" value="org.codehaus.plexus.classworlds.launcher.Launcher clean test"/>
    <property name="java.home" value="/Library/Java/JavaVirtualMachines/jdk-17.0.1.jdk/Contents/Home"/>
    <property name="user.language" value="en"/>
    <property name="java.specification.vendor" value="Oracle Corporation"/>
    <property name="java.vm.info" value="mixed mode, sharing"/>
    <property name="java.version" value="17.0.1"/>
    <property name="native.encoding" value="UTF-8"/>
    <property name="java.vendor" value="Oracle Corporation"/>
    <property name="sun.stderr.encoding" value="UTF-8"/>
    <property name="maven.home" value="/opt/homebrew/Cellar/maven/3.8.4/libexec"/>
    <property name="file.separator" value="/"/>
    <property name="java.version.date" value="2021-10-19"/>
    <property name="java.vendor.url.bug" value="https://bugreport.java.com/bugreport/"/>
    <property name="sun.io.unicode.encoding" value="UnicodeBig"/>
    <property name="sun.cpu.endian" value="little"/>
    <property name="sun.stdout.encoding" value="UTF-8"/>
    <property name="socksNonProxyHosts" value="local|*.local|169.254/16|*.169.254/16"/>
    <property name="ftp.nonProxyHosts" value="local|*.local|169.254/16|*.169.254/16"/>
  </properties>
  <testcase classname="TestRunner" name="testParallel" time="45.038">
    <failure message="match failed: CONTAINS
  $ | actual does not contain expected (STRING:STRING)
  &apos;Please fill the required fields.&apos;
  &apos;be.user.required&apos;

classpath:features/basketApi/customer_address_create.feature:72
status code was: 400, expected: 203, response time in milliseconds: 758, url: https://testapi.popcornvan.cloud/user/Customer/LoginWithPhone, response: 
{&quot;validations&quot;:{&quot;phoneNumber&quot;:[&quot;This user does not exist. Please Sign up.&quot;]},&quot;typeCode&quot;:400,&quot;type&quot;:&quot;validation&quot;,&quot;action&quot;:&quot;default&quot;,&quot;visible&quot;:true,&quot;title&quot;:null,&quot;messages&quot;:[&quot;This user does not exist. Please Sign up.&quot;],&quot;message&quot;:&quot;This user does not exist. Please Sign up.&quot;}
classpath:features/userApi/customer/customer_login_with_phone.feature:26" type="java.lang.AssertionError">java.lang.AssertionError: match failed: CONTAINS
  $ | actual does not contain expected (STRING:STRING)
  &apos;Please fill the required fields.&apos;
  &apos;be.user.required&apos;

classpath:features/basketApi/customer_address_create.feature:72
status code was: 400, expected: 203, response time in milliseconds: 758, url: https://testapi.popcornvan.cloud/user/Customer/LoginWithPhone, response: 
{&quot;validations&quot;:{&quot;phoneNumber&quot;:[&quot;This user does not exist. Please Sign up.&quot;]},&quot;typeCode&quot;:400,&quot;type&quot;:&quot;validation&quot;,&quot;action&quot;:&quot;default&quot;,&quot;visible&quot;:true,&quot;title&quot;:null,&quot;messages&quot;:[&quot;This user does not exist. Please Sign up.&quot;],&quot;message&quot;:&quot;This user does not exist. Please Sign up.&quot;}
classpath:features/userApi/customer/customer_login_with_phone.feature:26
	at org.junit.Assert.fail(Assert.java:88)
	at org.junit.Assert.assertTrue(Assert.java:41)
	at TestRunner.testParallel(TestRunner.java:24)
	at java.base/jdk.internal.reflect.NativeMethodAccessorImpl.invoke0(Native Method)
	at java.base/jdk.internal.reflect.NativeMethodAccessorImpl.invoke(NativeMethodAccessorImpl.java:77)
	at java.base/jdk.internal.reflect.DelegatingMethodAccessorImpl.invoke(DelegatingMethodAccessorImpl.java:43)
	at java.base/java.lang.reflect.Method.invoke(Method.java:568)
	at org.junit.runners.model.FrameworkMethod$1.runReflectiveCall(FrameworkMethod.java:50)
	at org.junit.internal.runners.model.ReflectiveCallable.run(ReflectiveCallable.java:12)
	at org.junit.runners.model.FrameworkMethod.invokeExplosively(FrameworkMethod.java:47)
	at org.junit.internal.runners.statements.InvokeMethod.evaluate(InvokeMethod.java:17)
	at org.junit.runners.ParentRunner.runLeaf(ParentRunner.java:325)
	at org.junit.runners.BlockJUnit4ClassRunner.runChild(BlockJUnit4ClassRunner.java:78)
	at org.junit.runners.BlockJUnit4ClassRunner.runChild(BlockJUnit4ClassRunner.java:57)
	at org.junit.runners.ParentRunner$3.run(ParentRunner.java:290)
	at org.junit.runners.ParentRunner$1.schedule(ParentRunner.java:71)
	at org.junit.runners.ParentRunner.runChildren(ParentRunner.java:288)
	at org.junit.runners.ParentRunner.access$000(ParentRunner.java:58)
	at org.junit.runners.ParentRunner$2.evaluate(ParentRunner.java:268)
	at org.junit.runners.ParentRunner.run(ParentRunner.java:363)
	at org.apache.maven.surefire.junit4.JUnit4Provider.execute(JUnit4Provider.java:252)
	at org.apache.maven.surefire.junit4.JUnit4Provider.executeTestSet(JUnit4Provider.java:141)
	at org.apache.maven.surefire.junit4.JUnit4Provider.invoke(JUnit4Provider.java:112)
	at java.base/jdk.internal.reflect.NativeMethodAccessorImpl.invoke0(Native Method)
	at java.base/jdk.internal.reflect.NativeMethodAccessorImpl.invoke(NativeMethodAccessorImpl.java:77)
	at java.base/jdk.internal.reflect.DelegatingMethodAccessorImpl.invoke(DelegatingMethodAccessorImpl.java:43)
	at java.base/java.lang.reflect.Method.invoke(Method.java:568)
	at org.apache.maven.surefire.util.ReflectionUtils.invokeMethodWithArray(ReflectionUtils.java:189)
	at org.apache.maven.surefire.booter.ProviderFactory$ProviderProxy.invoke(ProviderFactory.java:165)
	at org.apache.maven.surefire.booter.ProviderFactory.invokeProvider(ProviderFactory.java:85)
	at org.apache.maven.surefire.booter.ForkedBooter.runSuitesInProcess(ForkedBooter.java:115)
	at org.apache.maven.surefire.booter.ForkedBooter.main(ForkedBooter.java:75)
</failure>
    <system-out>17:43:29.781 [main] INFO  com.intuit.karate.Runner - karate.env is: &apos;popcorn&apos;
17:43:32.455 [pool-1-thread-1] INFO  com.intuit.karate - Environment variable is : popcorn 
17:43:32.455 [pool-1-thread-3] INFO  com.intuit.karate - Environment variable is : popcorn 
17:43:32.455 [pool-1-thread-5] INFO  com.intuit.karate - Environment variable is : popcorn 
17:43:32.455 [pool-1-thread-2] INFO  com.intuit.karate - Environment variable is : popcorn 
17:43:32.455 [pool-1-thread-4] INFO  com.intuit.karate - Environment variable is : popcorn 
17:43:32.462 [pool-1-thread-5] INFO  com.intuit.karate - &gt;&gt; lock acquired, begin callSingle: classpath:features/userApi/customer/customer_login_authentication.feature
17:43:33.976 [pool-1-thread-5] INFO  com.intuit.karate - &lt;&lt; lock released, cached callSingle: classpath:features/userApi/customer/customer_login_authentication.feature
17:43:33.978 [pool-1-thread-3] WARN  com.intuit.karate - this thread waited 1516 milliseconds for callSingle lock: classpath:features/userApi/customer/customer_login_authentication.feature
17:43:33.979 [pool-1-thread-1] WARN  com.intuit.karate - this thread waited 1517 milliseconds for callSingle lock: classpath:features/userApi/customer/customer_login_authentication.feature
17:43:33.979 [pool-1-thread-2] WARN  com.intuit.karate - this thread waited 1517 milliseconds for callSingle lock: classpath:features/userApi/customer/customer_login_authentication.feature
17:43:33.979 [pool-1-thread-4] WARN  com.intuit.karate - this thread waited 1517 milliseconds for callSingle lock: classpath:features/userApi/customer/customer_login_authentication.feature
17:43:35.563 [pool-1-thread-4] INFO  com.intuit.karate - [print] {
  &quot;visible&quot;: true,
  &quot;action&quot;: &quot;default&quot;,
  &quot;messages&quot;: [
    &quot;Outside of service area!&quot;
  ],
  &quot;validations&quot;: {
    &quot;longitude&quot;: [
      &quot;Outside of service area!&quot;
    ]
  },
  &quot;type&quot;: &quot;validation&quot;,
  &quot;title&quot;: null,
  &quot;message&quot;: &quot;Outside of service area!&quot;,
  &quot;typeCode&quot;: 400
}
 
17:43:35.564 [pool-1-thread-1] INFO  com.intuit.karate - [print] {
  &quot;titleType&quot;: 10,
  &quot;streetAddress&quot;: &quot;280 Mornigside Dr, San Francisco&quot;,
  &quot;latitude&quot;: 37.7296159,
  &quot;additionalInfo&quot;: &quot;string&quot;,
  &quot;isSelectedShippingAddress&quot;: false,
  &quot;id&quot;: &quot;bc7ec2e5-a2e7-453b-8c16-33e7f87645f6&quot;,
  &quot;title&quot;: &quot;string&quot;,
  &quot;type&quot;: 1,
  &quot;longitude&quot;: -122.4936448
}
 
17:43:35.563 [pool-1-thread-2] INFO  com.intuit.karate - [print] {
  &quot;visible&quot;: true,
  &quot;action&quot;: &quot;default&quot;,
  &quot;messages&quot;: [
    &quot;Error converting value \&quot;123\&quot; to type &apos;System.Guid&apos;. Path &apos;id&apos;, line 1, position 11.&quot;
  ],
  &quot;validations&quot;: {
    &quot;id&quot;: [
      &quot;Error converting value \&quot;123\&quot; to type &apos;System.Guid&apos;. Path &apos;id&apos;, line 1, position 11.&quot;
    ]
  },
  &quot;type&quot;: &quot;validation&quot;,
  &quot;title&quot;: null,
  &quot;message&quot;: &quot;Error converting value \&quot;123\&quot; to type &apos;System.Guid&apos;. Path &apos;id&apos;, line 1, position 11.&quot;,
  &quot;typeCode&quot;: 400
}
 
17:43:35.632 [pool-1-thread-2] INFO  com.intuit.karate - Environment variable is : popcorn 
17:43:35.632 [pool-1-thread-4] INFO  com.intuit.karate - Environment variable is : popcorn 
17:43:35.632 [pool-1-thread-1] INFO  com.intuit.karate - Environment variable is : popcorn 
17:43:36.419 [pool-1-thread-3] INFO  com.intuit.karate - [print] {
  &quot;visible&quot;: true,
  &quot;action&quot;: &quot;default&quot;,
  &quot;messages&quot;: [
    &quot;Outside of service area!&quot;
  ],
  &quot;validations&quot;: {
    &quot;longitude&quot;: [
      &quot;Outside of service area!&quot;
    ]
  },
  &quot;type&quot;: &quot;validation&quot;,
  &quot;title&quot;: null,
  &quot;message&quot;: &quot;Outside of service area!&quot;,
  &quot;typeCode&quot;: 400
}
 
17:43:36.419 [pool-1-thread-5] INFO  com.intuit.karate - [print] {
  &quot;visible&quot;: true,
  &quot;action&quot;: &quot;default&quot;,
  &quot;messages&quot;: [
    &quot;be.user.length&quot;
  ],
  &quot;validations&quot;: {
    &quot;streetAddress&quot;: [
      &quot;be.user.length&quot;
    ]
  },
  &quot;type&quot;: &quot;validation&quot;,
  &quot;title&quot;: null,
  &quot;message&quot;: &quot;be.user.length&quot;,
  &quot;typeCode&quot;: 400
}
 
17:43:36.445 [pool-1-thread-5] INFO  com.intuit.karate - Environment variable is : popcorn 
17:43:36.445 [pool-1-thread-3] INFO  com.intuit.karate - Environment variable is : popcorn 
17:43:36.780 [pool-1-thread-4] INFO  com.intuit.karate - [print] {
  &quot;visible&quot;: true,
  &quot;action&quot;: &quot;default&quot;,
  &quot;messages&quot;: [
    &quot;Could not convert string to double: a. Path &apos;latitude&apos;, line 1, position 202.&quot;
  ],
  &quot;validations&quot;: {
    &quot;latitude&quot;: [
      &quot;Could not convert string to double: a. Path &apos;latitude&apos;, line 1, position 202.&quot;
    ]
  },
  &quot;type&quot;: &quot;validation&quot;,
  &quot;title&quot;: null,
  &quot;message&quot;: &quot;Could not convert string to double: a. Path &apos;latitude&apos;, line 1, position 202.&quot;,
  &quot;typeCode&quot;: 400
}
 
17:43:36.786 [pool-1-thread-4] INFO  com.intuit.karate - Environment variable is : popcorn 
17:43:36.799 [pool-1-thread-2] INFO  com.intuit.karate - [print] {
  &quot;visible&quot;: true,
  &quot;action&quot;: &quot;default&quot;,
  &quot;messages&quot;: [
    &quot;Could not convert string to double: a. Path &apos;longitude&apos;, line 1, position 178.&quot;
  ],
  &quot;validations&quot;: {
    &quot;longitude&quot;: [
      &quot;Could not convert string to double: a. Path &apos;longitude&apos;, line 1, position 178.&quot;
    ]
  },
  &quot;type&quot;: &quot;validation&quot;,
  &quot;title&quot;: null,
  &quot;message&quot;: &quot;Could not convert string to double: a. Path &apos;longitude&apos;, line 1, position 178.&quot;,
  &quot;typeCode&quot;: 400
}
 
17:43:36.807 [pool-1-thread-2] INFO  com.intuit.karate - Environment variable is : popcorn 
17:43:36.842 [pool-1-thread-1] INFO  com.intuit.karate - [print] {
  &quot;visible&quot;: true,
  &quot;action&quot;: &quot;default&quot;,
  &quot;messages&quot;: [
    &quot;Error converting value \&quot;\&quot; to type &apos;System.Guid&apos;. Path &apos;id&apos;, line 1, position 8.&quot;
  ],
  &quot;validations&quot;: {
    &quot;id&quot;: [
      &quot;Error converting value \&quot;\&quot; to type &apos;System.Guid&apos;. Path &apos;id&apos;, line 1, position 8.&quot;
    ]
  },
  &quot;type&quot;: &quot;validation&quot;,
  &quot;title&quot;: null,
  &quot;message&quot;: &quot;Error converting value \&quot;\&quot; to type &apos;System.Guid&apos;. Path &apos;id&apos;, line 1, position 8.&quot;,
  &quot;typeCode&quot;: 400
}
 
17:43:36.857 [pool-1-thread-1] INFO  com.intuit.karate - Environment variable is : popcorn 
17:43:37.128 [pool-1-thread-5] INFO  com.intuit.karate - [print] {
  &quot;visible&quot;: true,
  &quot;action&quot;: &quot;default&quot;,
  &quot;messages&quot;: [
    &quot;Error converting value {null} to type &apos;System.Double&apos;. Path &apos;longitude&apos;, line 1, position 177.&quot;
  ],
  &quot;validations&quot;: {
    &quot;longitude&quot;: [
      &quot;Error converting value {null} to type &apos;System.Double&apos;. Path &apos;longitude&apos;, line 1, position 177.&quot;
    ]
  },
  &quot;type&quot;: &quot;validation&quot;,
  &quot;title&quot;: null,
  &quot;message&quot;: &quot;Error converting value {null} to type &apos;System.Double&apos;. Path &apos;longitude&apos;, line 1, position 177.&quot;,
  &quot;typeCode&quot;: 400
}
 
17:43:37.148 [pool-1-thread-5] INFO  com.intuit.karate - Environment variable is : popcorn 
17:43:37.264 [pool-1-thread-3] INFO  com.intuit.karate - [print] {
  &quot;visible&quot;: true,
  &quot;action&quot;: &quot;default&quot;,
  &quot;messages&quot;: [
    &quot;Please fill the required fields.&quot;,
    &quot;be.user.length&quot;
  ],
  &quot;validations&quot;: {
    &quot;streetAddress&quot;: [
      &quot;Please fill the required fields.&quot;,
      &quot;be.user.length&quot;
    ]
  },
  &quot;type&quot;: &quot;validation&quot;,
  &quot;title&quot;: null,
  &quot;message&quot;: &quot;Please fill the required fields.&quot;,
  &quot;typeCode&quot;: 400
}
 
17:43:37.268 [pool-1-thread-3] ERROR com.intuit.karate - classpath:features/basketApi/customer_address_create.feature:72
Then match response.message contains &apos;be.user.required&apos;
match failed: CONTAINS
  $ | actual does not contain expected (STRING:STRING)
  &apos;Please fill the required fields.&apos;
  &apos;be.user.required&apos;

classpath:features/basketApi/customer_address_create.feature:72
17:43:37.288 [pool-1-thread-3] INFO  com.intuit.karate - Environment variable is : popcorn 
17:43:37.536 [pool-1-thread-2] INFO  com.intuit.karate - [print] {
  &quot;visible&quot;: true,
  &quot;action&quot;: &quot;default&quot;,
  &quot;messages&quot;: [
    &quot;Error converting value \&quot;123\&quot; to type &apos;System.Guid&apos;. Path &apos;id&apos;, line 1, position 11.&quot;
  ],
  &quot;validations&quot;: {
    &quot;id&quot;: [
      &quot;Error converting value \&quot;123\&quot; to type &apos;System.Guid&apos;. Path &apos;id&apos;, line 1, position 11.&quot;
    ]
  },
  &quot;type&quot;: &quot;validation&quot;,
  &quot;title&quot;: null,
  &quot;message&quot;: &quot;Error converting value \&quot;123\&quot; to type &apos;System.Guid&apos;. Path &apos;id&apos;, line 1, position 11.&quot;,
  &quot;typeCode&quot;: 400
}
 
17:43:37.551 [pool-1-thread-4] INFO  com.intuit.karate - [print] {
  &quot;titleType&quot;: 10,
  &quot;streetAddress&quot;: &quot;280 Mornigside Dr, San Francisco&quot;,
  &quot;latitude&quot;: 37.7296159,
  &quot;additionalInfo&quot;: &quot;string&quot;,
  &quot;isSelectedShippingAddress&quot;: false,
  &quot;id&quot;: &quot;bc7ec2e5-a2e7-453b-8c16-33e7f87645f6&quot;,
  &quot;title&quot;: &quot;string&quot;,
  &quot;type&quot;: 1,
  &quot;longitude&quot;: -122.4936448
}
 
17:43:37.602 [pool-1-thread-2] INFO  com.intuit.karate - Environment variable is : popcorn 
17:43:37.712 [pool-1-thread-4] INFO  com.intuit.karate - Environment variable is : popcorn 
17:43:37.817 [pool-1-thread-1] INFO  com.intuit.karate - [print] {
  &quot;visible&quot;: true,
  &quot;action&quot;: &quot;default&quot;,
  &quot;messages&quot;: [
    &quot;Outside of service area!&quot;
  ],
  &quot;validations&quot;: {
    &quot;longitude&quot;: [
      &quot;Outside of service area!&quot;
    ]
  },
  &quot;type&quot;: &quot;validation&quot;,
  &quot;title&quot;: null,
  &quot;message&quot;: &quot;Outside of service area!&quot;,
  &quot;typeCode&quot;: 400
}
 
17:43:38.040 [pool-1-thread-1] INFO  com.intuit.karate - Environment variable is : popcorn 
17:43:38.147 [pool-1-thread-5] INFO  com.intuit.karate - [print] {
  &quot;visible&quot;: true,
  &quot;action&quot;: &quot;default&quot;,
  &quot;messages&quot;: [
    &quot;Outside of service area!&quot;
  ],
  &quot;validations&quot;: {
    &quot;longitude&quot;: [
      &quot;Outside of service area!&quot;
    ]
  },
  &quot;type&quot;: &quot;validation&quot;,
  &quot;title&quot;: null,
  &quot;message&quot;: &quot;Outside of service area!&quot;,
  &quot;typeCode&quot;: 400
}
 
17:43:38.168 [pool-1-thread-5] INFO  com.intuit.karate - Environment variable is : popcorn 
17:43:38.754 [pool-1-thread-4] INFO  com.intuit.karate - [print] {
  &quot;visible&quot;: true,
  &quot;action&quot;: &quot;default&quot;,
  &quot;messages&quot;: [
    &quot;Could not convert string to double: a. Path &apos;longitude&apos;, line 1, position 178.&quot;
  ],
  &quot;validations&quot;: {
    &quot;longitude&quot;: [
      &quot;Could not convert string to double: a. Path &apos;longitude&apos;, line 1, position 178.&quot;
    ]
  },
  &quot;type&quot;: &quot;validation&quot;,
  &quot;title&quot;: null,
  &quot;message&quot;: &quot;Could not convert string to double: a. Path &apos;longitude&apos;, line 1, position 178.&quot;,
  &quot;typeCode&quot;: 400
}
 
17:43:38.789 [pool-1-thread-4] INFO  com.intuit.karate - Environment variable is : popcorn 
17:43:38.976 [pool-1-thread-5] INFO  com.intuit.karate - [print] {
  &quot;visible&quot;: true,
  &quot;action&quot;: &quot;default&quot;,
  &quot;messages&quot;: [
    &quot;Error converting value {null} to type &apos;System.Double&apos;. Path &apos;longitude&apos;, line 1, position 177.&quot;
  ],
  &quot;validations&quot;: {
    &quot;longitude&quot;: [
      &quot;Error converting value {null} to type &apos;System.Double&apos;. Path &apos;longitude&apos;, line 1, position 177.&quot;
    ]
  },
  &quot;type&quot;: &quot;validation&quot;,
  &quot;title&quot;: null,
  &quot;message&quot;: &quot;Error converting value {null} to type &apos;System.Double&apos;. Path &apos;longitude&apos;, line 1, position 177.&quot;,
  &quot;typeCode&quot;: 400
}
 
17:43:38.983 [pool-1-thread-1] INFO  com.intuit.karate - [print] {
  &quot;visible&quot;: true,
  &quot;action&quot;: &quot;default&quot;,
  &quot;messages&quot;: [
    &quot;Error converting value \&quot;\&quot; to type &apos;System.Guid&apos;. Path &apos;id&apos;, line 1, position 8.&quot;
  ],
  &quot;validations&quot;: {
    &quot;id&quot;: [
      &quot;Error converting value \&quot;\&quot; to type &apos;System.Guid&apos;. Path &apos;id&apos;, line 1, position 8.&quot;
    ]
  },
  &quot;type&quot;: &quot;validation&quot;,
  &quot;title&quot;: null,
  &quot;message&quot;: &quot;Error converting value \&quot;\&quot; to type &apos;System.Guid&apos;. Path &apos;id&apos;, line 1, position 8.&quot;,
  &quot;typeCode&quot;: 400
}
 
17:43:39.020 [pool-1-thread-1] INFO  com.intuit.karate - Environment variable is : popcorn 
17:43:39.020 [pool-1-thread-5] INFO  com.intuit.karate - Environment variable is : popcorn 
17:43:39.081 [pool-1-thread-5] INFO  c.intuit.karate.core.FeatureRuntime - scenario called at line: 11 by tag: @getAddressId
17:43:39.081 [pool-1-thread-1] INFO  c.intuit.karate.core.FeatureRuntime - scenario called at line: 11 by tag: @getAddressId
17:43:39.197 [pool-1-thread-2] INFO  com.intuit.karate - [print] {
  &quot;visible&quot;: true,
  &quot;action&quot;: &quot;default&quot;,
  &quot;messages&quot;: [
    &quot;Could not convert string to double: a. Path &apos;latitude&apos;, line 1, position 202.&quot;
  ],
  &quot;validations&quot;: {
    &quot;latitude&quot;: [
      &quot;Could not convert string to double: a. Path &apos;latitude&apos;, line 1, position 202.&quot;
    ]
  },
  &quot;type&quot;: &quot;validation&quot;,
  &quot;title&quot;: null,
  &quot;message&quot;: &quot;Could not convert string to double: a. Path &apos;latitude&apos;, line 1, position 202.&quot;,
  &quot;typeCode&quot;: 400
}
 
17:43:39.197 [pool-1-thread-3] INFO  com.intuit.karate - [print] {
  &quot;visible&quot;: true,
  &quot;action&quot;: &quot;default&quot;,
  &quot;messages&quot;: [
    &quot;be.user.length&quot;
  ],
  &quot;validations&quot;: {
    &quot;streetAddress&quot;: [
      &quot;be.user.length&quot;
    ]
  },
  &quot;type&quot;: &quot;validation&quot;,
  &quot;title&quot;: null,
  &quot;message&quot;: &quot;be.user.length&quot;,
  &quot;typeCode&quot;: 400
}
 
17:43:39.246 [pool-1-thread-2] INFO  com.intuit.karate - Environment variable is : popcorn 
17:43:39.246 [pool-1-thread-3] INFO  com.intuit.karate - Environment variable is : popcorn 
17:43:39.290 [pool-1-thread-3] INFO  c.intuit.karate.core.FeatureRuntime - scenario called at line: 11 by tag: @getAddressInfo
17:43:39.290 [pool-1-thread-2] INFO  c.intuit.karate.core.FeatureRuntime - scenario called at line: 11 by tag: @getAddressId
17:43:39.312 [pool-1-thread-3] INFO  c.intuit.karate.core.FeatureRuntime - scenario called at line: 11 by tag: @getAddressId
---------------------------------------------------------
feature: classpath:features/basketApi/customer_address_create.feature
scenarios: 10 | passed:  9 | failed:  1 | time: 14.2158
---------------------------------------------------------

17:43:39.317 [pool-2-thread-1] INFO  com.intuit.karate.Suite - &lt;&lt;fail&gt;&gt; feature 1 of 31 (30 remaining) classpath:features/basketApi/customer_address_create.feature
17:43:39.645 [pool-1-thread-4] INFO  com.intuit.karate - [print] {
  &quot;visible&quot;: true,
  &quot;action&quot;: &quot;default&quot;,
  &quot;messages&quot;: [
    &quot;Please fill the required fields.&quot;,
    &quot;be.user.length&quot;
  ],
  &quot;validations&quot;: {
    &quot;streetAddress&quot;: [
      &quot;Please fill the required fields.&quot;,
      &quot;be.user.length&quot;
    ]
  },
  &quot;type&quot;: &quot;validation&quot;,
  &quot;title&quot;: null,
  &quot;message&quot;: &quot;Please fill the required fields.&quot;,
  &quot;typeCode&quot;: 400
}
 
17:43:39.661 [pool-1-thread-4] INFO  com.intuit.karate - Environment variable is : popcorn 
17:43:39.678 [pool-1-thread-4] INFO  c.intuit.karate.core.FeatureRuntime - scenario called at line: 11 by tag: @getAddressInfo
17:43:39.684 [pool-1-thread-4] INFO  c.intuit.karate.core.FeatureRuntime - scenario called at line: 11 by tag: @getAddressId
---------------------------------------------------------
feature: classpath:features/userApi/address/customer_address_create.feature
scenarios: 10 | passed: 10 | failed:  0 | time: 10.5304
---------------------------------------------------------

17:43:40.012 [pool-2-thread-1] INFO  com.intuit.karate.Suite - &lt;&lt;pass&gt;&gt; feature 2 of 31 (29 remaining) classpath:features/userApi/address/customer_address_create.feature
17:43:40.192 [pool-1-thread-1] INFO  com.intuit.karate - [print] {
  &quot;titleType&quot;: 10,
  &quot;streetAddress&quot;: &quot;280 Mornigside Dr, San Francisco&quot;,
  &quot;latitude&quot;: 37.7296159,
  &quot;additionalInfo&quot;: &quot;string&quot;,
  &quot;isSelectedShippingAddress&quot;: false,
  &quot;id&quot;: &quot;bc7ec2e5-a2e7-453b-8c16-33e7f87645f6&quot;,
  &quot;title&quot;: &quot;string&quot;,
  &quot;type&quot;: 1,
  &quot;longitude&quot;: -122.4936448
}
 
17:43:40.253 [pool-1-thread-5] INFO  com.intuit.karate - [print] {
  &quot;titleType&quot;: 10,
  &quot;streetAddress&quot;: &quot;280 Mornigside Dr, San Francisco&quot;,
  &quot;latitude&quot;: 37.7296159,
  &quot;additionalInfo&quot;: &quot;string&quot;,
  &quot;isSelectedShippingAddress&quot;: false,
  &quot;id&quot;: &quot;bc7ec2e5-a2e7-453b-8c16-33e7f87645f6&quot;,
  &quot;title&quot;: &quot;string&quot;,
  &quot;type&quot;: 1,
  &quot;longitude&quot;: -122.4936448
}
 
17:43:40.486 [pool-1-thread-3] INFO  com.intuit.karate - [print] {
  &quot;titleType&quot;: 10,
  &quot;streetAddress&quot;: &quot;280 Mornigside Dr, San Francisco&quot;,
  &quot;latitude&quot;: 37.7296159,
  &quot;additionalInfo&quot;: &quot;string&quot;,
  &quot;isSelectedShippingAddress&quot;: false,
  &quot;id&quot;: &quot;bc7ec2e5-a2e7-453b-8c16-33e7f87645f6&quot;,
  &quot;title&quot;: &quot;string&quot;,
  &quot;type&quot;: 1,
  &quot;longitude&quot;: -122.4936448
}
 
17:43:40.519 [pool-1-thread-4] INFO  com.intuit.karate - [print] {
  &quot;titleType&quot;: 10,
  &quot;streetAddress&quot;: &quot;280 Mornigside Dr, San Francisco&quot;,
  &quot;latitude&quot;: 37.7296159,
  &quot;additionalInfo&quot;: &quot;string&quot;,
  &quot;isSelectedShippingAddress&quot;: false,
  &quot;id&quot;: &quot;bc7ec2e5-a2e7-453b-8c16-33e7f87645f6&quot;,
  &quot;title&quot;: &quot;string&quot;,
  &quot;type&quot;: 1,
  &quot;longitude&quot;: -122.4936448
}
 
17:43:41.073 [pool-1-thread-5] INFO  com.intuit.karate - [print] Customer Address List Response --&gt;  {
  &quot;page&quot;: {
    &quot;pageNumber&quot;: 0,
    &quot;pageSize&quot;: 0,
    &quot;hasNext&quot;: false,
    &quot;totalCount&quot;: 2
  },
  &quot;items&quot;: [
    {
      &quot;titleType&quot;: 10,
      &quot;streetAddress&quot;: &quot;688 Geary St, San Francisco&quot;,
      &quot;latitude&quot;: 37.78660022692915,
      &quot;additionalInfo&quot;: null,
      &quot;isSelectedShippingAddress&quot;: false,
      &quot;id&quot;: &quot;7c78f10a-71a6-4258-8a36-e09807053172&quot;,
      &quot;title&quot;: &quot;Home&quot;,
      &quot;type&quot;: 1,
      &quot;longitude&quot;: -122.41467263549566
    },
    {
      &quot;titleType&quot;: 10,
      &quot;streetAddress&quot;: &quot;335 Leavenworth St, San Francisco, CA 94102, United States&quot;,
      &quot;latitude&quot;: 37.7839295,
      &quot;additionalInfo&quot;: &quot;string&quot;,
      &quot;isSelectedShippingAddress&quot;: false,
      &quot;id&quot;: &quot;bc7ec2e5-a2e7-453b-8c16-33e7f87645f6&quot;,
      &quot;title&quot;: &quot;string&quot;,
      &quot;type&quot;: 1,
      &quot;longitude&quot;: -122.4174298
    }
  ]
}
 
17:43:41.091 [pool-1-thread-5] INFO  com.intuit.karate - Environment variable is : popcorn 
17:43:41.105 [pool-1-thread-5] INFO  c.intuit.karate.core.FeatureRuntime - scenario called at line: 11 by tag: @getAddressId
17:43:41.131 [pool-1-thread-1] INFO  com.intuit.karate - Environment variable is : popcorn 
17:43:41.211 [pool-1-thread-2] INFO  com.intuit.karate - [print] {
  &quot;titleType&quot;: 10,
  &quot;streetAddress&quot;: &quot;280 Mornigside Dr, San Francisco&quot;,
  &quot;latitude&quot;: 37.7296159,
  &quot;additionalInfo&quot;: &quot;string&quot;,
  &quot;isSelectedShippingAddress&quot;: false,
  &quot;id&quot;: &quot;bc7ec2e5-a2e7-453b-8c16-33e7f87645f6&quot;,
  &quot;title&quot;: &quot;string&quot;,
  &quot;type&quot;: 1,
  &quot;longitude&quot;: -122.4936448
}
 
17:43:41.346 [pool-1-thread-3] INFO  com.intuit.karate - [print] Customer Address List Response --&gt;  {
  &quot;page&quot;: {
    &quot;pageNumber&quot;: 0,
    &quot;pageSize&quot;: 0,
    &quot;hasNext&quot;: false,
    &quot;totalCount&quot;: 2
  },
  &quot;items&quot;: [
    {
      &quot;titleType&quot;: 10,
      &quot;streetAddress&quot;: &quot;688 Geary St, San Francisco&quot;,
      &quot;latitude&quot;: 37.78660022692915,
      &quot;additionalInfo&quot;: null,
      &quot;isSelectedShippingAddress&quot;: false,
      &quot;id&quot;: &quot;7c78f10a-71a6-4258-8a36-e09807053172&quot;,
      &quot;title&quot;: &quot;Home&quot;,
      &quot;type&quot;: 1,
      &quot;longitude&quot;: -122.41467263549566
    },
    {
      &quot;titleType&quot;: 10,
      &quot;streetAddress&quot;: &quot;335 Leavenworth St, San Francisco, CA 94102, United States&quot;,
      &quot;latitude&quot;: 37.7839295,
      &quot;additionalInfo&quot;: &quot;string&quot;,
      &quot;isSelectedShippingAddress&quot;: false,
      &quot;id&quot;: &quot;bc7ec2e5-a2e7-453b-8c16-33e7f87645f6&quot;,
      &quot;title&quot;: &quot;string&quot;,
      &quot;type&quot;: 1,
      &quot;longitude&quot;: -122.4174298
    }
  ]
}
 
17:43:41.350 [pool-1-thread-4] INFO  com.intuit.karate - [print] Customer Address List Response --&gt;  {
  &quot;page&quot;: {
    &quot;pageNumber&quot;: 0,
    &quot;pageSize&quot;: 0,
    &quot;hasNext&quot;: false,
    &quot;totalCount&quot;: 2
  },
  &quot;items&quot;: [
    {
      &quot;titleType&quot;: 10,
      &quot;streetAddress&quot;: &quot;688 Geary St, San Francisco&quot;,
      &quot;latitude&quot;: 37.78660022692915,
      &quot;additionalInfo&quot;: null,
      &quot;isSelectedShippingAddress&quot;: false,
      &quot;id&quot;: &quot;7c78f10a-71a6-4258-8a36-e09807053172&quot;,
      &quot;title&quot;: &quot;Home&quot;,
      &quot;type&quot;: 1,
      &quot;longitude&quot;: -122.41467263549566
    },
    {
      &quot;titleType&quot;: 10,
      &quot;streetAddress&quot;: &quot;335 Leavenworth St, San Francisco, CA 94102, United States&quot;,
      &quot;latitude&quot;: 37.7839295,
      &quot;additionalInfo&quot;: &quot;string&quot;,
      &quot;isSelectedShippingAddress&quot;: false,
      &quot;id&quot;: &quot;bc7ec2e5-a2e7-453b-8c16-33e7f87645f6&quot;,
      &quot;title&quot;: &quot;string&quot;,
      &quot;type&quot;: 1,
      &quot;longitude&quot;: -122.4174298
    }
  ]
}
 
17:43:41.814 [pool-1-thread-2] INFO  com.intuit.karate - [print] response --&gt;  {
  &quot;page&quot;: {
    &quot;pageNumber&quot;: 0,
    &quot;pageSize&quot;: 0,
    &quot;hasNext&quot;: false,
    &quot;totalCount&quot;: 2
  },
  &quot;items&quot;: [
    {
      &quot;titleType&quot;: 10,
      &quot;streetAddress&quot;: &quot;688 Geary St, San Francisco&quot;,
      &quot;latitude&quot;: 37.78660022692915,
      &quot;additionalInfo&quot;: null,
      &quot;isSelectedShippingAddress&quot;: false,
      &quot;id&quot;: &quot;7c78f10a-71a6-4258-8a36-e09807053172&quot;,
      &quot;title&quot;: &quot;Home&quot;,
      &quot;type&quot;: 1,
      &quot;longitude&quot;: -122.41467263549566
    },
    {
      &quot;titleType&quot;: 10,
      &quot;streetAddress&quot;: &quot;335 Leavenworth St, San Francisco, CA 94102, United States&quot;,
      &quot;latitude&quot;: 37.7839295,
      &quot;additionalInfo&quot;: &quot;string&quot;,
      &quot;isSelectedShippingAddress&quot;: false,
      &quot;id&quot;: &quot;bc7ec2e5-a2e7-453b-8c16-33e7f87645f6&quot;,
      &quot;title&quot;: &quot;string&quot;,
      &quot;type&quot;: 1,
      &quot;longitude&quot;: -122.4174298
    }
  ]
}
 
17:43:41.834 [pool-1-thread-2] INFO  com.intuit.karate - Environment variable is : popcorn 
17:43:41.844 [pool-1-thread-2] INFO  c.intuit.karate.core.FeatureRuntime - scenario called at line: 11 by tag: @getAddressId
17:43:42.032 [pool-1-thread-4] INFO  com.intuit.karate - [print] response --&gt;  {
  &quot;visible&quot;: true,
  &quot;action&quot;: &quot;default&quot;,
  &quot;messages&quot;: [
    &quot;User Authorization Error&quot;
  ],
  &quot;type&quot;: &quot;authorization&quot;,
  &quot;title&quot;: null,
  &quot;message&quot;: &quot;User Authorization Error&quot;,
  &quot;typeCode&quot;: 401
}
 
17:43:42.040 [pool-1-thread-4] INFO  com.intuit.karate - Environment variable is : popcorn 
17:43:42.046 [pool-1-thread-4] INFO  c.intuit.karate.core.FeatureRuntime - scenario called at line: 11 by tag: @markSelectedAddress
17:43:42.050 [pool-1-thread-4] INFO  c.intuit.karate.core.FeatureRuntime - scenario called at line: 11 by tag: @getAddressInfo
17:43:42.058 [pool-1-thread-4] INFO  c.intuit.karate.core.FeatureRuntime - scenario called at line: 11 by tag: @getAddressId
---------------------------------------------------------
feature: classpath:features/userApi/address/customer_address_list.feature
scenarios:  3 | passed:  3 | failed:  0 | time: 6.6949
---------------------------------------------------------

17:43:42.124 [pool-2-thread-1] INFO  com.intuit.karate.Suite - &lt;&lt;pass&gt;&gt; feature 3 of 31 (28 remaining) classpath:features/userApi/address/customer_address_list.feature
17:43:42.142 [pool-1-thread-1] INFO  com.intuit.karate - [print] cacheStatus --&gt; DYNAMIC 
17:43:42.145 [pool-1-thread-1] INFO  com.intuit.karate - Environment variable is : popcorn 
17:43:42.148 [pool-1-thread-1] INFO  c.intuit.karate.core.FeatureRuntime - scenario called at line: 11 by tag: @markSelectedAddress
17:43:42.153 [pool-1-thread-1] INFO  c.intuit.karate.core.FeatureRuntime - scenario called at line: 11 by tag: @getAddressInfo
17:43:42.156 [pool-1-thread-1] INFO  c.intuit.karate.core.FeatureRuntime - scenario called at line: 11 by tag: @getAddressId
17:43:42.206 [pool-1-thread-3] INFO  com.intuit.karate - Environment variable is : popcorn 
---------------------------------------------------------
feature: classpath:features/userApi/address/customer_address_mark_selected.feature
scenarios:  2 | passed:  2 | failed:  0 | time: 5.3045
---------------------------------------------------------

17:43:42.549 [pool-2-thread-1] INFO  com.intuit.karate.Suite - &lt;&lt;pass&gt;&gt; feature 4 of 31 (27 remaining) classpath:features/userApi/address/customer_address_mark_selected.feature
17:43:42.602 [pool-1-thread-2] INFO  com.intuit.karate - [print] {
  &quot;titleType&quot;: 10,
  &quot;streetAddress&quot;: &quot;280 Mornigside Dr, San Francisco&quot;,
  &quot;latitude&quot;: 37.7296159,
  &quot;additionalInfo&quot;: &quot;string&quot;,
  &quot;isSelectedShippingAddress&quot;: false,
  &quot;id&quot;: &quot;bc7ec2e5-a2e7-453b-8c16-33e7f87645f6&quot;,
  &quot;title&quot;: &quot;string&quot;,
  &quot;type&quot;: 1,
  &quot;longitude&quot;: -122.4936448
}
 
17:43:42.615 [pool-1-thread-5] INFO  com.intuit.karate - [print] {
  &quot;titleType&quot;: 10,
  &quot;streetAddress&quot;: &quot;280 Mornigside Dr, San Francisco&quot;,
  &quot;latitude&quot;: 37.7296159,
  &quot;additionalInfo&quot;: &quot;string&quot;,
  &quot;isSelectedShippingAddress&quot;: false,
  &quot;id&quot;: &quot;bc7ec2e5-a2e7-453b-8c16-33e7f87645f6&quot;,
  &quot;title&quot;: &quot;string&quot;,
  &quot;type&quot;: 1,
  &quot;longitude&quot;: -122.4936448
}
 
17:43:42.873 [pool-1-thread-3] INFO  com.intuit.karate - [print] response --&gt;  [
  {
    &quot;isDefault&quot;: true,
    &quot;color&quot;: null,
    &quot;name&quot;: &quot;be.user.enums.addresstype.unknown&quot;,
    &quot;displayOrder&quot;: 0,
    &quot;id&quot;: 0,
    &quot;enumName&quot;: &quot;Unknown&quot;,
    &quot;shortName&quot;: null
  },
  {
    &quot;isDefault&quot;: false,
    &quot;color&quot;: null,
    &quot;name&quot;: &quot;be.user.enums.addresstype.delivery&quot;,
    &quot;displayOrder&quot;: 0,
    &quot;id&quot;: 1,
    &quot;enumName&quot;: &quot;Delivery&quot;,
    &quot;shortName&quot;: null
  },
  {
    &quot;isDefault&quot;: false,
    &quot;color&quot;: null,
    &quot;name&quot;: &quot;be.user.enums.addresstype.residence&quot;,
    &quot;displayOrder&quot;: 0,
    &quot;id&quot;: 2,
    &quot;enumName&quot;: &quot;Residence&quot;,
    &quot;shortName&quot;: null
  }
]
 
17:43:42.916 [pool-1-thread-3] INFO  com.intuit.karate - Environment variable is : popcorn 
17:43:43.002 [pool-1-thread-4] INFO  com.intuit.karate - [print] {
  &quot;titleType&quot;: 10,
  &quot;streetAddress&quot;: &quot;280 Mornigside Dr, San Francisco&quot;,
  &quot;latitude&quot;: 37.7296159,
  &quot;additionalInfo&quot;: &quot;string&quot;,
  &quot;isSelectedShippingAddress&quot;: false,
  &quot;id&quot;: &quot;bc7ec2e5-a2e7-453b-8c16-33e7f87645f6&quot;,
  &quot;title&quot;: &quot;string&quot;,
  &quot;type&quot;: 1,
  &quot;longitude&quot;: -122.4936448
}
 
17:43:43.097 [pool-1-thread-1] INFO  com.intuit.karate - [print] {
  &quot;titleType&quot;: 10,
  &quot;streetAddress&quot;: &quot;280 Mornigside Dr, San Francisco&quot;,
  &quot;latitude&quot;: 37.7296159,
  &quot;additionalInfo&quot;: &quot;string&quot;,
  &quot;isSelectedShippingAddress&quot;: false,
  &quot;id&quot;: &quot;bc7ec2e5-a2e7-453b-8c16-33e7f87645f6&quot;,
  &quot;title&quot;: &quot;string&quot;,
  &quot;type&quot;: 1,
  &quot;longitude&quot;: -122.4936448
}
 
17:43:43.523 [pool-1-thread-3] INFO  com.intuit.karate - [print] response --&gt;  [
  {
    &quot;isDefault&quot;: true,
    &quot;color&quot;: null,
    &quot;name&quot;: null,
    &quot;displayOrder&quot;: 0,
    &quot;id&quot;: 0,
    &quot;enumName&quot;: &quot;Unknown&quot;,
    &quot;shortName&quot;: null
  },
  {
    &quot;isDefault&quot;: false,
    &quot;color&quot;: null,
    &quot;name&quot;: null,
    &quot;displayOrder&quot;: 0,
    &quot;id&quot;: 10,
    &quot;enumName&quot;: &quot;Image&quot;,
    &quot;shortName&quot;: null
  },
  {
    &quot;isDefault&quot;: false,
    &quot;color&quot;: null,
    &quot;name&quot;: null,
    &quot;displayOrder&quot;: 0,
    &quot;id&quot;: 20,
    &quot;enumName&quot;: &quot;Video&quot;,
    &quot;shortName&quot;: null
  },
  {
    &quot;isDefault&quot;: false,
    &quot;color&quot;: null,
    &quot;name&quot;: null,
    &quot;displayOrder&quot;: 0,
    &quot;id&quot;: 30,
    &quot;enumName&quot;: &quot;Audio&quot;,
    &quot;shortName&quot;: null
  }
]
 
17:43:43.545 [pool-1-thread-3] INFO  com.intuit.karate - Environment variable is : popcorn 
17:43:43.689 [pool-1-thread-2] INFO  com.intuit.karate - Environment variable is : popcorn 
17:43:43.730 [pool-1-thread-4] INFO  com.intuit.karate - [print] Customer Address List Response --&gt;  {
  &quot;page&quot;: {
    &quot;pageNumber&quot;: 0,
    &quot;pageSize&quot;: 0,
    &quot;hasNext&quot;: false,
    &quot;totalCount&quot;: 2
  },
  &quot;items&quot;: [
    {
      &quot;titleType&quot;: 10,
      &quot;streetAddress&quot;: &quot;688 Geary St, San Francisco&quot;,
      &quot;latitude&quot;: 37.78660022692915,
      &quot;additionalInfo&quot;: null,
      &quot;isSelectedShippingAddress&quot;: false,
      &quot;id&quot;: &quot;7c78f10a-71a6-4258-8a36-e09807053172&quot;,
      &quot;title&quot;: &quot;Home&quot;,
      &quot;type&quot;: 1,
      &quot;longitude&quot;: -122.41467263549566
    },
    {
      &quot;titleType&quot;: 10,
      &quot;streetAddress&quot;: &quot;335 Leavenworth St, San Francisco, CA 94102, United States&quot;,
      &quot;latitude&quot;: 37.7839295,
      &quot;additionalInfo&quot;: &quot;string&quot;,
      &quot;isSelectedShippingAddress&quot;: false,
      &quot;id&quot;: &quot;bc7ec2e5-a2e7-453b-8c16-33e7f87645f6&quot;,
      &quot;title&quot;: &quot;string&quot;,
      &quot;type&quot;: 1,
      &quot;longitude&quot;: -122.4174298
    }
  ]
}
 
17:43:43.744 [pool-1-thread-1] INFO  com.intuit.karate - [print] Customer Address List Response --&gt;  {
  &quot;page&quot;: {
    &quot;pageNumber&quot;: 0,
    &quot;pageSize&quot;: 0,
    &quot;hasNext&quot;: false,
    &quot;totalCount&quot;: 2
  },
  &quot;items&quot;: [
    {
      &quot;titleType&quot;: 10,
      &quot;streetAddress&quot;: &quot;688 Geary St, San Francisco&quot;,
      &quot;latitude&quot;: 37.78660022692915,
      &quot;additionalInfo&quot;: null,
      &quot;isSelectedShippingAddress&quot;: false,
      &quot;id&quot;: &quot;7c78f10a-71a6-4258-8a36-e09807053172&quot;,
      &quot;title&quot;: &quot;Home&quot;,
      &quot;type&quot;: 1,
      &quot;longitude&quot;: -122.41467263549566
    },
    {
      &quot;titleType&quot;: 10,
      &quot;streetAddress&quot;: &quot;335 Leavenworth St, San Francisco, CA 94102, United States&quot;,
      &quot;latitude&quot;: 37.7839295,
      &quot;additionalInfo&quot;: &quot;string&quot;,
      &quot;isSelectedShippingAddress&quot;: false,
      &quot;id&quot;: &quot;bc7ec2e5-a2e7-453b-8c16-33e7f87645f6&quot;,
      &quot;title&quot;: &quot;string&quot;,
      &quot;type&quot;: 1,
      &quot;longitude&quot;: -122.4174298
    }
  ]
}
 
17:43:43.815 [pool-1-thread-5] INFO  com.intuit.karate - [print] Customer Get Address For Order Response --&gt; {
  &quot;lastName&quot;: null,
  &quot;identifier&quot;: null,
  &quot;titleType&quot;: 10,
  &quot;country&quot;: {
    &quot;name&quot;: &quot;USA&quot;,
    &quot;id&quot;: &quot;81a2f978-226e-46e5-87b1-950e67b7f550&quot;
  },
  &quot;stateId&quot;: &quot;2e129561-3cf3-4b14-a601-54a8bf06950e&quot;,
  &quot;postalCode&quot;: null,
  &quot;latitude&quot;: 37.7839295,
  &quot;county&quot;: {
    &quot;name&quot;: &quot;San Francisco&quot;,
    &quot;id&quot;: &quot;526b7254-9192-4fbb-a225-9ba4297a0599&quot;
  },
  &quot;taxNumber&quot;: null,
  &quot;title&quot;: &quot;string&quot;,
  &quot;type&quot;: 1,
  &quot;countryId&quot;: &quot;81a2f978-226e-46e5-87b1-950e67b7f550&quot;,
  &quot;corporateName&quot;: null,
  &quot;firstName&quot;: null,
  &quot;streetAddress&quot;: &quot;335 Leavenworth St, San Francisco, CA 94102, United States&quot;,
  &quot;phone&quot;: null,
  &quot;countyId&quot;: &quot;526b7254-9192-4fbb-a225-9ba4297a0599&quot;,
  &quot;additionalInfo&quot;: &quot;string&quot;,
  &quot;taxOffice&quot;: null,
  &quot;state&quot;: {
    &quot;name&quot;: &quot;California&quot;,
    &quot;id&quot;: &quot;2e129561-3cf3-4b14-a601-54a8bf06950e&quot;
  },
  &quot;email&quot;: null,
  &quot;longitude&quot;: -122.4174298
}
 
17:43:43.828 [pool-1-thread-5] INFO  com.intuit.karate - Environment variable is : popcorn 
---------------------------------------------------------
feature: classpath:features/userApi/address/customer_get_address_for_order.feature
scenarios:  3 | passed:  3 | failed:  0 | time: 5.5793
---------------------------------------------------------

17:43:44.008 [pool-2-thread-1] INFO  com.intuit.karate.Suite - &lt;&lt;pass&gt;&gt; feature 5 of 31 (26 remaining) classpath:features/userApi/address/customer_get_address_for_order.feature
17:43:44.189 [pool-1-thread-3] INFO  com.intuit.karate - [print] response --&gt;  [
  {
    &quot;isDefault&quot;: true,
    &quot;color&quot;: null,
    &quot;name&quot;: &quot;be.user.enums.riderstatus.active&quot;,
    &quot;displayOrder&quot;: 0,
    &quot;id&quot;: 1,
    &quot;enumName&quot;: &quot;Active&quot;,
    &quot;shortName&quot;: null
  },
  {
    &quot;isDefault&quot;: false,
    &quot;color&quot;: null,
    &quot;name&quot;: &quot;be.user.enums.riderstatus.inactive&quot;,
    &quot;displayOrder&quot;: 0,
    &quot;id&quot;: 2,
    &quot;enumName&quot;: &quot;Inactive&quot;,
    &quot;shortName&quot;: null
  }
]
 
17:43:44.216 [pool-1-thread-3] INFO  com.intuit.karate - Environment variable is : popcorn 
17:43:44.359 [pool-1-thread-2] INFO  com.intuit.karate - [print] response --&gt;  [
  {
    &quot;isDefault&quot;: false,
    &quot;color&quot;: null,
    &quot;name&quot;: &quot;Passive&quot;,
    &quot;displayOrder&quot;: 0,
    &quot;id&quot;: 0,
    &quot;enumName&quot;: &quot;UnPublished&quot;,
    &quot;shortName&quot;: null
  },
  {
    &quot;isDefault&quot;: false,
    &quot;color&quot;: null,
    &quot;name&quot;: &quot;Active&quot;,
    &quot;displayOrder&quot;: 0,
    &quot;id&quot;: 1,
    &quot;enumName&quot;: &quot;Published&quot;,
    &quot;shortName&quot;: null
  },
  {
    &quot;isDefault&quot;: true,
    &quot;color&quot;: null,
    &quot;name&quot;: &quot;Archived&quot;,
    &quot;displayOrder&quot;: 0,
    &quot;id&quot;: 2,
    &quot;enumName&quot;: &quot;Junk&quot;,
    &quot;shortName&quot;: null
  }
]
 
17:43:44.368 [pool-1-thread-2] INFO  com.intuit.karate - Environment variable is : popcorn 
17:43:45.034 [pool-1-thread-5] INFO  com.intuit.karate - [print] response --&gt;  [
  {
    &quot;isDefault&quot;: true,
    &quot;color&quot;: null,
    &quot;name&quot;: &quot;Home&quot;,
    &quot;displayOrder&quot;: 0,
    &quot;id&quot;: 10,
    &quot;enumName&quot;: &quot;Home&quot;,
    &quot;shortName&quot;: null
  },
  {
    &quot;isDefault&quot;: false,
    &quot;color&quot;: null,
    &quot;name&quot;: &quot;Work&quot;,
    &quot;displayOrder&quot;: 0,
    &quot;id&quot;: 20,
    &quot;enumName&quot;: &quot;Work&quot;,
    &quot;shortName&quot;: null
  },
  {
    &quot;isDefault&quot;: false,
    &quot;color&quot;: null,
    &quot;name&quot;: &quot;Other&quot;,
    &quot;displayOrder&quot;: 0,
    &quot;id&quot;: 30,
    &quot;enumName&quot;: &quot;Other&quot;,
    &quot;shortName&quot;: null
  }
]
 
17:43:45.044 [pool-1-thread-3] INFO  com.intuit.karate - [print] response --&gt;  [
  {
    &quot;isDefault&quot;: true,
    &quot;color&quot;: null,
    &quot;name&quot;: &quot;be.user.enums.userstatus.active&quot;,
    &quot;displayOrder&quot;: 0,
    &quot;id&quot;: 1,
    &quot;enumName&quot;: &quot;Active&quot;,
    &quot;shortName&quot;: null
  },
  {
    &quot;isDefault&quot;: false,
    &quot;color&quot;: null,
    &quot;name&quot;: &quot;be.user.enums.userstatus.passive&quot;,
    &quot;displayOrder&quot;: 1,
    &quot;id&quot;: 0,
    &quot;enumName&quot;: &quot;Passive&quot;,
    &quot;shortName&quot;: null
  },
  {
    &quot;isDefault&quot;: false,
    &quot;color&quot;: null,
    &quot;name&quot;: &quot;be.user.enums.userstatus.blocked&quot;,
    &quot;displayOrder&quot;: 2,
    &quot;id&quot;: 2,
    &quot;enumName&quot;: &quot;Blocked&quot;,
    &quot;shortName&quot;: null
  },
  {
    &quot;isDefault&quot;: false,
    &quot;color&quot;: null,
    &quot;name&quot;: &quot;be.user.enums.userstatus.notverified&quot;,
    &quot;displayOrder&quot;: 3,
    &quot;id&quot;: 3,
    &quot;enumName&quot;: &quot;NotVerified&quot;,
    &quot;shortName&quot;: null
  }
]
 
17:43:45.058 [pool-1-thread-5] INFO  com.intuit.karate - Environment variable is : popcorn 
17:43:45.073 [pool-1-thread-3] INFO  com.intuit.karate - Environment variable is : popcorn 
17:43:45.163 [pool-1-thread-1] INFO  com.intuit.karate - [print] customer get selected address response  --&gt;  {
  &quot;visible&quot;: true,
  &quot;action&quot;: &quot;default&quot;,
  &quot;messages&quot;: [
    &quot;User Authorization Error&quot;
  ],
  &quot;type&quot;: &quot;authorization&quot;,
  &quot;title&quot;: null,
  &quot;message&quot;: &quot;User Authorization Error&quot;,
  &quot;typeCode&quot;: 401
}
 
17:43:45.170 [pool-1-thread-1] INFO  com.intuit.karate - Environment variable is : popcorn 
17:43:45.198 [pool-1-thread-4] INFO  com.intuit.karate - [print] customer get selected address response  --&gt;  {
  &quot;titleType&quot;: 10,
  &quot;eta&quot;: 0,
  &quot;streetAddress&quot;: &quot;688 Geary St, San Francisco&quot;,
  &quot;latitude&quot;: 37.78660022692915,
  &quot;additionalInfo&quot;: null,
  &quot;id&quot;: &quot;7c78f10a-71a6-4258-8a36-e09807053172&quot;,
  &quot;title&quot;: &quot;Home&quot;,
  &quot;type&quot;: 1,
  &quot;longitude&quot;: -122.41467263549566
}
 
17:43:45.207 [pool-1-thread-4] INFO  c.intuit.karate.core.FeatureRuntime - scenario called at line: 11 by tag: @getAddressInfo
17:43:45.216 [pool-1-thread-4] INFO  c.intuit.karate.core.FeatureRuntime - scenario called at line: 11 by tag: @getAddressId
17:43:45.502 [pool-1-thread-2] INFO  com.intuit.karate - [print] customer create response --&gt; {
  &quot;lastName&quot;: &quot;&quot;,
  &quot;deliveryAddresses&quot;: [
  ],
  &quot;imagePath&quot;: null,
  &quot;roles&quot;: [
  ],
  &quot;lastOrderDate&quot;: null,
  &quot;registerType&quot;: 0,
  &quot;phoneCountry&quot;: {
    &quot;name&quot;: &quot;Russian Federation&quot;,
    &quot;id&quot;: &quot;59c4edba-f347-45b3-a5c9-aed7ac852ff8&quot;
  },
  &quot;customerStatus&quot;: 0,
  &quot;riderId&quot;: null,
  &quot;password&quot;: null,
  &quot;passwordConfirm&quot;: null,
  &quot;imageFile&quot;: null,
  &quot;referralCode&quot;: null,
  &quot;imageUrl&quot;: null,
  &quot;customerId&quot;: null,
  &quot;id&quot;: &quot;646e35df-cf4a-4dbc-b053-b35de1bcf858&quot;,
  &quot;nationalSecurityNumber&quot;: null,
  &quot;email&quot;: &quot;6qp6gki@grr.la&quot;,
  &quot;isBlockedCodeCampaign&quot;: false,
  &quot;fullName&quot;: &quot;8nbguka&quot;,
  &quot;employeeId&quot;: null,
  &quot;userId&quot;: &quot;df649e39-f09b-4ba3-b611-bb0231c0364d&quot;,
  &quot;lastActiveAt&quot;: &quot;0001-01-01T00:00:00.000Z&quot;,
  &quot;firstName&quot;: &quot;8nbguka&quot;,
  &quot;phoneNumber&quot;: &quot;7947735148&quot;,
  &quot;roleIds&quot;: null,
  &quot;statusText&quot;: &quot;Active&quot;,
  &quot;orders&quot;: null,
  &quot;lastActiveIp&quot;: null,
  &quot;residenceAddress&quot;: null,
  &quot;status&quot;: 1
}
 
17:43:45.525 [pool-1-thread-2] INFO  com.intuit.karate - Environment variable is : popcorn 
17:43:45.777 [pool-1-thread-5] INFO  com.intuit.karate - [print] customer create without authorization response --&gt; {
  &quot;visible&quot;: true,
  &quot;action&quot;: &quot;default&quot;,
  &quot;messages&quot;: [
    &quot;User Authorization Error&quot;
  ],
  &quot;type&quot;: &quot;authorization&quot;,
  &quot;title&quot;: null,
  &quot;message&quot;: &quot;User Authorization Error&quot;,
  &quot;typeCode&quot;: 401
}
 
17:43:45.786 [pool-1-thread-5] INFO  com.intuit.karate - Environment variable is : popcorn 
17:43:45.942 [pool-1-thread-1] INFO  com.intuit.karate - [print] customer create with wrong data response --&gt; {
  &quot;visible&quot;: true,
  &quot;action&quot;: &quot;default&quot;,
  &quot;messages&quot;: [
    &quot;Phone.AlreadyUsed&quot;,
    &quot;Required&quot;,
    &quot;be.user.length&quot;
  ],
  &quot;validations&quot;: {
    &quot;phoneNumber&quot;: [
      &quot;Phone.AlreadyUsed&quot;,
      &quot;Required&quot;,
      &quot;be.user.length&quot;
    ]
  },
  &quot;type&quot;: &quot;validation&quot;,
  &quot;title&quot;: null,
  &quot;message&quot;: &quot;Phone.AlreadyUsed&quot;,
  &quot;typeCode&quot;: 400
}
 
17:43:45.947 [pool-1-thread-1] INFO  com.intuit.karate - Environment variable is : popcorn 
17:43:46.173 [pool-1-thread-2] INFO  com.intuit.karate - [print] customer create with wrong data response --&gt; {
  &quot;visible&quot;: true,
  &quot;action&quot;: &quot;default&quot;,
  &quot;messages&quot;: [
    &quot;Phone.AlreadyUsed&quot;
  ],
  &quot;validations&quot;: {
    &quot;phoneNumber&quot;: [
      &quot;Phone.AlreadyUsed&quot;
    ]
  },
  &quot;type&quot;: &quot;validation&quot;,
  &quot;title&quot;: null,
  &quot;message&quot;: &quot;Phone.AlreadyUsed&quot;,
  &quot;typeCode&quot;: 400
}
 
17:43:46.178 [pool-1-thread-2] INFO  com.intuit.karate - Environment variable is : popcorn 
17:43:46.387 [pool-1-thread-3] INFO  com.intuit.karate - [print] customer create with wrong data response --&gt; {
  &quot;visible&quot;: true,
  &quot;action&quot;: &quot;default&quot;,
  &quot;messages&quot;: [
    &quot;Email.NotValid&quot;,
    &quot;be.user.length&quot;
  ],
  &quot;validations&quot;: {
    &quot;email&quot;: [
      &quot;Email.NotValid&quot;,
      &quot;be.user.length&quot;
    ]
  },
  &quot;type&quot;: &quot;validation&quot;,
  &quot;title&quot;: null,
  &quot;message&quot;: &quot;Email.NotValid&quot;,
  &quot;typeCode&quot;: 400
}
 
17:43:46.393 [pool-1-thread-3] INFO  com.intuit.karate - Environment variable is : popcorn 
17:43:46.406 [pool-1-thread-3] INFO  c.intuit.karate.core.FeatureRuntime - scenario called at line: 14 by tag: @customerInfo
17:43:46.483 [pool-1-thread-1] INFO  com.intuit.karate - [print] customer create with wrong data response --&gt; {
  &quot;visible&quot;: true,
  &quot;action&quot;: &quot;default&quot;,
  &quot;messages&quot;: [
    &quot;Error converting value \&quot;\&quot; to type &apos;System.Guid&apos;. Path &apos;phoneCountryId&apos;, line 1, position 41.&quot;
  ],
  &quot;validations&quot;: {
    &quot;phoneCountryId&quot;: [
      &quot;Error converting value \&quot;\&quot; to type &apos;System.Guid&apos;. Path &apos;phoneCountryId&apos;, line 1, position 41.&quot;
    ]
  },
  &quot;type&quot;: &quot;validation&quot;,
  &quot;title&quot;: null,
  &quot;message&quot;: &quot;Error converting value \&quot;\&quot; to type &apos;System.Guid&apos;. Path &apos;phoneCountryId&apos;, line 1, position 41.&quot;,
  &quot;typeCode&quot;: 400
}
 
17:43:46.490 [pool-1-thread-1] INFO  com.intuit.karate - Environment variable is : popcorn 
17:43:46.495 [pool-1-thread-1] INFO  c.intuit.karate.core.FeatureRuntime - scenario called at line: 14 by tag: @customerInfo
17:43:46.676 [pool-1-thread-5] INFO  com.intuit.karate - [print] customer create with wrong data response --&gt; {
  &quot;visible&quot;: true,
  &quot;action&quot;: &quot;default&quot;,
  &quot;messages&quot;: [
    &quot;Email.NotValid&quot;,
    &quot;be.user.length&quot;
  ],
  &quot;validations&quot;: {
    &quot;email&quot;: [
      &quot;Email.NotValid&quot;,
      &quot;be.user.length&quot;
    ]
  },
  &quot;type&quot;: &quot;validation&quot;,
  &quot;title&quot;: null,
  &quot;message&quot;: &quot;Email.NotValid&quot;,
  &quot;typeCode&quot;: 400
}
 
17:43:46.686 [pool-1-thread-5] INFO  com.intuit.karate - Environment variable is : popcorn 
17:43:46.690 [pool-1-thread-5] INFO  c.intuit.karate.core.FeatureRuntime - scenario called at line: 14 by tag: @customerInfo
17:43:46.804 [pool-1-thread-4] INFO  com.intuit.karate - [print] {
  &quot;titleType&quot;: 10,
  &quot;streetAddress&quot;: &quot;280 Mornigside Dr, San Francisco&quot;,
  &quot;latitude&quot;: 37.7296159,
  &quot;additionalInfo&quot;: &quot;string&quot;,
  &quot;isSelectedShippingAddress&quot;: false,
  &quot;id&quot;: &quot;bc7ec2e5-a2e7-453b-8c16-33e7f87645f6&quot;,
  &quot;title&quot;: &quot;string&quot;,
  &quot;type&quot;: 1,
  &quot;longitude&quot;: -122.4936448
}
 
17:43:46.814 [pool-1-thread-2] INFO  com.intuit.karate - [print] customer create with wrong data response --&gt; {
  &quot;visible&quot;: true,
  &quot;action&quot;: &quot;default&quot;,
  &quot;messages&quot;: [
    &quot;Error converting value \&quot;wrong\&quot; to type &apos;System.Guid&apos;. Path &apos;phoneCountryId&apos;, line 1, position 46.&quot;
  ],
  &quot;validations&quot;: {
    &quot;phoneCountryId&quot;: [
      &quot;Error converting value \&quot;wrong\&quot; to type &apos;System.Guid&apos;. Path &apos;phoneCountryId&apos;, line 1, position 46.&quot;
    ]
  },
  &quot;type&quot;: &quot;validation&quot;,
  &quot;title&quot;: null,
  &quot;message&quot;: &quot;Error converting value \&quot;wrong\&quot; to type &apos;System.Guid&apos;. Path &apos;phoneCountryId&apos;, line 1, position 46.&quot;,
  &quot;typeCode&quot;: 400
}
 
17:43:46.819 [pool-1-thread-2] INFO  com.intuit.karate - Environment variable is : popcorn 
17:43:46.823 [pool-1-thread-2] INFO  c.intuit.karate.core.FeatureRuntime - scenario called at line: 14 by tag: @customerInfo
17:43:47.159 [pool-1-thread-3] INFO  com.intuit.karate - [print] customer create response --&gt; {
  &quot;lastName&quot;: &quot;&quot;,
  &quot;deliveryAddresses&quot;: [
  ],
  &quot;imagePath&quot;: null,
  &quot;roles&quot;: [
  ],
  &quot;lastOrderDate&quot;: null,
  &quot;registerType&quot;: 0,
  &quot;phoneCountry&quot;: {
    &quot;name&quot;: &quot;Russian Federation&quot;,
    &quot;id&quot;: &quot;59c4edba-f347-45b3-a5c9-aed7ac852ff8&quot;
  },
  &quot;customerStatus&quot;: 0,
  &quot;riderId&quot;: null,
  &quot;password&quot;: null,
  &quot;passwordConfirm&quot;: null,
  &quot;imageFile&quot;: null,
  &quot;referralCode&quot;: null,
  &quot;imageUrl&quot;: null,
  &quot;customerId&quot;: null,
  &quot;id&quot;: &quot;e5b0b8a9-4e84-4efa-93e6-91c8a6d4be5b&quot;,
  &quot;nationalSecurityNumber&quot;: null,
  &quot;email&quot;: &quot;xzlymtv@grr.la&quot;,
  &quot;isBlockedCodeCampaign&quot;: false,
  &quot;fullName&quot;: &quot;4lorm7a&quot;,
  &quot;employeeId&quot;: null,
  &quot;userId&quot;: &quot;6970ff26-610a-481c-8e99-1f81d8c06b58&quot;,
  &quot;lastActiveAt&quot;: &quot;0001-01-01T00:00:00.000Z&quot;,
  &quot;firstName&quot;: &quot;4lorm7a&quot;,
  &quot;phoneNumber&quot;: &quot;5860169763&quot;,
  &quot;roleIds&quot;: null,
  &quot;statusText&quot;: &quot;Active&quot;,
  &quot;orders&quot;: null,
  &quot;lastActiveIp&quot;: null,
  &quot;residenceAddress&quot;: null,
  &quot;status&quot;: 1
}
 
17:43:47.292 [pool-1-thread-1] INFO  com.intuit.karate - [print] customer create response --&gt; {
  &quot;lastName&quot;: &quot;&quot;,
  &quot;deliveryAddresses&quot;: [
  ],
  &quot;imagePath&quot;: null,
  &quot;roles&quot;: [
  ],
  &quot;lastOrderDate&quot;: null,
  &quot;registerType&quot;: 0,
  &quot;phoneCountry&quot;: {
    &quot;name&quot;: &quot;Russian Federation&quot;,
    &quot;id&quot;: &quot;59c4edba-f347-45b3-a5c9-aed7ac852ff8&quot;
  },
  &quot;customerStatus&quot;: 0,
  &quot;riderId&quot;: null,
  &quot;password&quot;: null,
  &quot;passwordConfirm&quot;: null,
  &quot;imageFile&quot;: null,
  &quot;referralCode&quot;: null,
  &quot;imageUrl&quot;: null,
  &quot;customerId&quot;: null,
  &quot;id&quot;: &quot;b40ac2f9-deab-4928-a591-d9664083ede7&quot;,
  &quot;nationalSecurityNumber&quot;: null,
  &quot;email&quot;: &quot;5g3ufpr@grr.la&quot;,
  &quot;isBlockedCodeCampaign&quot;: false,
  &quot;fullName&quot;: &quot;nitsbij&quot;,
  &quot;employeeId&quot;: null,
  &quot;userId&quot;: &quot;ed1bc05e-dafb-4845-aa80-1cca8a5cd6c0&quot;,
  &quot;lastActiveAt&quot;: &quot;0001-01-01T00:00:00.000Z&quot;,
  &quot;firstName&quot;: &quot;nitsbij&quot;,
  &quot;phoneNumber&quot;: &quot;8379038898&quot;,
  &quot;roleIds&quot;: null,
  &quot;statusText&quot;: &quot;Active&quot;,
  &quot;orders&quot;: null,
  &quot;lastActiveIp&quot;: null,
  &quot;residenceAddress&quot;: null,
  &quot;status&quot;: 1
}
 
17:43:47.311 [pool-1-thread-4] INFO  com.intuit.karate - [print] Customer Address List Response --&gt;  {
  &quot;page&quot;: {
    &quot;pageNumber&quot;: 0,
    &quot;pageSize&quot;: 0,
    &quot;hasNext&quot;: false,
    &quot;totalCount&quot;: 2
  },
  &quot;items&quot;: [
    {
      &quot;titleType&quot;: 10,
      &quot;streetAddress&quot;: &quot;688 Geary St, San Francisco&quot;,
      &quot;latitude&quot;: 37.78660022692915,
      &quot;additionalInfo&quot;: null,
      &quot;isSelectedShippingAddress&quot;: false,
      &quot;id&quot;: &quot;7c78f10a-71a6-4258-8a36-e09807053172&quot;,
      &quot;title&quot;: &quot;Home&quot;,
      &quot;type&quot;: 1,
      &quot;longitude&quot;: -122.41467263549566
    },
    {
      &quot;titleType&quot;: 10,
      &quot;streetAddress&quot;: &quot;335 Leavenworth St, San Francisco, CA 94102, United States&quot;,
      &quot;latitude&quot;: 37.7839295,
      &quot;additionalInfo&quot;: &quot;string&quot;,
      &quot;isSelectedShippingAddress&quot;: false,
      &quot;id&quot;: &quot;bc7ec2e5-a2e7-453b-8c16-33e7f87645f6&quot;,
      &quot;title&quot;: &quot;string&quot;,
      &quot;type&quot;: 1,
      &quot;longitude&quot;: -122.4174298
    }
  ]
}
 
17:43:47.327 [pool-1-thread-4] INFO  com.intuit.karate - Environment variable is : popcorn 
17:43:47.340 [pool-1-thread-4] INFO  c.intuit.karate.core.FeatureRuntime - scenario called at line: 14 by tag: @customerInfo
17:43:47.429 [pool-1-thread-5] INFO  com.intuit.karate - [print] customer create response --&gt; {
  &quot;lastName&quot;: &quot;&quot;,
  &quot;deliveryAddresses&quot;: [
  ],
  &quot;imagePath&quot;: null,
  &quot;roles&quot;: [
  ],
  &quot;lastOrderDate&quot;: null,
  &quot;registerType&quot;: 0,
  &quot;phoneCountry&quot;: {
    &quot;name&quot;: &quot;Russian Federation&quot;,
    &quot;id&quot;: &quot;59c4edba-f347-45b3-a5c9-aed7ac852ff8&quot;
  },
  &quot;customerStatus&quot;: 0,
  &quot;riderId&quot;: null,
  &quot;password&quot;: null,
  &quot;passwordConfirm&quot;: null,
  &quot;imageFile&quot;: null,
  &quot;referralCode&quot;: null,
  &quot;imageUrl&quot;: null,
  &quot;customerId&quot;: null,
  &quot;id&quot;: &quot;57802fae-0f69-440a-90a8-82dad916cd01&quot;,
  &quot;nationalSecurityNumber&quot;: null,
  &quot;email&quot;: &quot;qk1sasi@grr.la&quot;,
  &quot;isBlockedCodeCampaign&quot;: false,
  &quot;fullName&quot;: &quot;b0ix5bk&quot;,
  &quot;employeeId&quot;: null,
  &quot;userId&quot;: &quot;09dc4ac4-d76f-4567-9833-16210735d28d&quot;,
  &quot;lastActiveAt&quot;: &quot;0001-01-01T00:00:00.000Z&quot;,
  &quot;firstName&quot;: &quot;b0ix5bk&quot;,
  &quot;phoneNumber&quot;: &quot;4969816031&quot;,
  &quot;roleIds&quot;: null,
  &quot;statusText&quot;: &quot;Active&quot;,
  &quot;orders&quot;: null,
  &quot;lastActiveIp&quot;: null,
  &quot;residenceAddress&quot;: null,
  &quot;status&quot;: 1
}
 
---------------------------------------------------------
feature: classpath:features/userApi/address/customer_get_selected_address.feature
scenarios:  2 | passed:  2 | failed:  0 | time: 8.2956
---------------------------------------------------------

17:43:47.593 [pool-2-thread-1] INFO  com.intuit.karate.Suite - &lt;&lt;pass&gt;&gt; feature 6 of 31 (25 remaining) classpath:features/userApi/address/customer_get_selected_address.feature
17:43:47.633 [pool-1-thread-2] INFO  com.intuit.karate - [print] customer create response --&gt; {
  &quot;lastName&quot;: &quot;&quot;,
  &quot;deliveryAddresses&quot;: [
  ],
  &quot;imagePath&quot;: null,
  &quot;roles&quot;: [
  ],
  &quot;lastOrderDate&quot;: null,
  &quot;registerType&quot;: 0,
  &quot;phoneCountry&quot;: {
    &quot;name&quot;: &quot;Russian Federation&quot;,
    &quot;id&quot;: &quot;59c4edba-f347-45b3-a5c9-aed7ac852ff8&quot;
  },
  &quot;customerStatus&quot;: 0,
  &quot;riderId&quot;: null,
  &quot;password&quot;: null,
  &quot;passwordConfirm&quot;: null,
  &quot;imageFile&quot;: null,
  &quot;referralCode&quot;: null,
  &quot;imageUrl&quot;: null,
  &quot;customerId&quot;: null,
  &quot;id&quot;: &quot;6ed92e11-a4de-489d-a9d2-7994f788a13c&quot;,
  &quot;nationalSecurityNumber&quot;: null,
  &quot;email&quot;: &quot;9ec7zfr@grr.la&quot;,
  &quot;isBlockedCodeCampaign&quot;: false,
  &quot;fullName&quot;: &quot;xhie9hp&quot;,
  &quot;employeeId&quot;: null,
  &quot;userId&quot;: &quot;9adbd0d3-6213-4d18-9b92-8bd777b8279c&quot;,
  &quot;lastActiveAt&quot;: &quot;0001-01-01T00:00:00.000Z&quot;,
  &quot;firstName&quot;: &quot;xhie9hp&quot;,
  &quot;phoneNumber&quot;: &quot;5781026994&quot;,
  &quot;roleIds&quot;: null,
  &quot;statusText&quot;: &quot;Active&quot;,
  &quot;orders&quot;: null,
  &quot;lastActiveIp&quot;: null,
  &quot;residenceAddress&quot;: null,
  &quot;status&quot;: 1
}
 
---------------------------------------------------------
feature: classpath:features/userApi/common/address_type_list.feature
scenarios:  1 | passed:  1 | failed:  0 | time: 0.6912
---------------------------------------------------------

17:43:47.658 [pool-2-thread-1] INFO  com.intuit.karate.Suite - &lt;&lt;pass&gt;&gt; feature 7 of 31 (24 remaining) classpath:features/userApi/common/address_type_list.feature
---------------------------------------------------------
feature: classpath:features/userApi/common/file_type_list.feature
scenarios:  1 | passed:  1 | failed:  0 | time: 0.6174
---------------------------------------------------------

17:43:47.685 [pool-2-thread-1] INFO  com.intuit.karate.Suite - &lt;&lt;pass&gt;&gt; feature 8 of 31 (23 remaining) classpath:features/userApi/common/file_type_list.feature
---------------------------------------------------------
feature: classpath:features/userApi/common/rider_status_list.feature
scenarios:  1 | passed:  1 | failed:  0 | time: 0.6533
---------------------------------------------------------

17:43:47.734 [pool-2-thread-1] INFO  com.intuit.karate.Suite - &lt;&lt;pass&gt;&gt; feature 9 of 31 (22 remaining) classpath:features/userApi/common/rider_status_list.feature
---------------------------------------------------------
feature: classpath:features/userApi/common/status_list.feature
scenarios:  1 | passed:  1 | failed:  0 | time: 0.6714
---------------------------------------------------------

17:43:47.763 [pool-2-thread-1] INFO  com.intuit.karate.Suite - &lt;&lt;pass&gt;&gt; feature 10 of 31 (21 remaining) classpath:features/userApi/common/status_list.feature
---------------------------------------------------------
feature: classpath:features/userApi/common/title_type_list.feature
scenarios:  1 | passed:  1 | failed:  0 | time: 1.2067
---------------------------------------------------------

17:43:47.792 [pool-2-thread-1] INFO  com.intuit.karate.Suite - &lt;&lt;pass&gt;&gt; feature 11 of 31 (20 remaining) classpath:features/userApi/common/title_type_list.feature
---------------------------------------------------------
feature: classpath:features/userApi/common/user_status_list.feature
scenarios:  1 | passed:  1 | failed:  0 | time: 0.8501
---------------------------------------------------------

17:43:47.820 [pool-2-thread-1] INFO  com.intuit.karate.Suite - &lt;&lt;pass&gt;&gt; feature 12 of 31 (19 remaining) classpath:features/userApi/common/user_status_list.feature
---------------------------------------------------------
feature: classpath:features/userApi/customer/customer_create.feature
scenarios:  8 | passed:  8 | failed:  0 | time: 6.6551
---------------------------------------------------------

17:43:47.922 [pool-2-thread-1] INFO  com.intuit.karate.Suite - &lt;&lt;pass&gt;&gt; feature 13 of 31 (18 remaining) classpath:features/userApi/customer/customer_create.feature
17:43:48.084 [pool-1-thread-5] INFO  com.intuit.karate - [print] customer edit fail scenario response --&gt; {
  &quot;visible&quot;: true,
  &quot;action&quot;: &quot;default&quot;,
  &quot;messages&quot;: [
    &quot;Error converting value \&quot;\&quot; to type &apos;System.Guid&apos;. Path &apos;id&apos;, line 1, position 8.&quot;
  ],
  &quot;validations&quot;: {
    &quot;id&quot;: [
      &quot;Error converting value \&quot;\&quot; to type &apos;System.Guid&apos;. Path &apos;id&apos;, line 1, position 8.&quot;
    ]
  },
  &quot;type&quot;: &quot;validation&quot;,
  &quot;title&quot;: null,
  &quot;message&quot;: &quot;Error converting value \&quot;\&quot; to type &apos;System.Guid&apos;. Path &apos;id&apos;, line 1, position 8.&quot;,
  &quot;typeCode&quot;: 400
}
 
17:43:48.094 [pool-1-thread-5] INFO  com.intuit.karate - Environment variable is : popcorn 
17:43:48.103 [pool-1-thread-5] INFO  c.intuit.karate.core.FeatureRuntime - scenario called at line: 14 by tag: @customerInfo
17:43:48.301 [pool-1-thread-4] INFO  com.intuit.karate - [print] customer create response --&gt; {
  &quot;lastName&quot;: &quot;&quot;,
  &quot;deliveryAddresses&quot;: [
  ],
  &quot;imagePath&quot;: null,
  &quot;roles&quot;: [
  ],
  &quot;lastOrderDate&quot;: null,
  &quot;registerType&quot;: 0,
  &quot;phoneCountry&quot;: {
    &quot;name&quot;: &quot;Russian Federation&quot;,
    &quot;id&quot;: &quot;59c4edba-f347-45b3-a5c9-aed7ac852ff8&quot;
  },
  &quot;customerStatus&quot;: 0,
  &quot;riderId&quot;: null,
  &quot;password&quot;: null,
  &quot;passwordConfirm&quot;: null,
  &quot;imageFile&quot;: null,
  &quot;referralCode&quot;: null,
  &quot;imageUrl&quot;: null,
  &quot;customerId&quot;: null,
  &quot;id&quot;: &quot;98aca154-adb3-4ea0-8b69-e4dfb3a5b11c&quot;,
  &quot;nationalSecurityNumber&quot;: null,
  &quot;email&quot;: &quot;ku8bkb1@grr.la&quot;,
  &quot;isBlockedCodeCampaign&quot;: false,
  &quot;fullName&quot;: &quot;fde2grk&quot;,
  &quot;employeeId&quot;: null,
  &quot;userId&quot;: &quot;dd6351fd-a06c-494c-90d7-36d1ac608d13&quot;,
  &quot;lastActiveAt&quot;: &quot;0001-01-01T00:00:00.000Z&quot;,
  &quot;firstName&quot;: &quot;fde2grk&quot;,
  &quot;phoneNumber&quot;: &quot;2966875125&quot;,
  &quot;roleIds&quot;: null,
  &quot;statusText&quot;: &quot;Active&quot;,
  &quot;orders&quot;: null,
  &quot;lastActiveIp&quot;: null,
  &quot;residenceAddress&quot;: null,
  &quot;status&quot;: 1
}
 
17:43:48.334 [pool-1-thread-2] INFO  com.intuit.karate - [print] customer edit fail scenario response --&gt; {
  &quot;visible&quot;: true,
  &quot;action&quot;: &quot;default&quot;,
  &quot;messages&quot;: [
    &quot;Error converting value \&quot;\&quot; to type &apos;System.Guid&apos;. Path &apos;phoneCountryId&apos;, line 1, position 92.&quot;
  ],
  &quot;validations&quot;: {
    &quot;phoneCountryId&quot;: [
      &quot;Error converting value \&quot;\&quot; to type &apos;System.Guid&apos;. Path &apos;phoneCountryId&apos;, line 1, position 92.&quot;
    ]
  },
  &quot;type&quot;: &quot;validation&quot;,
  &quot;title&quot;: null,
  &quot;message&quot;: &quot;Error converting value \&quot;\&quot; to type &apos;System.Guid&apos;. Path &apos;phoneCountryId&apos;, line 1, position 92.&quot;,
  &quot;typeCode&quot;: 400
}
 
17:43:48.340 [pool-1-thread-2] INFO  com.intuit.karate - Environment variable is : popcorn 
17:43:48.342 [pool-1-thread-3] INFO  com.intuit.karate - [print] customer edit response --&gt; {
  &quot;lastName&quot;: &quot;deneme1234&quot;,
  &quot;deliveryAddresses&quot;: [
  ],
  &quot;imagePath&quot;: null,
  &quot;roles&quot;: [
  ],
  &quot;lastOrderDate&quot;: null,
  &quot;registerType&quot;: 0,
  &quot;phoneCountry&quot;: {
    &quot;name&quot;: &quot;Russian Federation&quot;,
    &quot;id&quot;: &quot;59c4edba-f347-45b3-a5c9-aed7ac852ff8&quot;
  },
  &quot;customerStatus&quot;: 0,
  &quot;riderId&quot;: null,
  &quot;password&quot;: null,
  &quot;passwordConfirm&quot;: null,
  &quot;imageFile&quot;: null,
  &quot;referralCode&quot;: null,
  &quot;imageUrl&quot;: null,
  &quot;customerId&quot;: null,
  &quot;id&quot;: &quot;e5b0b8a9-4e84-4efa-93e6-91c8a6d4be5b&quot;,
  &quot;nationalSecurityNumber&quot;: null,
  &quot;email&quot;: &quot;pkkxiux@grr.la&quot;,
  &quot;isBlockedCodeCampaign&quot;: false,
  &quot;fullName&quot;: &quot;tes123 deneme1234&quot;,
  &quot;employeeId&quot;: null,
  &quot;userId&quot;: &quot;6970ff26-610a-481c-8e99-1f81d8c06b58&quot;,
  &quot;lastActiveAt&quot;: &quot;0001-01-01T00:00:00.000Z&quot;,
  &quot;firstName&quot;: &quot;tes123&quot;,
  &quot;phoneNumber&quot;: &quot;5792618928&quot;,
  &quot;roleIds&quot;: null,
  &quot;statusText&quot;: &quot;Passive&quot;,
  &quot;orders&quot;: null,
  &quot;lastActiveIp&quot;: null,
  &quot;residenceAddress&quot;: null,
  &quot;status&quot;: 0
}
 
17:43:48.353 [pool-1-thread-1] INFO  com.intuit.karate - [print] customer edit without authorization response --&gt; {
  &quot;visible&quot;: true,
  &quot;action&quot;: &quot;default&quot;,
  &quot;messages&quot;: [
    &quot;User Authorization Error&quot;
  ],
  &quot;type&quot;: &quot;authorization&quot;,
  &quot;title&quot;: null,
  &quot;message&quot;: &quot;User Authorization Error&quot;,
  &quot;typeCode&quot;: 401
}
 
17:43:48.360 [pool-1-thread-3] INFO  com.intuit.karate - Environment variable is : popcorn 
17:43:48.362 [pool-1-thread-2] INFO  c.intuit.karate.core.FeatureRuntime - scenario called at line: 14 by tag: @customerInfo
17:43:48.373 [pool-1-thread-1] INFO  com.intuit.karate - Environment variable is : popcorn 
17:43:48.378 [pool-1-thread-3] INFO  c.intuit.karate.core.FeatureRuntime - scenario called at line: 14 by tag: @customerInfo
17:43:48.387 [pool-1-thread-1] INFO  c.intuit.karate.core.FeatureRuntime - scenario called at line: 14 by tag: @customerInfo
17:43:48.911 [pool-1-thread-5] INFO  com.intuit.karate - [print] customer create response --&gt; {
  &quot;lastName&quot;: &quot;&quot;,
  &quot;deliveryAddresses&quot;: [
  ],
  &quot;imagePath&quot;: null,
  &quot;roles&quot;: [
  ],
  &quot;lastOrderDate&quot;: null,
  &quot;registerType&quot;: 0,
  &quot;phoneCountry&quot;: {
    &quot;name&quot;: &quot;Russian Federation&quot;,
    &quot;id&quot;: &quot;59c4edba-f347-45b3-a5c9-aed7ac852ff8&quot;
  },
  &quot;customerStatus&quot;: 0,
  &quot;riderId&quot;: null,
  &quot;password&quot;: null,
  &quot;passwordConfirm&quot;: null,
  &quot;imageFile&quot;: null,
  &quot;referralCode&quot;: null,
  &quot;imageUrl&quot;: null,
  &quot;customerId&quot;: null,
  &quot;id&quot;: &quot;302a55ac-55fa-4622-a6f2-157445997565&quot;,
  &quot;nationalSecurityNumber&quot;: null,
  &quot;email&quot;: &quot;rct7reu@grr.la&quot;,
  &quot;isBlockedCodeCampaign&quot;: false,
  &quot;fullName&quot;: &quot;cu6waqd&quot;,
  &quot;employeeId&quot;: null,
  &quot;userId&quot;: &quot;6b750df6-9830-4bdc-8e2f-c0ac12295780&quot;,
  &quot;lastActiveAt&quot;: &quot;0001-01-01T00:00:00.000Z&quot;,
  &quot;firstName&quot;: &quot;cu6waqd&quot;,
  &quot;phoneNumber&quot;: &quot;8448390906&quot;,
  &quot;roleIds&quot;: null,
  &quot;statusText&quot;: &quot;Active&quot;,
  &quot;orders&quot;: null,
  &quot;lastActiveIp&quot;: null,
  &quot;residenceAddress&quot;: null,
  &quot;status&quot;: 1
}
 
17:43:48.965 [pool-1-thread-4] INFO  com.intuit.karate - [print] customer edit fail scenario response --&gt; {
  &quot;visible&quot;: true,
  &quot;action&quot;: &quot;default&quot;,
  &quot;messages&quot;: [
    &quot;Email.NotValid&quot;,
    &quot;be.user.length&quot;
  ],
  &quot;validations&quot;: {
    &quot;email&quot;: [
      &quot;Email.NotValid&quot;,
      &quot;be.user.length&quot;
    ]
  },
  &quot;type&quot;: &quot;validation&quot;,
  &quot;title&quot;: null,
  &quot;message&quot;: &quot;Email.NotValid&quot;,
  &quot;typeCode&quot;: 400
}
 
17:43:48.987 [pool-1-thread-4] INFO  com.intuit.karate - Environment variable is : popcorn 
17:43:49.003 [pool-1-thread-4] INFO  c.intuit.karate.core.FeatureRuntime - scenario called at line: 14 by tag: @customerInfo
17:43:49.324 [pool-1-thread-1] INFO  com.intuit.karate - [print] customer create response --&gt; {
  &quot;lastName&quot;: &quot;&quot;,
  &quot;deliveryAddresses&quot;: [
  ],
  &quot;imagePath&quot;: null,
  &quot;roles&quot;: [
  ],
  &quot;lastOrderDate&quot;: null,
  &quot;registerType&quot;: 0,
  &quot;phoneCountry&quot;: {
    &quot;name&quot;: &quot;Russian Federation&quot;,
    &quot;id&quot;: &quot;59c4edba-f347-45b3-a5c9-aed7ac852ff8&quot;
  },
  &quot;customerStatus&quot;: 0,
  &quot;riderId&quot;: null,
  &quot;password&quot;: null,
  &quot;passwordConfirm&quot;: null,
  &quot;imageFile&quot;: null,
  &quot;referralCode&quot;: null,
  &quot;imageUrl&quot;: null,
  &quot;customerId&quot;: null,
  &quot;id&quot;: &quot;a98970e8-966c-48ef-a90b-fc4a6402d551&quot;,
  &quot;nationalSecurityNumber&quot;: null,
  &quot;email&quot;: &quot;eogbkrr@grr.la&quot;,
  &quot;isBlockedCodeCampaign&quot;: false,
  &quot;fullName&quot;: &quot;umd0y1i&quot;,
  &quot;employeeId&quot;: null,
  &quot;userId&quot;: &quot;44e0b3ec-67f6-4869-8107-95832e9a07ab&quot;,
  &quot;lastActiveAt&quot;: &quot;0001-01-01T00:00:00.000Z&quot;,
  &quot;firstName&quot;: &quot;umd0y1i&quot;,
  &quot;phoneNumber&quot;: &quot;2709696658&quot;,
  &quot;roleIds&quot;: null,
  &quot;statusText&quot;: &quot;Active&quot;,
  &quot;orders&quot;: null,
  &quot;lastActiveIp&quot;: null,
  &quot;residenceAddress&quot;: null,
  &quot;status&quot;: 1
}
 
17:43:49.386 [pool-1-thread-3] INFO  com.intuit.karate - [print] customer create response --&gt; {
  &quot;lastName&quot;: &quot;&quot;,
  &quot;deliveryAddresses&quot;: [
  ],
  &quot;imagePath&quot;: null,
  &quot;roles&quot;: [
  ],
  &quot;lastOrderDate&quot;: null,
  &quot;registerType&quot;: 0,
  &quot;phoneCountry&quot;: {
    &quot;name&quot;: &quot;Russian Federation&quot;,
    &quot;id&quot;: &quot;59c4edba-f347-45b3-a5c9-aed7ac852ff8&quot;
  },
  &quot;customerStatus&quot;: 0,
  &quot;riderId&quot;: null,
  &quot;password&quot;: null,
  &quot;passwordConfirm&quot;: null,
  &quot;imageFile&quot;: null,
  &quot;referralCode&quot;: null,
  &quot;imageUrl&quot;: null,
  &quot;customerId&quot;: null,
  &quot;id&quot;: &quot;28604b72-f4ea-45a6-a92c-ec1d51641cd8&quot;,
  &quot;nationalSecurityNumber&quot;: null,
  &quot;email&quot;: &quot;flj6zch@grr.la&quot;,
  &quot;isBlockedCodeCampaign&quot;: false,
  &quot;fullName&quot;: &quot;wfhtyvc&quot;,
  &quot;employeeId&quot;: null,
  &quot;userId&quot;: &quot;9c440a70-dfa8-44d2-a6e9-fb5a3d9c5032&quot;,
  &quot;lastActiveAt&quot;: &quot;0001-01-01T00:00:00.000Z&quot;,
  &quot;firstName&quot;: &quot;wfhtyvc&quot;,
  &quot;phoneNumber&quot;: &quot;7102856417&quot;,
  &quot;roleIds&quot;: null,
  &quot;statusText&quot;: &quot;Active&quot;,
  &quot;orders&quot;: null,
  &quot;lastActiveIp&quot;: null,
  &quot;residenceAddress&quot;: null,
  &quot;status&quot;: 1
}
 
17:43:49.386 [pool-1-thread-2] INFO  com.intuit.karate - [print] customer create response --&gt; {
  &quot;lastName&quot;: &quot;&quot;,
  &quot;deliveryAddresses&quot;: [
  ],
  &quot;imagePath&quot;: null,
  &quot;roles&quot;: [
  ],
  &quot;lastOrderDate&quot;: null,
  &quot;registerType&quot;: 0,
  &quot;phoneCountry&quot;: {
    &quot;name&quot;: &quot;Russian Federation&quot;,
    &quot;id&quot;: &quot;59c4edba-f347-45b3-a5c9-aed7ac852ff8&quot;
  },
  &quot;customerStatus&quot;: 0,
  &quot;riderId&quot;: null,
  &quot;password&quot;: null,
  &quot;passwordConfirm&quot;: null,
  &quot;imageFile&quot;: null,
  &quot;referralCode&quot;: null,
  &quot;imageUrl&quot;: null,
  &quot;customerId&quot;: null,
  &quot;id&quot;: &quot;dc6253c2-c1a6-444f-a96a-e9989f9ba8b7&quot;,
  &quot;nationalSecurityNumber&quot;: null,
  &quot;email&quot;: &quot;0pthies@grr.la&quot;,
  &quot;isBlockedCodeCampaign&quot;: false,
  &quot;fullName&quot;: &quot;wzay0x7&quot;,
  &quot;employeeId&quot;: null,
  &quot;userId&quot;: &quot;b4280843-f675-43d2-92ee-25a89e4d5a36&quot;,
  &quot;lastActiveAt&quot;: &quot;0001-01-01T00:00:00.000Z&quot;,
  &quot;firstName&quot;: &quot;wzay0x7&quot;,
  &quot;phoneNumber&quot;: &quot;6676664643&quot;,
  &quot;roleIds&quot;: null,
  &quot;statusText&quot;: &quot;Active&quot;,
  &quot;orders&quot;: null,
  &quot;lastActiveIp&quot;: null,
  &quot;residenceAddress&quot;: null,
  &quot;status&quot;: 1
}
 
17:43:49.871 [pool-1-thread-5] INFO  com.intuit.karate - [print] customer edit fail scenario response --&gt; {
  &quot;visible&quot;: true,
  &quot;action&quot;: &quot;default&quot;,
  &quot;messages&quot;: [
    &quot;Required&quot;,
    &quot;be.user.length&quot;,
    &quot;Same Phone Number cannot be used for more than one user.&quot;
  ],
  &quot;validations&quot;: {
    &quot;phoneNumber&quot;: [
      &quot;Required&quot;,
      &quot;be.user.length&quot;
    ],
    &quot;phoneCountryId&quot;: [
      &quot;Same Phone Number cannot be used for more than one user.&quot;
    ]
  },
  &quot;type&quot;: &quot;validation&quot;,
  &quot;title&quot;: null,
  &quot;message&quot;: &quot;Required&quot;,
  &quot;typeCode&quot;: 400
}
 
17:43:49.886 [pool-1-thread-5] INFO  com.intuit.karate - Environment variable is : popcorn 
17:43:49.896 [pool-1-thread-5] INFO  c.intuit.karate.core.FeatureRuntime - scenario called at line: 14 by tag: @customerInfo
17:43:49.955 [pool-1-thread-1] INFO  com.intuit.karate - [print] customer edit fail scenario response --&gt; {
  &quot;visible&quot;: true,
  &quot;action&quot;: &quot;default&quot;,
  &quot;messages&quot;: [
    &quot;Error converting value \&quot;wrong\&quot; to type &apos;System.Guid&apos;. Path &apos;phoneCountryId&apos;, line 1, position 97.&quot;
  ],
  &quot;validations&quot;: {
    &quot;phoneCountryId&quot;: [
      &quot;Error converting value \&quot;wrong\&quot; to type &apos;System.Guid&apos;. Path &apos;phoneCountryId&apos;, line 1, position 97.&quot;
    ]
  },
  &quot;type&quot;: &quot;validation&quot;,
  &quot;title&quot;: null,
  &quot;message&quot;: &quot;Error converting value \&quot;wrong\&quot; to type &apos;System.Guid&apos;. Path &apos;phoneCountryId&apos;, line 1, position 97.&quot;,
  &quot;typeCode&quot;: 400
}
 
17:43:49.958 [pool-1-thread-1] INFO  com.intuit.karate - Environment variable is : popcorn 
17:43:50.012 [pool-1-thread-4] INFO  com.intuit.karate - [print] customer create response --&gt; {
  &quot;lastName&quot;: &quot;&quot;,
  &quot;deliveryAddresses&quot;: [
  ],
  &quot;imagePath&quot;: null,
  &quot;roles&quot;: [
  ],
  &quot;lastOrderDate&quot;: null,
  &quot;registerType&quot;: 0,
  &quot;phoneCountry&quot;: {
    &quot;name&quot;: &quot;Russian Federation&quot;,
    &quot;id&quot;: &quot;59c4edba-f347-45b3-a5c9-aed7ac852ff8&quot;
  },
  &quot;customerStatus&quot;: 0,
  &quot;riderId&quot;: null,
  &quot;password&quot;: null,
  &quot;passwordConfirm&quot;: null,
  &quot;imageFile&quot;: null,
  &quot;referralCode&quot;: null,
  &quot;imageUrl&quot;: null,
  &quot;customerId&quot;: null,
  &quot;id&quot;: &quot;f1e8d528-c530-470f-a8e1-da94c492ee68&quot;,
  &quot;nationalSecurityNumber&quot;: null,
  &quot;email&quot;: &quot;6hsb3gp@grr.la&quot;,
  &quot;isBlockedCodeCampaign&quot;: false,
  &quot;fullName&quot;: &quot;xkjqkq8&quot;,
  &quot;employeeId&quot;: null,
  &quot;userId&quot;: &quot;fc5e4cd4-cd1d-48f0-b902-cf0ab3f6386b&quot;,
  &quot;lastActiveAt&quot;: &quot;0001-01-01T00:00:00.000Z&quot;,
  &quot;firstName&quot;: &quot;xkjqkq8&quot;,
  &quot;phoneNumber&quot;: &quot;0174355809&quot;,
  &quot;roleIds&quot;: null,
  &quot;statusText&quot;: &quot;Active&quot;,
  &quot;orders&quot;: null,
  &quot;lastActiveIp&quot;: null,
  &quot;residenceAddress&quot;: null,
  &quot;status&quot;: 1
}
 
17:43:50.070 [pool-1-thread-2] INFO  com.intuit.karate - [print] customer edit fail scenario response --&gt; {
  &quot;visible&quot;: true,
  &quot;action&quot;: &quot;default&quot;,
  &quot;messages&quot;: [
    &quot;Error converting value \&quot;wrong\&quot; to type &apos;System.Guid&apos;. Path &apos;id&apos;, line 1, position 13.&quot;
  ],
  &quot;validations&quot;: {
    &quot;id&quot;: [
      &quot;Error converting value \&quot;wrong\&quot; to type &apos;System.Guid&apos;. Path &apos;id&apos;, line 1, position 13.&quot;
    ]
  },
  &quot;type&quot;: &quot;validation&quot;,
  &quot;title&quot;: null,
  &quot;message&quot;: &quot;Error converting value \&quot;wrong\&quot; to type &apos;System.Guid&apos;. Path &apos;id&apos;, line 1, position 13.&quot;,
  &quot;typeCode&quot;: 400
}
 
17:43:50.074 [pool-1-thread-2] INFO  com.intuit.karate - Environment variable is : popcorn 
17:43:50.391 [pool-1-thread-3] INFO  com.intuit.karate - [print] customer edit fail scenario response --&gt; {
  &quot;visible&quot;: true,
  &quot;action&quot;: &quot;default&quot;,
  &quot;messages&quot;: [
    &quot;Email.NotValid&quot;
  ],
  &quot;validations&quot;: {
    &quot;email&quot;: [
      &quot;Email.NotValid&quot;
    ]
  },
  &quot;type&quot;: &quot;validation&quot;,
  &quot;title&quot;: null,
  &quot;message&quot;: &quot;Email.NotValid&quot;,
  &quot;typeCode&quot;: 400
}
 
17:43:50.403 [pool-1-thread-3] INFO  com.intuit.karate - Environment variable is : popcorn 
17:43:50.486 [pool-1-thread-1] INFO  com.intuit.karate - [print] get notification settings response --&gt;  {
  &quot;campaignEmailAllowed&quot;: false,
  &quot;deliveryEmailAllowed&quot;: false,
  &quot;campaignPushAllowed&quot;: true,
  &quot;campaignSmsAllowed&quot;: false,
  &quot;deliverySmsAllowed&quot;: true,
  &quot;deliveryPushAllowed&quot;: false
}
 
17:43:50.501 [pool-1-thread-1] INFO  com.intuit.karate - Environment variable is : popcorn 
17:43:50.514 [pool-1-thread-4] INFO  com.intuit.karate - [print] customer find response --&gt;  {
  &quot;lastName&quot;: &quot;&quot;,
  &quot;deliveryAddresses&quot;: [
  ],
  &quot;imagePath&quot;: null,
  &quot;roles&quot;: [
  ],
  &quot;lastOrderDate&quot;: null,
  &quot;registerType&quot;: 0,
  &quot;phoneCountry&quot;: {
    &quot;name&quot;: &quot;Russian Federation&quot;,
    &quot;id&quot;: &quot;59c4edba-f347-45b3-a5c9-aed7ac852ff8&quot;
  },
  &quot;customerStatus&quot;: 1,
  &quot;riderId&quot;: null,
  &quot;password&quot;: &quot;D328D517E09060D1AAD34F3FB12D82AB8E9A15D81032638698758ADD385A9454&quot;,
  &quot;passwordConfirm&quot;: null,
  &quot;imageFile&quot;: null,
  &quot;referralCode&quot;: null,
  &quot;imageUrl&quot;: null,
  &quot;customerId&quot;: &quot;f1e8d528-c530-470f-a8e1-da94c492ee68&quot;,
  &quot;id&quot;: &quot;fc5e4cd4-cd1d-48f0-b902-cf0ab3f6386b&quot;,
  &quot;nationalSecurityNumber&quot;: null,
  &quot;email&quot;: &quot;6hsb3gp@grr.la&quot;,
  &quot;isBlockedCodeCampaign&quot;: false,
  &quot;fullName&quot;: &quot;xkjqkq8&quot;,
  &quot;employeeId&quot;: null,
  &quot;userId&quot;: &quot;fc5e4cd4-cd1d-48f0-b902-cf0ab3f6386b&quot;,
  &quot;lastActiveAt&quot;: &quot;0001-01-01T00:00:00.000Z&quot;,
  &quot;firstName&quot;: &quot;xkjqkq8&quot;,
  &quot;phoneNumber&quot;: &quot;0174355809&quot;,
  &quot;roleIds&quot;: null,
  &quot;statusText&quot;: &quot;Active&quot;,
  &quot;orders&quot;: null,
  &quot;lastActiveIp&quot;: null,
  &quot;residenceAddress&quot;: null,
  &quot;status&quot;: 1
}
 
17:43:50.557 [pool-1-thread-4] INFO  com.intuit.karate - Environment variable is : popcorn 
17:43:50.577 [pool-1-thread-2] INFO  com.intuit.karate - [print] response --&gt;  {
  &quot;visible&quot;: true,
  &quot;action&quot;: &quot;default&quot;,
  &quot;messages&quot;: [
    &quot;User Authorization Error&quot;
  ],
  &quot;type&quot;: &quot;authorization&quot;,
  &quot;title&quot;: null,
  &quot;message&quot;: &quot;User Authorization Error&quot;,
  &quot;typeCode&quot;: 401
}
 
17:43:50.598 [pool-1-thread-2] INFO  com.intuit.karate - Environment variable is : popcorn 
17:43:50.625 [pool-1-thread-5] INFO  com.intuit.karate - [print] customer create response --&gt; {
  &quot;lastName&quot;: &quot;&quot;,
  &quot;deliveryAddresses&quot;: [
  ],
  &quot;imagePath&quot;: null,
  &quot;roles&quot;: [
  ],
  &quot;lastOrderDate&quot;: null,
  &quot;registerType&quot;: 0,
  &quot;phoneCountry&quot;: {
    &quot;name&quot;: &quot;Russian Federation&quot;,
    &quot;id&quot;: &quot;59c4edba-f347-45b3-a5c9-aed7ac852ff8&quot;
  },
  &quot;customerStatus&quot;: 0,
  &quot;riderId&quot;: null,
  &quot;password&quot;: null,
  &quot;passwordConfirm&quot;: null,
  &quot;imageFile&quot;: null,
  &quot;referralCode&quot;: null,
  &quot;imageUrl&quot;: null,
  &quot;customerId&quot;: null,
  &quot;id&quot;: &quot;b6f96723-aac7-48c7-abb6-9950983df355&quot;,
  &quot;nationalSecurityNumber&quot;: null,
  &quot;email&quot;: &quot;xthlu8g@grr.la&quot;,
  &quot;isBlockedCodeCampaign&quot;: false,
  &quot;fullName&quot;: &quot;atrqe3s&quot;,
  &quot;employeeId&quot;: null,
  &quot;userId&quot;: &quot;2cd2fbb8-e11d-47a5-914a-39b999ec8f6b&quot;,
  &quot;lastActiveAt&quot;: &quot;0001-01-01T00:00:00.000Z&quot;,
  &quot;firstName&quot;: &quot;atrqe3s&quot;,
  &quot;phoneNumber&quot;: &quot;6633945870&quot;,
  &quot;roleIds&quot;: null,
  &quot;statusText&quot;: &quot;Active&quot;,
  &quot;orders&quot;: null,
  &quot;lastActiveIp&quot;: null,
  &quot;residenceAddress&quot;: null,
  &quot;status&quot;: 1
}
 
17:43:50.970 [pool-1-thread-3] INFO  com.intuit.karate - [print] push notification setting by user response --&gt; [
  {
    &quot;userExternalId&quot;: &quot;729e2ca4-b5c2-4a38-88e8-f8f3914b9846&quot;,
    &quot;userId&quot;: &quot;68b59900-5e5d-4c83-b4bf-9206344af7d8&quot;,
    &quot;deliveryPushAllowed&quot;: false
  }
]
 
17:43:50.999 [pool-1-thread-3] INFO  com.intuit.karate - Environment variable is : popcorn 
---------------------------------------------------------
feature: classpath:features/userApi/customer/customer_edit.feature
scenarios:  9 | passed:  9 | failed:  0 | time: 15.4835
---------------------------------------------------------

17:43:51.039 [pool-2-thread-1] INFO  com.intuit.karate.Suite - &lt;&lt;pass&gt;&gt; feature 14 of 31 (17 remaining) classpath:features/userApi/customer/customer_edit.feature
17:43:51.080 [pool-1-thread-4] INFO  com.intuit.karate - [print] response --&gt;  &quot;68b59900-5e5d-4c83-b4bf-9206344af7d8&quot; 
17:43:51.081 [pool-1-thread-1] INFO  com.intuit.karate - Environment variable is : popcorn 
17:43:51.087 [pool-1-thread-2] INFO  com.intuit.karate - Environment variable is : popcorn 
17:43:51.121 [pool-1-thread-4] INFO  com.intuit.karate - Environment variable is : popcorn 
17:43:51.203 [pool-1-thread-5] INFO  com.intuit.karate - [print] customer find without authorization response --&gt;  {
  &quot;visible&quot;: true,
  &quot;action&quot;: &quot;default&quot;,
  &quot;messages&quot;: [
    &quot;User Authorization Error&quot;
  ],
  &quot;type&quot;: &quot;authorization&quot;,
  &quot;title&quot;: null,
  &quot;message&quot;: &quot;User Authorization Error&quot;,
  &quot;typeCode&quot;: 401
}
 
17:43:51.221 [pool-1-thread-5] INFO  com.intuit.karate - Environment variable is : popcorn 
---------------------------------------------------------
feature: classpath:features/userApi/customer/customer_find.feature
scenarios:  2 | passed:  2 | failed:  0 | time: 2.8404
---------------------------------------------------------

17:43:51.345 [pool-2-thread-1] INFO  com.intuit.karate.Suite - &lt;&lt;pass&gt;&gt; feature 15 of 31 (16 remaining) classpath:features/userApi/customer/customer_find.feature
---------------------------------------------------------
feature: classpath:features/userApi/customer/customer_get_notification_settings.feature
scenarios:  2 | passed:  2 | failed:  0 | time: 1.0447
---------------------------------------------------------

17:43:51.378 [pool-2-thread-1] INFO  com.intuit.karate.Suite - &lt;&lt;pass&gt;&gt; feature 16 of 31 (15 remaining) classpath:features/userApi/customer/customer_get_notification_settings.feature
---------------------------------------------------------
feature: classpath:features/userApi/customer/customer_get_push_notification_setting_by_users.feature
scenarios:  2 | passed:  2 | failed:  0 | time: 1.1475
---------------------------------------------------------

17:43:51.404 [pool-2-thread-1] INFO  com.intuit.karate.Suite - &lt;&lt;pass&gt;&gt; feature 17 of 31 (14 remaining) classpath:features/userApi/customer/customer_get_push_notification_setting_by_users.feature
---------------------------------------------------------
feature: classpath:features/userApi/customer/customer_get_userid_by_referralcode.feature
scenarios:  2 | passed:  2 | failed:  0 | time: 1.0387
---------------------------------------------------------

17:43:51.425 [pool-2-thread-1] INFO  com.intuit.karate.Suite - &lt;&lt;pass&gt;&gt; feature 18 of 31 (13 remaining) classpath:features/userApi/customer/customer_get_userid_by_referralcode.feature
17:43:51.635 [pool-1-thread-2] INFO  com.intuit.karate - [print] {
  &quot;visible&quot;: true,
  &quot;action&quot;: &quot;default&quot;,
  &quot;messages&quot;: [
    &quot;UnAuthorized&quot;
  ],
  &quot;type&quot;: &quot;authorization&quot;,
  &quot;title&quot;: null,
  &quot;message&quot;: &quot;UnAuthorized&quot;,
  &quot;typeCode&quot;: 401
}
 
17:43:51.635 [pool-1-thread-3] INFO  com.intuit.karate - [print] customer list response --&gt;  {
  &quot;page&quot;: {
    &quot;pageNumber&quot;: 0,
    &quot;pageSize&quot;: 0,
    &quot;hasNext&quot;: false,
    &quot;totalCount&quot;: 2
  },
  &quot;items&quot;: [
    {
      &quot;lastName&quot;: &quot;&quot;,
      &quot;imagePath&quot;: null,
      &quot;roles&quot;: [
      ],
      &quot;orderCount&quot;: 0,
      &quot;fullName&quot;: &quot;teasdst&quot;,
      &quot;title&quot;: null,
      &quot;firstName&quot;: &quot;teasdst&quot;,
      &quot;createdAt&quot;: &quot;2021-12-20T21:43:31.986Z&quot;,
      &quot;phoneNumber&quot;: &quot;123123123112323&quot;,
      &quot;roleIds&quot;: null,
      &quot;imageUrl&quot;: null,
      &quot;statusText&quot;: &quot;Blocked&quot;,
      &quot;statusName&quot;: &quot;be.user.enums.userstatus.blocked&quot;,
      &quot;phoneCountryId&quot;: &quot;a82b2d38-c995-4339-b436-43cabf8d3651&quot;,
      &quot;id&quot;: &quot;8e470473-c1c6-45bb-b4a1-b57867090a0e&quot;,
      &quot;email&quot;: &quot;test@testetasdet.com&quot;,
      &quot;status&quot;: 2,
      &quot;updatedAt&quot;: &quot;2021-12-20T22:09:47.240Z&quot;
    },
    {
      &quot;lastName&quot;: null,
      &quot;imagePath&quot;: null,
      &quot;roles&quot;: [
      ],
      &quot;orderCount&quot;: 0,
      &quot;fullName&quot;: null,
      &quot;title&quot;: null,
      &quot;firstName&quot;: null,
      &quot;createdAt&quot;: &quot;2021-10-28T10:37:47.070Z&quot;,
      &quot;phoneNumber&quot;: &quot;55555&quot;,
      &quot;roleIds&quot;: null,
      &quot;imageUrl&quot;: null,
      &quot;statusText&quot;: &quot;Blocked&quot;,
      &quot;statusName&quot;: &quot;be.user.enums.userstatus.blocked&quot;,
      &quot;phoneCountryId&quot;: &quot;81a2f978-226e-46e5-87b1-950e67b7f550&quot;,
      &quot;id&quot;: &quot;55715d27-1aa5-49f0-8739-6f299af9b6fe&quot;,
      &quot;email&quot;: &quot;cakmamail@cakma.com&quot;,
      &quot;status&quot;: 2,
      &quot;updatedAt&quot;: &quot;2021-10-28T10:37:47.070Z&quot;
    }
  ]
}
 
17:43:51.642 [pool-1-thread-2] INFO  com.intuit.karate - Environment variable is : popcorn 
17:43:51.653 [pool-1-thread-3] INFO  com.intuit.karate - Environment variable is : popcorn 
17:43:51.715 [pool-1-thread-1] INFO  com.intuit.karate - [print] customer list without authorization response --&gt;  {
  &quot;visible&quot;: true,
  &quot;action&quot;: &quot;default&quot;,
  &quot;messages&quot;: [
    &quot;User Authorization Error&quot;
  ],
  &quot;type&quot;: &quot;authorization&quot;,
  &quot;title&quot;: null,
  &quot;message&quot;: &quot;User Authorization Error&quot;,
  &quot;typeCode&quot;: 401
}
 
17:43:51.720 [pool-1-thread-1] INFO  com.intuit.karate - Environment variable is : popcorn 
---------------------------------------------------------
feature: classpath:features/userApi/customer/customer_list.feature
scenarios:  2 | passed:  2 | failed:  0 | time: 1.2697
---------------------------------------------------------

17:43:51.753 [pool-2-thread-1] INFO  com.intuit.karate.Suite - &lt;&lt;pass&gt;&gt; feature 19 of 31 (12 remaining) classpath:features/userApi/customer/customer_list.feature
17:43:51.805 [pool-1-thread-4] INFO  com.intuit.karate - [print] {
  &quot;visible&quot;: true,
  &quot;action&quot;: &quot;default&quot;,
  &quot;messages&quot;: [
    &quot;UnAuthorized&quot;
  ],
  &quot;type&quot;: &quot;authorization&quot;,
  &quot;title&quot;: null,
  &quot;message&quot;: &quot;UnAuthorized&quot;,
  &quot;typeCode&quot;: 401
}
 
17:43:51.810 [pool-1-thread-4] INFO  com.intuit.karate - Environment variable is : popcorn 
17:43:51.833 [pool-1-thread-5] INFO  com.intuit.karate - [print] {
  &quot;visible&quot;: true,
  &quot;action&quot;: &quot;default&quot;,
  &quot;messages&quot;: [
    &quot;UnAuthorized&quot;
  ],
  &quot;type&quot;: &quot;authorization&quot;,
  &quot;title&quot;: null,
  &quot;message&quot;: &quot;UnAuthorized&quot;,
  &quot;typeCode&quot;: 401
}
 
17:43:51.836 [pool-1-thread-5] INFO  com.intuit.karate - Environment variable is : popcorn 
17:43:51.846 [pool-1-thread-5] INFO  c.intuit.karate.core.FeatureRuntime - scenario called at line: 14 by tag: @loginWithPhoneValue
17:43:52.469 [pool-1-thread-2] INFO  com.intuit.karate - [print] {
  &quot;visible&quot;: true,
  &quot;action&quot;: &quot;default&quot;,
  &quot;messages&quot;: [
    &quot;UnAuthorized&quot;
  ],
  &quot;type&quot;: &quot;authorization&quot;,
  &quot;title&quot;: null,
  &quot;message&quot;: &quot;UnAuthorized&quot;,
  &quot;typeCode&quot;: 401
}
 
17:43:52.470 [pool-1-thread-1] INFO  com.intuit.karate - [print] {
  &quot;expiresIn&quot;: 3.15359999963895E7,
  &quot;accessToken&quot;: &quot;eyJhbGciOiJIUzUxMiIsInR5cCI6IkpXVCJ9.eyJuYW1laWQiOiJidXNyYW96ZG1yLjgwMUBnbWFpbC5jb20iLCJuYW1lIjoiYnVzIGJ1cyAiLCJVc2VyVHlwZSI6IkN1c3RvbWVyIiwiTmFtZSI6ImJ1cyBidXMgIiwiRW1haWwiOiJidXNyYW96ZG1yLjgwMUBnbWFpbC5jb20iLCJVc2VySWQiOiI2OGI1OTkwMC01ZTVkLTRjODMtYjRiZi05MjA2MzQ0YWY3ZDgiLCJuYmYiOjE2NDI0MzA2MzIsImV4cCI6MTY3Mzk2NjYzMiwiaWF0IjoxNjQyNDMwNjMyLCJpc3MiOiJodHRwczovL3BvcGNvcm52YW4uY29tLyIsImF1ZCI6Imh0dHBzOi8vcG9wY29ybnZhbi5jb20vIn0.a_kzqnwe1zcMXBdOeBtW9ErFXCL6m_bD7FDykAYYD4KQDKMJQuBkstDiUBKUG_pbuTJ89mV0qNoDbfnBztQXyQ&quot;,
  &quot;user&quot;: {
    &quot;imagePath&quot;: null,
    &quot;isBlockedCodeCampaign&quot;: false,
    &quot;languageId&quot;: null,
    &quot;orderCount&quot;: 1,
    &quot;fullName&quot;: &quot;bus bus &quot;,
    &quot;languageCode&quot;: null,
    &quot;userId&quot;: &quot;68b59900-5e5d-4c83-b4bf-9206344af7d8&quot;,
    &quot;languageName&quot;: null,
    &quot;phoneAreaCode&quot;: &quot;+1&quot;,
    &quot;phoneNumber&quot;: &quot;5541394803&quot;,
    &quot;externalUserId&quot;: &quot;729e2ca4-b5c2-4a38-88e8-f8f3914b9846&quot;,
    &quot;selectedAddress&quot;: null,
    &quot;referralCode&quot;: &quot;F7DZRR6T9K&quot;,
    &quot;imageUrl&quot;: null,
    &quot;customerId&quot;: &quot;bc7ec2e5-a2e7-453b-8c16-33e7f87645f6&quot;,
    &quot;phoneCountryId&quot;: &quot;81a2f978-226e-46e5-87b1-950e67b7f550&quot;,
    &quot;email&quot;: &quot;busraozdmr.801@gmail.com&quot;
  },
  &quot;refreshToken&quot;: &quot;0AybeanIE+kxZMdiee5xOdKvzMjPLEiSmGa8C6dIkdR/e++LZQQmRNePU8Y=&quot;
}
 
17:43:52.474 [pool-1-thread-2] INFO  com.intuit.karate - Environment variable is : popcorn 
17:43:52.477 [pool-1-thread-1] INFO  com.intuit.karate - Environment variable is : popcorn 
17:43:52.478 [pool-1-thread-2] INFO  c.intuit.karate.core.FeatureRuntime - scenario called at line: 14 by tag: @loginWithPhoneValue
17:43:52.479 [pool-1-thread-1] INFO  c.intuit.karate.core.FeatureRuntime - scenario called at line: 14 by tag: @loginWithPhoneValue
17:43:52.531 [pool-1-thread-4] INFO  com.intuit.karate - Environment variable is : popcorn 
17:43:52.533 [pool-1-thread-4] INFO  c.intuit.karate.core.FeatureRuntime - scenario called at line: 14 by tag: @loginWithPhoneValue
17:43:52.808 [pool-1-thread-5] INFO  com.intuit.karate - [print] Customer Register response --&gt;  {
  &quot;visible&quot;: true,
  &quot;action&quot;: &quot;default&quot;,
  &quot;messages&quot;: [
    &quot;OtpVerification&quot;
  ],
  &quot;type&quot;: &quot;otpverification&quot;,
  &quot;title&quot;: null,
  &quot;message&quot;: &quot;OtpVerification&quot;,
  &quot;typeCode&quot;: 203
}
 
17:43:53.300 [pool-1-thread-1] INFO  com.intuit.karate - [print] Customer Register response --&gt;  {
  &quot;visible&quot;: true,
  &quot;action&quot;: &quot;default&quot;,
  &quot;messages&quot;: [
    &quot;OtpVerification&quot;
  ],
  &quot;type&quot;: &quot;otpverification&quot;,
  &quot;title&quot;: null,
  &quot;message&quot;: &quot;OtpVerification&quot;,
  &quot;typeCode&quot;: 203
}
 
17:43:53.328 [pool-1-thread-3] INFO  com.intuit.karate - [print] {
  &quot;visible&quot;: true,
  &quot;action&quot;: &quot;default&quot;,
  &quot;messages&quot;: [
    &quot;UnAuthorized&quot;
  ],
  &quot;type&quot;: &quot;authorization&quot;,
  &quot;title&quot;: null,
  &quot;message&quot;: &quot;UnAuthorized&quot;,
  &quot;typeCode&quot;: 401
}
 
17:43:53.334 [pool-1-thread-3] INFO  com.intuit.karate - Environment variable is : popcorn 
17:43:53.338 [pool-1-thread-3] INFO  c.intuit.karate.core.FeatureRuntime - scenario called at line: 14 by tag: @loginWithPhoneValue
---------------------------------------------------------
feature: classpath:features/userApi/customer/customer_login.feature
scenarios:  6 | passed:  6 | failed:  0 | time: 5.0845
---------------------------------------------------------

17:43:53.421 [pool-2-thread-1] INFO  com.intuit.karate.Suite - &lt;&lt;pass&gt;&gt; feature 20 of 31 (11 remaining) classpath:features/userApi/customer/customer_login.feature
---------------------------------------------------------
feature: classpath:features/userApi/customer/customer_login_authentication.feature
scenarios:  1 | passed:  1 | failed:  0 | time: 0.7149
---------------------------------------------------------

17:43:53.464 [pool-2-thread-1] INFO  com.intuit.karate.Suite - &lt;&lt;pass&gt;&gt; feature 21 of 31 (10 remaining) classpath:features/userApi/customer/customer_login_authentication.feature
17:43:53.466 [pool-1-thread-2] INFO  com.intuit.karate - [print] Customer Register response --&gt;  {
  &quot;visible&quot;: true,
  &quot;action&quot;: &quot;default&quot;,
  &quot;messages&quot;: [
    &quot;OtpVerification&quot;
  ],
  &quot;type&quot;: &quot;otpverification&quot;,
  &quot;title&quot;: null,
  &quot;message&quot;: &quot;OtpVerification&quot;,
  &quot;typeCode&quot;: 203
}
 
17:43:53.577 [pool-1-thread-5] ERROR com.intuit.karate - classpath:features/userApi/customer/customer_login_with_phone.feature:26
Then status 203
status code was: 400, expected: 203, response time in milliseconds: 758, url: https://testapi.popcornvan.cloud/user/Customer/LoginWithPhone, response: 
{&quot;validations&quot;:{&quot;phoneNumber&quot;:[&quot;This user does not exist. Please Sign up.&quot;]},&quot;typeCode&quot;:400,&quot;type&quot;:&quot;validation&quot;,&quot;action&quot;:&quot;default&quot;,&quot;visible&quot;:true,&quot;title&quot;:null,&quot;messages&quot;:[&quot;This user does not exist. Please Sign up.&quot;],&quot;message&quot;:&quot;This user does not exist. Please Sign up.&quot;}
classpath:features/userApi/customer/customer_login_with_phone.feature:26
17:43:53.582 [pool-1-thread-5] INFO  com.intuit.karate - Environment variable is : popcorn 
17:43:53.586 [pool-1-thread-5] INFO  c.intuit.karate.core.FeatureRuntime - scenario called at line: 14 by tag: @loginWithPhoneValue
17:43:53.628 [pool-1-thread-4] INFO  com.intuit.karate - [print] Customer Register response --&gt;  {
  &quot;visible&quot;: true,
  &quot;action&quot;: &quot;default&quot;,
  &quot;messages&quot;: [
    &quot;OtpVerification&quot;
  ],
  &quot;type&quot;: &quot;otpverification&quot;,
  &quot;title&quot;: null,
  &quot;message&quot;: &quot;OtpVerification&quot;,
  &quot;typeCode&quot;: 203
}
 
17:43:53.827 [pool-1-thread-1] INFO  com.intuit.karate - [print] response login with phone--&gt;  {
  &quot;visible&quot;: true,
  &quot;action&quot;: &quot;default&quot;,
  &quot;messages&quot;: [
    &quot;Error converting value \&quot;\&quot; to type &apos;System.Guid&apos;. Path &apos;phoneCountryId&apos;, line 1, position 20.&quot;
  ],
  &quot;validations&quot;: {
    &quot;phoneCountryId&quot;: [
      &quot;Error converting value \&quot;\&quot; to type &apos;System.Guid&apos;. Path &apos;phoneCountryId&apos;, line 1, position 20.&quot;
    ]
  },
  &quot;type&quot;: &quot;validation&quot;,
  &quot;title&quot;: null,
  &quot;message&quot;: &quot;Error converting value \&quot;\&quot; to type &apos;System.Guid&apos;. Path &apos;phoneCountryId&apos;, line 1, position 20.&quot;,
  &quot;typeCode&quot;: 400
}
 
17:43:53.836 [pool-1-thread-1] INFO  com.intuit.karate - Environment variable is : popcorn 
17:43:53.953 [pool-1-thread-2] INFO  com.intuit.karate - [print] response login with phone--&gt;  {
  &quot;visible&quot;: true,
  &quot;action&quot;: &quot;default&quot;,
  &quot;messages&quot;: [
    &quot;Error converting value \&quot;123\&quot; to type &apos;System.Guid&apos;. Path &apos;phoneCountryId&apos;, line 1, position 23.&quot;
  ],
  &quot;validations&quot;: {
    &quot;phoneCountryId&quot;: [
      &quot;Error converting value \&quot;123\&quot; to type &apos;System.Guid&apos;. Path &apos;phoneCountryId&apos;, line 1, position 23.&quot;
    ]
  },
  &quot;type&quot;: &quot;validation&quot;,
  &quot;title&quot;: null,
  &quot;message&quot;: &quot;Error converting value \&quot;123\&quot; to type &apos;System.Guid&apos;. Path &apos;phoneCountryId&apos;, line 1, position 23.&quot;,
  &quot;typeCode&quot;: 400
}
 
17:43:53.965 [pool-1-thread-2] INFO  com.intuit.karate - Environment variable is : popcorn 
17:43:54.126 [pool-1-thread-3] INFO  com.intuit.karate - [print] Customer Register response --&gt;  {
  &quot;visible&quot;: true,
  &quot;action&quot;: &quot;default&quot;,
  &quot;messages&quot;: [
    &quot;OtpVerification&quot;
  ],
  &quot;type&quot;: &quot;otpverification&quot;,
  &quot;title&quot;: null,
  &quot;message&quot;: &quot;OtpVerification&quot;,
  &quot;typeCode&quot;: 203
}
 
17:43:54.134 [pool-1-thread-4] INFO  com.intuit.karate - [print] response login with phone--&gt;  {
  &quot;visible&quot;: true,
  &quot;action&quot;: &quot;default&quot;,
  &quot;messages&quot;: [
    &quot;This user does not exist. Please Sign up.&quot;
  ],
  &quot;validations&quot;: {
    &quot;phoneNumber&quot;: [
      &quot;This user does not exist. Please Sign up.&quot;
    ]
  },
  &quot;type&quot;: &quot;validation&quot;,
  &quot;title&quot;: null,
  &quot;message&quot;: &quot;This user does not exist. Please Sign up.&quot;,
  &quot;typeCode&quot;: 400
}
 
17:43:54.143 [pool-1-thread-4] INFO  com.intuit.karate - Environment variable is : popcorn 
17:43:54.451 [pool-1-thread-5] INFO  com.intuit.karate - [print] Customer Register response --&gt;  {
  &quot;visible&quot;: true,
  &quot;action&quot;: &quot;default&quot;,
  &quot;messages&quot;: [
    &quot;OtpVerification&quot;
  ],
  &quot;type&quot;: &quot;otpverification&quot;,
  &quot;title&quot;: null,
  &quot;message&quot;: &quot;OtpVerification&quot;,
  &quot;typeCode&quot;: 203
}
 
17:43:54.666 [pool-1-thread-1] INFO  com.intuit.karate - [print] Customer Register response --&gt;  {
  &quot;visible&quot;: true,
  &quot;action&quot;: &quot;default&quot;,
  &quot;messages&quot;: [
    &quot;OtpVerification&quot;
  ],
  &quot;type&quot;: &quot;otpverification&quot;,
  &quot;title&quot;: null,
  &quot;message&quot;: &quot;OtpVerification&quot;,
  &quot;typeCode&quot;: 203
}
 
17:43:54.674 [pool-1-thread-1] INFO  com.intuit.karate - Environment variable is : popcorn 
17:43:54.764 [pool-1-thread-3] INFO  com.intuit.karate - [print] response login with phone--&gt;  {
  &quot;visible&quot;: true,
  &quot;action&quot;: &quot;default&quot;,
  &quot;messages&quot;: [
    &quot;This user does not exist. Please Sign up.&quot;
  ],
  &quot;validations&quot;: {
    &quot;phoneNumber&quot;: [
      &quot;This user does not exist. Please Sign up.&quot;
    ]
  },
  &quot;type&quot;: &quot;validation&quot;,
  &quot;title&quot;: null,
  &quot;message&quot;: &quot;This user does not exist. Please Sign up.&quot;,
  &quot;typeCode&quot;: 400
}
 
17:43:54.771 [pool-1-thread-3] INFO  com.intuit.karate - Environment variable is : popcorn 
17:43:54.862 [pool-1-thread-2] INFO  com.intuit.karate - [print] response --&gt;  {
  &quot;visible&quot;: true,
  &quot;action&quot;: &quot;default&quot;,
  &quot;messages&quot;: [
    &quot;be.user.length&quot;
  ],
  &quot;validations&quot;: {
    &quot;password&quot;: [
      &quot;be.user.length&quot;
    ]
  },
  &quot;type&quot;: &quot;validation&quot;,
  &quot;title&quot;: null,
  &quot;message&quot;: &quot;be.user.length&quot;,
  &quot;typeCode&quot;: 400
}
 
17:43:54.867 [pool-1-thread-2] INFO  com.intuit.karate - Environment variable is : popcorn 
17:43:55.050 [pool-1-thread-5] INFO  com.intuit.karate - [print] response login with phone--&gt;  {
  &quot;visible&quot;: true,
  &quot;action&quot;: &quot;default&quot;,
  &quot;messages&quot;: [
    &quot;be.user.length&quot;,
    &quot;This user does not exist. Please Sign up.&quot;
  ],
  &quot;validations&quot;: {
    &quot;phoneNumber&quot;: [
      &quot;be.user.length&quot;,
      &quot;This user does not exist. Please Sign up.&quot;
    ]
  },
  &quot;type&quot;: &quot;validation&quot;,
  &quot;title&quot;: null,
  &quot;message&quot;: &quot;be.user.length&quot;,
  &quot;typeCode&quot;: 400
}
 
17:43:55.053 [pool-1-thread-5] INFO  com.intuit.karate - Environment variable is : popcorn 
17:43:55.065 [pool-1-thread-4] INFO  com.intuit.karate - [print] response --&gt;  {
  &quot;visible&quot;: true,
  &quot;action&quot;: &quot;default&quot;,
  &quot;messages&quot;: [
    &quot;Please fill the required fields.&quot;,
    &quot;be.user.length&quot;
  ],
  &quot;validations&quot;: {
    &quot;password&quot;: [
      &quot;Please fill the required fields.&quot;,
      &quot;be.user.length&quot;
    ]
  },
  &quot;type&quot;: &quot;validation&quot;,
  &quot;title&quot;: null,
  &quot;message&quot;: &quot;Please fill the required fields.&quot;,
  &quot;typeCode&quot;: 400
}
 
17:43:55.070 [pool-1-thread-4] INFO  com.intuit.karate - Environment variable is : popcorn 
---------------------------------------------------------
feature: classpath:features/userApi/customer/customer_login_with_phone.feature
scenarios:  6 | passed:  5 | failed:  1 | time: 9.0666
---------------------------------------------------------

17:43:55.175 [pool-2-thread-1] INFO  com.intuit.karate.Suite - &lt;&lt;fail&gt;&gt; feature 22 of 31 (9 remaining) classpath:features/userApi/customer/customer_login_with_phone.feature
17:43:55.272 [pool-1-thread-1] INFO  com.intuit.karate - [print] response --&gt;  {
  &quot;visible&quot;: true,
  &quot;action&quot;: &quot;default&quot;,
  &quot;messages&quot;: [
    &quot;Error converting value \&quot;\&quot; to type &apos;System.Guid&apos;. Path &apos;phoneCountryId&apos;, line 1, position 68.&quot;
  ],
  &quot;validations&quot;: {
    &quot;phoneCountryId&quot;: [
      &quot;Error converting value \&quot;\&quot; to type &apos;System.Guid&apos;. Path &apos;phoneCountryId&apos;, line 1, position 68.&quot;
    ]
  },
  &quot;type&quot;: &quot;validation&quot;,
  &quot;title&quot;: null,
  &quot;message&quot;: &quot;Error converting value \&quot;\&quot; to type &apos;System.Guid&apos;. Path &apos;phoneCountryId&apos;, line 1, position 68.&quot;,
  &quot;typeCode&quot;: 400
}
 
17:43:55.284 [pool-1-thread-1] INFO  com.intuit.karate - Environment variable is : popcorn 
17:43:55.356 [pool-1-thread-3] INFO  com.intuit.karate - [print] response --&gt;  {
  &quot;visible&quot;: true,
  &quot;action&quot;: &quot;default&quot;,
  &quot;messages&quot;: [
    &quot;Error converting value \&quot;wrongdata\&quot; to type &apos;System.Guid&apos;. Path &apos;phoneCountryId&apos;, line 1, position 77.&quot;
  ],
  &quot;validations&quot;: {
    &quot;phoneCountryId&quot;: [
      &quot;Error converting value \&quot;wrongdata\&quot; to type &apos;System.Guid&apos;. Path &apos;phoneCountryId&apos;, line 1, position 77.&quot;
    ]
  },
  &quot;type&quot;: &quot;validation&quot;,
  &quot;title&quot;: null,
  &quot;message&quot;: &quot;Error converting value \&quot;wrongdata\&quot; to type &apos;System.Guid&apos;. Path &apos;phoneCountryId&apos;, line 1, position 77.&quot;,
  &quot;typeCode&quot;: 400
}
 
17:43:55.360 [pool-1-thread-3] INFO  com.intuit.karate - Environment variable is : popcorn 
17:43:55.363 [pool-1-thread-3] INFO  c.intuit.karate.core.FeatureRuntime - scenario called at line: 14 by tag: @loginWithPhoneValue
17:43:55.639 [pool-1-thread-4] INFO  com.intuit.karate - [print] update notification settings response --&gt;  {
  &quot;campaignEmailAllowed&quot;: false,
  &quot;deliveryEmailAllowed&quot;: false,
  &quot;campaignPushAllowed&quot;: true,
  &quot;campaignSmsAllowed&quot;: false,
  &quot;deliverySmsAllowed&quot;: true,
  &quot;deliveryPushAllowed&quot;: false
}
 
17:43:55.648 [pool-1-thread-4] INFO  com.intuit.karate - Environment variable is : popcorn 
17:43:55.655 [pool-1-thread-4] INFO  c.intuit.karate.core.FeatureRuntime - scenario called at line: 14 by tag: @loginWithPhoneValue
17:43:55.667 [pool-1-thread-2] INFO  com.intuit.karate - [print] response --&gt;  {
  &quot;visible&quot;: true,
  &quot;action&quot;: &quot;default&quot;,
  &quot;messages&quot;: [
    &quot;This email is not valid.&quot;
  ],
  &quot;validations&quot;: {
    &quot;email&quot;: [
      &quot;This email is not valid.&quot;
    ]
  },
  &quot;type&quot;: &quot;validation&quot;,
  &quot;title&quot;: null,
  &quot;message&quot;: &quot;This email is not valid.&quot;,
  &quot;typeCode&quot;: 400
}
 
17:43:55.670 [pool-1-thread-2] INFO  com.intuit.karate - Environment variable is : popcorn 
17:43:55.674 [pool-1-thread-2] INFO  c.intuit.karate.core.FeatureRuntime - scenario called at line: 14 by tag: @loginWithPhoneValue
17:43:55.784 [pool-1-thread-1] INFO  com.intuit.karate - Environment variable is : popcorn 
17:43:55.788 [pool-1-thread-1] INFO  c.intuit.karate.core.FeatureRuntime - scenario called at line: 14 by tag: @loginWithPhoneValue
17:43:56.065 [pool-1-thread-5] INFO  com.intuit.karate - [print] response --&gt;  {
  &quot;visible&quot;: true,
  &quot;action&quot;: &quot;default&quot;,
  &quot;messages&quot;: [
    &quot;OtpVerification&quot;
  ],
  &quot;type&quot;: &quot;otpverification&quot;,
  &quot;title&quot;: null,
  &quot;message&quot;: &quot;OtpVerification&quot;,
  &quot;typeCode&quot;: 203
}
 
17:43:56.072 [pool-1-thread-5] INFO  com.intuit.karate - Environment variable is : popcorn 
17:43:56.074 [pool-1-thread-3] INFO  com.intuit.karate - [print] Customer Register response --&gt;  {
  &quot;visible&quot;: true,
  &quot;action&quot;: &quot;default&quot;,
  &quot;messages&quot;: [
    &quot;OtpVerification&quot;
  ],
  &quot;type&quot;: &quot;otpverification&quot;,
  &quot;title&quot;: null,
  &quot;message&quot;: &quot;OtpVerification&quot;,
  &quot;typeCode&quot;: 203
}
 
17:43:56.082 [pool-1-thread-5] INFO  c.intuit.karate.core.FeatureRuntime - scenario called at line: 14 by tag: @loginWithPhoneValue
---------------------------------------------------------
feature: classpath:features/userApi/customer/customer_register.feature
scenarios:  7 | passed:  7 | failed:  0 | time: 5.6474
---------------------------------------------------------

17:43:56.169 [pool-2-thread-1] INFO  com.intuit.karate.Suite - &lt;&lt;pass&gt;&gt; feature 23 of 31 (8 remaining) classpath:features/userApi/customer/customer_register.feature
---------------------------------------------------------
feature: classpath:features/userApi/customer/customer_update_notification_settings.feature
scenarios:  2 | passed:  2 | failed:  0 | time: 1.0634
---------------------------------------------------------

17:43:56.194 [pool-2-thread-1] INFO  com.intuit.karate.Suite - &lt;&lt;pass&gt;&gt; feature 24 of 31 (7 remaining) classpath:features/userApi/customer/customer_update_notification_settings.feature
17:43:56.379 [pool-1-thread-2] INFO  com.intuit.karate - [print] Customer Register response --&gt;  {
  &quot;visible&quot;: true,
  &quot;action&quot;: &quot;default&quot;,
  &quot;messages&quot;: [
    &quot;OtpVerification&quot;
  ],
  &quot;type&quot;: &quot;otpverification&quot;,
  &quot;title&quot;: null,
  &quot;message&quot;: &quot;OtpVerification&quot;,
  &quot;typeCode&quot;: 203
}
 
17:43:56.458 [pool-1-thread-4] INFO  com.intuit.karate - [print] Customer Register response --&gt;  {
  &quot;visible&quot;: true,
  &quot;action&quot;: &quot;default&quot;,
  &quot;messages&quot;: [
    &quot;OtpVerification&quot;
  ],
  &quot;type&quot;: &quot;otpverification&quot;,
  &quot;title&quot;: null,
  &quot;message&quot;: &quot;OtpVerification&quot;,
  &quot;typeCode&quot;: 203
}
 
17:43:56.684 [pool-1-thread-1] INFO  com.intuit.karate - [print] Customer Register response --&gt;  {
  &quot;visible&quot;: true,
  &quot;action&quot;: &quot;default&quot;,
  &quot;messages&quot;: [
    &quot;OtpVerification&quot;
  ],
  &quot;type&quot;: &quot;otpverification&quot;,
  &quot;title&quot;: null,
  &quot;message&quot;: &quot;OtpVerification&quot;,
  &quot;typeCode&quot;: 203
}
 
17:43:56.929 [pool-1-thread-5] INFO  com.intuit.karate - [print] Customer Register response --&gt;  {
  &quot;visible&quot;: true,
  &quot;action&quot;: &quot;default&quot;,
  &quot;messages&quot;: [
    &quot;OtpVerification&quot;
  ],
  &quot;type&quot;: &quot;otpverification&quot;,
  &quot;title&quot;: null,
  &quot;message&quot;: &quot;OtpVerification&quot;,
  &quot;typeCode&quot;: 203
}
 
17:43:56.930 [pool-1-thread-2] INFO  com.intuit.karate - [print] {
  &quot;visible&quot;: true,
  &quot;action&quot;: &quot;default&quot;,
  &quot;messages&quot;: [
    &quot;UnAuthorized&quot;
  ],
  &quot;type&quot;: &quot;authorization&quot;,
  &quot;title&quot;: null,
  &quot;message&quot;: &quot;UnAuthorized&quot;,
  &quot;typeCode&quot;: 401
}
 
17:43:56.942 [pool-1-thread-2] INFO  com.intuit.karate - Environment variable is : popcorn 
17:43:56.949 [pool-1-thread-2] INFO  c.intuit.karate.core.FeatureRuntime - scenario called at line: 14 by tag: @loginWithPhoneValue
17:43:56.975 [pool-1-thread-4] INFO  com.intuit.karate - [print] {
  &quot;visible&quot;: true,
  &quot;action&quot;: &quot;default&quot;,
  &quot;messages&quot;: [
    &quot;UnAuthorized&quot;
  ],
  &quot;type&quot;: &quot;authorization&quot;,
  &quot;title&quot;: null,
  &quot;message&quot;: &quot;UnAuthorized&quot;,
  &quot;typeCode&quot;: 401
}
 
17:43:56.980 [pool-1-thread-4] INFO  com.intuit.karate - Environment variable is : popcorn 
17:43:57.004 [pool-1-thread-4] INFO  c.intuit.karate.core.FeatureRuntime - scenario called at line: 14 by tag: @loginWithPhoneValue
17:43:57.108 [pool-1-thread-3] INFO  com.intuit.karate - [print] customer validate otp response --&gt; {
  &quot;expiresIn&quot;: 3.15359999956239E7,
  &quot;accessToken&quot;: &quot;eyJhbGciOiJIUzUxMiIsInR5cCI6IkpXVCJ9.eyJuYW1laWQiOiIxc3BndmFpQGdyci5sYSIsIm5hbWUiOiJtYWxkbmNzIiwiVXNlclR5cGUiOiJDdXN0b21lciIsIk5hbWUiOiJtYWxkbmNzIiwiRW1haWwiOiIxc3BndmFpQGdyci5sYSIsIlVzZXJJZCI6ImNhODMwZjlkLTdiZGQtNDhlMC1hYzA3LTZlZDVhMTgwNWFmNyIsIm5iZiI6MTY0MjQzMDYzNywiZXhwIjoxNjczOTY2NjM3LCJpYXQiOjE2NDI0MzA2MzcsImlzcyI6Imh0dHBzOi8vcG9wY29ybnZhbi5jb20vIiwiYXVkIjoiaHR0cHM6Ly9wb3Bjb3JudmFuLmNvbS8ifQ.jVcQnTk74yMvAPyER76YOmoYeAK0s3sJF8S7ddPmOtD1fuVAhAhe6rrLnlU34iNpk7NLP8z0V9YBhZllt0eaig&quot;,
  &quot;user&quot;: {
    &quot;imagePath&quot;: null,
    &quot;isBlockedCodeCampaign&quot;: false,
    &quot;languageId&quot;: null,
    &quot;orderCount&quot;: 0,
    &quot;fullName&quot;: &quot;maldncs&quot;,
    &quot;languageCode&quot;: null,
    &quot;userId&quot;: &quot;ca830f9d-7bdd-48e0-ac07-6ed5a1805af7&quot;,
    &quot;languageName&quot;: null,
    &quot;phoneAreaCode&quot;: &quot;+1&quot;,
    &quot;phoneNumber&quot;: &quot;4187827406&quot;,
    &quot;externalUserId&quot;: &quot;165116f5-d2f4-4b21-9603-a90d0121bb3c&quot;,
    &quot;selectedAddress&quot;: null,
    &quot;referralCode&quot;: &quot;OM9323NJ7N&quot;,
    &quot;imageUrl&quot;: null,
    &quot;customerId&quot;: &quot;374beb5b-644b-40de-87d1-d42ba7fb25eb&quot;,
    &quot;phoneCountryId&quot;: &quot;81a2f978-226e-46e5-87b1-950e67b7f550&quot;,
    &quot;email&quot;: &quot;1spgvai@grr.la&quot;
  },
  &quot;refreshToken&quot;: &quot;bpCgy2bKKR78F9c2VMcnKYA0Ja0qhoRHEBdAKOLidj6XHgfa31VMIe7stNw=&quot;
}
 
17:43:57.114 [pool-1-thread-3] INFO  com.intuit.karate - Environment variable is : popcorn 
17:43:57.328 [pool-1-thread-1] INFO  com.intuit.karate - [print] {
  &quot;visible&quot;: true,
  &quot;action&quot;: &quot;default&quot;,
  &quot;messages&quot;: [
    &quot;UnAuthorized&quot;
  ],
  &quot;type&quot;: &quot;authorization&quot;,
  &quot;title&quot;: null,
  &quot;message&quot;: &quot;UnAuthorized&quot;,
  &quot;typeCode&quot;: 401
}
 
17:43:57.333 [pool-1-thread-1] INFO  com.intuit.karate - Environment variable is : popcorn 
17:43:57.492 [pool-1-thread-5] INFO  com.intuit.karate - [print] {
  &quot;visible&quot;: true,
  &quot;action&quot;: &quot;default&quot;,
  &quot;messages&quot;: [
    &quot;UnAuthorized&quot;
  ],
  &quot;type&quot;: &quot;authorization&quot;,
  &quot;title&quot;: null,
  &quot;message&quot;: &quot;UnAuthorized&quot;,
  &quot;typeCode&quot;: 401
}
 
17:43:57.497 [pool-1-thread-5] INFO  com.intuit.karate - Environment variable is : popcorn 
17:43:57.684 [pool-1-thread-3] INFO  com.intuit.karate - [print] customer validate token response --&gt;  {
  &quot;user&quot;: {
    &quot;imagePath&quot;: null,
    &quot;isBlockedCodeCampaign&quot;: false,
    &quot;languageId&quot;: null,
    &quot;orderCount&quot;: 1,
    &quot;fullName&quot;: &quot;bus bus &quot;,
    &quot;languageCode&quot;: null,
    &quot;userId&quot;: &quot;68b59900-5e5d-4c83-b4bf-9206344af7d8&quot;,
    &quot;languageName&quot;: null,
    &quot;phoneAreaCode&quot;: &quot;+1&quot;,
    &quot;phoneNumber&quot;: &quot;5541394803&quot;,
    &quot;externalUserId&quot;: &quot;729e2ca4-b5c2-4a38-88e8-f8f3914b9846&quot;,
    &quot;selectedAddress&quot;: null,
    &quot;referralCode&quot;: &quot;F7DZRR6T9K&quot;,
    &quot;imageUrl&quot;: null,
    &quot;customerId&quot;: &quot;bc7ec2e5-a2e7-453b-8c16-33e7f87645f6&quot;,
    &quot;phoneCountryId&quot;: &quot;81a2f978-226e-46e5-87b1-950e67b7f550&quot;,
    &quot;email&quot;: &quot;busraozdmr.801@gmail.com&quot;
  }
}
 
17:43:57.697 [pool-1-thread-3] INFO  com.intuit.karate - Environment variable is : popcorn 
17:43:57.865 [pool-1-thread-2] INFO  com.intuit.karate - [print] Customer Register response --&gt;  {
  &quot;visible&quot;: true,
  &quot;action&quot;: &quot;default&quot;,
  &quot;messages&quot;: [
    &quot;OtpVerification&quot;
  ],
  &quot;type&quot;: &quot;otpverification&quot;,
  &quot;title&quot;: null,
  &quot;message&quot;: &quot;OtpVerification&quot;,
  &quot;typeCode&quot;: 203
}
 
17:43:57.978 [pool-1-thread-1] INFO  com.intuit.karate - [print] {
  &quot;visible&quot;: true,
  &quot;action&quot;: &quot;default&quot;,
  &quot;messages&quot;: [
    &quot;User Authorization Error&quot;
  ],
  &quot;type&quot;: &quot;authorization&quot;,
  &quot;title&quot;: null,
  &quot;message&quot;: &quot;User Authorization Error&quot;,
  &quot;typeCode&quot;: 401
}
 
17:43:57.978 [pool-1-thread-4] INFO  com.intuit.karate - [print] Customer Register response --&gt;  {
  &quot;visible&quot;: true,
  &quot;action&quot;: &quot;default&quot;,
  &quot;messages&quot;: [
    &quot;OtpVerification&quot;
  ],
  &quot;type&quot;: &quot;otpverification&quot;,
  &quot;title&quot;: null,
  &quot;message&quot;: &quot;OtpVerification&quot;,
  &quot;typeCode&quot;: 203
}
 
17:43:57.988 [pool-1-thread-1] INFO  com.intuit.karate - Environment variable is : popcorn 
17:43:58.386 [pool-1-thread-2] INFO  com.intuit.karate - [print] {
  &quot;visible&quot;: true,
  &quot;action&quot;: &quot;default&quot;,
  &quot;messages&quot;: [
    &quot;UnAuthorized&quot;
  ],
  &quot;type&quot;: &quot;authorization&quot;,
  &quot;title&quot;: null,
  &quot;message&quot;: &quot;UnAuthorized&quot;,
  &quot;typeCode&quot;: 401
}
 
17:43:58.389 [pool-1-thread-3] INFO  com.intuit.karate - [print] employee create without authorization response --&gt; {
  &quot;visible&quot;: true,
  &quot;action&quot;: &quot;default&quot;,
  &quot;messages&quot;: [
    &quot;User Authorization Error&quot;
  ],
  &quot;type&quot;: &quot;authorization&quot;,
  &quot;title&quot;: null,
  &quot;message&quot;: &quot;User Authorization Error&quot;,
  &quot;typeCode&quot;: 401
}
 
17:43:58.394 [pool-1-thread-2] INFO  com.intuit.karate - Environment variable is : popcorn 
17:43:58.394 [pool-1-thread-3] INFO  com.intuit.karate - Environment variable is : popcorn 
17:43:58.493 [pool-1-thread-4] INFO  com.intuit.karate - [print] {
  &quot;visible&quot;: true,
  &quot;action&quot;: &quot;default&quot;,
  &quot;messages&quot;: [
    &quot;Value cannot be null. (Parameter &apos;request&apos;)&quot;
  ],
  &quot;type&quot;: &quot;error&quot;,
  &quot;title&quot;: null,
  &quot;message&quot;: &quot;Value cannot be null. (Parameter &apos;request&apos;)&quot;,
  &quot;typeCode&quot;: 500
}
 
17:43:58.498 [pool-1-thread-4] INFO  com.intuit.karate - Environment variable is : popcorn 
17:43:58.598 [pool-1-thread-5] INFO  com.intuit.karate - [print] employee create response --&gt; {
  &quot;lastName&quot;: &quot;hlz5wuf&quot;,
  &quot;imagePath&quot;: null,
  &quot;roles&quot;: [
    {
      &quot;name&quot;: &quot;Super Admin&quot;,
      &quot;displayOrder&quot;: 0,
      &quot;description&quot;: null,
      &quot;colorCode&quot;: null,
      &quot;id&quot;: &quot;4f1058c6-0985-4139-8302-b50df344c339&quot;
    }
  ],
  &quot;fullName&quot;: &quot;hlz5wuf hlz5wuf&quot;,
  &quot;employeeId&quot;: null,
  &quot;title&quot;: &quot;hlz5wuf&quot;,
  &quot;userId&quot;: &quot;ef84dfc8-1444-4b60-928d-2391369a5dc3&quot;,
  &quot;phoneCountry&quot;: {
    &quot;name&quot;: &quot;Austria&quot;,
    &quot;id&quot;: &quot;a82b2d38-c995-4339-b436-43cabf8d3651&quot;
  },
  &quot;firstName&quot;: &quot;hlz5wuf&quot;,
  &quot;riderId&quot;: null,
  &quot;password&quot;: null,
  &quot;phoneNumber&quot;: &quot;8628619938&quot;,
  &quot;roleIds&quot;: [
    &quot;4f1058c6-0985-4139-8302-b50df344c339&quot;
  ],
  &quot;passwordConfirm&quot;: null,
  &quot;imageFile&quot;: null,
  &quot;statusText&quot;: &quot;Active&quot;,
  &quot;imageUrl&quot;: null,
  &quot;customerId&quot;: null,
  &quot;id&quot;: &quot;7aad720b-18b4-4707-947d-f4d884c837be&quot;,
  &quot;nationalSecurityNumber&quot;: null,
  &quot;residenceAddress&quot;: null,
  &quot;email&quot;: &quot;tov9dbu@grr.la&quot;,
  &quot;status&quot;: 1
}
 
17:43:58.608 [pool-1-thread-5] INFO  com.intuit.karate - Environment variable is : popcorn 
---------------------------------------------------------
feature: classpath:features/userApi/customer/customer_validate_otp.feature
scenarios:  7 | passed:  7 | failed:  0 | time: 10.2250
---------------------------------------------------------

17:43:58.699 [pool-2-thread-1] INFO  com.intuit.karate.Suite - &lt;&lt;pass&gt;&gt; feature 25 of 31 (6 remaining) classpath:features/userApi/customer/customer_validate_otp.feature
---------------------------------------------------------
feature: classpath:features/userApi/customer/customer_validate_token.feature
scenarios:  2 | passed:  2 | failed:  0 | time: 1.2228
---------------------------------------------------------

17:43:58.732 [pool-2-thread-1] INFO  com.intuit.karate.Suite - &lt;&lt;pass&gt;&gt; feature 26 of 31 (5 remaining) classpath:features/userApi/customer/customer_validate_token.feature
17:43:58.792 [pool-1-thread-1] INFO  com.intuit.karate - [print] employee create fail response --&gt; {
  &quot;visible&quot;: true,
  &quot;action&quot;: &quot;default&quot;,
  &quot;messages&quot;: [
    &quot;This email is not valid.&quot;,
    &quot;be.user.length&quot;
  ],
  &quot;validations&quot;: {
    &quot;email&quot;: [
      &quot;This email is not valid.&quot;,
      &quot;be.user.length&quot;
    ]
  },
  &quot;type&quot;: &quot;validation&quot;,
  &quot;title&quot;: null,
  &quot;message&quot;: &quot;This email is not valid.&quot;,
  &quot;typeCode&quot;: 400
}
 
17:43:58.799 [pool-1-thread-1] INFO  com.intuit.karate - Environment variable is : popcorn 
17:43:58.913 [pool-1-thread-2] INFO  com.intuit.karate - [print] employee create fail response --&gt; {
  &quot;visible&quot;: true,
  &quot;action&quot;: &quot;default&quot;,
  &quot;messages&quot;: [
    &quot;Error converting value \&quot;\&quot; to type &apos;System.Guid&apos;. Path &apos;roleIds[0]&apos;, line 1, position 100.&quot;
  ],
  &quot;validations&quot;: {
    &quot;roleIds[0]&quot;: [
      &quot;Error converting value \&quot;\&quot; to type &apos;System.Guid&apos;. Path &apos;roleIds[0]&apos;, line 1, position 100.&quot;
    ]
  },
  &quot;type&quot;: &quot;validation&quot;,
  &quot;title&quot;: null,
  &quot;message&quot;: &quot;Error converting value \&quot;\&quot; to type &apos;System.Guid&apos;. Path &apos;roleIds[0]&apos;, line 1, position 100.&quot;,
  &quot;typeCode&quot;: 400
}
 
17:43:58.925 [pool-1-thread-2] INFO  com.intuit.karate - Environment variable is : popcorn 
17:43:59.041 [pool-1-thread-3] INFO  com.intuit.karate - [print] employee create fail response --&gt; {
  &quot;visible&quot;: true,
  &quot;action&quot;: &quot;default&quot;,
  &quot;messages&quot;: [
    &quot;Error converting value \&quot;\&quot; to type &apos;System.Guid&apos;. Path &apos;phoneCountryId&apos;, line 1, position 157.&quot;
  ],
  &quot;validations&quot;: {
    &quot;phoneCountryId&quot;: [
      &quot;Error converting value \&quot;\&quot; to type &apos;System.Guid&apos;. Path &apos;phoneCountryId&apos;, line 1, position 157.&quot;
    ]
  },
  &quot;type&quot;: &quot;validation&quot;,
  &quot;title&quot;: null,
  &quot;message&quot;: &quot;Error converting value \&quot;\&quot; to type &apos;System.Guid&apos;. Path &apos;phoneCountryId&apos;, line 1, position 157.&quot;,
  &quot;typeCode&quot;: 400
}
 
17:43:59.079 [pool-1-thread-3] INFO  com.intuit.karate - Environment variable is : popcorn 
17:43:59.209 [pool-1-thread-4] INFO  com.intuit.karate - [print] employee create fail response --&gt; {
  &quot;visible&quot;: true,
  &quot;action&quot;: &quot;default&quot;,
  &quot;messages&quot;: [
    &quot;be.user.phone.alreadyused&quot;,
    &quot;Please fill the required fields.&quot;,
    &quot;be.user.length&quot;
  ],
  &quot;validations&quot;: {
    &quot;phoneNumber&quot;: [
      &quot;be.user.phone.alreadyused&quot;,
      &quot;Please fill the required fields.&quot;,
      &quot;be.user.length&quot;
    ]
  },
  &quot;type&quot;: &quot;validation&quot;,
  &quot;title&quot;: null,
  &quot;message&quot;: &quot;be.user.phone.alreadyused&quot;,
  &quot;typeCode&quot;: 400
}
 
17:43:59.219 [pool-1-thread-4] INFO  com.intuit.karate - Environment variable is : popcorn 
17:43:59.236 [pool-1-thread-4] INFO  c.intuit.karate.core.FeatureRuntime - scenario called at line: 14 by tag: @employeeInfo
17:43:59.529 [pool-1-thread-2] INFO  com.intuit.karate - [print] employee create fail response --&gt; {
  &quot;visible&quot;: true,
  &quot;action&quot;: &quot;default&quot;,
  &quot;messages&quot;: [
    &quot;Error converting value \&quot;111\&quot; to type &apos;System.Guid&apos;. Path &apos;roleIds[0]&apos;, line 1, position 103.&quot;
  ],
  &quot;validations&quot;: {
    &quot;roleIds[0]&quot;: [
      &quot;Error converting value \&quot;111\&quot; to type &apos;System.Guid&apos;. Path &apos;roleIds[0]&apos;, line 1, position 103.&quot;
    ]
  },
  &quot;type&quot;: &quot;validation&quot;,
  &quot;title&quot;: null,
  &quot;message&quot;: &quot;Error converting value \&quot;111\&quot; to type &apos;System.Guid&apos;. Path &apos;roleIds[0]&apos;, line 1, position 103.&quot;,
  &quot;typeCode&quot;: 400
}
 
17:43:59.535 [pool-1-thread-2] INFO  com.intuit.karate - Environment variable is : popcorn 
17:43:59.545 [pool-1-thread-2] INFO  c.intuit.karate.core.FeatureRuntime - scenario called at line: 14 by tag: @employeeInfo
17:43:59.558 [pool-1-thread-5] INFO  com.intuit.karate - [print] employee create fail response --&gt; {
  &quot;visible&quot;: true,
  &quot;action&quot;: &quot;default&quot;,
  &quot;messages&quot;: [
    &quot;This email has already been used.&quot;
  ],
  &quot;type&quot;: &quot;warning&quot;,
  &quot;title&quot;: null,
  &quot;message&quot;: &quot;This email has already been used.&quot;,
  &quot;typeCode&quot;: 418
}
 
17:43:59.566 [pool-1-thread-5] INFO  com.intuit.karate - Environment variable is : popcorn 
17:43:59.572 [pool-1-thread-5] INFO  c.intuit.karate.core.FeatureRuntime - scenario called at line: 14 by tag: @employeeInfo
17:43:59.849 [pool-1-thread-1] INFO  com.intuit.karate - [print] employee create fail response --&gt; {
  &quot;visible&quot;: true,
  &quot;action&quot;: &quot;default&quot;,
  &quot;messages&quot;: [
    &quot;be.user.phone.alreadyused&quot;
  ],
  &quot;validations&quot;: {
    &quot;phoneNumber&quot;: [
      &quot;be.user.phone.alreadyused&quot;
    ]
  },
  &quot;type&quot;: &quot;validation&quot;,
  &quot;title&quot;: null,
  &quot;message&quot;: &quot;be.user.phone.alreadyused&quot;,
  &quot;typeCode&quot;: 400
}
 
17:43:59.851 [pool-1-thread-1] INFO  com.intuit.karate - Environment variable is : popcorn 
17:43:59.858 [pool-1-thread-1] INFO  c.intuit.karate.core.FeatureRuntime - scenario called at line: 14 by tag: @employeeInfo
17:43:59.975 [pool-1-thread-3] INFO  com.intuit.karate - [print] employee create fail response --&gt; {
  &quot;visible&quot;: true,
  &quot;action&quot;: &quot;default&quot;,
  &quot;messages&quot;: [
    &quot;This email is not valid.&quot;
  ],
  &quot;validations&quot;: {
    &quot;email&quot;: [
      &quot;This email is not valid.&quot;
    ]
  },
  &quot;type&quot;: &quot;validation&quot;,
  &quot;title&quot;: null,
  &quot;message&quot;: &quot;This email is not valid.&quot;,
  &quot;typeCode&quot;: 400
}
 
17:43:59.984 [pool-1-thread-3] INFO  com.intuit.karate - Environment variable is : popcorn 
17:44:00.002 [pool-1-thread-3] INFO  c.intuit.karate.core.FeatureRuntime - scenario called at line: 14 by tag: @employeeInfo
---------------------------------------------------------
feature: classpath:features/userApi/employee/employee_create.feature
scenarios: 10 | passed: 10 | failed:  0 | time: 7.9545
---------------------------------------------------------

17:44:00.102 [pool-2-thread-1] INFO  com.intuit.karate.Suite - &lt;&lt;pass&gt;&gt; feature 27 of 31 (4 remaining) classpath:features/userApi/employee/employee_create.feature
17:44:02.949 [pool-1-thread-1] INFO  com.intuit.karate - [print] employee create response --&gt; {
  &quot;lastName&quot;: &quot;bl1ewzj&quot;,
  &quot;imagePath&quot;: null,
  &quot;roles&quot;: [
    {
      &quot;name&quot;: &quot;Super Admin&quot;,
      &quot;displayOrder&quot;: 0,
      &quot;description&quot;: null,
      &quot;colorCode&quot;: null,
      &quot;id&quot;: &quot;4f1058c6-0985-4139-8302-b50df344c339&quot;
    }
  ],
  &quot;fullName&quot;: &quot;bl1ewzj bl1ewzj&quot;,
  &quot;employeeId&quot;: null,
  &quot;title&quot;: &quot;bl1ewzj&quot;,
  &quot;userId&quot;: &quot;474d0ac3-eae7-44dd-8718-572a1f710055&quot;,
  &quot;phoneCountry&quot;: {
    &quot;name&quot;: &quot;Austria&quot;,
    &quot;id&quot;: &quot;a82b2d38-c995-4339-b436-43cabf8d3651&quot;
  },
  &quot;firstName&quot;: &quot;bl1ewzj&quot;,
  &quot;riderId&quot;: null,
  &quot;password&quot;: null,
  &quot;phoneNumber&quot;: &quot;1262490115&quot;,
  &quot;roleIds&quot;: [
    &quot;4f1058c6-0985-4139-8302-b50df344c339&quot;
  ],
  &quot;passwordConfirm&quot;: null,
  &quot;imageFile&quot;: null,
  &quot;statusText&quot;: &quot;Active&quot;,
  &quot;imageUrl&quot;: null,
  &quot;customerId&quot;: null,
  &quot;id&quot;: &quot;03cba02a-9f16-4832-9bd1-9c019275bae6&quot;,
  &quot;nationalSecurityNumber&quot;: null,
  &quot;residenceAddress&quot;: null,
  &quot;email&quot;: &quot;ezxd3l4@grr.la&quot;,
  &quot;status&quot;: 1
}
 
17:44:02.949 [pool-1-thread-2] INFO  com.intuit.karate - [print] employee create response --&gt; {
  &quot;lastName&quot;: &quot;rc1uoa4&quot;,
  &quot;imagePath&quot;: null,
  &quot;roles&quot;: [
    {
      &quot;name&quot;: &quot;Super Admin&quot;,
      &quot;displayOrder&quot;: 0,
      &quot;description&quot;: null,
      &quot;colorCode&quot;: null,
      &quot;id&quot;: &quot;4f1058c6-0985-4139-8302-b50df344c339&quot;
    }
  ],
  &quot;fullName&quot;: &quot;rc1uoa4 rc1uoa4&quot;,
  &quot;employeeId&quot;: null,
  &quot;title&quot;: &quot;rc1uoa4&quot;,
  &quot;userId&quot;: &quot;dc964bd0-9f9d-43c8-bd89-cf7254e6a63a&quot;,
  &quot;phoneCountry&quot;: {
    &quot;name&quot;: &quot;Austria&quot;,
    &quot;id&quot;: &quot;a82b2d38-c995-4339-b436-43cabf8d3651&quot;
  },
  &quot;firstName&quot;: &quot;rc1uoa4&quot;,
  &quot;riderId&quot;: null,
  &quot;password&quot;: null,
  &quot;phoneNumber&quot;: &quot;3804699865&quot;,
  &quot;roleIds&quot;: [
    &quot;4f1058c6-0985-4139-8302-b50df344c339&quot;
  ],
  &quot;passwordConfirm&quot;: null,
  &quot;imageFile&quot;: null,
  &quot;statusText&quot;: &quot;Active&quot;,
  &quot;imageUrl&quot;: null,
  &quot;customerId&quot;: null,
  &quot;id&quot;: &quot;d311e65f-1674-48eb-8489-0aa72e7289b7&quot;,
  &quot;nationalSecurityNumber&quot;: null,
  &quot;residenceAddress&quot;: null,
  &quot;email&quot;: &quot;1sqbuhl@grr.la&quot;,
  &quot;status&quot;: 1
}
 
17:44:05.148 [pool-1-thread-3] INFO  com.intuit.karate - [print] employee create response --&gt; {
  &quot;lastName&quot;: &quot;uk7yy7w&quot;,
  &quot;imagePath&quot;: null,
  &quot;roles&quot;: [
    {
      &quot;name&quot;: &quot;Super Admin&quot;,
      &quot;displayOrder&quot;: 0,
      &quot;description&quot;: null,
      &quot;colorCode&quot;: null,
      &quot;id&quot;: &quot;4f1058c6-0985-4139-8302-b50df344c339&quot;
    }
  ],
  &quot;fullName&quot;: &quot;uk7yy7w uk7yy7w&quot;,
  &quot;employeeId&quot;: null,
  &quot;title&quot;: &quot;uk7yy7w&quot;,
  &quot;userId&quot;: &quot;80ffef29-8137-414f-bc44-02d2d0a1b919&quot;,
  &quot;phoneCountry&quot;: {
    &quot;name&quot;: &quot;Austria&quot;,
    &quot;id&quot;: &quot;a82b2d38-c995-4339-b436-43cabf8d3651&quot;
  },
  &quot;firstName&quot;: &quot;uk7yy7w&quot;,
  &quot;riderId&quot;: null,
  &quot;password&quot;: null,
  &quot;phoneNumber&quot;: &quot;9015708940&quot;,
  &quot;roleIds&quot;: [
    &quot;4f1058c6-0985-4139-8302-b50df344c339&quot;
  ],
  &quot;passwordConfirm&quot;: null,
  &quot;imageFile&quot;: null,
  &quot;statusText&quot;: &quot;Active&quot;,
  &quot;imageUrl&quot;: null,
  &quot;customerId&quot;: null,
  &quot;id&quot;: &quot;abc1ce95-d673-410c-b2df-8a379ef02d4f&quot;,
  &quot;nationalSecurityNumber&quot;: null,
  &quot;residenceAddress&quot;: null,
  &quot;email&quot;: &quot;qypxto9@grr.la&quot;,
  &quot;status&quot;: 1
}
 
17:44:05.148 [pool-1-thread-4] INFO  com.intuit.karate - [print] employee create response --&gt; {
  &quot;lastName&quot;: &quot;x5f5vej&quot;,
  &quot;imagePath&quot;: null,
  &quot;roles&quot;: [
    {
      &quot;name&quot;: &quot;Super Admin&quot;,
      &quot;displayOrder&quot;: 0,
      &quot;description&quot;: null,
      &quot;colorCode&quot;: null,
      &quot;id&quot;: &quot;4f1058c6-0985-4139-8302-b50df344c339&quot;
    }
  ],
  &quot;fullName&quot;: &quot;x5f5vej x5f5vej&quot;,
  &quot;employeeId&quot;: null,
  &quot;title&quot;: &quot;x5f5vej&quot;,
  &quot;userId&quot;: &quot;2babe9a0-0914-42d5-89fb-f198568283e8&quot;,
  &quot;phoneCountry&quot;: {
    &quot;name&quot;: &quot;Austria&quot;,
    &quot;id&quot;: &quot;a82b2d38-c995-4339-b436-43cabf8d3651&quot;
  },
  &quot;firstName&quot;: &quot;x5f5vej&quot;,
  &quot;riderId&quot;: null,
  &quot;password&quot;: null,
  &quot;phoneNumber&quot;: &quot;3109977718&quot;,
  &quot;roleIds&quot;: [
    &quot;4f1058c6-0985-4139-8302-b50df344c339&quot;
  ],
  &quot;passwordConfirm&quot;: null,
  &quot;imageFile&quot;: null,
  &quot;statusText&quot;: &quot;Active&quot;,
  &quot;imageUrl&quot;: null,
  &quot;customerId&quot;: null,
  &quot;id&quot;: &quot;d7b27945-e3eb-4492-8dbf-5ab950241fa9&quot;,
  &quot;nationalSecurityNumber&quot;: null,
  &quot;residenceAddress&quot;: null,
  &quot;email&quot;: &quot;txeqsuz@grr.la&quot;,
  &quot;status&quot;: 1
}
 
17:44:05.148 [pool-1-thread-5] INFO  com.intuit.karate - [print] employee create response --&gt; {
  &quot;lastName&quot;: &quot;6tsocxm&quot;,
  &quot;imagePath&quot;: null,
  &quot;roles&quot;: [
    {
      &quot;name&quot;: &quot;Super Admin&quot;,
      &quot;displayOrder&quot;: 0,
      &quot;description&quot;: null,
      &quot;colorCode&quot;: null,
      &quot;id&quot;: &quot;4f1058c6-0985-4139-8302-b50df344c339&quot;
    }
  ],
  &quot;fullName&quot;: &quot;6tsocxm 6tsocxm&quot;,
  &quot;employeeId&quot;: null,
  &quot;title&quot;: &quot;6tsocxm&quot;,
  &quot;userId&quot;: &quot;79225a3a-632f-485d-b15b-da6f5688677c&quot;,
  &quot;phoneCountry&quot;: {
    &quot;name&quot;: &quot;Austria&quot;,
    &quot;id&quot;: &quot;a82b2d38-c995-4339-b436-43cabf8d3651&quot;
  },
  &quot;firstName&quot;: &quot;6tsocxm&quot;,
  &quot;riderId&quot;: null,
  &quot;password&quot;: null,
  &quot;phoneNumber&quot;: &quot;8739086671&quot;,
  &quot;roleIds&quot;: [
    &quot;4f1058c6-0985-4139-8302-b50df344c339&quot;
  ],
  &quot;passwordConfirm&quot;: null,
  &quot;imageFile&quot;: null,
  &quot;statusText&quot;: &quot;Active&quot;,
  &quot;imageUrl&quot;: null,
  &quot;customerId&quot;: null,
  &quot;id&quot;: &quot;018a18b1-580e-4d80-9162-a975fae1189f&quot;,
  &quot;nationalSecurityNumber&quot;: null,
  &quot;residenceAddress&quot;: null,
  &quot;email&quot;: &quot;rtynchl@grr.la&quot;,
  &quot;status&quot;: 1
}
 
17:44:05.150 [pool-1-thread-2] INFO  com.intuit.karate - [print] employee edit without authorization response --&gt; {
  &quot;visible&quot;: true,
  &quot;action&quot;: &quot;default&quot;,
  &quot;messages&quot;: [
    &quot;User Authorization Error&quot;
  ],
  &quot;type&quot;: &quot;authorization&quot;,
  &quot;title&quot;: null,
  &quot;message&quot;: &quot;User Authorization Error&quot;,
  &quot;typeCode&quot;: 401
}
 
17:44:05.152 [pool-1-thread-1] INFO  com.intuit.karate - [print] employee edit fail scenario response --&gt; {
  &quot;visible&quot;: true,
  &quot;action&quot;: &quot;default&quot;,
  &quot;messages&quot;: [
    &quot;Error converting value \&quot;\&quot; to type &apos;System.Guid&apos;. Path &apos;roleIds[0]&apos;, line 1, position 144.&quot;
  ],
  &quot;validations&quot;: {
    &quot;roleIds[0]&quot;: [
      &quot;Error converting value \&quot;\&quot; to type &apos;System.Guid&apos;. Path &apos;roleIds[0]&apos;, line 1, position 144.&quot;
    ]
  },
  &quot;type&quot;: &quot;validation&quot;,
  &quot;title&quot;: null,
  &quot;message&quot;: &quot;Error converting value \&quot;\&quot; to type &apos;System.Guid&apos;. Path &apos;roleIds[0]&apos;, line 1, position 144.&quot;,
  &quot;typeCode&quot;: 400
}
 
17:44:05.168 [pool-1-thread-1] INFO  com.intuit.karate - Environment variable is : popcorn 
17:44:05.168 [pool-1-thread-2] INFO  com.intuit.karate - Environment variable is : popcorn 
17:44:05.176 [pool-1-thread-2] INFO  c.intuit.karate.core.FeatureRuntime - scenario called at line: 14 by tag: @employeeInfo
17:44:05.176 [pool-1-thread-1] INFO  c.intuit.karate.core.FeatureRuntime - scenario called at line: 14 by tag: @employeeInfo
17:44:05.853 [pool-1-thread-3] INFO  com.intuit.karate - [print] employee edit fail scenario response --&gt; {
  &quot;visible&quot;: true,
  &quot;action&quot;: &quot;default&quot;,
  &quot;messages&quot;: [
    &quot;Error converting value \&quot;\&quot; to type &apos;System.Guid&apos;. Path &apos;phoneCountryId&apos;, line 1, position 201.&quot;
  ],
  &quot;validations&quot;: {
    &quot;phoneCountryId&quot;: [
      &quot;Error converting value \&quot;\&quot; to type &apos;System.Guid&apos;. Path &apos;phoneCountryId&apos;, line 1, position 201.&quot;
    ]
  },
  &quot;type&quot;: &quot;validation&quot;,
  &quot;title&quot;: null,
  &quot;message&quot;: &quot;Error converting value \&quot;\&quot; to type &apos;System.Guid&apos;. Path &apos;phoneCountryId&apos;, line 1, position 201.&quot;,
  &quot;typeCode&quot;: 400
}
 
17:44:05.870 [pool-1-thread-3] INFO  com.intuit.karate - Environment variable is : popcorn 
17:44:05.877 [pool-1-thread-3] INFO  c.intuit.karate.core.FeatureRuntime - scenario called at line: 14 by tag: @employeeInfo
17:44:06.123 [pool-1-thread-5] INFO  com.intuit.karate - [print] employee edit fail scenario response --&gt; {
  &quot;visible&quot;: true,
  &quot;action&quot;: &quot;default&quot;,
  &quot;messages&quot;: [
    &quot;Email.NotValid&quot;,
    &quot;be.user.length&quot;
  ],
  &quot;validations&quot;: {
    &quot;email&quot;: [
      &quot;Email.NotValid&quot;,
      &quot;be.user.length&quot;
    ]
  },
  &quot;type&quot;: &quot;validation&quot;,
  &quot;title&quot;: null,
  &quot;message&quot;: &quot;Email.NotValid&quot;,
  &quot;typeCode&quot;: 400
}
 
17:44:06.128 [pool-1-thread-5] INFO  com.intuit.karate - Environment variable is : popcorn 
17:44:06.135 [pool-1-thread-5] INFO  c.intuit.karate.core.FeatureRuntime - scenario called at line: 14 by tag: @employeeInfo
17:44:06.255 [pool-1-thread-4] INFO  com.intuit.karate - [print] employee edit response --&gt; {
  &quot;lastName&quot;: &quot;e1ldnu8&quot;,
  &quot;imagePath&quot;: null,
  &quot;roles&quot;: [
    {
      &quot;name&quot;: &quot;Super Admin&quot;,
      &quot;displayOrder&quot;: 0,
      &quot;description&quot;: null,
      &quot;colorCode&quot;: null,
      &quot;id&quot;: &quot;4f1058c6-0985-4139-8302-b50df344c339&quot;
    }
  ],
  &quot;fullName&quot;: &quot;e1ldnu8 e1ldnu8&quot;,
  &quot;employeeId&quot;: null,
  &quot;title&quot;: &quot;e1ldnu8&quot;,
  &quot;userId&quot;: &quot;2babe9a0-0914-42d5-89fb-f198568283e8&quot;,
  &quot;phoneCountry&quot;: {
    &quot;name&quot;: &quot;Austria&quot;,
    &quot;id&quot;: &quot;a82b2d38-c995-4339-b436-43cabf8d3651&quot;
  },
  &quot;firstName&quot;: &quot;e1ldnu8&quot;,
  &quot;riderId&quot;: null,
  &quot;password&quot;: null,
  &quot;phoneNumber&quot;: &quot;6432295794&quot;,
  &quot;roleIds&quot;: [
    &quot;4f1058c6-0985-4139-8302-b50df344c339&quot;
  ],
  &quot;passwordConfirm&quot;: null,
  &quot;imageFile&quot;: null,
  &quot;statusText&quot;: &quot;Active&quot;,
  &quot;imageUrl&quot;: null,
  &quot;customerId&quot;: null,
  &quot;id&quot;: &quot;d7b27945-e3eb-4492-8dbf-5ab950241fa9&quot;,
  &quot;nationalSecurityNumber&quot;: null,
  &quot;residenceAddress&quot;: null,
  &quot;email&quot;: &quot;tprtfze@grr.la&quot;,
  &quot;status&quot;: 1
}
 
17:44:06.264 [pool-1-thread-4] INFO  com.intuit.karate - Environment variable is : popcorn 
17:44:06.268 [pool-1-thread-4] INFO  c.intuit.karate.core.FeatureRuntime - scenario called at line: 14 by tag: @employeeInfo
17:44:06.720 [pool-1-thread-2] INFO  com.intuit.karate - [print] employee create response --&gt; {
  &quot;lastName&quot;: &quot;5q4lca6&quot;,
  &quot;imagePath&quot;: null,
  &quot;roles&quot;: [
    {
      &quot;name&quot;: &quot;Super Admin&quot;,
      &quot;displayOrder&quot;: 0,
      &quot;description&quot;: null,
      &quot;colorCode&quot;: null,
      &quot;id&quot;: &quot;4f1058c6-0985-4139-8302-b50df344c339&quot;
    }
  ],
  &quot;fullName&quot;: &quot;5q4lca6 5q4lca6&quot;,
  &quot;employeeId&quot;: null,
  &quot;title&quot;: &quot;5q4lca6&quot;,
  &quot;userId&quot;: &quot;e878bb2e-2481-459b-8e8f-a1e3f442a650&quot;,
  &quot;phoneCountry&quot;: {
    &quot;name&quot;: &quot;Austria&quot;,
    &quot;id&quot;: &quot;a82b2d38-c995-4339-b436-43cabf8d3651&quot;
  },
  &quot;firstName&quot;: &quot;5q4lca6&quot;,
  &quot;riderId&quot;: null,
  &quot;password&quot;: null,
  &quot;phoneNumber&quot;: &quot;6169073110&quot;,
  &quot;roleIds&quot;: [
    &quot;4f1058c6-0985-4139-8302-b50df344c339&quot;
  ],
  &quot;passwordConfirm&quot;: null,
  &quot;imageFile&quot;: null,
  &quot;statusText&quot;: &quot;Active&quot;,
  &quot;imageUrl&quot;: null,
  &quot;customerId&quot;: null,
  &quot;id&quot;: &quot;fe5251d0-1030-418a-9f47-c2bc25c07881&quot;,
  &quot;nationalSecurityNumber&quot;: null,
  &quot;residenceAddress&quot;: null,
  &quot;email&quot;: &quot;ibzvu0i@grr.la&quot;,
  &quot;status&quot;: 1
}
 
17:44:06.748 [pool-1-thread-1] INFO  com.intuit.karate - [print] employee create response --&gt; {
  &quot;lastName&quot;: &quot;ude5h2k&quot;,
  &quot;imagePath&quot;: null,
  &quot;roles&quot;: [
    {
      &quot;name&quot;: &quot;Super Admin&quot;,
      &quot;displayOrder&quot;: 0,
      &quot;description&quot;: null,
      &quot;colorCode&quot;: null,
      &quot;id&quot;: &quot;4f1058c6-0985-4139-8302-b50df344c339&quot;
    }
  ],
  &quot;fullName&quot;: &quot;ude5h2k ude5h2k&quot;,
  &quot;employeeId&quot;: null,
  &quot;title&quot;: &quot;ude5h2k&quot;,
  &quot;userId&quot;: &quot;64ae10c4-e7e8-4dca-aab1-a9f8aa3394f1&quot;,
  &quot;phoneCountry&quot;: {
    &quot;name&quot;: &quot;Austria&quot;,
    &quot;id&quot;: &quot;a82b2d38-c995-4339-b436-43cabf8d3651&quot;
  },
  &quot;firstName&quot;: &quot;ude5h2k&quot;,
  &quot;riderId&quot;: null,
  &quot;password&quot;: null,
  &quot;phoneNumber&quot;: &quot;2684190580&quot;,
  &quot;roleIds&quot;: [
    &quot;4f1058c6-0985-4139-8302-b50df344c339&quot;
  ],
  &quot;passwordConfirm&quot;: null,
  &quot;imageFile&quot;: null,
  &quot;statusText&quot;: &quot;Active&quot;,
  &quot;imageUrl&quot;: null,
  &quot;customerId&quot;: null,
  &quot;id&quot;: &quot;b9e41538-635b-4a36-a782-0956cd968e1b&quot;,
  &quot;nationalSecurityNumber&quot;: null,
  &quot;residenceAddress&quot;: null,
  &quot;email&quot;: &quot;ckgl12a@grr.la&quot;,
  &quot;status&quot;: 1
}
 
17:44:07.278 [pool-1-thread-3] INFO  com.intuit.karate - [print] employee create response --&gt; {
  &quot;lastName&quot;: &quot;zdfu8ff&quot;,
  &quot;imagePath&quot;: null,
  &quot;roles&quot;: [
    {
      &quot;name&quot;: &quot;Super Admin&quot;,
      &quot;displayOrder&quot;: 0,
      &quot;description&quot;: null,
      &quot;colorCode&quot;: null,
      &quot;id&quot;: &quot;4f1058c6-0985-4139-8302-b50df344c339&quot;
    }
  ],
  &quot;fullName&quot;: &quot;zdfu8ff zdfu8ff&quot;,
  &quot;employeeId&quot;: null,
  &quot;title&quot;: &quot;zdfu8ff&quot;,
  &quot;userId&quot;: &quot;5568cc1a-e383-49e8-b05c-4ce576160acf&quot;,
  &quot;phoneCountry&quot;: {
    &quot;name&quot;: &quot;Austria&quot;,
    &quot;id&quot;: &quot;a82b2d38-c995-4339-b436-43cabf8d3651&quot;
  },
  &quot;firstName&quot;: &quot;zdfu8ff&quot;,
  &quot;riderId&quot;: null,
  &quot;password&quot;: null,
  &quot;phoneNumber&quot;: &quot;2719862201&quot;,
  &quot;roleIds&quot;: [
    &quot;4f1058c6-0985-4139-8302-b50df344c339&quot;
  ],
  &quot;passwordConfirm&quot;: null,
  &quot;imageFile&quot;: null,
  &quot;statusText&quot;: &quot;Active&quot;,
  &quot;imageUrl&quot;: null,
  &quot;customerId&quot;: null,
  &quot;id&quot;: &quot;a957d454-dbde-43e2-9704-6e443555d58d&quot;,
  &quot;nationalSecurityNumber&quot;: null,
  &quot;residenceAddress&quot;: null,
  &quot;email&quot;: &quot;yf1bxn1@grr.la&quot;,
  &quot;status&quot;: 1
}
 
17:44:07.403 [pool-1-thread-2] INFO  com.intuit.karate - [print] employee edit fail scenario response --&gt; {
  &quot;visible&quot;: true,
  &quot;action&quot;: &quot;default&quot;,
  &quot;messages&quot;: [
    &quot;Error converting value \&quot;\&quot; to type &apos;System.Guid&apos;. Path &apos;id&apos;, line 1, position 8.&quot;
  ],
  &quot;validations&quot;: {
    &quot;id&quot;: [
      &quot;Error converting value \&quot;\&quot; to type &apos;System.Guid&apos;. Path &apos;id&apos;, line 1, position 8.&quot;
    ]
  },
  &quot;type&quot;: &quot;validation&quot;,
  &quot;title&quot;: null,
  &quot;message&quot;: &quot;Error converting value \&quot;\&quot; to type &apos;System.Guid&apos;. Path &apos;id&apos;, line 1, position 8.&quot;,
  &quot;typeCode&quot;: 400
}
 
17:44:07.410 [pool-1-thread-2] INFO  com.intuit.karate - Environment variable is : popcorn 
17:44:07.416 [pool-1-thread-2] INFO  c.intuit.karate.core.FeatureRuntime - scenario called at line: 14 by tag: @employeeInfo
17:44:07.685 [pool-1-thread-1] INFO  com.intuit.karate - [print] employee edit fail scenario response --&gt; {
  &quot;visible&quot;: true,
  &quot;action&quot;: &quot;default&quot;,
  &quot;messages&quot;: [
    &quot;Required&quot;,
    &quot;be.user.length&quot;
  ],
  &quot;validations&quot;: {
    &quot;phoneNumber&quot;: [
      &quot;Required&quot;,
      &quot;be.user.length&quot;
    ]
  },
  &quot;type&quot;: &quot;validation&quot;,
  &quot;title&quot;: null,
  &quot;message&quot;: &quot;Required&quot;,
  &quot;typeCode&quot;: 400
}
 
17:44:07.691 [pool-1-thread-1] INFO  com.intuit.karate - Environment variable is : popcorn 
17:44:07.784 [pool-1-thread-5] INFO  com.intuit.karate - [print] employee create response --&gt; {
  &quot;lastName&quot;: &quot;fzqm52v&quot;,
  &quot;imagePath&quot;: null,
  &quot;roles&quot;: [
    {
      &quot;name&quot;: &quot;Super Admin&quot;,
      &quot;displayOrder&quot;: 0,
      &quot;description&quot;: null,
      &quot;colorCode&quot;: null,
      &quot;id&quot;: &quot;4f1058c6-0985-4139-8302-b50df344c339&quot;
    }
  ],
  &quot;fullName&quot;: &quot;fzqm52v fzqm52v&quot;,
  &quot;employeeId&quot;: null,
  &quot;title&quot;: &quot;fzqm52v&quot;,
  &quot;userId&quot;: &quot;5d6adfa9-7d8c-4d63-bd2a-605aed6c6349&quot;,
  &quot;phoneCountry&quot;: {
    &quot;name&quot;: &quot;Austria&quot;,
    &quot;id&quot;: &quot;a82b2d38-c995-4339-b436-43cabf8d3651&quot;
  },
  &quot;firstName&quot;: &quot;fzqm52v&quot;,
  &quot;riderId&quot;: null,
  &quot;password&quot;: null,
  &quot;phoneNumber&quot;: &quot;0549828315&quot;,
  &quot;roleIds&quot;: [
    &quot;4f1058c6-0985-4139-8302-b50df344c339&quot;
  ],
  &quot;passwordConfirm&quot;: null,
  &quot;imageFile&quot;: null,
  &quot;statusText&quot;: &quot;Active&quot;,
  &quot;imageUrl&quot;: null,
  &quot;customerId&quot;: null,
  &quot;id&quot;: &quot;39a1b24b-ba5c-42f3-b4c5-b76181497983&quot;,
  &quot;nationalSecurityNumber&quot;: null,
  &quot;residenceAddress&quot;: null,
  &quot;email&quot;: &quot;z6twgeg@grr.la&quot;,
  &quot;status&quot;: 1
}
 
17:44:07.880 [pool-1-thread-3] INFO  com.intuit.karate - [print] employee edit fail scenario response --&gt; {
  &quot;visible&quot;: true,
  &quot;action&quot;: &quot;default&quot;,
  &quot;messages&quot;: [
    &quot;Error converting value \&quot;wrong\&quot; to type &apos;System.Guid&apos;. Path &apos;id&apos;, line 1, position 13.&quot;
  ],
  &quot;validations&quot;: {
    &quot;id&quot;: [
      &quot;Error converting value \&quot;wrong\&quot; to type &apos;System.Guid&apos;. Path &apos;id&apos;, line 1, position 13.&quot;
    ]
  },
  &quot;type&quot;: &quot;validation&quot;,
  &quot;title&quot;: null,
  &quot;message&quot;: &quot;Error converting value \&quot;wrong\&quot; to type &apos;System.Guid&apos;. Path &apos;id&apos;, line 1, position 13.&quot;,
  &quot;typeCode&quot;: 400
}
 
17:44:07.886 [pool-1-thread-3] INFO  com.intuit.karate - Environment variable is : popcorn 
17:44:07.890 [pool-1-thread-3] INFO  c.intuit.karate.core.FeatureRuntime - scenario called at line: 14 by tag: @employeeInfo
17:44:08.143 [pool-1-thread-4] INFO  com.intuit.karate - [print] employee create response --&gt; {
  &quot;lastName&quot;: &quot;igc0c21&quot;,
  &quot;imagePath&quot;: null,
  &quot;roles&quot;: [
    {
      &quot;name&quot;: &quot;Super Admin&quot;,
      &quot;displayOrder&quot;: 0,
      &quot;description&quot;: null,
      &quot;colorCode&quot;: null,
      &quot;id&quot;: &quot;4f1058c6-0985-4139-8302-b50df344c339&quot;
    }
  ],
  &quot;fullName&quot;: &quot;igc0c21 igc0c21&quot;,
  &quot;employeeId&quot;: null,
  &quot;title&quot;: &quot;igc0c21&quot;,
  &quot;userId&quot;: &quot;d94f0369-0a71-4401-9e04-de409e5aa99f&quot;,
  &quot;phoneCountry&quot;: {
    &quot;name&quot;: &quot;Austria&quot;,
    &quot;id&quot;: &quot;a82b2d38-c995-4339-b436-43cabf8d3651&quot;
  },
  &quot;firstName&quot;: &quot;igc0c21&quot;,
  &quot;riderId&quot;: null,
  &quot;password&quot;: null,
  &quot;phoneNumber&quot;: &quot;8669766917&quot;,
  &quot;roleIds&quot;: [
    &quot;4f1058c6-0985-4139-8302-b50df344c339&quot;
  ],
  &quot;passwordConfirm&quot;: null,
  &quot;imageFile&quot;: null,
  &quot;statusText&quot;: &quot;Active&quot;,
  &quot;imageUrl&quot;: null,
  &quot;customerId&quot;: null,
  &quot;id&quot;: &quot;b2e6745a-4b96-43f6-8451-e0eaefd24189&quot;,
  &quot;nationalSecurityNumber&quot;: null,
  &quot;residenceAddress&quot;: null,
  &quot;email&quot;: &quot;5lofhw8@grr.la&quot;,
  &quot;status&quot;: 1
}
 
17:44:08.395 [pool-1-thread-1] INFO  com.intuit.karate - Environment variable is : popcorn 
17:44:08.400 [pool-1-thread-1] INFO  c.intuit.karate.core.FeatureRuntime - scenario called at line: 14 by tag: @employeeInfo
17:44:08.570 [pool-1-thread-5] INFO  com.intuit.karate - [print] employee edit fail scenario response --&gt; {
  &quot;visible&quot;: true,
  &quot;action&quot;: &quot;default&quot;,
  &quot;messages&quot;: [
    &quot;Email.NotValid&quot;
  ],
  &quot;validations&quot;: {
    &quot;email&quot;: [
      &quot;Email.NotValid&quot;
    ]
  },
  &quot;type&quot;: &quot;validation&quot;,
  &quot;title&quot;: null,
  &quot;message&quot;: &quot;Email.NotValid&quot;,
  &quot;typeCode&quot;: 400
}
 
17:44:08.580 [pool-1-thread-5] INFO  com.intuit.karate - Environment variable is : popcorn 
17:44:08.784 [pool-1-thread-2] INFO  com.intuit.karate - [print] employee create response --&gt; {
  &quot;lastName&quot;: &quot;35ve73g&quot;,
  &quot;imagePath&quot;: null,
  &quot;roles&quot;: [
    {
      &quot;name&quot;: &quot;Super Admin&quot;,
      &quot;displayOrder&quot;: 0,
      &quot;description&quot;: null,
      &quot;colorCode&quot;: null,
      &quot;id&quot;: &quot;4f1058c6-0985-4139-8302-b50df344c339&quot;
    }
  ],
  &quot;fullName&quot;: &quot;35ve73g 35ve73g&quot;,
  &quot;employeeId&quot;: null,
  &quot;title&quot;: &quot;35ve73g&quot;,
  &quot;userId&quot;: &quot;113da5c9-1452-46a5-a0d2-3c8e799d995c&quot;,
  &quot;phoneCountry&quot;: {
    &quot;name&quot;: &quot;Austria&quot;,
    &quot;id&quot;: &quot;a82b2d38-c995-4339-b436-43cabf8d3651&quot;
  },
  &quot;firstName&quot;: &quot;35ve73g&quot;,
  &quot;riderId&quot;: null,
  &quot;password&quot;: null,
  &quot;phoneNumber&quot;: &quot;9853594280&quot;,
  &quot;roleIds&quot;: [
    &quot;4f1058c6-0985-4139-8302-b50df344c339&quot;
  ],
  &quot;passwordConfirm&quot;: null,
  &quot;imageFile&quot;: null,
  &quot;statusText&quot;: &quot;Active&quot;,
  &quot;imageUrl&quot;: null,
  &quot;customerId&quot;: null,
  &quot;id&quot;: &quot;468f1b91-9441-4497-ba67-a2d95df69d2f&quot;,
  &quot;nationalSecurityNumber&quot;: null,
  &quot;residenceAddress&quot;: null,
  &quot;email&quot;: &quot;nygwz8w@grr.la&quot;,
  &quot;status&quot;: 1
}
 
17:44:08.850 [pool-1-thread-4] INFO  com.intuit.karate - [print] employee find response --&gt;  {
  &quot;lastName&quot;: &quot;igc0c21&quot;,
  &quot;imagePath&quot;: null,
  &quot;roles&quot;: [
    {
      &quot;name&quot;: &quot;Super Admin&quot;,
      &quot;displayOrder&quot;: 0,
      &quot;description&quot;: null,
      &quot;colorCode&quot;: null,
      &quot;id&quot;: &quot;4f1058c6-0985-4139-8302-b50df344c339&quot;
    }
  ],
  &quot;fullName&quot;: &quot;igc0c21 igc0c21&quot;,
  &quot;employeeId&quot;: null,
  &quot;title&quot;: &quot;igc0c21&quot;,
  &quot;userId&quot;: &quot;d94f0369-0a71-4401-9e04-de409e5aa99f&quot;,
  &quot;phoneCountry&quot;: {
    &quot;name&quot;: &quot;Austria&quot;,
    &quot;id&quot;: &quot;a82b2d38-c995-4339-b436-43cabf8d3651&quot;
  },
  &quot;firstName&quot;: &quot;igc0c21&quot;,
  &quot;riderId&quot;: null,
  &quot;password&quot;: null,
  &quot;phoneNumber&quot;: &quot;8669766917&quot;,
  &quot;roleIds&quot;: [
    &quot;4f1058c6-0985-4139-8302-b50df344c339&quot;
  ],
  &quot;passwordConfirm&quot;: null,
  &quot;imageFile&quot;: null,
  &quot;statusText&quot;: &quot;Active&quot;,
  &quot;imageUrl&quot;: null,
  &quot;customerId&quot;: null,
  &quot;id&quot;: &quot;b2e6745a-4b96-43f6-8451-e0eaefd24189&quot;,
  &quot;nationalSecurityNumber&quot;: null,
  &quot;residenceAddress&quot;: null,
  &quot;email&quot;: &quot;5lofhw8@grr.la&quot;,
  &quot;status&quot;: 1
}
 
---------------------------------------------------------
feature: classpath:features/userApi/employee/employee_edit.feature
scenarios:  9 | passed:  9 | failed:  0 | time: 39.5867
---------------------------------------------------------

17:44:08.856 [pool-2-thread-1] INFO  com.intuit.karate.Suite - &lt;&lt;pass&gt;&gt; feature 28 of 31 (3 remaining) classpath:features/userApi/employee/employee_edit.feature
17:44:08.862 [pool-1-thread-4] INFO  com.intuit.karate - Environment variable is : popcorn 
17:44:08.866 [pool-1-thread-4] INFO  c.intuit.karate.core.FeatureRuntime - scenario called at line: 14 by tag: @employeeInfo
17:44:09.171 [pool-1-thread-5] INFO  com.intuit.karate - [print] employee list search with wrong email response --&gt;  {
  &quot;page&quot;: {
    &quot;pageNumber&quot;: 0,
    &quot;pageSize&quot;: 0,
    &quot;hasNext&quot;: false,
    &quot;totalCount&quot;: 0
  },
  &quot;items&quot;: [
  ]
}
 
17:44:09.178 [pool-1-thread-5] INFO  com.intuit.karate - Environment variable is : popcorn 
17:44:09.257 [pool-1-thread-3] INFO  com.intuit.karate - [print] employee create response --&gt; {
  &quot;lastName&quot;: &quot;zuuaihu&quot;,
  &quot;imagePath&quot;: null,
  &quot;roles&quot;: [
    {
      &quot;name&quot;: &quot;Super Admin&quot;,
      &quot;displayOrder&quot;: 0,
      &quot;description&quot;: null,
      &quot;colorCode&quot;: null,
      &quot;id&quot;: &quot;4f1058c6-0985-4139-8302-b50df344c339&quot;
    }
  ],
  &quot;fullName&quot;: &quot;zuuaihu zuuaihu&quot;,
  &quot;employeeId&quot;: null,
  &quot;title&quot;: &quot;zuuaihu&quot;,
  &quot;userId&quot;: &quot;8042d231-20a3-43b1-90f7-d6e3be0ded1b&quot;,
  &quot;phoneCountry&quot;: {
    &quot;name&quot;: &quot;Austria&quot;,
    &quot;id&quot;: &quot;a82b2d38-c995-4339-b436-43cabf8d3651&quot;
  },
  &quot;firstName&quot;: &quot;zuuaihu&quot;,
  &quot;riderId&quot;: null,
  &quot;password&quot;: null,
  &quot;phoneNumber&quot;: &quot;0749405581&quot;,
  &quot;roleIds&quot;: [
    &quot;4f1058c6-0985-4139-8302-b50df344c339&quot;
  ],
  &quot;passwordConfirm&quot;: null,
  &quot;imageFile&quot;: null,
  &quot;statusText&quot;: &quot;Active&quot;,
  &quot;imageUrl&quot;: null,
  &quot;customerId&quot;: null,
  &quot;id&quot;: &quot;c89b43ab-3751-47d8-bb8a-54d25a04d3d7&quot;,
  &quot;nationalSecurityNumber&quot;: null,
  &quot;residenceAddress&quot;: null,
  &quot;email&quot;: &quot;vdo9y3w@grr.la&quot;,
  &quot;status&quot;: 1
}
 
17:44:09.359 [pool-1-thread-2] INFO  com.intuit.karate - [print] employee find without authorization response --&gt;  {
  &quot;visible&quot;: true,
  &quot;action&quot;: &quot;default&quot;,
  &quot;messages&quot;: [
    &quot;User Authorization Error&quot;
  ],
  &quot;type&quot;: &quot;authorization&quot;,
  &quot;title&quot;: null,
  &quot;message&quot;: &quot;User Authorization Error&quot;,
  &quot;typeCode&quot;: 401
}
 
17:44:09.364 [pool-1-thread-2] INFO  com.intuit.karate - Environment variable is : popcorn 
17:44:09.367 [pool-1-thread-2] INFO  c.intuit.karate.core.FeatureRuntime - scenario called at line: 14 by tag: @employeeInfo
---------------------------------------------------------
feature: classpath:features/userApi/employee/employee_find.feature
scenarios:  3 | passed:  3 | failed:  0 | time: 5.2280
---------------------------------------------------------

17:44:09.462 [pool-2-thread-1] INFO  com.intuit.karate.Suite - &lt;&lt;pass&gt;&gt; feature 29 of 31 (2 remaining) classpath:features/userApi/employee/employee_find.feature
17:44:09.758 [pool-1-thread-1] INFO  com.intuit.karate - [print] employee create response --&gt; {
  &quot;lastName&quot;: &quot;bn0jzgi&quot;,
  &quot;imagePath&quot;: null,
  &quot;roles&quot;: [
    {
      &quot;name&quot;: &quot;Super Admin&quot;,
      &quot;displayOrder&quot;: 0,
      &quot;description&quot;: null,
      &quot;colorCode&quot;: null,
      &quot;id&quot;: &quot;4f1058c6-0985-4139-8302-b50df344c339&quot;
    }
  ],
  &quot;fullName&quot;: &quot;bn0jzgi bn0jzgi&quot;,
  &quot;employeeId&quot;: null,
  &quot;title&quot;: &quot;bn0jzgi&quot;,
  &quot;userId&quot;: &quot;2336d906-845c-4588-8ecd-d8384d9be85a&quot;,
  &quot;phoneCountry&quot;: {
    &quot;name&quot;: &quot;Austria&quot;,
    &quot;id&quot;: &quot;a82b2d38-c995-4339-b436-43cabf8d3651&quot;
  },
  &quot;firstName&quot;: &quot;bn0jzgi&quot;,
  &quot;riderId&quot;: null,
  &quot;password&quot;: null,
  &quot;phoneNumber&quot;: &quot;6573103139&quot;,
  &quot;roleIds&quot;: [
    &quot;4f1058c6-0985-4139-8302-b50df344c339&quot;
  ],
  &quot;passwordConfirm&quot;: null,
  &quot;imageFile&quot;: null,
  &quot;statusText&quot;: &quot;Active&quot;,
  &quot;imageUrl&quot;: null,
  &quot;customerId&quot;: null,
  &quot;id&quot;: &quot;af79ac5a-ceb4-4f50-82ac-e2d9100a1ae9&quot;,
  &quot;nationalSecurityNumber&quot;: null,
  &quot;residenceAddress&quot;: null,
  &quot;email&quot;: &quot;kd3gtsf@grr.la&quot;,
  &quot;status&quot;: 1
}
 
17:44:09.851 [pool-1-thread-5] INFO  com.intuit.karate - [print] employee list search with wrong phone number response --&gt;  {
  &quot;page&quot;: {
    &quot;pageNumber&quot;: 0,
    &quot;pageSize&quot;: 0,
    &quot;hasNext&quot;: false,
    &quot;totalCount&quot;: 0
  },
  &quot;items&quot;: [
  ]
}
 
17:44:09.857 [pool-1-thread-5] INFO  com.intuit.karate - Environment variable is : popcorn 
17:44:09.870 [pool-1-thread-3] INFO  com.intuit.karate - [print] employee list search with email response --&gt;  {
  &quot;page&quot;: {
    &quot;pageNumber&quot;: 0,
    &quot;pageSize&quot;: 0,
    &quot;hasNext&quot;: false,
    &quot;totalCount&quot;: 1
  },
  &quot;items&quot;: [
    {
      &quot;lastName&quot;: &quot;zuuaihu&quot;,
      &quot;imagePath&quot;: null,
      &quot;roles&quot;: [
        {
          &quot;name&quot;: &quot;Super Admin&quot;,
          &quot;displayOrder&quot;: 0,
          &quot;description&quot;: null,
          &quot;colorCode&quot;: null,
          &quot;id&quot;: &quot;4f1058c6-0985-4139-8302-b50df344c339&quot;
        }
      ],
      &quot;orderCount&quot;: 0,
      &quot;fullName&quot;: &quot;zuuaihu zuuaihu&quot;,
      &quot;title&quot;: &quot;zuuaihu&quot;,
      &quot;firstName&quot;: &quot;zuuaihu&quot;,
      &quot;createdAt&quot;: &quot;2022-01-17T14:44:08.862Z&quot;,
      &quot;phoneNumber&quot;: null,
      &quot;roleIds&quot;: [
        &quot;4f1058c6-0985-4139-8302-b50df344c339&quot;
      ],
      &quot;imageUrl&quot;: null,
      &quot;statusText&quot;: &quot;Passive&quot;,
      &quot;statusName&quot;: &quot;be.user.enums.userstatus.passive&quot;,
      &quot;phoneCountryId&quot;: &quot;00000000-0000-0000-0000-000000000000&quot;,
      &quot;id&quot;: &quot;c89b43ab-3751-47d8-bb8a-54d25a04d3d7&quot;,
      &quot;email&quot;: &quot;vdo9y3w@grr.la&quot;,
      &quot;status&quot;: 0,
      &quot;updatedAt&quot;: &quot;2022-01-17T14:44:08.862Z&quot;
    }
  ]
}
 
17:44:09.877 [pool-1-thread-3] INFO  com.intuit.karate - Environment variable is : popcorn 
17:44:10.210 [pool-1-thread-4] INFO  com.intuit.karate - [print] employee create response --&gt; {
  &quot;lastName&quot;: &quot;je6vsel&quot;,
  &quot;imagePath&quot;: null,
  &quot;roles&quot;: [
    {
      &quot;name&quot;: &quot;Super Admin&quot;,
      &quot;displayOrder&quot;: 0,
      &quot;description&quot;: null,
      &quot;colorCode&quot;: null,
      &quot;id&quot;: &quot;4f1058c6-0985-4139-8302-b50df344c339&quot;
    }
  ],
  &quot;fullName&quot;: &quot;je6vsel je6vsel&quot;,
  &quot;employeeId&quot;: null,
  &quot;title&quot;: &quot;je6vsel&quot;,
  &quot;userId&quot;: &quot;d9030d49-5303-4bc5-93a5-b44217890d33&quot;,
  &quot;phoneCountry&quot;: {
    &quot;name&quot;: &quot;Austria&quot;,
    &quot;id&quot;: &quot;a82b2d38-c995-4339-b436-43cabf8d3651&quot;
  },
  &quot;firstName&quot;: &quot;je6vsel&quot;,
  &quot;riderId&quot;: null,
  &quot;password&quot;: null,
  &quot;phoneNumber&quot;: &quot;4713238754&quot;,
  &quot;roleIds&quot;: [
    &quot;4f1058c6-0985-4139-8302-b50df344c339&quot;
  ],
  &quot;passwordConfirm&quot;: null,
  &quot;imageFile&quot;: null,
  &quot;statusText&quot;: &quot;Active&quot;,
  &quot;imageUrl&quot;: null,
  &quot;customerId&quot;: null,
  &quot;id&quot;: &quot;e293a36e-01f3-408f-a20c-afe965c8774c&quot;,
  &quot;nationalSecurityNumber&quot;: null,
  &quot;residenceAddress&quot;: null,
  &quot;email&quot;: &quot;ryubn91@grr.la&quot;,
  &quot;status&quot;: 1
}
 
17:44:10.427 [pool-1-thread-1] INFO  com.intuit.karate - [print] employee list search without authorization response --&gt;  {
  &quot;visible&quot;: true,
  &quot;action&quot;: &quot;default&quot;,
  &quot;messages&quot;: [
    &quot;User Authorization Error&quot;
  ],
  &quot;type&quot;: &quot;authorization&quot;,
  &quot;title&quot;: null,
  &quot;message&quot;: &quot;User Authorization Error&quot;,
  &quot;typeCode&quot;: 401
}
 
17:44:10.440 [pool-1-thread-1] INFO  com.intuit.karate - Environment variable is : popcorn 
17:44:10.463 [pool-1-thread-5] INFO  com.intuit.karate - [print] employee list search with wrong full name response --&gt;  {
  &quot;page&quot;: {
    &quot;pageNumber&quot;: 0,
    &quot;pageSize&quot;: 0,
    &quot;hasNext&quot;: false,
    &quot;totalCount&quot;: 0
  },
  &quot;items&quot;: [
  ]
}
 
17:44:10.469 [pool-1-thread-5] INFO  com.intuit.karate - Environment variable is : popcorn 
17:44:10.724 [pool-1-thread-2] INFO  com.intuit.karate - [print] employee create response --&gt; {
  &quot;lastName&quot;: &quot;obxjzt7&quot;,
  &quot;imagePath&quot;: null,
  &quot;roles&quot;: [
    {
      &quot;name&quot;: &quot;Super Admin&quot;,
      &quot;displayOrder&quot;: 0,
      &quot;description&quot;: null,
      &quot;colorCode&quot;: null,
      &quot;id&quot;: &quot;4f1058c6-0985-4139-8302-b50df344c339&quot;
    }
  ],
  &quot;fullName&quot;: &quot;obxjzt7 obxjzt7&quot;,
  &quot;employeeId&quot;: null,
  &quot;title&quot;: &quot;obxjzt7&quot;,
  &quot;userId&quot;: &quot;cb3f08cb-762e-4aca-ba94-0b0623edc00f&quot;,
  &quot;phoneCountry&quot;: {
    &quot;name&quot;: &quot;Austria&quot;,
    &quot;id&quot;: &quot;a82b2d38-c995-4339-b436-43cabf8d3651&quot;
  },
  &quot;firstName&quot;: &quot;obxjzt7&quot;,
  &quot;riderId&quot;: null,
  &quot;password&quot;: null,
  &quot;phoneNumber&quot;: &quot;4694135163&quot;,
  &quot;roleIds&quot;: [
    &quot;4f1058c6-0985-4139-8302-b50df344c339&quot;
  ],
  &quot;passwordConfirm&quot;: null,
  &quot;imageFile&quot;: null,
  &quot;statusText&quot;: &quot;Active&quot;,
  &quot;imageUrl&quot;: null,
  &quot;customerId&quot;: null,
  &quot;id&quot;: &quot;51b04135-d65c-4e6c-b72c-3ae502d33655&quot;,
  &quot;nationalSecurityNumber&quot;: null,
  &quot;residenceAddress&quot;: null,
  &quot;email&quot;: &quot;3mxbtnz@grr.la&quot;,
  &quot;status&quot;: 1
}
 
17:44:10.807 [pool-1-thread-3] INFO  com.intuit.karate - [print] employee login response --&gt; {
  &quot;expiresIn&quot;: 3.15359999948541E7,
  &quot;accessToken&quot;: &quot;eyJhbGciOiJIUzUxMiIsInR5cCI6IkpXVCJ9.eyJuYW1laWQiOiJidXNyYUBwb3Bjb3JudmFuLmNvbSIsIm5hbWUiOiJiw7zFn3JhIGLDvMWfcmEiLCJVc2VyVHlwZSI6IkVtcGxveWVlIiwiTmFtZSI6ImLDvMWfcmEgYsO8xZ9yYSIsIkVtYWlsIjoiYnVzcmFAcG9wY29ybnZhbi5jb20iLCJVc2VySWQiOiIzYzA1ZjhjMS1iMmMzLTQ0NjUtYjRlNS03NmE1ZThlNzkzYTgiLCJuYmYiOjE2NDI0MzA2NTAsImV4cCI6MTY3Mzk2NjY1MCwiaWF0IjoxNjQyNDMwNjUwLCJpc3MiOiJodHRwczovL3BvcGNvcm52YW4uY29tLyIsImF1ZCI6Imh0dHBzOi8vcG9wY29ybnZhbi5jb20vIn0.jwUfvdyRNJbGNtACZ-0nSn__ujsyli06E-vSur_Psa4vxL1JDFKTMKZCwFx3Pp_0KTmBjVvA_q5xBbPDVJ1JYA&quot;,
  &quot;user&quot;: {
    &quot;imagePath&quot;: null,
    &quot;roles&quot;: [
      {
        &quot;name&quot;: &quot;Super Admin&quot;,
        &quot;displayOrder&quot;: 0,
        &quot;description&quot;: null,
        &quot;colorCode&quot;: null,
        &quot;id&quot;: &quot;4f1058c6-0985-4139-8302-b50df344c339&quot;
      }
    ],
    &quot;languageId&quot;: null,
    &quot;fullName&quot;: &quot;büşra büşra&quot;,
    &quot;employeeId&quot;: &quot;25010a8b-17db-438c-983d-a97e68c569b1&quot;,
    &quot;languageCode&quot;: null,
    &quot;userId&quot;: &quot;3c05f8c1-b2c3-4465-b4e5-76a5e8e793a8&quot;,
    &quot;languageName&quot;: null,
    &quot;phoneAreaCode&quot;: &quot;+373&quot;,
    &quot;phoneNumber&quot;: &quot;6667788&quot;,
    &quot;externalUserId&quot;: &quot;00000000-0000-0000-0000-000000000000&quot;,
    &quot;permissions&quot;: [
      {
        &quot;routePath&quot;: &quot;overview&quot;,
        &quot;iconName&quot;: &quot;overviewSVG&quot;,
        &quot;controllerName&quot;: &quot;Admin&quot;,
        &quot;name&quot;: &quot;Overview&quot;,
        &quot;displayOrder&quot;: 100,
        &quot;description&quot;: null,
        &quot;id&quot;: &quot;f3ef6d44-bdda-9acc-2131-8885bd8e368b&quot;,
        &quot;isMenu&quot;: false,
        &quot;key&quot;: &quot;Admin.Overview&quot;,
        &quot;parentId&quot;: null,
        &quot;unAuthorizedProps&quot;: {
          &quot;visible&quot;: false,
          &quot;disabled&quot;: false
        },
        &quot;actionName&quot;: &quot;Overview&quot;
      },
      {
        &quot;routePath&quot;: null,
        &quot;iconName&quot;: null,
        &quot;controllerName&quot;: &quot;Pusher&quot;,
        &quot;name&quot;: &quot;Pusher Auth&quot;,
        &quot;displayOrder&quot;: 0,
        &quot;description&quot;: null,
        &quot;id&quot;: &quot;d3abc4d5-0841-435b-b27e-c1f8ff8f4d9f&quot;,
        &quot;isMenu&quot;: false,
        &quot;key&quot;: &quot;Pusher.Auth&quot;,
        &quot;parentId&quot;: null,
        &quot;unAuthorizedProps&quot;: {
          &quot;visible&quot;: false,
          &quot;disabled&quot;: false
        },
        &quot;actionName&quot;: &quot;Auth&quot;
      },
      {
        &quot;routePath&quot;: null,
        &quot;iconName&quot;: null,
        &quot;controllerName&quot;: &quot;ServiceArea&quot;,
        &quot;name&quot;: &quot;ServiceArea Find&quot;,
        &quot;displayOrder&quot;: 0,
        &quot;description&quot;: null,
        &quot;id&quot;: &quot;941ff53e-a0e7-4a97-9f21-5a071749fdcf&quot;,
        &quot;isMenu&quot;: false,
        &quot;key&quot;: &quot;ServiceArea.Find&quot;,
        &quot;parentId&quot;: &quot;6510260c-2670-4f71-96ed-8f12986fb9cf&quot;,
        &quot;unAuthorizedProps&quot;: {
          &quot;visible&quot;: false,
          &quot;disabled&quot;: false
        },
        &quot;actionName&quot;: &quot;Find&quot;
      },
      {
        &quot;routePath&quot;: null,
        &quot;iconName&quot;: null,
        &quot;controllerName&quot;: &quot;CouponCode&quot;,
        &quot;name&quot;: &quot;CouponCode&quot;,
        &quot;displayOrder&quot;: 0,
        &quot;description&quot;: null,
        &quot;id&quot;: &quot;a1ea1d92-37b1-41ec-b4cf-24f205e13ced&quot;,
        &quot;isMenu&quot;: false,
        &quot;key&quot;: &quot;CouponCode.Edit&quot;,
        &quot;parentId&quot;: &quot;5aaef586-e311-4265-a241-6eb9758d6541&quot;,
        &quot;unAuthorizedProps&quot;: {
          &quot;visible&quot;: false,
          &quot;disabled&quot;: false
        },
        &quot;actionName&quot;: &quot;Edit&quot;
      },
      {
        &quot;routePath&quot;: &quot;customers&quot;,
        &quot;iconName&quot;: &quot;customerSVG&quot;,
        &quot;controllerName&quot;: &quot;Customer&quot;,
        &quot;name&quot;: &quot;Customer&quot;,
        &quot;displayOrder&quot;: 610,
        &quot;description&quot;: null,
        &quot;id&quot;: &quot;07b60a01-5846-422c-b1c6-1c7a382dbd0e&quot;,
        &quot;isMenu&quot;: true,
        &quot;key&quot;: &quot;Customer.Index&quot;,
        &quot;parentId&quot;: &quot;8b04f24a-f777-5455-9d4b-5d32257d3d62&quot;,
        &quot;unAuthorizedProps&quot;: {
          &quot;visible&quot;: false,
          &quot;disabled&quot;: false
        },
        &quot;actionName&quot;: &quot;Index&quot;
      },
      {
        &quot;routePath&quot;: null,
        &quot;iconName&quot;: null,
        &quot;controllerName&quot;: &quot;ServiceArea&quot;,
        &quot;name&quot;: &quot;ServiceArea List&quot;,
        &quot;displayOrder&quot;: 0,
        &quot;description&quot;: null,
        &quot;id&quot;: &quot;d059ba5c-c4a9-44ee-89cb-167400d65355&quot;,
        &quot;isMenu&quot;: false,
        &quot;key&quot;: &quot;ServiceArea.List&quot;,
        &quot;parentId&quot;: &quot;6510260c-2670-4f71-96ed-8f12986fb9cf&quot;,
        &quot;unAuthorizedProps&quot;: {
          &quot;visible&quot;: false,
          &quot;disabled&quot;: false
        },
        &quot;actionName&quot;: &quot;List&quot;
      },
      {
        &quot;routePath&quot;: null,
        &quot;iconName&quot;: &quot;managementSVG&quot;,
        &quot;controllerName&quot;: &quot;Product&quot;,
        &quot;name&quot;: &quot;Product / Support&quot;,
        &quot;displayOrder&quot;: 999,
        &quot;description&quot;: null,
        &quot;id&quot;: &quot;5b7cb896-ff20-4798-8468-df6c7f3be073&quot;,
        &quot;isMenu&quot;: true,
        &quot;key&quot;: &quot;Product.Main&quot;,
        &quot;parentId&quot;: null,
        &quot;unAuthorizedProps&quot;: {
          &quot;visible&quot;: false,
          &quot;disabled&quot;: false
        },
        &quot;actionName&quot;: &quot;Main&quot;
      },
      {
        &quot;routePath&quot;: null,
        &quot;iconName&quot;: null,
        &quot;controllerName&quot;: &quot;Address&quot;,
        &quot;name&quot;: &quot;Address List&quot;,
        &quot;displayOrder&quot;: 0,
        &quot;description&quot;: null,
        &quot;id&quot;: &quot;6cf101e1-86c2-4b4b-b308-33a8c9e2fd19&quot;,
        &quot;isMenu&quot;: false,
        &quot;key&quot;: &quot;Address.List&quot;,
        &quot;parentId&quot;: &quot;c3c514ef-1964-4c94-b13a-8bdd83a5b1cb&quot;,
        &quot;unAuthorizedProps&quot;: {
          &quot;visible&quot;: false,
          &quot;disabled&quot;: false
        },
        &quot;actionName&quot;: &quot;List&quot;
      },
      {
        &quot;routePath&quot;: null,
        &quot;iconName&quot;: null,
        &quot;controllerName&quot;: &quot;LocaleResource&quot;,
        &quot;name&quot;: &quot;LocaleResource Delete&quot;,
        &quot;displayOrder&quot;: 0,
        &quot;description&quot;: null,
        &quot;id&quot;: &quot;62103116-c035-44d5-aa5d-577df0b20041&quot;,
        &quot;isMenu&quot;: false,
        &quot;key&quot;: &quot;LocaleResource.Delete&quot;,
        &quot;parentId&quot;: &quot;4c1a6c0d-765c-444a-b7c8-49e99f61d47b&quot;,
        &quot;unAuthorizedProps&quot;: {
          &quot;visible&quot;: false,
          &quot;disabled&quot;: false
        },
        &quot;actionName&quot;: &quot;Delete&quot;
      },
      {
        &quot;routePath&quot;: null,
        &quot;iconName&quot;: null,
        &quot;controllerName&quot;: &quot;Address&quot;,
        &quot;name&quot;: &quot;Address Create&quot;,
        &quot;displayOrder&quot;: 0,
        &quot;description&quot;: null,
        &quot;id&quot;: &quot;ba0b5525-39db-4928-8a6a-a3c450b1d747&quot;,
        &quot;isMenu&quot;: false,
        &quot;key&quot;: &quot;Address.Create&quot;,
        &quot;parentId&quot;: &quot;c3c514ef-1964-4c94-b13a-8bdd83a5b1cb&quot;,
        &quot;unAuthorizedProps&quot;: {
          &quot;visible&quot;: false,
          &quot;disabled&quot;: false
        },
        &quot;actionName&quot;: &quot;Create&quot;
      },
      {
        &quot;routePath&quot;: null,
        &quot;iconName&quot;: &quot;ExportForFilter&quot;,
        &quot;controllerName&quot;: &quot;Product&quot;,
        &quot;name&quot;: &quot;Product ExportFinaleReplenishmentReport&quot;,
        &quot;displayOrder&quot;: 0,
        &quot;description&quot;: null,
        &quot;id&quot;: &quot;557a9551-e3b6-4022-8c65-8fefe6bc8b76&quot;,
        &quot;isMenu&quot;: false,
        &quot;key&quot;: &quot;Product.ExportFinaleReplenishmentReport&quot;,
        &quot;parentId&quot;: &quot;1858607f-58c2-4c69-8078-f2756c5ca81e&quot;,
        &quot;unAuthorizedProps&quot;: {
          &quot;visible&quot;: false,
          &quot;disabled&quot;: false
        },
        &quot;actionName&quot;: &quot;ExportFinaleReplenishmentReport&quot;
      },
      {
        &quot;routePath&quot;: null,
        &quot;iconName&quot;: null,
        &quot;controllerName&quot;: &quot;Setting&quot;,
        &quot;name&quot;: &quot;Setting Delete&quot;,
        &quot;displayOrder&quot;: 0,
        &quot;description&quot;: null,
        &quot;id&quot;: &quot;f22745ab-c49b-4b6a-8a72-58e25565418e&quot;,
        &quot;isMenu&quot;: false,
        &quot;key&quot;: &quot;Setting.Delete&quot;,
        &quot;parentId&quot;: &quot;ccc7592a-301d-4d63-aa26-09e92194ca01&quot;,
        &quot;unAuthorizedProps&quot;: {
          &quot;visible&quot;: false,
          &quot;disabled&quot;: false
        },
        &quot;actionName&quot;: &quot;Delete&quot;
      },
      {
        &quot;routePath&quot;: null,
        &quot;iconName&quot;: null,
        &quot;controllerName&quot;: &quot;Setting&quot;,
        &quot;name&quot;: &quot;Setting Edit&quot;,
        &quot;displayOrder&quot;: 0,
        &quot;description&quot;: null,
        &quot;id&quot;: &quot;368d96d0-f0f8-4a6a-a02a-10f3dc4d6813&quot;,
        &quot;isMenu&quot;: false,
        &quot;key&quot;: &quot;Setting.Edit&quot;,
        &quot;parentId&quot;: &quot;ccc7592a-301d-4d63-aa26-09e92194ca01&quot;,
        &quot;unAuthorizedProps&quot;: {
          &quot;visible&quot;: false,
          &quot;disabled&quot;: false
        },
        &quot;actionName&quot;: &quot;Edit&quot;
      },
      {
        &quot;routePath&quot;: null,
        &quot;iconName&quot;: null,
        &quot;controllerName&quot;: &quot;Warehouse&quot;,
        &quot;name&quot;: &quot;Warehouse ListWarehouseStock&quot;,
        &quot;displayOrder&quot;: 0,
        &quot;description&quot;: null,
        &quot;id&quot;: &quot;10961a78-a6c9-47aa-865a-b4d9aaab89bf&quot;,
        &quot;isMenu&quot;: false,
        &quot;key&quot;: &quot;Warehouse.ListWarehouseStock&quot;,
        &quot;parentId&quot;: &quot;7a99d565-0e98-95af-19bd-814011ea2417&quot;,
        &quot;unAuthorizedProps&quot;: {
          &quot;visible&quot;: false,
          &quot;disabled&quot;: false
        },
        &quot;actionName&quot;: &quot;ListWarehouseStock&quot;
      },
      {
        &quot;routePath&quot;: null,
        &quot;iconName&quot;: &quot;blackListSVG&quot;,
        &quot;controllerName&quot;: &quot;BlackList&quot;,
        &quot;name&quot;: &quot;Black List Create&quot;,
        &quot;displayOrder&quot;: 0,
        &quot;description&quot;: null,
        &quot;id&quot;: &quot;70d6b8cb-7f48-4cd4-a796-cad4e227ccd5&quot;,
        &quot;isMenu&quot;: false,
        &quot;key&quot;: &quot;BlackList.Create&quot;,
        &quot;parentId&quot;: &quot;d273c43d-77c8-4b88-8d35-9ec20a90bd11&quot;,
        &quot;unAuthorizedProps&quot;: {
          &quot;visible&quot;: false,
          &quot;disabled&quot;: false
        },
        &quot;actionName&quot;: &quot;Create&quot;
      },
      {
        &quot;routePath&quot;: null,
        &quot;iconName&quot;: &quot;a&quot;,
        &quot;controllerName&quot;: &quot;Customer&quot;,
        &quot;name&quot;: &quot;Customer UpdateBlockedCodeCampaign&quot;,
        &quot;displayOrder&quot;: 0,
        &quot;description&quot;: null,
        &quot;id&quot;: &quot;e3d996d8-5b07-4015-825c-c87c12952def&quot;,
        &quot;isMenu&quot;: false,
        &quot;key&quot;: &quot;Customer.UpdateBlockedCodeCampaign&quot;,
        &quot;parentId&quot;: null,
        &quot;unAuthorizedProps&quot;: {
          &quot;visible&quot;: false,
          &quot;disabled&quot;: false
        },
        &quot;actionName&quot;: &quot;UpdateBlockedCodeCampaign&quot;
      },
      {
        &quot;routePath&quot;: null,
        &quot;iconName&quot;: null,
        &quot;controllerName&quot;: &quot;Warehouse&quot;,
        &quot;name&quot;: &quot;Warehouse ExportWarehouseStock&quot;,
        &quot;displayOrder&quot;: 0,
        &quot;description&quot;: null,
        &quot;id&quot;: &quot;c9b0c169-56cc-4793-a43d-7d18a47ae863&quot;,
        &quot;isMenu&quot;: false,
        &quot;key&quot;: &quot;Warehouse.ExportWarehouseStock&quot;,
        &quot;parentId&quot;: &quot;7a99d565-0e98-95af-19bd-814011ea2417&quot;,
        &quot;unAuthorizedProps&quot;: {
          &quot;visible&quot;: false,
          &quot;disabled&quot;: false
        },
        &quot;actionName&quot;: &quot;ExportWarehouseStock&quot;
      },
      {
        &quot;routePath&quot;: null,
        &quot;iconName&quot;: &quot;SuitableWarehousesForOrder&quot;,
        &quot;controllerName&quot;: &quot;Order&quot;,
        &quot;name&quot;: &quot;Order SuitableWarehousesForOrder&quot;,
        &quot;displayOrder&quot;: 0,
        &quot;description&quot;: null,
        &quot;id&quot;: &quot;2188f2ef-08fb-4757-b6a6-d734b8d72eea&quot;,
        &quot;isMenu&quot;: false,
        &quot;key&quot;: &quot;Order.SuitableWarehousesForOrder&quot;,
        &quot;parentId&quot;: &quot;872b9f8c-c48d-dfeb-de32-1be0c3c38dbb&quot;,
        &quot;unAuthorizedProps&quot;: {
          &quot;visible&quot;: false,
          &quot;disabled&quot;: false
        },
        &quot;actionName&quot;: &quot;SuitableWarehousesForOrder&quot;
      },
      {
        &quot;routePath&quot;: &quot;products&quot;,
        &quot;iconName&quot;: &quot;productSVG&quot;,
        &quot;controllerName&quot;: &quot;Product&quot;,
        &quot;name&quot;: &quot;Product&quot;,
        &quot;displayOrder&quot;: 390,
        &quot;description&quot;: null,
        &quot;id&quot;: &quot;1858607f-58c2-4c69-8078-f2756c5ca81e&quot;,
        &quot;isMenu&quot;: true,
        &quot;key&quot;: &quot;Product.Index&quot;,
        &quot;parentId&quot;: &quot;8b40e125-ffeb-4cf1-ba4b-0ac72aac09d9&quot;,
        &quot;unAuthorizedProps&quot;: {
          &quot;visible&quot;: false,
          &quot;disabled&quot;: false
        },
        &quot;actionName&quot;: &quot;Index&quot;
      },
      {
        &quot;routePath&quot;: null,
        &quot;iconName&quot;: &quot;blackListSVG&quot;,
        &quot;controllerName&quot;: &quot;BlackList&quot;,
        &quot;name&quot;: &quot;Black List Edit&quot;,
        &quot;displayOrder&quot;: 0,
        &quot;description&quot;: null,
        &quot;id&quot;: &quot;8935ed07-0379-4235-99d4-2188e923639a&quot;,
        &quot;isMenu&quot;: false,
        &quot;key&quot;: &quot;BlackList.Edit&quot;,
        &quot;parentId&quot;: &quot;d273c43d-77c8-4b88-8d35-9ec20a90bd11&quot;,
        &quot;unAuthorizedProps&quot;: {
          &quot;visible&quot;: false,
          &quot;disabled&quot;: false
        },
        &quot;actionName&quot;: &quot;Edit&quot;
      },
      {
        &quot;routePath&quot;: null,
        &quot;iconName&quot;: null,
        &quot;controllerName&quot;: &quot;Rider&quot;,
        &quot;name&quot;: &quot;Rider Find&quot;,
        &quot;displayOrder&quot;: 0,
        &quot;description&quot;: null,
        &quot;id&quot;: &quot;438a4584-500a-47a2-810f-012e4743a389&quot;,
        &quot;isMenu&quot;: false,
        &quot;key&quot;: &quot;Rider.Find&quot;,
        &quot;parentId&quot;: &quot;1b716d9c-2bf6-4a16-9bd1-2214d14b6cc7&quot;,
        &quot;unAuthorizedProps&quot;: {
          &quot;visible&quot;: false,
          &quot;disabled&quot;: false
        },
        &quot;actionName&quot;: &quot;Find&quot;
      },
      {
        &quot;routePath&quot;: null,
        &quot;iconName&quot;: null,
        &quot;controllerName&quot;: &quot;Rider&quot;,
        &quot;name&quot;: &quot;Rider List&quot;,
        &quot;displayOrder&quot;: 0,
        &quot;description&quot;: null,
        &quot;id&quot;: &quot;94789829-bd1b-44a3-ae1a-2c4ecf20e3b3&quot;,
        &quot;isMenu&quot;: false,
        &quot;key&quot;: &quot;Rider.List&quot;,
        &quot;parentId&quot;: &quot;1b716d9c-2bf6-4a16-9bd1-2214d14b6cc7&quot;,
        &quot;unAuthorizedProps&quot;: {
          &quot;visible&quot;: false,
          &quot;disabled&quot;: false
        },
        &quot;actionName&quot;: &quot;List&quot;
      },
      {
        &quot;routePath&quot;: null,
        &quot;iconName&quot;: null,
        &quot;controllerName&quot;: &quot;CouponCode&quot;,
        &quot;name&quot;: &quot;CouponCode&quot;,
        &quot;displayOrder&quot;: 0,
        &quot;description&quot;: null,
        &quot;id&quot;: &quot;82a51ef5-f9a9-4a9d-9bc4-241cda2df051&quot;,
        &quot;isMenu&quot;: false,
        &quot;key&quot;: &quot;CouponCode.Create&quot;,
        &quot;parentId&quot;: &quot;5aaef586-e311-4265-a241-6eb9758d6541&quot;,
        &quot;unAuthorizedProps&quot;: {
          &quot;visible&quot;: false,
          &quot;disabled&quot;: false
        },
        &quot;actionName&quot;: &quot;Create&quot;
      },
      {
        &quot;routePath&quot;: null,
        &quot;iconName&quot;: null,
        &quot;controllerName&quot;: &quot;Warehouse&quot;,
        &quot;name&quot;: &quot;Warehouse Create&quot;,
        &quot;displayOrder&quot;: 0,
        &quot;description&quot;: null,
        &quot;id&quot;: &quot;26bd14df-9135-4f4d-8468-6c439e8a737f&quot;,
        &quot;isMenu&quot;: false,
        &quot;key&quot;: &quot;Warehouse.Create&quot;,
        &quot;parentId&quot;: &quot;7a99d565-0e98-95af-19bd-814011ea2417&quot;,
        &quot;unAuthorizedProps&quot;: {
          &quot;visible&quot;: false,
          &quot;disabled&quot;: false
        },
        &quot;actionName&quot;: &quot;Create&quot;
      },
      {
        &quot;routePath&quot;: null,
        &quot;iconName&quot;: null,
        &quot;controllerName&quot;: &quot;CouponCode&quot;,
        &quot;name&quot;: &quot;Find Coupon Code By User Id&quot;,
        &quot;displayOrder&quot;: 0,
        &quot;description&quot;: null,
        &quot;id&quot;: &quot;75b2daf0-42e8-4ad7-b6a4-811d06d87c74&quot;,
        &quot;isMenu&quot;: false,
        &quot;key&quot;: &quot;CouponCode.FindByUserId&quot;,
        &quot;parentId&quot;: &quot;5aaef586-e311-4265-a241-6eb9758d6541&quot;,
        &quot;unAuthorizedProps&quot;: {
          &quot;visible&quot;: false,
          &quot;disabled&quot;: false
        },
        &quot;actionName&quot;: &quot;FindByUserId&quot;
      },
      {
        &quot;routePath&quot;: null,
        &quot;iconName&quot;: null,
        &quot;controllerName&quot;: &quot;Language&quot;,
        &quot;name&quot;: &quot;Language Index&quot;,
        &quot;displayOrder&quot;: 0,
        &quot;description&quot;: null,
        &quot;id&quot;: &quot;7d117917-ff5a-448f-ae1c-71b123ffabc0&quot;,
        &quot;isMenu&quot;: false,
        &quot;key&quot;: &quot;Language.Index&quot;,
        &quot;parentId&quot;: null,
        &quot;unAuthorizedProps&quot;: {
          &quot;visible&quot;: false,
          &quot;disabled&quot;: false
        },
        &quot;actionName&quot;: &quot;Index&quot;
      },
      {
        &quot;routePath&quot;: null,
        &quot;iconName&quot;: null,
        &quot;controllerName&quot;: &quot;Campaign&quot;,
        &quot;name&quot;: &quot;Campaign Find&quot;,
        &quot;displayOrder&quot;: 0,
        &quot;description&quot;: null,
        &quot;id&quot;: &quot;00b581e0-ec91-4feb-a7e7-f1b9101ad482&quot;,
        &quot;isMenu&quot;: false,
        &quot;key&quot;: &quot;Campaign.Find&quot;,
        &quot;parentId&quot;: &quot;fd2f794b-65fb-4da6-9bdb-835c466e4321&quot;,
        &quot;unAuthorizedProps&quot;: {
          &quot;visible&quot;: false,
          &quot;disabled&quot;: false
        },
        &quot;actionName&quot;: &quot;Find&quot;
      },
      {
        &quot;routePath&quot;: null,
        &quot;iconName&quot;: null,
        &quot;controllerName&quot;: &quot;Setting&quot;,
        &quot;name&quot;: &quot;Setting List&quot;,
        &quot;displayOrder&quot;: 0,
        &quot;description&quot;: null,
        &quot;id&quot;: &quot;9f68e0f0-57dc-4148-bd76-fb8c2a970786&quot;,
        &quot;isMenu&quot;: false,
        &quot;key&quot;: &quot;Setting.List&quot;,
        &quot;parentId&quot;: &quot;ccc7592a-301d-4d63-aa26-09e92194ca01&quot;,
        &quot;unAuthorizedProps&quot;: {
          &quot;visible&quot;: false,
          &quot;disabled&quot;: false
        },
        &quot;actionName&quot;: &quot;List&quot;
      },
      {
        &quot;routePath&quot;: null,
        &quot;iconName&quot;: null,
        &quot;controllerName&quot;: &quot;ServiceArea&quot;,
        &quot;name&quot;: &quot;ServiceArea UpdateGeoJson&quot;,
        &quot;displayOrder&quot;: 0,
        &quot;description&quot;: null,
        &quot;id&quot;: &quot;02e62924-50d4-4bc5-9403-2254969f04c0&quot;,
        &quot;isMenu&quot;: false,
        &quot;key&quot;: &quot;ServiceArea.UpdateGeoJson&quot;,
        &quot;parentId&quot;: &quot;6510260c-2670-4f71-96ed-8f12986fb9cf&quot;,
        &quot;unAuthorizedProps&quot;: {
          &quot;visible&quot;: false,
          &quot;disabled&quot;: false
        },
        &quot;actionName&quot;: &quot;UpdateGeoJson&quot;
      },
      {
        &quot;routePath&quot;: null,
        &quot;iconName&quot;: null,
        &quot;controllerName&quot;: &quot;Order&quot;,
        &quot;name&quot;: &quot;Order DeleteOrderItemCheck&quot;,
        &quot;displayOrder&quot;: 0,
        &quot;description&quot;: null,
        &quot;id&quot;: &quot;e07b0bce-91e5-4399-857b-936f93c302dd&quot;,
        &quot;isMenu&quot;: false,
        &quot;key&quot;: &quot;Order.DeleteOrderItemCheck&quot;,
        &quot;parentId&quot;: &quot;872b9f8c-c48d-dfeb-de32-1be0c3c38dbb&quot;,
        &quot;unAuthorizedProps&quot;: {
          &quot;visible&quot;: false,
          &quot;disabled&quot;: false
        },
        &quot;actionName&quot;: &quot;DeleteOrderItemCheck&quot;
      },
      {
        &quot;routePath&quot;: &quot;warehouses&quot;,
        &quot;iconName&quot;: &quot;warehousesSVG&quot;,
        &quot;controllerName&quot;: &quot;Warehouse&quot;,
        &quot;name&quot;: &quot;Warehouses&quot;,
        &quot;displayOrder&quot;: 500,
        &quot;description&quot;: null,
        &quot;id&quot;: &quot;7a99d565-0e98-95af-19bd-814011ea2417&quot;,
        &quot;isMenu&quot;: true,
        &quot;key&quot;: &quot;Warehouse.Index&quot;,
        &quot;parentId&quot;: null,
        &quot;unAuthorizedProps&quot;: {
          &quot;visible&quot;: false,
          &quot;disabled&quot;: false
        },
        &quot;actionName&quot;: &quot;Index&quot;
      },
      {
        &quot;routePath&quot;: null,
        &quot;iconName&quot;: null,
        &quot;controllerName&quot;: &quot;Category&quot;,
        &quot;name&quot;: &quot;Category Create&quot;,
        &quot;displayOrder&quot;: 0,
        &quot;description&quot;: null,
        &quot;id&quot;: &quot;ec3b6666-e8bf-4426-bb0a-6c46f175b9da&quot;,
        &quot;isMenu&quot;: false,
        &quot;key&quot;: &quot;Category.Create&quot;,
        &quot;parentId&quot;: &quot;9bbddb67-d7f2-44d3-8d09-6bd04f8b6f79&quot;,
        &quot;unAuthorizedProps&quot;: {
          &quot;visible&quot;: false,
          &quot;disabled&quot;: false
        },
        &quot;actionName&quot;: &quot;Create&quot;
      },
      {
        &quot;routePath&quot;: null,
        &quot;iconName&quot;: null,
        &quot;controllerName&quot;: &quot;Campaign&quot;,
        &quot;name&quot;: &quot;Campaign ListForFilter&quot;,
        &quot;displayOrder&quot;: 0,
        &quot;description&quot;: null,
        &quot;id&quot;: &quot;d4f0750c-5811-4863-9808-a95b2ab92af4&quot;,
        &quot;isMenu&quot;: false,
        &quot;key&quot;: &quot;Campaign.ListForFilter&quot;,
        &quot;parentId&quot;: &quot;fd2f794b-65fb-4da6-9bdb-835c466e4321&quot;,
        &quot;unAuthorizedProps&quot;: {
          &quot;visible&quot;: false,
          &quot;disabled&quot;: false
        },
        &quot;actionName&quot;: &quot;ListForFilter&quot;
      },
      {
        &quot;routePath&quot;: null,
        &quot;iconName&quot;: null,
        &quot;controllerName&quot;: &quot;Country&quot;,
        &quot;name&quot;: &quot;Country Find&quot;,
        &quot;displayOrder&quot;: 0,
        &quot;description&quot;: null,
        &quot;id&quot;: &quot;869a6e82-0d19-4ae8-a655-99db08529c33&quot;,
        &quot;isMenu&quot;: false,
        &quot;key&quot;: &quot;Country.Find&quot;,
        &quot;parentId&quot;: &quot;9c15db73-badc-4894-ab1b-d8261bac91c2&quot;,
        &quot;unAuthorizedProps&quot;: {
          &quot;visible&quot;: false,
          &quot;disabled&quot;: false
        },
        &quot;actionName&quot;: &quot;Find&quot;
      },
      {
        &quot;routePath&quot;: null,
        &quot;iconName&quot;: null,
        &quot;controllerName&quot;: &quot;SubRegion&quot;,
        &quot;name&quot;: &quot;SubRegion List&quot;,
        &quot;displayOrder&quot;: 0,
        &quot;description&quot;: null,
        &quot;id&quot;: &quot;75d1a3dc-c6ed-4c21-952e-54972310aeb7&quot;,
        &quot;isMenu&quot;: false,
        &quot;key&quot;: &quot;SubRegion.List&quot;,
        &quot;parentId&quot;: &quot;5016a026-6957-41ab-8cda-9bd37afe0841&quot;,
        &quot;unAuthorizedProps&quot;: {
          &quot;visible&quot;: false,
          &quot;disabled&quot;: false
        },
        &quot;actionName&quot;: &quot;List&quot;
      },
      {
        &quot;routePath&quot;: null,
        &quot;iconName&quot;: null,
        &quot;controllerName&quot;: &quot;Rider&quot;,
        &quot;name&quot;: &quot;Rider Edit&quot;,
        &quot;displayOrder&quot;: 0,
        &quot;description&quot;: null,
        &quot;id&quot;: &quot;8277937b-eb57-49db-b4e2-b71ca38abd9c&quot;,
        &quot;isMenu&quot;: false,
        &quot;key&quot;: &quot;Rider.Edit&quot;,
        &quot;parentId&quot;: &quot;1b716d9c-2bf6-4a16-9bd1-2214d14b6cc7&quot;,
        &quot;unAuthorizedProps&quot;: {
          &quot;visible&quot;: false,
          &quot;disabled&quot;: false
        },
        &quot;actionName&quot;: &quot;Edit&quot;
      },
      {
        &quot;routePath&quot;: null,
        &quot;iconName&quot;: null,
        &quot;controllerName&quot;: &quot;Setting&quot;,
        &quot;name&quot;: &quot;Setting Create&quot;,
        &quot;displayOrder&quot;: 0,
        &quot;description&quot;: null,
        &quot;id&quot;: &quot;238383c9-3a34-4c8a-b2a2-85f813a6f40a&quot;,
        &quot;isMenu&quot;: false,
        &quot;key&quot;: &quot;Setting.Create&quot;,
        &quot;parentId&quot;: &quot;ccc7592a-301d-4d63-aa26-09e92194ca01&quot;,
        &quot;unAuthorizedProps&quot;: {
          &quot;visible&quot;: false,
          &quot;disabled&quot;: false
        },
        &quot;actionName&quot;: &quot;Create&quot;
      },
      {
        &quot;routePath&quot;: null,
        &quot;iconName&quot;: null,
        &quot;controllerName&quot;: &quot;CouponCode&quot;,
        &quot;name&quot;: &quot;CouponCode&quot;,
        &quot;displayOrder&quot;: 0,
        &quot;description&quot;: null,
        &quot;id&quot;: &quot;d28ce774-c331-4733-b98f-c83f04e8c752&quot;,
        &quot;isMenu&quot;: false,
        &quot;key&quot;: &quot;CouponCode.Delete&quot;,
        &quot;parentId&quot;: &quot;5aaef586-e311-4265-a241-6eb9758d6541&quot;,
        &quot;unAuthorizedProps&quot;: {
          &quot;visible&quot;: false,
          &quot;disabled&quot;: false
        },
        &quot;actionName&quot;: &quot;Delete&quot;
      },
      {
        &quot;routePath&quot;: null,
        &quot;iconName&quot;: null,
        &quot;controllerName&quot;: &quot;Permission&quot;,
        &quot;name&quot;: &quot;Permission Create&quot;,
        &quot;displayOrder&quot;: 0,
        &quot;description&quot;: null,
        &quot;id&quot;: &quot;a1a303e1-73f3-40d4-b748-a725546f5ea8&quot;,
        &quot;isMenu&quot;: false,
        &quot;key&quot;: &quot;Permission.Create&quot;,
        &quot;parentId&quot;: &quot;213aad81-551b-49f7-9d15-f11f5b9e7e88&quot;,
        &quot;unAuthorizedProps&quot;: {
          &quot;visible&quot;: false,
          &quot;disabled&quot;: false
        },
        &quot;actionName&quot;: &quot;Create&quot;
      },
      {
        &quot;routePath&quot;: null,
        &quot;iconName&quot;: null,
        &quot;controllerName&quot;: &quot;Language&quot;,
        &quot;name&quot;: &quot;Language Delete&quot;,
        &quot;displayOrder&quot;: 0,
        &quot;description&quot;: null,
        &quot;id&quot;: &quot;16b92a62-28f2-4a62-b810-9d341253ffef&quot;,
        &quot;isMenu&quot;: false,
        &quot;key&quot;: &quot;Language.Delete&quot;,
        &quot;parentId&quot;: &quot;7d117917-ff5a-448f-ae1c-71b123ffabc0&quot;,
        &quot;unAuthorizedProps&quot;: {
          &quot;visible&quot;: false,
          &quot;disabled&quot;: false
        },
        &quot;actionName&quot;: &quot;Delete&quot;
      },
      {
        &quot;routePath&quot;: null,
        &quot;iconName&quot;: null,
        &quot;controllerName&quot;: &quot;Order&quot;,
        &quot;name&quot;: &quot;Order Find&quot;,
        &quot;displayOrder&quot;: 0,
        &quot;description&quot;: null,
        &quot;id&quot;: &quot;28593029-bc36-4e20-86b9-c1703b181edd&quot;,
        &quot;isMenu&quot;: false,
        &quot;key&quot;: &quot;Order.Find&quot;,
        &quot;parentId&quot;: &quot;872b9f8c-c48d-dfeb-de32-1be0c3c38dbb&quot;,
        &quot;unAuthorizedProps&quot;: {
          &quot;visible&quot;: false,
          &quot;disabled&quot;: false
        },
        &quot;actionName&quot;: &quot;Find&quot;
      },
      {
        &quot;routePath&quot;: null,
        &quot;iconName&quot;: null,
        &quot;controllerName&quot;: &quot;SubRegion&quot;,
        &quot;name&quot;: &quot;SubRegion Create&quot;,
        &quot;displayOrder&quot;: 0,
        &quot;description&quot;: null,
        &quot;id&quot;: &quot;5645a151-6053-4f7b-ab7b-d8503cbb1aba&quot;,
        &quot;isMenu&quot;: false,
        &quot;key&quot;: &quot;SubRegion.Create&quot;,
        &quot;parentId&quot;: &quot;5016a026-6957-41ab-8cda-9bd37afe0841&quot;,
        &quot;unAuthorizedProps&quot;: {
          &quot;visible&quot;: false,
          &quot;disabled&quot;: false
        },
        &quot;actionName&quot;: &quot;Create&quot;
      },
      {
        &quot;routePath&quot;: &quot;dashboards&quot;,
        &quot;iconName&quot;: &quot;dashboardSVG&quot;,
        &quot;controllerName&quot;: &quot;Dashboard&quot;,
        &quot;name&quot;: &quot;Analytics&quot;,
        &quot;displayOrder&quot;: 300,
        &quot;description&quot;: null,
        &quot;id&quot;: &quot;0b0fd9e8-2ae5-40f8-9373-deafc8c5770d&quot;,
        &quot;isMenu&quot;: true,
        &quot;key&quot;: &quot;Dashboard.Index&quot;,
        &quot;parentId&quot;: null,
        &quot;unAuthorizedProps&quot;: {
          &quot;visible&quot;: false,
          &quot;disabled&quot;: false
        },
        &quot;actionName&quot;: &quot;Index&quot;
      },
      {
        &quot;routePath&quot;: null,
        &quot;iconName&quot;: null,
        &quot;controllerName&quot;: &quot;ServiceArea&quot;,
        &quot;name&quot;: &quot;ServiceArea Edit&quot;,
        &quot;displayOrder&quot;: 0,
        &quot;description&quot;: null,
        &quot;id&quot;: &quot;dccac413-6147-41f2-a093-0f85c770405a&quot;,
        &quot;isMenu&quot;: false,
        &quot;key&quot;: &quot;ServiceArea.Edit&quot;,
        &quot;parentId&quot;: &quot;6510260c-2670-4f71-96ed-8f12986fb9cf&quot;,
        &quot;unAuthorizedProps&quot;: {
          &quot;visible&quot;: false,
          &quot;disabled&quot;: false
        },
        &quot;actionName&quot;: &quot;Edit&quot;
      },
      {
        &quot;routePath&quot;: null,
        &quot;iconName&quot;: null,
        &quot;controllerName&quot;: &quot;Employee&quot;,
        &quot;name&quot;: &quot;Employee Create&quot;,
        &quot;displayOrder&quot;: 0,
        &quot;description&quot;: null,
        &quot;id&quot;: &quot;c5270ce8-af43-4c0c-aae3-461b204b6154&quot;,
        &quot;isMenu&quot;: false,
        &quot;key&quot;: &quot;Employee.Create&quot;,
        &quot;parentId&quot;: &quot;e4a8e904-698e-4596-92c3-b40206b19179&quot;,
        &quot;unAuthorizedProps&quot;: {
          &quot;visible&quot;: false,
          &quot;disabled&quot;: false
        },
        &quot;actionName&quot;: &quot;Create&quot;
      },
      {
        &quot;routePath&quot;: null,
        &quot;iconName&quot;: null,
        &quot;controllerName&quot;: &quot;Order&quot;,
        &quot;name&quot;: &quot;Order List&quot;,
        &quot;displayOrder&quot;: 0,
        &quot;description&quot;: null,
        &quot;id&quot;: &quot;5644a0fc-aab8-4a88-9bcc-a71f29a6bb49&quot;,
        &quot;isMenu&quot;: false,
        &quot;key&quot;: &quot;Order.List&quot;,
        &quot;parentId&quot;: &quot;872b9f8c-c48d-dfeb-de32-1be0c3c38dbb&quot;,
        &quot;unAuthorizedProps&quot;: {
          &quot;visible&quot;: false,
          &quot;disabled&quot;: false
        },
        &quot;actionName&quot;: &quot;List&quot;
      },
      {
        &quot;routePath&quot;: null,
        &quot;iconName&quot;: null,
        &quot;controllerName&quot;: &quot;Language&quot;,
        &quot;name&quot;: &quot;Language Find&quot;,
        &quot;displayOrder&quot;: 0,
        &quot;description&quot;: null,
        &quot;id&quot;: &quot;ac47e514-e60f-466f-a16c-401a478bbce7&quot;,
        &quot;isMenu&quot;: false,
        &quot;key&quot;: &quot;Language.Find&quot;,
        &quot;parentId&quot;: &quot;7d117917-ff5a-448f-ae1c-71b123ffabc0&quot;,
        &quot;unAuthorizedProps&quot;: {
          &quot;visible&quot;: false,
          &quot;disabled&quot;: false
        },
        &quot;actionName&quot;: &quot;Find&quot;
      },
      {
        &quot;routePath&quot;: null,
        &quot;iconName&quot;: null,
        &quot;controllerName&quot;: &quot;Employee&quot;,
        &quot;name&quot;: &quot;Employee List&quot;,
        &quot;displayOrder&quot;: 0,
        &quot;description&quot;: null,
        &quot;id&quot;: &quot;85b2a11c-84bd-40bf-87b5-226546bb7272&quot;,
        &quot;isMenu&quot;: false,
        &quot;key&quot;: &quot;Employee.List&quot;,
        &quot;parentId&quot;: &quot;e4a8e904-698e-4596-92c3-b40206b19179&quot;,
        &quot;unAuthorizedProps&quot;: {
          &quot;visible&quot;: false,
          &quot;disabled&quot;: false
        },
        &quot;actionName&quot;: &quot;List&quot;
      },
      {
        &quot;routePath&quot;: null,
        &quot;iconName&quot;: null,
        &quot;controllerName&quot;: &quot;Country&quot;,
        &quot;name&quot;: &quot;Country Delete&quot;,
        &quot;displayOrder&quot;: 0,
        &quot;description&quot;: null,
        &quot;id&quot;: &quot;6107f9a1-4fbe-46fc-82eb-55acf38ead7d&quot;,
        &quot;isMenu&quot;: false,
        &quot;key&quot;: &quot;Country.Delete&quot;,
        &quot;parentId&quot;: &quot;9c15db73-badc-4894-ab1b-d8261bac91c2&quot;,
        &quot;unAuthorizedProps&quot;: {
          &quot;visible&quot;: false,
          &quot;disabled&quot;: false
        },
        &quot;actionName&quot;: &quot;Delete&quot;
      },
      {
        &quot;routePath&quot;: null,
        &quot;iconName&quot;: null,
        &quot;controllerName&quot;: &quot;Category&quot;,
        &quot;name&quot;: &quot;Category ListForFilter&quot;,
        &quot;displayOrder&quot;: 0,
        &quot;description&quot;: null,
        &quot;id&quot;: &quot;f057072d-c8d8-4140-880a-ad2a61df8381&quot;,
        &quot;isMenu&quot;: false,
        &quot;key&quot;: &quot;Category.ListForFilter&quot;,
        &quot;parentId&quot;: &quot;9bbddb67-d7f2-44d3-8d09-6bd04f8b6f79&quot;,
        &quot;unAuthorizedProps&quot;: {
          &quot;visible&quot;: false,
          &quot;disabled&quot;: false
        },
        &quot;actionName&quot;: &quot;ListForFilter&quot;
      },
      {
        &quot;routePath&quot;: &quot;categories&quot;,
        &quot;iconName&quot;: &quot;categorySVG&quot;,
        &quot;controllerName&quot;: &quot;Category&quot;,
        &quot;name&quot;: &quot;Categories&quot;,
        &quot;displayOrder&quot;: 400,
        &quot;description&quot;: null,
        &quot;id&quot;: &quot;501d66f1-cdeb-4f10-85d2-6e00d60e36c9&quot;,
        &quot;isMenu&quot;: true,
        &quot;key&quot;: &quot;Category.Index&quot;,
        &quot;parentId&quot;: &quot;8b40e125-ffeb-4cf1-ba4b-0ac72aac09d9&quot;,
        &quot;unAuthorizedProps&quot;: {
          &quot;visible&quot;: false,
          &quot;disabled&quot;: false
        },
        &quot;actionName&quot;: &quot;Index&quot;
      },
      {
        &quot;routePath&quot;: null,
        &quot;iconName&quot;: null,
        &quot;controllerName&quot;: &quot;ZipCode&quot;,
        &quot;name&quot;: &quot;ZipCode Edit&quot;,
        &quot;displayOrder&quot;: 0,
        &quot;description&quot;: null,
        &quot;id&quot;: &quot;a5fdf875-fb0a-456a-bd3d-8428d97760af&quot;,
        &quot;isMenu&quot;: false,
        &quot;key&quot;: &quot;ZipCode.Edit&quot;,
        &quot;parentId&quot;: &quot;8aa34e38-533b-4ab7-bad7-0eaa7b5dec9c&quot;,
        &quot;unAuthorizedProps&quot;: {
          &quot;visible&quot;: false,
          &quot;disabled&quot;: false
        },
        &quot;actionName&quot;: &quot;Edit&quot;
      },
      {
        &quot;routePath&quot;: null,
        &quot;iconName&quot;: null,
        &quot;controllerName&quot;: &quot;Order&quot;,
        &quot;name&quot;: &quot;Order FindOrdersByUserId&quot;,
        &quot;displayOrder&quot;: 0,
        &quot;description&quot;: null,
        &quot;id&quot;: &quot;68d99af4-6abe-48d5-9ef2-c1cdb594e356&quot;,
        &quot;isMenu&quot;: false,
        &quot;key&quot;: &quot;Order.FindOrdersByUserId&quot;,
        &quot;parentId&quot;: &quot;872b9f8c-c48d-dfeb-de32-1be0c3c38dbb&quot;,
        &quot;unAuthorizedProps&quot;: {
          &quot;visible&quot;: false,
          &quot;disabled&quot;: false
        },
        &quot;actionName&quot;: &quot;FindOrdersByUserId&quot;
      },
      {
        &quot;routePath&quot;: null,
        &quot;iconName&quot;: null,
        &quot;controllerName&quot;: &quot;Address&quot;,
        &quot;name&quot;: &quot;Address Index&quot;,
        &quot;displayOrder&quot;: 0,
        &quot;description&quot;: null,
        &quot;id&quot;: &quot;c3c514ef-1964-4c94-b13a-8bdd83a5b1cb&quot;,
        &quot;isMenu&quot;: false,
        &quot;key&quot;: &quot;Address.Index&quot;,
        &quot;parentId&quot;: null,
        &quot;unAuthorizedProps&quot;: {
          &quot;visible&quot;: false,
          &quot;disabled&quot;: false
        },
        &quot;actionName&quot;: &quot;Index&quot;
      },
      {
        &quot;routePath&quot;: null,
        &quot;iconName&quot;: null,
        &quot;controllerName&quot;: &quot;State&quot;,
        &quot;name&quot;: &quot;State Find&quot;,
        &quot;displayOrder&quot;: 0,
        &quot;description&quot;: null,
        &quot;id&quot;: &quot;749873e1-e852-4fc8-ab64-f1da0b433957&quot;,
        &quot;isMenu&quot;: false,
        &quot;key&quot;: &quot;State.Find&quot;,
        &quot;parentId&quot;: &quot;4842baa6-3b5e-40d1-ba2c-aa896962f8a7&quot;,
        &quot;unAuthorizedProps&quot;: {
          &quot;visible&quot;: false,
          &quot;disabled&quot;: false
        },
        &quot;actionName&quot;: &quot;Find&quot;
      },
      {
        &quot;routePath&quot;: null,
        &quot;iconName&quot;: null,
        &quot;controllerName&quot;: &quot;Order&quot;,
        &quot;name&quot;: &quot;Order Edit&quot;,
        &quot;displayOrder&quot;: 0,
        &quot;description&quot;: null,
        &quot;id&quot;: &quot;9ae4817f-4442-47af-a281-0b3c0d40862e&quot;,
        &quot;isMenu&quot;: false,
        &quot;key&quot;: &quot;Order.Edit&quot;,
        &quot;parentId&quot;: &quot;872b9f8c-c48d-dfeb-de32-1be0c3c38dbb&quot;,
        &quot;unAuthorizedProps&quot;: {
          &quot;visible&quot;: false,
          &quot;disabled&quot;: false
        },
        &quot;actionName&quot;: &quot;Edit&quot;
      },
      {
        &quot;routePath&quot;: null,
        &quot;iconName&quot;: null,
        &quot;controllerName&quot;: &quot;Customer&quot;,
        &quot;name&quot;: &quot;Customer RemoteSearchForCustomer&quot;,
        &quot;displayOrder&quot;: 0,
        &quot;description&quot;: null,
        &quot;id&quot;: &quot;6c5194cb-40ed-4c65-81e7-b8588de65998&quot;,
        &quot;isMenu&quot;: false,
        &quot;key&quot;: &quot;Customer.RemoteSearchForCustomer&quot;,
        &quot;parentId&quot;: &quot;07b60a01-5846-422c-b1c6-1c7a382dbd0e&quot;,
        &quot;unAuthorizedProps&quot;: {
          &quot;visible&quot;: false,
          &quot;disabled&quot;: false
        },
        &quot;actionName&quot;: &quot;RemoteSearchForCustomer&quot;
      },
      {
        &quot;routePath&quot;: null,
        &quot;iconName&quot;: null,
        &quot;controllerName&quot;: &quot;Campaign&quot;,
        &quot;name&quot;: &quot;Campaign Upload Picture&quot;,
        &quot;displayOrder&quot;: 0,
        &quot;description&quot;: null,
        &quot;id&quot;: &quot;939d1f32-170d-4457-ba5b-9e7963a1f44d&quot;,
        &quot;isMenu&quot;: false,
        &quot;key&quot;: &quot;Campaign.UploadCampaignPicture&quot;,
        &quot;parentId&quot;: &quot;fd2f794b-65fb-4da6-9bdb-835c466e4321&quot;,
        &quot;unAuthorizedProps&quot;: {
          &quot;visible&quot;: false,
          &quot;disabled&quot;: false
        },
        &quot;actionName&quot;: &quot;UploadCampaignPicture&quot;
      },
      {
        &quot;routePath&quot;: null,
        &quot;iconName&quot;: null,
        &quot;controllerName&quot;: &quot;Permission&quot;,
        &quot;name&quot;: &quot;Permission Edit&quot;,
        &quot;displayOrder&quot;: 0,
        &quot;description&quot;: null,
        &quot;id&quot;: &quot;fac3a453-994e-43cc-876d-e9c0edc059aa&quot;,
        &quot;isMenu&quot;: false,
        &quot;key&quot;: &quot;Permission.Edit&quot;,
        &quot;parentId&quot;: &quot;213aad81-551b-49f7-9d15-f11f5b9e7e88&quot;,
        &quot;unAuthorizedProps&quot;: {
          &quot;visible&quot;: false,
          &quot;disabled&quot;: false
        },
        &quot;actionName&quot;: &quot;Edit&quot;
      },
      {
        &quot;routePath&quot;: null,
        &quot;iconName&quot;: null,
        &quot;controllerName&quot;: &quot;SubRegion&quot;,
        &quot;name&quot;: &quot;SubRegion Find&quot;,
        &quot;displayOrder&quot;: 0,
        &quot;description&quot;: null,
        &quot;id&quot;: &quot;c04774f1-327c-4343-b9bb-35aa8cf11007&quot;,
        &quot;isMenu&quot;: false,
        &quot;key&quot;: &quot;SubRegion.Find&quot;,
        &quot;parentId&quot;: &quot;5016a026-6957-41ab-8cda-9bd37afe0841&quot;,
        &quot;unAuthorizedProps&quot;: {
          &quot;visible&quot;: false,
          &quot;disabled&quot;: false
        },
        &quot;actionName&quot;: &quot;Find&quot;
      },
      {
        &quot;routePath&quot;: &quot;resources&quot;,
        &quot;iconName&quot;: &quot;resourceSVG&quot;,
        &quot;controllerName&quot;: &quot;LocaleResource&quot;,
        &quot;name&quot;: &quot;Resource&quot;,
        &quot;displayOrder&quot;: 910,
        &quot;description&quot;: null,
        &quot;id&quot;: &quot;4c1a6c0d-765c-444a-b7c8-49e99f61d47b&quot;,
        &quot;isMenu&quot;: true,
        &quot;key&quot;: &quot;LocaleResource.Index&quot;,
        &quot;parentId&quot;: &quot;8f4ea0ae-2382-4769-8584-5f2f2b1520c8&quot;,
        &quot;unAuthorizedProps&quot;: {
          &quot;visible&quot;: false,
          &quot;disabled&quot;: false
        },
        &quot;actionName&quot;: &quot;Index&quot;
      },
      {
        &quot;routePath&quot;: null,
        &quot;iconName&quot;: &quot;blackListSVG&quot;,
        &quot;controllerName&quot;: &quot;BlackList&quot;,
        &quot;name&quot;: &quot;Black List List&quot;,
        &quot;displayOrder&quot;: 0,
        &quot;description&quot;: null,
        &quot;id&quot;: &quot;96f6bf8e-c5b2-46ee-ade0-f00025140813&quot;,
        &quot;isMenu&quot;: false,
        &quot;key&quot;: &quot;BlackList.List&quot;,
        &quot;parentId&quot;: &quot;d273c43d-77c8-4b88-8d35-9ec20a90bd11&quot;,
        &quot;unAuthorizedProps&quot;: {
          &quot;visible&quot;: false,
          &quot;disabled&quot;: false
        },
        &quot;actionName&quot;: &quot;List&quot;
      },
      {
        &quot;routePath&quot;: null,
        &quot;iconName&quot;: null,
        &quot;controllerName&quot;: &quot;County&quot;,
        &quot;name&quot;: &quot;County List&quot;,
        &quot;displayOrder&quot;: 0,
        &quot;description&quot;: null,
        &quot;id&quot;: &quot;b585755d-7f4f-43b0-8d1e-f2d807abcec4&quot;,
        &quot;isMenu&quot;: false,
        &quot;key&quot;: &quot;County.List&quot;,
        &quot;parentId&quot;: &quot;28a7ee86-bfd8-408f-97d3-82a96e1cbcc6&quot;,
        &quot;unAuthorizedProps&quot;: {
          &quot;visible&quot;: false,
          &quot;disabled&quot;: false
        },
        &quot;actionName&quot;: &quot;List&quot;
      },
      {
        &quot;routePath&quot;: null,
        &quot;iconName&quot;: null,
        &quot;controllerName&quot;: &quot;LocaleResource&quot;,
        &quot;name&quot;: &quot;LocaleResource Find&quot;,
        &quot;displayOrder&quot;: 0,
        &quot;description&quot;: null,
        &quot;id&quot;: &quot;8a3bd0e4-9a78-449b-bf34-61a097848b9b&quot;,
        &quot;isMenu&quot;: false,
        &quot;key&quot;: &quot;LocaleResource.Find&quot;,
        &quot;parentId&quot;: &quot;4c1a6c0d-765c-444a-b7c8-49e99f61d47b&quot;,
        &quot;unAuthorizedProps&quot;: {
          &quot;visible&quot;: false,
          &quot;disabled&quot;: false
        },
        &quot;actionName&quot;: &quot;Find&quot;
      },
      {
        &quot;routePath&quot;: null,
        &quot;iconName&quot;: null,
        &quot;controllerName&quot;: &quot;ServiceArea&quot;,
        &quot;name&quot;: &quot;ServiceArea Delete&quot;,
        &quot;displayOrder&quot;: 0,
        &quot;description&quot;: null,
        &quot;id&quot;: &quot;aa63520c-b6b3-4475-8516-d9ed4e71ae82&quot;,
        &quot;isMenu&quot;: false,
        &quot;key&quot;: &quot;ServiceArea.Delete&quot;,
        &quot;parentId&quot;: &quot;6510260c-2670-4f71-96ed-8f12986fb9cf&quot;,
        &quot;unAuthorizedProps&quot;: {
          &quot;visible&quot;: false,
          &quot;disabled&quot;: false
        },
        &quot;actionName&quot;: &quot;Delete&quot;
      },
      {
        &quot;routePath&quot;: null,
        &quot;iconName&quot;: null,
        &quot;controllerName&quot;: &quot;Permission&quot;,
        &quot;name&quot;: &quot;Permission Delete&quot;,
        &quot;displayOrder&quot;: 0,
        &quot;description&quot;: null,
        &quot;id&quot;: &quot;acdf48fe-e099-4a8c-a80c-75a3bfe58940&quot;,
        &quot;isMenu&quot;: false,
        &quot;key&quot;: &quot;Permission.Delete&quot;,
        &quot;parentId&quot;: &quot;213aad81-551b-49f7-9d15-f11f5b9e7e88&quot;,
        &quot;unAuthorizedProps&quot;: {
          &quot;visible&quot;: false,
          &quot;disabled&quot;: false
        },
        &quot;actionName&quot;: &quot;Delete&quot;
      },
      {
        &quot;routePath&quot;: &quot;tech-support&quot;,
        &quot;iconName&quot;: &quot;supportSVG&quot;,
        &quot;controllerName&quot;: &quot;Tech&quot;,
        &quot;name&quot;: &quot;Tech Support&quot;,
        &quot;displayOrder&quot;: 1000,
        &quot;description&quot;: null,
        &quot;id&quot;: &quot;7c8e8441-579f-4552-a9f8-b6d5a9f1df3c&quot;,
        &quot;isMenu&quot;: true,
        &quot;key&quot;: &quot;Tech.Support&quot;,
        &quot;parentId&quot;: &quot;5b7cb896-ff20-4798-8468-df6c7f3be073&quot;,
        &quot;unAuthorizedProps&quot;: {
          &quot;visible&quot;: false,
          &quot;disabled&quot;: false
        },
        &quot;actionName&quot;: &quot;Support&quot;
      },
      {
        &quot;routePath&quot;: null,
        &quot;iconName&quot;: null,
        &quot;controllerName&quot;: &quot;Region&quot;,
        &quot;name&quot;: &quot;Region Find&quot;,
        &quot;displayOrder&quot;: 0,
        &quot;description&quot;: null,
        &quot;id&quot;: &quot;373140df-79dd-4adc-b233-0d8f50f44dda&quot;,
        &quot;isMenu&quot;: false,
        &quot;key&quot;: &quot;Region.Find&quot;,
        &quot;parentId&quot;: &quot;636ed702-38d2-4f20-967d-54564a31315f&quot;,
        &quot;unAuthorizedProps&quot;: {
          &quot;visible&quot;: false,
          &quot;disabled&quot;: false
        },
        &quot;actionName&quot;: &quot;Find&quot;
      },
      {
        &quot;routePath&quot;: null,
        &quot;iconName&quot;: null,
        &quot;controllerName&quot;: &quot;County&quot;,
        &quot;name&quot;: &quot;County Delete&quot;,
        &quot;displayOrder&quot;: 0,
        &quot;description&quot;: null,
        &quot;id&quot;: &quot;b359ba12-bf6f-4788-9f9a-c8fd1798258b&quot;,
        &quot;isMenu&quot;: false,
        &quot;key&quot;: &quot;County.Delete&quot;,
        &quot;parentId&quot;: &quot;28a7ee86-bfd8-408f-97d3-82a96e1cbcc6&quot;,
        &quot;unAuthorizedProps&quot;: {
          &quot;visible&quot;: false,
          &quot;disabled&quot;: false
        },
        &quot;actionName&quot;: &quot;Delete&quot;
      },
      {
        &quot;routePath&quot;: null,
        &quot;iconName&quot;: null,
        &quot;controllerName&quot;: &quot;LocaleResource&quot;,
        &quot;name&quot;: &quot;LocaleResource Edit&quot;,
        &quot;displayOrder&quot;: 0,
        &quot;description&quot;: null,
        &quot;id&quot;: &quot;577e23af-d37c-4a77-bb18-40d89a3f6d66&quot;,
        &quot;isMenu&quot;: false,
        &quot;key&quot;: &quot;LocaleResource.Edit&quot;,
        &quot;parentId&quot;: &quot;4c1a6c0d-765c-444a-b7c8-49e99f61d47b&quot;,
        &quot;unAuthorizedProps&quot;: {
          &quot;visible&quot;: false,
          &quot;disabled&quot;: false
        },
        &quot;actionName&quot;: &quot;Edit&quot;
      },
      {
        &quot;routePath&quot;: &quot;map&quot;,
        &quot;iconName&quot;: &quot;mapSVG&quot;,
        &quot;controllerName&quot;: &quot;Admin&quot;,
        &quot;name&quot;: &quot;Map&quot;,
        &quot;displayOrder&quot;: 200,
        &quot;description&quot;: null,
        &quot;id&quot;: &quot;65e94cad-f24a-7d0e-3a21-de1a1e5e8765&quot;,
        &quot;isMenu&quot;: false,
        &quot;key&quot;: &quot;Admin.Map&quot;,
        &quot;parentId&quot;: null,
        &quot;unAuthorizedProps&quot;: {
          &quot;visible&quot;: false,
          &quot;disabled&quot;: false
        },
        &quot;actionName&quot;: &quot;Map&quot;
      },
      {
        &quot;routePath&quot;: null,
        &quot;iconName&quot;: null,
        &quot;controllerName&quot;: &quot;LocaleResource&quot;,
        &quot;name&quot;: &quot;LocaleResource Export&quot;,
        &quot;displayOrder&quot;: 0,
        &quot;description&quot;: null,
        &quot;id&quot;: &quot;cc2a0054-37f4-4f72-80cd-56e918590d0c&quot;,
        &quot;isMenu&quot;: false,
        &quot;key&quot;: &quot;LocaleResource.Export&quot;,
        &quot;parentId&quot;: &quot;4c1a6c0d-765c-444a-b7c8-49e99f61d47b&quot;,
        &quot;unAuthorizedProps&quot;: {
          &quot;visible&quot;: false,
          &quot;disabled&quot;: false
        },
        &quot;actionName&quot;: &quot;Export&quot;
      },
      {
        &quot;routePath&quot;: null,
        &quot;iconName&quot;: &quot;RemoteSearchForProductName&quot;,
        &quot;controllerName&quot;: &quot;Product&quot;,
        &quot;name&quot;: &quot;Product RemoteSearchForProductName&quot;,
        &quot;displayOrder&quot;: 0,
        &quot;description&quot;: null,
        &quot;id&quot;: &quot;5f84cdde-5800-48ce-b690-86628a41f98c&quot;,
        &quot;isMenu&quot;: false,
        &quot;key&quot;: &quot;Product.RemoteSearchForProductName&quot;,
        &quot;parentId&quot;: &quot;1858607f-58c2-4c69-8078-f2756c5ca81e&quot;,
        &quot;unAuthorizedProps&quot;: {
          &quot;visible&quot;: false,
          &quot;disabled&quot;: false
        },
        &quot;actionName&quot;: &quot;RemoteSearchForProductName&quot;
      },
      {
        &quot;routePath&quot;: &quot;&quot;,
        &quot;iconName&quot;: &quot;usersSVG&quot;,
        &quot;controllerName&quot;: &quot;User&quot;,
        &quot;name&quot;: &quot;Users&quot;,
        &quot;displayOrder&quot;: 600,
        &quot;description&quot;: null,
        &quot;id&quot;: &quot;8b04f24a-f777-5455-9d4b-5d32257d3d62&quot;,
        &quot;isMenu&quot;: true,
        &quot;key&quot;: &quot;User.Index&quot;,
        &quot;parentId&quot;: null,
        &quot;unAuthorizedProps&quot;: {
          &quot;visible&quot;: false,
          &quot;disabled&quot;: false
        },
        &quot;actionName&quot;: &quot;Index&quot;
      },
      {
        &quot;routePath&quot;: &quot;productmanagement&quot;,
        &quot;iconName&quot;: &quot;productSVG&quot;,
        &quot;controllerName&quot;: &quot;Product&quot;,
        &quot;name&quot;: &quot;Feature Ideation&quot;,
        &quot;displayOrder&quot;: 999,
        &quot;description&quot;: null,
        &quot;id&quot;: &quot;0d5f6f26-1114-4503-95da-fff6063915b6&quot;,
        &quot;isMenu&quot;: true,
        &quot;key&quot;: &quot;Product.Management&quot;,
        &quot;parentId&quot;: &quot;5b7cb896-ff20-4798-8468-df6c7f3be073&quot;,
        &quot;unAuthorizedProps&quot;: {
          &quot;visible&quot;: false,
          &quot;disabled&quot;: false
        },
        &quot;actionName&quot;: &quot;Management&quot;
      },
      {
        &quot;routePath&quot;: null,
        &quot;iconName&quot;: null,
        &quot;controllerName&quot;: &quot;Category&quot;,
        &quot;name&quot;: &quot;Category GetCategoryByParent&quot;,
        &quot;displayOrder&quot;: 0,
        &quot;description&quot;: null,
        &quot;id&quot;: &quot;5d731e1f-4111-4737-a729-9d476ac966a5&quot;,
        &quot;isMenu&quot;: false,
        &quot;key&quot;: &quot;Category.GetCategoryByParent&quot;,
        &quot;parentId&quot;: &quot;9bbddb67-d7f2-44d3-8d09-6bd04f8b6f79&quot;,
        &quot;unAuthorizedProps&quot;: {
          &quot;visible&quot;: false,
          &quot;disabled&quot;: false
        },
        &quot;actionName&quot;: &quot;GetCategoryByParent&quot;
      },
      {
        &quot;routePath&quot;: null,
        &quot;iconName&quot;: null,
        &quot;controllerName&quot;: &quot;Customer&quot;,
        &quot;name&quot;: &quot;Customer List&quot;,
        &quot;displayOrder&quot;: 0,
        &quot;description&quot;: null,
        &quot;id&quot;: &quot;bbe76549-965a-45b4-9680-86bac515fc1b&quot;,
        &quot;isMenu&quot;: false,
        &quot;key&quot;: &quot;Customer.List&quot;,
        &quot;parentId&quot;: &quot;07b60a01-5846-422c-b1c6-1c7a382dbd0e&quot;,
        &quot;unAuthorizedProps&quot;: {
          &quot;visible&quot;: false,
          &quot;disabled&quot;: false
        },
        &quot;actionName&quot;: &quot;List&quot;
      },
      {
        &quot;routePath&quot;: &quot;settings&quot;,
        &quot;iconName&quot;: &quot;settingsSVG&quot;,
        &quot;controllerName&quot;: &quot;Setting&quot;,
        &quot;name&quot;: &quot;Settings&quot;,
        &quot;displayOrder&quot;: 1000,
        &quot;description&quot;: null,
        &quot;id&quot;: &quot;ccc7592a-301d-4d63-aa26-09e92194ca01&quot;,
        &quot;isMenu&quot;: true,
        &quot;key&quot;: &quot;Setting.Index&quot;,
        &quot;parentId&quot;: null,
        &quot;unAuthorizedProps&quot;: {
          &quot;visible&quot;: false,
          &quot;disabled&quot;: false
        },
        &quot;actionName&quot;: &quot;Index&quot;
      },
      {
        &quot;routePath&quot;: null,
        &quot;iconName&quot;: null,
        &quot;controllerName&quot;: &quot;LocaleResource&quot;,
        &quot;name&quot;: &quot;LocaleResource Index&quot;,
        &quot;displayOrder&quot;: 0,
        &quot;description&quot;: &quot;LocaleResource Index &quot;,
        &quot;id&quot;: &quot;b88d0e35-5b99-4daf-9c2f-ff36aab9197e&quot;,
        &quot;isMenu&quot;: false,
        &quot;key&quot;: &quot;LocaleResource.Index&quot;,
        &quot;parentId&quot;: &quot;4c1a6c0d-765c-444a-b7c8-49e99f61d47b&quot;,
        &quot;unAuthorizedProps&quot;: {
          &quot;visible&quot;: false,
          &quot;disabled&quot;: false
        },
        &quot;actionName&quot;: &quot;Index&quot;
      },
      {
        &quot;routePath&quot;: null,
        &quot;iconName&quot;: null,
        &quot;controllerName&quot;: &quot;Warehouse&quot;,
        &quot;name&quot;: &quot;Warehouse EditWarehouseState&quot;,
        &quot;displayOrder&quot;: 0,
        &quot;description&quot;: null,
        &quot;id&quot;: &quot;fb7d3fd3-e816-4921-98ae-178c750b951a&quot;,
        &quot;isMenu&quot;: false,
        &quot;key&quot;: &quot;Warehouse.EditWarehouseState&quot;,
        &quot;parentId&quot;: &quot;7a99d565-0e98-95af-19bd-814011ea2417&quot;,
        &quot;unAuthorizedProps&quot;: {
          &quot;visible&quot;: false,
          &quot;disabled&quot;: false
        },
        &quot;actionName&quot;: &quot;EditWarehouseState&quot;
      },
      {
        &quot;routePath&quot;: &quot;vehicles&quot;,
        &quot;iconName&quot;: &quot;vehicleSVG&quot;,
        &quot;controllerName&quot;: &quot;Vehicle&quot;,
        &quot;name&quot;: &quot;Vehicles&quot;,
        &quot;displayOrder&quot;: 900,
        &quot;description&quot;: null,
        &quot;id&quot;: &quot;27436094-fc09-48ea-ae79-8ea2b4517866&quot;,
        &quot;isMenu&quot;: false,
        &quot;key&quot;: &quot;Vehicle.Index&quot;,
        &quot;parentId&quot;: null,
        &quot;unAuthorizedProps&quot;: {
          &quot;visible&quot;: false,
          &quot;disabled&quot;: false
        },
        &quot;actionName&quot;: &quot;Index&quot;
      },
      {
        &quot;routePath&quot;: null,
        &quot;iconName&quot;: null,
        &quot;controllerName&quot;: &quot;Warehouse&quot;,
        &quot;name&quot;: &quot;Warehouse List&quot;,
        &quot;displayOrder&quot;: 0,
        &quot;description&quot;: null,
        &quot;id&quot;: &quot;ac3e564a-4cc4-453d-8938-2563ef62921f&quot;,
        &quot;isMenu&quot;: false,
        &quot;key&quot;: &quot;Warehouse.List&quot;,
        &quot;parentId&quot;: &quot;7a99d565-0e98-95af-19bd-814011ea2417&quot;,
        &quot;unAuthorizedProps&quot;: {
          &quot;visible&quot;: false,
          &quot;disabled&quot;: false
        },
        &quot;actionName&quot;: &quot;List&quot;
      },
      {
        &quot;routePath&quot;: null,
        &quot;iconName&quot;: null,
        &quot;controllerName&quot;: &quot;CouponCode&quot;,
        &quot;name&quot;: &quot;CouponCode&quot;,
        &quot;displayOrder&quot;: 0,
        &quot;description&quot;: null,
        &quot;id&quot;: &quot;5aaef586-e311-4265-a241-6eb9758d6541&quot;,
        &quot;isMenu&quot;: false,
        &quot;key&quot;: &quot;CouponCode.ListForFilter&quot;,
        &quot;parentId&quot;: null,
        &quot;unAuthorizedProps&quot;: {
          &quot;visible&quot;: false,
          &quot;disabled&quot;: false
        },
        &quot;actionName&quot;: &quot;ListForFilter&quot;
      },
      {
        &quot;routePath&quot;: null,
        &quot;iconName&quot;: null,
        &quot;controllerName&quot;: &quot;State&quot;,
        &quot;name&quot;: &quot;State Edit&quot;,
        &quot;displayOrder&quot;: 0,
        &quot;description&quot;: null,
        &quot;id&quot;: &quot;581b4c8a-cce8-447b-98b5-1f29f9aae457&quot;,
        &quot;isMenu&quot;: false,
        &quot;key&quot;: &quot;State.Edit&quot;,
        &quot;parentId&quot;: &quot;4842baa6-3b5e-40d1-ba2c-aa896962f8a7&quot;,
        &quot;unAuthorizedProps&quot;: {
          &quot;visible&quot;: false,
          &quot;disabled&quot;: false
        },
        &quot;actionName&quot;: &quot;Edit&quot;
      },
      {
        &quot;routePath&quot;: null,
        &quot;iconName&quot;: null,
        &quot;controllerName&quot;: &quot;Country&quot;,
        &quot;name&quot;: &quot;Country Edit&quot;,
        &quot;displayOrder&quot;: 0,
        &quot;description&quot;: null,
        &quot;id&quot;: &quot;117355ed-1004-4b13-beb3-2ee0056892f1&quot;,
        &quot;isMenu&quot;: false,
        &quot;key&quot;: &quot;Country.Edit&quot;,
        &quot;parentId&quot;: &quot;9c15db73-badc-4894-ab1b-d8261bac91c2&quot;,
        &quot;unAuthorizedProps&quot;: {
          &quot;visible&quot;: false,
          &quot;disabled&quot;: false
        },
        &quot;actionName&quot;: &quot;Edit&quot;
      },
      {
        &quot;routePath&quot;: &quot;geo-areas&quot;,
        &quot;iconName&quot;: &quot;geo-areasSVG&quot;,
        &quot;controllerName&quot;: &quot;GeoArea&quot;,
        &quot;name&quot;: &quot;Geo Areas&quot;,
        &quot;displayOrder&quot;: 400,
        &quot;description&quot;: null,
        &quot;id&quot;: &quot;596bb8e1-9705-be47-b70e-e0cb48edc078&quot;,
        &quot;isMenu&quot;: true,
        &quot;key&quot;: &quot;GeoArea.Index&quot;,
        &quot;parentId&quot;: null,
        &quot;unAuthorizedProps&quot;: {
          &quot;visible&quot;: false,
          &quot;disabled&quot;: false
        },
        &quot;actionName&quot;: &quot;Index&quot;
      },
      {
        &quot;routePath&quot;: null,
        &quot;iconName&quot;: null,
        &quot;controllerName&quot;: &quot;Role&quot;,
        &quot;name&quot;: &quot;Role List&quot;,
        &quot;displayOrder&quot;: 0,
        &quot;description&quot;: null,
        &quot;id&quot;: &quot;ed6b7f77-7b07-4fdd-b4eb-5dc72ed21a53&quot;,
        &quot;isMenu&quot;: false,
        &quot;key&quot;: &quot;Role.List&quot;,
        &quot;parentId&quot;: &quot;e98d2f21-52f8-41cb-9b3f-fe979b5f0578&quot;,
        &quot;unAuthorizedProps&quot;: {
          &quot;visible&quot;: false,
          &quot;disabled&quot;: false
        },
        &quot;actionName&quot;: &quot;List&quot;
      },
      {
        &quot;routePath&quot;: null,
        &quot;iconName&quot;: null,
        &quot;controllerName&quot;: &quot;Warehouse&quot;,
        &quot;name&quot;: &quot;Warehouse ListBasic&quot;,
        &quot;displayOrder&quot;: 0,
        &quot;description&quot;: null,
        &quot;id&quot;: &quot;3cd0e960-08c5-488e-82bf-e81eb0481924&quot;,
        &quot;isMenu&quot;: false,
        &quot;key&quot;: &quot;Warehouse.ListBasic&quot;,
        &quot;parentId&quot;: &quot;7a99d565-0e98-95af-19bd-814011ea2417&quot;,
        &quot;unAuthorizedProps&quot;: {
          &quot;visible&quot;: false,
          &quot;disabled&quot;: false
        },
        &quot;actionName&quot;: &quot;ListBasic&quot;
      },
      {
        &quot;routePath&quot;: null,
        &quot;iconName&quot;: null,
        &quot;controllerName&quot;: &quot;Address&quot;,
        &quot;name&quot;: &quot;Address Edit&quot;,
        &quot;displayOrder&quot;: 0,
        &quot;description&quot;: null,
        &quot;id&quot;: &quot;3e821719-5809-4a64-979f-9f373f2510d4&quot;,
        &quot;isMenu&quot;: false,
        &quot;key&quot;: &quot;Address.Edit&quot;,
        &quot;parentId&quot;: &quot;c3c514ef-1964-4c94-b13a-8bdd83a5b1cb&quot;,
        &quot;unAuthorizedProps&quot;: {
          &quot;visible&quot;: false,
          &quot;disabled&quot;: false
        },
        &quot;actionName&quot;: &quot;Edit&quot;
      },
      {
        &quot;routePath&quot;: null,
        &quot;iconName&quot;: null,
        &quot;controllerName&quot;: &quot;ServiceArea&quot;,
        &quot;name&quot;: &quot;ServiceArea Create&quot;,
        &quot;displayOrder&quot;: 0,
        &quot;description&quot;: null,
        &quot;id&quot;: &quot;20738cab-a928-4c12-9a39-29eeaf60713a&quot;,
        &quot;isMenu&quot;: false,
        &quot;key&quot;: &quot;ServiceArea.Create&quot;,
        &quot;parentId&quot;: &quot;6510260c-2670-4f71-96ed-8f12986fb9cf&quot;,
        &quot;unAuthorizedProps&quot;: {
          &quot;visible&quot;: false,
          &quot;disabled&quot;: false
        },
        &quot;actionName&quot;: &quot;Create&quot;
      },
      {
        &quot;routePath&quot;: null,
        &quot;iconName&quot;: null,
        &quot;controllerName&quot;: &quot;Setting&quot;,
        &quot;name&quot;: &quot;Setting Find&quot;,
        &quot;displayOrder&quot;: 0,
        &quot;description&quot;: null,
        &quot;id&quot;: &quot;e57a84a5-6d3e-4513-82cd-1ec64740178b&quot;,
        &quot;isMenu&quot;: false,
        &quot;key&quot;: &quot;Setting.Find&quot;,
        &quot;parentId&quot;: &quot;ccc7592a-301d-4d63-aa26-09e92194ca01&quot;,
        &quot;unAuthorizedProps&quot;: {
          &quot;visible&quot;: false,
          &quot;disabled&quot;: false
        },
        &quot;actionName&quot;: &quot;Find&quot;
      },
      {
        &quot;routePath&quot;: null,
        &quot;iconName&quot;: null,
        &quot;controllerName&quot;: &quot;SubRegion&quot;,
        &quot;name&quot;: &quot;SubRegion Edit&quot;,
        &quot;displayOrder&quot;: 0,
        &quot;description&quot;: null,
        &quot;id&quot;: &quot;befec01d-311a-4d58-8875-390d7c5143ab&quot;,
        &quot;isMenu&quot;: false,
        &quot;key&quot;: &quot;SubRegion.Edit&quot;,
        &quot;parentId&quot;: &quot;5016a026-6957-41ab-8cda-9bd37afe0841&quot;,
        &quot;unAuthorizedProps&quot;: {
          &quot;visible&quot;: false,
          &quot;disabled&quot;: false
        },
        &quot;actionName&quot;: &quot;Edit&quot;
      },
      {
        &quot;routePath&quot;: null,
        &quot;iconName&quot;: null,
        &quot;controllerName&quot;: &quot;State&quot;,
        &quot;name&quot;: &quot;State Create&quot;,
        &quot;displayOrder&quot;: 0,
        &quot;description&quot;: null,
        &quot;id&quot;: &quot;88690c06-a8b6-4e95-a176-3963af2d2b79&quot;,
        &quot;isMenu&quot;: false,
        &quot;key&quot;: &quot;State.Create&quot;,
        &quot;parentId&quot;: &quot;4842baa6-3b5e-40d1-ba2c-aa896962f8a7&quot;,
        &quot;unAuthorizedProps&quot;: {
          &quot;visible&quot;: false,
          &quot;disabled&quot;: false
        },
        &quot;actionName&quot;: &quot;Create&quot;
      },
      {
        &quot;routePath&quot;: null,
        &quot;iconName&quot;: null,
        &quot;controllerName&quot;: &quot;LocaleResource&quot;,
        &quot;name&quot;: &quot;LocaleResource Import&quot;,
        &quot;displayOrder&quot;: 0,
        &quot;description&quot;: null,
        &quot;id&quot;: &quot;a0f85551-79e4-4fd8-b9dc-7b4e0bd3f3d9&quot;,
        &quot;isMenu&quot;: false,
        &quot;key&quot;: &quot;LocaleResource.Import&quot;,
        &quot;parentId&quot;: &quot;4c1a6c0d-765c-444a-b7c8-49e99f61d47b&quot;,
        &quot;unAuthorizedProps&quot;: {
          &quot;visible&quot;: false,
          &quot;disabled&quot;: false
        },
        &quot;actionName&quot;: &quot;Import&quot;
      },
      {
        &quot;routePath&quot;: null,
        &quot;iconName&quot;: null,
        &quot;controllerName&quot;: &quot;Country&quot;,
        &quot;name&quot;: &quot;Country Create&quot;,
        &quot;displayOrder&quot;: 0,
        &quot;description&quot;: null,
        &quot;id&quot;: &quot;b4e4f143-cdff-4839-a5db-7379c79b2cc1&quot;,
        &quot;isMenu&quot;: false,
        &quot;key&quot;: &quot;Country.Create&quot;,
        &quot;parentId&quot;: &quot;9c15db73-badc-4894-ab1b-d8261bac91c2&quot;,
        &quot;unAuthorizedProps&quot;: {
          &quot;visible&quot;: false,
          &quot;disabled&quot;: false
        },
        &quot;actionName&quot;: &quot;Create&quot;
      },
      {
        &quot;routePath&quot;: null,
        &quot;iconName&quot;: null,
        &quot;controllerName&quot;: &quot;Warehouse&quot;,
        &quot;name&quot;: &quot;Warehouse Delete&quot;,
        &quot;displayOrder&quot;: 0,
        &quot;description&quot;: null,
        &quot;id&quot;: &quot;dbc3a8dd-ea84-4a11-bbfe-02a476211462&quot;,
        &quot;isMenu&quot;: false,
        &quot;key&quot;: &quot;Warehouse.Delete&quot;,
        &quot;parentId&quot;: &quot;7a99d565-0e98-95af-19bd-814011ea2417&quot;,
        &quot;unAuthorizedProps&quot;: {
          &quot;visible&quot;: false,
          &quot;disabled&quot;: false
        },
        &quot;actionName&quot;: &quot;Delete&quot;
      },
      {
        &quot;routePath&quot;: &quot;blacklist&quot;,
        &quot;iconName&quot;: &quot;blackListSVG&quot;,
        &quot;controllerName&quot;: &quot;BlackList&quot;,
        &quot;name&quot;: &quot;Black List&quot;,
        &quot;displayOrder&quot;: 0,
        &quot;description&quot;: null,
        &quot;id&quot;: &quot;d273c43d-77c8-4b88-8d35-9ec20a90bd11&quot;,
        &quot;isMenu&quot;: false,
        &quot;key&quot;: &quot;BlackList.Index&quot;,
        &quot;parentId&quot;: &quot;8b04f24a-f777-5455-9d4b-5d32257d3d62&quot;,
        &quot;unAuthorizedProps&quot;: {
          &quot;visible&quot;: false,
          &quot;disabled&quot;: false
        },
        &quot;actionName&quot;: &quot;Index&quot;
      },
      {
        &quot;routePath&quot;: null,
        &quot;iconName&quot;: null,
        &quot;controllerName&quot;: &quot;Permission&quot;,
        &quot;name&quot;: &quot;Permission Tree&quot;,
        &quot;displayOrder&quot;: 0,
        &quot;description&quot;: null,
        &quot;id&quot;: &quot;31bf9d11-e13f-483c-835e-c0507f1c001b&quot;,
        &quot;isMenu&quot;: false,
        &quot;key&quot;: &quot;Permission.PermissionTree&quot;,
        &quot;parentId&quot;: &quot;213aad81-551b-49f7-9d15-f11f5b9e7e88&quot;,
        &quot;unAuthorizedProps&quot;: {
          &quot;visible&quot;: false,
          &quot;disabled&quot;: false
        },
        &quot;actionName&quot;: &quot;PermissionTree&quot;
      },
      {
        &quot;routePath&quot;: &quot;dashboards&quot;,
        &quot;iconName&quot;: &quot;dashboardSVG&quot;,
        &quot;controllerName&quot;: &quot;Dashboard&quot;,
        &quot;name&quot;: &quot;Analytics&quot;,
        &quot;displayOrder&quot;: 300,
        &quot;description&quot;: &quot;Analytics&quot;,
        &quot;id&quot;: &quot;9160e49e-2340-41fd-aee7-f00fb79cca35&quot;,
        &quot;isMenu&quot;: false,
        &quot;key&quot;: &quot;Dashboard.GetDashboardIframe&quot;,
        &quot;parentId&quot;: null,
        &quot;unAuthorizedProps&quot;: {
          &quot;visible&quot;: false,
          &quot;disabled&quot;: false
        },
        &quot;actionName&quot;: &quot;GetDashboardIframe&quot;
      },
      {
        &quot;routePath&quot;: null,
        &quot;iconName&quot;: null,
        &quot;controllerName&quot;: &quot;Customer&quot;,
        &quot;name&quot;: &quot;Customer Find&quot;,
        &quot;displayOrder&quot;: 0,
        &quot;description&quot;: null,
        &quot;id&quot;: &quot;7e69895f-a4fe-470b-9dbd-3902631c5978&quot;,
        &quot;isMenu&quot;: false,
        &quot;key&quot;: &quot;Customer.Find&quot;,
        &quot;parentId&quot;: &quot;07b60a01-5846-422c-b1c6-1c7a382dbd0e&quot;,
        &quot;unAuthorizedProps&quot;: {
          &quot;visible&quot;: false,
          &quot;disabled&quot;: false
        },
        &quot;actionName&quot;: &quot;Find&quot;
      },
      {
        &quot;routePath&quot;: null,
        &quot;iconName&quot;: null,
        &quot;controllerName&quot;: &quot;Order&quot;,
        &quot;name&quot;: &quot;Order List&quot;,
        &quot;displayOrder&quot;: 0,
        &quot;description&quot;: null,
        &quot;id&quot;: &quot;68267f89-edc4-4c6b-a72b-06381cf0e532&quot;,
        &quot;isMenu&quot;: false,
        &quot;key&quot;: &quot;Order.List&quot;,
        &quot;parentId&quot;: &quot;872b9f8c-c48d-dfeb-de32-1be0c3c38dbb&quot;,
        &quot;unAuthorizedProps&quot;: {
          &quot;visible&quot;: false,
          &quot;disabled&quot;: false
        },
        &quot;actionName&quot;: &quot;List&quot;
      },
      {
        &quot;routePath&quot;: &quot;&quot;,
        &quot;iconName&quot;: &quot;ordersSVG&quot;,
        &quot;controllerName&quot;: &quot;Order&quot;,
        &quot;name&quot;: &quot;Orders&quot;,
        &quot;displayOrder&quot;: 100,
        &quot;description&quot;: null,
        &quot;id&quot;: &quot;872b9f8c-c48d-dfeb-de32-1be0c3c38dbb&quot;,
        &quot;isMenu&quot;: true,
        &quot;key&quot;: &quot;Order.Index&quot;,
        &quot;parentId&quot;: null,
        &quot;unAuthorizedProps&quot;: {
          &quot;visible&quot;: false,
          &quot;disabled&quot;: false
        },
        &quot;actionName&quot;: &quot;Index&quot;
      },
      {
        &quot;routePath&quot;: null,
        &quot;iconName&quot;: null,
        &quot;controllerName&quot;: &quot;Order&quot;,
        &quot;name&quot;: &quot;Order ReportOrderItem&quot;,
        &quot;displayOrder&quot;: 0,
        &quot;description&quot;: null,
        &quot;id&quot;: &quot;fc541f93-e00d-4204-bc10-21a8c66281d9&quot;,
        &quot;isMenu&quot;: false,
        &quot;key&quot;: &quot;Order.ReportOrderItem&quot;,
        &quot;parentId&quot;: &quot;872b9f8c-c48d-dfeb-de32-1be0c3c38dbb&quot;,
        &quot;unAuthorizedProps&quot;: {
          &quot;visible&quot;: false,
          &quot;disabled&quot;: false
        },
        &quot;actionName&quot;: &quot;ReportOrderItem&quot;
      },
      {
        &quot;routePath&quot;: null,
        &quot;iconName&quot;: null,
        &quot;controllerName&quot;: &quot;Country&quot;,
        &quot;name&quot;: &quot;Country List&quot;,
        &quot;displayOrder&quot;: 0,
        &quot;description&quot;: null,
        &quot;id&quot;: &quot;965f2723-9852-432a-8811-6d549e75b51c&quot;,
        &quot;isMenu&quot;: false,
        &quot;key&quot;: &quot;Country.List&quot;,
        &quot;parentId&quot;: &quot;9c15db73-badc-4894-ab1b-d8261bac91c2&quot;,
        &quot;unAuthorizedProps&quot;: {
          &quot;visible&quot;: false,
          &quot;disabled&quot;: false
        },
        &quot;actionName&quot;: &quot;List&quot;
      },
      {
        &quot;routePath&quot;: &quot;employees&quot;,
        &quot;iconName&quot;: &quot;employeeSVG&quot;,
        &quot;controllerName&quot;: &quot;Employee&quot;,
        &quot;name&quot;: &quot;Employee&quot;,
        &quot;displayOrder&quot;: 630,
        &quot;description&quot;: null,
        &quot;id&quot;: &quot;e4a8e904-698e-4596-92c3-b40206b19179&quot;,
        &quot;isMenu&quot;: true,
        &quot;key&quot;: &quot;Employee.Index&quot;,
        &quot;parentId&quot;: &quot;8b04f24a-f777-5455-9d4b-5d32257d3d62&quot;,
        &quot;unAuthorizedProps&quot;: {
          &quot;visible&quot;: false,
          &quot;disabled&quot;: false
        },
        &quot;actionName&quot;: &quot;Index&quot;
      },
      {
        &quot;routePath&quot;: null,
        &quot;iconName&quot;: &quot;ListForFilter&quot;,
        &quot;controllerName&quot;: &quot;Product&quot;,
        &quot;name&quot;: &quot;Product ListForFilter&quot;,
        &quot;displayOrder&quot;: 0,
        &quot;description&quot;: null,
        &quot;id&quot;: &quot;3e7badfa-60f6-46f4-ab65-60c10cf0158c&quot;,
        &quot;isMenu&quot;: false,
        &quot;key&quot;: &quot;Product.ListForFilter&quot;,
        &quot;parentId&quot;: null,
        &quot;unAuthorizedProps&quot;: {
          &quot;visible&quot;: false,
          &quot;disabled&quot;: false
        },
        &quot;actionName&quot;: &quot;ListForFilter&quot;
      },
      {
        &quot;routePath&quot;: null,
        &quot;iconName&quot;: null,
        &quot;controllerName&quot;: &quot;MessageTemplate&quot;,
        &quot;name&quot;: &quot;Message Template List&quot;,
        &quot;displayOrder&quot;: 0,
        &quot;description&quot;: null,
        &quot;id&quot;: &quot;f8b8770e-d3de-4fb9-8785-c6a52f0a3f2a&quot;,
        &quot;isMenu&quot;: false,
        &quot;key&quot;: &quot;MessageTemplate.List&quot;,
        &quot;parentId&quot;: &quot;570b7634-2234-498f-939b-440805527121&quot;,
        &quot;unAuthorizedProps&quot;: {
          &quot;visible&quot;: false,
          &quot;disabled&quot;: false
        },
        &quot;actionName&quot;: &quot;List&quot;
      },
      {
        &quot;routePath&quot;: null,
        &quot;iconName&quot;: null,
        &quot;controllerName&quot;: &quot;Warehouse&quot;,
        &quot;name&quot;: &quot;Warehouse UpdateWarehouseExpectedQuantity&quot;,
        &quot;displayOrder&quot;: 0,
        &quot;description&quot;: null,
        &quot;id&quot;: &quot;cbe00097-f735-4207-bd4d-a2be0ea5dfd3&quot;,
        &quot;isMenu&quot;: false,
        &quot;key&quot;: &quot;Warehouse.UpdateWarehouseExpectedQuantity&quot;,
        &quot;parentId&quot;: &quot;7a99d565-0e98-95af-19bd-814011ea2417&quot;,
        &quot;unAuthorizedProps&quot;: {
          &quot;visible&quot;: false,
          &quot;disabled&quot;: false
        },
        &quot;actionName&quot;: &quot;UpdateWarehouseExpectedQuantity&quot;
      },
      {
        &quot;routePath&quot;: null,
        &quot;iconName&quot;: &quot;RemoteSearchForCampaignName&quot;,
        &quot;controllerName&quot;: &quot;Campaign&quot;,
        &quot;name&quot;: &quot;Campaign RemoteSearchForCampaignName&quot;,
        &quot;displayOrder&quot;: 0,
        &quot;description&quot;: null,
        &quot;id&quot;: &quot;1b2371cf-283a-412c-9305-3f8d91cd2cf3&quot;,
        &quot;isMenu&quot;: false,
        &quot;key&quot;: &quot;Campaign.RemoteSearchForCampaignName&quot;,
        &quot;parentId&quot;: &quot;fd2f794b-65fb-4da6-9bdb-835c466e4321&quot;,
        &quot;unAuthorizedProps&quot;: {
          &quot;visible&quot;: false,
          &quot;disabled&quot;: false
        },
        &quot;actionName&quot;: &quot;RemoteSearchForCampaignName&quot;
      },
      {
        &quot;routePath&quot;: null,
        &quot;iconName&quot;: null,
        &quot;controllerName&quot;: &quot;Permission&quot;,
        &quot;name&quot;: &quot;Permission Find&quot;,
        &quot;displayOrder&quot;: 0,
        &quot;description&quot;: null,
        &quot;id&quot;: &quot;b8acd1fb-bb0c-49b0-9fe2-22574379a94d&quot;,
        &quot;isMenu&quot;: false,
        &quot;key&quot;: &quot;Permission.Find&quot;,
        &quot;parentId&quot;: &quot;213aad81-551b-49f7-9d15-f11f5b9e7e88&quot;,
        &quot;unAuthorizedProps&quot;: {
          &quot;visible&quot;: false,
          &quot;disabled&quot;: false
        },
        &quot;actionName&quot;: &quot;Find&quot;
      },
      {
        &quot;routePath&quot;: null,
        &quot;iconName&quot;: null,
        &quot;controllerName&quot;: &quot;Banner&quot;,
        &quot;name&quot;: &quot;Banner Create&quot;,
        &quot;displayOrder&quot;: 0,
        &quot;description&quot;: null,
        &quot;id&quot;: &quot;ad417e90-0acf-4d46-a875-a4b641cedbde&quot;,
        &quot;isMenu&quot;: false,
        &quot;key&quot;: &quot;Banner.Create&quot;,
        &quot;parentId&quot;: &quot;d01dd410-27ab-4ca2-ad2e-06ed18197543&quot;,
        &quot;unAuthorizedProps&quot;: {
          &quot;visible&quot;: false,
          &quot;disabled&quot;: false
        },
        &quot;actionName&quot;: &quot;Create&quot;
      },
      {
        &quot;routePath&quot;: null,
        &quot;iconName&quot;: null,
        &quot;controllerName&quot;: &quot;Banner&quot;,
        &quot;name&quot;: &quot;Banner Edit&quot;,
        &quot;displayOrder&quot;: 0,
        &quot;description&quot;: null,
        &quot;id&quot;: &quot;b638b6e5-7d89-4ab4-9a4e-fe8b0df52e36&quot;,
        &quot;isMenu&quot;: false,
        &quot;key&quot;: &quot;Banner.Edit&quot;,
        &quot;parentId&quot;: &quot;d01dd410-27ab-4ca2-ad2e-06ed18197543&quot;,
        &quot;unAuthorizedProps&quot;: {
          &quot;visible&quot;: false,
          &quot;disabled&quot;: false
        },
        &quot;actionName&quot;: &quot;Edit&quot;
      },
      {
        &quot;routePath&quot;: null,
        &quot;iconName&quot;: null,
        &quot;controllerName&quot;: &quot;Category&quot;,
        &quot;name&quot;: &quot;Category Edit&quot;,
        &quot;displayOrder&quot;: 0,
        &quot;description&quot;: null,
        &quot;id&quot;: &quot;0aaf230e-5f92-4e49-b3c7-c20c9df44c82&quot;,
        &quot;isMenu&quot;: false,
        &quot;key&quot;: &quot;Category.Edit&quot;,
        &quot;parentId&quot;: &quot;9bbddb67-d7f2-44d3-8d09-6bd04f8b6f79&quot;,
        &quot;unAuthorizedProps&quot;: {
          &quot;visible&quot;: false,
          &quot;disabled&quot;: false
        },
        &quot;actionName&quot;: &quot;Edit&quot;
      },
      {
        &quot;routePath&quot;: null,
        &quot;iconName&quot;: null,
        &quot;controllerName&quot;: &quot;ZipCode&quot;,
        &quot;name&quot;: &quot;ZipCode Delete&quot;,
        &quot;displayOrder&quot;: 0,
        &quot;description&quot;: null,
        &quot;id&quot;: &quot;deba5d66-42eb-43d0-8ee0-6d15f3c4b34c&quot;,
        &quot;isMenu&quot;: false,
        &quot;key&quot;: &quot;ZipCode.Delete&quot;,
        &quot;parentId&quot;: &quot;8aa34e38-533b-4ab7-bad7-0eaa7b5dec9c&quot;,
        &quot;unAuthorizedProps&quot;: {
          &quot;visible&quot;: false,
          &quot;disabled&quot;: false
        },
        &quot;actionName&quot;: &quot;Delete&quot;
      },
      {
        &quot;routePath&quot;: null,
        &quot;iconName&quot;: null,
        &quot;controllerName&quot;: &quot;Rider&quot;,
        &quot;name&quot;: &quot;Rider Create&quot;,
        &quot;displayOrder&quot;: 0,
        &quot;description&quot;: null,
        &quot;id&quot;: &quot;84e2ed51-0787-4e21-b0cc-78397324e38f&quot;,
        &quot;isMenu&quot;: false,
        &quot;key&quot;: &quot;Rider.Create&quot;,
        &quot;parentId&quot;: &quot;1b716d9c-2bf6-4a16-9bd1-2214d14b6cc7&quot;,
        &quot;unAuthorizedProps&quot;: {
          &quot;visible&quot;: false,
          &quot;disabled&quot;: false
        },
        &quot;actionName&quot;: &quot;Create&quot;
      },
      {
        &quot;routePath&quot;: null,
        &quot;iconName&quot;: null,
        &quot;controllerName&quot;: &quot;Employee&quot;,
        &quot;name&quot;: &quot;Employee Delete&quot;,
        &quot;displayOrder&quot;: 0,
        &quot;description&quot;: null,
        &quot;id&quot;: &quot;b6a62bb2-7083-4534-91af-146ca008cb31&quot;,
        &quot;isMenu&quot;: false,
        &quot;key&quot;: &quot;Employee.Delete&quot;,
        &quot;parentId&quot;: &quot;e4a8e904-698e-4596-92c3-b40206b19179&quot;,
        &quot;unAuthorizedProps&quot;: {
          &quot;visible&quot;: false,
          &quot;disabled&quot;: false
        },
        &quot;actionName&quot;: &quot;Delete&quot;
      },
      {
        &quot;routePath&quot;: &quot;active-orders&quot;,
        &quot;iconName&quot;: &quot;activeOrderSVG&quot;,
        &quot;controllerName&quot;: &quot;Order&quot;,
        &quot;name&quot;: &quot;Active Orders&quot;,
        &quot;displayOrder&quot;: 120,
        &quot;description&quot;: null,
        &quot;id&quot;: &quot;960eff6d-a581-4a4e-991b-a0b5c9881f14&quot;,
        &quot;isMenu&quot;: true,
        &quot;key&quot;: &quot;Order.Active&quot;,
        &quot;parentId&quot;: &quot;872b9f8c-c48d-dfeb-de32-1be0c3c38dbb&quot;,
        &quot;unAuthorizedProps&quot;: {
          &quot;visible&quot;: false,
          &quot;disabled&quot;: false
        },
        &quot;actionName&quot;: &quot;Active&quot;
      },
      {
        &quot;routePath&quot;: null,
        &quot;iconName&quot;: null,
        &quot;controllerName&quot;: &quot;MessageTemplate&quot;,
        &quot;name&quot;: &quot;Message Template Edit&quot;,
        &quot;displayOrder&quot;: 0,
        &quot;description&quot;: null,
        &quot;id&quot;: &quot;3cf8a343-ba23-4210-9f73-884eb309a3b4&quot;,
        &quot;isMenu&quot;: false,
        &quot;key&quot;: &quot;MessageTemplate.Edit&quot;,
        &quot;parentId&quot;: &quot;570b7634-2234-498f-939b-440805527121&quot;,
        &quot;unAuthorizedProps&quot;: {
          &quot;visible&quot;: false,
          &quot;disabled&quot;: false
        },
        &quot;actionName&quot;: &quot;Edit&quot;
      },
      {
        &quot;routePath&quot;: null,
        &quot;iconName&quot;: null,
        &quot;controllerName&quot;: &quot;MessageTemplate&quot;,
        &quot;name&quot;: &quot;Message Template Delete&quot;,
        &quot;displayOrder&quot;: 0,
        &quot;description&quot;: null,
        &quot;id&quot;: &quot;6829e619-f27c-415b-abf5-653573cb4ed5&quot;,
        &quot;isMenu&quot;: false,
        &quot;key&quot;: &quot;MessageTemplate.Delete&quot;,
        &quot;parentId&quot;: &quot;570b7634-2234-498f-939b-440805527121&quot;,
        &quot;unAuthorizedProps&quot;: {
          &quot;visible&quot;: false,
          &quot;disabled&quot;: false
        },
        &quot;actionName&quot;: &quot;Delete&quot;
      },
      {
        &quot;routePath&quot;: null,
        &quot;iconName&quot;: null,
        &quot;controllerName&quot;: &quot;Role&quot;,
        &quot;name&quot;: &quot;Role Create&quot;,
        &quot;displayOrder&quot;: 0,
        &quot;description&quot;: null,
        &quot;id&quot;: &quot;b29c939f-9d31-4a77-ab10-43b6363c9ca7&quot;,
        &quot;isMenu&quot;: false,
        &quot;key&quot;: &quot;Role.Create&quot;,
        &quot;parentId&quot;: &quot;e98d2f21-52f8-41cb-9b3f-fe979b5f0578&quot;,
        &quot;unAuthorizedProps&quot;: {
          &quot;visible&quot;: false,
          &quot;disabled&quot;: false
        },
        &quot;actionName&quot;: &quot;Create&quot;
      },
      {
        &quot;routePath&quot;: null,
        &quot;iconName&quot;: null,
        &quot;controllerName&quot;: &quot;County&quot;,
        &quot;name&quot;: &quot;County Create&quot;,
        &quot;displayOrder&quot;: 0,
        &quot;description&quot;: null,
        &quot;id&quot;: &quot;b0718fbd-a486-4f05-9804-82c5e474efb7&quot;,
        &quot;isMenu&quot;: false,
        &quot;key&quot;: &quot;County.Create&quot;,
        &quot;parentId&quot;: &quot;28a7ee86-bfd8-408f-97d3-82a96e1cbcc6&quot;,
        &quot;unAuthorizedProps&quot;: {
          &quot;visible&quot;: false,
          &quot;disabled&quot;: false
        },
        &quot;actionName&quot;: &quot;Create&quot;
      },
      {
        &quot;routePath&quot;: null,
        &quot;iconName&quot;: null,
        &quot;controllerName&quot;: &quot;Language&quot;,
        &quot;name&quot;: &quot;Language Edit&quot;,
        &quot;displayOrder&quot;: 0,
        &quot;description&quot;: null,
        &quot;id&quot;: &quot;765464f2-8b9f-4234-ac07-063e06f3e9f2&quot;,
        &quot;isMenu&quot;: false,
        &quot;key&quot;: &quot;Language.Edit&quot;,
        &quot;parentId&quot;: &quot;7d117917-ff5a-448f-ae1c-71b123ffabc0&quot;,
        &quot;unAuthorizedProps&quot;: {
          &quot;visible&quot;: false,
          &quot;disabled&quot;: false
        },
        &quot;actionName&quot;: &quot;Edit&quot;
      },
      {
        &quot;routePath&quot;: null,
        &quot;iconName&quot;: null,
        &quot;controllerName&quot;: &quot;ServiceArea&quot;,
        &quot;name&quot;: &quot;ServiceArea UpdateStatus&quot;,
        &quot;displayOrder&quot;: 0,
        &quot;description&quot;: null,
        &quot;id&quot;: &quot;13514276-84ab-43d6-8542-5f166acb9b80&quot;,
        &quot;isMenu&quot;: false,
        &quot;key&quot;: &quot;ServiceArea.UpdateStatus&quot;,
        &quot;parentId&quot;: &quot;6510260c-2670-4f71-96ed-8f12986fb9cf&quot;,
        &quot;unAuthorizedProps&quot;: {
          &quot;visible&quot;: false,
          &quot;disabled&quot;: false
        },
        &quot;actionName&quot;: &quot;UpdateStatus&quot;
      },
      {
        &quot;routePath&quot;: null,
        &quot;iconName&quot;: null,
        &quot;controllerName&quot;: &quot;Language&quot;,
        &quot;name&quot;: &quot;Language Create&quot;,
        &quot;displayOrder&quot;: 0,
        &quot;description&quot;: null,
        &quot;id&quot;: &quot;70055253-2953-481a-ad68-308069f59188&quot;,
        &quot;isMenu&quot;: false,
        &quot;key&quot;: &quot;Language.Create&quot;,
        &quot;parentId&quot;: &quot;7d117917-ff5a-448f-ae1c-71b123ffabc0&quot;,
        &quot;unAuthorizedProps&quot;: {
          &quot;visible&quot;: false,
          &quot;disabled&quot;: false
        },
        &quot;actionName&quot;: &quot;Create&quot;
      },
      {
        &quot;routePath&quot;: null,
        &quot;iconName&quot;: null,
        &quot;controllerName&quot;: &quot;Banner&quot;,
        &quot;name&quot;: &quot;Banner List&quot;,
        &quot;displayOrder&quot;: 0,
        &quot;description&quot;: null,
        &quot;id&quot;: &quot;2af1fb3b-36bf-4379-b7a6-03f3e68742b2&quot;,
        &quot;isMenu&quot;: false,
        &quot;key&quot;: &quot;Banner.List&quot;,
        &quot;parentId&quot;: &quot;d01dd410-27ab-4ca2-ad2e-06ed18197543&quot;,
        &quot;unAuthorizedProps&quot;: {
          &quot;visible&quot;: false,
          &quot;disabled&quot;: false
        },
        &quot;actionName&quot;: &quot;List&quot;
      },
      {
        &quot;routePath&quot;: null,
        &quot;iconName&quot;: &quot;blackListSVG&quot;,
        &quot;controllerName&quot;: &quot;BlackList&quot;,
        &quot;name&quot;: &quot;Black List Find&quot;,
        &quot;displayOrder&quot;: 0,
        &quot;description&quot;: null,
        &quot;id&quot;: &quot;e8a2ad2f-7dad-41a3-9696-6adefc308eb8&quot;,
        &quot;isMenu&quot;: false,
        &quot;key&quot;: &quot;BlackList.Find&quot;,
        &quot;parentId&quot;: &quot;d273c43d-77c8-4b88-8d35-9ec20a90bd11&quot;,
        &quot;unAuthorizedProps&quot;: {
          &quot;visible&quot;: false,
          &quot;disabled&quot;: false
        },
        &quot;actionName&quot;: &quot;Find&quot;
      },
      {
        &quot;routePath&quot;: null,
        &quot;iconName&quot;: &quot;ExportForFilter&quot;,
        &quot;controllerName&quot;: &quot;Product&quot;,
        &quot;name&quot;: &quot;Product ExportForFilter&quot;,
        &quot;displayOrder&quot;: 0,
        &quot;description&quot;: null,
        &quot;id&quot;: &quot;c6781e0f-f938-4907-8dc5-a17d241a8148&quot;,
        &quot;isMenu&quot;: false,
        &quot;key&quot;: &quot;Product.ExportForFilter&quot;,
        &quot;parentId&quot;: &quot;1858607f-58c2-4c69-8078-f2756c5ca81e&quot;,
        &quot;unAuthorizedProps&quot;: {
          &quot;visible&quot;: false,
          &quot;disabled&quot;: false
        },
        &quot;actionName&quot;: &quot;ExportForFilter&quot;
      },
      {
        &quot;routePath&quot;: null,
        &quot;iconName&quot;: &quot;auditSVG&quot;,
        &quot;controllerName&quot;: &quot;Audit&quot;,
        &quot;name&quot;: &quot;Audit ListForFilter&quot;,
        &quot;displayOrder&quot;: 100000,
        &quot;description&quot;: null,
        &quot;id&quot;: &quot;6db73bbc-1114-4e80-a30d-424386ffd8f5&quot;,
        &quot;isMenu&quot;: false,
        &quot;key&quot;: &quot;Audit.ListForFilter&quot;,
        &quot;parentId&quot;: &quot;76070de9-f4f5-4096-aa99-2d2bac586b44&quot;,
        &quot;unAuthorizedProps&quot;: {
          &quot;visible&quot;: false,
          &quot;disabled&quot;: false
        },
        &quot;actionName&quot;: &quot;ListForFilter&quot;
      },
      {
        &quot;routePath&quot;: null,
        &quot;iconName&quot;: null,
        &quot;controllerName&quot;: &quot;County&quot;,
        &quot;name&quot;: &quot;County Find&quot;,
        &quot;displayOrder&quot;: 0,
        &quot;description&quot;: null,
        &quot;id&quot;: &quot;d82e0244-f728-4651-b0dc-37ee070aacef&quot;,
        &quot;isMenu&quot;: false,
        &quot;key&quot;: &quot;County.Find&quot;,
        &quot;parentId&quot;: &quot;28a7ee86-bfd8-408f-97d3-82a96e1cbcc6&quot;,
        &quot;unAuthorizedProps&quot;: {
          &quot;visible&quot;: false,
          &quot;disabled&quot;: false
        },
        &quot;actionName&quot;: &quot;Find&quot;
      },
      {
        &quot;routePath&quot;: null,
        &quot;iconName&quot;: null,
        &quot;controllerName&quot;: &quot;Customer&quot;,
        &quot;name&quot;: &quot;Customer Delete&quot;,
        &quot;displayOrder&quot;: 0,
        &quot;description&quot;: null,
        &quot;id&quot;: &quot;f347f3bc-6802-4ec4-82ef-220e0032ab69&quot;,
        &quot;isMenu&quot;: false,
        &quot;key&quot;: &quot;Customer.Delete&quot;,
        &quot;parentId&quot;: &quot;07b60a01-5846-422c-b1c6-1c7a382dbd0e&quot;,
        &quot;unAuthorizedProps&quot;: {
          &quot;visible&quot;: false,
          &quot;disabled&quot;: false
        },
        &quot;actionName&quot;: &quot;Delete&quot;
      },
      {
        &quot;routePath&quot;: null,
        &quot;iconName&quot;: null,
        &quot;controllerName&quot;: &quot;Warehouse&quot;,
        &quot;name&quot;: &quot;Warehouse Edit&quot;,
        &quot;displayOrder&quot;: 0,
        &quot;description&quot;: null,
        &quot;id&quot;: &quot;8897a642-3ebb-4ed8-a71f-8dbe303509f6&quot;,
        &quot;isMenu&quot;: false,
        &quot;key&quot;: &quot;Warehouse.Edit&quot;,
        &quot;parentId&quot;: &quot;7a99d565-0e98-95af-19bd-814011ea2417&quot;,
        &quot;unAuthorizedProps&quot;: {
          &quot;visible&quot;: false,
          &quot;disabled&quot;: false
        },
        &quot;actionName&quot;: &quot;Edit&quot;
      },
      {
        &quot;routePath&quot;: null,
        &quot;iconName&quot;: null,
        &quot;controllerName&quot;: &quot;MessageTemplate&quot;,
        &quot;name&quot;: &quot;Message Template Create&quot;,
        &quot;displayOrder&quot;: 0,
        &quot;description&quot;: null,
        &quot;id&quot;: &quot;87fde03a-f96f-4317-a8e2-0b2790460da2&quot;,
        &quot;isMenu&quot;: false,
        &quot;key&quot;: &quot;MessageTemplate.Create&quot;,
        &quot;parentId&quot;: &quot;570b7634-2234-498f-939b-440805527121&quot;,
        &quot;unAuthorizedProps&quot;: {
          &quot;visible&quot;: false,
          &quot;disabled&quot;: false
        },
        &quot;actionName&quot;: &quot;Create&quot;
      },
      {
        &quot;routePath&quot;: null,
        &quot;iconName&quot;: null,
        &quot;controllerName&quot;: &quot;ServiceArea&quot;,
        &quot;name&quot;: &quot;ServiceArea Import&quot;,
        &quot;displayOrder&quot;: 0,
        &quot;description&quot;: null,
        &quot;id&quot;: &quot;6652b5a5-e837-4941-9c9c-e6cc2ae53745&quot;,
        &quot;isMenu&quot;: false,
        &quot;key&quot;: &quot;ServiceArea.Import&quot;,
        &quot;parentId&quot;: &quot;6510260c-2670-4f71-96ed-8f12986fb9cf&quot;,
        &quot;unAuthorizedProps&quot;: {
          &quot;visible&quot;: false,
          &quot;disabled&quot;: false
        },
        &quot;actionName&quot;: &quot;Import&quot;
      },
      {
        &quot;routePath&quot;: null,
        &quot;iconName&quot;: null,
        &quot;controllerName&quot;: &quot;LocaleResource&quot;,
        &quot;name&quot;: &quot;LocaleResource Create&quot;,
        &quot;displayOrder&quot;: 0,
        &quot;description&quot;: null,
        &quot;id&quot;: &quot;46f8f313-95b6-4848-9004-c69ec2dc12f4&quot;,
        &quot;isMenu&quot;: false,
        &quot;key&quot;: &quot;LocaleResource.Create&quot;,
        &quot;parentId&quot;: &quot;4c1a6c0d-765c-444a-b7c8-49e99f61d47b&quot;,
        &quot;unAuthorizedProps&quot;: {
          &quot;visible&quot;: false,
          &quot;disabled&quot;: false
        },
        &quot;actionName&quot;: &quot;Create&quot;
      },
      {
        &quot;routePath&quot;: null,
        &quot;iconName&quot;: null,
        &quot;controllerName&quot;: &quot;Customer&quot;,
        &quot;name&quot;: &quot;Customer Create&quot;,
        &quot;displayOrder&quot;: 0,
        &quot;description&quot;: null,
        &quot;id&quot;: &quot;d6fdfd07-b0f1-44ef-898b-22906287c3ef&quot;,
        &quot;isMenu&quot;: false,
        &quot;key&quot;: &quot;Customer.Create&quot;,
        &quot;parentId&quot;: &quot;07b60a01-5846-422c-b1c6-1c7a382dbd0e&quot;,
        &quot;unAuthorizedProps&quot;: {
          &quot;visible&quot;: false,
          &quot;disabled&quot;: false
        },
        &quot;actionName&quot;: &quot;Create&quot;
      },
      {
        &quot;routePath&quot;: null,
        &quot;iconName&quot;: null,
        &quot;controllerName&quot;: &quot;Banner&quot;,
        &quot;name&quot;: &quot;Banner Update Display Order&quot;,
        &quot;displayOrder&quot;: 0,
        &quot;description&quot;: null,
        &quot;id&quot;: &quot;a578fd4b-564e-4d88-87d1-aabbb183a21a&quot;,
        &quot;isMenu&quot;: false,
        &quot;key&quot;: &quot;Banner.UpdateBannerDisplayOrder&quot;,
        &quot;parentId&quot;: &quot;d01dd410-27ab-4ca2-ad2e-06ed18197543&quot;,
        &quot;unAuthorizedProps&quot;: {
          &quot;visible&quot;: false,
          &quot;disabled&quot;: false
        },
        &quot;actionName&quot;: &quot;UpdateBannerDisplayOrder&quot;
      },
      {
        &quot;routePath&quot;: null,
        &quot;iconName&quot;: null,
        &quot;controllerName&quot;: &quot;Address&quot;,
        &quot;name&quot;: &quot;Address Find&quot;,
        &quot;displayOrder&quot;: 0,
        &quot;description&quot;: null,
        &quot;id&quot;: &quot;69cd17c7-88f0-435d-9e1c-e3a178d79e21&quot;,
        &quot;isMenu&quot;: false,
        &quot;key&quot;: &quot;Address.Find&quot;,
        &quot;parentId&quot;: &quot;c3c514ef-1964-4c94-b13a-8bdd83a5b1cb&quot;,
        &quot;unAuthorizedProps&quot;: {
          &quot;visible&quot;: false,
          &quot;disabled&quot;: false
        },
        &quot;actionName&quot;: &quot;Find&quot;
      },
      {
        &quot;routePath&quot;: null,
        &quot;iconName&quot;: &quot;RemoteSearchForLocation&quot;,
        &quot;controllerName&quot;: &quot;Product&quot;,
        &quot;name&quot;: &quot;Product RemoteSearchForLocation&quot;,
        &quot;displayOrder&quot;: 0,
        &quot;description&quot;: null,
        &quot;id&quot;: &quot;9c90fc94-df36-4459-9a3b-c01d1f4f2211&quot;,
        &quot;isMenu&quot;: false,
        &quot;key&quot;: &quot;Product.RemoteSearchForLocation&quot;,
        &quot;parentId&quot;: &quot;1858607f-58c2-4c69-8078-f2756c5ca81e&quot;,
        &quot;unAuthorizedProps&quot;: {
          &quot;visible&quot;: false,
          &quot;disabled&quot;: false
        },
        &quot;actionName&quot;: &quot;RemoteSearchForLocation&quot;
      },
      {
        &quot;routePath&quot;: null,
        &quot;iconName&quot;: null,
        &quot;controllerName&quot;: &quot;Order&quot;,
        &quot;name&quot;: &quot;Order Cancel&quot;,
        &quot;displayOrder&quot;: 0,
        &quot;description&quot;: null,
        &quot;id&quot;: &quot;f92b5f11-f8e9-4754-85e0-f5d8666c620f&quot;,
        &quot;isMenu&quot;: false,
        &quot;key&quot;: &quot;Order.Cancel&quot;,
        &quot;parentId&quot;: &quot;872b9f8c-c48d-dfeb-de32-1be0c3c38dbb&quot;,
        &quot;unAuthorizedProps&quot;: {
          &quot;visible&quot;: false,
          &quot;disabled&quot;: false
        },
        &quot;actionName&quot;: &quot;Cancel&quot;
      },
      {
        &quot;routePath&quot;: null,
        &quot;iconName&quot;: null,
        &quot;controllerName&quot;: &quot;Category&quot;,
        &quot;name&quot;: &quot;Category UploadImage&quot;,
        &quot;displayOrder&quot;: 0,
        &quot;description&quot;: null,
        &quot;id&quot;: &quot;ae860d95-cc13-4b86-a535-202aa716c973&quot;,
        &quot;isMenu&quot;: false,
        &quot;key&quot;: &quot;Category.UploadImage&quot;,
        &quot;parentId&quot;: &quot;9bbddb67-d7f2-44d3-8d09-6bd04f8b6f79&quot;,
        &quot;unAuthorizedProps&quot;: {
          &quot;visible&quot;: false,
          &quot;disabled&quot;: false
        },
        &quot;actionName&quot;: &quot;UploadImage&quot;
      },
      {
        &quot;routePath&quot;: null,
        &quot;iconName&quot;: null,
        &quot;controllerName&quot;: &quot;Warehouse&quot;,
        &quot;name&quot;: &quot;Warehouse UpdateWarehouseQuantity&quot;,
        &quot;displayOrder&quot;: 0,
        &quot;description&quot;: null,
        &quot;id&quot;: &quot;95ea9fb5-2548-4bf4-bcad-937757b47ea9&quot;,
        &quot;isMenu&quot;: false,
        &quot;key&quot;: &quot;Warehouse.UpdateWarehouseQuantity&quot;,
        &quot;parentId&quot;: &quot;7a99d565-0e98-95af-19bd-814011ea2417&quot;,
        &quot;unAuthorizedProps&quot;: {
          &quot;visible&quot;: false,
          &quot;disabled&quot;: false
        },
        &quot;actionName&quot;: &quot;UpdateWarehouseQuantity&quot;
      },
      {
        &quot;routePath&quot;: null,
        &quot;iconName&quot;: null,
        &quot;controllerName&quot;: &quot;Warehouse&quot;,
        &quot;name&quot;: &quot;Warehouse Find&quot;,
        &quot;displayOrder&quot;: 0,
        &quot;description&quot;: null,
        &quot;id&quot;: &quot;15cd689d-00ad-40d4-9b1d-7a231ecb323e&quot;,
        &quot;isMenu&quot;: false,
        &quot;key&quot;: &quot;Warehouse.Find&quot;,
        &quot;parentId&quot;: &quot;7a99d565-0e98-95af-19bd-814011ea2417&quot;,
        &quot;unAuthorizedProps&quot;: {
          &quot;visible&quot;: false,
          &quot;disabled&quot;: false
        },
        &quot;actionName&quot;: &quot;Find&quot;
      },
      {
        &quot;routePath&quot;: &quot;inventory&quot;,
        &quot;iconName&quot;: &quot;inventorySVG&quot;,
        &quot;controllerName&quot;: &quot;Inventory&quot;,
        &quot;name&quot;: &quot;Inventory&quot;,
        &quot;displayOrder&quot;: 400,
        &quot;description&quot;: null,
        &quot;id&quot;: &quot;40fdcf04-65b5-4fc0-8e17-ddd1f84b1b0a&quot;,
        &quot;isMenu&quot;: true,
        &quot;key&quot;: &quot;Inventory.Index&quot;,
        &quot;parentId&quot;: null,
        &quot;unAuthorizedProps&quot;: {
          &quot;visible&quot;: false,
          &quot;disabled&quot;: false
        },
        &quot;actionName&quot;: &quot;Index&quot;
      },
      {
        &quot;routePath&quot;: null,
        &quot;iconName&quot;: null,
        &quot;controllerName&quot;: &quot;Customer&quot;,
        &quot;name&quot;: &quot;Customer ListForCouponCode&quot;,
        &quot;displayOrder&quot;: 0,
        &quot;description&quot;: null,
        &quot;id&quot;: &quot;9ace28d6-ab7f-4459-a605-232a0b6d2a77&quot;,
        &quot;isMenu&quot;: false,
        &quot;key&quot;: &quot;Customer.ListForCouponCode&quot;,
        &quot;parentId&quot;: &quot;07b60a01-5846-422c-b1c6-1c7a382dbd0e&quot;,
        &quot;unAuthorizedProps&quot;: {
          &quot;visible&quot;: false,
          &quot;disabled&quot;: false
        },
        &quot;actionName&quot;: &quot;ListForCouponCode&quot;
      },
      {
        &quot;routePath&quot;: null,
        &quot;iconName&quot;: null,
        &quot;controllerName&quot;: &quot;Campaign&quot;,
        &quot;name&quot;: &quot;Campaign Delete&quot;,
        &quot;displayOrder&quot;: 0,
        &quot;description&quot;: null,
        &quot;id&quot;: &quot;fd0189db-b2a0-4e72-ae4f-bfc608a105cc&quot;,
        &quot;isMenu&quot;: false,
        &quot;key&quot;: &quot;Campaign.Delete&quot;,
        &quot;parentId&quot;: &quot;fd2f794b-65fb-4da6-9bdb-835c466e4321&quot;,
        &quot;unAuthorizedProps&quot;: {
          &quot;visible&quot;: false,
          &quot;disabled&quot;: false
        },
        &quot;actionName&quot;: &quot;Delete&quot;
      },
      {
        &quot;routePath&quot;: null,
        &quot;iconName&quot;: &quot;Edit&quot;,
        &quot;controllerName&quot;: &quot;Product&quot;,
        &quot;name&quot;: &quot;Product Edit&quot;,
        &quot;displayOrder&quot;: 0,
        &quot;description&quot;: null,
        &quot;id&quot;: &quot;14e27911-45ec-4d84-8519-6c780671a1d4&quot;,
        &quot;isMenu&quot;: false,
        &quot;key&quot;: &quot;Product.Edit&quot;,
        &quot;parentId&quot;: &quot;1858607f-58c2-4c69-8078-f2756c5ca81e&quot;,
        &quot;unAuthorizedProps&quot;: {
          &quot;visible&quot;: false,
          &quot;disabled&quot;: false
        },
        &quot;actionName&quot;: &quot;Edit&quot;
      },
      {
        &quot;routePath&quot;: null,
        &quot;iconName&quot;: &quot;categorySVG&quot;,
        &quot;controllerName&quot;: &quot;Catalog&quot;,
        &quot;name&quot;: &quot;Catalog&quot;,
        &quot;displayOrder&quot;: 300,
        &quot;description&quot;: null,
        &quot;id&quot;: &quot;8b40e125-ffeb-4cf1-ba4b-0ac72aac09d9&quot;,
        &quot;isMenu&quot;: true,
        &quot;key&quot;: &quot;Catalog.Index&quot;,
        &quot;parentId&quot;: null,
        &quot;unAuthorizedProps&quot;: {
          &quot;visible&quot;: false,
          &quot;disabled&quot;: false
        },
        &quot;actionName&quot;: &quot;Index&quot;
      },
      {
        &quot;routePath&quot;: null,
        &quot;iconName&quot;: null,
        &quot;controllerName&quot;: &quot;Rider&quot;,
        &quot;name&quot;: &quot;List Warehouse&quot;,
        &quot;displayOrder&quot;: 0,
        &quot;description&quot;: null,
        &quot;id&quot;: &quot;b3974f99-cfc1-4eea-a71d-cb2d63fbe23b&quot;,
        &quot;isMenu&quot;: false,
        &quot;key&quot;: &quot;Rider.ListWarehouse&quot;,
        &quot;parentId&quot;: &quot;1b716d9c-2bf6-4a16-9bd1-2214d14b6cc7&quot;,
        &quot;unAuthorizedProps&quot;: {
          &quot;visible&quot;: false,
          &quot;disabled&quot;: false
        },
        &quot;actionName&quot;: &quot;ListWarehouse&quot;
      },
      {
        &quot;routePath&quot;: null,
        &quot;iconName&quot;: null,
        &quot;controllerName&quot;: &quot;ZipCode&quot;,
        &quot;name&quot;: &quot;ZipCode Find&quot;,
        &quot;displayOrder&quot;: 0,
        &quot;description&quot;: null,
        &quot;id&quot;: &quot;6ce0a1fe-663d-4167-9095-41ead097b95d&quot;,
        &quot;isMenu&quot;: false,
        &quot;key&quot;: &quot;ZipCode.Find&quot;,
        &quot;parentId&quot;: &quot;8aa34e38-533b-4ab7-bad7-0eaa7b5dec9c&quot;,
        &quot;unAuthorizedProps&quot;: {
          &quot;visible&quot;: false,
          &quot;disabled&quot;: false
        },
        &quot;actionName&quot;: &quot;Find&quot;
      },
      {
        &quot;routePath&quot;: null,
        &quot;iconName&quot;: null,
        &quot;controllerName&quot;: &quot;Country&quot;,
        &quot;name&quot;: &quot;Country Index&quot;,
        &quot;displayOrder&quot;: 0,
        &quot;description&quot;: null,
        &quot;id&quot;: &quot;9c15db73-badc-4894-ab1b-d8261bac91c2&quot;,
        &quot;isMenu&quot;: false,
        &quot;key&quot;: &quot;Country.Index&quot;,
        &quot;parentId&quot;: null,
        &quot;unAuthorizedProps&quot;: {
          &quot;visible&quot;: false,
          &quot;disabled&quot;: false
        },
        &quot;actionName&quot;: &quot;Index&quot;
      },
      {
        &quot;routePath&quot;: &quot;campaigns&quot;,
        &quot;iconName&quot;: &quot;campaignSVG&quot;,
        &quot;controllerName&quot;: &quot;Campaign&quot;,
        &quot;name&quot;: &quot;Campaigns&quot;,
        &quot;displayOrder&quot;: 200,
        &quot;description&quot;: null,
        &quot;id&quot;: &quot;fd2f794b-65fb-4da6-9bdb-835c466e4321&quot;,
        &quot;isMenu&quot;: true,
        &quot;key&quot;: &quot;Campaign.Index&quot;,
        &quot;parentId&quot;: null,
        &quot;unAuthorizedProps&quot;: {
          &quot;visible&quot;: false,
          &quot;disabled&quot;: false
        },
        &quot;actionName&quot;: &quot;Index&quot;
      },
      {
        &quot;routePath&quot;: &quot;&quot;,
        &quot;iconName&quot;: &quot;resourcesSVG&quot;,
        &quot;controllerName&quot;: &quot;Resource&quot;,
        &quot;name&quot;: &quot;Resources&quot;,
        &quot;displayOrder&quot;: 900,
        &quot;description&quot;: null,
        &quot;id&quot;: &quot;8f4ea0ae-2382-4769-8584-5f2f2b1520c8&quot;,
        &quot;isMenu&quot;: true,
        &quot;key&quot;: &quot;Resource.Index&quot;,
        &quot;parentId&quot;: null,
        &quot;unAuthorizedProps&quot;: {
          &quot;visible&quot;: false,
          &quot;disabled&quot;: false
        },
        &quot;actionName&quot;: &quot;Index&quot;
      },
      {
        &quot;routePath&quot;: null,
        &quot;iconName&quot;: null,
        &quot;controllerName&quot;: &quot;State&quot;,
        &quot;name&quot;: &quot;State Index&quot;,
        &quot;displayOrder&quot;: 0,
        &quot;description&quot;: null,
        &quot;id&quot;: &quot;4842baa6-3b5e-40d1-ba2c-aa896962f8a7&quot;,
        &quot;isMenu&quot;: false,
        &quot;key&quot;: &quot;State.Index&quot;,
        &quot;parentId&quot;: null,
        &quot;unAuthorizedProps&quot;: {
          &quot;visible&quot;: false,
          &quot;disabled&quot;: false
        },
        &quot;actionName&quot;: &quot;Index&quot;
      },
      {
        &quot;routePath&quot;: null,
        &quot;iconName&quot;: null,
        &quot;controllerName&quot;: &quot;Order&quot;,
        &quot;name&quot;: &quot;Order Create&quot;,
        &quot;displayOrder&quot;: 0,
        &quot;description&quot;: null,
        &quot;id&quot;: &quot;5c9d78b5-a896-4f09-81f5-3772241f9c78&quot;,
        &quot;isMenu&quot;: false,
        &quot;key&quot;: &quot;Order.Create&quot;,
        &quot;parentId&quot;: &quot;872b9f8c-c48d-dfeb-de32-1be0c3c38dbb&quot;,
        &quot;unAuthorizedProps&quot;: {
          &quot;visible&quot;: false,
          &quot;disabled&quot;: false
        },
        &quot;actionName&quot;: &quot;Create&quot;
      },
      {
        &quot;routePath&quot;: null,
        &quot;iconName&quot;: &quot;blackListSVG&quot;,
        &quot;controllerName&quot;: &quot;BlackList&quot;,
        &quot;name&quot;: &quot;Black List Delete&quot;,
        &quot;displayOrder&quot;: 0,
        &quot;description&quot;: null,
        &quot;id&quot;: &quot;ac6ae6a5-d189-4a17-b8a0-26fbbc3f6e27&quot;,
        &quot;isMenu&quot;: false,
        &quot;key&quot;: &quot;BlackList.Delete&quot;,
        &quot;parentId&quot;: &quot;d273c43d-77c8-4b88-8d35-9ec20a90bd11&quot;,
        &quot;unAuthorizedProps&quot;: {
          &quot;visible&quot;: false,
          &quot;disabled&quot;: false
        },
        &quot;actionName&quot;: &quot;Delete&quot;
      },
      {
        &quot;routePath&quot;: null,
        &quot;iconName&quot;: null,
        &quot;controllerName&quot;: &quot;Role&quot;,
        &quot;name&quot;: &quot;Role Find&quot;,
        &quot;displayOrder&quot;: 0,
        &quot;description&quot;: null,
        &quot;id&quot;: &quot;93ff5806-4453-44a3-bc9b-557783976d40&quot;,
        &quot;isMenu&quot;: false,
        &quot;key&quot;: &quot;Role.Find&quot;,
        &quot;parentId&quot;: &quot;e98d2f21-52f8-41cb-9b3f-fe979b5f0578&quot;,
        &quot;unAuthorizedProps&quot;: {
          &quot;visible&quot;: false,
          &quot;disabled&quot;: false
        },
        &quot;actionName&quot;: &quot;Find&quot;
      },
      {
        &quot;routePath&quot;: null,
        &quot;iconName&quot;: &quot;RemoteSearchForSubCategories&quot;,
        &quot;controllerName&quot;: &quot;Category&quot;,
        &quot;name&quot;: &quot;Category RemoteSearchForSubCategories&quot;,
        &quot;displayOrder&quot;: 0,
        &quot;description&quot;: null,
        &quot;id&quot;: &quot;6db1a08e-e179-4c17-9191-fa48c4e91f43&quot;,
        &quot;isMenu&quot;: false,
        &quot;key&quot;: &quot;Category.RemoteSearchForSubCategories&quot;,
        &quot;parentId&quot;: &quot;501d66f1-cdeb-4f10-85d2-6e00d60e36c9&quot;,
        &quot;unAuthorizedProps&quot;: {
          &quot;visible&quot;: false,
          &quot;disabled&quot;: false
        },
        &quot;actionName&quot;: &quot;RemoteSearchForSubCategories&quot;
      },
      {
        &quot;routePath&quot;: null,
        &quot;iconName&quot;: null,
        &quot;controllerName&quot;: &quot;Warehouse&quot;,
        &quot;name&quot;: &quot;Warehouse ImportWarehouseStock&quot;,
        &quot;displayOrder&quot;: 0,
        &quot;description&quot;: null,
        &quot;id&quot;: &quot;32b123d7-64e0-437b-85ee-e231221123c4&quot;,
        &quot;isMenu&quot;: false,
        &quot;key&quot;: &quot;Warehouse.ImportWarehouseStock&quot;,
        &quot;parentId&quot;: &quot;7a99d565-0e98-95af-19bd-814011ea2417&quot;,
        &quot;unAuthorizedProps&quot;: {
          &quot;visible&quot;: false,
          &quot;disabled&quot;: false
        },
        &quot;actionName&quot;: &quot;ImportWarehouseStock&quot;
      },
      {
        &quot;routePath&quot;: &quot;&quot;,
        &quot;iconName&quot;: &quot;&quot;,
        &quot;controllerName&quot;: &quot;Category&quot;,
        &quot;name&quot;: &quot;Category DeleteImage&quot;,
        &quot;displayOrder&quot;: 0,
        &quot;description&quot;: &quot;&quot;,
        &quot;id&quot;: &quot;abfccc7e-7b90-4102-a774-6064c670950a&quot;,
        &quot;isMenu&quot;: false,
        &quot;key&quot;: &quot;Category.DeleteImage&quot;,
        &quot;parentId&quot;: &quot;9bbddb67-d7f2-44d3-8d09-6bd04f8b6f79&quot;,
        &quot;unAuthorizedProps&quot;: {
          &quot;visible&quot;: false,
          &quot;disabled&quot;: false
        },
        &quot;actionName&quot;: &quot;DeleteImage&quot;
      },
      {
        &quot;routePath&quot;: null,
        &quot;iconName&quot;: null,
        &quot;controllerName&quot;: &quot;Role&quot;,
        &quot;name&quot;: &quot;Role Edit&quot;,
        &quot;displayOrder&quot;: 0,
        &quot;description&quot;: null,
        &quot;id&quot;: &quot;e659fa87-caf3-44e3-b5c2-1e0a78323f20&quot;,
        &quot;isMenu&quot;: false,
        &quot;key&quot;: &quot;Role.Edit&quot;,
        &quot;parentId&quot;: &quot;e98d2f21-52f8-41cb-9b3f-fe979b5f0578&quot;,
        &quot;unAuthorizedProps&quot;: {
          &quot;visible&quot;: false,
          &quot;disabled&quot;: false
        },
        &quot;actionName&quot;: &quot;Edit&quot;
      },
      {
        &quot;routePath&quot;: null,
        &quot;iconName&quot;: null,
        &quot;controllerName&quot;: &quot;Banner&quot;,
        &quot;name&quot;: &quot;Banner Delete&quot;,
        &quot;displayOrder&quot;: 0,
        &quot;description&quot;: null,
        &quot;id&quot;: &quot;21357ea8-c21e-4c43-846a-714dc3de69b2&quot;,
        &quot;isMenu&quot;: false,
        &quot;key&quot;: &quot;Banner.Delete&quot;,
        &quot;parentId&quot;: &quot;d01dd410-27ab-4ca2-ad2e-06ed18197543&quot;,
        &quot;unAuthorizedProps&quot;: {
          &quot;visible&quot;: false,
          &quot;disabled&quot;: false
        },
        &quot;actionName&quot;: &quot;Delete&quot;
      },
      {
        &quot;routePath&quot;: &quot;message-templates&quot;,
        &quot;iconName&quot;: &quot;messageSVG&quot;,
        &quot;controllerName&quot;: &quot;MessageTemplate&quot;,
        &quot;name&quot;: &quot;Message Templates&quot;,
        &quot;displayOrder&quot;: 0,
        &quot;description&quot;: null,
        &quot;id&quot;: &quot;570b7634-2234-498f-939b-440805527121&quot;,
        &quot;isMenu&quot;: true,
        &quot;key&quot;: &quot;MessageTemplate.Index&quot;,
        &quot;parentId&quot;: &quot;8f4ea0ae-2382-4769-8584-5f2f2b1520c8&quot;,
        &quot;unAuthorizedProps&quot;: {
          &quot;visible&quot;: false,
          &quot;disabled&quot;: false
        },
        &quot;actionName&quot;: &quot;Index&quot;
      },
      {
        &quot;routePath&quot;: null,
        &quot;iconName&quot;: null,
        &quot;controllerName&quot;: &quot;Banner&quot;,
        &quot;name&quot;: &quot;Banner Find&quot;,
        &quot;displayOrder&quot;: 0,
        &quot;description&quot;: null,
        &quot;id&quot;: &quot;d251bc51-e2ad-4581-a0f3-30fa44141403&quot;,
        &quot;isMenu&quot;: false,
        &quot;key&quot;: &quot;Banner.Find&quot;,
        &quot;parentId&quot;: &quot;d01dd410-27ab-4ca2-ad2e-06ed18197543&quot;,
        &quot;unAuthorizedProps&quot;: {
          &quot;visible&quot;: false,
          &quot;disabled&quot;: false
        },
        &quot;actionName&quot;: &quot;Find&quot;
      },
      {
        &quot;routePath&quot;: null,
        &quot;iconName&quot;: null,
        &quot;controllerName&quot;: &quot;Region&quot;,
        &quot;name&quot;: &quot;Region&quot;,
        &quot;displayOrder&quot;: 0,
        &quot;description&quot;: null,
        &quot;id&quot;: &quot;ea3629e8-4946-4c94-831b-445ff5e05927&quot;,
        &quot;isMenu&quot;: false,
        &quot;key&quot;: &quot;Region.Delete&quot;,
        &quot;parentId&quot;: &quot;636ed702-38d2-4f20-967d-54564a31315f&quot;,
        &quot;unAuthorizedProps&quot;: {
          &quot;visible&quot;: false,
          &quot;disabled&quot;: false
        },
        &quot;actionName&quot;: &quot;Delete&quot;
      },
      {
        &quot;routePath&quot;: &quot;riders&quot;,
        &quot;iconName&quot;: &quot;riderSVG&quot;,
        &quot;controllerName&quot;: &quot;Rider&quot;,
        &quot;name&quot;: &quot;Driver&quot;,
        &quot;displayOrder&quot;: 620,
        &quot;description&quot;: null,
        &quot;id&quot;: &quot;1b716d9c-2bf6-4a16-9bd1-2214d14b6cc7&quot;,
        &quot;isMenu&quot;: true,
        &quot;key&quot;: &quot;Rider.Index&quot;,
        &quot;parentId&quot;: &quot;8b04f24a-f777-5455-9d4b-5d32257d3d62&quot;,
        &quot;unAuthorizedProps&quot;: {
          &quot;visible&quot;: false,
          &quot;disabled&quot;: false
        },
        &quot;actionName&quot;: &quot;Index&quot;
      },
      {
        &quot;routePath&quot;: &quot;permissions&quot;,
        &quot;iconName&quot;: &quot;permissionSVG&quot;,
        &quot;controllerName&quot;: &quot;Permission&quot;,
        &quot;name&quot;: &quot;Permissions&quot;,
        &quot;displayOrder&quot;: 640,
        &quot;description&quot;: null,
        &quot;id&quot;: &quot;213aad81-551b-49f7-9d15-f11f5b9e7e88&quot;,
        &quot;isMenu&quot;: true,
        &quot;key&quot;: &quot;Permission.Index&quot;,
        &quot;parentId&quot;: &quot;8b04f24a-f777-5455-9d4b-5d32257d3d62&quot;,
        &quot;unAuthorizedProps&quot;: {
          &quot;visible&quot;: false,
          &quot;disabled&quot;: false
        },
        &quot;actionName&quot;: &quot;Index&quot;
      },
      {
        &quot;routePath&quot;: null,
        &quot;iconName&quot;: null,
        &quot;controllerName&quot;: &quot;County&quot;,
        &quot;name&quot;: &quot;County Edit&quot;,
        &quot;displayOrder&quot;: 0,
        &quot;description&quot;: null,
        &quot;id&quot;: &quot;ba784849-f3ea-4d98-8dc8-194743397b68&quot;,
        &quot;isMenu&quot;: false,
        &quot;key&quot;: &quot;County.Edit&quot;,
        &quot;parentId&quot;: &quot;28a7ee86-bfd8-408f-97d3-82a96e1cbcc6&quot;,
        &quot;unAuthorizedProps&quot;: {
          &quot;visible&quot;: false,
          &quot;disabled&quot;: false
        },
        &quot;actionName&quot;: &quot;Edit&quot;
      },
      {
        &quot;routePath&quot;: null,
        &quot;iconName&quot;: null,
        &quot;controllerName&quot;: &quot;ZipCode&quot;,
        &quot;name&quot;: &quot;ZipCode List&quot;,
        &quot;displayOrder&quot;: 0,
        &quot;description&quot;: null,
        &quot;id&quot;: &quot;48ed0371-cd67-4620-b3d7-8c71e947c93f&quot;,
        &quot;isMenu&quot;: false,
        &quot;key&quot;: &quot;ZipCode.List&quot;,
        &quot;parentId&quot;: &quot;8aa34e38-533b-4ab7-bad7-0eaa7b5dec9c&quot;,
        &quot;unAuthorizedProps&quot;: {
          &quot;visible&quot;: false,
          &quot;disabled&quot;: false
        },
        &quot;actionName&quot;: &quot;List&quot;
      },
      {
        &quot;routePath&quot;: null,
        &quot;iconName&quot;: null,
        &quot;controllerName&quot;: &quot;Role&quot;,
        &quot;name&quot;: &quot;Role Delete&quot;,
        &quot;displayOrder&quot;: 0,
        &quot;description&quot;: null,
        &quot;id&quot;: &quot;72327532-7e7b-443e-8f6c-1af60992346e&quot;,
        &quot;isMenu&quot;: false,
        &quot;key&quot;: &quot;Role.Delete&quot;,
        &quot;parentId&quot;: &quot;e98d2f21-52f8-41cb-9b3f-fe979b5f0578&quot;,
        &quot;unAuthorizedProps&quot;: {
          &quot;visible&quot;: false,
          &quot;disabled&quot;: false
        },
        &quot;actionName&quot;: &quot;Delete&quot;
      },
      {
        &quot;routePath&quot;: null,
        &quot;iconName&quot;: null,
        &quot;controllerName&quot;: &quot;County&quot;,
        &quot;name&quot;: &quot;County List&quot;,
        &quot;displayOrder&quot;: 0,
        &quot;description&quot;: null,
        &quot;id&quot;: &quot;b585755d-7f4f-43b0-8d1e-f2d807abcec4&quot;,
        &quot;isMenu&quot;: false,
        &quot;key&quot;: &quot;County.List&quot;,
        &quot;parentId&quot;: &quot;28a7ee86-bfd8-408f-97d3-82a96e1cbcc6&quot;,
        &quot;unAuthorizedProps&quot;: {
          &quot;visible&quot;: false,
          &quot;disabled&quot;: false
        },
        &quot;actionName&quot;: &quot;List&quot;
      },
      {
        &quot;routePath&quot;: null,
        &quot;iconName&quot;: null,
        &quot;controllerName&quot;: &quot;State&quot;,
        &quot;name&quot;: &quot;State List&quot;,
        &quot;displayOrder&quot;: 0,
        &quot;description&quot;: null,
        &quot;id&quot;: &quot;b3223f02-9caa-4de6-9340-052b6c64b670&quot;,
        &quot;isMenu&quot;: false,
        &quot;key&quot;: &quot;State.List&quot;,
        &quot;parentId&quot;: &quot;4842baa6-3b5e-40d1-ba2c-aa896962f8a7&quot;,
        &quot;unAuthorizedProps&quot;: {
          &quot;visible&quot;: false,
          &quot;disabled&quot;: false
        },
        &quot;actionName&quot;: &quot;List&quot;
      },
      {
        &quot;routePath&quot;: &quot;orders&quot;,
        &quot;iconName&quot;: &quot;ordersSVG&quot;,
        &quot;controllerName&quot;: &quot;Order&quot;,
        &quot;name&quot;: &quot;Status Count&quot;,
        &quot;displayOrder&quot;: 0,
        &quot;description&quot;: null,
        &quot;id&quot;: &quot;cebe4f6e-97cb-4744-be13-802d6ec99207&quot;,
        &quot;isMenu&quot;: false,
        &quot;key&quot;: &quot;Order.OrderStatusCount&quot;,
        &quot;parentId&quot;: &quot;872b9f8c-c48d-dfeb-de32-1be0c3c38dbb&quot;,
        &quot;unAuthorizedProps&quot;: {
          &quot;visible&quot;: false,
          &quot;disabled&quot;: false
        },
        &quot;actionName&quot;: &quot;OrderStatusCount&quot;
      },
      {
        &quot;routePath&quot;: null,
        &quot;iconName&quot;: null,
        &quot;controllerName&quot;: &quot;Region&quot;,
        &quot;name&quot;: &quot;Region Index&quot;,
        &quot;displayOrder&quot;: 0,
        &quot;description&quot;: null,
        &quot;id&quot;: &quot;636ed702-38d2-4f20-967d-54564a31315f&quot;,
        &quot;isMenu&quot;: false,
        &quot;key&quot;: &quot;Region.Index&quot;,
        &quot;parentId&quot;: null,
        &quot;unAuthorizedProps&quot;: {
          &quot;visible&quot;: false,
          &quot;disabled&quot;: false
        },
        &quot;actionName&quot;: &quot;Index&quot;
      },
      {
        &quot;routePath&quot;: null,
        &quot;iconName&quot;: null,
        &quot;controllerName&quot;: &quot;Region&quot;,
        &quot;name&quot;: &quot;Region List&quot;,
        &quot;displayOrder&quot;: 0,
        &quot;description&quot;: null,
        &quot;id&quot;: &quot;9c05f19c-13b9-498e-aacb-e3c0f3e1d478&quot;,
        &quot;isMenu&quot;: false,
        &quot;key&quot;: &quot;Region.List&quot;,
        &quot;parentId&quot;: &quot;636ed702-38d2-4f20-967d-54564a31315f&quot;,
        &quot;unAuthorizedProps&quot;: {
          &quot;visible&quot;: false,
          &quot;disabled&quot;: false
        },
        &quot;actionName&quot;: &quot;List&quot;
      },
      {
        &quot;routePath&quot;: &quot;banners&quot;,
        &quot;iconName&quot;: &quot;bannerSVG&quot;,
        &quot;controllerName&quot;: &quot;Banner&quot;,
        &quot;name&quot;: &quot;Banner&quot;,
        &quot;displayOrder&quot;: 920,
        &quot;description&quot;: null,
        &quot;id&quot;: &quot;d01dd410-27ab-4ca2-ad2e-06ed18197543&quot;,
        &quot;isMenu&quot;: true,
        &quot;key&quot;: &quot;Banner.Index&quot;,
        &quot;parentId&quot;: &quot;8f4ea0ae-2382-4769-8584-5f2f2b1520c8&quot;,
        &quot;unAuthorizedProps&quot;: {
          &quot;visible&quot;: false,
          &quot;disabled&quot;: false
        },
        &quot;actionName&quot;: &quot;Index&quot;
      },
      {
        &quot;routePath&quot;: null,
        &quot;iconName&quot;: null,
        &quot;controllerName&quot;: &quot;MessageTemplate&quot;,
        &quot;name&quot;: &quot;Message Template Find&quot;,
        &quot;displayOrder&quot;: 0,
        &quot;description&quot;: null,
        &quot;id&quot;: &quot;c4cda510-6ac9-41c7-ae6e-74e42b8672b2&quot;,
        &quot;isMenu&quot;: false,
        &quot;key&quot;: &quot;MessageTemplate.Find&quot;,
        &quot;parentId&quot;: &quot;570b7634-2234-498f-939b-440805527121&quot;,
        &quot;unAuthorizedProps&quot;: {
          &quot;visible&quot;: false,
          &quot;disabled&quot;: false
        },
        &quot;actionName&quot;: &quot;Find&quot;
      },
      {
        &quot;routePath&quot;: null,
        &quot;iconName&quot;: null,
        &quot;controllerName&quot;: &quot;Address&quot;,
        &quot;name&quot;: &quot;Address Delete&quot;,
        &quot;displayOrder&quot;: 0,
        &quot;description&quot;: null,
        &quot;id&quot;: &quot;fbfbd05c-64df-4fd5-b4b1-8ae1d6d0ab09&quot;,
        &quot;isMenu&quot;: false,
        &quot;key&quot;: &quot;Address.Delete&quot;,
        &quot;parentId&quot;: &quot;c3c514ef-1964-4c94-b13a-8bdd83a5b1cb&quot;,
        &quot;unAuthorizedProps&quot;: {
          &quot;visible&quot;: false,
          &quot;disabled&quot;: false
        },
        &quot;actionName&quot;: &quot;Delete&quot;
      },
      {
        &quot;routePath&quot;: null,
        &quot;iconName&quot;: null,
        &quot;controllerName&quot;: &quot;CouponCode&quot;,
        &quot;name&quot;: &quot;CouponCode&quot;,
        &quot;displayOrder&quot;: 0,
        &quot;description&quot;: null,
        &quot;id&quot;: &quot;b9a73bf9-fbb5-4c88-92c2-f307b6441d6a&quot;,
        &quot;isMenu&quot;: false,
        &quot;key&quot;: &quot;CouponCode.Find&quot;,
        &quot;parentId&quot;: &quot;5aaef586-e311-4265-a241-6eb9758d6541&quot;,
        &quot;unAuthorizedProps&quot;: {
          &quot;visible&quot;: false,
          &quot;disabled&quot;: false
        },
        &quot;actionName&quot;: &quot;Find&quot;
      },
      {
        &quot;routePath&quot;: null,
        &quot;iconName&quot;: null,
        &quot;controllerName&quot;: &quot;Admin&quot;,
        &quot;name&quot;: &quot;Admin Access&quot;,
        &quot;displayOrder&quot;: 0,
        &quot;description&quot;: null,
        &quot;id&quot;: &quot;3e00e509-1d51-489b-b91a-55fe8f3c6edb&quot;,
        &quot;isMenu&quot;: false,
        &quot;key&quot;: &quot;Admin.Access&quot;,
        &quot;parentId&quot;: null,
        &quot;unAuthorizedProps&quot;: {
          &quot;visible&quot;: false,
          &quot;disabled&quot;: false
        },
        &quot;actionName&quot;: &quot;Access&quot;
      },
      {
        &quot;routePath&quot;: null,
        &quot;iconName&quot;: null,
        &quot;controllerName&quot;: &quot;Campaign&quot;,
        &quot;name&quot;: &quot;Campaign Edit&quot;,
        &quot;displayOrder&quot;: 0,
        &quot;description&quot;: null,
        &quot;id&quot;: &quot;dc1d5cc3-524b-4eaa-9a9f-ee84215e1861&quot;,
        &quot;isMenu&quot;: false,
        &quot;key&quot;: &quot;Campaign.Edit&quot;,
        &quot;parentId&quot;: &quot;fd2f794b-65fb-4da6-9bdb-835c466e4321&quot;,
        &quot;unAuthorizedProps&quot;: {
          &quot;visible&quot;: false,
          &quot;disabled&quot;: false
        },
        &quot;actionName&quot;: &quot;Edit&quot;
      },
      {
        &quot;routePath&quot;: null,
        &quot;iconName&quot;: null,
        &quot;controllerName&quot;: &quot;Category&quot;,
        &quot;name&quot;: &quot;Category Delete&quot;,
        &quot;displayOrder&quot;: 0,
        &quot;description&quot;: null,
        &quot;id&quot;: &quot;b83891f7-ad63-4ffc-8ce2-54f1fe6c2655&quot;,
        &quot;isMenu&quot;: false,
        &quot;key&quot;: &quot;Category.Delete&quot;,
        &quot;parentId&quot;: &quot;9bbddb67-d7f2-44d3-8d09-6bd04f8b6f79&quot;,
        &quot;unAuthorizedProps&quot;: {
          &quot;visible&quot;: false,
          &quot;disabled&quot;: false
        },
        &quot;actionName&quot;: &quot;Delete&quot;
      },
      {
        &quot;routePath&quot;: &quot;order-history&quot;,
        &quot;iconName&quot;: &quot;orderHistorySVG&quot;,
        &quot;controllerName&quot;: &quot;Order&quot;,
        &quot;name&quot;: &quot;Order History&quot;,
        &quot;displayOrder&quot;: 110,
        &quot;description&quot;: null,
        &quot;id&quot;: &quot;14cbd334-6cd3-42b3-9b65-6bbeff98691f&quot;,
        &quot;isMenu&quot;: true,
        &quot;key&quot;: &quot;Order.History&quot;,
        &quot;parentId&quot;: &quot;872b9f8c-c48d-dfeb-de32-1be0c3c38dbb&quot;,
        &quot;unAuthorizedProps&quot;: {
          &quot;visible&quot;: false,
          &quot;disabled&quot;: false
        },
        &quot;actionName&quot;: &quot;History&quot;
      },
      {
        &quot;routePath&quot;: null,
        &quot;iconName&quot;: &quot;GetWarehousesByProductQuantities&quot;,
        &quot;controllerName&quot;: &quot;Warehouse&quot;,
        &quot;name&quot;: &quot;Warehouse GetWarehousesByProductQuantities&quot;,
        &quot;displayOrder&quot;: 0,
        &quot;description&quot;: null,
        &quot;id&quot;: &quot;03c0e9ba-00e5-4526-bed3-8b92b5ed5b00&quot;,
        &quot;isMenu&quot;: false,
        &quot;key&quot;: &quot;Warehouse.GetWarehousesByProductQuantities&quot;,
        &quot;parentId&quot;: &quot;7a99d565-0e98-95af-19bd-814011ea2417&quot;,
        &quot;unAuthorizedProps&quot;: {
          &quot;visible&quot;: false,
          &quot;disabled&quot;: false
        },
        &quot;actionName&quot;: &quot;GetWarehousesByProductQuantities&quot;
      },
      {
        &quot;routePath&quot;: null,
        &quot;iconName&quot;: null,
        &quot;controllerName&quot;: &quot;Customer&quot;,
        &quot;name&quot;: &quot;Customer Edit&quot;,
        &quot;displayOrder&quot;: 0,
        &quot;description&quot;: null,
        &quot;id&quot;: &quot;16ec7648-8864-46c1-81f8-45ca74b6d400&quot;,
        &quot;isMenu&quot;: false,
        &quot;key&quot;: &quot;Customer.Edit&quot;,
        &quot;parentId&quot;: &quot;07b60a01-5846-422c-b1c6-1c7a382dbd0e&quot;,
        &quot;unAuthorizedProps&quot;: {
          &quot;visible&quot;: false,
          &quot;disabled&quot;: false
        },
        &quot;actionName&quot;: &quot;Edit&quot;
      },
      {
        &quot;routePath&quot;: null,
        &quot;iconName&quot;: null,
        &quot;controllerName&quot;: &quot;Customer&quot;,
        &quot;name&quot;: &quot;Customer ExportForFilter&quot;,
        &quot;displayOrder&quot;: 0,
        &quot;description&quot;: null,
        &quot;id&quot;: &quot;d035c702-e74b-4f21-a90f-0e5eab19b6ed&quot;,
        &quot;isMenu&quot;: false,
        &quot;key&quot;: &quot;Customer.ExportForFilter&quot;,
        &quot;parentId&quot;: &quot;07b60a01-5846-422c-b1c6-1c7a382dbd0e&quot;,
        &quot;unAuthorizedProps&quot;: {
          &quot;visible&quot;: false,
          &quot;disabled&quot;: false
        },
        &quot;actionName&quot;: &quot;ExportForFilter&quot;
      },
      {
        &quot;routePath&quot;: null,
        &quot;iconName&quot;: &quot;UpdateIsShowOutOfStock&quot;,
        &quot;controllerName&quot;: &quot;Product&quot;,
        &quot;name&quot;: &quot;Product UpdateIsShowOutOfStock&quot;,
        &quot;displayOrder&quot;: 0,
        &quot;description&quot;: null,
        &quot;id&quot;: &quot;3b089d65-e726-4606-9e48-0fade407b41a&quot;,
        &quot;isMenu&quot;: false,
        &quot;key&quot;: &quot;Product.UpdateIsShowOutOfStock&quot;,
        &quot;parentId&quot;: &quot;1858607f-58c2-4c69-8078-f2756c5ca81e&quot;,
        &quot;unAuthorizedProps&quot;: {
          &quot;visible&quot;: false,
          &quot;disabled&quot;: false
        },
        &quot;actionName&quot;: &quot;UpdateIsShowOutOfStock&quot;
      },
      {
        &quot;routePath&quot;: null,
        &quot;iconName&quot;: null,
        &quot;controllerName&quot;: &quot;Category&quot;,
        &quot;name&quot;: &quot;Category List&quot;,
        &quot;displayOrder&quot;: 0,
        &quot;description&quot;: null,
        &quot;id&quot;: &quot;60efba66-4656-4db1-bbc9-9192afaadc42&quot;,
        &quot;isMenu&quot;: false,
        &quot;key&quot;: &quot;Category.List&quot;,
        &quot;parentId&quot;: &quot;9bbddb67-d7f2-44d3-8d09-6bd04f8b6f79&quot;,
        &quot;unAuthorizedProps&quot;: {
          &quot;visible&quot;: false,
          &quot;disabled&quot;: false
        },
        &quot;actionName&quot;: &quot;List&quot;
      },
      {
        &quot;routePath&quot;: null,
        &quot;iconName&quot;: &quot;SendOrderReceipt&quot;,
        &quot;controllerName&quot;: &quot;Order&quot;,
        &quot;name&quot;: &quot;Order SendOrderReceipt&quot;,
        &quot;displayOrder&quot;: 0,
        &quot;description&quot;: null,
        &quot;id&quot;: &quot;61f6a2b2-3170-45fd-b952-763ab434e8cb&quot;,
        &quot;isMenu&quot;: false,
        &quot;key&quot;: &quot;Order.SendOrderReceipt&quot;,
        &quot;parentId&quot;: &quot;6fa1df30-c04b-4bef-a1d1-a67c2748e0b4&quot;,
        &quot;unAuthorizedProps&quot;: {
          &quot;visible&quot;: false,
          &quot;disabled&quot;: false
        },
        &quot;actionName&quot;: &quot;SendOrderReceipt&quot;
      },
      {
        &quot;routePath&quot;: null,
        &quot;iconName&quot;: null,
        &quot;controllerName&quot;: &quot;ServiceArea&quot;,
        &quot;name&quot;: &quot;ServiceArea Index&quot;,
        &quot;displayOrder&quot;: 0,
        &quot;description&quot;: null,
        &quot;id&quot;: &quot;6510260c-2670-4f71-96ed-8f12986fb9cf&quot;,
        &quot;isMenu&quot;: false,
        &quot;key&quot;: &quot;ServiceArea.Index&quot;,
        &quot;parentId&quot;: null,
        &quot;unAuthorizedProps&quot;: {
          &quot;visible&quot;: false,
          &quot;disabled&quot;: false
        },
        &quot;actionName&quot;: &quot;Index&quot;
      },
      {
        &quot;routePath&quot;: null,
        &quot;iconName&quot;: null,
        &quot;controllerName&quot;: &quot;Order&quot;,
        &quot;name&quot;: &quot;Order ExportForFilter&quot;,
        &quot;displayOrder&quot;: 0,
        &quot;description&quot;: null,
        &quot;id&quot;: &quot;1f7586e6-8ed7-4d27-bbab-05b597a942f3&quot;,
        &quot;isMenu&quot;: false,
        &quot;key&quot;: &quot;Order.ExportForFilter&quot;,
        &quot;parentId&quot;: &quot;872b9f8c-c48d-dfeb-de32-1be0c3c38dbb&quot;,
        &quot;unAuthorizedProps&quot;: {
          &quot;visible&quot;: false,
          &quot;disabled&quot;: false
        },
        &quot;actionName&quot;: &quot;ExportForFilter&quot;
      },
      {
        &quot;routePath&quot;: null,
        &quot;iconName&quot;: &quot;delete&quot;,
        &quot;controllerName&quot;: &quot;ProductMedia&quot;,
        &quot;name&quot;: &quot;ProductMedia Delete&quot;,
        &quot;displayOrder&quot;: 0,
        &quot;description&quot;: null,
        &quot;id&quot;: &quot;f95ffe40-8464-4dd7-997a-1e5f0e4ccc4a&quot;,
        &quot;isMenu&quot;: false,
        &quot;key&quot;: &quot;ProductMedia.Delete&quot;,
        &quot;parentId&quot;: &quot;1858607f-58c2-4c69-8078-f2756c5ca81e&quot;,
        &quot;unAuthorizedProps&quot;: {
          &quot;visible&quot;: false,
          &quot;disabled&quot;: false
        },
        &quot;actionName&quot;: &quot;Delete&quot;
      },
      {
        &quot;routePath&quot;: null,
        &quot;iconName&quot;: &quot;auditSVG&quot;,
        &quot;controllerName&quot;: &quot;Audit&quot;,
        &quot;name&quot;: &quot;Audit Find&quot;,
        &quot;displayOrder&quot;: 100000,
        &quot;description&quot;: null,
        &quot;id&quot;: &quot;0817b3ef-fe5a-4be2-b10b-cd008314489e&quot;,
        &quot;isMenu&quot;: false,
        &quot;key&quot;: &quot;Audit.Find&quot;,
        &quot;parentId&quot;: &quot;76070de9-f4f5-4096-aa99-2d2bac586b44&quot;,
        &quot;unAuthorizedProps&quot;: {
          &quot;visible&quot;: false,
          &quot;disabled&quot;: false
        },
        &quot;actionName&quot;: &quot;Find&quot;
      },
      {
        &quot;routePath&quot;: null,
        &quot;iconName&quot;: null,
        &quot;controllerName&quot;: &quot;Region&quot;,
        &quot;name&quot;: &quot;Region Edit&quot;,
        &quot;displayOrder&quot;: 0,
        &quot;description&quot;: null,
        &quot;id&quot;: &quot;dab192e4-1dbc-4537-964c-b9bcf9c0e94c&quot;,
        &quot;isMenu&quot;: false,
        &quot;key&quot;: &quot;Region.Edit&quot;,
        &quot;parentId&quot;: &quot;636ed702-38d2-4f20-967d-54564a31315f&quot;,
        &quot;unAuthorizedProps&quot;: {
          &quot;visible&quot;: false,
          &quot;disabled&quot;: false
        },
        &quot;actionName&quot;: &quot;Edit&quot;
      },
      {
        &quot;routePath&quot;: null,
        &quot;iconName&quot;: null,
        &quot;controllerName&quot;: &quot;ZipCode&quot;,
        &quot;name&quot;: &quot;ZipCode Create&quot;,
        &quot;displayOrder&quot;: 0,
        &quot;description&quot;: null,
        &quot;id&quot;: &quot;a402206e-61d3-4fca-9008-34013f50378e&quot;,
        &quot;isMenu&quot;: false,
        &quot;key&quot;: &quot;ZipCode.Create&quot;,
        &quot;parentId&quot;: &quot;8aa34e38-533b-4ab7-bad7-0eaa7b5dec9c&quot;,
        &quot;unAuthorizedProps&quot;: {
          &quot;visible&quot;: false,
          &quot;disabled&quot;: false
        },
        &quot;actionName&quot;: &quot;Create&quot;
      },
      {
        &quot;routePath&quot;: null,
        &quot;iconName&quot;: null,
        &quot;controllerName&quot;: &quot;Role&quot;,
        &quot;name&quot;: &quot;Role AssignPermission&quot;,
        &quot;displayOrder&quot;: 0,
        &quot;description&quot;: null,
        &quot;id&quot;: &quot;059c1d80-0fbe-4e73-abc8-3e20a3ee2901&quot;,
        &quot;isMenu&quot;: false,
        &quot;key&quot;: &quot;Role.AssignPermission&quot;,
        &quot;parentId&quot;: &quot;e98d2f21-52f8-41cb-9b3f-fe979b5f0578&quot;,
        &quot;unAuthorizedProps&quot;: {
          &quot;visible&quot;: false,
          &quot;disabled&quot;: false
        },
        &quot;actionName&quot;: &quot;AssignPermission&quot;
      },
      {
        &quot;routePath&quot;: null,
        &quot;iconName&quot;: null,
        &quot;controllerName&quot;: &quot;Category&quot;,
        &quot;name&quot;: &quot;Category Find&quot;,
        &quot;displayOrder&quot;: 0,
        &quot;description&quot;: null,
        &quot;id&quot;: &quot;9d76a667-e500-4b4e-861b-25b97c953dd9&quot;,
        &quot;isMenu&quot;: false,
        &quot;key&quot;: &quot;Category.Find&quot;,
        &quot;parentId&quot;: &quot;9bbddb67-d7f2-44d3-8d09-6bd04f8b6f79&quot;,
        &quot;unAuthorizedProps&quot;: {
          &quot;visible&quot;: false,
          &quot;disabled&quot;: false
        },
        &quot;actionName&quot;: &quot;Find&quot;
      },
      {
        &quot;routePath&quot;: null,
        &quot;iconName&quot;: null,
        &quot;controllerName&quot;: &quot;Employee&quot;,
        &quot;name&quot;: &quot;Employee Find&quot;,
        &quot;displayOrder&quot;: 0,
        &quot;description&quot;: null,
        &quot;id&quot;: &quot;329395f5-2a4f-412c-bfa4-ba7e3d40d4b3&quot;,
        &quot;isMenu&quot;: false,
        &quot;key&quot;: &quot;Employee.Find&quot;,
        &quot;parentId&quot;: &quot;e4a8e904-698e-4596-92c3-b40206b19179&quot;,
        &quot;unAuthorizedProps&quot;: {
          &quot;visible&quot;: false,
          &quot;disabled&quot;: false
        },
        &quot;actionName&quot;: &quot;Find&quot;
      },
      {
        &quot;routePath&quot;: null,
        &quot;iconName&quot;: &quot;find&quot;,
        &quot;controllerName&quot;: &quot;Product&quot;,
        &quot;name&quot;: &quot;Product Find&quot;,
        &quot;displayOrder&quot;: 0,
        &quot;description&quot;: null,
        &quot;id&quot;: &quot;bd420774-1ffd-4fa0-b172-3f04acbb6dfa&quot;,
        &quot;isMenu&quot;: false,
        &quot;key&quot;: &quot;Product.Find&quot;,
        &quot;parentId&quot;: &quot;1858607f-58c2-4c69-8078-f2756c5ca81e&quot;,
        &quot;unAuthorizedProps&quot;: {
          &quot;visible&quot;: false,
          &quot;disabled&quot;: false
        },
        &quot;actionName&quot;: &quot;Find&quot;
      },
      {
        &quot;routePath&quot;: null,
        &quot;iconName&quot;: null,
        &quot;controllerName&quot;: &quot;Employee&quot;,
        &quot;name&quot;: &quot;Employee Edit&quot;,
        &quot;displayOrder&quot;: 0,
        &quot;description&quot;: null,
        &quot;id&quot;: &quot;d9cfda39-3a58-4e03-955d-d7f7fc173dd5&quot;,
        &quot;isMenu&quot;: false,
        &quot;key&quot;: &quot;Employee.Edit&quot;,
        &quot;parentId&quot;: &quot;e4a8e904-698e-4596-92c3-b40206b19179&quot;,
        &quot;unAuthorizedProps&quot;: {
          &quot;visible&quot;: false,
          &quot;disabled&quot;: false
        },
        &quot;actionName&quot;: &quot;Edit&quot;
      },
      {
        &quot;routePath&quot;: null,
        &quot;iconName&quot;: null,
        &quot;controllerName&quot;: &quot;Language&quot;,
        &quot;name&quot;: &quot;Language List&quot;,
        &quot;displayOrder&quot;: 0,
        &quot;description&quot;: null,
        &quot;id&quot;: &quot;2f273f27-d9dd-406e-a4d4-2faac07a3d2d&quot;,
        &quot;isMenu&quot;: false,
        &quot;key&quot;: &quot;Language.List&quot;,
        &quot;parentId&quot;: &quot;7d117917-ff5a-448f-ae1c-71b123ffabc0&quot;,
        &quot;unAuthorizedProps&quot;: {
          &quot;visible&quot;: false,
          &quot;disabled&quot;: false
        },
        &quot;actionName&quot;: &quot;List&quot;
      },
      {
        &quot;routePath&quot;: null,
        &quot;iconName&quot;: null,
        &quot;controllerName&quot;: &quot;ZipCode&quot;,
        &quot;name&quot;: &quot;ZipCode Index&quot;,
        &quot;displayOrder&quot;: 0,
        &quot;description&quot;: null,
        &quot;id&quot;: &quot;8aa34e38-533b-4ab7-bad7-0eaa7b5dec9c&quot;,
        &quot;isMenu&quot;: false,
        &quot;key&quot;: &quot;ZipCode.Index&quot;,
        &quot;parentId&quot;: null,
        &quot;unAuthorizedProps&quot;: {
          &quot;visible&quot;: false,
          &quot;disabled&quot;: false
        },
        &quot;actionName&quot;: &quot;Index&quot;
      },
      {
        &quot;routePath&quot;: null,
        &quot;iconName&quot;: null,
        &quot;controllerName&quot;: &quot;State&quot;,
        &quot;name&quot;: &quot;State Delete&quot;,
        &quot;displayOrder&quot;: 0,
        &quot;description&quot;: null,
        &quot;id&quot;: &quot;701496e5-1817-49e7-9c31-4270a4174942&quot;,
        &quot;isMenu&quot;: false,
        &quot;key&quot;: &quot;State.Delete&quot;,
        &quot;parentId&quot;: &quot;4842baa6-3b5e-40d1-ba2c-aa896962f8a7&quot;,
        &quot;unAuthorizedProps&quot;: {
          &quot;visible&quot;: false,
          &quot;disabled&quot;: false
        },
        &quot;actionName&quot;: &quot;Delete&quot;
      },
      {
        &quot;routePath&quot;: null,
        &quot;iconName&quot;: null,
        &quot;controllerName&quot;: &quot;County&quot;,
        &quot;name&quot;: &quot;County Index&quot;,
        &quot;displayOrder&quot;: 0,
        &quot;description&quot;: null,
        &quot;id&quot;: &quot;28a7ee86-bfd8-408f-97d3-82a96e1cbcc6&quot;,
        &quot;isMenu&quot;: false,
        &quot;key&quot;: &quot;County.Index&quot;,
        &quot;parentId&quot;: null,
        &quot;unAuthorizedProps&quot;: {
          &quot;visible&quot;: false,
          &quot;disabled&quot;: false
        },
        &quot;actionName&quot;: &quot;Index&quot;
      },
      {
        &quot;routePath&quot;: null,
        &quot;iconName&quot;: null,
        &quot;controllerName&quot;: &quot;Rider&quot;,
        &quot;name&quot;: &quot;Rider Delete&quot;,
        &quot;displayOrder&quot;: 0,
        &quot;description&quot;: null,
        &quot;id&quot;: &quot;b6c199d0-e33a-484b-b8c7-8c6a204541da&quot;,
        &quot;isMenu&quot;: false,
        &quot;key&quot;: &quot;Rider.Delete&quot;,
        &quot;parentId&quot;: &quot;1b716d9c-2bf6-4a16-9bd1-2214d14b6cc7&quot;,
        &quot;unAuthorizedProps&quot;: {
          &quot;visible&quot;: false,
          &quot;disabled&quot;: false
        },
        &quot;actionName&quot;: &quot;Delete&quot;
      },
      {
        &quot;routePath&quot;: null,
        &quot;iconName&quot;: null,
        &quot;controllerName&quot;: &quot;SubRegion&quot;,
        &quot;name&quot;: &quot;SubRegion Index&quot;,
        &quot;displayOrder&quot;: 0,
        &quot;description&quot;: null,
        &quot;id&quot;: &quot;5016a026-6957-41ab-8cda-9bd37afe0841&quot;,
        &quot;isMenu&quot;: false,
        &quot;key&quot;: &quot;SubRegion.Index&quot;,
        &quot;parentId&quot;: null,
        &quot;unAuthorizedProps&quot;: {
          &quot;visible&quot;: false,
          &quot;disabled&quot;: false
        },
        &quot;actionName&quot;: &quot;Index&quot;
      },
      {
        &quot;routePath&quot;: null,
        &quot;iconName&quot;: null,
        &quot;controllerName&quot;: &quot;Campaign&quot;,
        &quot;name&quot;: &quot;Campaign Create&quot;,
        &quot;displayOrder&quot;: 0,
        &quot;description&quot;: null,
        &quot;id&quot;: &quot;d165df32-e036-4e90-9f58-fa07296951f4&quot;,
        &quot;isMenu&quot;: false,
        &quot;key&quot;: &quot;Campaign.Create&quot;,
        &quot;parentId&quot;: &quot;fd2f794b-65fb-4da6-9bdb-835c466e4321&quot;,
        &quot;unAuthorizedProps&quot;: {
          &quot;visible&quot;: false,
          &quot;disabled&quot;: false
        },
        &quot;actionName&quot;: &quot;Create&quot;
      },
      {
        &quot;routePath&quot;: null,
        &quot;iconName&quot;: null,
        &quot;controllerName&quot;: &quot;Region&quot;,
        &quot;name&quot;: &quot;Region Create&quot;,
        &quot;displayOrder&quot;: 0,
        &quot;description&quot;: null,
        &quot;id&quot;: &quot;73aaaf9f-f0ae-4082-8b27-087cd854a8ae&quot;,
        &quot;isMenu&quot;: false,
        &quot;key&quot;: &quot;Region.Create&quot;,
        &quot;parentId&quot;: &quot;636ed702-38d2-4f20-967d-54564a31315f&quot;,
        &quot;unAuthorizedProps&quot;: {
          &quot;visible&quot;: false,
          &quot;disabled&quot;: false
        },
        &quot;actionName&quot;: &quot;Create&quot;
      },
      {
        &quot;routePath&quot;: &quot;audit-logs&quot;,
        &quot;iconName&quot;: &quot;auditSVG&quot;,
        &quot;controllerName&quot;: &quot;Audit&quot;,
        &quot;name&quot;: &quot;Audits&quot;,
        &quot;displayOrder&quot;: 999,
        &quot;description&quot;: null,
        &quot;id&quot;: &quot;76070de9-f4f5-4096-aa99-2d2bac586b44&quot;,
        &quot;isMenu&quot;: true,
        &quot;key&quot;: &quot;Audit.Index&quot;,
        &quot;parentId&quot;: null,
        &quot;unAuthorizedProps&quot;: {
          &quot;visible&quot;: false,
          &quot;disabled&quot;: false
        },
        &quot;actionName&quot;: &quot;Index&quot;
      },
      {
        &quot;routePath&quot;: null,
        &quot;iconName&quot;: null,
        &quot;controllerName&quot;: &quot;Order&quot;,
        &quot;name&quot;: &quot;Order PartialRefund&quot;,
        &quot;displayOrder&quot;: 0,
        &quot;description&quot;: null,
        &quot;id&quot;: &quot;5a118c25-8cae-40b6-9728-4542683e02e7&quot;,
        &quot;isMenu&quot;: false,
        &quot;key&quot;: &quot;Order.PartialRefund&quot;,
        &quot;parentId&quot;: &quot;872b9f8c-c48d-dfeb-de32-1be0c3c38dbb&quot;,
        &quot;unAuthorizedProps&quot;: {
          &quot;visible&quot;: false,
          &quot;disabled&quot;: false
        },
        &quot;actionName&quot;: &quot;PartialRefund&quot;
      },
      {
        &quot;routePath&quot;: null,
        &quot;iconName&quot;: null,
        &quot;controllerName&quot;: &quot;Permission&quot;,
        &quot;name&quot;: &quot;Permission List&quot;,
        &quot;displayOrder&quot;: 0,
        &quot;description&quot;: null,
        &quot;id&quot;: &quot;efde75e6-f926-47b4-8fc7-a190415c9625&quot;,
        &quot;isMenu&quot;: false,
        &quot;key&quot;: &quot;Permission.List&quot;,
        &quot;parentId&quot;: &quot;213aad81-551b-49f7-9d15-f11f5b9e7e88&quot;,
        &quot;unAuthorizedProps&quot;: {
          &quot;visible&quot;: false,
          &quot;disabled&quot;: false
        },
        &quot;actionName&quot;: &quot;List&quot;
      },
      {
        &quot;routePath&quot;: null,
        &quot;iconName&quot;: null,
        &quot;controllerName&quot;: &quot;Order&quot;,
        &quot;name&quot;: &quot;Order ListForFilterByActiveOrders&quot;,
        &quot;displayOrder&quot;: 0,
        &quot;description&quot;: null,
        &quot;id&quot;: &quot;5b6e6765-324b-4573-9918-6495fb653c36&quot;,
        &quot;isMenu&quot;: false,
        &quot;key&quot;: &quot;Order.ListForFilterByActiveOrders&quot;,
        &quot;parentId&quot;: &quot;872b9f8c-c48d-dfeb-de32-1be0c3c38dbb&quot;,
        &quot;unAuthorizedProps&quot;: {
          &quot;visible&quot;: false,
          &quot;disabled&quot;: false
        },
        &quot;actionName&quot;: &quot;ListForFilterByActiveOrders&quot;
      },
      {
        &quot;routePath&quot;: null,
        &quot;iconName&quot;: &quot;ChangeStatusToCompleted&quot;,
        &quot;controllerName&quot;: &quot;Order&quot;,
        &quot;name&quot;: &quot;Order ChangeStatusToCompleted&quot;,
        &quot;displayOrder&quot;: 0,
        &quot;description&quot;: null,
        &quot;id&quot;: &quot;c0d476ba-4306-46e1-b6b4-4c9e459a7724&quot;,
        &quot;isMenu&quot;: false,
        &quot;key&quot;: &quot;Order.ChangeStatusToCompleted&quot;,
        &quot;parentId&quot;: &quot;872b9f8c-c48d-dfeb-de32-1be0c3c38dbb&quot;,
        &quot;unAuthorizedProps&quot;: {
          &quot;visible&quot;: false,
          &quot;disabled&quot;: false
        },
        &quot;actionName&quot;: &quot;ChangeStatusToCompleted&quot;
      },
      {
        &quot;routePath&quot;: &quot;dashboards&quot;,
        &quot;iconName&quot;: &quot;dashboardSVG&quot;,
        &quot;controllerName&quot;: &quot;Dashboard&quot;,
        &quot;name&quot;: &quot;Analytics&quot;,
        &quot;displayOrder&quot;: 400,
        &quot;description&quot;: &quot;Analytics&quot;,
        &quot;id&quot;: &quot;05f03ef2-ee9e-466b-b024-cfa79802f9ae&quot;,
        &quot;isMenu&quot;: false,
        &quot;key&quot;: &quot;Dashboard.List&quot;,
        &quot;parentId&quot;: null,
        &quot;unAuthorizedProps&quot;: {
          &quot;visible&quot;: false,
          &quot;disabled&quot;: false
        },
        &quot;actionName&quot;: &quot;List&quot;
      },
      {
        &quot;routePath&quot;: null,
        &quot;iconName&quot;: null,
        &quot;controllerName&quot;: &quot;Warehouse&quot;,
        &quot;name&quot;: &quot;Warehouse EditWarehouseStatus&quot;,
        &quot;displayOrder&quot;: 0,
        &quot;description&quot;: null,
        &quot;id&quot;: &quot;ceb79cf6-b1a8-468b-8b15-e73bb6c3ffe9&quot;,
        &quot;isMenu&quot;: false,
        &quot;key&quot;: &quot;Warehouse.EditWarehouseStatus&quot;,
        &quot;parentId&quot;: &quot;7a99d565-0e98-95af-19bd-814011ea2417&quot;,
        &quot;unAuthorizedProps&quot;: {
          &quot;visible&quot;: false,
          &quot;disabled&quot;: false
        },
        &quot;actionName&quot;: &quot;EditWarehouseStatus&quot;
      },
      {
        &quot;routePath&quot;: null,
        &quot;iconName&quot;: null,
        &quot;controllerName&quot;: &quot;Order&quot;,
        &quot;name&quot;: &quot;Order Delete&quot;,
        &quot;displayOrder&quot;: 0,
        &quot;description&quot;: null,
        &quot;id&quot;: &quot;e7fae6f1-e5f5-48e4-ab32-c61d6457b738&quot;,
        &quot;isMenu&quot;: false,
        &quot;key&quot;: &quot;Order.Delete&quot;,
        &quot;parentId&quot;: &quot;872b9f8c-c48d-dfeb-de32-1be0c3c38dbb&quot;,
        &quot;unAuthorizedProps&quot;: {
          &quot;visible&quot;: false,
          &quot;disabled&quot;: false
        },
        &quot;actionName&quot;: &quot;Delete&quot;
      },
      {
        &quot;routePath&quot;: null,
        &quot;iconName&quot;: &quot;RemoteSearchForCouponCode&quot;,
        &quot;controllerName&quot;: &quot;CouponCode&quot;,
        &quot;name&quot;: &quot;CouponCode RemoteSearchForCouponCode&quot;,
        &quot;displayOrder&quot;: 0,
        &quot;description&quot;: null,
        &quot;id&quot;: &quot;14ed0b92-dcc7-4309-aef9-522eec12fc08&quot;,
        &quot;isMenu&quot;: false,
        &quot;key&quot;: &quot;CouponCode.RemoteSearchForCouponCode&quot;,
        &quot;parentId&quot;: null,
        &quot;unAuthorizedProps&quot;: {
          &quot;visible&quot;: false,
          &quot;disabled&quot;: false
        },
        &quot;actionName&quot;: &quot;RemoteSearchForCouponCode&quot;
      },
      {
        &quot;routePath&quot;: null,
        &quot;iconName&quot;: null,
        &quot;controllerName&quot;: &quot;LocaleResource&quot;,
        &quot;name&quot;: &quot;LocaleResource List&quot;,
        &quot;displayOrder&quot;: 0,
        &quot;description&quot;: null,
        &quot;id&quot;: &quot;1f97b83f-e4aa-4e06-b490-eca7a7c7c5ef&quot;,
        &quot;isMenu&quot;: false,
        &quot;key&quot;: &quot;LocaleResource.List&quot;,
        &quot;parentId&quot;: &quot;4c1a6c0d-765c-444a-b7c8-49e99f61d47b&quot;,
        &quot;unAuthorizedProps&quot;: {
          &quot;visible&quot;: false,
          &quot;disabled&quot;: false
        },
        &quot;actionName&quot;: &quot;List&quot;
      },
      {
        &quot;routePath&quot;: &quot;roles&quot;,
        &quot;iconName&quot;: &quot;RolesSVG&quot;,
        &quot;controllerName&quot;: &quot;Role&quot;,
        &quot;name&quot;: &quot;Roles&quot;,
        &quot;displayOrder&quot;: 650,
        &quot;description&quot;: null,
        &quot;id&quot;: &quot;e98d2f21-52f8-41cb-9b3f-fe979b5f0578&quot;,
        &quot;isMenu&quot;: true,
        &quot;key&quot;: &quot;Role.Index&quot;,
        &quot;parentId&quot;: &quot;8b04f24a-f777-5455-9d4b-5d32257d3d62&quot;,
        &quot;unAuthorizedProps&quot;: {
          &quot;visible&quot;: false,
          &quot;disabled&quot;: false
        },
        &quot;actionName&quot;: &quot;Index&quot;
      },
      {
        &quot;routePath&quot;: null,
        &quot;iconName&quot;: null,
        &quot;controllerName&quot;: &quot;SubRegion&quot;,
        &quot;name&quot;: &quot;SubRegion Delete&quot;,
        &quot;displayOrder&quot;: 0,
        &quot;description&quot;: null,
        &quot;id&quot;: &quot;df7da069-b35d-4179-a5dc-8f61beab4226&quot;,
        &quot;isMenu&quot;: false,
        &quot;key&quot;: &quot;SubRegion.Delete&quot;,
        &quot;parentId&quot;: &quot;5016a026-6957-41ab-8cda-9bd37afe0841&quot;,
        &quot;unAuthorizedProps&quot;: {
          &quot;visible&quot;: false,
          &quot;disabled&quot;: false
        },
        &quot;actionName&quot;: &quot;Delete&quot;
      },
      {
        &quot;routePath&quot;: null,
        &quot;iconName&quot;: &quot;UploadProductMedia&quot;,
        &quot;controllerName&quot;: &quot;ProductMedia&quot;,
        &quot;name&quot;: &quot;ProductMedia UploadProductMedia&quot;,
        &quot;displayOrder&quot;: 0,
        &quot;description&quot;: null,
        &quot;id&quot;: &quot;f214be5c-985b-4aaa-aa42-d49e789d5ca6&quot;,
        &quot;isMenu&quot;: false,
        &quot;key&quot;: &quot;ProductMedia.UploadProductMedia&quot;,
        &quot;parentId&quot;: &quot;1858607f-58c2-4c69-8078-f2756c5ca81e&quot;,
        &quot;unAuthorizedProps&quot;: {
          &quot;visible&quot;: false,
          &quot;disabled&quot;: false
        },
        &quot;actionName&quot;: &quot;UploadProductMedia&quot;
      },
      {
        &quot;routePath&quot;: null,
        &quot;iconName&quot;: null,
        &quot;controllerName&quot;: &quot;Order&quot;,
        &quot;name&quot;: &quot;order ListForFilter&quot;,
        &quot;displayOrder&quot;: 0,
        &quot;description&quot;: null,
        &quot;id&quot;: &quot;f12e049a-8719-46d1-9507-00d1671d7c6d&quot;,
        &quot;isMenu&quot;: false,
        &quot;key&quot;: &quot;Order.ListForFilter&quot;,
        &quot;parentId&quot;: &quot;872b9f8c-c48d-dfeb-de32-1be0c3c38dbb&quot;,
        &quot;unAuthorizedProps&quot;: {
          &quot;visible&quot;: false,
          &quot;disabled&quot;: false
        },
        &quot;actionName&quot;: &quot;ListForFilter&quot;
      },
      {
        &quot;routePath&quot;: null,
        &quot;iconName&quot;: null,
        &quot;controllerName&quot;: &quot;CouponCode&quot;,
        &quot;name&quot;: &quot;CouponCode&quot;,
        &quot;displayOrder&quot;: 0,
        &quot;description&quot;: null,
        &quot;id&quot;: &quot;d2f7e3bf-712f-4991-994f-0f3e5e6cda1b&quot;,
        &quot;isMenu&quot;: false,
        &quot;key&quot;: &quot;CouponCode.FindByCode&quot;,
        &quot;parentId&quot;: &quot;5aaef586-e311-4265-a241-6eb9758d6541&quot;,
        &quot;unAuthorizedProps&quot;: {
          &quot;visible&quot;: false,
          &quot;disabled&quot;: false
        },
        &quot;actionName&quot;: &quot;FindByCode&quot;
      }
    ],
    &quot;imageUrl&quot;: null,
    &quot;phoneCountryId&quot;: &quot;f83c326d-cbf4-47cf-b592-f3f638a5a958&quot;,
    &quot;email&quot;: &quot;busra@popcornvan.com&quot;
  },
  &quot;refreshToken&quot;: &quot;cMs3hE/M+RHADP1AKUiJAr6SsKzNcu+81HrtSeV4xbaIPAvoyNfkw1jOA6Y=&quot;
}
 
17:44:10.846 [pool-1-thread-3] INFO  com.intuit.karate - Environment variable is : popcorn 
17:44:10.857 [pool-1-thread-4] INFO  com.intuit.karate - [print] employee list search with phone number response --&gt;  {
  &quot;page&quot;: {
    &quot;pageNumber&quot;: 0,
    &quot;pageSize&quot;: 0,
    &quot;hasNext&quot;: false,
    &quot;totalCount&quot;: 1
  },
  &quot;items&quot;: [
    {
      &quot;lastName&quot;: &quot;je6vsel&quot;,
      &quot;imagePath&quot;: null,
      &quot;roles&quot;: [
        {
          &quot;name&quot;: &quot;Super Admin&quot;,
          &quot;displayOrder&quot;: 0,
          &quot;description&quot;: null,
          &quot;colorCode&quot;: null,
          &quot;id&quot;: &quot;4f1058c6-0985-4139-8302-b50df344c339&quot;
        }
      ],
      &quot;orderCount&quot;: 0,
      &quot;fullName&quot;: &quot;je6vsel je6vsel&quot;,
      &quot;title&quot;: &quot;je6vsel&quot;,
      &quot;firstName&quot;: &quot;je6vsel&quot;,
      &quot;createdAt&quot;: &quot;2022-01-17T14:44:09.847Z&quot;,
      &quot;phoneNumber&quot;: null,
      &quot;roleIds&quot;: [
        &quot;4f1058c6-0985-4139-8302-b50df344c339&quot;
      ],
      &quot;imageUrl&quot;: null,
      &quot;statusText&quot;: &quot;Passive&quot;,
      &quot;statusName&quot;: &quot;be.user.enums.userstatus.passive&quot;,
      &quot;phoneCountryId&quot;: &quot;00000000-0000-0000-0000-000000000000&quot;,
      &quot;id&quot;: &quot;e293a36e-01f3-408f-a20c-afe965c8774c&quot;,
      &quot;email&quot;: &quot;ryubn91@grr.la&quot;,
      &quot;status&quot;: 0,
      &quot;updatedAt&quot;: &quot;2022-01-17T14:44:09.847Z&quot;
    }
  ]
}
 
17:44:10.869 [pool-1-thread-4] INFO  com.intuit.karate - Environment variable is : popcorn 
17:44:11.011 [pool-1-thread-5] INFO  com.intuit.karate - [print] employee login with wrong scenario response --&gt; {
  &quot;visible&quot;: true,
  &quot;action&quot;: &quot;default&quot;,
  &quot;messages&quot;: [
    &quot;UnAuthorized&quot;
  ],
  &quot;type&quot;: &quot;authorization&quot;,
  &quot;title&quot;: null,
  &quot;message&quot;: &quot;UnAuthorized&quot;,
  &quot;typeCode&quot;: 401
}
 
17:44:11.013 [pool-1-thread-5] INFO  com.intuit.karate - Environment variable is : popcorn 
17:44:11.034 [pool-1-thread-1] INFO  com.intuit.karate - [print] employee login with wrong scenario response --&gt; {
  &quot;visible&quot;: true,
  &quot;action&quot;: &quot;default&quot;,
  &quot;messages&quot;: [
    &quot;UnAuthorized&quot;
  ],
  &quot;type&quot;: &quot;authorization&quot;,
  &quot;title&quot;: null,
  &quot;message&quot;: &quot;UnAuthorized&quot;,
  &quot;typeCode&quot;: 401
}
 
17:44:11.038 [pool-1-thread-1] INFO  com.intuit.karate - Environment variable is : popcorn 
17:44:11.333 [pool-1-thread-2] INFO  com.intuit.karate - [print] employee list search with full name response --&gt;  {
  &quot;page&quot;: {
    &quot;pageNumber&quot;: 0,
    &quot;pageSize&quot;: 0,
    &quot;hasNext&quot;: false,
    &quot;totalCount&quot;: 1
  },
  &quot;items&quot;: [
    {
      &quot;lastName&quot;: &quot;obxjzt7&quot;,
      &quot;imagePath&quot;: null,
      &quot;roles&quot;: [
        {
          &quot;name&quot;: &quot;Super Admin&quot;,
          &quot;displayOrder&quot;: 0,
          &quot;description&quot;: null,
          &quot;colorCode&quot;: null,
          &quot;id&quot;: &quot;4f1058c6-0985-4139-8302-b50df344c339&quot;
        }
      ],
      &quot;orderCount&quot;: 0,
      &quot;fullName&quot;: &quot;obxjzt7 obxjzt7&quot;,
      &quot;title&quot;: &quot;obxjzt7&quot;,
      &quot;firstName&quot;: &quot;obxjzt7&quot;,
      &quot;createdAt&quot;: &quot;2022-01-17T14:44:10.371Z&quot;,
      &quot;phoneNumber&quot;: null,
      &quot;roleIds&quot;: [
        &quot;4f1058c6-0985-4139-8302-b50df344c339&quot;
      ],
      &quot;imageUrl&quot;: null,
      &quot;statusText&quot;: &quot;Passive&quot;,
      &quot;statusName&quot;: &quot;be.user.enums.userstatus.passive&quot;,
      &quot;phoneCountryId&quot;: &quot;00000000-0000-0000-0000-000000000000&quot;,
      &quot;id&quot;: &quot;51b04135-d65c-4e6c-b72c-3ae502d33655&quot;,
      &quot;email&quot;: &quot;3mxbtnz@grr.la&quot;,
      &quot;status&quot;: 0,
      &quot;updatedAt&quot;: &quot;2022-01-17T14:44:10.371Z&quot;
    }
  ]
}
 
17:44:11.393 [pool-1-thread-3] INFO  com.intuit.karate - [print] employee login with wrong scenario response --&gt; {
  &quot;visible&quot;: true,
  &quot;action&quot;: &quot;default&quot;,
  &quot;messages&quot;: [
    &quot;UnAuthorized&quot;
  ],
  &quot;type&quot;: &quot;authorization&quot;,
  &quot;title&quot;: null,
  &quot;message&quot;: &quot;UnAuthorized&quot;,
  &quot;typeCode&quot;: 401
}
 
---------------------------------------------------------
feature: classpath:features/userApi/employee/employee_list.feature
scenarios:  7 | passed:  7 | failed:  0 | time: 9.8625
---------------------------------------------------------

17:44:11.518 [pool-2-thread-1] INFO  com.intuit.karate.Suite - &lt;&lt;pass&gt;&gt; feature 30 of 31 (1 remaining) classpath:features/userApi/employee/employee_list.feature
17:44:11.532 [pool-1-thread-5] INFO  com.intuit.karate - [print] employee login with wrong scenario response --&gt; {
  &quot;visible&quot;: true,
  &quot;action&quot;: &quot;default&quot;,
  &quot;messages&quot;: [
    &quot;UnAuthorized&quot;
  ],
  &quot;type&quot;: &quot;authorization&quot;,
  &quot;title&quot;: null,
  &quot;message&quot;: &quot;UnAuthorized&quot;,
  &quot;typeCode&quot;: 401
}
 
17:44:11.694 [pool-1-thread-1] INFO  com.intuit.karate - [print] employee login with wrong scenario response --&gt; {
  &quot;visible&quot;: true,
  &quot;action&quot;: &quot;default&quot;,
  &quot;messages&quot;: [
    &quot;UnAuthorized&quot;
  ],
  &quot;type&quot;: &quot;authorization&quot;,
  &quot;title&quot;: null,
  &quot;message&quot;: &quot;UnAuthorized&quot;,
  &quot;typeCode&quot;: 401
}
 
17:44:11.880 [pool-1-thread-4] INFO  com.intuit.karate - [print] employee login with wrong scenario response --&gt; {
  &quot;visible&quot;: true,
  &quot;action&quot;: &quot;default&quot;,
  &quot;messages&quot;: [
    &quot;UnAuthorized&quot;
  ],
  &quot;type&quot;: &quot;authorization&quot;,
  &quot;title&quot;: null,
  &quot;message&quot;: &quot;UnAuthorized&quot;,
  &quot;typeCode&quot;: 401
}
 
---------------------------------------------------------
feature: classpath:features/userApi/employee/employee_login.feature
scenarios:  7 | passed:  7 | failed:  0 | time: 4.8255
---------------------------------------------------------

17:44:12.011 [pool-2-thread-1] INFO  com.intuit.karate.Suite - &lt;&lt;pass&gt;&gt; feature 31 of 31 (0 remaining) classpath:features/userApi/employee/employee_login.feature
Karate version: 1.0.1
======================================================
elapsed:  42.24 | threads:    5 | thread time: 185.27 
features:    31 | skipped:    0 | efficiency: 0.88
scenarios:  130 | passed:   128 | failed: 2
======================================================
&gt;&gt;&gt; failed features:
match failed: CONTAINS
  $ | actual does not contain expected (STRING:STRING)
  &apos;Please fill the required fields.&apos;
  &apos;be.user.required&apos;

classpath:features/basketApi/customer_address_create.feature:72
status code was: 400, expected: 203, response time in milliseconds: 758, url: https://testapi.popcornvan.cloud/user/Customer/LoginWithPhone, response: 
{&quot;validations&quot;:{&quot;phoneNumber&quot;:[&quot;This user does not exist. Please Sign up.&quot;]},&quot;typeCode&quot;:400,&quot;type&quot;:&quot;validation&quot;,&quot;action&quot;:&quot;default&quot;,&quot;visible&quot;:true,&quot;title&quot;:null,&quot;messages&quot;:[&quot;This user does not exist. Please Sign up.&quot;],&quot;message&quot;:&quot;This user does not exist. Please Sign up.&quot;}
classpath:features/userApi/customer/customer_login_with_phone.feature:26
&lt;&lt;&lt;

HTML report: (paste into browser to view) | Karate version: 1.0.1
file:///Users/busraozdemir/Documents/popcornApiAutomation/target/karate-reports/karate-summary.html
===================================================================

</system-out>
    <system-err>ERROR StatusLogger No log4j2 configuration file found. Using default configuration: logging only errors to the console.
</system-err>
  </testcase>
</testsuite>